#
# A fatal error has been detected by the Java Runtime Environment:
#
#  EXCEPTION_ACCESS_VIOLATION (0xc0000005) at pc=0x00007ffbe5346ab7, pid=21128, tid=27040
#
# JRE version: OpenJDK Runtime Environment (20.0.1+9) (build 20.0.1+9-29)
# Java VM: OpenJDK 64-Bit Server VM (20.0.1+9-29, mixed mode, sharing, tiered, compressed oops, compressed class ptrs, g1 gc, windows-amd64)
# Problematic frame:
# C  [glass.dll+0x26ab7]
#
# No core dump will be written. Minidumps are not enabled by default on client versions of Windows
#
# If you would like to submit a bug report, please visit:
#   https://bugreport.java.com/bugreport/crash.jsp
#

---------------  S U M M A R Y ------------

Command Line: -javaagent:C:\Program Files\JetBrains\IntelliJ IDEA 2022.3.3\lib\idea_rt.jar=65415:C:\Program Files\JetBrains\IntelliJ IDEA 2022.3.3\bin -Dfile.encoding=UTF-8 -Dsun.stdout.encoding=UTF-8 -Dsun.stderr.encoding=UTF-8 --module-path=C:\Users\shara\.m2\repository\org\openjfx\javafx-graphics\17.0.2\javafx-graphics-17.0.2-win.jar;C:\Users\shara\.m2\repository\org\openjfx\javafx-base\17.0.2\javafx-base-17.0.2-win.jar;C:\Users\shara\.m2\repository\org\openjfx\javafx-controls\17.0.2\javafx-controls-17.0.2-win.jar;C:\Users\shara\.m2\repository\org\openjfx\javafx-fxml\17.0.2\javafx-fxml-17.0.2-win.jar;C:\Users\shara\IdeaProjects\Demo\target\classes -Djdk.module.main=sample.demo sample.demo/sample.demo.HelloApplication

Host: Intel(R) Core(TM) i7-8565U CPU @ 1.80GHz, 8 cores, 15G,  Windows 10 , 64 bit Build 19041 (10.0.19041.2788)
Time: Thu Jun  8 16:17:14 2023 Russia TZ 2 Standard Time elapsed time: 141.835109 seconds (0d 0h 2m 21s)

---------------  T H R E A D  ---------------

Current thread (0x0000018bec131fd0):  VMThread "VM Thread" [stack: 0x0000002559f00000,0x000000255a000000] [id=27040]

Stack: [0x0000002559f00000,0x000000255a000000],  sp=0x0000002559ffeec0,  free space=1019k
Native frames: (J=compiled Java code, j=interpreted, Vv=VM code, C=native code)
C  [glass.dll+0x26ab7]


siginfo: EXCEPTION_ACCESS_VIOLATION (0xc0000005), reading address 0x0000000000000000


Registers:
RAX=0x0000000000000000, RBX=0x0000018bec1363e8, RCX=0x0000018bec131fd0, RDX=0x0000002559ffeec0
RSP=0x0000002559ffeec0, RBP=0x0000018bf16d5208, RSI=0x0000018bf16d51e0, RDI=0x000079bb2f3273ef
R8 =0x0000000000010002, R9 =0x000079bb2f3273ef, R10=0x0000000000008000, R11=0x0000002559ffee50
R12=0x00007ffbe5344384, R13=0x00007ffb6aa6ea90, R14=0x0000002559ffefb8, R15=0x0000018bf16d51e0
RIP=0x00007ffbe5346ab7, EFLAGS=0x0000000000010206


Register to memory mapping:

RIP=0x00007ffbe5346ab7 glass.dll
RAX=0x0 is NULL
RBX=0x0000018bec1363e8 is a global jni handle
RCX=0x0000018bec131fd0 points into unknown readable memory: 0x00007ffb6a897080 | 80 70 89 6a fb 7f 00 00
RDX=0x0000002559ffeec0 points into unknown readable memory: 0x0000000000000000 | 00 00 00 00 00 00 00 00
RSP=0x0000002559ffeec0 points into unknown readable memory: 0x0000000000000000 | 00 00 00 00 00 00 00 00
RBP=0x0000018bf16d5208 points into unknown readable memory: 0x000079bb2f3273ef | ef 73 32 2f bb 79 00 00
RSI=0x0000018bf16d51e0 points into unknown readable memory: 0x1f4e79bb10cf8175 | 75 81 cf 10 bb 79 4e 1f
RDI=0x000079bb2f3273ef is an unknown value
R8 =0x0000000000010002 is an unknown value
R9 =0x000079bb2f3273ef is an unknown value
R10=0x0000000000008000 is an unknown value
R11=0x0000002559ffee50 points into unknown readable memory: 0x0000018bf16d51e0 | e0 51 6d f1 8b 01 00 00
R12=0x00007ffbe5344384 glass.dll
R13=0x00007ffb6aa6ea90 jvm.dll
R14=0x0000002559ffefb8 points into unknown readable memory: 0x0000002559ffefa0 | a0 ef ff 59 25 00 00 00
R15=0x0000018bf16d51e0 points into unknown readable memory: 0x1f4e79bb10cf8175 | 75 81 cf 10 bb 79 4e 1f


Top of Stack: (sp=0x0000002559ffeec0)
0x0000002559ffeec0:   0000000000000000 0000018bf16d51e0
0x0000002559ffeed0:   00007ffb6aa6ea90 00007ffbe5344384
0x0000002559ffeee0:   0000018bf16d51e8 00007ffc182b42d6
0x0000002559ffeef0:   000079bb2f3273ef 0000018b00000000
0x0000002559ffef00:   0000018bf16d5208 0000018bf16d51e0
0x0000002559ffef10:   fffffffffffffffe 0000000000000000
0x0000002559ffef20:   0000000000000001 00007ffbe5320000
0x0000002559ffef30:   0000002559ffefa8 00007ffc182b41fb
0x0000002559ffef40:   0000000000000000 0000002559ffefb8
0x0000002559ffef50:   0000002559fff280 00007ffc18390e40
0x0000002559ffef60:   0000000000000001 00007ffc182b41b4
0x0000002559ffef70:   0000000000000000 0000000000000001
0x0000002559ffef80:   00007ffb00000001 0000002559ffefa8
0x0000002559ffef90:   0000000000000000 00007ffbe5344211
0x0000002559ffefa0:   00007ffbe535a138 00007ffc00000002
0x0000002559ffefb0:   0000000000000002 0000002559ffefa0
0x0000002559ffefc0:   0000000000000000 00007ffc1a389993
0x0000002559ffefd0:   0000000000000000 00007ffbe5344336
0x0000002559ffefe0:   0000000000000001 0000000000000000
0x0000002559ffeff0:   0000000000000000 0000000000000001
0x0000002559fff000:   0000000000000000 0000000000000000
0x0000002559fff010:   0000000000000001 00003ba9ae2292ed
0x0000002559fff020:   00007ffbe5320000 000000007ffe0384
0x0000002559fff030:   0000000000000000 00007ffc1a389a1d
0x0000002559fff040:   00007ffbe5320000 0000000000000000
0x0000002559fff050:   0000000000000001 000000007ffe0385
0x0000002559fff060:   0000000002360fb8 0000002559fff280
0x0000002559fff070:   00003ba900000000 0000000000000014
0x0000002559fff080:   0000000000000000 00007ffbe5344384
0x0000002559fff090:   00000000000003d8 0000018bf191d550
0x0000002559fff0a0:   0000018bec124900 00007ffc1a3cdcec
0x0000002559fff0b0:   0000018bf191dfe0 00007ffbe5320000 

Instructions: (pc=0x00007ffbe5346ab7)
0x00007ffbe53469b7:   8b 4d 58 e8 01 cf ff ff 48 8b 4d 60 e8 f8 ce ff
0x00007ffbe53469c7:   ff 48 8b 95 80 00 00 00 48 8b 8d 18 01 00 00 e8
0x00007ffbe53469d7:   c6 c3 ff ff 33 d2 33 c9 e8 3c e1 ff ff 90 48 89
0x00007ffbe53469e7:   54 24 10 55 48 83 ec 20 48 8b ea 48 b8 00 00 00
0x00007ffbe53469f7:   00 00 00 00 00 48 83 c4 20 5d c3 cc 40 55 48 8b
0x00007ffbe5346a07:   ea 48 8b 01 33 c9 81 38 05 00 00 c0 0f 94 c1 8b
0x00007ffbe5346a17:   c1 5d c3 cc 40 55 48 83 ec 20 48 8b ea 8a 4d 40
0x00007ffbe5346a27:   48 83 c4 20 5d e9 f7 d2 ff ff cc 40 55 48 83 ec
0x00007ffbe5346a37:   20 48 8b ea 8a 4d 20 e8 e5 d2 ff ff 90 48 83 c4
0x00007ffbe5346a47:   20 5d c3 cc 40 55 48 83 ec 20 48 8b ea 48 83 c4
0x00007ffbe5346a57:   20 5d e9 46 d1 ff ff cc 40 55 48 83 ec 30 48 8b
0x00007ffbe5346a67:   ea 48 8b 01 8b 10 48 89 4c 24 28 89 54 24 20 4c
0x00007ffbe5346a77:   8d 0d e7 d5 ff ff 4c 8b 45 70 8b 55 68 48 8b 4d
0x00007ffbe5346a87:   60 e8 87 d0 ff ff 90 48 83 c4 30 5d c3 cc cc cc
0x00007ffbe5346a97:   cc cc cc cc cc cc cc cc cc 40 53 48 83 ec 20 48
0x00007ffbe5346aa7:   8b 1d 83 30 01 00 48 85 db 74 16 e8 09 8b ff ff
0x00007ffbe5346ab7:   4c 8b 00 48 8b d3 48 8b c8 41 ff 90 b0 00 00 00
0x00007ffbe5346ac7:   90 48 83 c4 20 5b c3 cc cc 40 53 48 83 ec 20 48
0x00007ffbe5346ad7:   8b 1d fb 31 01 00 48 85 db 74 57 b8 ff ff ff ff
0x00007ffbe5346ae7:   f0 0f c1 43 10 83 f8 01 75 3d 48 85 db 74 38 48
0x00007ffbe5346af7:   8b 0b 48 85 c9 74 0d ff 15 a4 07 00 00 48 c7 03
0x00007ffbe5346b07:   00 00 00 00 48 8b 4b 08 48 85 c9 74 0d e8 a7 cd
0x00007ffbe5346b17:   ff ff 48 c7 43 08 00 00 00 00 ba 18 00 00 00 48
0x00007ffbe5346b27:   8b cb e8 92 cd ff ff 48 c7 05 9f 31 01 00 00 00
0x00007ffbe5346b37:   00 00 48 83 c4 20 5b c3 cc 40 53 48 83 ec 20 48
0x00007ffbe5346b47:   8b 1d 6b 31 01 00 48 85 db 74 57 b8 ff ff ff ff
0x00007ffbe5346b57:   f0 0f c1 43 10 83 f8 01 75 3d 48 85 db 74 38 48
0x00007ffbe5346b67:   8b 0b 48 85 c9 74 0d ff 15 34 07 00 00 48 c7 03
0x00007ffbe5346b77:   00 00 00 00 48 8b 4b 08 48 85 c9 74 0d e8 37 cd
0x00007ffbe5346b87:   ff ff 48 c7 43 08 00 00 00 00 ba 18 00 00 00 48
0x00007ffbe5346b97:   8b cb e8 22 cd ff ff 48 c7 05 0f 31 01 00 00 00
0x00007ffbe5346ba7:   00 00 48 83 c4 20 5b c3 cc 40 53 48 83 ec 20 48 


Stack slot to memory mapping:
stack at sp + 0 slots: 0x0 is NULL
stack at sp + 1 slots: 0x0000018bf16d51e0 points into unknown readable memory: 0x1f4e79bb10cf8175 | 75 81 cf 10 bb 79 4e 1f
stack at sp + 2 slots: 0x00007ffb6aa6ea90 jvm.dll
stack at sp + 3 slots: 0x00007ffbe5344384 glass.dll
stack at sp + 4 slots: 0x0000018bf16d51e8 points into unknown readable memory: 0x000079bb2f3273ef | ef 73 32 2f bb 79 00 00
stack at sp + 5 slots: 0x00007ffc182b42d6 ucrtbase.dll
stack at sp + 6 slots: 0x000079bb2f3273ef is an unknown value
stack at sp + 7 slots: 0x0000018b00000000 is an unknown value

VM_Operation (0x000000255aaff280): Exit, mode: safepoint, requested by thread 0x0000018bf1bbfcf0


---------------  P R O C E S S  ---------------

Threads class SMR info:
_java_thread_list=0x0000018bf14c6900, length=21, elements={
0x0000018bcac2bd60, 0x0000018bec14eb00, 0x0000018bec14faa0, 0x0000018bec156320,
0x0000018bec157000, 0x0000018bec15aa60, 0x0000018bec15fd20, 0x0000018bec1632f0,
0x0000018bec16d880, 0x0000018bf04c6670, 0x0000018bf079ad20, 0x0000018bf10ebb60,
0x0000018bf13bad80, 0x0000018bf1527990, 0x0000018bf0bc8870, 0x0000018bf0fa32e0,
0x0000018bf0fa6010, 0x0000018bf1bbf250, 0x0000018bf1bc1780, 0x0000018bf1bc2220,
0x0000018bf1bbfcf0
}

Java Threads: ( => current thread )
  0x0000018bcac2bd60 JavaThread "main" [_thread_blocked, id=27368, stack(0x0000002559900000,0x0000002559a00000)]
  0x0000018bec14eb00 JavaThread "Reference Handler" daemon [_thread_blocked, id=32288, stack(0x000000255a000000,0x000000255a100000)]
  0x0000018bec14faa0 JavaThread "Finalizer" daemon [_thread_blocked, id=11220, stack(0x000000255a100000,0x000000255a200000)]
  0x0000018bec156320 JavaThread "Signal Dispatcher" daemon [_thread_blocked, id=27856, stack(0x000000255a200000,0x000000255a300000)]
  0x0000018bec157000 JavaThread "Attach Listener" daemon [_thread_blocked, id=628, stack(0x000000255a300000,0x000000255a400000)]
  0x0000018bec15aa60 JavaThread "Service Thread" daemon [_thread_blocked, id=5388, stack(0x000000255a400000,0x000000255a500000)]
  0x0000018bec15fd20 JavaThread "Monitor Deflation Thread" daemon [_thread_blocked, id=20564, stack(0x000000255a500000,0x000000255a600000)]
  0x0000018bec1632f0 JavaThread "C2 CompilerThread0" daemon [_thread_blocked, id=23724, stack(0x000000255a600000,0x000000255a700000)]
  0x0000018bec16d880 JavaThread "C1 CompilerThread0" daemon [_thread_blocked, id=19644, stack(0x000000255a700000,0x000000255a800000)]
  0x0000018bf04c6670 JavaThread "Common-Cleaner" daemon [_thread_blocked, id=26404, stack(0x000000255a800000,0x000000255a900000)]
  0x0000018bf079ad20 JavaThread "Monitor Ctrl-Break" daemon [_thread_in_native, id=10920, stack(0x000000255ab00000,0x000000255ac00000)]
  0x0000018bf10ebb60 JavaThread "Notification Thread" daemon [_thread_blocked, id=27532, stack(0x000000255ac00000,0x000000255ad00000)]
  0x0000018bf13bad80 JavaThread "QuantumRenderer-0" daemon [_thread_blocked, id=19244, stack(0x000000255ae00000,0x000000255af00000)]
  0x0000018bf1527990 JavaThread "InvokeLaterDispatcher" daemon [_thread_blocked, id=21068, stack(0x000000255af00000,0x000000255b000000)]
  0x0000018bf0bc8870 JavaThread "JavaFX Application Thread" [_thread_in_native, id=2128, stack(0x000000255b000000,0x000000255b100000)]
  0x0000018bf0fa32e0 JavaThread "Thread-1" daemon [_thread_in_native, id=3944, stack(0x000000255b400000,0x000000255b500000)]
  0x0000018bf0fa6010 JavaThread "JavaFX-Launcher" [_thread_blocked, id=29028, stack(0x000000255b500000,0x000000255b600000)]
  0x0000018bf1bbf250 JavaThread "Prism Font Disposer" daemon [_thread_blocked, id=14100, stack(0x000000255be00000,0x000000255bf00000)]
  0x0000018bf1bc1780 JavaThread "Cleaner-0" daemon [_thread_blocked, id=8952, stack(0x000000255bf00000,0x000000255c000000)]
  0x0000018bf1bc2220 JavaThread "mysql-cj-abandoned-connection-cleanup" daemon [_thread_blocked, id=33312, stack(0x000000255c300000,0x000000255c400000)]
  0x0000018bf1bbfcf0 JavaThread "SIGINT handler" daemon [_thread_blocked, id=2580, stack(0x000000255aa00000,0x000000255ab00000)]

Other Threads:
=>0x0000018bec131fd0 VMThread "VM Thread" [stack: 0x0000002559f00000,0x000000255a000000] [id=27040]
  0x0000018bcac99f20 WorkerThread "GC Thread#0" [stack: 0x0000002559a00000,0x0000002559b00000] [id=7276]
  0x0000018bf11f7780 WorkerThread "GC Thread#1" [stack: 0x000000255b600000,0x000000255b700000] [id=31272]
  0x0000018bf19a2be0 WorkerThread "GC Thread#2" [stack: 0x000000255b700000,0x000000255b800000] [id=17252]
  0x0000018bf19a2370 WorkerThread "GC Thread#3" [stack: 0x000000255b800000,0x000000255b900000] [id=25724]
  0x0000018bf19a39f0 WorkerThread "GC Thread#4" [stack: 0x000000255b900000,0x000000255ba00000] [id=32992]
  0x0000018bf19a3180 WorkerThread "GC Thread#5" [stack: 0x000000255ba00000,0x000000255bb00000] [id=13096]
  0x0000018bf19a3450 WorkerThread "GC Thread#6" [stack: 0x000000255a900000,0x000000255aa00000] [id=18936]
  0x0000018bf19a3720 WorkerThread "GC Thread#7" [stack: 0x000000255c200000,0x000000255c300000] [id=19356]
  0x0000018bcacaadd0 ConcurrentGCThread "G1 Main Marker" terminated
  0x0000018bcacacfb0 WorkerThread "G1 Conc#0" [stack: 0x0000002559c00000,0x0000002559d00000] [id=29468]
  0x0000018bebff0140 ConcurrentGCThread "G1 Refine#0" terminated
  0x0000018bebff0af0 ConcurrentGCThread "G1 Service" terminated

Threads with active compile tasks:

VM state: at safepoint (shutting down)

VM Mutex/Monitor currently owned by a thread:  ([mutex/lock_event])
[0x0000018bcac26cc0] Threads_lock - owner thread: 0x0000018bec131fd0
[0x0000018bcac28b20] Heap_lock - owner thread: 0x0000018bf1bbfcf0

Heap address: 0x0000000702000000, size: 4064 MB, Compressed Oops mode: Zero based, Oop shift amount: 3

CDS archive(s) mapped at: [0x0000000800000000-0x0000000800c60000-0x0000000800c60000), size 12976128, SharedBaseAddress: 0x0000000800000000, ArchiveRelocationMode: 0.
Compressed class space mapped at: 0x0000000801000000-0x0000000841000000, reserved size: 1073741824
Narrow klass base: 0x0000000800000000, Narrow klass shift: 0, Narrow klass range: 0x100000000

GC Precious Log:
 CardTable entry size: 512
 Card Set container configuration: InlinePtr #cards 4 size 8 Array Of Cards #cards 16 size 48 Howl #buckets 8 coarsen threshold 3686 Howl Bitmap #cards 512 size 80 coarsen threshold 460 Card regions per heap region 1 cards per card region 4096
 CPUs: 8 total, 8 available
 Memory: 16254M
 Large Page Support: Disabled
 NUMA Support: Disabled
 Compressed Oops: Enabled (Zero based)
 Heap Region Size: 2M
 Heap Min Capacity: 8M
 Heap Initial Capacity: 254M
 Heap Max Capacity: 4064M
 Pre-touch: Disabled
 Parallel Workers: 8
 Concurrent Workers: 2
 Concurrent Refinement Workers: 8
 Periodic GC: Disabled

Heap:
 garbage-first heap   total 260096K, used 36428K [0x0000000702000000, 0x0000000800000000)
  region size 2048K, 17 young (34816K), 3 survivors (6144K)
 Metaspace       used 21121K, committed 21504K, reserved 1114112K
  class space    used 2853K, committed 3008K, reserved 1048576K

Heap Regions: E=young(eden), S=young(survivor), O=old, HS=humongous(starts), HC=humongous(continues), CS=collection set, F=free, OA=open archive, CA=closed archive, TAMS=top-at-mark-start, PB=parsable bottom
|   0|0x0000000702000000, 0x0000000702200000, 0x0000000702200000|100%|HS|  |TAMS 0x0000000702000000| PB 0x0000000702000000| Complete 
|   1|0x0000000702200000, 0x0000000702393000, 0x0000000702400000| 78%| O|  |TAMS 0x0000000702200000| PB 0x0000000702200000| Untracked 
|   2|0x0000000702400000, 0x0000000702600000, 0x0000000702600000|100%|HS|  |TAMS 0x0000000702400000| PB 0x0000000702400000| Complete 
|   3|0x0000000702600000, 0x0000000702600000, 0x0000000702800000|  0%| F|  |TAMS 0x0000000702600000| PB 0x0000000702600000| Untracked 
|   4|0x0000000702800000, 0x0000000702800000, 0x0000000702a00000|  0%| F|  |TAMS 0x0000000702800000| PB 0x0000000702800000| Untracked 
|   5|0x0000000702a00000, 0x0000000702a00000, 0x0000000702c00000|  0%| F|  |TAMS 0x0000000702a00000| PB 0x0000000702a00000| Untracked 
|   6|0x0000000702c00000, 0x0000000702c00000, 0x0000000702e00000|  0%| F|  |TAMS 0x0000000702c00000| PB 0x0000000702c00000| Untracked 
|   7|0x0000000702e00000, 0x0000000702e00000, 0x0000000703000000|  0%| F|  |TAMS 0x0000000702e00000| PB 0x0000000702e00000| Untracked 
|   8|0x0000000703000000, 0x0000000703000000, 0x0000000703200000|  0%| F|  |TAMS 0x0000000703000000| PB 0x0000000703000000| Untracked 
|   9|0x0000000703200000, 0x0000000703200000, 0x0000000703400000|  0%| F|  |TAMS 0x0000000703200000| PB 0x0000000703200000| Untracked 
|  10|0x0000000703400000, 0x0000000703400000, 0x0000000703600000|  0%| F|  |TAMS 0x0000000703400000| PB 0x0000000703400000| Untracked 
|  11|0x0000000703600000, 0x0000000703600000, 0x0000000703800000|  0%| F|  |TAMS 0x0000000703600000| PB 0x0000000703600000| Untracked 
|  12|0x0000000703800000, 0x0000000703800000, 0x0000000703a00000|  0%| F|  |TAMS 0x0000000703800000| PB 0x0000000703800000| Untracked 
|  13|0x0000000703a00000, 0x0000000703a00000, 0x0000000703c00000|  0%| F|  |TAMS 0x0000000703a00000| PB 0x0000000703a00000| Untracked 
|  14|0x0000000703c00000, 0x0000000703c00000, 0x0000000703e00000|  0%| F|  |TAMS 0x0000000703c00000| PB 0x0000000703c00000| Untracked 
|  15|0x0000000703e00000, 0x0000000703e00000, 0x0000000704000000|  0%| F|  |TAMS 0x0000000703e00000| PB 0x0000000703e00000| Untracked 
|  16|0x0000000704000000, 0x0000000704000000, 0x0000000704200000|  0%| F|  |TAMS 0x0000000704000000| PB 0x0000000704000000| Untracked 
|  17|0x0000000704200000, 0x0000000704200000, 0x0000000704400000|  0%| F|  |TAMS 0x0000000704200000| PB 0x0000000704200000| Untracked 
|  18|0x0000000704400000, 0x0000000704400000, 0x0000000704600000|  0%| F|  |TAMS 0x0000000704400000| PB 0x0000000704400000| Untracked 
|  19|0x0000000704600000, 0x0000000704600000, 0x0000000704800000|  0%| F|  |TAMS 0x0000000704600000| PB 0x0000000704600000| Untracked 
|  20|0x0000000704800000, 0x0000000704800000, 0x0000000704a00000|  0%| F|  |TAMS 0x0000000704800000| PB 0x0000000704800000| Untracked 
|  21|0x0000000704a00000, 0x0000000704a00000, 0x0000000704c00000|  0%| F|  |TAMS 0x0000000704a00000| PB 0x0000000704a00000| Untracked 
|  22|0x0000000704c00000, 0x0000000704c00000, 0x0000000704e00000|  0%| F|  |TAMS 0x0000000704c00000| PB 0x0000000704c00000| Untracked 
|  23|0x0000000704e00000, 0x0000000704e00000, 0x0000000705000000|  0%| F|  |TAMS 0x0000000704e00000| PB 0x0000000704e00000| Untracked 
|  24|0x0000000705000000, 0x0000000705000000, 0x0000000705200000|  0%| F|  |TAMS 0x0000000705000000| PB 0x0000000705000000| Untracked 
|  25|0x0000000705200000, 0x0000000705200000, 0x0000000705400000|  0%| F|  |TAMS 0x0000000705200000| PB 0x0000000705200000| Untracked 
|  26|0x0000000705400000, 0x0000000705400000, 0x0000000705600000|  0%| F|  |TAMS 0x0000000705400000| PB 0x0000000705400000| Untracked 
|  27|0x0000000705600000, 0x0000000705600000, 0x0000000705800000|  0%| F|  |TAMS 0x0000000705600000| PB 0x0000000705600000| Untracked 
|  28|0x0000000705800000, 0x0000000705800000, 0x0000000705a00000|  0%| F|  |TAMS 0x0000000705800000| PB 0x0000000705800000| Untracked 
|  29|0x0000000705a00000, 0x0000000705a00000, 0x0000000705c00000|  0%| F|  |TAMS 0x0000000705a00000| PB 0x0000000705a00000| Untracked 
|  30|0x0000000705c00000, 0x0000000705c00000, 0x0000000705e00000|  0%| F|  |TAMS 0x0000000705c00000| PB 0x0000000705c00000| Untracked 
|  31|0x0000000705e00000, 0x0000000705e00000, 0x0000000706000000|  0%| F|  |TAMS 0x0000000705e00000| PB 0x0000000705e00000| Untracked 
|  32|0x0000000706000000, 0x0000000706000000, 0x0000000706200000|  0%| F|  |TAMS 0x0000000706000000| PB 0x0000000706000000| Untracked 
|  33|0x0000000706200000, 0x0000000706200000, 0x0000000706400000|  0%| F|  |TAMS 0x0000000706200000| PB 0x0000000706200000| Untracked 
|  34|0x0000000706400000, 0x0000000706400000, 0x0000000706600000|  0%| F|  |TAMS 0x0000000706400000| PB 0x0000000706400000| Untracked 
|  35|0x0000000706600000, 0x0000000706600000, 0x0000000706800000|  0%| F|  |TAMS 0x0000000706600000| PB 0x0000000706600000| Untracked 
|  36|0x0000000706800000, 0x0000000706800000, 0x0000000706a00000|  0%| F|  |TAMS 0x0000000706800000| PB 0x0000000706800000| Untracked 
|  37|0x0000000706a00000, 0x0000000706a00000, 0x0000000706c00000|  0%| F|  |TAMS 0x0000000706a00000| PB 0x0000000706a00000| Untracked 
|  38|0x0000000706c00000, 0x0000000706c00000, 0x0000000706e00000|  0%| F|  |TAMS 0x0000000706c00000| PB 0x0000000706c00000| Untracked 
|  39|0x0000000706e00000, 0x0000000706e00000, 0x0000000707000000|  0%| F|  |TAMS 0x0000000706e00000| PB 0x0000000706e00000| Untracked 
|  40|0x0000000707000000, 0x0000000707000000, 0x0000000707200000|  0%| F|  |TAMS 0x0000000707000000| PB 0x0000000707000000| Untracked 
|  41|0x0000000707200000, 0x0000000707200000, 0x0000000707400000|  0%| F|  |TAMS 0x0000000707200000| PB 0x0000000707200000| Untracked 
|  42|0x0000000707400000, 0x0000000707400000, 0x0000000707600000|  0%| F|  |TAMS 0x0000000707400000| PB 0x0000000707400000| Untracked 
|  43|0x0000000707600000, 0x0000000707600000, 0x0000000707800000|  0%| F|  |TAMS 0x0000000707600000| PB 0x0000000707600000| Untracked 
|  44|0x0000000707800000, 0x0000000707800000, 0x0000000707a00000|  0%| F|  |TAMS 0x0000000707800000| PB 0x0000000707800000| Untracked 
|  45|0x0000000707a00000, 0x0000000707a00000, 0x0000000707c00000|  0%| F|  |TAMS 0x0000000707a00000| PB 0x0000000707a00000| Untracked 
|  46|0x0000000707c00000, 0x0000000707c00000, 0x0000000707e00000|  0%| F|  |TAMS 0x0000000707c00000| PB 0x0000000707c00000| Untracked 
|  47|0x0000000707e00000, 0x0000000707e00000, 0x0000000708000000|  0%| F|  |TAMS 0x0000000707e00000| PB 0x0000000707e00000| Untracked 
|  48|0x0000000708000000, 0x0000000708000000, 0x0000000708200000|  0%| F|  |TAMS 0x0000000708000000| PB 0x0000000708000000| Untracked 
|  49|0x0000000708200000, 0x0000000708200000, 0x0000000708400000|  0%| F|  |TAMS 0x0000000708200000| PB 0x0000000708200000| Untracked 
|  50|0x0000000708400000, 0x0000000708400000, 0x0000000708600000|  0%| F|  |TAMS 0x0000000708400000| PB 0x0000000708400000| Untracked 
|  51|0x0000000708600000, 0x0000000708600000, 0x0000000708800000|  0%| F|  |TAMS 0x0000000708600000| PB 0x0000000708600000| Untracked 
|  52|0x0000000708800000, 0x0000000708800000, 0x0000000708a00000|  0%| F|  |TAMS 0x0000000708800000| PB 0x0000000708800000| Untracked 
|  53|0x0000000708a00000, 0x0000000708a00000, 0x0000000708c00000|  0%| F|  |TAMS 0x0000000708a00000| PB 0x0000000708a00000| Untracked 
|  54|0x0000000708c00000, 0x0000000708c00000, 0x0000000708e00000|  0%| F|  |TAMS 0x0000000708c00000| PB 0x0000000708c00000| Untracked 
|  55|0x0000000708e00000, 0x0000000708e00000, 0x0000000709000000|  0%| F|  |TAMS 0x0000000708e00000| PB 0x0000000708e00000| Untracked 
|  56|0x0000000709000000, 0x0000000709000000, 0x0000000709200000|  0%| F|  |TAMS 0x0000000709000000| PB 0x0000000709000000| Untracked 
|  57|0x0000000709200000, 0x0000000709200000, 0x0000000709400000|  0%| F|  |TAMS 0x0000000709200000| PB 0x0000000709200000| Untracked 
|  58|0x0000000709400000, 0x0000000709400000, 0x0000000709600000|  0%| F|  |TAMS 0x0000000709400000| PB 0x0000000709400000| Untracked 
|  59|0x0000000709600000, 0x0000000709600000, 0x0000000709800000|  0%| F|  |TAMS 0x0000000709600000| PB 0x0000000709600000| Untracked 
|  60|0x0000000709800000, 0x0000000709800000, 0x0000000709a00000|  0%| F|  |TAMS 0x0000000709800000| PB 0x0000000709800000| Untracked 
|  61|0x0000000709a00000, 0x0000000709a00000, 0x0000000709c00000|  0%| F|  |TAMS 0x0000000709a00000| PB 0x0000000709a00000| Untracked 
|  62|0x0000000709c00000, 0x0000000709c00000, 0x0000000709e00000|  0%| F|  |TAMS 0x0000000709c00000| PB 0x0000000709c00000| Untracked 
|  63|0x0000000709e00000, 0x0000000709e00000, 0x000000070a000000|  0%| F|  |TAMS 0x0000000709e00000| PB 0x0000000709e00000| Untracked 
|  64|0x000000070a000000, 0x000000070a000000, 0x000000070a200000|  0%| F|  |TAMS 0x000000070a000000| PB 0x000000070a000000| Untracked 
|  65|0x000000070a200000, 0x000000070a200000, 0x000000070a400000|  0%| F|  |TAMS 0x000000070a200000| PB 0x000000070a200000| Untracked 
|  66|0x000000070a400000, 0x000000070a400000, 0x000000070a600000|  0%| F|  |TAMS 0x000000070a400000| PB 0x000000070a400000| Untracked 
|  67|0x000000070a600000, 0x000000070a600000, 0x000000070a800000|  0%| F|  |TAMS 0x000000070a600000| PB 0x000000070a600000| Untracked 
|  68|0x000000070a800000, 0x000000070a800000, 0x000000070aa00000|  0%| F|  |TAMS 0x000000070a800000| PB 0x000000070a800000| Untracked 
|  69|0x000000070aa00000, 0x000000070aa00000, 0x000000070ac00000|  0%| F|  |TAMS 0x000000070aa00000| PB 0x000000070aa00000| Untracked 
|  70|0x000000070ac00000, 0x000000070ac00000, 0x000000070ae00000|  0%| F|  |TAMS 0x000000070ac00000| PB 0x000000070ac00000| Untracked 
|  71|0x000000070ae00000, 0x000000070ae00000, 0x000000070b000000|  0%| F|  |TAMS 0x000000070ae00000| PB 0x000000070ae00000| Untracked 
|  72|0x000000070b000000, 0x000000070b000000, 0x000000070b200000|  0%| F|  |TAMS 0x000000070b000000| PB 0x000000070b000000| Untracked 
|  73|0x000000070b200000, 0x000000070b200000, 0x000000070b400000|  0%| F|  |TAMS 0x000000070b200000| PB 0x000000070b200000| Untracked 
|  74|0x000000070b400000, 0x000000070b400000, 0x000000070b600000|  0%| F|  |TAMS 0x000000070b400000| PB 0x000000070b400000| Untracked 
|  75|0x000000070b600000, 0x000000070b600000, 0x000000070b800000|  0%| F|  |TAMS 0x000000070b600000| PB 0x000000070b600000| Untracked 
|  76|0x000000070b800000, 0x000000070b800000, 0x000000070ba00000|  0%| F|  |TAMS 0x000000070b800000| PB 0x000000070b800000| Untracked 
|  77|0x000000070ba00000, 0x000000070ba00000, 0x000000070bc00000|  0%| F|  |TAMS 0x000000070ba00000| PB 0x000000070ba00000| Untracked 
|  78|0x000000070bc00000, 0x000000070bc00000, 0x000000070be00000|  0%| F|  |TAMS 0x000000070bc00000| PB 0x000000070bc00000| Untracked 
|  79|0x000000070be00000, 0x000000070be00000, 0x000000070c000000|  0%| F|  |TAMS 0x000000070be00000| PB 0x000000070be00000| Untracked 
|  80|0x000000070c000000, 0x000000070c000000, 0x000000070c200000|  0%| F|  |TAMS 0x000000070c000000| PB 0x000000070c000000| Untracked 
|  81|0x000000070c200000, 0x000000070c200000, 0x000000070c400000|  0%| F|  |TAMS 0x000000070c200000| PB 0x000000070c200000| Untracked 
|  82|0x000000070c400000, 0x000000070c400000, 0x000000070c600000|  0%| F|  |TAMS 0x000000070c400000| PB 0x000000070c400000| Untracked 
|  83|0x000000070c600000, 0x000000070c600000, 0x000000070c800000|  0%| F|  |TAMS 0x000000070c600000| PB 0x000000070c600000| Untracked 
|  84|0x000000070c800000, 0x000000070c800000, 0x000000070ca00000|  0%| F|  |TAMS 0x000000070c800000| PB 0x000000070c800000| Untracked 
|  85|0x000000070ca00000, 0x000000070ca00000, 0x000000070cc00000|  0%| F|  |TAMS 0x000000070ca00000| PB 0x000000070ca00000| Untracked 
|  86|0x000000070cc00000, 0x000000070cc00000, 0x000000070ce00000|  0%| F|  |TAMS 0x000000070cc00000| PB 0x000000070cc00000| Untracked 
|  87|0x000000070ce00000, 0x000000070ce00000, 0x000000070d000000|  0%| F|  |TAMS 0x000000070ce00000| PB 0x000000070ce00000| Untracked 
|  88|0x000000070d000000, 0x000000070d000000, 0x000000070d200000|  0%| F|  |TAMS 0x000000070d000000| PB 0x000000070d000000| Untracked 
|  89|0x000000070d200000, 0x000000070d200000, 0x000000070d400000|  0%| F|  |TAMS 0x000000070d200000| PB 0x000000070d200000| Untracked 
|  90|0x000000070d400000, 0x000000070d400000, 0x000000070d600000|  0%| F|  |TAMS 0x000000070d400000| PB 0x000000070d400000| Untracked 
|  91|0x000000070d600000, 0x000000070d600000, 0x000000070d800000|  0%| F|  |TAMS 0x000000070d600000| PB 0x000000070d600000| Untracked 
|  92|0x000000070d800000, 0x000000070d800000, 0x000000070da00000|  0%| F|  |TAMS 0x000000070d800000| PB 0x000000070d800000| Untracked 
|  93|0x000000070da00000, 0x000000070da00000, 0x000000070dc00000|  0%| F|  |TAMS 0x000000070da00000| PB 0x000000070da00000| Untracked 
|  94|0x000000070dc00000, 0x000000070dc00000, 0x000000070de00000|  0%| F|  |TAMS 0x000000070dc00000| PB 0x000000070dc00000| Untracked 
|  95|0x000000070de00000, 0x000000070de00000, 0x000000070e000000|  0%| F|  |TAMS 0x000000070de00000| PB 0x000000070de00000| Untracked 
|  96|0x000000070e000000, 0x000000070e000000, 0x000000070e200000|  0%| F|  |TAMS 0x000000070e000000| PB 0x000000070e000000| Untracked 
|  97|0x000000070e200000, 0x000000070e200000, 0x000000070e400000|  0%| F|  |TAMS 0x000000070e200000| PB 0x000000070e200000| Untracked 
|  98|0x000000070e400000, 0x000000070e400000, 0x000000070e600000|  0%| F|  |TAMS 0x000000070e400000| PB 0x000000070e400000| Untracked 
|  99|0x000000070e600000, 0x000000070e600000, 0x000000070e800000|  0%| F|  |TAMS 0x000000070e600000| PB 0x000000070e600000| Untracked 
| 100|0x000000070e800000, 0x000000070e800000, 0x000000070ea00000|  0%| F|  |TAMS 0x000000070e800000| PB 0x000000070e800000| Untracked 
| 101|0x000000070ea00000, 0x000000070ea00000, 0x000000070ec00000|  0%| F|  |TAMS 0x000000070ea00000| PB 0x000000070ea00000| Untracked 
| 102|0x000000070ec00000, 0x000000070ec00000, 0x000000070ee00000|  0%| F|  |TAMS 0x000000070ec00000| PB 0x000000070ec00000| Untracked 
| 103|0x000000070ee00000, 0x000000070ee00000, 0x000000070f000000|  0%| F|  |TAMS 0x000000070ee00000| PB 0x000000070ee00000| Untracked 
| 104|0x000000070f000000, 0x000000070f200000, 0x000000070f200000|100%| S|CS|TAMS 0x000000070f000000| PB 0x000000070f000000| Complete 
| 105|0x000000070f200000, 0x000000070f400000, 0x000000070f400000|100%| S|CS|TAMS 0x000000070f200000| PB 0x000000070f200000| Complete 
| 106|0x000000070f400000, 0x000000070f600000, 0x000000070f600000|100%| S|CS|TAMS 0x000000070f400000| PB 0x000000070f400000| Complete 
| 107|0x000000070f600000, 0x000000070f600000, 0x000000070f800000|  0%| F|  |TAMS 0x000000070f600000| PB 0x000000070f600000| Untracked 
| 108|0x000000070f800000, 0x000000070f800000, 0x000000070fa00000|  0%| F|  |TAMS 0x000000070f800000| PB 0x000000070f800000| Untracked 
| 109|0x000000070fa00000, 0x000000070fa00000, 0x000000070fc00000|  0%| F|  |TAMS 0x000000070fa00000| PB 0x000000070fa00000| Untracked 
| 110|0x000000070fc00000, 0x000000070fc00000, 0x000000070fe00000|  0%| F|  |TAMS 0x000000070fc00000| PB 0x000000070fc00000| Untracked 
| 111|0x000000070fe00000, 0x000000070fe00000, 0x0000000710000000|  0%| F|  |TAMS 0x000000070fe00000| PB 0x000000070fe00000| Untracked 
| 112|0x0000000710000000, 0x0000000710000000, 0x0000000710200000|  0%| F|  |TAMS 0x0000000710000000| PB 0x0000000710000000| Untracked 
| 113|0x0000000710200000, 0x0000000710266eb0, 0x0000000710400000| 20%| E|  |TAMS 0x0000000710200000| PB 0x0000000710200000| Complete 
| 114|0x0000000710400000, 0x0000000710600000, 0x0000000710600000|100%| E|CS|TAMS 0x0000000710400000| PB 0x0000000710400000| Complete 
| 115|0x0000000710600000, 0x0000000710800000, 0x0000000710800000|100%| E|CS|TAMS 0x0000000710600000| PB 0x0000000710600000| Complete 
| 116|0x0000000710800000, 0x0000000710a00000, 0x0000000710a00000|100%| E|CS|TAMS 0x0000000710800000| PB 0x0000000710800000| Complete 
| 117|0x0000000710a00000, 0x0000000710c00000, 0x0000000710c00000|100%| E|CS|TAMS 0x0000000710a00000| PB 0x0000000710a00000| Complete 
| 118|0x0000000710c00000, 0x0000000710e00000, 0x0000000710e00000|100%| E|  |TAMS 0x0000000710c00000| PB 0x0000000710c00000| Complete 
| 119|0x0000000710e00000, 0x0000000711000000, 0x0000000711000000|100%| E|CS|TAMS 0x0000000710e00000| PB 0x0000000710e00000| Complete 
| 120|0x0000000711000000, 0x0000000711200000, 0x0000000711200000|100%| E|CS|TAMS 0x0000000711000000| PB 0x0000000711000000| Complete 
| 121|0x0000000711200000, 0x0000000711400000, 0x0000000711400000|100%| E|CS|TAMS 0x0000000711200000| PB 0x0000000711200000| Complete 
| 122|0x0000000711400000, 0x0000000711600000, 0x0000000711600000|100%| E|CS|TAMS 0x0000000711400000| PB 0x0000000711400000| Complete 
| 123|0x0000000711600000, 0x0000000711800000, 0x0000000711800000|100%| E|CS|TAMS 0x0000000711600000| PB 0x0000000711600000| Complete 
| 124|0x0000000711800000, 0x0000000711a00000, 0x0000000711a00000|100%| E|CS|TAMS 0x0000000711800000| PB 0x0000000711800000| Complete 
| 125|0x0000000711a00000, 0x0000000711c00000, 0x0000000711c00000|100%| E|CS|TAMS 0x0000000711a00000| PB 0x0000000711a00000| Complete 
| 126|0x0000000711c00000, 0x0000000711e00000, 0x0000000711e00000|100%| E|CS|TAMS 0x0000000711c00000| PB 0x0000000711c00000| Complete 

Card table byte_map: [0x0000018be4720000,0x0000018be4f10000] _byte_map_base: 0x0000018be0f10000

Marking Bits: (CMBitMap*) 0x0000018bcac9a550
 Bits: [0x0000018be5700000, 0x0000018be9680000)

Polling page: 0x0000018bcad00000

Metaspace:

Usage:
  Non-class:     17.84 MB used.
      Class:      2.79 MB used.
       Both:     20.63 MB used.

Virtual space:
  Non-class space:       64.00 MB reserved,      18.06 MB ( 28%) committed,  1 nodes.
      Class space:        1.00 GB reserved,       2.94 MB ( <1%) committed,  1 nodes.
             Both:        1.06 GB reserved,      21.00 MB (  2%) committed. 

Chunk freelists:
   Non-Class:  1.98 MB
       Class:  1.08 MB
        Both:  3.06 MB

MaxMetaspaceSize: unlimited
CompressedClassSpaceSize: 1.00 GB
Initial GC threshold: 21.00 MB
Current GC threshold: 21.00 MB
CDS: on
MetaspaceReclaimPolicy: balanced
 - commit_granule_bytes: 65536.
 - commit_granule_words: 8192.
 - virtual_space_node_default_size: 8388608.
 - enlarge_chunks_in_place: 1.
 - new_chunks_are_fully_committed: 0.
 - uncommit_free_chunks: 1.
 - use_allocation_guard: 0.


Internal statistics:

num_allocs_failed_limit: 0.
num_arena_births: 408.
num_arena_deaths: 0.
num_vsnodes_births: 2.
num_vsnodes_deaths: 0.
num_space_committed: 336.
num_space_uncommitted: 0.
num_chunks_returned_to_freelist: 0.
num_chunks_taken_from_freelist: 1120.
num_chunk_merges: 0.
num_chunk_splits: 760.
num_chunks_enlarged: 555.
num_inconsistent_stats: 0.

CodeHeap 'non-profiled nmethods': size=120000Kb used=1654Kb max_used=1654Kb free=118345Kb
 bounds [0x0000018bdbfa0000, 0x0000018bdc210000, 0x0000018be34d0000]
CodeHeap 'profiled nmethods': size=120000Kb used=7087Kb max_used=7087Kb free=112912Kb
 bounds [0x0000018bd44d0000, 0x0000018bd4bc0000, 0x0000018bdba00000]
CodeHeap 'non-nmethods': size=5760Kb used=1905Kb max_used=1938Kb free=3854Kb
 bounds [0x0000018bdba00000, 0x0000018bdbc70000, 0x0000018bdbfa0000]
 total_blobs=4610 nmethods=3755 adapters=765
 compilation: enabled
              stopped_count=0, restarted_count=0
 full_count=0

Compilation events (20 events):
Event: 26.274 Thread 0x0000018bec16d880 3740       3       java.util.EnumSet::of (16 bytes)
Event: 26.274 Thread 0x0000018bec16d880 nmethod 3740 0x0000018bd4bb9990 code [0x0000018bd4bb9b60, 0x0000018bd4bb9e58]
Event: 26.274 Thread 0x0000018bec16d880 3746       3       com.mysql.cj.util.StringInspector::incrementPosition (77 bytes)
Event: 26.275 Thread 0x0000018bec16d880 nmethod 3746 0x0000018bd4bba010 code [0x0000018bd4bba220, 0x0000018bd4bbab18]
Event: 26.275 Thread 0x0000018bec16d880 3747       3       com.mysql.cj.util.StringInspector::indexOfNextChar (9 bytes)
Event: 26.275 Thread 0x0000018bec16d880 nmethod 3747 0x0000018bd4bbae10 code [0x0000018bd4bbafa0, 0x0000018bd4bbb0e0]
Event: 26.275 Thread 0x0000018bec16d880 3748       3       com.mysql.cj.util.StringInspector::incrementPosition (9 bytes)
Event: 26.275 Thread 0x0000018bec16d880 nmethod 3748 0x0000018bd4bbb190 code [0x0000018bd4bbb320, 0x0000018bd4bbb478]
Event: 26.355 Thread 0x0000018bec1632f0 3753       4       java.util.EnumMap$ValueIterator::next (50 bytes)
Event: 26.358 Thread 0x0000018bec1632f0 nmethod 3753 0x0000018bdc13c390 code [0x0000018bdc13c520, 0x0000018bdc13c728]
Event: 26.358 Thread 0x0000018bec1632f0 3754       4       javafx.scene.Scene$ClickCounter::moved (52 bytes)
Event: 26.359 Thread 0x0000018bec1632f0 nmethod 3754 0x0000018bdc13c910 code [0x0000018bdc13cae0, 0x0000018bdc13cd20]
Event: 74.086 Thread 0x0000018bec16d880 3755       3       jdk.internal.misc.Unsafe::putReferenceOpaque (9 bytes)
Event: 74.086 Thread 0x0000018bec16d880 nmethod 3755 0x0000018bd4bbb510 code [0x0000018bd4bbb6a0, 0x0000018bd4bbb808]
Event: 86.632 Thread 0x0000018bec1632f0 3756       4       com.sun.javafx.tk.quantum.QuantumToolkit::postPulse (133 bytes)
Event: 86.634 Thread 0x0000018bec1632f0 nmethod 3756 0x0000018bdc13cf10 code [0x0000018bdc13d0a0, 0x0000018bdc13d270]
Event: 86.744 Thread 0x0000018bec1632f0 3757       4       com.sun.javafx.tk.quantum.QuantumToolkit$$Lambda$81/0x000000080103c018::run (8 bytes)
Event: 86.747 Thread 0x0000018bec1632f0 nmethod 3757 0x0000018bdc13d490 code [0x0000018bdc13d620, 0x0000018bdc13d810]
Event: 114.100 Thread 0x0000018bec16d880 3758       3       jdk.internal.loader.URLClassPath$JarLoader::findResource (18 bytes)
Event: 114.101 Thread 0x0000018bec16d880 nmethod 3758 0x0000018bd4bbb890 code [0x0000018bd4bbba40, 0x0000018bd4bbbc30]

GC Heap History (4 events):
Event: 0.789 GC heap before
{Heap before GC invocations=0 (full 0):
 garbage-first heap   total 260096K, used 20480K [0x0000000702000000, 0x0000000800000000)
  region size 2048K, 11 young (22528K), 0 survivors (0K)
 Metaspace       used 5131K, committed 5376K, reserved 1114112K
  class space    used 593K, committed 704K, reserved 1048576K
}
Event: 0.792 GC heap after
{Heap after GC invocations=1 (full 0):
 garbage-first heap   total 260096K, used 2945K [0x0000000702000000, 0x0000000800000000)
  region size 2048K, 2 young (4096K), 2 survivors (4096K)
 Metaspace       used 5131K, committed 5376K, reserved 1114112K
  class space    used 593K, committed 704K, reserved 1048576K
}
Event: 3.156 GC heap before
{Heap before GC invocations=1 (full 0):
 garbage-first heap   total 260096K, used 41857K [0x0000000702000000, 0x0000000800000000)
  region size 2048K, 20 young (40960K), 2 survivors (4096K)
 Metaspace       used 15127K, committed 15488K, reserved 1114112K
  class space    used 2068K, committed 2240K, reserved 1048576K
}
Event: 3.163 GC heap after
{Heap after GC invocations=2 (full 0):
 garbage-first heap   total 260096K, used 9804K [0x0000000702000000, 0x0000000800000000)
  region size 2048K, 3 young (6144K), 3 survivors (6144K)
 Metaspace       used 15127K, committed 15488K, reserved 1114112K
  class space    used 2068K, committed 2240K, reserved 1048576K
}

Dll operation events (20 events):
Event: 0.481 Loaded shared library C:\Users\shara\.openjfx\cache\17.0.2-ea\api-ms-win-crt-filesystem-l1-1-0.dll
Event: 0.484 Loaded shared library C:\Users\shara\.openjfx\cache\17.0.2-ea\api-ms-win-crt-heap-l1-1-0.dll
Event: 0.488 Loaded shared library C:\Users\shara\.openjfx\cache\17.0.2-ea\api-ms-win-crt-locale-l1-1-0.dll
Event: 0.491 Loaded shared library C:\Users\shara\.openjfx\cache\17.0.2-ea\api-ms-win-crt-math-l1-1-0.dll
Event: 0.495 Loaded shared library C:\Users\shara\.openjfx\cache\17.0.2-ea\api-ms-win-crt-multibyte-l1-1-0.dll
Event: 0.500 Loaded shared library C:\Users\shara\.openjfx\cache\17.0.2-ea\api-ms-win-crt-private-l1-1-0.dll
Event: 0.504 Loaded shared library C:\Users\shara\.openjfx\cache\17.0.2-ea\api-ms-win-crt-process-l1-1-0.dll
Event: 0.508 Loaded shared library C:\Users\shara\.openjfx\cache\17.0.2-ea\api-ms-win-crt-runtime-l1-1-0.dll
Event: 0.512 Loaded shared library C:\Users\shara\.openjfx\cache\17.0.2-ea\api-ms-win-crt-stdio-l1-1-0.dll
Event: 0.516 Loaded shared library C:\Users\shara\.openjfx\cache\17.0.2-ea\api-ms-win-crt-string-l1-1-0.dll
Event: 0.520 Loaded shared library C:\Users\shara\.openjfx\cache\17.0.2-ea\api-ms-win-crt-time-l1-1-0.dll
Event: 0.524 Loaded shared library C:\Users\shara\.openjfx\cache\17.0.2-ea\api-ms-win-crt-utility-l1-1-0.dll
Event: 0.543 Loaded shared library C:\Users\shara\.openjfx\cache\17.0.2-ea\ucrtbase.dll
Event: 0.548 Loaded shared library C:\Users\shara\.openjfx\cache\17.0.2-ea\vcruntime140.dll
Event: 0.553 Loaded shared library C:\Users\shara\.openjfx\cache\17.0.2-ea\vcruntime140_1.dll
Event: 0.564 Loaded shared library C:\Users\shara\.openjfx\cache\17.0.2-ea\msvcp140.dll
Event: 0.614 Loaded shared library C:\Users\shara\.openjfx\cache\17.0.2-ea\prism_d3d.dll
Event: 0.658 Loaded shared library C:\Users\shara\.openjfx\cache\17.0.2-ea\glass.dll
Event: 0.780 Loaded shared library C:\Users\shara\.jdks\openjdk-20.0.1\bin\jimage.dll
Event: 0.935 Loaded shared library C:\Users\shara\.openjfx\cache\17.0.2-ea\javafx_font.dll

Deoptimization events (20 events):
Event: 24.265 Thread 0x0000018bf0bc8870 Uncommon trap: trap_request=0xffffff45 fr.pc=0x0000018bdbfb15ec relative=0x000000000000016c
Event: 24.265 Thread 0x0000018bf0bc8870 Uncommon trap: reason=unstable_if action=reinterpret pc=0x0000018bdbfb15ec method=java.lang.StringLatin1.canEncode(I)Z @ 4 c2
Event: 24.265 Thread 0x0000018bf0bc8870 DEOPT PACKING pc=0x0000018bdbfb15ec sp=0x000000255b0f8680
Event: 24.265 Thread 0x0000018bf0bc8870 DEOPT UNPACKING pc=0x0000018bdba69d22 sp=0x000000255b0f85a0 mode 2
Event: 24.273 Thread 0x0000018bf0bc8870 Uncommon trap: trap_request=0xffffff45 fr.pc=0x0000018bdbfeab14 relative=0x0000000000000474
Event: 24.273 Thread 0x0000018bf0bc8870 Uncommon trap: reason=unstable_if action=reinterpret pc=0x0000018bdbfeab14 method=java.lang.AbstractStringBuilder.inflateIfNeededFor(Ljava/lang/String;)V @ 14 c2
Event: 24.273 Thread 0x0000018bf0bc8870 DEOPT PACKING pc=0x0000018bdbfeab14 sp=0x000000255b0f8580
Event: 24.273 Thread 0x0000018bf0bc8870 DEOPT UNPACKING pc=0x0000018bdba69d22 sp=0x000000255b0f8420 mode 2
Event: 24.273 Thread 0x0000018bf0bc8870 Uncommon trap: trap_request=0xffffff45 fr.pc=0x0000018bdc125d94 relative=0x00000000000003f4
Event: 24.273 Thread 0x0000018bf0bc8870 Uncommon trap: reason=unstable_if action=reinterpret pc=0x0000018bdc125d94 method=java.lang.AbstractStringBuilder.isLatin1()Z @ 10 c2
Event: 24.273 Thread 0x0000018bf0bc8870 DEOPT PACKING pc=0x0000018bdc125d94 sp=0x000000255b0f8590
Event: 24.273 Thread 0x0000018bf0bc8870 DEOPT UNPACKING pc=0x0000018bdba69d22 sp=0x000000255b0f8418 mode 2
Event: 24.276 Thread 0x0000018bf0bc8870 DEOPT PACKING pc=0x0000018bd44d1f41 sp=0x000000255b0f79f0
Event: 24.276 Thread 0x0000018bf0bc8870 DEOPT UNPACKING pc=0x0000018bdba6a4c2 sp=0x000000255b0f6e68 mode 0
Event: 24.278 Thread 0x0000018bf0bc8870 Uncommon trap: trap_request=0xffffff45 fr.pc=0x0000018bdbff3114 relative=0x0000000000000474
Event: 24.278 Thread 0x0000018bf0bc8870 Uncommon trap: reason=unstable_if action=reinterpret pc=0x0000018bdbff3114 method=java.lang.AbstractStringBuilder.inflateIfNeededFor(Ljava/lang/String;)V @ 14 c2
Event: 24.278 Thread 0x0000018bf0bc8870 DEOPT PACKING pc=0x0000018bdbff3114 sp=0x000000255b0f8850
Event: 24.278 Thread 0x0000018bf0bc8870 DEOPT UNPACKING pc=0x0000018bdba69d22 sp=0x000000255b0f8758 mode 2
Event: 24.279 Thread 0x0000018bf0bc8870 DEOPT PACKING pc=0x0000018bd45c01ae sp=0x000000255b0f8630
Event: 24.279 Thread 0x0000018bf0bc8870 DEOPT UNPACKING pc=0x0000018bdba6a4c2 sp=0x000000255b0f7aa8 mode 0

Classes loaded (20 events):
Event: 24.264 Loading class java/util/TimerTask
Event: 24.264 Loading class java/util/TimerTask done
Event: 24.265 Loading class java/util/RegularEnumSet$EnumSetIterator
Event: 24.265 Loading class java/util/RegularEnumSet$EnumSetIterator done
Event: 24.276 Loading class java/lang/StringIndexOutOfBoundsException
Event: 24.276 Loading class java/lang/StringIndexOutOfBoundsException done
Event: 24.277 Loading class java/util/concurrent/atomic/AtomicReferenceFieldUpdater
Event: 24.277 Loading class java/util/concurrent/atomic/AtomicReferenceFieldUpdater done
Event: 24.277 Loading class java/util/concurrent/atomic/AtomicReferenceFieldUpdater$AtomicReferenceFieldUpdaterImpl
Event: 24.277 Loading class java/util/concurrent/atomic/AtomicReferenceFieldUpdater$AtomicReferenceFieldUpdaterImpl done
Event: 24.277 Loading class java/util/concurrent/atomic/AtomicReferenceFieldUpdater$AtomicReferenceFieldUpdaterImpl$1
Event: 24.277 Loading class java/util/concurrent/atomic/AtomicReferenceFieldUpdater$AtomicReferenceFieldUpdaterImpl$1 done
Event: 24.277 Loading class sun/reflect/misc/ReflectUtil
Event: 24.278 Loading class sun/reflect/misc/ReflectUtil done
Event: 24.278 Loading class java/lang/Throwable$WrappedPrintStream
Event: 24.278 Loading class java/lang/Throwable$PrintStreamOrWriter
Event: 24.278 Loading class java/lang/Throwable$PrintStreamOrWriter done
Event: 24.278 Loading class java/lang/Throwable$WrappedPrintStream done
Event: 141.487 Loading class jdk/internal/misc/Signal$1
Event: 141.487 Loading class jdk/internal/misc/Signal$1 done

Classes unloaded (0 events):
No events

Classes redefined (0 events):
No events

Internal exceptions (20 events):
Event: 2.137 Thread 0x0000018bf0bc8870 Exception <a 'java/lang/NoSuchMethodError'{0x000000070fc61fc8}: 'long java.lang.invoke.DirectMethodHandle$Holder.invokeStatic(java.lang.Object, java.lang.Object, java.lang.Object)'> (0x000000070fc61fc8) 
thrown [s\open\src\hotspot\share\interpreter\linkResolver.cpp, line 773]
Event: 2.137 Thread 0x0000018bf0bc8870 Exception <a 'java/lang/NoSuchMethodError'{0x000000070fc65398}: 'long java.lang.invoke.DirectMethodHandle$Holder.invokeStaticInit(java.lang.Object, java.lang.Object, java.lang.Object)'> (0x000000070fc65398) 
thrown [s\open\src\hotspot\share\interpreter\linkResolver.cpp, line 773]
Event: 2.139 Thread 0x0000018bf0bc8870 Exception <a 'java/lang/NoSuchMethodError'{0x000000070fc7d658}: 'java.lang.Object java.lang.invoke.DirectMethodHandle$Holder.newInvokeSpecial(java.lang.Object, java.lang.Object, long)'> (0x000000070fc7d658) 
thrown [s\open\src\hotspot\share\interpreter\linkResolver.cpp, line 773]
Event: 2.139 Thread 0x0000018bf0bc8870 Exception <a 'java/lang/NoSuchMethodError'{0x000000070fc80f50}: 'java.lang.Object java.lang.invoke.Invokers$Holder.linkToTargetMethod(java.lang.Object, long, java.lang.Object)'> (0x000000070fc80f50) 
thrown [s\open\src\hotspot\share\interpreter\linkResolver.cpp, line 773]
Event: 3.138 Thread 0x0000018bf0bc8870 Exception <a 'java/lang/ClassNotFoundException'{0x000000070f69dfa0}: com/sun/javafx/scene/control/skin/resources/controls> (0x000000070f69dfa0) 
thrown [s\open\src\hotspot\share\prims\jni.cpp, line 538]
Event: 3.139 Thread 0x0000018bf0bc8870 Exception <a 'java/lang/ClassNotFoundException'{0x000000070f6ac590}: com/sun/javafx/scene/control/skin/resources/controls_en> (0x000000070f6ac590) 
thrown [s\open\src\hotspot\share\prims\jni.cpp, line 538]
Event: 3.139 Thread 0x0000018bf0bc8870 Exception <a 'java/lang/ClassNotFoundException'{0x000000070f6add50}: com/sun/javafx/scene/control/skin/resources/controls_en_GB> (0x000000070f6add50) 
thrown [s\open\src\hotspot\share\prims\jni.cpp, line 538]
Event: 3.256 Thread 0x0000018bf0bc8870 Exception <a 'java/lang/NoSuchMethodError'{0x0000000711965580}: 'void java.lang.invoke.DirectMethodHandle$Holder.invokeSpecial(java.lang.Object, java.lang.Object, java.lang.Object, java.lang.Object, java.lang.Object, java.lang.Object)'> (0x0000000711965580) 
thrown [s\open\src\hotspot\share\interpreter\linkResolver.cpp, line 773]
Event: 5.207 Thread 0x0000018bf13bad80 Exception <a 'java/lang/NoSuchMethodError'{0x00000007110c9ea0}: 'java.lang.Object java.lang.invoke.DirectMethodHandle$Holder.invokeStaticInit(java.lang.Object, int)'> (0x00000007110c9ea0) 
thrown [s\open\src\hotspot\share\interpreter\linkResolver.cpp, line 773]
Event: 14.684 Thread 0x0000018bf0bc8870 Exception <a 'java/lang/NoSuchMethodError'{0x0000000710f56540}: 'java.lang.Object java.lang.invoke.DirectMethodHandle$Holder.newInvokeSpecial(java.lang.Object, java.lang.Object, int, int, int, int, int, java.lang.Object)'> (0x0000000710f56540) 
thrown [s\open\src\hotspot\share\interpreter\linkResolver.cpp, line 773]
Event: 14.685 Thread 0x0000018bf0bc8870 Exception <a 'java/lang/NoSuchMethodError'{0x0000000710f69290}: 'java.lang.Object java.lang.invoke.DirectMethodHandle$Holder.newInvokeSpecial(java.lang.Object, java.lang.Object, java.lang.Object, int, int, int, int, int)'> (0x0000000710f69290) 
thrown [s\open\src\hotspot\share\interpreter\linkResolver.cpp, line 773]
Event: 14.686 Thread 0x0000018bf0bc8870 Exception <a 'java/lang/NoSuchMethodError'{0x0000000710f71090}: 'java.lang.Object java.lang.invoke.Invokers$Holder.linkToTargetMethod(java.lang.Object, java.lang.Object, int, int, int, int, int, java.lang.Object)'> (0x0000000710f71090) 
thrown [s\open\src\hotspot\share\interpreter\linkResolver.cpp, line 773]
Event: 24.075 Thread 0x0000018bf0bc8870 Exception <a 'sun/nio/fs/WindowsException'{0x0000000710c7b140}> (0x0000000710c7b140) 
thrown [s\open\src\hotspot\share\prims\jni.cpp, line 519]
Event: 24.090 Thread 0x0000018bf0bc8870 Exception <a 'java/lang/NoSuchMethodError'{0x0000000710d4f078}: 'java.lang.Object java.lang.invoke.DirectMethodHandle$Holder.invokeInterface(java.lang.Object, java.lang.Object)'> (0x0000000710d4f078) 
thrown [s\open\src\hotspot\share\interpreter\linkResolver.cpp, line 773]
Event: 24.091 Thread 0x0000018bf0bc8870 Exception <a 'sun/nio/fs/WindowsException'{0x0000000710d59480}> (0x0000000710d59480) 
thrown [s\open\src\hotspot\share\prims\jni.cpp, line 519]
Event: 24.092 Thread 0x0000018bf0bc8870 Exception <a 'sun/nio/fs/WindowsException'{0x0000000710d5c2f8}> (0x0000000710d5c2f8) 
thrown [s\open\src\hotspot\share\prims\jni.cpp, line 519]
Event: 24.101 Thread 0x0000018bf0bc8870 Exception <a 'sun/nio/fs/WindowsException'{0x0000000710db77a8}> (0x0000000710db77a8) 
thrown [s\open\src\hotspot\share\prims\jni.cpp, line 519]
Event: 24.101 Thread 0x0000018bf0bc8870 Exception <a 'sun/nio/fs/WindowsException'{0x0000000710dba618}> (0x0000000710dba618) 
thrown [s\open\src\hotspot\share\prims\jni.cpp, line 519]
Event: 24.107 Thread 0x0000018bf0bc8870 Exception <a 'java/lang/NoSuchMethodError'{0x0000000710dc9e68}: 'java.lang.Object java.lang.invoke.DirectMethodHandle$Holder.invokeVirtual(java.lang.Object, java.lang.Object, java.lang.Object)'> (0x0000000710dc9e68) 
thrown [s\open\src\hotspot\share\interpreter\linkResolver.cpp, line 773]
Event: 24.161 Thread 0x0000018bf0bc8870 Exception <a 'sun/nio/fs/WindowsException'{0x00000007108c3b80}> (0x00000007108c3b80) 
thrown [s\open\src\hotspot\share\prims\jni.cpp, line 519]

VM Operations (20 events):
Event: 23.410 Executing VM operation: Cleanup done
Event: 24.073 Executing VM operation: HandshakeAllThreads
Event: 24.073 Executing VM operation: HandshakeAllThreads done
Event: 24.078 Executing VM operation: HandshakeAllThreads
Event: 24.078 Executing VM operation: HandshakeAllThreads done
Event: 24.078 Executing VM operation: HandshakeAllThreads
Event: 24.078 Executing VM operation: HandshakeAllThreads done
Event: 24.090 Executing VM operation: HandshakeAllThreads
Event: 24.090 Executing VM operation: HandshakeAllThreads done
Event: 24.103 Executing VM operation: HandshakeAllThreads
Event: 24.103 Executing VM operation: HandshakeAllThreads done
Event: 24.233 Executing VM operation: HandshakeAllThreads
Event: 24.233 Executing VM operation: HandshakeAllThreads done
Event: 25.234 Executing VM operation: Cleanup
Event: 25.234 Executing VM operation: Cleanup done
Event: 26.234 Executing VM operation: Cleanup
Event: 26.234 Executing VM operation: Cleanup done
Event: 27.234 Executing VM operation: Cleanup
Event: 27.234 Executing VM operation: Cleanup done
Event: 141.489 Executing VM operation: Exit

Events (20 events):
Event: 1.389 Thread 0x0000018bf052e320 Thread exited: 0x0000018bf052e320
Event: 1.667 Thread 0x0000018bf052cbf0 Thread exited: 0x0000018bf052cbf0
Event: 3.201 Thread 0x0000018bf7cde930 Thread added: 0x0000018bf7cde930
Event: 3.223 Thread 0x0000018bf1f3e950 Thread added: 0x0000018bf1f3e950
Event: 3.656 Thread 0x0000018bf1f3e950 Thread exited: 0x0000018bf1f3e950
Event: 3.656 Thread 0x0000018bf7cde930 Thread exited: 0x0000018bf7cde930
Event: 5.153 Thread 0x0000018bf7b62770 Thread added: 0x0000018bf7b62770
Event: 5.153 Thread 0x0000018bf7b62d00 Thread added: 0x0000018bf7b62d00
Event: 5.404 Thread 0x0000018bf7b62d00 Thread exited: 0x0000018bf7b62d00
Event: 5.652 Thread 0x0000018bf7b62770 Thread exited: 0x0000018bf7b62770
Event: 24.074 Thread 0x0000018bf1bc2220 Thread added: 0x0000018bf1bc2220
Event: 24.096 Thread 0x0000018bf7ca5ef0 Thread added: 0x0000018bf7ca5ef0
Event: 24.096 Thread 0x0000018bf1e07f80 Thread added: 0x0000018bf1e07f80
Event: 24.420 Thread 0x0000018bf1e07f80 Thread exited: 0x0000018bf1e07f80
Event: 24.420 Thread 0x0000018bf7ca5ef0 Thread exited: 0x0000018bf7ca5ef0
Event: 141.487 Thread 0x0000018bf1bbfcf0 Thread added: 0x0000018bf1bbfcf0
Event: 141.488 Thread 0x0000018bf1bc0790 Thread added: 0x0000018bf1bc0790
Event: 141.488 Thread 0x0000018bf1bc0ce0 Thread added: 0x0000018bf1bc0ce0
Event: 141.488 Thread 0x0000018bf1bc0790 Thread exited: 0x0000018bf1bc0790
Event: 141.489 Thread 0x0000018bf1bc0ce0 Thread exited: 0x0000018bf1bc0ce0


Dynamic libraries:
0x00007ff7309f0000 - 0x00007ff7309fe000 	C:\Users\shara\.jdks\openjdk-20.0.1\bin\java.exe
0x00007ffc1a370000 - 0x00007ffc1a568000 	C:\WINDOWS\SYSTEM32\ntdll.dll
0x00007ffc19110000 - 0x00007ffc191cf000 	C:\WINDOWS\System32\KERNEL32.DLL
0x00007ffc17e60000 - 0x00007ffc1813a000 	C:\WINDOWS\System32\KERNELBASE.dll
0x00007ffc182a0000 - 0x00007ffc183a0000 	C:\WINDOWS\System32\ucrtbase.dll
0x00007ffbe5740000 - 0x00007ffbe5757000 	C:\Users\shara\.jdks\openjdk-20.0.1\bin\jli.dll
0x00007ffc192f0000 - 0x00007ffc1948d000 	C:\WINDOWS\System32\USER32.dll
0x00007ffc183a0000 - 0x00007ffc183c2000 	C:\WINDOWS\System32\win32u.dll
0x00007ffc19070000 - 0x00007ffc1909b000 	C:\WINDOWS\System32\GDI32.dll
0x00007ffc17bd0000 - 0x00007ffc17ce0000 	C:\WINDOWS\System32\gdi32full.dll
0x00007ffc17a80000 - 0x00007ffc17b1d000 	C:\WINDOWS\System32\msvcp_win.dll
0x00007ffbe5720000 - 0x00007ffbe573b000 	C:\Users\shara\.jdks\openjdk-20.0.1\bin\VCRUNTIME140.dll
0x00007ffbf0da0000 - 0x00007ffbf103a000 	C:\WINDOWS\WinSxS\amd64_microsoft.windows.common-controls_6595b64144ccf1df_6.0.19041.1110_none_60b5254171f9507e\COMCTL32.dll
0x00007ffc19850000 - 0x00007ffc198ee000 	C:\WINDOWS\System32\msvcrt.dll
0x00007ffc18f00000 - 0x00007ffc18f30000 	C:\WINDOWS\System32\IMM32.DLL
0x00007ffbf1040000 - 0x00007ffbf104c000 	C:\Users\shara\.jdks\openjdk-20.0.1\bin\vcruntime140_1.dll
0x00007ffbd85c0000 - 0x00007ffbd864e000 	C:\Users\shara\.jdks\openjdk-20.0.1\bin\msvcp140.dll
0x00007ffb69e80000 - 0x00007ffb6ab17000 	C:\Users\shara\.jdks\openjdk-20.0.1\bin\server\jvm.dll
0x00007ffc183d0000 - 0x00007ffc1847e000 	C:\WINDOWS\System32\ADVAPI32.dll
0x00007ffc1a290000 - 0x00007ffc1a32c000 	C:\WINDOWS\System32\sechost.dll
0x00007ffc19a10000 - 0x00007ffc19b36000 	C:\WINDOWS\System32\RPCRT4.dll
0x00007ffc0f4b0000 - 0x00007ffc0f4b9000 	C:\WINDOWS\SYSTEM32\WSOCK32.dll
0x00007ffc190a0000 - 0x00007ffc1910b000 	C:\WINDOWS\System32\WS2_32.dll
0x00007ffbfa700000 - 0x00007ffbfa727000 	C:\WINDOWS\SYSTEM32\WINMM.dll
0x00007ffc0fce0000 - 0x00007ffc0fcea000 	C:\WINDOWS\SYSTEM32\VERSION.dll
0x00007ffc162d0000 - 0x00007ffc162e2000 	C:\WINDOWS\SYSTEM32\kernel.appcore.dll
0x00007ffbf0cc0000 - 0x00007ffbf0cca000 	C:\Users\shara\.jdks\openjdk-20.0.1\bin\jimage.dll
0x00007ffc15840000 - 0x00007ffc15a24000 	C:\WINDOWS\SYSTEM32\DBGHELP.DLL
0x00007ffc06b00000 - 0x00007ffc06b34000 	C:\WINDOWS\SYSTEM32\dbgcore.DLL
0x00007ffc17dd0000 - 0x00007ffc17e52000 	C:\WINDOWS\System32\bcryptPrimitives.dll
0x00007ffc10b30000 - 0x00007ffc10b3e000 	C:\Users\shara\.jdks\openjdk-20.0.1\bin\instrument.dll
0x00007ffbe5620000 - 0x00007ffbe5646000 	C:\Users\shara\.jdks\openjdk-20.0.1\bin\java.dll
0x00007ffba1240000 - 0x00007ffba1317000 	C:\Users\shara\.jdks\openjdk-20.0.1\bin\jsvml.dll
0x00007ffc19b40000 - 0x00007ffc1a284000 	C:\WINDOWS\System32\SHELL32.dll
0x00007ffc15b20000 - 0x00007ffc162b3000 	C:\WINDOWS\SYSTEM32\windows.storage.dll
0x00007ffc19490000 - 0x00007ffc197e4000 	C:\WINDOWS\System32\combase.dll
0x00007ffc17470000 - 0x00007ffc1749e000 	C:\WINDOWS\SYSTEM32\Wldp.dll
0x00007ffc19230000 - 0x00007ffc192dd000 	C:\WINDOWS\System32\SHCORE.dll
0x00007ffc18710000 - 0x00007ffc18765000 	C:\WINDOWS\System32\shlwapi.dll
0x00007ffc179c0000 - 0x00007ffc179df000 	C:\WINDOWS\SYSTEM32\profapi.dll
0x00007ffbe5700000 - 0x00007ffbe5713000 	C:\Users\shara\.jdks\openjdk-20.0.1\bin\net.dll
0x00007ffc0da80000 - 0x00007ffc0db8a000 	C:\WINDOWS\SYSTEM32\WINHTTP.dll
0x00007ffc171d0000 - 0x00007ffc1723a000 	C:\WINDOWS\system32\mswsock.dll
0x00007ffbe5600000 - 0x00007ffbe5616000 	C:\Users\shara\.jdks\openjdk-20.0.1\bin\nio.dll
0x00007ffbe5260000 - 0x00007ffbe5278000 	C:\Users\shara\.jdks\openjdk-20.0.1\bin\zip.dll
0x00007ffbf6980000 - 0x00007ffbf699a000 	C:\Program Files\JetBrains\IntelliJ IDEA 2022.3.3\bin\breakgen64.dll
0x0000018bec2f0000 - 0x0000018bec2f3000 	C:\Users\shara\.openjfx\cache\17.0.2-ea\api-ms-win-core-console-l1-1-0.dll
0x0000018bec300000 - 0x0000018bec303000 	C:\Users\shara\.openjfx\cache\17.0.2-ea\api-ms-win-core-console-l1-2-0.dll
0x0000018bec310000 - 0x0000018bec313000 	C:\Users\shara\.openjfx\cache\17.0.2-ea\api-ms-win-core-datetime-l1-1-0.dll
0x0000018bec320000 - 0x0000018bec323000 	C:\Users\shara\.openjfx\cache\17.0.2-ea\api-ms-win-core-debug-l1-1-0.dll
0x0000018bec330000 - 0x0000018bec333000 	C:\Users\shara\.openjfx\cache\17.0.2-ea\api-ms-win-core-errorhandling-l1-1-0.dll
0x0000018bec340000 - 0x0000018bec344000 	C:\Users\shara\.openjfx\cache\17.0.2-ea\api-ms-win-core-file-l1-1-0.dll
0x0000018bec350000 - 0x0000018bec353000 	C:\Users\shara\.openjfx\cache\17.0.2-ea\api-ms-win-core-file-l1-2-0.dll
0x0000018bec360000 - 0x0000018bec363000 	C:\Users\shara\.openjfx\cache\17.0.2-ea\api-ms-win-core-file-l2-1-0.dll
0x0000018bec370000 - 0x0000018bec373000 	C:\Users\shara\.openjfx\cache\17.0.2-ea\api-ms-win-core-handle-l1-1-0.dll
0x0000018bec380000 - 0x0000018bec383000 	C:\Users\shara\.openjfx\cache\17.0.2-ea\api-ms-win-core-heap-l1-1-0.dll
0x0000018bec390000 - 0x0000018bec393000 	C:\Users\shara\.openjfx\cache\17.0.2-ea\api-ms-win-core-interlocked-l1-1-0.dll
0x0000018bec3a0000 - 0x0000018bec3a3000 	C:\Users\shara\.openjfx\cache\17.0.2-ea\api-ms-win-core-libraryloader-l1-1-0.dll
0x0000018bec3b0000 - 0x0000018bec3b3000 	C:\Users\shara\.openjfx\cache\17.0.2-ea\api-ms-win-core-localization-l1-2-0.dll
0x0000018bec3c0000 - 0x0000018bec3c3000 	C:\Users\shara\.openjfx\cache\17.0.2-ea\api-ms-win-core-memory-l1-1-0.dll
0x0000018bec3d0000 - 0x0000018bec3d3000 	C:\Users\shara\.openjfx\cache\17.0.2-ea\api-ms-win-core-namedpipe-l1-1-0.dll
0x0000018bec3e0000 - 0x0000018bec3e3000 	C:\Users\shara\.openjfx\cache\17.0.2-ea\api-ms-win-core-processenvironment-l1-1-0.dll
0x0000018bec3f0000 - 0x0000018bec3f3000 	C:\Users\shara\.openjfx\cache\17.0.2-ea\api-ms-win-core-processthreads-l1-1-0.dll
0x0000018bf1fd0000 - 0x0000018bf1fd3000 	C:\Users\shara\.openjfx\cache\17.0.2-ea\api-ms-win-core-processthreads-l1-1-1.dll
0x0000018bf1fe0000 - 0x0000018bf1fe3000 	C:\Users\shara\.openjfx\cache\17.0.2-ea\api-ms-win-core-profile-l1-1-0.dll
0x0000018bf1ff0000 - 0x0000018bf1ff3000 	C:\Users\shara\.openjfx\cache\17.0.2-ea\api-ms-win-core-rtlsupport-l1-1-0.dll
0x0000018bf2000000 - 0x0000018bf2003000 	C:\Users\shara\.openjfx\cache\17.0.2-ea\api-ms-win-core-string-l1-1-0.dll
0x0000018bf2010000 - 0x0000018bf2013000 	C:\Users\shara\.openjfx\cache\17.0.2-ea\api-ms-win-core-synch-l1-1-0.dll
0x0000018bf2020000 - 0x0000018bf2023000 	C:\Users\shara\.openjfx\cache\17.0.2-ea\api-ms-win-core-synch-l1-2-0.dll
0x0000018bf2030000 - 0x0000018bf2033000 	C:\Users\shara\.openjfx\cache\17.0.2-ea\api-ms-win-core-sysinfo-l1-1-0.dll
0x0000018bf2040000 - 0x0000018bf2043000 	C:\Users\shara\.openjfx\cache\17.0.2-ea\api-ms-win-core-timezone-l1-1-0.dll
0x0000018bf2050000 - 0x0000018bf2053000 	C:\Users\shara\.openjfx\cache\17.0.2-ea\api-ms-win-core-util-l1-1-0.dll
0x0000018bf2060000 - 0x0000018bf2063000 	C:\Users\shara\.openjfx\cache\17.0.2-ea\api-ms-win-crt-conio-l1-1-0.dll
0x0000018bf2070000 - 0x0000018bf2074000 	C:\Users\shara\.openjfx\cache\17.0.2-ea\api-ms-win-crt-convert-l1-1-0.dll
0x0000018bf2080000 - 0x0000018bf2083000 	C:\Users\shara\.openjfx\cache\17.0.2-ea\api-ms-win-crt-environment-l1-1-0.dll
0x0000018bf2090000 - 0x0000018bf2093000 	C:\Users\shara\.openjfx\cache\17.0.2-ea\api-ms-win-crt-filesystem-l1-1-0.dll
0x0000018bf20a0000 - 0x0000018bf20a3000 	C:\Users\shara\.openjfx\cache\17.0.2-ea\api-ms-win-crt-heap-l1-1-0.dll
0x0000018bf2300000 - 0x0000018bf2303000 	C:\Users\shara\.openjfx\cache\17.0.2-ea\api-ms-win-crt-locale-l1-1-0.dll
0x0000018bf2310000 - 0x0000018bf2315000 	C:\Users\shara\.openjfx\cache\17.0.2-ea\api-ms-win-crt-math-l1-1-0.dll
0x0000018bf2320000 - 0x0000018bf2325000 	C:\Users\shara\.openjfx\cache\17.0.2-ea\api-ms-win-crt-multibyte-l1-1-0.dll
0x0000018bf2330000 - 0x0000018bf2340000 	C:\Users\shara\.openjfx\cache\17.0.2-ea\api-ms-win-crt-private-l1-1-0.dll
0x0000018bf2340000 - 0x0000018bf2343000 	C:\Users\shara\.openjfx\cache\17.0.2-ea\api-ms-win-crt-process-l1-1-0.dll
0x0000018bf2350000 - 0x0000018bf2354000 	C:\Users\shara\.openjfx\cache\17.0.2-ea\api-ms-win-crt-runtime-l1-1-0.dll
0x0000018bf2360000 - 0x0000018bf2364000 	C:\Users\shara\.openjfx\cache\17.0.2-ea\api-ms-win-crt-stdio-l1-1-0.dll
0x0000018bf20b0000 - 0x0000018bf20b4000 	C:\Users\shara\.openjfx\cache\17.0.2-ea\api-ms-win-crt-string-l1-1-0.dll
0x0000018bf21f0000 - 0x0000018bf21f3000 	C:\Users\shara\.openjfx\cache\17.0.2-ea\api-ms-win-crt-time-l1-1-0.dll
0x0000018bf2200000 - 0x0000018bf2203000 	C:\Users\shara\.openjfx\cache\17.0.2-ea\api-ms-win-crt-utility-l1-1-0.dll
0x00007ffbd4570000 - 0x00007ffbd466c000 	C:\Users\shara\.openjfx\cache\17.0.2-ea\ucrtbase.dll
0x00007ffbf6960000 - 0x00007ffbf697a000 	C:\Users\shara\.openjfx\cache\17.0.2-ea\vcruntime140.dll
0x00007ffc061c0000 - 0x00007ffc061cc000 	C:\Users\shara\.openjfx\cache\17.0.2-ea\vcruntime140_1.dll
0x00007ffbdb640000 - 0x00007ffbdb6cd000 	C:\Users\shara\.openjfx\cache\17.0.2-ea\msvcp140.dll
0x00007ffbf31b0000 - 0x00007ffbf31da000 	C:\Users\shara\.openjfx\cache\17.0.2-ea\prism_d3d.dll
0x00007ffbef950000 - 0x00007ffbefb1d000 	C:\WINDOWS\system32\d3d9.dll
0x00007ffc15390000 - 0x00007ffc153bf000 	C:\WINDOWS\SYSTEM32\dwmapi.dll
0x00007ffc150d0000 - 0x00007ffc1516e000 	C:\WINDOWS\system32\uxtheme.dll
0x00007ffbcd210000 - 0x00007ffbcd3b8000 	C:\WINDOWS\System32\DriverStore\FileRepository\iigd_dch.inf_amd64_393549dac595e659\igdumdim64.dll
0x00007ffc18f30000 - 0x00007ffc1905a000 	C:\WINDOWS\System32\ole32.dll
0x00007ffb77570000 - 0x00007ffb7b18f000 	C:\WINDOWS\System32\DriverStore\FileRepository\iigd_dch.inf_amd64_393549dac595e659\igd9dxva64.dll
0x00007ffc18480000 - 0x00007ffc1854d000 	C:\WINDOWS\System32\OLEAUT32.dll
0x00007ffc18a90000 - 0x00007ffc18ef8000 	C:\WINDOWS\System32\SETUPAPI.dll
0x00007ffc17ce0000 - 0x00007ffc17d2e000 	C:\WINDOWS\System32\cfgmgr32.dll
0x00007ffc17d30000 - 0x00007ffc17d57000 	C:\WINDOWS\System32\bcrypt.dll
0x00007ffc02c80000 - 0x00007ffc03048000 	C:\WINDOWS\System32\DriverStore\FileRepository\iigd_dch.inf_amd64_393549dac595e659\igdgmm64.dll
0x00007ffbe5320000 - 0x00007ffbe5362000 	C:\Users\shara\.openjfx\cache\17.0.2-ea\glass.dll
0x00007ffc18930000 - 0x00007ffc18a0a000 	C:\WINDOWS\System32\COMDLG32.dll
0x00007ffc198f0000 - 0x00007ffc19a04000 	C:\WINDOWS\System32\MSCTF.dll
0x00007ffbaae30000 - 0x00007ffbaae57000 	C:\WINDOWS\System32\DriverStore\FileRepository\iigd_dch.inf_amd64_393549dac595e659\igdinfo64.dll
0x00007ffbff690000 - 0x00007ffc02c76000 	C:\WINDOWS\System32\DriverStore\FileRepository\iigd_dch.inf_amd64_393549dac595e659\igc64.dll
0x00007ffc040a0000 - 0x00007ffc040db000 	C:\WINDOWS\SYSTEM32\dxcore.dll
0x00007ffbf29b0000 - 0x00007ffbf29c4000 	C:\Users\shara\.openjfx\cache\17.0.2-ea\javafx_font.dll
0x00007ffbf7620000 - 0x00007ffbf789f000 	C:\WINDOWS\SYSTEM32\dwrite.dll
0x00007ffc18800000 - 0x00007ffc188a9000 	C:\WINDOWS\System32\clbcatq.dll
0x00007ffc05ab0000 - 0x00007ffc05c64000 	C:\WINDOWS\SYSTEM32\WindowsCodecs.dll
0x00007ffbe57f0000 - 0x00007ffbe582e000 	C:\WINDOWS\system32\dataexchange.dll
0x00007ffc13710000 - 0x00007ffc13973000 	C:\WINDOWS\system32\d3d11.dll
0x00007ffc14340000 - 0x00007ffc14523000 	C:\WINDOWS\system32\dcomp.dll
0x00007ffc16340000 - 0x00007ffc16433000 	C:\WINDOWS\system32\dxgi.dll
0x00007ffc0f6c0000 - 0x00007ffc0f8c0000 	C:\WINDOWS\system32\twinapi.appcore.dll
0x00007ffbefde0000 - 0x00007ffbefe14000 	C:\Program Files\Common Files\Microsoft Shared\Ink\rtscom.dll
0x00007ffbfc6c0000 - 0x00007ffbfc7b9000 	C:\WINDOWS\SYSTEM32\textinputframework.dll
0x00007ffc14960000 - 0x00007ffc14cbe000 	C:\WINDOWS\System32\CoreUIComponents.dll
0x00007ffc14d00000 - 0x00007ffc14df2000 	C:\WINDOWS\System32\CoreMessaging.dll
0x00007ffc16c30000 - 0x00007ffc16c63000 	C:\WINDOWS\SYSTEM32\ntmarta.dll
0x00007ffc140a0000 - 0x00007ffc141f4000 	C:\WINDOWS\SYSTEM32\wintypes.dll
0x00007ffc13a80000 - 0x00007ffc14040000 	C:\WINDOWS\SYSTEM32\d2d1.dll
0x00007ffc04a00000 - 0x00007ffc050f6000 	C:\WINDOWS\SYSTEM32\D3D10Warp.dll
0x00007ffc16f10000 - 0x00007ffc16fdb000 	C:\WINDOWS\SYSTEM32\DNSAPI.dll
0x00007ffc16ec0000 - 0x00007ffc16efc000 	C:\WINDOWS\SYSTEM32\IPHLPAPI.DLL

dbghelp: loaded successfully - version: 4.0.5 - missing functions: none
symbol engine: initialized successfully - sym options: 0x614 - pdb path: .;C:\Users\shara\.jdks\openjdk-20.0.1\bin;C:\WINDOWS\SYSTEM32;C:\WINDOWS\WinSxS\amd64_microsoft.windows.common-controls_6595b64144ccf1df_6.0.19041.1110_none_60b5254171f9507e;C:\Users\shara\.jdks\openjdk-20.0.1\bin\server;C:\Program Files\JetBrains\IntelliJ IDEA 2022.3.3\bin;C:\Users\shara\.openjfx\cache\17.0.2-ea;C:\WINDOWS\System32\DriverStore\FileRepository\iigd_dch.inf_amd64_393549dac595e659;C:\Program Files\Common Files\Microsoft Shared\Ink

VM Arguments:
jvm_args: -javaagent:C:\Program Files\JetBrains\IntelliJ IDEA 2022.3.3\lib\idea_rt.jar=65415:C:\Program Files\JetBrains\IntelliJ IDEA 2022.3.3\bin -Dfile.encoding=UTF-8 -Dsun.stdout.encoding=UTF-8 -Dsun.stderr.encoding=UTF-8 --module-path=C:\Users\shara\.m2\repository\org\openjfx\javafx-graphics\17.0.2\javafx-graphics-17.0.2-win.jar;C:\Users\shara\.m2\repository\org\openjfx\javafx-base\17.0.2\javafx-base-17.0.2-win.jar;C:\Users\shara\.m2\repository\org\openjfx\javafx-controls\17.0.2\javafx-controls-17.0.2-win.jar;C:\Users\shara\.m2\repository\org\openjfx\javafx-fxml\17.0.2\javafx-fxml-17.0.2-win.jar;C:\Users\shara\IdeaProjects\Demo\target\classes -Djdk.module.main=sample.demo 
java_command: sample.demo/sample.demo.HelloApplication
java_class_path (initial): C:\Users\shara\.m2\repository\org\openjfx\javafx-controls\17.0.2\javafx-controls-17.0.2.jar;C:\Users\shara\.m2\repository\org\openjfx\javafx-graphics\17.0.2\javafx-graphics-17.0.2.jar;C:\Users\shara\.m2\repository\org\openjfx\javafx-base\17.0.2\javafx-base-17.0.2.jar;C:\Users\shara\.m2\repository\org\openjfx\javafx-fxml\17.0.2\javafx-fxml-17.0.2.jar;C:\Users\shara\.m2\repository\com\mysql\mysql-connector-j\8.0.33\mysql-connector-j-8.0.33.jar;C:\Users\shara\.m2\repository\com\google\protobuf\protobuf-java\3.21.9\protobuf-java-3.21.9.jar
Launcher Type: SUN_STANDARD

[Global flags]
     intx CICompilerCount                          = 4                                         {product} {ergonomic}
     uint ConcGCThreads                            = 2                                         {product} {ergonomic}
     uint G1ConcRefinementThreads                  = 8                                         {product} {ergonomic}
   size_t G1HeapRegionSize                         = 2097152                                   {product} {ergonomic}
    uintx GCDrainStackTargetSize                   = 64                                        {product} {ergonomic}
   size_t InitialHeapSize                          = 266338304                                 {product} {ergonomic}
   size_t MarkStackSize                            = 4194304                                   {product} {ergonomic}
   size_t MaxHeapSize                              = 4261412864                                {product} {ergonomic}
   size_t MaxNewSize                               = 2556428288                                {product} {ergonomic}
   size_t MinHeapDeltaBytes                        = 2097152                                   {product} {ergonomic}
   size_t MinHeapSize                              = 8388608                                   {product} {ergonomic}
    uintx NonNMethodCodeHeapSize                   = 5839372                                {pd product} {ergonomic}
    uintx NonProfiledCodeHeapSize                  = 122909434                              {pd product} {ergonomic}
    uintx ProfiledCodeHeapSize                     = 122909434                              {pd product} {ergonomic}
    uintx ReservedCodeCacheSize                    = 251658240                              {pd product} {ergonomic}
     bool SegmentedCodeCache                       = true                                      {product} {ergonomic}
   size_t SoftMaxHeapSize                          = 4261412864                             {manageable} {ergonomic}
     bool UseCompressedClassPointers               = true                           {product lp64_product} {ergonomic}
     bool UseCompressedOops                        = true                           {product lp64_product} {ergonomic}
     bool UseG1GC                                  = true                                      {product} {ergonomic}
     bool UseLargePagesIndividualAllocation        = false                                  {pd product} {ergonomic}

Logging:
Log output configuration:
 #0: stdout all=off uptime,level,tags foldmultilines=false
 #1: stderr all=off uptime,level,tags foldmultilines=false

Environment Variables:
PATH=C:\Users\shara\Downloads\CUserssharaDownloadsWINDOWS.X64_193000_db_home\bin;C:\Program Files\Java\jdk-11.0.2\bin;C:\WINDOWS\system32;C:\WINDOWS;C:\WINDOWS\System32\Wbem;C:\WINDOWS\System32\WindowsPowerShell\v1.0\;C:\WINDOWS\System32\OpenSSH\;C:\Program Files\Git\cmd;C:\Program Files\Git\mingw64\bin;C:\Program Files\Git\usr\bin;C:\wamp64\bin\php\php7.3.12;C:\Program Files\dotnet\;C:\Program Files\MySQL\MySQL Shell 8.0\bin\;C:\Users\shara\AppData\Local\Microsoft\WindowsApps;;C:\Program Files\JetBrains\IntelliJ IDEA Community Edition 2020.2.3\bin;;C:\Users\shara\.dotnet\tools;C:\Program Files\JetBrains\IntelliJ IDEA 2022.3.3\bin;
USERNAME=shara
OS=Windows_NT
PROCESSOR_IDENTIFIER=Intel64 Family 6 Model 142 Stepping 12, GenuineIntel
TMP=C:\Users\shara\AppData\Local\Temp
TEMP=C:\Users\shara\AppData\Local\Temp




---------------  S Y S T E M  ---------------

OS:
 Windows 10 , 64 bit Build 19041 (10.0.19041.2788)
OS uptime: 52 days 21:06 hours

CPU: total 8 (initial active 8) (4 cores per cpu, 2 threads per core) family 6 model 142 stepping 12 microcode 0xc6, cx8, cmov, fxsr, ht, mmx, 3dnowpref, sse, sse2, sse3, ssse3, sse4.1, sse4.2, popcnt, lzcnt, tsc, tscinvbit, avx, avx2, aes, erms, clmul, bmi1, bmi2, adx, fma, vzeroupper, clflush, clflushopt, rdtscp, f16c

Memory: 4k page, system-wide physical 16254M (4138M free)
TotalPageFile size 31337M (AvailPageFile size 3678M)
current process WorkingSet (physical memory assigned to process): 196M, peak: 222M
current process commit charge ("private bytes"): 437M, peak: 465M

vm_info: OpenJDK 64-Bit Server VM (20.0.1+9-29) for windows-amd64 JRE (20.0.1+9-29), built on 2023-03-07T13:56:11Z by "mach5one" with MS VC++ 17.1 (VS2022)

END.
