#
# A fatal error has been detected by the Java Runtime Environment:
#
#  EXCEPTION_ACCESS_VIOLATION (0xc0000005) at pc=0x00007ffbe27f6ab7, pid=30224, tid=32892
#
# JRE version: OpenJDK Runtime Environment (20.0.1+9) (build 20.0.1+9-29)
# Java VM: OpenJDK 64-Bit Server VM (20.0.1+9-29, mixed mode, sharing, tiered, compressed oops, compressed class ptrs, g1 gc, windows-amd64)
# Problematic frame:
# C  [glass.dll+0x26ab7]
#
# No core dump will be written. Minidumps are not enabled by default on client versions of Windows
#
# If you would like to submit a bug report, please visit:
#   https://bugreport.java.com/bugreport/crash.jsp
#

---------------  S U M M A R Y ------------

Command Line: -javaagent:C:\Program Files\JetBrains\IntelliJ IDEA 2022.3.3\lib\idea_rt.jar=59191:C:\Program Files\JetBrains\IntelliJ IDEA 2022.3.3\bin -Dfile.encoding=UTF-8 -Dsun.stdout.encoding=UTF-8 -Dsun.stderr.encoding=UTF-8 --module-path=C:\Users\shara\.m2\repository\org\openjfx\javafx-graphics\17.0.2\javafx-graphics-17.0.2-win.jar;C:\Users\shara\IdeaProjects\Demo\target\classes;C:\Users\shara\.m2\repository\org\openjfx\javafx-controls\17.0.2\javafx-controls-17.0.2-win.jar;C:\Users\shara\.m2\repository\org\openjfx\javafx-base\17.0.2\javafx-base-17.0.2-win.jar;C:\Users\shara\.m2\repository\org\openjfx\javafx-fxml\17.0.2\javafx-fxml-17.0.2-win.jar -Djdk.module.main=sample.demo sample.demo/sample.demo.HelloApplication

Host: Intel(R) Core(TM) i7-8565U CPU @ 1.80GHz, 8 cores, 15G,  Windows 10 , 64 bit Build 19041 (10.0.19041.2788)
Time: Wed Jun  7 17:12:55 2023 Russia TZ 2 Standard Time elapsed time: 30.145549 seconds (0d 0h 0m 30s)

---------------  T H R E A D  ---------------

Current thread (0x0000027cc45839c0):  VMThread "VM Thread" [stack: 0x000000b026200000,0x000000b026300000] [id=32892]

Stack: [0x000000b026200000,0x000000b026300000],  sp=0x000000b0262ff000,  free space=1020k
Native frames: (J=compiled Java code, j=interpreted, Vv=VM code, C=native code)
C  [glass.dll+0x26ab7]


siginfo: EXCEPTION_ACCESS_VIOLATION (0xc0000005), reading address 0x0000000000000000


Registers:
RAX=0x0000000000000000, RBX=0x0000027cc4586668, RCX=0x0000027cc45839c0, RDX=0x000000b0262ff000
RSP=0x000000b0262ff000, RBP=0x0000027cc9804cb8, RSI=0x0000027cc9804c90, RDI=0x0000bd1d51c5b3c7
R8 =0x0000000000010002, R9 =0x0000bd1d51c5b3c7, R10=0x0000000000008000, R11=0x000000b0262fef90
R12=0x00007ffbe27f4384, R13=0x00007ffba21dea90, R14=0x000000b0262ff0f8, R15=0x0000027cc9804c90
RIP=0x00007ffbe27f6ab7, EFLAGS=0x0000000000010202


Register to memory mapping:

RIP=0x00007ffbe27f6ab7 glass.dll
RAX=0x0 is NULL
RBX=0x0000027cc4586668 is a global jni handle
RCX=0x0000027cc45839c0 points into unknown readable memory: 0x00007ffba2007080 | 80 70 00 a2 fb 7f 00 00
RDX=0x000000b0262ff000 points into unknown readable memory: 0x0000000000000000 | 00 00 00 00 00 00 00 00
RSP=0x000000b0262ff000 points into unknown readable memory: 0x0000000000000000 | 00 00 00 00 00 00 00 00
RBP=0x0000027cc9804cb8 points into unknown readable memory: 0x0000bd1d51c5b3c7 | c7 b3 c5 51 1d bd 00 00
RSI=0x0000027cc9804c90 points into unknown readable memory: 0x003f40ec6e5afdc7 | c7 fd 5a 6e ec 40 3f 00
RDI=0x0000bd1d51c5b3c7 is an unknown value
R8 =0x0000000000010002 is an unknown value
R9 =0x0000bd1d51c5b3c7 is an unknown value
R10=0x0000000000008000 is an unknown value
R11=0x000000b0262fef90 points into unknown readable memory: 0x0000027cc9804c90 | 90 4c 80 c9 7c 02 00 00
R12=0x00007ffbe27f4384 glass.dll
R13=0x00007ffba21dea90 jvm.dll
R14=0x000000b0262ff0f8 points into unknown readable memory: 0x000000b0262ff0e0 | e0 f0 2f 26 b0 00 00 00
R15=0x0000027cc9804c90 points into unknown readable memory: 0x003f40ec6e5afdc7 | c7 fd 5a 6e ec 40 3f 00


Top of Stack: (sp=0x000000b0262ff000)
0x000000b0262ff000:   0000000000000000 0000027cc9804c90
0x000000b0262ff010:   00007ffba21dea90 00007ffbe27f4384
0x000000b0262ff020:   0000027cc9804c98 00007ffc182b42d6
0x000000b0262ff030:   0000bd1d51c5b3c7 0000027c00000000
0x000000b0262ff040:   0000027cc9804cb8 0000027cc9804c90
0x000000b0262ff050:   fffffffffffffffe 0000000000000000
0x000000b0262ff060:   0000000000000001 00007ffbe27d0000
0x000000b0262ff070:   000000b0262ff0e8 00007ffc182b41fb
0x000000b0262ff080:   0000000000000000 000000b0262ff0f8
0x000000b0262ff090:   000000b0262ff3c0 00007ffc18390e40
0x000000b0262ff0a0:   0000000000000001 00007ffc182b41b4
0x000000b0262ff0b0:   0000000000000000 0000000000000001
0x000000b0262ff0c0:   00007ffb00000001 000000b0262ff0e8
0x000000b0262ff0d0:   0000000000000000 00007ffbe27f4211
0x000000b0262ff0e0:   00007ffbe280a138 00007ffc00000002
0x000000b0262ff0f0:   0000000000000002 000000b0262ff0e0
0x000000b0262ff100:   0000000000000000 00007ffc1a389993
0x000000b0262ff110:   0000000000000000 00007ffbe27f4336
0x000000b0262ff120:   0000000000000001 0000000000000000
0x000000b0262ff130:   0000000000000000 0000000000000001
0x000000b0262ff140:   0000000000000000 0000000000000000
0x000000b0262ff150:   0000000000000001 0000e1b19019cf4f
0x000000b0262ff160:   00007ffbe27d0000 000000007ffe0384
0x000000b0262ff170:   0000000000000000 00007ffc1a389a1d
0x000000b0262ff180:   00007ffbe27d0000 0000000000000000
0x000000b0262ff190:   0000000000000001 000000007ffe0385
0x000000b0262ff1a0:   0000000002360fb8 000000b0262ff3c0
0x000000b0262ff1b0:   0000e1b100000000 0000000000000014
0x000000b0262ff1c0:   0000000000000000 00007ffbe27f4384
0x000000b0262ff1d0:   00000000000003d8 0000027cc9795090
0x000000b0262ff1e0:   0000027cc4576200 00007ffc1a3cdcec
0x000000b0262ff1f0:   0000027cc9794bb0 00007ffbe27d0000 

Instructions: (pc=0x00007ffbe27f6ab7)
0x00007ffbe27f69b7:   8b 4d 58 e8 01 cf ff ff 48 8b 4d 60 e8 f8 ce ff
0x00007ffbe27f69c7:   ff 48 8b 95 80 00 00 00 48 8b 8d 18 01 00 00 e8
0x00007ffbe27f69d7:   c6 c3 ff ff 33 d2 33 c9 e8 3c e1 ff ff 90 48 89
0x00007ffbe27f69e7:   54 24 10 55 48 83 ec 20 48 8b ea 48 b8 00 00 00
0x00007ffbe27f69f7:   00 00 00 00 00 48 83 c4 20 5d c3 cc 40 55 48 8b
0x00007ffbe27f6a07:   ea 48 8b 01 33 c9 81 38 05 00 00 c0 0f 94 c1 8b
0x00007ffbe27f6a17:   c1 5d c3 cc 40 55 48 83 ec 20 48 8b ea 8a 4d 40
0x00007ffbe27f6a27:   48 83 c4 20 5d e9 f7 d2 ff ff cc 40 55 48 83 ec
0x00007ffbe27f6a37:   20 48 8b ea 8a 4d 20 e8 e5 d2 ff ff 90 48 83 c4
0x00007ffbe27f6a47:   20 5d c3 cc 40 55 48 83 ec 20 48 8b ea 48 83 c4
0x00007ffbe27f6a57:   20 5d e9 46 d1 ff ff cc 40 55 48 83 ec 30 48 8b
0x00007ffbe27f6a67:   ea 48 8b 01 8b 10 48 89 4c 24 28 89 54 24 20 4c
0x00007ffbe27f6a77:   8d 0d e7 d5 ff ff 4c 8b 45 70 8b 55 68 48 8b 4d
0x00007ffbe27f6a87:   60 e8 87 d0 ff ff 90 48 83 c4 30 5d c3 cc cc cc
0x00007ffbe27f6a97:   cc cc cc cc cc cc cc cc cc 40 53 48 83 ec 20 48
0x00007ffbe27f6aa7:   8b 1d 83 30 01 00 48 85 db 74 16 e8 09 8b ff ff
0x00007ffbe27f6ab7:   4c 8b 00 48 8b d3 48 8b c8 41 ff 90 b0 00 00 00
0x00007ffbe27f6ac7:   90 48 83 c4 20 5b c3 cc cc 40 53 48 83 ec 20 48
0x00007ffbe27f6ad7:   8b 1d fb 31 01 00 48 85 db 74 57 b8 ff ff ff ff
0x00007ffbe27f6ae7:   f0 0f c1 43 10 83 f8 01 75 3d 48 85 db 74 38 48
0x00007ffbe27f6af7:   8b 0b 48 85 c9 74 0d ff 15 a4 07 00 00 48 c7 03
0x00007ffbe27f6b07:   00 00 00 00 48 8b 4b 08 48 85 c9 74 0d e8 a7 cd
0x00007ffbe27f6b17:   ff ff 48 c7 43 08 00 00 00 00 ba 18 00 00 00 48
0x00007ffbe27f6b27:   8b cb e8 92 cd ff ff 48 c7 05 9f 31 01 00 00 00
0x00007ffbe27f6b37:   00 00 48 83 c4 20 5b c3 cc 40 53 48 83 ec 20 48
0x00007ffbe27f6b47:   8b 1d 6b 31 01 00 48 85 db 74 57 b8 ff ff ff ff
0x00007ffbe27f6b57:   f0 0f c1 43 10 83 f8 01 75 3d 48 85 db 74 38 48
0x00007ffbe27f6b67:   8b 0b 48 85 c9 74 0d ff 15 34 07 00 00 48 c7 03
0x00007ffbe27f6b77:   00 00 00 00 48 8b 4b 08 48 85 c9 74 0d e8 37 cd
0x00007ffbe27f6b87:   ff ff 48 c7 43 08 00 00 00 00 ba 18 00 00 00 48
0x00007ffbe27f6b97:   8b cb e8 22 cd ff ff 48 c7 05 0f 31 01 00 00 00
0x00007ffbe27f6ba7:   00 00 48 83 c4 20 5b c3 cc 40 53 48 83 ec 20 48 


Stack slot to memory mapping:
stack at sp + 0 slots: 0x0 is NULL
stack at sp + 1 slots: 0x0000027cc9804c90 points into unknown readable memory: 0x003f40ec6e5afdc7 | c7 fd 5a 6e ec 40 3f 00
stack at sp + 2 slots: 0x00007ffba21dea90 jvm.dll
stack at sp + 3 slots: 0x00007ffbe27f4384 glass.dll
stack at sp + 4 slots: 0x0000027cc9804c98 points into unknown readable memory: 0x0000bd1d51c5b3c7 | c7 b3 c5 51 1d bd 00 00
stack at sp + 5 slots: 0x00007ffc182b42d6 ucrtbase.dll
stack at sp + 6 slots: 0x0000bd1d51c5b3c7 is an unknown value
stack at sp + 7 slots: 0x0000027c00000000 is an unknown value

VM_Operation (0x000000b0288fed30): Exit, mode: safepoint, requested by thread 0x0000027cca294e10


---------------  P R O C E S S  ---------------

Threads class SMR info:
_java_thread_list=0x0000027cc99f8cb0, length=19, elements={
0x0000027ca544b350, 0x0000027cc459fbb0, 0x0000027cc45a09b0, 0x0000027cc45a3580,
0x0000027cc45a6fe0, 0x0000027cc45aaeb0, 0x0000027cc45b0560, 0x0000027cc45baf00,
0x0000027cc45aa410, 0x0000027cc45ab950, 0x0000027cc45abea0, 0x0000027cc45a8ed0,
0x0000027cc45aa960, 0x0000027cc45a9970, 0x0000027cc45ab400, 0x0000027cc45a9420,
0x0000027cc45a8980, 0x0000027cca2948c0, 0x0000027cca294e10
}

Java Threads: ( => current thread )
  0x0000027ca544b350 JavaThread "main" [_thread_blocked, id=12472, stack(0x000000b025c00000,0x000000b025d00000)]
  0x0000027cc459fbb0 JavaThread "Reference Handler" daemon [_thread_blocked, id=4784, stack(0x000000b026300000,0x000000b026400000)]
  0x0000027cc45a09b0 JavaThread "Finalizer" daemon [_thread_blocked, id=3372, stack(0x000000b026400000,0x000000b026500000)]
  0x0000027cc45a3580 JavaThread "Attach Listener" daemon [_thread_blocked, id=10228, stack(0x000000b026600000,0x000000b026700000)]
  0x0000027cc45a6fe0 JavaThread "Service Thread" daemon [_thread_blocked, id=33656, stack(0x000000b026700000,0x000000b026800000)]
  0x0000027cc45aaeb0 JavaThread "Monitor Deflation Thread" daemon [_thread_blocked, id=8456, stack(0x000000b026800000,0x000000b026900000)]
  0x0000027cc45b0560 JavaThread "C2 CompilerThread0" daemon [_thread_blocked, id=33648, stack(0x000000b026900000,0x000000b026a00000)]
  0x0000027cc45baf00 JavaThread "C1 CompilerThread0" daemon [_thread_blocked, id=31656, stack(0x000000b026a00000,0x000000b026b00000)]
  0x0000027cc45aa410 JavaThread "Common-Cleaner" daemon [_thread_blocked, id=10736, stack(0x000000b026b00000,0x000000b026c00000)]
  0x0000027cc45ab950 JavaThread "Monitor Ctrl-Break" daemon [_thread_in_native, id=29868, stack(0x000000b026e00000,0x000000b026f00000)]
  0x0000027cc45abea0 JavaThread "Notification Thread" daemon [_thread_blocked, id=29516, stack(0x000000b026f00000,0x000000b027000000)]
  0x0000027cc45a8ed0 JavaThread "QuantumRenderer-0" daemon [_thread_blocked, id=22016, stack(0x000000b027100000,0x000000b027200000)]
  0x0000027cc45aa960 JavaThread "InvokeLaterDispatcher" daemon [_thread_blocked, id=20328, stack(0x000000b027200000,0x000000b027300000)]
  0x0000027cc45a9970 JavaThread "JavaFX Application Thread" [_thread_in_native, id=31808, stack(0x000000b027300000,0x000000b027400000)]
  0x0000027cc45ab400 JavaThread "JavaFX-Launcher" [_thread_blocked, id=24232, stack(0x000000b027700000,0x000000b027800000)]
  0x0000027cc45a9420 JavaThread "Thread-2" daemon [_thread_in_native, id=28260, stack(0x000000b027600000,0x000000b027700000)]
  0x0000027cc45a8980 JavaThread "Prism Font Disposer" daemon [_thread_blocked, id=33356, stack(0x000000b028000000,0x000000b028100000)]
  0x0000027cca2948c0 JavaThread "Cleaner-0" daemon [_thread_blocked, id=9640, stack(0x000000b028100000,0x000000b028200000)]
  0x0000027cca294e10 JavaThread "SIGINT handler" daemon [_thread_blocked, id=23368, stack(0x000000b028800000,0x000000b028900000)]

Other Threads:
=>0x0000027cc45839c0 VMThread "VM Thread" [stack: 0x000000b026200000,0x000000b026300000] [id=32892]
  0x0000027ca54b9700 WorkerThread "GC Thread#0" [stack: 0x000000b025d00000,0x000000b025e00000] [id=19700]
  0x0000027cc97a2710 WorkerThread "GC Thread#1" [stack: 0x000000b027800000,0x000000b027900000] [id=13320]
  0x0000027cc97a3520 WorkerThread "GC Thread#2" [stack: 0x000000b027900000,0x000000b027a00000] [id=10604]
  0x0000027cc97a1ea0 WorkerThread "GC Thread#3" [stack: 0x000000b027a00000,0x000000b027b00000] [id=27284]
  0x0000027cc97a37f0 WorkerThread "GC Thread#4" [stack: 0x000000b027b00000,0x000000b027c00000] [id=33676]
  0x0000027cc97a29e0 WorkerThread "GC Thread#5" [stack: 0x000000b027c00000,0x000000b027d00000] [id=19644]
  0x0000027cc97a1bd0 WorkerThread "GC Thread#6" [stack: 0x000000b026c00000,0x000000b026d00000] [id=19152]
  0x0000027cc97a2cb0 WorkerThread "GC Thread#7" [stack: 0x000000b028700000,0x000000b028800000] [id=17144]
  0x0000027ca54ca5b0 ConcurrentGCThread "G1 Main Marker" terminated
  0x0000027ca54cc790 WorkerThread "G1 Conc#0" [stack: 0x000000b025f00000,0x000000b026000000] [id=28232]
  0x0000027ca551ebc0 ConcurrentGCThread "G1 Refine#0" terminated
  0x0000027cc443e750 ConcurrentGCThread "G1 Service" terminated

Threads with active compile tasks:

VM state: at safepoint (shutting down)

VM Mutex/Monitor currently owned by a thread:  ([mutex/lock_event])
[0x0000027ca5445d10] Threads_lock - owner thread: 0x0000027cc45839c0
[0x0000027ca5448bc0] Heap_lock - owner thread: 0x0000027cca294e10

Heap address: 0x0000000702000000, size: 4064 MB, Compressed Oops mode: Zero based, Oop shift amount: 3

CDS archive(s) mapped at: [0x0000000800000000-0x0000000800c60000-0x0000000800c60000), size 12976128, SharedBaseAddress: 0x0000000800000000, ArchiveRelocationMode: 0.
Compressed class space mapped at: 0x0000000801000000-0x0000000841000000, reserved size: 1073741824
Narrow klass base: 0x0000000800000000, Narrow klass shift: 0, Narrow klass range: 0x100000000

GC Precious Log:
 CardTable entry size: 512
 Card Set container configuration: InlinePtr #cards 4 size 8 Array Of Cards #cards 16 size 48 Howl #buckets 8 coarsen threshold 3686 Howl Bitmap #cards 512 size 80 coarsen threshold 460 Card regions per heap region 1 cards per card region 4096
 CPUs: 8 total, 8 available
 Memory: 16254M
 Large Page Support: Disabled
 NUMA Support: Disabled
 Compressed Oops: Enabled (Zero based)
 Heap Region Size: 2M
 Heap Min Capacity: 8M
 Heap Initial Capacity: 254M
 Heap Max Capacity: 4064M
 Pre-touch: Disabled
 Parallel Workers: 8
 Concurrent Workers: 2
 Concurrent Refinement Workers: 8
 Periodic GC: Disabled

Heap:
 garbage-first heap   total 260096K, used 24437K [0x0000000702000000, 0x0000000800000000)
  region size 2048K, 11 young (22528K), 3 survivors (6144K)
 Metaspace       used 17733K, committed 18112K, reserved 1114112K
  class space    used 2524K, committed 2688K, reserved 1048576K

Heap Regions: E=young(eden), S=young(survivor), O=old, HS=humongous(starts), HC=humongous(continues), CS=collection set, F=free, OA=open archive, CA=closed archive, TAMS=top-at-mark-start, PB=parsable bottom
|   0|0x0000000702000000, 0x0000000702200000, 0x0000000702200000|100%|HS|  |TAMS 0x0000000702000000| PB 0x0000000702000000| Complete 
|   1|0x0000000702200000, 0x00000007023dd600, 0x0000000702400000| 93%| O|  |TAMS 0x0000000702200000| PB 0x0000000702200000| Untracked 
|   2|0x0000000702400000, 0x0000000702600000, 0x0000000702600000|100%|HS|  |TAMS 0x0000000702400000| PB 0x0000000702400000| Complete 
|   3|0x0000000702600000, 0x0000000702600000, 0x0000000702800000|  0%| F|  |TAMS 0x0000000702600000| PB 0x0000000702600000| Untracked 
|   4|0x0000000702800000, 0x0000000702800000, 0x0000000702a00000|  0%| F|  |TAMS 0x0000000702800000| PB 0x0000000702800000| Untracked 
|   5|0x0000000702a00000, 0x0000000702a00000, 0x0000000702c00000|  0%| F|  |TAMS 0x0000000702a00000| PB 0x0000000702a00000| Untracked 
|   6|0x0000000702c00000, 0x0000000702c00000, 0x0000000702e00000|  0%| F|  |TAMS 0x0000000702c00000| PB 0x0000000702c00000| Untracked 
|   7|0x0000000702e00000, 0x0000000702e00000, 0x0000000703000000|  0%| F|  |TAMS 0x0000000702e00000| PB 0x0000000702e00000| Untracked 
|   8|0x0000000703000000, 0x0000000703000000, 0x0000000703200000|  0%| F|  |TAMS 0x0000000703000000| PB 0x0000000703000000| Untracked 
|   9|0x0000000703200000, 0x0000000703200000, 0x0000000703400000|  0%| F|  |TAMS 0x0000000703200000| PB 0x0000000703200000| Untracked 
|  10|0x0000000703400000, 0x0000000703400000, 0x0000000703600000|  0%| F|  |TAMS 0x0000000703400000| PB 0x0000000703400000| Untracked 
|  11|0x0000000703600000, 0x0000000703600000, 0x0000000703800000|  0%| F|  |TAMS 0x0000000703600000| PB 0x0000000703600000| Untracked 
|  12|0x0000000703800000, 0x0000000703800000, 0x0000000703a00000|  0%| F|  |TAMS 0x0000000703800000| PB 0x0000000703800000| Untracked 
|  13|0x0000000703a00000, 0x0000000703a00000, 0x0000000703c00000|  0%| F|  |TAMS 0x0000000703a00000| PB 0x0000000703a00000| Untracked 
|  14|0x0000000703c00000, 0x0000000703c00000, 0x0000000703e00000|  0%| F|  |TAMS 0x0000000703c00000| PB 0x0000000703c00000| Untracked 
|  15|0x0000000703e00000, 0x0000000703e00000, 0x0000000704000000|  0%| F|  |TAMS 0x0000000703e00000| PB 0x0000000703e00000| Untracked 
|  16|0x0000000704000000, 0x0000000704000000, 0x0000000704200000|  0%| F|  |TAMS 0x0000000704000000| PB 0x0000000704000000| Untracked 
|  17|0x0000000704200000, 0x0000000704200000, 0x0000000704400000|  0%| F|  |TAMS 0x0000000704200000| PB 0x0000000704200000| Untracked 
|  18|0x0000000704400000, 0x0000000704400000, 0x0000000704600000|  0%| F|  |TAMS 0x0000000704400000| PB 0x0000000704400000| Untracked 
|  19|0x0000000704600000, 0x0000000704600000, 0x0000000704800000|  0%| F|  |TAMS 0x0000000704600000| PB 0x0000000704600000| Untracked 
|  20|0x0000000704800000, 0x0000000704800000, 0x0000000704a00000|  0%| F|  |TAMS 0x0000000704800000| PB 0x0000000704800000| Untracked 
|  21|0x0000000704a00000, 0x0000000704a00000, 0x0000000704c00000|  0%| F|  |TAMS 0x0000000704a00000| PB 0x0000000704a00000| Untracked 
|  22|0x0000000704c00000, 0x0000000704c00000, 0x0000000704e00000|  0%| F|  |TAMS 0x0000000704c00000| PB 0x0000000704c00000| Untracked 
|  23|0x0000000704e00000, 0x0000000704e00000, 0x0000000705000000|  0%| F|  |TAMS 0x0000000704e00000| PB 0x0000000704e00000| Untracked 
|  24|0x0000000705000000, 0x0000000705000000, 0x0000000705200000|  0%| F|  |TAMS 0x0000000705000000| PB 0x0000000705000000| Untracked 
|  25|0x0000000705200000, 0x0000000705200000, 0x0000000705400000|  0%| F|  |TAMS 0x0000000705200000| PB 0x0000000705200000| Untracked 
|  26|0x0000000705400000, 0x0000000705400000, 0x0000000705600000|  0%| F|  |TAMS 0x0000000705400000| PB 0x0000000705400000| Untracked 
|  27|0x0000000705600000, 0x0000000705600000, 0x0000000705800000|  0%| F|  |TAMS 0x0000000705600000| PB 0x0000000705600000| Untracked 
|  28|0x0000000705800000, 0x0000000705800000, 0x0000000705a00000|  0%| F|  |TAMS 0x0000000705800000| PB 0x0000000705800000| Untracked 
|  29|0x0000000705a00000, 0x0000000705a00000, 0x0000000705c00000|  0%| F|  |TAMS 0x0000000705a00000| PB 0x0000000705a00000| Untracked 
|  30|0x0000000705c00000, 0x0000000705c00000, 0x0000000705e00000|  0%| F|  |TAMS 0x0000000705c00000| PB 0x0000000705c00000| Untracked 
|  31|0x0000000705e00000, 0x0000000705e00000, 0x0000000706000000|  0%| F|  |TAMS 0x0000000705e00000| PB 0x0000000705e00000| Untracked 
|  32|0x0000000706000000, 0x0000000706000000, 0x0000000706200000|  0%| F|  |TAMS 0x0000000706000000| PB 0x0000000706000000| Untracked 
|  33|0x0000000706200000, 0x0000000706200000, 0x0000000706400000|  0%| F|  |TAMS 0x0000000706200000| PB 0x0000000706200000| Untracked 
|  34|0x0000000706400000, 0x0000000706400000, 0x0000000706600000|  0%| F|  |TAMS 0x0000000706400000| PB 0x0000000706400000| Untracked 
|  35|0x0000000706600000, 0x0000000706600000, 0x0000000706800000|  0%| F|  |TAMS 0x0000000706600000| PB 0x0000000706600000| Untracked 
|  36|0x0000000706800000, 0x0000000706800000, 0x0000000706a00000|  0%| F|  |TAMS 0x0000000706800000| PB 0x0000000706800000| Untracked 
|  37|0x0000000706a00000, 0x0000000706a00000, 0x0000000706c00000|  0%| F|  |TAMS 0x0000000706a00000| PB 0x0000000706a00000| Untracked 
|  38|0x0000000706c00000, 0x0000000706c00000, 0x0000000706e00000|  0%| F|  |TAMS 0x0000000706c00000| PB 0x0000000706c00000| Untracked 
|  39|0x0000000706e00000, 0x0000000706e00000, 0x0000000707000000|  0%| F|  |TAMS 0x0000000706e00000| PB 0x0000000706e00000| Untracked 
|  40|0x0000000707000000, 0x0000000707000000, 0x0000000707200000|  0%| F|  |TAMS 0x0000000707000000| PB 0x0000000707000000| Untracked 
|  41|0x0000000707200000, 0x0000000707200000, 0x0000000707400000|  0%| F|  |TAMS 0x0000000707200000| PB 0x0000000707200000| Untracked 
|  42|0x0000000707400000, 0x0000000707400000, 0x0000000707600000|  0%| F|  |TAMS 0x0000000707400000| PB 0x0000000707400000| Untracked 
|  43|0x0000000707600000, 0x0000000707600000, 0x0000000707800000|  0%| F|  |TAMS 0x0000000707600000| PB 0x0000000707600000| Untracked 
|  44|0x0000000707800000, 0x0000000707800000, 0x0000000707a00000|  0%| F|  |TAMS 0x0000000707800000| PB 0x0000000707800000| Untracked 
|  45|0x0000000707a00000, 0x0000000707a00000, 0x0000000707c00000|  0%| F|  |TAMS 0x0000000707a00000| PB 0x0000000707a00000| Untracked 
|  46|0x0000000707c00000, 0x0000000707c00000, 0x0000000707e00000|  0%| F|  |TAMS 0x0000000707c00000| PB 0x0000000707c00000| Untracked 
|  47|0x0000000707e00000, 0x0000000707e00000, 0x0000000708000000|  0%| F|  |TAMS 0x0000000707e00000| PB 0x0000000707e00000| Untracked 
|  48|0x0000000708000000, 0x0000000708000000, 0x0000000708200000|  0%| F|  |TAMS 0x0000000708000000| PB 0x0000000708000000| Untracked 
|  49|0x0000000708200000, 0x0000000708200000, 0x0000000708400000|  0%| F|  |TAMS 0x0000000708200000| PB 0x0000000708200000| Untracked 
|  50|0x0000000708400000, 0x0000000708400000, 0x0000000708600000|  0%| F|  |TAMS 0x0000000708400000| PB 0x0000000708400000| Untracked 
|  51|0x0000000708600000, 0x0000000708600000, 0x0000000708800000|  0%| F|  |TAMS 0x0000000708600000| PB 0x0000000708600000| Untracked 
|  52|0x0000000708800000, 0x0000000708800000, 0x0000000708a00000|  0%| F|  |TAMS 0x0000000708800000| PB 0x0000000708800000| Untracked 
|  53|0x0000000708a00000, 0x0000000708a00000, 0x0000000708c00000|  0%| F|  |TAMS 0x0000000708a00000| PB 0x0000000708a00000| Untracked 
|  54|0x0000000708c00000, 0x0000000708c00000, 0x0000000708e00000|  0%| F|  |TAMS 0x0000000708c00000| PB 0x0000000708c00000| Untracked 
|  55|0x0000000708e00000, 0x0000000708e00000, 0x0000000709000000|  0%| F|  |TAMS 0x0000000708e00000| PB 0x0000000708e00000| Untracked 
|  56|0x0000000709000000, 0x0000000709000000, 0x0000000709200000|  0%| F|  |TAMS 0x0000000709000000| PB 0x0000000709000000| Untracked 
|  57|0x0000000709200000, 0x0000000709200000, 0x0000000709400000|  0%| F|  |TAMS 0x0000000709200000| PB 0x0000000709200000| Untracked 
|  58|0x0000000709400000, 0x0000000709400000, 0x0000000709600000|  0%| F|  |TAMS 0x0000000709400000| PB 0x0000000709400000| Untracked 
|  59|0x0000000709600000, 0x0000000709600000, 0x0000000709800000|  0%| F|  |TAMS 0x0000000709600000| PB 0x0000000709600000| Untracked 
|  60|0x0000000709800000, 0x0000000709800000, 0x0000000709a00000|  0%| F|  |TAMS 0x0000000709800000| PB 0x0000000709800000| Untracked 
|  61|0x0000000709a00000, 0x0000000709a00000, 0x0000000709c00000|  0%| F|  |TAMS 0x0000000709a00000| PB 0x0000000709a00000| Untracked 
|  62|0x0000000709c00000, 0x0000000709c00000, 0x0000000709e00000|  0%| F|  |TAMS 0x0000000709c00000| PB 0x0000000709c00000| Untracked 
|  63|0x0000000709e00000, 0x0000000709e00000, 0x000000070a000000|  0%| F|  |TAMS 0x0000000709e00000| PB 0x0000000709e00000| Untracked 
|  64|0x000000070a000000, 0x000000070a000000, 0x000000070a200000|  0%| F|  |TAMS 0x000000070a000000| PB 0x000000070a000000| Untracked 
|  65|0x000000070a200000, 0x000000070a200000, 0x000000070a400000|  0%| F|  |TAMS 0x000000070a200000| PB 0x000000070a200000| Untracked 
|  66|0x000000070a400000, 0x000000070a400000, 0x000000070a600000|  0%| F|  |TAMS 0x000000070a400000| PB 0x000000070a400000| Untracked 
|  67|0x000000070a600000, 0x000000070a600000, 0x000000070a800000|  0%| F|  |TAMS 0x000000070a600000| PB 0x000000070a600000| Untracked 
|  68|0x000000070a800000, 0x000000070a800000, 0x000000070aa00000|  0%| F|  |TAMS 0x000000070a800000| PB 0x000000070a800000| Untracked 
|  69|0x000000070aa00000, 0x000000070aa00000, 0x000000070ac00000|  0%| F|  |TAMS 0x000000070aa00000| PB 0x000000070aa00000| Untracked 
|  70|0x000000070ac00000, 0x000000070ac00000, 0x000000070ae00000|  0%| F|  |TAMS 0x000000070ac00000| PB 0x000000070ac00000| Untracked 
|  71|0x000000070ae00000, 0x000000070ae00000, 0x000000070b000000|  0%| F|  |TAMS 0x000000070ae00000| PB 0x000000070ae00000| Untracked 
|  72|0x000000070b000000, 0x000000070b000000, 0x000000070b200000|  0%| F|  |TAMS 0x000000070b000000| PB 0x000000070b000000| Untracked 
|  73|0x000000070b200000, 0x000000070b200000, 0x000000070b400000|  0%| F|  |TAMS 0x000000070b200000| PB 0x000000070b200000| Untracked 
|  74|0x000000070b400000, 0x000000070b400000, 0x000000070b600000|  0%| F|  |TAMS 0x000000070b400000| PB 0x000000070b400000| Untracked 
|  75|0x000000070b600000, 0x000000070b600000, 0x000000070b800000|  0%| F|  |TAMS 0x000000070b600000| PB 0x000000070b600000| Untracked 
|  76|0x000000070b800000, 0x000000070b800000, 0x000000070ba00000|  0%| F|  |TAMS 0x000000070b800000| PB 0x000000070b800000| Untracked 
|  77|0x000000070ba00000, 0x000000070ba00000, 0x000000070bc00000|  0%| F|  |TAMS 0x000000070ba00000| PB 0x000000070ba00000| Untracked 
|  78|0x000000070bc00000, 0x000000070bc00000, 0x000000070be00000|  0%| F|  |TAMS 0x000000070bc00000| PB 0x000000070bc00000| Untracked 
|  79|0x000000070be00000, 0x000000070be00000, 0x000000070c000000|  0%| F|  |TAMS 0x000000070be00000| PB 0x000000070be00000| Untracked 
|  80|0x000000070c000000, 0x000000070c000000, 0x000000070c200000|  0%| F|  |TAMS 0x000000070c000000| PB 0x000000070c000000| Untracked 
|  81|0x000000070c200000, 0x000000070c200000, 0x000000070c400000|  0%| F|  |TAMS 0x000000070c200000| PB 0x000000070c200000| Untracked 
|  82|0x000000070c400000, 0x000000070c400000, 0x000000070c600000|  0%| F|  |TAMS 0x000000070c400000| PB 0x000000070c400000| Untracked 
|  83|0x000000070c600000, 0x000000070c600000, 0x000000070c800000|  0%| F|  |TAMS 0x000000070c600000| PB 0x000000070c600000| Untracked 
|  84|0x000000070c800000, 0x000000070c800000, 0x000000070ca00000|  0%| F|  |TAMS 0x000000070c800000| PB 0x000000070c800000| Untracked 
|  85|0x000000070ca00000, 0x000000070ca00000, 0x000000070cc00000|  0%| F|  |TAMS 0x000000070ca00000| PB 0x000000070ca00000| Untracked 
|  86|0x000000070cc00000, 0x000000070cc00000, 0x000000070ce00000|  0%| F|  |TAMS 0x000000070cc00000| PB 0x000000070cc00000| Untracked 
|  87|0x000000070ce00000, 0x000000070ce00000, 0x000000070d000000|  0%| F|  |TAMS 0x000000070ce00000| PB 0x000000070ce00000| Untracked 
|  88|0x000000070d000000, 0x000000070d000000, 0x000000070d200000|  0%| F|  |TAMS 0x000000070d000000| PB 0x000000070d000000| Untracked 
|  89|0x000000070d200000, 0x000000070d200000, 0x000000070d400000|  0%| F|  |TAMS 0x000000070d200000| PB 0x000000070d200000| Untracked 
|  90|0x000000070d400000, 0x000000070d400000, 0x000000070d600000|  0%| F|  |TAMS 0x000000070d400000| PB 0x000000070d400000| Untracked 
|  91|0x000000070d600000, 0x000000070d600000, 0x000000070d800000|  0%| F|  |TAMS 0x000000070d600000| PB 0x000000070d600000| Untracked 
|  92|0x000000070d800000, 0x000000070d800000, 0x000000070da00000|  0%| F|  |TAMS 0x000000070d800000| PB 0x000000070d800000| Untracked 
|  93|0x000000070da00000, 0x000000070da00000, 0x000000070dc00000|  0%| F|  |TAMS 0x000000070da00000| PB 0x000000070da00000| Untracked 
|  94|0x000000070dc00000, 0x000000070dc00000, 0x000000070de00000|  0%| F|  |TAMS 0x000000070dc00000| PB 0x000000070dc00000| Untracked 
|  95|0x000000070de00000, 0x000000070de00000, 0x000000070e000000|  0%| F|  |TAMS 0x000000070de00000| PB 0x000000070de00000| Untracked 
|  96|0x000000070e000000, 0x000000070e000000, 0x000000070e200000|  0%| F|  |TAMS 0x000000070e000000| PB 0x000000070e000000| Untracked 
|  97|0x000000070e200000, 0x000000070e200000, 0x000000070e400000|  0%| F|  |TAMS 0x000000070e200000| PB 0x000000070e200000| Untracked 
|  98|0x000000070e400000, 0x000000070e400000, 0x000000070e600000|  0%| F|  |TAMS 0x000000070e400000| PB 0x000000070e400000| Untracked 
|  99|0x000000070e600000, 0x000000070e600000, 0x000000070e800000|  0%| F|  |TAMS 0x000000070e600000| PB 0x000000070e600000| Untracked 
| 100|0x000000070e800000, 0x000000070e800000, 0x000000070ea00000|  0%| F|  |TAMS 0x000000070e800000| PB 0x000000070e800000| Untracked 
| 101|0x000000070ea00000, 0x000000070ea00000, 0x000000070ec00000|  0%| F|  |TAMS 0x000000070ea00000| PB 0x000000070ea00000| Untracked 
| 102|0x000000070ec00000, 0x000000070ec00000, 0x000000070ee00000|  0%| F|  |TAMS 0x000000070ec00000| PB 0x000000070ec00000| Untracked 
| 103|0x000000070ee00000, 0x000000070f000000, 0x000000070f000000|100%| S|CS|TAMS 0x000000070ee00000| PB 0x000000070ee00000| Complete 
| 104|0x000000070f000000, 0x000000070f200000, 0x000000070f200000|100%| S|CS|TAMS 0x000000070f000000| PB 0x000000070f000000| Complete 
| 105|0x000000070f200000, 0x000000070f400000, 0x000000070f400000|100%| S|CS|TAMS 0x000000070f200000| PB 0x000000070f200000| Complete 
| 106|0x000000070f400000, 0x000000070f400000, 0x000000070f600000|  0%| F|  |TAMS 0x000000070f400000| PB 0x000000070f400000| Untracked 
| 107|0x000000070f600000, 0x000000070f600000, 0x000000070f800000|  0%| F|  |TAMS 0x000000070f600000| PB 0x000000070f600000| Untracked 
| 108|0x000000070f800000, 0x000000070f800000, 0x000000070fa00000|  0%| F|  |TAMS 0x000000070f800000| PB 0x000000070f800000| Untracked 
| 109|0x000000070fa00000, 0x000000070fa00000, 0x000000070fc00000|  0%| F|  |TAMS 0x000000070fa00000| PB 0x000000070fa00000| Untracked 
| 110|0x000000070fc00000, 0x000000070fc00000, 0x000000070fe00000|  0%| F|  |TAMS 0x000000070fc00000| PB 0x000000070fc00000| Untracked 
| 111|0x000000070fe00000, 0x000000070fe00000, 0x0000000710000000|  0%| F|  |TAMS 0x000000070fe00000| PB 0x000000070fe00000| Untracked 
| 112|0x0000000710000000, 0x0000000710000000, 0x0000000710200000|  0%| F|  |TAMS 0x0000000710000000| PB 0x0000000710000000| Untracked 
| 113|0x0000000710200000, 0x0000000710200000, 0x0000000710400000|  0%| F|  |TAMS 0x0000000710200000| PB 0x0000000710200000| Untracked 
| 114|0x0000000710400000, 0x0000000710400000, 0x0000000710600000|  0%| F|  |TAMS 0x0000000710400000| PB 0x0000000710400000| Untracked 
| 115|0x0000000710600000, 0x0000000710600000, 0x0000000710800000|  0%| F|  |TAMS 0x0000000710600000| PB 0x0000000710600000| Untracked 
| 116|0x0000000710800000, 0x0000000710800000, 0x0000000710a00000|  0%| F|  |TAMS 0x0000000710800000| PB 0x0000000710800000| Untracked 
| 117|0x0000000710a00000, 0x0000000710a00000, 0x0000000710c00000|  0%| F|  |TAMS 0x0000000710a00000| PB 0x0000000710a00000| Untracked 
| 118|0x0000000710c00000, 0x0000000710c00000, 0x0000000710e00000|  0%| F|  |TAMS 0x0000000710c00000| PB 0x0000000710c00000| Untracked 
| 119|0x0000000710e00000, 0x0000000710e5cad0, 0x0000000711000000| 18%| E|  |TAMS 0x0000000710e00000| PB 0x0000000710e00000| Complete 
| 120|0x0000000711000000, 0x0000000711200000, 0x0000000711200000|100%| E|CS|TAMS 0x0000000711000000| PB 0x0000000711000000| Complete 
| 121|0x0000000711200000, 0x0000000711400000, 0x0000000711400000|100%| E|CS|TAMS 0x0000000711200000| PB 0x0000000711200000| Complete 
| 122|0x0000000711400000, 0x0000000711600000, 0x0000000711600000|100%| E|  |TAMS 0x0000000711400000| PB 0x0000000711400000| Complete 
| 123|0x0000000711600000, 0x0000000711800000, 0x0000000711800000|100%| E|CS|TAMS 0x0000000711600000| PB 0x0000000711600000| Complete 
| 124|0x0000000711800000, 0x0000000711a00000, 0x0000000711a00000|100%| E|CS|TAMS 0x0000000711800000| PB 0x0000000711800000| Complete 
| 125|0x0000000711a00000, 0x0000000711c00000, 0x0000000711c00000|100%| E|CS|TAMS 0x0000000711a00000| PB 0x0000000711a00000| Complete 
| 126|0x0000000711c00000, 0x0000000711e00000, 0x0000000711e00000|100%| E|CS|TAMS 0x0000000711c00000| PB 0x0000000711c00000| Complete 

Card table byte_map: [0x0000027cbd030000,0x0000027cbd820000] _byte_map_base: 0x0000027cb9820000

Marking Bits: (CMBitMap*) 0x0000027ca54b9d30
 Bits: [0x0000027cbe010000, 0x0000027cc1f90000)

Polling page: 0x0000027ca3440000

Metaspace:

Usage:
  Non-class:     14.85 MB used.
      Class:      2.46 MB used.
       Both:     17.32 MB used.

Virtual space:
  Non-class space:       64.00 MB reserved,      15.06 MB ( 24%) committed,  1 nodes.
      Class space:        1.00 GB reserved,       2.62 MB ( <1%) committed,  1 nodes.
             Both:        1.06 GB reserved,      17.69 MB (  2%) committed. 

Chunk freelists:
   Non-Class:  672.00 KB
       Class:  1.36 MB
        Both:  2.02 MB

MaxMetaspaceSize: unlimited
CompressedClassSpaceSize: 1.00 GB
Initial GC threshold: 21.00 MB
Current GC threshold: 21.00 MB
CDS: on
MetaspaceReclaimPolicy: balanced
 - commit_granule_bytes: 65536.
 - commit_granule_words: 8192.
 - virtual_space_node_default_size: 8388608.
 - enlarge_chunks_in_place: 1.
 - new_chunks_are_fully_committed: 0.
 - uncommit_free_chunks: 1.
 - use_allocation_guard: 0.


Internal statistics:

num_allocs_failed_limit: 0.
num_arena_births: 412.
num_arena_deaths: 0.
num_vsnodes_births: 2.
num_vsnodes_deaths: 0.
num_space_committed: 283.
num_space_uncommitted: 0.
num_chunks_returned_to_freelist: 0.
num_chunks_taken_from_freelist: 1018.
num_chunk_merges: 0.
num_chunk_splits: 675.
num_chunks_enlarged: 483.
num_inconsistent_stats: 0.

CodeHeap 'non-profiled nmethods': size=120000Kb used=1457Kb max_used=1457Kb free=118542Kb
 bounds [0x0000027cb4fe0000, 0x0000027cb5250000, 0x0000027cbc510000]
CodeHeap 'profiled nmethods': size=120000Kb used=5956Kb max_used=5956Kb free=114043Kb
 bounds [0x0000027cad510000, 0x0000027cadaf0000, 0x0000027cb4a40000]
CodeHeap 'non-nmethods': size=5760Kb used=1870Kb max_used=1933Kb free=3889Kb
 bounds [0x0000027cb4a40000, 0x0000027cb4cb0000, 0x0000027cb4fe0000]
 total_blobs=3939 nmethods=3114 adapters=735
 compilation: enabled
              stopped_count=0, restarted_count=0
 full_count=0

Compilation events (20 events):
Event: 25.884 Thread 0x0000027cc45baf00 3106       3       com.sun.javafx.event.CompositeEventHandler$NormalEventHandlerRecord::handleBubblingEvent (11 bytes)
Event: 25.884 Thread 0x0000027cc45baf00 nmethod 3106 0x0000027cadadf790 code [0x0000027cadadf920, 0x0000027cadadfaf8]
Event: 25.900 Thread 0x0000027cc45baf00 3107       3       javafx.scene.Node::pseudoClassStateChanged (59 bytes)
Event: 25.900 Thread 0x0000027cc45baf00 nmethod 3107 0x0000027cadadfc10 code [0x0000027cadadfe00, 0x0000027cadae0318]
Event: 26.644 Thread 0x0000027cc45b0560 3108       4       javafx.scene.Node::intersects (47 bytes)
Event: 26.648 Thread 0x0000027cc45b0560 nmethod 3108 0x0000027cb514a790 code [0x0000027cb514a940, 0x0000027cb514ab28]
Event: 26.692 Thread 0x0000027cc45b0560 3109       4       com.sun.javafx.event.EventHandlerManager::dispatchBubblingEvent (41 bytes)
Event: 26.697 Thread 0x0000027cc45b0560 nmethod 3109 0x0000027cb514ad10 code [0x0000027cb514aee0, 0x0000027cb514b300]
Event: 27.044 Thread 0x0000027cc45b0560 3110       4       com.sun.glass.ui.Application::checkEventThread (35 bytes)
Event: 27.044 Thread 0x0000027cc45b0560 nmethod 3110 0x0000027cb514b790 code [0x0000027cb514b900, 0x0000027cb514b9a0]
Event: 27.684 Thread 0x0000027cc45baf00 3111   !   3       javafx.scene.Node::sceneToLocal (13 bytes)
Event: 27.684 Thread 0x0000027cc45baf00 nmethod 3111 0x0000027cadae0510 code [0x0000027cadae06a0, 0x0000027cadae0828]
Event: 28.172 Thread 0x0000027cc45b0560 3112       4       com.sun.javafx.binding.ExpressionHelper::fireValueChangedEvent (9 bytes)
Event: 28.173 Thread 0x0000027cc45b0560 nmethod 3112 0x0000027cb514ba90 code [0x0000027cb514bc00, 0x0000027cb514bc90]
Event: 29.020 Thread 0x0000027cc45b0560 3113       4       com.sun.javafx.scene.NodeHelper::pickNodeLocalImpl (12 bytes)
Event: 29.022 Thread 0x0000027cc45b0560 nmethod 3113 0x0000027cb514bd90 code [0x0000027cb514bf40, 0x0000027cb514c198]
Event: 29.036 Thread 0x0000027cc45baf00 3114       3       javafx.scene.control.SkinBase$$Lambda$236/0x00000008011a18f8::handle (8 bytes)
Event: 29.037 Thread 0x0000027cc45baf00 nmethod 3114 0x0000027cadae0910 code [0x0000027cadae0aa0, 0x0000027cadae0de8]
Event: 29.037 Thread 0x0000027cc45baf00 3115       3       javafx.scene.control.SkinBase::lambda$static$0 (5 bytes)
Event: 29.037 Thread 0x0000027cc45baf00 nmethod 3115 0x0000027cadae0f10 code [0x0000027cadae10a0, 0x0000027cadae1278]

GC Heap History (4 events):
Event: 0.647 GC heap before
{Heap before GC invocations=0 (full 0):
 garbage-first heap   total 260096K, used 20480K [0x0000000702000000, 0x0000000800000000)
  region size 2048K, 11 young (22528K), 0 survivors (0K)
 Metaspace       used 5238K, committed 5440K, reserved 1114112K
  class space    used 606K, committed 704K, reserved 1048576K
}
Event: 0.650 GC heap after
{Heap after GC invocations=1 (full 0):
 garbage-first heap   total 260096K, used 2687K [0x0000000702000000, 0x0000000800000000)
  region size 2048K, 2 young (4096K), 2 survivors (4096K)
 Metaspace       used 5238K, committed 5440K, reserved 1114112K
  class space    used 606K, committed 704K, reserved 1048576K
}
Event: 8.792 GC heap before
{Heap before GC invocations=1 (full 0):
 garbage-first heap   total 260096K, used 41599K [0x0000000702000000, 0x0000000800000000)
  region size 2048K, 21 young (43008K), 2 survivors (4096K)
 Metaspace       used 15865K, committed 16192K, reserved 1114112K
  class space    used 2187K, committed 2304K, reserved 1048576K
}
Event: 8.798 GC heap after
{Heap after GC invocations=2 (full 0):
 garbage-first heap   total 260096K, used 10101K [0x0000000702000000, 0x0000000800000000)
  region size 2048K, 3 young (6144K), 3 survivors (6144K)
 Metaspace       used 15865K, committed 16192K, reserved 1114112K
  class space    used 2187K, committed 2304K, reserved 1048576K
}

Dll operation events (20 events):
Event: 0.404 Loaded shared library C:\Users\shara\.openjfx\cache\17.0.2-ea\api-ms-win-crt-filesystem-l1-1-0.dll
Event: 0.408 Loaded shared library C:\Users\shara\.openjfx\cache\17.0.2-ea\api-ms-win-crt-heap-l1-1-0.dll
Event: 0.411 Loaded shared library C:\Users\shara\.openjfx\cache\17.0.2-ea\api-ms-win-crt-locale-l1-1-0.dll
Event: 0.414 Loaded shared library C:\Users\shara\.openjfx\cache\17.0.2-ea\api-ms-win-crt-math-l1-1-0.dll
Event: 0.418 Loaded shared library C:\Users\shara\.openjfx\cache\17.0.2-ea\api-ms-win-crt-multibyte-l1-1-0.dll
Event: 0.420 Loaded shared library C:\Users\shara\.openjfx\cache\17.0.2-ea\api-ms-win-crt-private-l1-1-0.dll
Event: 0.423 Loaded shared library C:\Users\shara\.openjfx\cache\17.0.2-ea\api-ms-win-crt-process-l1-1-0.dll
Event: 0.426 Loaded shared library C:\Users\shara\.openjfx\cache\17.0.2-ea\api-ms-win-crt-runtime-l1-1-0.dll
Event: 0.429 Loaded shared library C:\Users\shara\.openjfx\cache\17.0.2-ea\api-ms-win-crt-stdio-l1-1-0.dll
Event: 0.432 Loaded shared library C:\Users\shara\.openjfx\cache\17.0.2-ea\api-ms-win-crt-string-l1-1-0.dll
Event: 0.435 Loaded shared library C:\Users\shara\.openjfx\cache\17.0.2-ea\api-ms-win-crt-time-l1-1-0.dll
Event: 0.439 Loaded shared library C:\Users\shara\.openjfx\cache\17.0.2-ea\api-ms-win-crt-utility-l1-1-0.dll
Event: 0.457 Loaded shared library C:\Users\shara\.openjfx\cache\17.0.2-ea\ucrtbase.dll
Event: 0.463 Loaded shared library C:\Users\shara\.openjfx\cache\17.0.2-ea\vcruntime140.dll
Event: 0.468 Loaded shared library C:\Users\shara\.openjfx\cache\17.0.2-ea\vcruntime140_1.dll
Event: 0.477 Loaded shared library C:\Users\shara\.openjfx\cache\17.0.2-ea\msvcp140.dll
Event: 0.514 Loaded shared library C:\Users\shara\.openjfx\cache\17.0.2-ea\prism_d3d.dll
Event: 0.545 Loaded shared library C:\Users\shara\.openjfx\cache\17.0.2-ea\glass.dll
Event: 0.637 Loaded shared library C:\Users\shara\.jdks\openjdk-20.0.1\bin\jimage.dll
Event: 0.827 Loaded shared library C:\Users\shara\.openjfx\cache\17.0.2-ea\javafx_font.dll

Deoptimization events (20 events):
Event: 8.991 Thread 0x0000027cc45a9970 Uncommon trap: trap_request=0xffffff45 fr.pc=0x0000027cb50dfc24 relative=0x0000000000000124
Event: 8.991 Thread 0x0000027cc45a9970 Uncommon trap: reason=unstable_if action=reinterpret pc=0x0000027cb50dfc24 method=java.lang.StringConcatHelper.prepend(J[BLjava/lang/String;)J @ 13 c2
Event: 8.991 Thread 0x0000027cc45a9970 DEOPT PACKING pc=0x0000027cb50dfc24 sp=0x000000b0273f9bc0
Event: 8.991 Thread 0x0000027cc45a9970 DEOPT UNPACKING pc=0x0000027cb4aa9d22 sp=0x000000b0273f9b70 mode 2
Event: 8.991 Thread 0x0000027cc45a9970 Uncommon trap: trap_request=0xffffff45 fr.pc=0x0000027cb502a6e8 relative=0x00000000000000e8
Event: 8.991 Thread 0x0000027cc45a9970 Uncommon trap: reason=unstable_if action=reinterpret pc=0x0000027cb502a6e8 method=java.lang.String.getBytes([BIB)V @ 5 c2
Event: 8.991 Thread 0x0000027cc45a9970 DEOPT PACKING pc=0x0000027cb502a6e8 sp=0x000000b0273f9b20
Event: 8.991 Thread 0x0000027cc45a9970 DEOPT UNPACKING pc=0x0000027cb4aa9d22 sp=0x000000b0273f9ae8 mode 2
Event: 9.078 Thread 0x0000027cc45a8ed0 DEOPT PACKING pc=0x0000027cad863fdc sp=0x000000b0271fdf40
Event: 9.078 Thread 0x0000027cc45a8ed0 DEOPT UNPACKING pc=0x0000027cb4aaa4c2 sp=0x000000b0271fd378 mode 0
Event: 9.124 Thread 0x0000027cc45a8ed0 Uncommon trap: trap_request=0xffffff45 fr.pc=0x0000027cb50b7778 relative=0x0000000000000558
Event: 9.124 Thread 0x0000027cc45a8ed0 Uncommon trap: reason=unstable_if action=reinterpret pc=0x0000027cb50b7778 method=com.sun.marlin.MaskMarlinAlphaConsumer.setAndClearRelativeAlphas([IIII)V @ 69 c2
Event: 9.124 Thread 0x0000027cc45a8ed0 DEOPT PACKING pc=0x0000027cb50b7778 sp=0x000000b0271fd470
Event: 9.124 Thread 0x0000027cc45a8ed0 DEOPT UNPACKING pc=0x0000027cb4aa9d22 sp=0x000000b0271fd3a8 mode 2
Event: 9.152 Thread 0x0000027cc45a8ed0 DEOPT PACKING pc=0x0000027cad8635da sp=0x000000b0271fdf40
Event: 9.152 Thread 0x0000027cc45a8ed0 DEOPT UNPACKING pc=0x0000027cb4aaa4c2 sp=0x000000b0271fd378 mode 0
Event: 9.164 Thread 0x0000027cc45a8ed0 DEOPT PACKING pc=0x0000027cad863b3a sp=0x000000b0271fdf40
Event: 9.164 Thread 0x0000027cc45a8ed0 DEOPT UNPACKING pc=0x0000027cb4aaa4c2 sp=0x000000b0271fd378 mode 0
Event: 9.166 Thread 0x0000027cc45a8ed0 DEOPT PACKING pc=0x0000027cada82183 sp=0x000000b0271fde20
Event: 9.166 Thread 0x0000027cc45a8ed0 DEOPT UNPACKING pc=0x0000027cb4aaa4c2 sp=0x000000b0271fd2d0 mode 0

Classes loaded (20 events):
Event: 8.677 Loading class java/lang/reflect/WildcardType done
Event: 8.677 Loading class sun/reflect/generics/reflectiveObjects/WildcardTypeImpl done
Event: 8.878 Loading class java/lang/FdLibm$Hypot
Event: 8.878 Loading class java/lang/FdLibm$Hypot done
Event: 8.878 Loading class java/lang/FdLibm
Event: 8.878 Loading class java/lang/FdLibm done
Event: 8.988 Loading class java/text/BreakIterator
Event: 8.989 Loading class java/text/BreakIterator done
Event: 8.989 Loading class sun/util/locale/provider/BreakIteratorProviderImpl
Event: 8.989 Loading class sun/util/locale/provider/BreakIteratorProviderImpl done
Event: 8.990 Loading class sun/util/locale/provider/BreakIteratorProviderImpl$GraphemeBreakIterator
Event: 8.990 Loading class sun/util/locale/provider/BreakIteratorProviderImpl$GraphemeBreakIterator done
Event: 8.990 Loading class java/text/StringCharacterIterator
Event: 8.990 Loading class java/text/StringCharacterIterator done
Event: 8.990 Loading class sun/util/locale/provider/BreakIteratorProviderImpl$CharacterIteratorCharSequence
Event: 8.990 Loading class sun/util/locale/provider/BreakIteratorProviderImpl$CharacterIteratorCharSequence done
Event: 8.990 Loading class java/text/BreakIterator$BreakIteratorCache
Event: 8.990 Loading class java/text/BreakIterator$BreakIteratorCache done
Event: 29.791 Loading class jdk/internal/misc/Signal$1
Event: 29.791 Loading class jdk/internal/misc/Signal$1 done

Classes unloaded (0 events):
No events

Classes redefined (0 events):
No events

Internal exceptions (20 events):
Event: 0.971 Thread 0x0000027cc45a9970 Implicit null exception at 0x0000027cb50588a0 to 0x0000027cb5058ca0
Event: 0.971 Thread 0x0000027cc45a9970 Implicit null exception at 0x0000027cb4ffc1a0 to 0x0000027cb4ffc388
Event: 1.020 Thread 0x0000027cc45a9970 Implicit null exception at 0x0000027cb505c592 to 0x0000027cb505cc08
Event: 1.093 Thread 0x0000027cc45a9970 Exception <a 'java/lang/IncompatibleClassChangeError'{0x00000007109d5fe0}: Found class java.lang.Object, but interface was expected> (0x00000007109d5fe0) 
thrown [s\open\src\hotspot\share\interpreter\linkResolver.cpp, line 840]
Event: 1.129 Thread 0x0000027cc45a9970 Exception <a 'java/lang/NoSuchMethodError'{0x00000007102fb3e8}: 'int java.lang.invoke.DirectMethodHandle$Holder.invokeSpecial(java.lang.Object, java.lang.Object, int)'> (0x00000007102fb3e8) 
thrown [s\open\src\hotspot\share\interpreter\linkResolver.cpp, line 773]
Event: 1.145 Thread 0x0000027cc45a9970 Exception <a 'java/lang/NoSuchMethodError'{0x000000071037cf40}: 'java.lang.Object java.lang.invoke.DirectMethodHandle$Holder.newInvokeSpecial(java.lang.Object, java.lang.Object, int)'> (0x000000071037cf40) 
thrown [s\open\src\hotspot\share\interpreter\linkResolver.cpp, line 773]
Event: 1.170 Thread 0x0000027cc45a8ed0 Exception <a 'java/lang/NoSuchMethodError'{0x000000071004f658}: 'int java.lang.invoke.DirectMethodHandle$Holder.invokeStaticInit(java.lang.Object, java.lang.Object)'> (0x000000071004f658) 
thrown [s\open\src\hotspot\share\interpreter\linkResolver.cpp, line 773]
Event: 4.040 Thread 0x0000027cc45a9970 Exception <a 'java/lang/NoSuchMethodError'{0x000000070fc70098}: 'long java.lang.invoke.DirectMethodHandle$Holder.invokeStatic(java.lang.Object, java.lang.Object, java.lang.Object)'> (0x000000070fc70098) 
thrown [s\open\src\hotspot\share\interpreter\linkResolver.cpp, line 773]
Event: 4.040 Thread 0x0000027cc45a9970 Exception <a 'java/lang/NoSuchMethodError'{0x000000070fc73468}: 'long java.lang.invoke.DirectMethodHandle$Holder.invokeStaticInit(java.lang.Object, java.lang.Object, java.lang.Object)'> (0x000000070fc73468) 
thrown [s\open\src\hotspot\share\interpreter\linkResolver.cpp, line 773]
Event: 4.042 Thread 0x0000027cc45a9970 Exception <a 'java/lang/NoSuchMethodError'{0x000000070fc8b4c0}: 'java.lang.Object java.lang.invoke.DirectMethodHandle$Holder.newInvokeSpecial(java.lang.Object, java.lang.Object, long)'> (0x000000070fc8b4c0) 
thrown [s\open\src\hotspot\share\interpreter\linkResolver.cpp, line 773]
Event: 4.042 Thread 0x0000027cc45a9970 Exception <a 'java/lang/NoSuchMethodError'{0x000000070fc8edb8}: 'java.lang.Object java.lang.invoke.Invokers$Holder.linkToTargetMethod(java.lang.Object, long, java.lang.Object)'> (0x000000070fc8edb8) 
thrown [s\open\src\hotspot\share\interpreter\linkResolver.cpp, line 773]
Event: 8.741 Thread 0x0000027cc45a9970 Exception <a 'java/lang/ClassNotFoundException'{0x000000070f6bfd30}: com/sun/javafx/scene/control/skin/resources/controls> (0x000000070f6bfd30) 
thrown [s\open\src\hotspot\share\prims\jni.cpp, line 538]
Event: 8.741 Thread 0x0000027cc45a9970 Exception <a 'java/lang/ClassNotFoundException'{0x000000070f6ce320}: com/sun/javafx/scene/control/skin/resources/controls_en> (0x000000070f6ce320) 
thrown [s\open\src\hotspot\share\prims\jni.cpp, line 538]
Event: 8.741 Thread 0x0000027cc45a9970 Exception <a 'java/lang/ClassNotFoundException'{0x000000070f6cfae0}: com/sun/javafx/scene/control/skin/resources/controls_en_GB> (0x000000070f6cfae0) 
thrown [s\open\src\hotspot\share\prims\jni.cpp, line 538]
Event: 8.854 Thread 0x0000027cc45a9970 Exception <a 'java/lang/NoSuchMethodError'{0x0000000711b55138}: 'void java.lang.invoke.DirectMethodHandle$Holder.invokeSpecial(java.lang.Object, java.lang.Object, java.lang.Object, java.lang.Object, java.lang.Object, java.lang.Object)'> (0x0000000711b55138) 
thrown [s\open\src\hotspot\share\interpreter\linkResolver.cpp, line 773]
Event: 9.114 Thread 0x0000027cc45a8ed0 Exception <a 'java/lang/NoSuchMethodError'{0x00000007115e40f0}: 'java.lang.Object java.lang.invoke.DirectMethodHandle$Holder.invokeStaticInit(java.lang.Object, int)'> (0x00000007115e40f0) 
thrown [s\open\src\hotspot\share\interpreter\linkResolver.cpp, line 773]
Event: 11.133 Thread 0x0000027cc45a9970 Exception <a 'java/lang/NoSuchMethodError'{0x0000000711033548}: 'java.lang.Object java.lang.invoke.DirectMethodHandle$Holder.newInvokeSpecial(java.lang.Object, java.lang.Object, java.lang.Object, double, double, double, double, int, int, int, int, int, int, int, int, int)'> (0x0000000711033548) 
thrown [s\open\src\hotspot\share\interpreter\linkResolver.cpp, line 773]
Event: 15.109 Thread 0x0000027cc45a9970 Exception <a 'java/lang/NoSuchMethodError'{0x0000000711085a08}: 'java.lang.Object java.lang.invoke.DirectMethodHandle$Holder.newInvokeSpecial(java.lang.Object, java.lang.Object, int, int, int, int, int, java.lang.Object)'> (0x0000000711085a08) 
thrown [s\open\src\hotspot\share\interpreter\linkResolver.cpp, line 773]
Event: 15.110 Thread 0x0000027cc45a9970 Exception <a 'java/lang/NoSuchMethodError'{0x00000007110989b0}: 'java.lang.Object java.lang.invoke.DirectMethodHandle$Holder.newInvokeSpecial(java.lang.Object, java.lang.Object, java.lang.Object, int, int, int, int, int)'> (0x00000007110989b0) 
thrown [s\open\src\hotspot\share\interpreter\linkResolver.cpp, line 773]
Event: 15.111 Thread 0x0000027cc45a9970 Exception <a 'java/lang/NoSuchMethodError'{0x00000007110a07b0}: 'java.lang.Object java.lang.invoke.Invokers$Holder.linkToTargetMethod(java.lang.Object, java.lang.Object, int, int, int, int, int, java.lang.Object)'> (0x00000007110a07b0) 
thrown [s\open\src\hotspot\share\interpreter\linkResolver.cpp, line 773]

VM Operations (20 events):
Event: 13.011 Executing VM operation: Cleanup done
Event: 14.012 Executing VM operation: Cleanup
Event: 14.012 Executing VM operation: Cleanup done
Event: 15.012 Executing VM operation: Cleanup
Event: 15.012 Executing VM operation: Cleanup done
Event: 16.012 Executing VM operation: Cleanup
Event: 16.013 Executing VM operation: Cleanup done
Event: 17.013 Executing VM operation: Cleanup
Event: 17.013 Executing VM operation: Cleanup done
Event: 23.015 Executing VM operation: Cleanup
Event: 23.015 Executing VM operation: Cleanup done
Event: 25.016 Executing VM operation: Cleanup
Event: 25.016 Executing VM operation: Cleanup done
Event: 26.016 Executing VM operation: Cleanup
Event: 26.016 Executing VM operation: Cleanup done
Event: 27.016 Executing VM operation: Cleanup
Event: 27.016 Executing VM operation: Cleanup done
Event: 28.017 Executing VM operation: Cleanup
Event: 28.017 Executing VM operation: Cleanup done
Event: 29.793 Executing VM operation: Exit

Events (20 events):
Event: 0.209 Thread 0x0000027cc45abea0 Thread added: 0x0000027cc45abea0
Event: 0.507 Thread 0x0000027cc45a8ed0 Thread added: 0x0000027cc45a8ed0
Event: 0.547 Thread 0x0000027cc45aa960 Thread added: 0x0000027cc45aa960
Event: 0.549 Thread 0x0000027cc45a9970 Thread added: 0x0000027cc45a9970
Event: 0.556 Thread 0x0000027cc8e611b0 Thread exited: 0x0000027cc8e611b0
Event: 0.615 Thread 0x0000027cc45ab400 Thread added: 0x0000027cc45ab400
Event: 0.615 Thread 0x0000027cc45a9420 Thread added: 0x0000027cc45a9420
Event: 1.086 Thread 0x0000027cc45a8980 Thread added: 0x0000027cc45a8980
Event: 1.231 Thread 0x0000027cca2948c0 Thread added: 0x0000027cca2948c0
Event: 2.535 Thread 0x0000027cc8dc6d30 Thread exited: 0x0000027cc8dc6d30
Event: 8.800 Thread 0x0000027cc8fe5480 Thread added: 0x0000027cc8fe5480
Event: 8.819 Thread 0x0000027cc91a68a0 Thread added: 0x0000027cc91a68a0
Event: 10.044 Thread 0x0000027cc8fe5480 Thread exited: 0x0000027cc8fe5480
Event: 10.044 Thread 0x0000027cc91a68a0 Thread exited: 0x0000027cc91a68a0
Event: 29.791 Thread 0x0000027cca294e10 Thread added: 0x0000027cca294e10
Event: 29.791 Thread 0x0000027cca295360 Thread added: 0x0000027cca295360
Event: 29.791 Thread 0x0000027cca2958b0 Thread added: 0x0000027cca2958b0
Event: 29.792 Thread 0x0000027cca295360 Thread exited: 0x0000027cca295360
Event: 29.793 Thread 0x0000027cca2958b0 Thread exited: 0x0000027cca2958b0
Event: 29.793 Thread 0x0000027cc45a1a30 Thread exited: 0x0000027cc45a1a30


Dynamic libraries:
0x00007ff796ea0000 - 0x00007ff796eae000 	C:\Users\shara\.jdks\openjdk-20.0.1\bin\java.exe
0x00007ffc1a370000 - 0x00007ffc1a568000 	C:\WINDOWS\SYSTEM32\ntdll.dll
0x00007ffc19110000 - 0x00007ffc191cf000 	C:\WINDOWS\System32\KERNEL32.DLL
0x00007ffc17e60000 - 0x00007ffc1813a000 	C:\WINDOWS\System32\KERNELBASE.dll
0x00007ffc182a0000 - 0x00007ffc183a0000 	C:\WINDOWS\System32\ucrtbase.dll
0x00007ffbefde0000 - 0x00007ffbefdf7000 	C:\Users\shara\.jdks\openjdk-20.0.1\bin\jli.dll
0x00007ffc192f0000 - 0x00007ffc1948d000 	C:\WINDOWS\System32\USER32.dll
0x00007ffc183a0000 - 0x00007ffc183c2000 	C:\WINDOWS\System32\win32u.dll
0x00007ffc19070000 - 0x00007ffc1909b000 	C:\WINDOWS\System32\GDI32.dll
0x00007ffc17bd0000 - 0x00007ffc17ce0000 	C:\WINDOWS\System32\gdi32full.dll
0x00007ffc17a80000 - 0x00007ffc17b1d000 	C:\WINDOWS\System32\msvcp_win.dll
0x00007ffbefcd0000 - 0x00007ffbefceb000 	C:\Users\shara\.jdks\openjdk-20.0.1\bin\VCRUNTIME140.dll
0x00007ffbf0da0000 - 0x00007ffbf103a000 	C:\WINDOWS\WinSxS\amd64_microsoft.windows.common-controls_6595b64144ccf1df_6.0.19041.1110_none_60b5254171f9507e\COMCTL32.dll
0x00007ffc19850000 - 0x00007ffc198ee000 	C:\WINDOWS\System32\msvcrt.dll
0x00007ffc18f00000 - 0x00007ffc18f30000 	C:\WINDOWS\System32\IMM32.DLL
0x00007ffbf1b40000 - 0x00007ffbf1b4c000 	C:\Users\shara\.jdks\openjdk-20.0.1\bin\vcruntime140_1.dll
0x00007ffbdc120000 - 0x00007ffbdc1ae000 	C:\Users\shara\.jdks\openjdk-20.0.1\bin\msvcp140.dll
0x00007ffba15f0000 - 0x00007ffba2287000 	C:\Users\shara\.jdks\openjdk-20.0.1\bin\server\jvm.dll
0x00007ffc183d0000 - 0x00007ffc1847e000 	C:\WINDOWS\System32\ADVAPI32.dll
0x00007ffc1a290000 - 0x00007ffc1a32c000 	C:\WINDOWS\System32\sechost.dll
0x00007ffc19a10000 - 0x00007ffc19b36000 	C:\WINDOWS\System32\RPCRT4.dll
0x00007ffc0f4b0000 - 0x00007ffc0f4b9000 	C:\WINDOWS\SYSTEM32\WSOCK32.dll
0x00007ffc190a0000 - 0x00007ffc1910b000 	C:\WINDOWS\System32\WS2_32.dll
0x00007ffbfa700000 - 0x00007ffbfa727000 	C:\WINDOWS\SYSTEM32\WINMM.dll
0x00007ffc0fce0000 - 0x00007ffc0fcea000 	C:\WINDOWS\SYSTEM32\VERSION.dll
0x00007ffc162d0000 - 0x00007ffc162e2000 	C:\WINDOWS\SYSTEM32\kernel.appcore.dll
0x00007ffbf1a20000 - 0x00007ffbf1a2a000 	C:\Users\shara\.jdks\openjdk-20.0.1\bin\jimage.dll
0x00007ffc15840000 - 0x00007ffc15a24000 	C:\WINDOWS\SYSTEM32\DBGHELP.DLL
0x00007ffc06b00000 - 0x00007ffc06b34000 	C:\WINDOWS\SYSTEM32\dbgcore.DLL
0x00007ffc17dd0000 - 0x00007ffc17e52000 	C:\WINDOWS\System32\bcryptPrimitives.dll
0x00007ffc0fd20000 - 0x00007ffc0fd2e000 	C:\Users\shara\.jdks\openjdk-20.0.1\bin\instrument.dll
0x00007ffbe9070000 - 0x00007ffbe9096000 	C:\Users\shara\.jdks\openjdk-20.0.1\bin\java.dll
0x00007ffbd2470000 - 0x00007ffbd2547000 	C:\Users\shara\.jdks\openjdk-20.0.1\bin\jsvml.dll
0x00007ffc19b40000 - 0x00007ffc1a284000 	C:\WINDOWS\System32\SHELL32.dll
0x00007ffc15b20000 - 0x00007ffc162b3000 	C:\WINDOWS\SYSTEM32\windows.storage.dll
0x00007ffc19490000 - 0x00007ffc197e4000 	C:\WINDOWS\System32\combase.dll
0x00007ffc17470000 - 0x00007ffc1749e000 	C:\WINDOWS\SYSTEM32\Wldp.dll
0x00007ffc19230000 - 0x00007ffc192dd000 	C:\WINDOWS\System32\SHCORE.dll
0x00007ffc18710000 - 0x00007ffc18765000 	C:\WINDOWS\System32\shlwapi.dll
0x00007ffc179c0000 - 0x00007ffc179df000 	C:\WINDOWS\SYSTEM32\profapi.dll
0x00007ffbefcb0000 - 0x00007ffbefcc3000 	C:\Users\shara\.jdks\openjdk-20.0.1\bin\net.dll
0x00007ffc0da80000 - 0x00007ffc0db8a000 	C:\WINDOWS\SYSTEM32\WINHTTP.dll
0x00007ffc171d0000 - 0x00007ffc1723a000 	C:\WINDOWS\system32\mswsock.dll
0x00007ffbed0e0000 - 0x00007ffbed0f6000 	C:\Users\shara\.jdks\openjdk-20.0.1\bin\nio.dll
0x00007ffbebf10000 - 0x00007ffbebf28000 	C:\Users\shara\.jdks\openjdk-20.0.1\bin\zip.dll
0x00007ffbf0560000 - 0x00007ffbf057a000 	C:\Program Files\JetBrains\IntelliJ IDEA 2022.3.3\bin\breakgen64.dll
0x0000027cc4b20000 - 0x0000027cc4b23000 	C:\Users\shara\.openjfx\cache\17.0.2-ea\api-ms-win-core-console-l1-1-0.dll
0x0000027cc4b30000 - 0x0000027cc4b33000 	C:\Users\shara\.openjfx\cache\17.0.2-ea\api-ms-win-core-console-l1-2-0.dll
0x0000027cc4b40000 - 0x0000027cc4b43000 	C:\Users\shara\.openjfx\cache\17.0.2-ea\api-ms-win-core-datetime-l1-1-0.dll
0x0000027cc4b50000 - 0x0000027cc4b53000 	C:\Users\shara\.openjfx\cache\17.0.2-ea\api-ms-win-core-debug-l1-1-0.dll
0x0000027cc4b60000 - 0x0000027cc4b63000 	C:\Users\shara\.openjfx\cache\17.0.2-ea\api-ms-win-core-errorhandling-l1-1-0.dll
0x0000027cc4b70000 - 0x0000027cc4b74000 	C:\Users\shara\.openjfx\cache\17.0.2-ea\api-ms-win-core-file-l1-1-0.dll
0x0000027cc4b80000 - 0x0000027cc4b83000 	C:\Users\shara\.openjfx\cache\17.0.2-ea\api-ms-win-core-file-l1-2-0.dll
0x0000027cc4b90000 - 0x0000027cc4b93000 	C:\Users\shara\.openjfx\cache\17.0.2-ea\api-ms-win-core-file-l2-1-0.dll
0x0000027cc4ba0000 - 0x0000027cc4ba3000 	C:\Users\shara\.openjfx\cache\17.0.2-ea\api-ms-win-core-handle-l1-1-0.dll
0x0000027cc4bb0000 - 0x0000027cc4bb3000 	C:\Users\shara\.openjfx\cache\17.0.2-ea\api-ms-win-core-heap-l1-1-0.dll
0x0000027cc4bc0000 - 0x0000027cc4bc3000 	C:\Users\shara\.openjfx\cache\17.0.2-ea\api-ms-win-core-interlocked-l1-1-0.dll
0x0000027cc4bd0000 - 0x0000027cc4bd3000 	C:\Users\shara\.openjfx\cache\17.0.2-ea\api-ms-win-core-libraryloader-l1-1-0.dll
0x0000027cc4be0000 - 0x0000027cc4be3000 	C:\Users\shara\.openjfx\cache\17.0.2-ea\api-ms-win-core-localization-l1-2-0.dll
0x0000027cc4bf0000 - 0x0000027cc4bf3000 	C:\Users\shara\.openjfx\cache\17.0.2-ea\api-ms-win-core-memory-l1-1-0.dll
0x0000027cca7d0000 - 0x0000027cca7d3000 	C:\Users\shara\.openjfx\cache\17.0.2-ea\api-ms-win-core-namedpipe-l1-1-0.dll
0x0000027cca7e0000 - 0x0000027cca7e3000 	C:\Users\shara\.openjfx\cache\17.0.2-ea\api-ms-win-core-processenvironment-l1-1-0.dll
0x0000027cca7f0000 - 0x0000027cca7f3000 	C:\Users\shara\.openjfx\cache\17.0.2-ea\api-ms-win-core-processthreads-l1-1-0.dll
0x0000027cca800000 - 0x0000027cca803000 	C:\Users\shara\.openjfx\cache\17.0.2-ea\api-ms-win-core-processthreads-l1-1-1.dll
0x0000027cca810000 - 0x0000027cca813000 	C:\Users\shara\.openjfx\cache\17.0.2-ea\api-ms-win-core-profile-l1-1-0.dll
0x0000027cca820000 - 0x0000027cca823000 	C:\Users\shara\.openjfx\cache\17.0.2-ea\api-ms-win-core-rtlsupport-l1-1-0.dll
0x0000027cca830000 - 0x0000027cca833000 	C:\Users\shara\.openjfx\cache\17.0.2-ea\api-ms-win-core-string-l1-1-0.dll
0x0000027cca840000 - 0x0000027cca843000 	C:\Users\shara\.openjfx\cache\17.0.2-ea\api-ms-win-core-synch-l1-1-0.dll
0x0000027cca850000 - 0x0000027cca853000 	C:\Users\shara\.openjfx\cache\17.0.2-ea\api-ms-win-core-synch-l1-2-0.dll
0x0000027cca860000 - 0x0000027cca863000 	C:\Users\shara\.openjfx\cache\17.0.2-ea\api-ms-win-core-sysinfo-l1-1-0.dll
0x0000027cca870000 - 0x0000027cca873000 	C:\Users\shara\.openjfx\cache\17.0.2-ea\api-ms-win-core-timezone-l1-1-0.dll
0x0000027cca880000 - 0x0000027cca883000 	C:\Users\shara\.openjfx\cache\17.0.2-ea\api-ms-win-core-util-l1-1-0.dll
0x0000027cca890000 - 0x0000027cca893000 	C:\Users\shara\.openjfx\cache\17.0.2-ea\api-ms-win-crt-conio-l1-1-0.dll
0x0000027cca8a0000 - 0x0000027cca8a4000 	C:\Users\shara\.openjfx\cache\17.0.2-ea\api-ms-win-crt-convert-l1-1-0.dll
0x0000027cca8b0000 - 0x0000027cca8b3000 	C:\Users\shara\.openjfx\cache\17.0.2-ea\api-ms-win-crt-environment-l1-1-0.dll
0x0000027cca8c0000 - 0x0000027cca8c3000 	C:\Users\shara\.openjfx\cache\17.0.2-ea\api-ms-win-crt-filesystem-l1-1-0.dll
0x0000027cca8d0000 - 0x0000027cca8d3000 	C:\Users\shara\.openjfx\cache\17.0.2-ea\api-ms-win-crt-heap-l1-1-0.dll
0x0000027cca8e0000 - 0x0000027cca8e3000 	C:\Users\shara\.openjfx\cache\17.0.2-ea\api-ms-win-crt-locale-l1-1-0.dll
0x0000027cca8f0000 - 0x0000027cca8f5000 	C:\Users\shara\.openjfx\cache\17.0.2-ea\api-ms-win-crt-math-l1-1-0.dll
0x0000027cca900000 - 0x0000027cca905000 	C:\Users\shara\.openjfx\cache\17.0.2-ea\api-ms-win-crt-multibyte-l1-1-0.dll
0x0000027cca910000 - 0x0000027cca920000 	C:\Users\shara\.openjfx\cache\17.0.2-ea\api-ms-win-crt-private-l1-1-0.dll
0x0000027cca920000 - 0x0000027cca923000 	C:\Users\shara\.openjfx\cache\17.0.2-ea\api-ms-win-crt-process-l1-1-0.dll
0x0000027cca930000 - 0x0000027cca934000 	C:\Users\shara\.openjfx\cache\17.0.2-ea\api-ms-win-crt-runtime-l1-1-0.dll
0x0000027cca940000 - 0x0000027cca944000 	C:\Users\shara\.openjfx\cache\17.0.2-ea\api-ms-win-crt-stdio-l1-1-0.dll
0x0000027cca950000 - 0x0000027cca954000 	C:\Users\shara\.openjfx\cache\17.0.2-ea\api-ms-win-crt-string-l1-1-0.dll
0x0000027cca960000 - 0x0000027cca963000 	C:\Users\shara\.openjfx\cache\17.0.2-ea\api-ms-win-crt-time-l1-1-0.dll
0x0000027cca970000 - 0x0000027cca973000 	C:\Users\shara\.openjfx\cache\17.0.2-ea\api-ms-win-crt-utility-l1-1-0.dll
0x00007ffbd6c90000 - 0x00007ffbd6d8c000 	C:\Users\shara\.openjfx\cache\17.0.2-ea\ucrtbase.dll
0x00007ffbe9120000 - 0x00007ffbe913a000 	C:\Users\shara\.openjfx\cache\17.0.2-ea\vcruntime140.dll
0x00007ffbf74d0000 - 0x00007ffbf74dc000 	C:\Users\shara\.openjfx\cache\17.0.2-ea\vcruntime140_1.dll
0x00007ffbd7ad0000 - 0x00007ffbd7b5d000 	C:\Users\shara\.openjfx\cache\17.0.2-ea\msvcp140.dll
0x00007ffbe5570000 - 0x00007ffbe559a000 	C:\Users\shara\.openjfx\cache\17.0.2-ea\prism_d3d.dll
0x00007ffbef950000 - 0x00007ffbefb1d000 	C:\WINDOWS\system32\d3d9.dll
0x00007ffc15390000 - 0x00007ffc153bf000 	C:\WINDOWS\SYSTEM32\dwmapi.dll
0x00007ffc150d0000 - 0x00007ffc1516e000 	C:\WINDOWS\system32\uxtheme.dll
0x00007ffbd22c0000 - 0x00007ffbd2468000 	C:\WINDOWS\System32\DriverStore\FileRepository\iigd_dch.inf_amd64_393549dac595e659\igdumdim64.dll
0x00007ffc18f30000 - 0x00007ffc1905a000 	C:\WINDOWS\System32\ole32.dll
0x00007ffb77930000 - 0x00007ffb7b54f000 	C:\WINDOWS\System32\DriverStore\FileRepository\iigd_dch.inf_amd64_393549dac595e659\igd9dxva64.dll
0x00007ffc18480000 - 0x00007ffc1854d000 	C:\WINDOWS\System32\OLEAUT32.dll
0x00007ffc18a90000 - 0x00007ffc18ef8000 	C:\WINDOWS\System32\SETUPAPI.dll
0x00007ffc17ce0000 - 0x00007ffc17d2e000 	C:\WINDOWS\System32\cfgmgr32.dll
0x00007ffc17d30000 - 0x00007ffc17d57000 	C:\WINDOWS\System32\bcrypt.dll
0x00007ffc02c80000 - 0x00007ffc03048000 	C:\WINDOWS\System32\DriverStore\FileRepository\iigd_dch.inf_amd64_393549dac595e659\igdgmm64.dll
0x00007ffbe27d0000 - 0x00007ffbe2812000 	C:\Users\shara\.openjfx\cache\17.0.2-ea\glass.dll
0x00007ffc18930000 - 0x00007ffc18a0a000 	C:\WINDOWS\System32\COMDLG32.dll
0x00007ffc198f0000 - 0x00007ffc19a04000 	C:\WINDOWS\System32\MSCTF.dll
0x00007ffbaae30000 - 0x00007ffbaae57000 	C:\WINDOWS\System32\DriverStore\FileRepository\iigd_dch.inf_amd64_393549dac595e659\igdinfo64.dll
0x00007ffbff690000 - 0x00007ffc02c76000 	C:\WINDOWS\System32\DriverStore\FileRepository\iigd_dch.inf_amd64_393549dac595e659\igc64.dll
0x00007ffc040a0000 - 0x00007ffc040db000 	C:\WINDOWS\SYSTEM32\dxcore.dll
0x00007ffbe86b0000 - 0x00007ffbe86c4000 	C:\Users\shara\.openjfx\cache\17.0.2-ea\javafx_font.dll
0x00007ffbf7620000 - 0x00007ffbf789f000 	C:\WINDOWS\SYSTEM32\dwrite.dll
0x00007ffc18800000 - 0x00007ffc188a9000 	C:\WINDOWS\System32\clbcatq.dll
0x00007ffc05ab0000 - 0x00007ffc05c64000 	C:\WINDOWS\SYSTEM32\WindowsCodecs.dll
0x00007ffbe57f0000 - 0x00007ffbe582e000 	C:\WINDOWS\system32\dataexchange.dll
0x00007ffc13710000 - 0x00007ffc13973000 	C:\WINDOWS\system32\d3d11.dll
0x00007ffc14340000 - 0x00007ffc14523000 	C:\WINDOWS\system32\dcomp.dll
0x00007ffc16340000 - 0x00007ffc16433000 	C:\WINDOWS\system32\dxgi.dll
0x00007ffc0f6c0000 - 0x00007ffc0f8c0000 	C:\WINDOWS\system32\twinapi.appcore.dll
0x00007ffbe8370000 - 0x00007ffbe83a4000 	C:\Program Files\Common Files\Microsoft Shared\Ink\rtscom.dll
0x00007ffbfc6c0000 - 0x00007ffbfc7b9000 	C:\WINDOWS\SYSTEM32\textinputframework.dll
0x00007ffc14960000 - 0x00007ffc14cbe000 	C:\WINDOWS\System32\CoreUIComponents.dll
0x00007ffc14d00000 - 0x00007ffc14df2000 	C:\WINDOWS\System32\CoreMessaging.dll
0x00007ffc16c30000 - 0x00007ffc16c63000 	C:\WINDOWS\SYSTEM32\ntmarta.dll
0x00007ffc140a0000 - 0x00007ffc141f4000 	C:\WINDOWS\SYSTEM32\wintypes.dll
0x00007ffc13a80000 - 0x00007ffc14040000 	C:\WINDOWS\SYSTEM32\d2d1.dll
0x00007ffc04a00000 - 0x00007ffc050f6000 	C:\WINDOWS\SYSTEM32\D3D10Warp.dll

dbghelp: loaded successfully - version: 4.0.5 - missing functions: none
symbol engine: initialized successfully - sym options: 0x614 - pdb path: .;C:\Users\shara\.jdks\openjdk-20.0.1\bin;C:\WINDOWS\SYSTEM32;C:\WINDOWS\WinSxS\amd64_microsoft.windows.common-controls_6595b64144ccf1df_6.0.19041.1110_none_60b5254171f9507e;C:\Users\shara\.jdks\openjdk-20.0.1\bin\server;C:\Program Files\JetBrains\IntelliJ IDEA 2022.3.3\bin;C:\Users\shara\.openjfx\cache\17.0.2-ea;C:\WINDOWS\System32\DriverStore\FileRepository\iigd_dch.inf_amd64_393549dac595e659;C:\Program Files\Common Files\Microsoft Shared\Ink

VM Arguments:
jvm_args: -javaagent:C:\Program Files\JetBrains\IntelliJ IDEA 2022.3.3\lib\idea_rt.jar=59191:C:\Program Files\JetBrains\IntelliJ IDEA 2022.3.3\bin -Dfile.encoding=UTF-8 -Dsun.stdout.encoding=UTF-8 -Dsun.stderr.encoding=UTF-8 --module-path=C:\Users\shara\.m2\repository\org\openjfx\javafx-graphics\17.0.2\javafx-graphics-17.0.2-win.jar;C:\Users\shara\IdeaProjects\Demo\target\classes;C:\Users\shara\.m2\repository\org\openjfx\javafx-controls\17.0.2\javafx-controls-17.0.2-win.jar;C:\Users\shara\.m2\repository\org\openjfx\javafx-base\17.0.2\javafx-base-17.0.2-win.jar;C:\Users\shara\.m2\repository\org\openjfx\javafx-fxml\17.0.2\javafx-fxml-17.0.2-win.jar -Djdk.module.main=sample.demo 
java_command: sample.demo/sample.demo.HelloApplication
java_class_path (initial): C:\Users\shara\.m2\repository\org\openjfx\javafx-controls\17.0.2\javafx-controls-17.0.2.jar;C:\Users\shara\.m2\repository\org\openjfx\javafx-graphics\17.0.2\javafx-graphics-17.0.2.jar;C:\Users\shara\.m2\repository\org\openjfx\javafx-base\17.0.2\javafx-base-17.0.2.jar;C:\Users\shara\.m2\repository\org\openjfx\javafx-fxml\17.0.2\javafx-fxml-17.0.2.jar
Launcher Type: SUN_STANDARD

[Global flags]
     intx CICompilerCount                          = 4                                         {product} {ergonomic}
     uint ConcGCThreads                            = 2                                         {product} {ergonomic}
     uint G1ConcRefinementThreads                  = 8                                         {product} {ergonomic}
   size_t G1HeapRegionSize                         = 2097152                                   {product} {ergonomic}
    uintx GCDrainStackTargetSize                   = 64                                        {product} {ergonomic}
   size_t InitialHeapSize                          = 266338304                                 {product} {ergonomic}
   size_t MarkStackSize                            = 4194304                                   {product} {ergonomic}
   size_t MaxHeapSize                              = 4261412864                                {product} {ergonomic}
   size_t MaxNewSize                               = 2556428288                                {product} {ergonomic}
   size_t MinHeapDeltaBytes                        = 2097152                                   {product} {ergonomic}
   size_t MinHeapSize                              = 8388608                                   {product} {ergonomic}
    uintx NonNMethodCodeHeapSize                   = 5839372                                {pd product} {ergonomic}
    uintx NonProfiledCodeHeapSize                  = 122909434                              {pd product} {ergonomic}
    uintx ProfiledCodeHeapSize                     = 122909434                              {pd product} {ergonomic}
    uintx ReservedCodeCacheSize                    = 251658240                              {pd product} {ergonomic}
     bool SegmentedCodeCache                       = true                                      {product} {ergonomic}
   size_t SoftMaxHeapSize                          = 4261412864                             {manageable} {ergonomic}
     bool UseCompressedClassPointers               = true                           {product lp64_product} {ergonomic}
     bool UseCompressedOops                        = true                           {product lp64_product} {ergonomic}
     bool UseG1GC                                  = true                                      {product} {ergonomic}
     bool UseLargePagesIndividualAllocation        = false                                  {pd product} {ergonomic}

Logging:
Log output configuration:
 #0: stdout all=off uptime,level,tags foldmultilines=false
 #1: stderr all=off uptime,level,tags foldmultilines=false

Environment Variables:
PATH=C:\Users\shara\Downloads\CUserssharaDownloadsWINDOWS.X64_193000_db_home\bin;C:\Program Files\Java\jdk-11.0.2\bin;C:\WINDOWS\system32;C:\WINDOWS;C:\WINDOWS\System32\Wbem;C:\WINDOWS\System32\WindowsPowerShell\v1.0\;C:\WINDOWS\System32\OpenSSH\;C:\Program Files\Git\cmd;C:\Program Files\Git\mingw64\bin;C:\Program Files\Git\usr\bin;C:\wamp64\bin\php\php7.3.12;C:\Program Files\dotnet\;C:\Program Files\MySQL\MySQL Shell 8.0\bin\;C:\Users\shara\AppData\Local\Microsoft\WindowsApps;;C:\Program Files\JetBrains\IntelliJ IDEA Community Edition 2020.2.3\bin;;C:\Users\shara\.dotnet\tools;C:\Program Files\JetBrains\IntelliJ IDEA 2022.3.3\bin;
USERNAME=shara
OS=Windows_NT
PROCESSOR_IDENTIFIER=Intel64 Family 6 Model 142 Stepping 12, GenuineIntel
TMP=C:\Users\shara\AppData\Local\Temp
TEMP=C:\Users\shara\AppData\Local\Temp




---------------  S Y S T E M  ---------------

OS:
 Windows 10 , 64 bit Build 19041 (10.0.19041.2788)
OS uptime: 51 days 22:02 hours

CPU: total 8 (initial active 8) (4 cores per cpu, 2 threads per core) family 6 model 142 stepping 12 microcode 0xc6, cx8, cmov, fxsr, ht, mmx, 3dnowpref, sse, sse2, sse3, ssse3, sse4.1, sse4.2, popcnt, lzcnt, tsc, tscinvbit, avx, avx2, aes, erms, clmul, bmi1, bmi2, adx, fma, vzeroupper, clflush, clflushopt, rdtscp, f16c

Memory: 4k page, system-wide physical 16254M (4285M free)
TotalPageFile size 32109M (AvailPageFile size 5196M)
current process WorkingSet (physical memory assigned to process): 188M, peak: 242M
current process commit charge ("private bytes"): 428M, peak: 483M

vm_info: OpenJDK 64-Bit Server VM (20.0.1+9-29) for windows-amd64 JRE (20.0.1+9-29), built on 2023-03-07T13:56:11Z by "mach5one" with MS VC++ 17.1 (VS2022)

END.
