#
# A fatal error has been detected by the Java Runtime Environment:
#
#  EXCEPTION_ACCESS_VIOLATION (0xc0000005) at pc=0x00007ff849296ab7, pid=15232, tid=13736
#
# JRE version: OpenJDK Runtime Environment (20.0.1+9) (build 20.0.1+9-29)
# Java VM: OpenJDK 64-Bit Server VM (20.0.1+9-29, mixed mode, sharing, tiered, compressed oops, compressed class ptrs, g1 gc, windows-amd64)
# Problematic frame:
# C  [glass.dll+0x26ab7]
#
# No core dump will be written. Minidumps are not enabled by default on client versions of Windows
#
# If you would like to submit a bug report, please visit:
#   https://bugreport.java.com/bugreport/crash.jsp
#

---------------  S U M M A R Y ------------

Command Line: -javaagent:C:\Program Files\JetBrains\IntelliJ IDEA 2022.3.3\lib\idea_rt.jar=65300:C:\Program Files\JetBrains\IntelliJ IDEA 2022.3.3\bin -Dfile.encoding=UTF-8 -Dsun.stdout.encoding=UTF-8 -Dsun.stderr.encoding=UTF-8 --module-path=C:\Users\shara\.m2\repository\org\openjfx\javafx-controls\17.0.2\javafx-controls-17.0.2-win.jar;C:\Users\shara\.m2\repository\org\openjfx\javafx-fxml\17.0.2\javafx-fxml-17.0.2-win.jar;C:\Users\shara\.m2\repository\org\openjfx\javafx-base\17.0.2\javafx-base-17.0.2-win.jar;C:\Users\shara\IdeaProjects\Demo\target\classes;C:\Users\shara\.m2\repository\org\openjfx\javafx-graphics\17.0.2\javafx-graphics-17.0.2-win.jar -Djdk.module.main=sample.demo sample.demo/sample.demo.HelloApplication

Host: Intel(R) Core(TM) i7-8565U CPU @ 1.80GHz, 8 cores, 15G,  Windows 10 , 64 bit Build 19041 (10.0.19041.3031)
Time: Mon Jun 26 00:49:48 2023 Russia TZ 2 Standard Time elapsed time: 490.723961 seconds (0d 0h 8m 10s)

---------------  T H R E A D  ---------------

Current thread (0x000001fa29f73af0):  VMThread "VM Thread" [stack: 0x00000032e4500000,0x00000032e4600000] [id=13736]

Stack: [0x00000032e4500000,0x00000032e4600000],  sp=0x00000032e45ff0e0,  free space=1020k
Native frames: (J=compiled Java code, j=interpreted, Vv=VM code, C=native code)
C  [glass.dll+0x26ab7]


siginfo: EXCEPTION_ACCESS_VIOLATION (0xc0000005), reading address 0x0000000000000000


Registers:
RAX=0x0000000000000000, RBX=0x000001fa29f76778, RCX=0x000001fa29f73af0, RDX=0x00000032e45ff0e0
RSP=0x00000032e45ff0e0, RBP=0x000001fa2e980798, RSI=0x000001fa2e980770, RDI=0x000055201d142ee4
R8 =0x0000000000010002, R9 =0x000055201d142ee4, R10=0x0000000000008000, R11=0x00000032e45ff070
R12=0x00007ff849294384, R13=0x00007ff8463fea90, R14=0x00000032e45ff1d8, R15=0x000001fa2e980770
RIP=0x00007ff849296ab7, EFLAGS=0x0000000000010206


Register to memory mapping:

RIP=0x00007ff849296ab7 glass.dll
RAX=0x0 is NULL
RBX=0x000001fa29f76778 is a global jni handle
RCX=0x000001fa29f73af0 points into unknown readable memory: 0x00007ff846227080 | 80 70 22 46 f8 7f 00 00
RDX=0x00000032e45ff0e0 points into unknown readable memory: 0x0000000000000000 | 00 00 00 00 00 00 00 00
RSP=0x00000032e45ff0e0 points into unknown readable memory: 0x0000000000000000 | 00 00 00 00 00 00 00 00
RBP=0x000001fa2e980798 points into unknown readable memory: 0x000055201d142ee4 | e4 2e 14 1d 20 55 00 00
RSI=0x000001fa2e980770 points into unknown readable memory: 0x9293bce01d13d160 | 60 d1 13 1d e0 bc 93 92
RDI=0x000055201d142ee4 is an unknown value
R8 =0x0000000000010002 is an unknown value
R9 =0x000055201d142ee4 is an unknown value
R10=0x0000000000008000 is an unknown value
R11=0x00000032e45ff070 points into unknown readable memory: 0x000001fa2e980770 | 70 07 98 2e fa 01 00 00
R12=0x00007ff849294384 glass.dll
R13=0x00007ff8463fea90 jvm.dll
R14=0x00000032e45ff1d8 points into unknown readable memory: 0x00000032e45ff1c0 | c0 f1 5f e4 32 00 00 00
R15=0x000001fa2e980770 points into unknown readable memory: 0x9293bce01d13d160 | 60 d1 13 1d e0 bc 93 92


Top of Stack: (sp=0x00000032e45ff0e0)
0x00000032e45ff0e0:   0000000000000000 000001fa2e980770
0x00000032e45ff0f0:   00007ff8463fea90 00007ff849294384
0x00000032e45ff100:   000001fa2e980778 00007ff88ec142d6
0x00000032e45ff110:   000055201d142ee4 000001fa00000000
0x00000032e45ff120:   000001fa2e980798 000001fa2e980770
0x00000032e45ff130:   fffffffffffffffe 0000000000000000
0x00000032e45ff140:   0000000000000001 00007ff849270000
0x00000032e45ff150:   00000032e45ff1c8 00007ff88ec141fb
0x00000032e45ff160:   0000000000000000 00000032e45ff1d8
0x00000032e45ff170:   00000032e45ff4a0 00007ff88ecf0e40
0x00000032e45ff180:   0000000000000001 00007ff88ec141b4
0x00000032e45ff190:   0000000000000000 0000000000000001
0x00000032e45ff1a0:   00007ff800000001 00000032e45ff1c8
0x00000032e45ff1b0:   0000000000000000 00007ff849294211
0x00000032e45ff1c0:   00007ff8492aa138 00007ff800000002
0x00000032e45ff1d0:   0000000000000002 00000032e45ff1c0
0x00000032e45ff1e0:   0000000000000000 00007ff890e09993
0x00000032e45ff1f0:   0000000000000000 00007ff849294336
0x00000032e45ff200:   0000000000000001 0000000000000000
0x00000032e45ff210:   0000000000000000 0000000000000001
0x00000032e45ff220:   0000000000000000 0000000000000000
0x00000032e45ff230:   0000000000000001 0000febc4878bc5b
0x00000032e45ff240:   00007ff849270000 000000007ffe0384
0x00000032e45ff250:   0000000000000000 00007ff890e09a1d
0x00000032e45ff260:   00007ff849270000 0000000000000000
0x00000032e45ff270:   0000000000000001 000000007ffe0385
0x00000032e45ff280:   0000000002360fb8 00000032e45ff4a0
0x00000032e45ff290:   0000febc00000000 0000000000000014
0x00000032e45ff2a0:   0000000000000000 00007ff849294384
0x00000032e45ff2b0:   00000000000003d8 000001fa2ec1e080
0x00000032e45ff2c0:   000001fa29f68400 00007ff890e4dd3c
0x00000032e45ff2d0:   000001fa2ec1d220 00007ff849270000 

Instructions: (pc=0x00007ff849296ab7)
0x00007ff8492969b7:   8b 4d 58 e8 01 cf ff ff 48 8b 4d 60 e8 f8 ce ff
0x00007ff8492969c7:   ff 48 8b 95 80 00 00 00 48 8b 8d 18 01 00 00 e8
0x00007ff8492969d7:   c6 c3 ff ff 33 d2 33 c9 e8 3c e1 ff ff 90 48 89
0x00007ff8492969e7:   54 24 10 55 48 83 ec 20 48 8b ea 48 b8 00 00 00
0x00007ff8492969f7:   00 00 00 00 00 48 83 c4 20 5d c3 cc 40 55 48 8b
0x00007ff849296a07:   ea 48 8b 01 33 c9 81 38 05 00 00 c0 0f 94 c1 8b
0x00007ff849296a17:   c1 5d c3 cc 40 55 48 83 ec 20 48 8b ea 8a 4d 40
0x00007ff849296a27:   48 83 c4 20 5d e9 f7 d2 ff ff cc 40 55 48 83 ec
0x00007ff849296a37:   20 48 8b ea 8a 4d 20 e8 e5 d2 ff ff 90 48 83 c4
0x00007ff849296a47:   20 5d c3 cc 40 55 48 83 ec 20 48 8b ea 48 83 c4
0x00007ff849296a57:   20 5d e9 46 d1 ff ff cc 40 55 48 83 ec 30 48 8b
0x00007ff849296a67:   ea 48 8b 01 8b 10 48 89 4c 24 28 89 54 24 20 4c
0x00007ff849296a77:   8d 0d e7 d5 ff ff 4c 8b 45 70 8b 55 68 48 8b 4d
0x00007ff849296a87:   60 e8 87 d0 ff ff 90 48 83 c4 30 5d c3 cc cc cc
0x00007ff849296a97:   cc cc cc cc cc cc cc cc cc 40 53 48 83 ec 20 48
0x00007ff849296aa7:   8b 1d 83 30 01 00 48 85 db 74 16 e8 09 8b ff ff
0x00007ff849296ab7:   4c 8b 00 48 8b d3 48 8b c8 41 ff 90 b0 00 00 00
0x00007ff849296ac7:   90 48 83 c4 20 5b c3 cc cc 40 53 48 83 ec 20 48
0x00007ff849296ad7:   8b 1d fb 31 01 00 48 85 db 74 57 b8 ff ff ff ff
0x00007ff849296ae7:   f0 0f c1 43 10 83 f8 01 75 3d 48 85 db 74 38 48
0x00007ff849296af7:   8b 0b 48 85 c9 74 0d ff 15 a4 07 00 00 48 c7 03
0x00007ff849296b07:   00 00 00 00 48 8b 4b 08 48 85 c9 74 0d e8 a7 cd
0x00007ff849296b17:   ff ff 48 c7 43 08 00 00 00 00 ba 18 00 00 00 48
0x00007ff849296b27:   8b cb e8 92 cd ff ff 48 c7 05 9f 31 01 00 00 00
0x00007ff849296b37:   00 00 48 83 c4 20 5b c3 cc 40 53 48 83 ec 20 48
0x00007ff849296b47:   8b 1d 6b 31 01 00 48 85 db 74 57 b8 ff ff ff ff
0x00007ff849296b57:   f0 0f c1 43 10 83 f8 01 75 3d 48 85 db 74 38 48
0x00007ff849296b67:   8b 0b 48 85 c9 74 0d ff 15 34 07 00 00 48 c7 03
0x00007ff849296b77:   00 00 00 00 48 8b 4b 08 48 85 c9 74 0d e8 37 cd
0x00007ff849296b87:   ff ff 48 c7 43 08 00 00 00 00 ba 18 00 00 00 48
0x00007ff849296b97:   8b cb e8 22 cd ff ff 48 c7 05 0f 31 01 00 00 00
0x00007ff849296ba7:   00 00 48 83 c4 20 5b c3 cc 40 53 48 83 ec 20 48 


Stack slot to memory mapping:
stack at sp + 0 slots: 0x0 is NULL
stack at sp + 1 slots: 0x000001fa2e980770 points into unknown readable memory: 0x9293bce01d13d160 | 60 d1 13 1d e0 bc 93 92
stack at sp + 2 slots: 0x00007ff8463fea90 jvm.dll
stack at sp + 3 slots: 0x00007ff849294384 glass.dll
stack at sp + 4 slots: 0x000001fa2e980778 points into unknown readable memory: 0x000055201d142ee4 | e4 2e 14 1d 20 55 00 00
stack at sp + 5 slots: 0x00007ff88ec142d6 ucrtbase.dll
stack at sp + 6 slots: 0x000055201d142ee4 is an unknown value
stack at sp + 7 slots: 0x000001fa00000000 is an unknown value

VM_Operation (0x00000032e59fef20): Exit, mode: safepoint, requested by thread 0x000001fa333de8b0


---------------  P R O C E S S  ---------------

Threads class SMR info:
_java_thread_list=0x000001fa33a623a0, length=20, elements={
0x000001fa0aa09aa0, 0x000001fa29f93d00, 0x000001fa29f94b00, 0x000001fa29f98460,
0x000001fa29f9b130, 0x000001fa29f9d690, 0x000001fa29f9df10, 0x000001fa29fa24d0,
0x000001fa2e1cd320, 0x000001fa2e84cad0, 0x000001fa2e6ed5f0, 0x000001fa2eb0aa10,
0x000001fa2ec79950, 0x000001fa2ec563f0, 0x000001fa2e231b10, 0x000001fa33312d30,
0x000001fa333dde10, 0x000001fa333dce20, 0x000001fa333dee00, 0x000001fa333de8b0
}

Java Threads: ( => current thread )
  0x000001fa0aa09aa0 JavaThread "main" [_thread_blocked, id=25480, stack(0x00000032e3f00000,0x00000032e4000000)]
  0x000001fa29f93d00 JavaThread "Reference Handler" daemon [_thread_blocked, id=16024, stack(0x00000032e4600000,0x00000032e4700000)]
  0x000001fa29f94b00 JavaThread "Finalizer" daemon [_thread_blocked, id=7472, stack(0x00000032e4700000,0x00000032e4800000)]
  0x000001fa29f98460 JavaThread "Attach Listener" daemon [_thread_blocked, id=25544, stack(0x00000032e4900000,0x00000032e4a00000)]
  0x000001fa29f9b130 JavaThread "Service Thread" daemon [_thread_blocked, id=4424, stack(0x00000032e4a00000,0x00000032e4b00000)]
  0x000001fa29f9d690 JavaThread "Monitor Deflation Thread" daemon [_thread_blocked, id=8084, stack(0x00000032e4b00000,0x00000032e4c00000)]
  0x000001fa29f9df10 JavaThread "C2 CompilerThread0" daemon [_thread_blocked, id=25380, stack(0x00000032e4c00000,0x00000032e4d00000)]
  0x000001fa29fa24d0 JavaThread "C1 CompilerThread0" daemon [_thread_blocked, id=8360, stack(0x00000032e4d00000,0x00000032e4e00000)]
  0x000001fa2e1cd320 JavaThread "Common-Cleaner" daemon [_thread_blocked, id=23452, stack(0x00000032e4e00000,0x00000032e4f00000)]
  0x000001fa2e84cad0 JavaThread "Monitor Ctrl-Break" daemon [_thread_in_native, id=23176, stack(0x00000032e5100000,0x00000032e5200000)]
  0x000001fa2e6ed5f0 JavaThread "Notification Thread" daemon [_thread_blocked, id=9924, stack(0x00000032e5200000,0x00000032e5300000)]
  0x000001fa2eb0aa10 JavaThread "QuantumRenderer-0" daemon [_thread_blocked, id=11412, stack(0x00000032e5400000,0x00000032e5500000)]
  0x000001fa2ec79950 JavaThread "InvokeLaterDispatcher" daemon [_thread_blocked, id=23976, stack(0x00000032e5500000,0x00000032e5600000)]
  0x000001fa2ec563f0 JavaThread "JavaFX Application Thread" [_thread_in_native, id=9272, stack(0x00000032e5600000,0x00000032e5700000)]
  0x000001fa2e231b10 JavaThread "Thread-1" daemon [_thread_in_native, id=7796, stack(0x00000032e5000000,0x00000032e5100000)]
  0x000001fa33312d30 JavaThread "JavaFX-Launcher" [_thread_blocked, id=16712, stack(0x00000032e5a00000,0x00000032e5b00000)]
  0x000001fa333dde10 JavaThread "Prism Font Disposer" daemon [_thread_blocked, id=24884, stack(0x00000032e6400000,0x00000032e6500000)]
  0x000001fa333dce20 JavaThread "Cleaner-0" daemon [_thread_blocked, id=3244, stack(0x00000032e6500000,0x00000032e6600000)]
  0x000001fa333dee00 JavaThread "mysql-cj-abandoned-connection-cleanup" daemon [_thread_blocked, id=22524, stack(0x00000032e4f00000,0x00000032e5000000)]
  0x000001fa333de8b0 JavaThread "SIGINT handler" daemon [_thread_blocked, id=9380, stack(0x00000032e5900000,0x00000032e5a00000)]

Other Threads:
=>0x000001fa29f73af0 VMThread "VM Thread" [stack: 0x00000032e4500000,0x00000032e4600000] [id=13736]
  0x000001fa0aa7ac80 WorkerThread "GC Thread#0" [stack: 0x00000032e4000000,0x00000032e4100000] [id=22288]
  0x000001fa334158f0 WorkerThread "GC Thread#1" [stack: 0x00000032e5b00000,0x00000032e5c00000] [id=21908]
  0x000001fa33415bc0 WorkerThread "GC Thread#2" [stack: 0x00000032e5c00000,0x00000032e5d00000] [id=7468]
  0x000001fa33336050 WorkerThread "GC Thread#3" [stack: 0x00000032e5d00000,0x00000032e5e00000] [id=4616]
  0x000001fa33403040 WorkerThread "GC Thread#4" [stack: 0x00000032e5e00000,0x00000032e5f00000] [id=4200]
  0x000001fa33404120 WorkerThread "GC Thread#5" [stack: 0x00000032e5f00000,0x00000032e6000000] [id=25300]
  0x000001fa33404990 WorkerThread "GC Thread#6" [stack: 0x00000032e6900000,0x00000032e6a00000] [id=21944]
  0x000001fa33403310 WorkerThread "GC Thread#7" [stack: 0x00000032e6a00000,0x00000032e6b00000] [id=25048]
  0x000001fa0aa8bb30 ConcurrentGCThread "G1 Main Marker" terminated
  0x000001fa0aa8cd00 WorkerThread "G1 Conc#0" [stack: 0x00000032e4200000,0x00000032e4300000] [id=20392]
  0x000001fa334038b0 WorkerThread "G1 Conc#1" [stack: 0x00000032e6c00000,0x00000032e6d00000] [id=17560]
  0x000001fa0aadec50 ConcurrentGCThread "G1 Refine#0" terminated
  0x000001fa29e30880 ConcurrentGCThread "G1 Service" terminated

Threads with active compile tasks:

VM state: at safepoint (shutting down)

VM Mutex/Monitor currently owned by a thread:  ([mutex/lock_event])
[0x000001fa0aa04a90] Threads_lock - owner thread: 0x000001fa29f73af0
[0x000001fa0aa06c50] Heap_lock - owner thread: 0x000001fa333de8b0

Heap address: 0x0000000702000000, size: 4064 MB, Compressed Oops mode: Zero based, Oop shift amount: 3

CDS archive(s) mapped at: [0x0000000800000000-0x0000000800c60000-0x0000000800c60000), size 12976128, SharedBaseAddress: 0x0000000800000000, ArchiveRelocationMode: 0.
Compressed class space mapped at: 0x0000000801000000-0x0000000841000000, reserved size: 1073741824
Narrow klass base: 0x0000000800000000, Narrow klass shift: 0, Narrow klass range: 0x100000000

GC Precious Log:
 CardTable entry size: 512
 Card Set container configuration: InlinePtr #cards 4 size 8 Array Of Cards #cards 16 size 48 Howl #buckets 8 coarsen threshold 3686 Howl Bitmap #cards 512 size 80 coarsen threshold 460 Card regions per heap region 1 cards per card region 4096
 CPUs: 8 total, 8 available
 Memory: 16254M
 Large Page Support: Disabled
 NUMA Support: Disabled
 Compressed Oops: Enabled (Zero based)
 Heap Region Size: 2M
 Heap Min Capacity: 8M
 Heap Initial Capacity: 254M
 Heap Max Capacity: 4064M
 Pre-touch: Disabled
 Parallel Workers: 8
 Concurrent Workers: 2
 Concurrent Refinement Workers: 8
 Periodic GC: Disabled

Heap:
 garbage-first heap   total 55296K, used 28032K [0x0000000702000000, 0x0000000800000000)
  region size 2048K, 5 young (10240K), 2 survivors (4096K)
 Metaspace       used 27483K, committed 27904K, reserved 1114112K
  class space    used 3522K, committed 3712K, reserved 1048576K

Heap Regions: E=young(eden), S=young(survivor), O=old, HS=humongous(starts), HC=humongous(continues), CS=collection set, F=free, OA=open archive, CA=closed archive, TAMS=top-at-mark-start, PB=parsable bottom
|   0|0x0000000702000000, 0x0000000702200000, 0x0000000702200000|100%|HS|  |TAMS 0x0000000702000000| PB 0x0000000702000000| Complete 
|   1|0x0000000702200000, 0x0000000702400000, 0x0000000702400000|100%| O|  |TAMS 0x0000000702200000| PB 0x0000000702200000| Untracked 
|   2|0x0000000702400000, 0x0000000702600000, 0x0000000702600000|100%| O|  |TAMS 0x0000000702400000| PB 0x0000000702400000| Untracked 
|   3|0x0000000702600000, 0x0000000702600000, 0x0000000702800000|  0%| F|  |TAMS 0x0000000702600000| PB 0x0000000702600000| Untracked 
|   4|0x0000000702800000, 0x0000000702a00000, 0x0000000702a00000|100%| O|  |TAMS 0x0000000702800000| PB 0x0000000702800000| Untracked 
|   5|0x0000000702a00000, 0x0000000702c00000, 0x0000000702c00000|100%| O|  |TAMS 0x0000000702a00000| PB 0x0000000702a00000| Untracked 
|   6|0x0000000702c00000, 0x0000000702e00000, 0x0000000702e00000|100%| O|  |TAMS 0x0000000702c00000| PB 0x0000000702c00000| Untracked 
|   7|0x0000000702e00000, 0x0000000703000000, 0x0000000703000000|100%| O|  |TAMS 0x0000000702e00000| PB 0x0000000702e00000| Untracked 
|   8|0x0000000703000000, 0x0000000703200000, 0x0000000703200000|100%|HS|  |TAMS 0x0000000703000000| PB 0x0000000703000000| Complete 
|   9|0x0000000703200000, 0x0000000703200000, 0x0000000703400000|  0%| F|  |TAMS 0x0000000703200000| PB 0x0000000703200000| Untracked 
|  10|0x0000000703400000, 0x0000000703400000, 0x0000000703600000|  0%| F|  |TAMS 0x0000000703400000| PB 0x0000000703400000| Untracked 
|  11|0x0000000703600000, 0x0000000703800000, 0x0000000703800000|100%| O|  |TAMS 0x0000000703600000| PB 0x0000000703600000| Untracked 
|  12|0x0000000703800000, 0x0000000703a00000, 0x0000000703a00000|100%| O|  |TAMS 0x0000000703800000| PB 0x0000000703800000| Untracked 
|  13|0x0000000703a00000, 0x0000000703a2e200, 0x0000000703c00000|  9%| O|  |TAMS 0x0000000703a00000| PB 0x0000000703a00000| Untracked 
|  14|0x0000000703c00000, 0x0000000703c00000, 0x0000000703e00000|  0%| F|  |TAMS 0x0000000703c00000| PB 0x0000000703c00000| Untracked 
|  15|0x0000000703e00000, 0x0000000703f32020, 0x0000000704000000| 59%| S|CS|TAMS 0x0000000703e00000| PB 0x0000000703e00000| Complete 
|  16|0x0000000704000000, 0x0000000704200000, 0x0000000704200000|100%| S|CS|TAMS 0x0000000704000000| PB 0x0000000704000000| Complete 
|  17|0x0000000704200000, 0x0000000704200000, 0x0000000704400000|  0%| F|  |TAMS 0x0000000704200000| PB 0x0000000704200000| Untracked 
|  18|0x0000000704400000, 0x0000000704400000, 0x0000000704600000|  0%| F|  |TAMS 0x0000000704400000| PB 0x0000000704400000| Untracked 
|  19|0x0000000704600000, 0x0000000704600000, 0x0000000704800000|  0%| F|  |TAMS 0x0000000704600000| PB 0x0000000704600000| Untracked 
|  20|0x0000000704800000, 0x0000000704800000, 0x0000000704a00000|  0%| F|  |TAMS 0x0000000704800000| PB 0x0000000704800000| Untracked 
|  21|0x0000000704a00000, 0x0000000704a00000, 0x0000000704c00000|  0%| F|  |TAMS 0x0000000704a00000| PB 0x0000000704a00000| Untracked 
|  22|0x0000000704c00000, 0x0000000704c00000, 0x0000000704e00000|  0%| F|  |TAMS 0x0000000704c00000| PB 0x0000000704c00000| Untracked 
| 119|0x0000000710e00000, 0x0000000710e00000, 0x0000000711000000|  0%| F|  |TAMS 0x0000000710e00000| PB 0x0000000710e00000| Untracked 
| 120|0x0000000711000000, 0x000000071116a448, 0x0000000711200000| 70%| E|  |TAMS 0x0000000711000000| PB 0x0000000711000000| Complete 
| 121|0x0000000711200000, 0x0000000711400000, 0x0000000711400000|100%| E|CS|TAMS 0x0000000711200000| PB 0x0000000711200000| Complete 
| 126|0x0000000711c00000, 0x0000000711e00000, 0x0000000711e00000|100%| E|CS|TAMS 0x0000000711c00000| PB 0x0000000711c00000| Complete 

Card table byte_map: [0x000001fa225f0000,0x000001fa22de0000] _byte_map_base: 0x000001fa1ede0000

Marking Bits: (CMBitMap*) 0x000001fa0aa7b2b0
 Bits: [0x000001fa235d0000, 0x000001fa27550000)

Polling page: 0x000001fa089c0000

Metaspace:

Usage:
  Non-class:     23.40 MB used.
      Class:      3.44 MB used.
       Both:     26.84 MB used.

Virtual space:
  Non-class space:       64.00 MB reserved,      23.62 MB ( 37%) committed,  1 nodes.
      Class space:        1.00 GB reserved,       3.62 MB ( <1%) committed,  1 nodes.
             Both:        1.06 GB reserved,      27.25 MB (  3%) committed. 

Chunk freelists:
   Non-Class:  14.00 KB
       Class:  339.00 KB
        Both:  353.00 KB

MaxMetaspaceSize: unlimited
CompressedClassSpaceSize: 1.00 GB
Initial GC threshold: 21.00 MB
Current GC threshold: 35.31 MB
CDS: on
MetaspaceReclaimPolicy: balanced
 - commit_granule_bytes: 65536.
 - commit_granule_words: 8192.
 - virtual_space_node_default_size: 8388608.
 - enlarge_chunks_in_place: 1.
 - new_chunks_are_fully_committed: 0.
 - uncommit_free_chunks: 1.
 - use_allocation_guard: 0.


Internal statistics:

num_allocs_failed_limit: 3.
num_arena_births: 426.
num_arena_deaths: 0.
num_vsnodes_births: 2.
num_vsnodes_deaths: 0.
num_space_committed: 436.
num_space_uncommitted: 0.
num_chunks_returned_to_freelist: 3.
num_chunks_taken_from_freelist: 1234.
num_chunk_merges: 0.
num_chunk_splits: 843.
num_chunks_enlarged: 626.
num_inconsistent_stats: 0.

CodeHeap 'non-profiled nmethods': size=120000Kb used=2909Kb max_used=2909Kb free=117090Kb
 bounds [0x000001fa1a5a0000, 0x000001fa1a880000, 0x000001fa21ad0000]
CodeHeap 'profiled nmethods': size=120000Kb used=12254Kb max_used=12254Kb free=107745Kb
 bounds [0x000001fa12ad0000, 0x000001fa136d0000, 0x000001fa1a000000]
CodeHeap 'non-nmethods': size=5760Kb used=1980Kb max_used=2038Kb free=3779Kb
 bounds [0x000001fa1a000000, 0x000001fa1a270000, 0x000001fa1a5a0000]
 total_blobs=6776 nmethods=5863 adapters=821
 compilation: enabled
              stopped_count=0, restarted_count=0
 full_count=0

Compilation events (20 events):
Event: 354.389 Thread 0x000001fa29fa24d0 5856       3       jdk.internal.loader.BuiltinClassLoader::checkURL (5 bytes)
Event: 354.390 Thread 0x000001fa29fa24d0 nmethod 5856 0x000001fa136c4810 code [0x000001fa136c49a0, 0x000001fa136c4b90]
Event: 354.390 Thread 0x000001fa29fa24d0 5857   !   3       jdk.internal.loader.URLClassPath::checkURL (16 bytes)
Event: 354.390 Thread 0x000001fa29fa24d0 nmethod 5857 0x000001fa136c4c90 code [0x000001fa136c4e20, 0x000001fa136c4fe0]
Event: 373.670 Thread 0x000001fa29f9df10 5858       4       javafx.scene.Node::buildEventDispatchChain (100 bytes)
Event: 373.711 Thread 0x000001fa29f9df10 nmethod 5858 0x000001fa1a871210 code [0x000001fa1a8714e0, 0x000001fa1a873e28]
Event: 374.392 Thread 0x000001fa29fa24d0 5859   !   3       jdk.internal.loader.BuiltinClassLoader::findResource (154 bytes)
Event: 374.394 Thread 0x000001fa29fa24d0 nmethod 5859 0x000001fa136c5090 code [0x000001fa136c5400, 0x000001fa136c6880]
Event: 374.394 Thread 0x000001fa29fa24d0 5860       3       jdk.internal.loader.BuiltinClassLoader::findResourceOnClassPath (41 bytes)
Event: 374.394 Thread 0x000001fa29fa24d0 nmethod 5860 0x000001fa136c7090 code [0x000001fa136c7260, 0x000001fa136c7660]
Event: 471.672 Thread 0x000001fa29f9df10 5861       4       com.sun.javafx.event.EventHandlerManager::dispatchCapturingEvent (23 bytes)
Event: 471.684 Thread 0x000001fa29f9df10 nmethod 5861 0x000001fa1a874e90 code [0x000001fa1a8750e0, 0x000001fa1a8759e8]
Event: 474.214 Thread 0x000001fa29f9df10 5862       4       javafx.scene.input.MouseEvent::copyFor (7 bytes)
Event: 474.217 Thread 0x000001fa29f9df10 nmethod 5862 0x000001fa1a876290 code [0x000001fa1a876420, 0x000001fa1a876800]
Event: 484.419 Thread 0x000001fa29fa24d0 5863       3       jdk.internal.misc.Unsafe::putIntOpaque (9 bytes)
Event: 484.420 Thread 0x000001fa29fa24d0 nmethod 5863 0x000001fa136c7790 code [0x000001fa136c7920, 0x000001fa136c7a38]
Event: 488.014 Thread 0x000001fa29f9df10 5865       4       com.sun.javafx.event.EventDispatchChainImpl::insertFirst (42 bytes)
Event: 488.016 Thread 0x000001fa29f9df10 nmethod 5865 0x000001fa1a876e90 code [0x000001fa1a877000, 0x000001fa1a877298]
Event: 490.386 Thread 0x000001fa29fa24d0 5866       1       java.util.logging.LogManager$LoggerContext::getOwner (5 bytes)
Event: 490.387 Thread 0x000001fa29fa24d0 nmethod 5866 0x000001fa1a877410 code [0x000001fa1a877580, 0x000001fa1a877650]

GC Heap History (10 events):
Event: 0.776 GC heap before
{Heap before GC invocations=0 (full 0):
 garbage-first heap   total 260096K, used 20480K [0x0000000702000000, 0x0000000800000000)
  region size 2048K, 11 young (22528K), 0 survivors (0K)
 Metaspace       used 5241K, committed 5440K, reserved 1114112K
  class space    used 608K, committed 704K, reserved 1048576K
}
Event: 0.780 GC heap after
{Heap after GC invocations=1 (full 0):
 garbage-first heap   total 260096K, used 2789K [0x0000000702000000, 0x0000000800000000)
  region size 2048K, 2 young (4096K), 2 survivors (4096K)
 Metaspace       used 5241K, committed 5440K, reserved 1114112K
  class space    used 608K, committed 704K, reserved 1048576K
}
Event: 4.382 GC heap before
{Heap before GC invocations=1 (full 0):
 garbage-first heap   total 260096K, used 39653K [0x0000000702000000, 0x0000000800000000)
  region size 2048K, 20 young (40960K), 2 survivors (4096K)
 Metaspace       used 15760K, committed 16192K, reserved 1114112K
  class space    used 2060K, committed 2240K, reserved 1048576K
}
Event: 4.392 GC heap after
{Heap after GC invocations=2 (full 0):
 garbage-first heap   total 260096K, used 10304K [0x0000000702000000, 0x0000000800000000)
  region size 2048K, 3 young (6144K), 3 survivors (6144K)
 Metaspace       used 15760K, committed 16192K, reserved 1114112K
  class space    used 2060K, committed 2240K, reserved 1048576K
}
Event: 4.731 GC heap before
{Heap before GC invocations=2 (full 0):
 garbage-first heap   total 260096K, used 18496K [0x0000000702000000, 0x0000000800000000)
  region size 2048K, 8 young (16384K), 3 survivors (6144K)
 Metaspace       used 21177K, committed 21504K, reserved 1114112K
  class space    used 2684K, committed 2816K, reserved 1048576K
}
Event: 4.737 GC heap after
{Heap after GC invocations=3 (full 0):
 garbage-first heap   total 260096K, used 12477K [0x0000000702000000, 0x0000000800000000)
  region size 2048K, 3 young (6144K), 3 survivors (6144K)
 Metaspace       used 21177K, committed 21504K, reserved 1114112K
  class space    used 2684K, committed 2816K, reserved 1048576K
}
Event: 5.453 GC heap before
{Heap before GC invocations=4 (full 0):
 garbage-first heap   total 55296K, used 39101K [0x0000000702000000, 0x0000000800000000)
  region size 2048K, 16 young (32768K), 3 survivors (6144K)
 Metaspace       used 25328K, committed 25728K, reserved 1114112K
  class space    used 3378K, committed 3584K, reserved 1048576K
}
Event: 5.466 GC heap after
{Heap after GC invocations=5 (full 0):
 garbage-first heap   total 55296K, used 18266K [0x0000000702000000, 0x0000000800000000)
  region size 2048K, 2 young (4096K), 2 survivors (4096K)
 Metaspace       used 25328K, committed 25728K, reserved 1114112K
  class space    used 3378K, committed 3584K, reserved 1048576K
}
Event: 209.600 GC heap before
{Heap before GC invocations=5 (full 0):
 garbage-first heap   total 55296K, used 40794K [0x0000000702000000, 0x0000000800000000)
  region size 2048K, 12 young (24576K), 2 survivors (4096K)
 Metaspace       used 27398K, committed 27776K, reserved 1114112K
  class space    used 3509K, committed 3712K, reserved 1048576K
}
Event: 209.610 GC heap after
{Heap after GC invocations=6 (full 0):
 garbage-first heap   total 55296K, used 23936K [0x0000000702000000, 0x0000000800000000)
  region size 2048K, 2 young (4096K), 2 survivors (4096K)
 Metaspace       used 27398K, committed 27776K, reserved 1114112K
  class space    used 3509K, committed 3712K, reserved 1048576K
}

Dll operation events (20 events):
Event: 0.503 Loaded shared library C:\Users\shara\.openjfx\cache\17.0.2-ea\api-ms-win-crt-heap-l1-1-0.dll
Event: 0.506 Loaded shared library C:\Users\shara\.openjfx\cache\17.0.2-ea\api-ms-win-crt-locale-l1-1-0.dll
Event: 0.509 Loaded shared library C:\Users\shara\.openjfx\cache\17.0.2-ea\api-ms-win-crt-math-l1-1-0.dll
Event: 0.513 Loaded shared library C:\Users\shara\.openjfx\cache\17.0.2-ea\api-ms-win-crt-multibyte-l1-1-0.dll
Event: 0.518 Loaded shared library C:\Users\shara\.openjfx\cache\17.0.2-ea\api-ms-win-crt-private-l1-1-0.dll
Event: 0.521 Loaded shared library C:\Users\shara\.openjfx\cache\17.0.2-ea\api-ms-win-crt-process-l1-1-0.dll
Event: 0.524 Loaded shared library C:\Users\shara\.openjfx\cache\17.0.2-ea\api-ms-win-crt-runtime-l1-1-0.dll
Event: 0.526 Loaded shared library C:\Users\shara\.openjfx\cache\17.0.2-ea\api-ms-win-crt-stdio-l1-1-0.dll
Event: 0.528 Loaded shared library C:\Users\shara\.openjfx\cache\17.0.2-ea\api-ms-win-crt-string-l1-1-0.dll
Event: 0.531 Loaded shared library C:\Users\shara\.openjfx\cache\17.0.2-ea\api-ms-win-crt-time-l1-1-0.dll
Event: 0.533 Loaded shared library C:\Users\shara\.openjfx\cache\17.0.2-ea\api-ms-win-crt-utility-l1-1-0.dll
Event: 0.550 Loaded shared library C:\Users\shara\.openjfx\cache\17.0.2-ea\ucrtbase.dll
Event: 0.554 Loaded shared library C:\Users\shara\.openjfx\cache\17.0.2-ea\vcruntime140.dll
Event: 0.558 Loaded shared library C:\Users\shara\.openjfx\cache\17.0.2-ea\vcruntime140_1.dll
Event: 0.566 Loaded shared library C:\Users\shara\.openjfx\cache\17.0.2-ea\msvcp140.dll
Event: 0.603 Loaded shared library C:\Users\shara\.openjfx\cache\17.0.2-ea\prism_d3d.dll
Event: 0.640 Loaded shared library C:\Users\shara\.openjfx\cache\17.0.2-ea\glass.dll
Event: 0.765 Loaded shared library C:\Users\shara\.jdks\openjdk-20.0.1\bin\jimage.dll
Event: 0.922 Loaded shared library C:\Users\shara\.openjfx\cache\17.0.2-ea\javafx_font.dll
Event: 4.623 Loaded shared library C:\Users\shara\.jdks\openjdk-20.0.1\bin\sunmscapi.dll

Deoptimization events (20 events):
Event: 213.902 Thread 0x000001fa2e231b10 Uncommon trap: trap_request=0xffffff45 fr.pc=0x000001fa1a80448c relative=0x000000000000016c
Event: 213.902 Thread 0x000001fa2e231b10 Uncommon trap: reason=unstable_if action=reinterpret pc=0x000001fa1a80448c method=com.sun.javafx.tk.quantum.QuantumToolkit.postPulse()V @ 17 c2
Event: 213.902 Thread 0x000001fa2e231b10 DEOPT PACKING pc=0x000001fa1a80448c sp=0x00000032e50fef10
Event: 213.902 Thread 0x000001fa2e231b10 DEOPT UNPACKING pc=0x000001fa1a069d22 sp=0x00000032e50feec8 mode 2
Event: 214.953 Thread 0x000001fa2ec563f0 Uncommon trap: trap_request=0xffffffc6 fr.pc=0x000001fa1a7f7b14 relative=0x00000000000008f4
Event: 214.953 Thread 0x000001fa2ec563f0 Uncommon trap: reason=bimorphic_or_optimized_type_check action=maybe_recompile pc=0x000001fa1a7f7b14 method=com.sun.javafx.scene.EnteredExitedHandler.dispatchCapturingEvent(Ljavafx/event/Event;)Ljavafx/event/Event; @ 12 c2
Event: 214.953 Thread 0x000001fa2ec563f0 DEOPT PACKING pc=0x000001fa1a7f7b14 sp=0x00000032e56f93f0
Event: 214.953 Thread 0x000001fa2ec563f0 DEOPT UNPACKING pc=0x000001fa1a069d22 sp=0x00000032e56f93b0 mode 2
Event: 214.953 Thread 0x000001fa2ec563f0 Uncommon trap: trap_request=0xffffffc6 fr.pc=0x000001fa1a7f5a6c relative=0x000000000000072c
Event: 214.953 Thread 0x000001fa2ec563f0 Uncommon trap: reason=bimorphic_or_optimized_type_check action=maybe_recompile pc=0x000001fa1a7f5a6c method=com.sun.javafx.event.EventHandlerManager.dispatchBubblingEvent(Ljavafx/event/Event;)Ljavafx/event/Event; @ 1 c2
Event: 214.953 Thread 0x000001fa2ec563f0 DEOPT PACKING pc=0x000001fa1a7f5a6c sp=0x00000032e56f9410
Event: 214.953 Thread 0x000001fa2ec563f0 DEOPT UNPACKING pc=0x000001fa1a069d22 sp=0x00000032e56f93b8 mode 2
Event: 215.006 Thread 0x000001fa2ec563f0 Uncommon trap: trap_request=0xffffffc6 fr.pc=0x000001fa1a7f7b14 relative=0x00000000000008f4
Event: 215.006 Thread 0x000001fa2ec563f0 Uncommon trap: reason=bimorphic_or_optimized_type_check action=maybe_recompile pc=0x000001fa1a7f7b14 method=com.sun.javafx.scene.EnteredExitedHandler.dispatchCapturingEvent(Ljavafx/event/Event;)Ljavafx/event/Event; @ 12 c2
Event: 215.006 Thread 0x000001fa2ec563f0 DEOPT PACKING pc=0x000001fa1a7f7b14 sp=0x00000032e56f93f0
Event: 215.006 Thread 0x000001fa2ec563f0 DEOPT UNPACKING pc=0x000001fa1a069d22 sp=0x00000032e56f93b0 mode 2
Event: 215.046 Thread 0x000001fa2ec563f0 Uncommon trap: trap_request=0xffffffc6 fr.pc=0x000001fa1a7f7b14 relative=0x00000000000008f4
Event: 215.046 Thread 0x000001fa2ec563f0 Uncommon trap: reason=bimorphic_or_optimized_type_check action=maybe_recompile pc=0x000001fa1a7f7b14 method=com.sun.javafx.scene.EnteredExitedHandler.dispatchCapturingEvent(Ljavafx/event/Event;)Ljavafx/event/Event; @ 12 c2
Event: 215.046 Thread 0x000001fa2ec563f0 DEOPT PACKING pc=0x000001fa1a7f7b14 sp=0x00000032e56f93f0
Event: 215.046 Thread 0x000001fa2ec563f0 DEOPT UNPACKING pc=0x000001fa1a069d22 sp=0x00000032e56f93b0 mode 2

Classes loaded (20 events):
Event: 5.097 Loading class java/lang/FdLibm$Hypot
Event: 5.097 Loading class java/lang/FdLibm$Hypot done
Event: 5.097 Loading class java/lang/FdLibm
Event: 5.097 Loading class java/lang/FdLibm done
Event: 5.168 Loading class java/text/BreakIterator
Event: 5.168 Loading class java/text/BreakIterator done
Event: 5.169 Loading class sun/util/locale/provider/BreakIteratorProviderImpl
Event: 5.169 Loading class sun/util/locale/provider/BreakIteratorProviderImpl done
Event: 5.169 Loading class sun/util/locale/provider/BreakIteratorProviderImpl$GraphemeBreakIterator
Event: 5.169 Loading class sun/util/locale/provider/BreakIteratorProviderImpl$GraphemeBreakIterator done
Event: 5.169 Loading class java/text/StringCharacterIterator
Event: 5.169 Loading class java/text/StringCharacterIterator done
Event: 5.169 Loading class sun/util/locale/provider/BreakIteratorProviderImpl$CharacterIteratorCharSequence
Event: 5.169 Loading class sun/util/locale/provider/BreakIteratorProviderImpl$CharacterIteratorCharSequence done
Event: 5.169 Loading class java/text/BreakIterator$BreakIteratorCache
Event: 5.169 Loading class java/text/BreakIterator$BreakIteratorCache done
Event: 206.711 Loading class java/util/RegularEnumSet$EnumSetIterator
Event: 206.712 Loading class java/util/RegularEnumSet$EnumSetIterator done
Event: 490.385 Loading class jdk/internal/misc/Signal$1
Event: 490.385 Loading class jdk/internal/misc/Signal$1 done

Classes unloaded (0 events):
No events

Classes redefined (0 events):
No events

Internal exceptions (20 events):
Event: 4.331 Thread 0x000001fa2ec563f0 Exception <a 'sun/nio/fs/WindowsException'{0x000000070f668310}> (0x000000070f668310) 
thrown [s\open\src\hotspot\share\prims\jni.cpp, line 519]
Event: 4.331 Thread 0x000001fa2ec563f0 Exception <a 'sun/nio/fs/WindowsException'{0x000000070f66a728}> (0x000000070f66a728) 
thrown [s\open\src\hotspot\share\prims\jni.cpp, line 519]
Event: 4.343 Thread 0x000001fa2ec563f0 Exception <a 'sun/nio/fs/WindowsException'{0x000000070f6c5898}> (0x000000070f6c5898) 
thrown [s\open\src\hotspot\share\prims\jni.cpp, line 519]
Event: 4.344 Thread 0x000001fa2ec563f0 Exception <a 'sun/nio/fs/WindowsException'{0x000000070f6c8148}> (0x000000070f6c8148) 
thrown [s\open\src\hotspot\share\prims\jni.cpp, line 519]
Event: 4.348 Thread 0x000001fa2ec563f0 Exception <a 'java/lang/NoSuchMethodError'{0x000000070f6d7110}: 'java.lang.Object java.lang.invoke.DirectMethodHandle$Holder.invokeVirtual(java.lang.Object, java.lang.Object, java.lang.Object)'> (0x000000070f6d7110) 
thrown [s\open\src\hotspot\share\interpreter\linkResolver.cpp, line 773]
Event: 4.430 Thread 0x000001fa2ec563f0 Exception <a 'sun/nio/fs/WindowsException'{0x0000000711a725a0}> (0x0000000711a725a0) 
thrown [s\open\src\hotspot\share\prims\jni.cpp, line 519]
Event: 4.500 Thread 0x000001fa2ec563f0 Exception <a 'sun/nio/fs/WindowsException'{0x00000007118b80d0}> (0x00000007118b80d0) 
thrown [s\open\src\hotspot\share\prims\jni.cpp, line 519]
Event: 4.531 Thread 0x000001fa2ec563f0 Exception <a 'sun/nio/fs/WindowsException'{0x00000007119ac620}> (0x00000007119ac620) 
thrown [s\open\src\hotspot\share\prims\jni.cpp, line 519]
Event: 4.534 Thread 0x000001fa2ec563f0 Exception <a 'sun/nio/fs/WindowsException'{0x00000007119c1140}> (0x00000007119c1140) 
thrown [s\open\src\hotspot\share\prims\jni.cpp, line 519]
Event: 4.556 Thread 0x000001fa2ec563f0 Exception <a 'java/lang/NoSuchMethodError'{0x000000071165b768}: 'java.lang.Object java.lang.invoke.DirectMethodHandle$Holder.invokeStaticInit(java.lang.Object, int, int, int, int)'> (0x000000071165b768) 
thrown [s\open\src\hotspot\share\interpreter\linkResolver.cpp, line 773]
Event: 4.603 Thread 0x000001fa2ec563f0 Exception <a 'java/lang/NoSuchMethodError'{0x00000007117180c8}: 'java.lang.Object java.lang.invoke.DirectMethodHandle$Holder.invokeStaticInit(java.lang.Object, java.lang.Object, int, int, int, int)'> (0x00000007117180c8) 
thrown [s\open\src\hotspot\share\interpreter\linkResolver.cpp, line 773]
Event: 4.913 Thread 0x000001fa2ec563f0 Exception <a 'java/lang/ClassNotFoundException'{0x0000000704b76378}: com/sun/javafx/scene/control/skin/resources/controls> (0x0000000704b76378) 
thrown [s\open\src\hotspot\share\prims\jni.cpp, line 538]
Event: 4.914 Thread 0x000001fa2ec563f0 Exception <a 'java/lang/ClassNotFoundException'{0x0000000704b84968}: com/sun/javafx/scene/control/skin/resources/controls_en> (0x0000000704b84968) 
thrown [s\open\src\hotspot\share\prims\jni.cpp, line 538]
Event: 4.914 Thread 0x000001fa2ec563f0 Exception <a 'java/lang/ClassNotFoundException'{0x0000000704b86128}: com/sun/javafx/scene/control/skin/resources/controls_en_GB> (0x0000000704b86128) 
thrown [s\open\src\hotspot\share\prims\jni.cpp, line 538]
Event: 5.069 Thread 0x000001fa2ec563f0 Exception <a 'java/lang/NoSuchMethodError'{0x00000007042d34c8}: 'void java.lang.invoke.DirectMethodHandle$Holder.invokeSpecial(java.lang.Object, java.lang.Object, java.lang.Object, java.lang.Object, java.lang.Object, java.lang.Object)'> (0x00000007042d34c8) 
thrown [s\open\src\hotspot\share\interpreter\linkResolver.cpp, line 773]
Event: 5.657 Thread 0x000001fa2eb0aa10 Exception <a 'java/lang/NoSuchMethodError'{0x00000007110164d0}: 'java.lang.Object java.lang.invoke.DirectMethodHandle$Holder.invokeStaticInit(java.lang.Object, int)'> (0x00000007110164d0) 
thrown [s\open\src\hotspot\share\interpreter\linkResolver.cpp, line 773]
Event: 212.304 Thread 0x000001fa2ec563f0 Exception <a 'java/lang/NoSuchMethodError'{0x0000000711cc2218}: 'java.lang.Object java.lang.invoke.DirectMethodHandle$Holder.newInvokeSpecial(java.lang.Object, java.lang.Object, int, int, int, int, int, java.lang.Object)'> (0x0000000711cc2218) 
thrown [s\open\src\hotspot\share\interpreter\linkResolver.cpp, line 773]
Event: 212.307 Thread 0x000001fa2ec563f0 Exception <a 'java/lang/NoSuchMethodError'{0x0000000711cd4f68}: 'java.lang.Object java.lang.invoke.DirectMethodHandle$Holder.newInvokeSpecial(java.lang.Object, java.lang.Object, java.lang.Object, int, int, int, int, int)'> (0x0000000711cd4f68) 
thrown [s\open\src\hotspot\share\interpreter\linkResolver.cpp, line 773]
Event: 212.307 Thread 0x000001fa2ec563f0 Exception <a 'java/lang/NoSuchMethodError'{0x0000000711cdcd68}: 'java.lang.Object java.lang.invoke.Invokers$Holder.linkToTargetMethod(java.lang.Object, java.lang.Object, int, int, int, int, int, java.lang.Object)'> (0x0000000711cdcd68) 
thrown [s\open\src\hotspot\share\interpreter\linkResolver.cpp, line 773]
Event: 214.951 Thread 0x000001fa2ec563f0 Exception <a 'java/lang/NoSuchMethodError'{0x000000071130f2e0}: 'java.lang.Object java.lang.invoke.DirectMethodHandle$Holder.newInvokeSpecial(java.lang.Object, java.lang.Object, java.lang.Object, double, double, double, double, int, int, int, int, int, int, int, int, int)'> (0x000000071130f2e0) 
thrown [s\open\src\hotspot\share\interpreter\linkResolver.cpp, line 773]

VM Operations (20 events):
Event: 206.565 Executing VM operation: Cleanup done
Event: 207.566 Executing VM operation: Cleanup
Event: 207.566 Executing VM operation: Cleanup done
Event: 209.567 Executing VM operation: Cleanup
Event: 209.567 Executing VM operation: Cleanup done
Event: 209.600 Executing VM operation: G1CollectForAllocation
Event: 209.610 Executing VM operation: G1CollectForAllocation done
Event: 210.611 Executing VM operation: Cleanup
Event: 210.611 Executing VM operation: Cleanup done
Event: 212.612 Executing VM operation: Cleanup
Event: 212.612 Executing VM operation: Cleanup done
Event: 214.612 Executing VM operation: Cleanup
Event: 214.613 Executing VM operation: Cleanup done
Event: 215.613 Executing VM operation: Cleanup
Event: 215.613 Executing VM operation: Cleanup done
Event: 223.617 Executing VM operation: Cleanup
Event: 223.617 Executing VM operation: Cleanup done
Event: 475.738 Executing VM operation: Cleanup
Event: 475.738 Executing VM operation: Cleanup done
Event: 490.388 Executing VM operation: Exit

Events (20 events):
Event: 40.881 Thread 0x000001fa375dca90 Thread added: 0x000001fa375dca90
Event: 43.534 Thread 0x000001fa375dca90 Thread exited: 0x000001fa375dca90
Event: 85.488 Thread 0x000001fa37660d60 Thread added: 0x000001fa37660d60
Event: 85.647 Thread 0x000001fa37660d60 Thread exited: 0x000001fa37660d60
Event: 86.197 Thread 0x000001fa33663d30 Thread added: 0x000001fa33663d30
Event: 86.606 Thread 0x000001fa33663d30 Thread exited: 0x000001fa33663d30
Event: 127.945 Thread 0x000001fa33663d30 Thread added: 0x000001fa33663d30
Event: 128.576 Thread 0x000001fa33663d30 Thread exited: 0x000001fa33663d30
Event: 134.298 Thread 0x000001fa33663d30 Thread added: 0x000001fa33663d30
Event: 134.497 Thread 0x000001fa33663d30 Thread exited: 0x000001fa33663d30
Event: 206.758 Thread 0x000001fa374643c0 Thread added: 0x000001fa374643c0
Event: 206.758 Thread 0x000001fa33a60c00 Thread added: 0x000001fa33a60c00
Event: 208.409 Thread 0x000001fa33a60c00 Thread exited: 0x000001fa33a60c00
Event: 209.585 Thread 0x000001fa374643c0 Thread exited: 0x000001fa374643c0
Event: 490.386 Thread 0x000001fa333de8b0 Thread added: 0x000001fa333de8b0
Event: 490.386 Thread 0x000001fa333dd8c0 Thread added: 0x000001fa333dd8c0
Event: 490.386 Thread 0x000001fa333dbe30 Thread added: 0x000001fa333dbe30
Event: 490.387 Thread 0x000001fa333dbe30 Thread exited: 0x000001fa333dbe30
Event: 490.387 Thread 0x000001fa333dd8c0 Thread exited: 0x000001fa333dd8c0
Event: 490.388 Thread 0x000001fa29f95900 Thread exited: 0x000001fa29f95900


Dynamic libraries:
0x00007ff6dca50000 - 0x00007ff6dca5e000 	C:\Users\shara\.jdks\openjdk-20.0.1\bin\java.exe
0x00007ff890df0000 - 0x00007ff890fe8000 	C:\WINDOWS\SYSTEM32\ntdll.dll
0x00007ff88fb30000 - 0x00007ff88fbef000 	C:\WINDOWS\System32\KERNEL32.DLL
0x00007ff88e4d0000 - 0x00007ff88e7c6000 	C:\WINDOWS\System32\KERNELBASE.dll
0x00007ff88ec00000 - 0x00007ff88ed00000 	C:\WINDOWS\System32\ucrtbase.dll
0x00007ff888fa0000 - 0x00007ff888fb7000 	C:\Users\shara\.jdks\openjdk-20.0.1\bin\jli.dll
0x00007ff890b70000 - 0x00007ff890d0d000 	C:\WINDOWS\System32\USER32.dll
0x00007ff88ed00000 - 0x00007ff88ed22000 	C:\WINDOWS\System32\win32u.dll
0x00007ff8909c0000 - 0x00007ff8909ec000 	C:\WINDOWS\System32\GDI32.dll
0x00007ff88eae0000 - 0x00007ff88ebf5000 	C:\WINDOWS\System32\gdi32full.dll
0x00007ff88e7d0000 - 0x00007ff88e86d000 	C:\WINDOWS\System32\msvcp_win.dll
0x00007ff873270000 - 0x00007ff87328b000 	C:\Users\shara\.jdks\openjdk-20.0.1\bin\VCRUNTIME140.dll
0x00007ff88db80000 - 0x00007ff88de1a000 	C:\WINDOWS\WinSxS\amd64_microsoft.windows.common-controls_6595b64144ccf1df_6.0.19041.1110_none_60b5254171f9507e\COMCTL32.dll
0x00007ff890030000 - 0x00007ff8900ce000 	C:\WINDOWS\System32\msvcrt.dll
0x00007ff88ff70000 - 0x00007ff88ffa0000 	C:\WINDOWS\System32\IMM32.DLL
0x00007ff888f90000 - 0x00007ff888f9c000 	C:\Users\shara\.jdks\openjdk-20.0.1\bin\vcruntime140_1.dll
0x00007ff853b00000 - 0x00007ff853b8e000 	C:\Users\shara\.jdks\openjdk-20.0.1\bin\msvcp140.dll
0x00007ff845810000 - 0x00007ff8464a7000 	C:\Users\shara\.jdks\openjdk-20.0.1\bin\server\jvm.dll
0x00007ff88fbf0000 - 0x00007ff88fc9f000 	C:\WINDOWS\System32\ADVAPI32.dll
0x00007ff890d10000 - 0x00007ff890dac000 	C:\WINDOWS\System32\sechost.dll
0x00007ff88f920000 - 0x00007ff88fa46000 	C:\WINDOWS\System32\RPCRT4.dll
0x00007ff887660000 - 0x00007ff887669000 	C:\WINDOWS\SYSTEM32\WSOCK32.dll
0x00007ff88ffc0000 - 0x00007ff89002b000 	C:\WINDOWS\System32\WS2_32.dll
0x00007ff8704e0000 - 0x00007ff870507000 	C:\WINDOWS\SYSTEM32\WINMM.dll
0x00007ff884e70000 - 0x00007ff884e7a000 	C:\WINDOWS\SYSTEM32\VERSION.dll
0x00007ff88c6a0000 - 0x00007ff88c6b2000 	C:\WINDOWS\SYSTEM32\kernel.appcore.dll
0x00007ff888f20000 - 0x00007ff888f2a000 	C:\Users\shara\.jdks\openjdk-20.0.1\bin\jimage.dll
0x00007ff88df50000 - 0x00007ff88e134000 	C:\WINDOWS\SYSTEM32\DBGHELP.DLL
0x00007ff88de40000 - 0x00007ff88de74000 	C:\WINDOWS\SYSTEM32\dbgcore.DLL
0x00007ff88e870000 - 0x00007ff88e8f2000 	C:\WINDOWS\System32\bcryptPrimitives.dll
0x00007ff873220000 - 0x00007ff87322e000 	C:\Users\shara\.jdks\openjdk-20.0.1\bin\instrument.dll
0x00007ff873240000 - 0x00007ff873266000 	C:\Users\shara\.jdks\openjdk-20.0.1\bin\java.dll
0x00007ff84dc80000 - 0x00007ff84dd57000 	C:\Users\shara\.jdks\openjdk-20.0.1\bin\jsvml.dll
0x00007ff88efb0000 - 0x00007ff88f6f4000 	C:\WINDOWS\System32\SHELL32.dll
0x00007ff88b860000 - 0x00007ff88bff3000 	C:\WINDOWS\SYSTEM32\windows.storage.dll
0x00007ff8900d0000 - 0x00007ff890424000 	C:\WINDOWS\System32\combase.dll
0x00007ff88d7f0000 - 0x00007ff88d81e000 	C:\WINDOWS\SYSTEM32\Wldp.dll
0x00007ff8909f0000 - 0x00007ff890a9d000 	C:\WINDOWS\System32\SHCORE.dll
0x00007ff88ef50000 - 0x00007ff88efa5000 	C:\WINDOWS\System32\shlwapi.dll
0x00007ff88e410000 - 0x00007ff88e42f000 	C:\WINDOWS\SYSTEM32\profapi.dll
0x00007ff872070000 - 0x00007ff872083000 	C:\Users\shara\.jdks\openjdk-20.0.1\bin\net.dll
0x00007ff883090000 - 0x00007ff88319a000 	C:\WINDOWS\SYSTEM32\WINHTTP.dll
0x00007ff88d510000 - 0x00007ff88d57a000 	C:\WINDOWS\system32\mswsock.dll
0x00007ff871d90000 - 0x00007ff871da6000 	C:\Users\shara\.jdks\openjdk-20.0.1\bin\nio.dll
0x00007ff86bc50000 - 0x00007ff86bc68000 	C:\Users\shara\.jdks\openjdk-20.0.1\bin\zip.dll
0x00007ff861560000 - 0x00007ff86157a000 	C:\Program Files\JetBrains\IntelliJ IDEA 2022.3.3\bin\breakgen64.dll
0x000001fa2ed00000 - 0x000001fa2ed03000 	C:\Users\shara\.openjfx\cache\17.0.2-ea\api-ms-win-core-console-l1-1-0.dll
0x000001fa2ed10000 - 0x000001fa2ed13000 	C:\Users\shara\.openjfx\cache\17.0.2-ea\api-ms-win-core-console-l1-2-0.dll
0x000001fa2ed20000 - 0x000001fa2ed23000 	C:\Users\shara\.openjfx\cache\17.0.2-ea\api-ms-win-core-datetime-l1-1-0.dll
0x000001fa2ed30000 - 0x000001fa2ed33000 	C:\Users\shara\.openjfx\cache\17.0.2-ea\api-ms-win-core-debug-l1-1-0.dll
0x000001fa2ed40000 - 0x000001fa2ed43000 	C:\Users\shara\.openjfx\cache\17.0.2-ea\api-ms-win-core-errorhandling-l1-1-0.dll
0x000001fa2ed50000 - 0x000001fa2ed54000 	C:\Users\shara\.openjfx\cache\17.0.2-ea\api-ms-win-core-file-l1-1-0.dll
0x000001fa2ed60000 - 0x000001fa2ed63000 	C:\Users\shara\.openjfx\cache\17.0.2-ea\api-ms-win-core-file-l1-2-0.dll
0x000001fa2ed70000 - 0x000001fa2ed73000 	C:\Users\shara\.openjfx\cache\17.0.2-ea\api-ms-win-core-file-l2-1-0.dll
0x000001fa2ed80000 - 0x000001fa2ed83000 	C:\Users\shara\.openjfx\cache\17.0.2-ea\api-ms-win-core-handle-l1-1-0.dll
0x000001fa2ed90000 - 0x000001fa2ed93000 	C:\Users\shara\.openjfx\cache\17.0.2-ea\api-ms-win-core-heap-l1-1-0.dll
0x000001fa2eda0000 - 0x000001fa2eda3000 	C:\Users\shara\.openjfx\cache\17.0.2-ea\api-ms-win-core-interlocked-l1-1-0.dll
0x000001fa2edb0000 - 0x000001fa2edb3000 	C:\Users\shara\.openjfx\cache\17.0.2-ea\api-ms-win-core-libraryloader-l1-1-0.dll
0x000001fa2edc0000 - 0x000001fa2edc3000 	C:\Users\shara\.openjfx\cache\17.0.2-ea\api-ms-win-core-localization-l1-2-0.dll
0x000001fa2edd0000 - 0x000001fa2edd3000 	C:\Users\shara\.openjfx\cache\17.0.2-ea\api-ms-win-core-memory-l1-1-0.dll
0x000001fa2ede0000 - 0x000001fa2ede3000 	C:\Users\shara\.openjfx\cache\17.0.2-ea\api-ms-win-core-namedpipe-l1-1-0.dll
0x000001fa2edf0000 - 0x000001fa2edf3000 	C:\Users\shara\.openjfx\cache\17.0.2-ea\api-ms-win-core-processenvironment-l1-1-0.dll
0x000001fa2ee00000 - 0x000001fa2ee03000 	C:\Users\shara\.openjfx\cache\17.0.2-ea\api-ms-win-core-processthreads-l1-1-0.dll
0x000001fa2ee10000 - 0x000001fa2ee13000 	C:\Users\shara\.openjfx\cache\17.0.2-ea\api-ms-win-core-processthreads-l1-1-1.dll
0x000001fa2ee20000 - 0x000001fa2ee23000 	C:\Users\shara\.openjfx\cache\17.0.2-ea\api-ms-win-core-profile-l1-1-0.dll
0x000001fa2ee30000 - 0x000001fa2ee33000 	C:\Users\shara\.openjfx\cache\17.0.2-ea\api-ms-win-core-rtlsupport-l1-1-0.dll
0x000001fa2ee40000 - 0x000001fa2ee43000 	C:\Users\shara\.openjfx\cache\17.0.2-ea\api-ms-win-core-string-l1-1-0.dll
0x000001fa2ee50000 - 0x000001fa2ee53000 	C:\Users\shara\.openjfx\cache\17.0.2-ea\api-ms-win-core-synch-l1-1-0.dll
0x000001fa2ee60000 - 0x000001fa2ee63000 	C:\Users\shara\.openjfx\cache\17.0.2-ea\api-ms-win-core-synch-l1-2-0.dll
0x000001fa2ee70000 - 0x000001fa2ee73000 	C:\Users\shara\.openjfx\cache\17.0.2-ea\api-ms-win-core-sysinfo-l1-1-0.dll
0x000001fa2ee80000 - 0x000001fa2ee83000 	C:\Users\shara\.openjfx\cache\17.0.2-ea\api-ms-win-core-timezone-l1-1-0.dll
0x000001fa2ee90000 - 0x000001fa2ee93000 	C:\Users\shara\.openjfx\cache\17.0.2-ea\api-ms-win-core-util-l1-1-0.dll
0x000001fa2eea0000 - 0x000001fa2eea3000 	C:\Users\shara\.openjfx\cache\17.0.2-ea\api-ms-win-crt-conio-l1-1-0.dll
0x000001fa2eeb0000 - 0x000001fa2eeb4000 	C:\Users\shara\.openjfx\cache\17.0.2-ea\api-ms-win-crt-convert-l1-1-0.dll
0x000001fa2eec0000 - 0x000001fa2eec3000 	C:\Users\shara\.openjfx\cache\17.0.2-ea\api-ms-win-crt-environment-l1-1-0.dll
0x000001fa2eed0000 - 0x000001fa2eed3000 	C:\Users\shara\.openjfx\cache\17.0.2-ea\api-ms-win-crt-filesystem-l1-1-0.dll
0x000001fa2eee0000 - 0x000001fa2eee3000 	C:\Users\shara\.openjfx\cache\17.0.2-ea\api-ms-win-crt-heap-l1-1-0.dll
0x000001fa2eef0000 - 0x000001fa2eef3000 	C:\Users\shara\.openjfx\cache\17.0.2-ea\api-ms-win-crt-locale-l1-1-0.dll
0x000001fa2ef00000 - 0x000001fa2ef05000 	C:\Users\shara\.openjfx\cache\17.0.2-ea\api-ms-win-crt-math-l1-1-0.dll
0x000001fa2ef10000 - 0x000001fa2ef15000 	C:\Users\shara\.openjfx\cache\17.0.2-ea\api-ms-win-crt-multibyte-l1-1-0.dll
0x000001fa2ef20000 - 0x000001fa2ef30000 	C:\Users\shara\.openjfx\cache\17.0.2-ea\api-ms-win-crt-private-l1-1-0.dll
0x000001fa2ef30000 - 0x000001fa2ef33000 	C:\Users\shara\.openjfx\cache\17.0.2-ea\api-ms-win-crt-process-l1-1-0.dll
0x000001fa2ef40000 - 0x000001fa2ef44000 	C:\Users\shara\.openjfx\cache\17.0.2-ea\api-ms-win-crt-runtime-l1-1-0.dll
0x000001fa2ef50000 - 0x000001fa2ef54000 	C:\Users\shara\.openjfx\cache\17.0.2-ea\api-ms-win-crt-stdio-l1-1-0.dll
0x000001fa2ef60000 - 0x000001fa2ef64000 	C:\Users\shara\.openjfx\cache\17.0.2-ea\api-ms-win-crt-string-l1-1-0.dll
0x000001fa2ef70000 - 0x000001fa2ef73000 	C:\Users\shara\.openjfx\cache\17.0.2-ea\api-ms-win-crt-time-l1-1-0.dll
0x000001fa2ef80000 - 0x000001fa2ef83000 	C:\Users\shara\.openjfx\cache\17.0.2-ea\api-ms-win-crt-utility-l1-1-0.dll
0x00007ff848880000 - 0x00007ff84897c000 	C:\Users\shara\.openjfx\cache\17.0.2-ea\ucrtbase.dll
0x00007ff860f50000 - 0x00007ff860f6a000 	C:\Users\shara\.openjfx\cache\17.0.2-ea\vcruntime140.dll
0x00007ff8723a0000 - 0x00007ff8723ac000 	C:\Users\shara\.openjfx\cache\17.0.2-ea\vcruntime140_1.dll
0x00007ff849470000 - 0x00007ff8494fd000 	C:\Users\shara\.openjfx\cache\17.0.2-ea\msvcp140.dll
0x00007ff860f20000 - 0x00007ff860f4a000 	C:\Users\shara\.openjfx\cache\17.0.2-ea\prism_d3d.dll
0x00007ff8739f0000 - 0x00007ff873bbd000 	C:\WINDOWS\system32\d3d9.dll
0x00007ff88b2c0000 - 0x00007ff88b2ef000 	C:\WINDOWS\SYSTEM32\dwmapi.dll
0x00007ff88b0e0000 - 0x00007ff88b17e000 	C:\WINDOWS\system32\uxtheme.dll
0x00007fffdc930000 - 0x00007fffdcad8000 	C:\WINDOWS\System32\DriverStore\FileRepository\iigd_dch.inf_amd64_393549dac595e659\igdumdim64.dll
0x00007ff88fdb0000 - 0x00007ff88feda000 	C:\WINDOWS\System32\ole32.dll
0x00007fffca840000 - 0x00007fffce45f000 	C:\WINDOWS\System32\DriverStore\FileRepository\iigd_dch.inf_amd64_393549dac595e659\igd9dxva64.dll
0x00007ff890aa0000 - 0x00007ff890b6d000 	C:\WINDOWS\System32\OLEAUT32.dll
0x00007ff890550000 - 0x00007ff8909b8000 	C:\WINDOWS\System32\SETUPAPI.dll
0x00007ff88e900000 - 0x00007ff88e94e000 	C:\WINDOWS\System32\cfgmgr32.dll
0x00007ff88e950000 - 0x00007ff88e977000 	C:\WINDOWS\System32\bcrypt.dll
0x00007ff87f390000 - 0x00007ff87f758000 	C:\WINDOWS\System32\DriverStore\FileRepository\iigd_dch.inf_amd64_393549dac595e659\igdgmm64.dll
0x00007ff849270000 - 0x00007ff8492b2000 	C:\Users\shara\.openjfx\cache\17.0.2-ea\glass.dll
0x00007ff88ee50000 - 0x00007ff88ef2a000 	C:\WINDOWS\System32\COMDLG32.dll
0x00007ff890430000 - 0x00007ff890544000 	C:\WINDOWS\System32\MSCTF.dll
0x00007ff82de50000 - 0x00007ff82de77000 	C:\WINDOWS\System32\DriverStore\FileRepository\iigd_dch.inf_amd64_393549dac595e659\igdinfo64.dll
0x00007ff87bda0000 - 0x00007ff87f386000 	C:\WINDOWS\System32\DriverStore\FileRepository\iigd_dch.inf_amd64_393549dac595e659\igc64.dll
0x00007ff8805b0000 - 0x00007ff8805eb000 	C:\WINDOWS\SYSTEM32\dxcore.dll
0x00007ff84a680000 - 0x00007ff84a694000 	C:\Users\shara\.openjfx\cache\17.0.2-ea\javafx_font.dll
0x00007ff874bb0000 - 0x00007ff874e2f000 	C:\WINDOWS\SYSTEM32\dwrite.dll
0x00007ff88fca0000 - 0x00007ff88fd49000 	C:\WINDOWS\System32\clbcatq.dll
0x00007ff885b00000 - 0x00007ff885cb4000 	C:\WINDOWS\SYSTEM32\WindowsCodecs.dll
0x00007ff85a950000 - 0x00007ff85a98e000 	C:\WINDOWS\system32\dataexchange.dll
0x00007ff8896b0000 - 0x00007ff889913000 	C:\WINDOWS\system32\d3d11.dll
0x00007ff88a1c0000 - 0x00007ff88a3a3000 	C:\WINDOWS\system32\dcomp.dll
0x00007ff88c710000 - 0x00007ff88c803000 	C:\WINDOWS\system32\dxgi.dll
0x00007ff887a80000 - 0x00007ff887c87000 	C:\WINDOWS\system32\twinapi.appcore.dll
0x00007ff84df00000 - 0x00007ff84df34000 	C:\Program Files\Common Files\Microsoft Shared\Ink\rtscom.dll
0x00007ff878690000 - 0x00007ff878789000 	C:\WINDOWS\SYSTEM32\textinputframework.dll
0x00007ff88a880000 - 0x00007ff88abde000 	C:\WINDOWS\System32\CoreUIComponents.dll
0x00007ff88abe0000 - 0x00007ff88acd2000 	C:\WINDOWS\System32\CoreMessaging.dll
0x00007ff88e220000 - 0x00007ff88e253000 	C:\WINDOWS\SYSTEM32\ntmarta.dll
0x00007ff88a040000 - 0x00007ff88a194000 	C:\WINDOWS\SYSTEM32\wintypes.dll
0x00007ff889a20000 - 0x00007ff889fe0000 	C:\WINDOWS\SYSTEM32\d2d1.dll
0x00007ff881c50000 - 0x00007ff882346000 	C:\WINDOWS\SYSTEM32\D3D10Warp.dll
0x00007ff88d250000 - 0x00007ff88d31a000 	C:\WINDOWS\SYSTEM32\DNSAPI.dll
0x00007ff88d200000 - 0x00007ff88d23c000 	C:\WINDOWS\SYSTEM32\IPHLPAPI.DLL

dbghelp: loaded successfully - version: 4.0.5 - missing functions: none
symbol engine: initialized successfully - sym options: 0x614 - pdb path: .;C:\Users\shara\.jdks\openjdk-20.0.1\bin;C:\WINDOWS\SYSTEM32;C:\WINDOWS\WinSxS\amd64_microsoft.windows.common-controls_6595b64144ccf1df_6.0.19041.1110_none_60b5254171f9507e;C:\Users\shara\.jdks\openjdk-20.0.1\bin\server;C:\Program Files\JetBrains\IntelliJ IDEA 2022.3.3\bin;C:\Users\shara\.openjfx\cache\17.0.2-ea;C:\WINDOWS\System32\DriverStore\FileRepository\iigd_dch.inf_amd64_393549dac595e659;C:\Program Files\Common Files\Microsoft Shared\Ink

VM Arguments:
jvm_args: -javaagent:C:\Program Files\JetBrains\IntelliJ IDEA 2022.3.3\lib\idea_rt.jar=65300:C:\Program Files\JetBrains\IntelliJ IDEA 2022.3.3\bin -Dfile.encoding=UTF-8 -Dsun.stdout.encoding=UTF-8 -Dsun.stderr.encoding=UTF-8 --module-path=C:\Users\shara\.m2\repository\org\openjfx\javafx-controls\17.0.2\javafx-controls-17.0.2-win.jar;C:\Users\shara\.m2\repository\org\openjfx\javafx-fxml\17.0.2\javafx-fxml-17.0.2-win.jar;C:\Users\shara\.m2\repository\org\openjfx\javafx-base\17.0.2\javafx-base-17.0.2-win.jar;C:\Users\shara\IdeaProjects\Demo\target\classes;C:\Users\shara\.m2\repository\org\openjfx\javafx-graphics\17.0.2\javafx-graphics-17.0.2-win.jar -Djdk.module.main=sample.demo 
java_command: sample.demo/sample.demo.HelloApplication
java_class_path (initial): C:\Users\shara\.m2\repository\org\openjfx\javafx-controls\17.0.2\javafx-controls-17.0.2.jar;C:\Users\shara\.m2\repository\org\openjfx\javafx-graphics\17.0.2\javafx-graphics-17.0.2.jar;C:\Users\shara\.m2\repository\org\openjfx\javafx-base\17.0.2\javafx-base-17.0.2.jar;C:\Users\shara\.m2\repository\org\openjfx\javafx-fxml\17.0.2\javafx-fxml-17.0.2.jar;C:\Users\shara\.m2\repository\com\mysql\mysql-connector-j\8.0.33\mysql-connector-j-8.0.33.jar;C:\Users\shara\.m2\repository\com\google\protobuf\protobuf-java\3.21.9\protobuf-java-3.21.9.jar
Launcher Type: SUN_STANDARD

[Global flags]
     intx CICompilerCount                          = 4                                         {product} {ergonomic}
     uint ConcGCThreads                            = 2                                         {product} {ergonomic}
     uint G1ConcRefinementThreads                  = 8                                         {product} {ergonomic}
   size_t G1HeapRegionSize                         = 2097152                                   {product} {ergonomic}
    uintx GCDrainStackTargetSize                   = 64                                        {product} {ergonomic}
   size_t InitialHeapSize                          = 266338304                                 {product} {ergonomic}
   size_t MarkStackSize                            = 4194304                                   {product} {ergonomic}
   size_t MaxHeapSize                              = 4261412864                                {product} {ergonomic}
   size_t MaxNewSize                               = 2556428288                                {product} {ergonomic}
   size_t MinHeapDeltaBytes                        = 2097152                                   {product} {ergonomic}
   size_t MinHeapSize                              = 8388608                                   {product} {ergonomic}
    uintx NonNMethodCodeHeapSize                   = 5839372                                {pd product} {ergonomic}
    uintx NonProfiledCodeHeapSize                  = 122909434                              {pd product} {ergonomic}
    uintx ProfiledCodeHeapSize                     = 122909434                              {pd product} {ergonomic}
    uintx ReservedCodeCacheSize                    = 251658240                              {pd product} {ergonomic}
     bool SegmentedCodeCache                       = true                                      {product} {ergonomic}
   size_t SoftMaxHeapSize                          = 4261412864                             {manageable} {ergonomic}
     bool UseCompressedClassPointers               = true                           {product lp64_product} {ergonomic}
     bool UseCompressedOops                        = true                           {product lp64_product} {ergonomic}
     bool UseG1GC                                  = true                                      {product} {ergonomic}
     bool UseLargePagesIndividualAllocation        = false                                  {pd product} {ergonomic}

Logging:
Log output configuration:
 #0: stdout all=off uptime,level,tags foldmultilines=false
 #1: stderr all=off uptime,level,tags foldmultilines=false

Environment Variables:
PATH=C:\Users\shara\Downloads\CUserssharaDownloadsWINDOWS.X64_193000_db_home\bin;C:\Program Files\Java\jdk-11.0.2\bin;C:\WINDOWS\system32;C:\WINDOWS;C:\WINDOWS\System32\Wbem;C:\WINDOWS\System32\WindowsPowerShell\v1.0\;C:\WINDOWS\System32\OpenSSH\;C:\Program Files\Git\cmd;C:\Program Files\Git\mingw64\bin;C:\Program Files\Git\usr\bin;C:\wamp64\bin\php\php7.3.12;C:\Program Files\dotnet\;C:\Program Files\MySQL\MySQL Shell 8.0\bin\;C:\Users\shara\AppData\Local\Microsoft\WindowsApps;;C:\Program Files\JetBrains\IntelliJ IDEA Community Edition 2020.2.3\bin;;C:\Users\shara\.dotnet\tools;C:\Program Files\JetBrains\IntelliJ IDEA 2022.3.3\bin;
USERNAME=shara
OS=Windows_NT
PROCESSOR_IDENTIFIER=Intel64 Family 6 Model 142 Stepping 12, GenuineIntel
TMP=C:\Users\shara\AppData\Local\Temp
TEMP=C:\Users\shara\AppData\Local\Temp




---------------  S Y S T E M  ---------------

OS:
 Windows 10 , 64 bit Build 19041 (10.0.19041.3031)
OS uptime: 3 days 16:30 hours

CPU: total 8 (initial active 8) (4 cores per cpu, 2 threads per core) family 6 model 142 stepping 12 microcode 0xc6, cx8, cmov, fxsr, ht, mmx, 3dnowpref, sse, sse2, sse3, ssse3, sse4.1, sse4.2, popcnt, lzcnt, tsc, tscinvbit, avx, avx2, aes, erms, clmul, bmi1, bmi2, adx, fma, vzeroupper, clflush, clflushopt, rdtscp, f16c

Memory: 4k page, system-wide physical 16254M (6106M free)
TotalPageFile size 32638M (AvailPageFile size 13645M)
current process WorkingSet (physical memory assigned to process): 222M, peak: 287M
current process commit charge ("private bytes"): 252M, peak: 439M

vm_info: OpenJDK 64-Bit Server VM (20.0.1+9-29) for windows-amd64 JRE (20.0.1+9-29), built on 2023-03-07T13:56:11Z by "mach5one" with MS VC++ 17.1 (VS2022)

END.
