#
# A fatal error has been detected by the Java Runtime Environment:
#
#  EXCEPTION_ACCESS_VIOLATION (0xc0000005) at pc=0x00007ffbf0586ab7, pid=33472, tid=33192
#
# JRE version: OpenJDK Runtime Environment (20.0.1+9) (build 20.0.1+9-29)
# Java VM: OpenJDK 64-Bit Server VM (20.0.1+9-29, mixed mode, sharing, tiered, compressed oops, compressed class ptrs, g1 gc, windows-amd64)
# Problematic frame:
# C  [glass.dll+0x26ab7]
#
# No core dump will be written. Minidumps are not enabled by default on client versions of Windows
#
# If you would like to submit a bug report, please visit:
#   https://bugreport.java.com/bugreport/crash.jsp
#

---------------  S U M M A R Y ------------

Command Line: -javaagent:C:\Program Files\JetBrains\IntelliJ IDEA 2022.3.3\lib\idea_rt.jar=62413:C:\Program Files\JetBrains\IntelliJ IDEA 2022.3.3\bin -Dfile.encoding=UTF-8 -Dsun.stdout.encoding=UTF-8 -Dsun.stderr.encoding=UTF-8 --module-path=C:\Users\shara\.m2\repository\org\openjfx\javafx-graphics\17.0.2\javafx-graphics-17.0.2-win.jar;C:\Users\shara\.m2\repository\org\openjfx\javafx-fxml\17.0.2\javafx-fxml-17.0.2-win.jar;C:\Users\shara\IdeaProjects\Demo\target\classes;C:\Users\shara\.m2\repository\org\openjfx\javafx-base\17.0.2\javafx-base-17.0.2-win.jar;C:\Users\shara\.m2\repository\org\openjfx\javafx-controls\17.0.2\javafx-controls-17.0.2-win.jar -Djdk.module.main=sample.demo sample.demo/sample.demo.HelloApplication

Host: Intel(R) Core(TM) i7-8565U CPU @ 1.80GHz, 8 cores, 15G,  Windows 10 , 64 bit Build 19041 (10.0.19041.2788)
Time: Thu Jun  8 14:57:11 2023 Russia TZ 2 Standard Time elapsed time: 511.346381 seconds (0d 0h 8m 31s)

---------------  T H R E A D  ---------------

Current thread (0x000001de560f5620):  VMThread "VM Thread" [stack: 0x0000005a02400000,0x0000005a02500000] [id=33192]

Stack: [0x0000005a02400000,0x0000005a02500000],  sp=0x0000005a024ff4a0,  free space=1021k
Native frames: (J=compiled Java code, j=interpreted, Vv=VM code, C=native code)
C  [glass.dll+0x26ab7]


siginfo: EXCEPTION_ACCESS_VIOLATION (0xc0000005), reading address 0x0000000000000000


Registers:
RAX=0x0000000000000000, RBX=0x000001de560f9028, RCX=0x000001de560f5620, RDX=0x0000005a024ff4a0
RSP=0x0000005a024ff4a0, RBP=0x000001de5b06dcd8, RSI=0x000001de5b06dcb0, RDI=0x000065e5ad1024e8
R8 =0x0000000000010002, R9 =0x000065e5ad1024e8, R10=0x0000000000008000, R11=0x0000005a024ff430
R12=0x00007ffbf0584384, R13=0x00007ffb6aa6ea90, R14=0x0000005a024ff598, R15=0x000001de5b06dcb0
RIP=0x00007ffbf0586ab7, EFLAGS=0x0000000000010202


Register to memory mapping:

RIP=0x00007ffbf0586ab7 glass.dll
RAX=0x0 is NULL
RBX=0x000001de560f9028 is a global jni handle
RCX=0x000001de560f5620 points into unknown readable memory: 0x00007ffb6a897080 | 80 70 89 6a fb 7f 00 00
RDX=0x0000005a024ff4a0 points into unknown readable memory: 0x0000000000000000 | 00 00 00 00 00 00 00 00
RSP=0x0000005a024ff4a0 points into unknown readable memory: 0x0000000000000000 | 00 00 00 00 00 00 00 00
RBP=0x000001de5b06dcd8 points into unknown readable memory: 0x000065e5ad1024e8 | e8 24 10 ad e5 65 00 00
RSI=0x000001de5b06dcb0 points into unknown readable memory: 0x583ef9e5ad6fdf18 | 18 df 6f ad e5 f9 3e 58
RDI=0x000065e5ad1024e8 is an unknown value
R8 =0x0000000000010002 is an unknown value
R9 =0x000065e5ad1024e8 is an unknown value
R10=0x0000000000008000 is an unknown value
R11=0x0000005a024ff430 points into unknown readable memory: 0x000001de5b06dcb0 | b0 dc 06 5b de 01 00 00
R12=0x00007ffbf0584384 glass.dll
R13=0x00007ffb6aa6ea90 jvm.dll
R14=0x0000005a024ff598 points into unknown readable memory: 0x0000005a024ff580 | 80 f5 4f 02 5a 00 00 00
R15=0x000001de5b06dcb0 points into unknown readable memory: 0x583ef9e5ad6fdf18 | 18 df 6f ad e5 f9 3e 58


Top of Stack: (sp=0x0000005a024ff4a0)
0x0000005a024ff4a0:   0000000000000000 000001de5b06dcb0
0x0000005a024ff4b0:   00007ffb6aa6ea90 00007ffbf0584384
0x0000005a024ff4c0:   000001de5b06dcb8 00007ffc182b42d6
0x0000005a024ff4d0:   000065e5ad1024e8 000001de00000000
0x0000005a024ff4e0:   000001de5b06dcd8 000001de5b06dcb0
0x0000005a024ff4f0:   fffffffffffffffe 0000000000000000
0x0000005a024ff500:   0000000000000001 00007ffbf0560000
0x0000005a024ff510:   0000005a024ff588 00007ffc182b41fb
0x0000005a024ff520:   0000000000000000 0000005a024ff598
0x0000005a024ff530:   0000005a024ff860 00007ffc18390e40
0x0000005a024ff540:   0000000000000001 00007ffc182b41b4
0x0000005a024ff550:   0000000000000000 0000000000000001
0x0000005a024ff560:   00007ffb00000001 0000005a024ff588
0x0000005a024ff570:   0000000000000000 00007ffbf0584211
0x0000005a024ff580:   00007ffbf059a138 00007ffc00000002
0x0000005a024ff590:   0000000000000002 0000005a024ff580
0x0000005a024ff5a0:   0000000000000000 00007ffc1a389993
0x0000005a024ff5b0:   0000000000000000 00007ffbf0584336
0x0000005a024ff5c0:   0000000000000001 0000000000000000
0x0000005a024ff5d0:   0000000000000000 0000000000000001
0x0000005a024ff5e0:   0000000000000000 0000000000000000
0x0000005a024ff5f0:   0000000000000001 000065c32401fc54
0x0000005a024ff600:   00007ffbf0560000 000000007ffe0384
0x0000005a024ff610:   0000000000000000 00007ffc1a389a1d
0x0000005a024ff620:   00007ffbf0560000 0000000000000000
0x0000005a024ff630:   0000000000000001 000000007ffe0385
0x0000005a024ff640:   0000000002360fb8 0000005a024ff860
0x0000005a024ff650:   000065c300000000 0000000000000014
0x0000005a024ff660:   0000000000000000 00007ffbf0584384
0x0000005a024ff670:   00000000000003d8 000001de5ab78b70
0x0000005a024ff680:   000001de560e3f00 00007ffc1a3cdcec
0x0000005a024ff690:   000001de5ab78430 00007ffbf0560000 

Instructions: (pc=0x00007ffbf0586ab7)
0x00007ffbf05869b7:   8b 4d 58 e8 01 cf ff ff 48 8b 4d 60 e8 f8 ce ff
0x00007ffbf05869c7:   ff 48 8b 95 80 00 00 00 48 8b 8d 18 01 00 00 e8
0x00007ffbf05869d7:   c6 c3 ff ff 33 d2 33 c9 e8 3c e1 ff ff 90 48 89
0x00007ffbf05869e7:   54 24 10 55 48 83 ec 20 48 8b ea 48 b8 00 00 00
0x00007ffbf05869f7:   00 00 00 00 00 48 83 c4 20 5d c3 cc 40 55 48 8b
0x00007ffbf0586a07:   ea 48 8b 01 33 c9 81 38 05 00 00 c0 0f 94 c1 8b
0x00007ffbf0586a17:   c1 5d c3 cc 40 55 48 83 ec 20 48 8b ea 8a 4d 40
0x00007ffbf0586a27:   48 83 c4 20 5d e9 f7 d2 ff ff cc 40 55 48 83 ec
0x00007ffbf0586a37:   20 48 8b ea 8a 4d 20 e8 e5 d2 ff ff 90 48 83 c4
0x00007ffbf0586a47:   20 5d c3 cc 40 55 48 83 ec 20 48 8b ea 48 83 c4
0x00007ffbf0586a57:   20 5d e9 46 d1 ff ff cc 40 55 48 83 ec 30 48 8b
0x00007ffbf0586a67:   ea 48 8b 01 8b 10 48 89 4c 24 28 89 54 24 20 4c
0x00007ffbf0586a77:   8d 0d e7 d5 ff ff 4c 8b 45 70 8b 55 68 48 8b 4d
0x00007ffbf0586a87:   60 e8 87 d0 ff ff 90 48 83 c4 30 5d c3 cc cc cc
0x00007ffbf0586a97:   cc cc cc cc cc cc cc cc cc 40 53 48 83 ec 20 48
0x00007ffbf0586aa7:   8b 1d 83 30 01 00 48 85 db 74 16 e8 09 8b ff ff
0x00007ffbf0586ab7:   4c 8b 00 48 8b d3 48 8b c8 41 ff 90 b0 00 00 00
0x00007ffbf0586ac7:   90 48 83 c4 20 5b c3 cc cc 40 53 48 83 ec 20 48
0x00007ffbf0586ad7:   8b 1d fb 31 01 00 48 85 db 74 57 b8 ff ff ff ff
0x00007ffbf0586ae7:   f0 0f c1 43 10 83 f8 01 75 3d 48 85 db 74 38 48
0x00007ffbf0586af7:   8b 0b 48 85 c9 74 0d ff 15 a4 07 00 00 48 c7 03
0x00007ffbf0586b07:   00 00 00 00 48 8b 4b 08 48 85 c9 74 0d e8 a7 cd
0x00007ffbf0586b17:   ff ff 48 c7 43 08 00 00 00 00 ba 18 00 00 00 48
0x00007ffbf0586b27:   8b cb e8 92 cd ff ff 48 c7 05 9f 31 01 00 00 00
0x00007ffbf0586b37:   00 00 48 83 c4 20 5b c3 cc 40 53 48 83 ec 20 48
0x00007ffbf0586b47:   8b 1d 6b 31 01 00 48 85 db 74 57 b8 ff ff ff ff
0x00007ffbf0586b57:   f0 0f c1 43 10 83 f8 01 75 3d 48 85 db 74 38 48
0x00007ffbf0586b67:   8b 0b 48 85 c9 74 0d ff 15 34 07 00 00 48 c7 03
0x00007ffbf0586b77:   00 00 00 00 48 8b 4b 08 48 85 c9 74 0d e8 37 cd
0x00007ffbf0586b87:   ff ff 48 c7 43 08 00 00 00 00 ba 18 00 00 00 48
0x00007ffbf0586b97:   8b cb e8 22 cd ff ff 48 c7 05 0f 31 01 00 00 00
0x00007ffbf0586ba7:   00 00 48 83 c4 20 5b c3 cc 40 53 48 83 ec 20 48 


Stack slot to memory mapping:
stack at sp + 0 slots: 0x0 is NULL
stack at sp + 1 slots: 0x000001de5b06dcb0 points into unknown readable memory: 0x583ef9e5ad6fdf18 | 18 df 6f ad e5 f9 3e 58
stack at sp + 2 slots: 0x00007ffb6aa6ea90 jvm.dll
stack at sp + 3 slots: 0x00007ffbf0584384 glass.dll
stack at sp + 4 slots: 0x000001de5b06dcb8 points into unknown readable memory: 0x000065e5ad1024e8 | e8 24 10 ad e5 65 00 00
stack at sp + 5 slots: 0x00007ffc182b42d6 ucrtbase.dll
stack at sp + 6 slots: 0x000065e5ad1024e8 is an unknown value
stack at sp + 7 slots: 0x000001de00000000 is an unknown value

VM_Operation (0x0000005a02eff010): Exit, mode: safepoint, requested by thread 0x000001de5b9143b0


---------------  P R O C E S S  ---------------

Threads class SMR info:
_java_thread_list=0x000001de5ba009b0, length=19, elements={
0x000001de36b8b350, 0x000001de561118d0, 0x000001de56112870, 0x000001de56115cd0,
0x000001de561198d0, 0x000001de5611e930, 0x000001de56125790, 0x000001de56151530,
0x000001de5611d3f0, 0x000001de5611beb0, 0x000001de5611b960, 0x000001de5611c400,
0x000001de5611cea0, 0x000001de5611c950, 0x000001de5611de90, 0x000001de5611e3e0,
0x000001de5611b410, 0x000001de5b914900, 0x000001de5b9143b0
}

Java Threads: ( => current thread )
  0x000001de36b8b350 JavaThread "main" [_thread_blocked, id=27464, stack(0x0000005a01e00000,0x0000005a01f00000)]
  0x000001de561118d0 JavaThread "Reference Handler" daemon [_thread_blocked, id=13352, stack(0x0000005a02500000,0x0000005a02600000)]
  0x000001de56112870 JavaThread "Finalizer" daemon [_thread_blocked, id=23904, stack(0x0000005a02600000,0x0000005a02700000)]
  0x000001de56115cd0 JavaThread "Attach Listener" daemon [_thread_blocked, id=10628, stack(0x0000005a02800000,0x0000005a02900000)]
  0x000001de561198d0 JavaThread "Service Thread" daemon [_thread_blocked, id=15812, stack(0x0000005a02900000,0x0000005a02a00000)]
  0x000001de5611e930 JavaThread "Monitor Deflation Thread" daemon [_thread_blocked, id=14492, stack(0x0000005a02a00000,0x0000005a02b00000)]
  0x000001de56125790 JavaThread "C2 CompilerThread0" daemon [_thread_blocked, id=5204, stack(0x0000005a02b00000,0x0000005a02c00000)]
  0x000001de56151530 JavaThread "C1 CompilerThread0" daemon [_thread_blocked, id=23640, stack(0x0000005a02c00000,0x0000005a02d00000)]
  0x000001de5611d3f0 JavaThread "Common-Cleaner" daemon [_thread_blocked, id=28232, stack(0x0000005a02d00000,0x0000005a02e00000)]
  0x000001de5611beb0 JavaThread "Monitor Ctrl-Break" daemon [_thread_in_native, id=25520, stack(0x0000005a03000000,0x0000005a03100000)]
  0x000001de5611b960 JavaThread "Notification Thread" daemon [_thread_blocked, id=29400, stack(0x0000005a03100000,0x0000005a03200000)]
  0x000001de5611c400 JavaThread "QuantumRenderer-0" daemon [_thread_blocked, id=28996, stack(0x0000005a03300000,0x0000005a03400000)]
  0x000001de5611cea0 JavaThread "InvokeLaterDispatcher" daemon [_thread_blocked, id=29484, stack(0x0000005a03400000,0x0000005a03500000)]
  0x000001de5611c950 JavaThread "JavaFX Application Thread" [_thread_in_native, id=11316, stack(0x0000005a03500000,0x0000005a03600000)]
  0x000001de5611de90 JavaThread "Thread-1" daemon [_thread_in_native, id=30708, stack(0x0000005a03900000,0x0000005a03a00000)]
  0x000001de5611e3e0 JavaThread "JavaFX-Launcher" [_thread_blocked, id=29528, stack(0x0000005a03a00000,0x0000005a03b00000)]
  0x000001de5611b410 JavaThread "Prism Font Disposer" daemon [_thread_blocked, id=11220, stack(0x0000005a04200000,0x0000005a04300000)]
  0x000001de5b914900 JavaThread "Cleaner-0" daemon [_thread_blocked, id=21064, stack(0x0000005a04300000,0x0000005a04400000)]
  0x000001de5b9143b0 JavaThread "SIGINT handler" daemon [_thread_blocked, id=29368, stack(0x0000005a02e00000,0x0000005a02f00000)]

Other Threads:
=>0x000001de560f5620 VMThread "VM Thread" [stack: 0x0000005a02400000,0x0000005a02500000] [id=33192]
  0x000001de36bf9700 WorkerThread "GC Thread#0" [stack: 0x0000005a01f00000,0x0000005a02000000] [id=18508]
  0x000001de5b2cdfe0 WorkerThread "GC Thread#1" [stack: 0x0000005a03b00000,0x0000005a03c00000] [id=30056]
  0x000001de5b2ce2b0 WorkerThread "GC Thread#2" [stack: 0x0000005a03c00000,0x0000005a03d00000] [id=10992]
  0x000001de5b2ce580 WorkerThread "GC Thread#3" [stack: 0x0000005a03d00000,0x0000005a03e00000] [id=27608]
  0x000001de5b2918e0 WorkerThread "GC Thread#4" [stack: 0x0000005a03e00000,0x0000005a03f00000] [id=33692]
  0x000001de5b291610 WorkerThread "GC Thread#5" [stack: 0x0000005a03f00000,0x0000005a04000000] [id=20432]
  0x000001de5b292150 WorkerThread "GC Thread#6" [stack: 0x0000005a04800000,0x0000005a04900000] [id=28836]
  0x000001de5b292420 WorkerThread "GC Thread#7" [stack: 0x0000005a04900000,0x0000005a04a00000] [id=25340]
  0x000001de36c0a410 ConcurrentGCThread "G1 Main Marker" terminated
  0x000001de36c0be50 WorkerThread "G1 Conc#0" [stack: 0x0000005a02100000,0x0000005a02200000] [id=9464]
  0x000001de55fae530 ConcurrentGCThread "G1 Refine#0" terminated
  0x000001de55faede0 ConcurrentGCThread "G1 Service" terminated

Threads with active compile tasks:

VM state: at safepoint (shutting down)

VM Mutex/Monitor currently owned by a thread:  ([mutex/lock_event])
[0x000001de36b85bf0] Threads_lock - owner thread: 0x000001de560f5620
[0x000001de36b87ed0] Heap_lock - owner thread: 0x000001de5b9143b0

Heap address: 0x0000000702000000, size: 4064 MB, Compressed Oops mode: Zero based, Oop shift amount: 3

CDS archive(s) mapped at: [0x0000000800000000-0x0000000800c60000-0x0000000800c60000), size 12976128, SharedBaseAddress: 0x0000000800000000, ArchiveRelocationMode: 0.
Compressed class space mapped at: 0x0000000801000000-0x0000000841000000, reserved size: 1073741824
Narrow klass base: 0x0000000800000000, Narrow klass shift: 0, Narrow klass range: 0x100000000

GC Precious Log:
 CardTable entry size: 512
 Card Set container configuration: InlinePtr #cards 4 size 8 Array Of Cards #cards 16 size 48 Howl #buckets 8 coarsen threshold 3686 Howl Bitmap #cards 512 size 80 coarsen threshold 460 Card regions per heap region 1 cards per card region 4096
 CPUs: 8 total, 8 available
 Memory: 16254M
 Large Page Support: Disabled
 NUMA Support: Disabled
 Compressed Oops: Enabled (Zero based)
 Heap Region Size: 2M
 Heap Min Capacity: 8M
 Heap Initial Capacity: 254M
 Heap Max Capacity: 4064M
 Pre-touch: Disabled
 Parallel Workers: 8
 Concurrent Workers: 2
 Concurrent Refinement Workers: 8
 Periodic GC: Disabled

Heap:
 garbage-first heap   total 260096K, used 36722K [0x0000000702000000, 0x0000000800000000)
  region size 2048K, 16 young (32768K), 3 survivors (6144K)
 Metaspace       used 18513K, committed 18944K, reserved 1114112K
  class space    used 2529K, committed 2752K, reserved 1048576K

Heap Regions: E=young(eden), S=young(survivor), O=old, HS=humongous(starts), HC=humongous(continues), CS=collection set, F=free, OA=open archive, CA=closed archive, TAMS=top-at-mark-start, PB=parsable bottom
|   0|0x0000000702000000, 0x0000000702200000, 0x0000000702200000|100%|HS|  |TAMS 0x0000000702000000| PB 0x0000000702000000| Complete 
|   1|0x0000000702200000, 0x00000007023dc800, 0x0000000702400000| 93%| O|  |TAMS 0x0000000702200000| PB 0x0000000702200000| Untracked 
|   2|0x0000000702400000, 0x0000000702600000, 0x0000000702600000|100%|HS|  |TAMS 0x0000000702400000| PB 0x0000000702400000| Complete 
|   3|0x0000000702600000, 0x0000000702600000, 0x0000000702800000|  0%| F|  |TAMS 0x0000000702600000| PB 0x0000000702600000| Untracked 
|   4|0x0000000702800000, 0x0000000702800000, 0x0000000702a00000|  0%| F|  |TAMS 0x0000000702800000| PB 0x0000000702800000| Untracked 
|   5|0x0000000702a00000, 0x0000000702a00000, 0x0000000702c00000|  0%| F|  |TAMS 0x0000000702a00000| PB 0x0000000702a00000| Untracked 
|   6|0x0000000702c00000, 0x0000000702c00000, 0x0000000702e00000|  0%| F|  |TAMS 0x0000000702c00000| PB 0x0000000702c00000| Untracked 
|   7|0x0000000702e00000, 0x0000000702e00000, 0x0000000703000000|  0%| F|  |TAMS 0x0000000702e00000| PB 0x0000000702e00000| Untracked 
|   8|0x0000000703000000, 0x0000000703000000, 0x0000000703200000|  0%| F|  |TAMS 0x0000000703000000| PB 0x0000000703000000| Untracked 
|   9|0x0000000703200000, 0x0000000703200000, 0x0000000703400000|  0%| F|  |TAMS 0x0000000703200000| PB 0x0000000703200000| Untracked 
|  10|0x0000000703400000, 0x0000000703400000, 0x0000000703600000|  0%| F|  |TAMS 0x0000000703400000| PB 0x0000000703400000| Untracked 
|  11|0x0000000703600000, 0x0000000703600000, 0x0000000703800000|  0%| F|  |TAMS 0x0000000703600000| PB 0x0000000703600000| Untracked 
|  12|0x0000000703800000, 0x0000000703800000, 0x0000000703a00000|  0%| F|  |TAMS 0x0000000703800000| PB 0x0000000703800000| Untracked 
|  13|0x0000000703a00000, 0x0000000703a00000, 0x0000000703c00000|  0%| F|  |TAMS 0x0000000703a00000| PB 0x0000000703a00000| Untracked 
|  14|0x0000000703c00000, 0x0000000703c00000, 0x0000000703e00000|  0%| F|  |TAMS 0x0000000703c00000| PB 0x0000000703c00000| Untracked 
|  15|0x0000000703e00000, 0x0000000703e00000, 0x0000000704000000|  0%| F|  |TAMS 0x0000000703e00000| PB 0x0000000703e00000| Untracked 
|  16|0x0000000704000000, 0x0000000704000000, 0x0000000704200000|  0%| F|  |TAMS 0x0000000704000000| PB 0x0000000704000000| Untracked 
|  17|0x0000000704200000, 0x0000000704200000, 0x0000000704400000|  0%| F|  |TAMS 0x0000000704200000| PB 0x0000000704200000| Untracked 
|  18|0x0000000704400000, 0x0000000704400000, 0x0000000704600000|  0%| F|  |TAMS 0x0000000704400000| PB 0x0000000704400000| Untracked 
|  19|0x0000000704600000, 0x0000000704600000, 0x0000000704800000|  0%| F|  |TAMS 0x0000000704600000| PB 0x0000000704600000| Untracked 
|  20|0x0000000704800000, 0x0000000704800000, 0x0000000704a00000|  0%| F|  |TAMS 0x0000000704800000| PB 0x0000000704800000| Untracked 
|  21|0x0000000704a00000, 0x0000000704a00000, 0x0000000704c00000|  0%| F|  |TAMS 0x0000000704a00000| PB 0x0000000704a00000| Untracked 
|  22|0x0000000704c00000, 0x0000000704c00000, 0x0000000704e00000|  0%| F|  |TAMS 0x0000000704c00000| PB 0x0000000704c00000| Untracked 
|  23|0x0000000704e00000, 0x0000000704e00000, 0x0000000705000000|  0%| F|  |TAMS 0x0000000704e00000| PB 0x0000000704e00000| Untracked 
|  24|0x0000000705000000, 0x0000000705000000, 0x0000000705200000|  0%| F|  |TAMS 0x0000000705000000| PB 0x0000000705000000| Untracked 
|  25|0x0000000705200000, 0x0000000705200000, 0x0000000705400000|  0%| F|  |TAMS 0x0000000705200000| PB 0x0000000705200000| Untracked 
|  26|0x0000000705400000, 0x0000000705400000, 0x0000000705600000|  0%| F|  |TAMS 0x0000000705400000| PB 0x0000000705400000| Untracked 
|  27|0x0000000705600000, 0x0000000705600000, 0x0000000705800000|  0%| F|  |TAMS 0x0000000705600000| PB 0x0000000705600000| Untracked 
|  28|0x0000000705800000, 0x0000000705800000, 0x0000000705a00000|  0%| F|  |TAMS 0x0000000705800000| PB 0x0000000705800000| Untracked 
|  29|0x0000000705a00000, 0x0000000705a00000, 0x0000000705c00000|  0%| F|  |TAMS 0x0000000705a00000| PB 0x0000000705a00000| Untracked 
|  30|0x0000000705c00000, 0x0000000705c00000, 0x0000000705e00000|  0%| F|  |TAMS 0x0000000705c00000| PB 0x0000000705c00000| Untracked 
|  31|0x0000000705e00000, 0x0000000705e00000, 0x0000000706000000|  0%| F|  |TAMS 0x0000000705e00000| PB 0x0000000705e00000| Untracked 
|  32|0x0000000706000000, 0x0000000706000000, 0x0000000706200000|  0%| F|  |TAMS 0x0000000706000000| PB 0x0000000706000000| Untracked 
|  33|0x0000000706200000, 0x0000000706200000, 0x0000000706400000|  0%| F|  |TAMS 0x0000000706200000| PB 0x0000000706200000| Untracked 
|  34|0x0000000706400000, 0x0000000706400000, 0x0000000706600000|  0%| F|  |TAMS 0x0000000706400000| PB 0x0000000706400000| Untracked 
|  35|0x0000000706600000, 0x0000000706600000, 0x0000000706800000|  0%| F|  |TAMS 0x0000000706600000| PB 0x0000000706600000| Untracked 
|  36|0x0000000706800000, 0x0000000706800000, 0x0000000706a00000|  0%| F|  |TAMS 0x0000000706800000| PB 0x0000000706800000| Untracked 
|  37|0x0000000706a00000, 0x0000000706a00000, 0x0000000706c00000|  0%| F|  |TAMS 0x0000000706a00000| PB 0x0000000706a00000| Untracked 
|  38|0x0000000706c00000, 0x0000000706c00000, 0x0000000706e00000|  0%| F|  |TAMS 0x0000000706c00000| PB 0x0000000706c00000| Untracked 
|  39|0x0000000706e00000, 0x0000000706e00000, 0x0000000707000000|  0%| F|  |TAMS 0x0000000706e00000| PB 0x0000000706e00000| Untracked 
|  40|0x0000000707000000, 0x0000000707000000, 0x0000000707200000|  0%| F|  |TAMS 0x0000000707000000| PB 0x0000000707000000| Untracked 
|  41|0x0000000707200000, 0x0000000707200000, 0x0000000707400000|  0%| F|  |TAMS 0x0000000707200000| PB 0x0000000707200000| Untracked 
|  42|0x0000000707400000, 0x0000000707400000, 0x0000000707600000|  0%| F|  |TAMS 0x0000000707400000| PB 0x0000000707400000| Untracked 
|  43|0x0000000707600000, 0x0000000707600000, 0x0000000707800000|  0%| F|  |TAMS 0x0000000707600000| PB 0x0000000707600000| Untracked 
|  44|0x0000000707800000, 0x0000000707800000, 0x0000000707a00000|  0%| F|  |TAMS 0x0000000707800000| PB 0x0000000707800000| Untracked 
|  45|0x0000000707a00000, 0x0000000707a00000, 0x0000000707c00000|  0%| F|  |TAMS 0x0000000707a00000| PB 0x0000000707a00000| Untracked 
|  46|0x0000000707c00000, 0x0000000707c00000, 0x0000000707e00000|  0%| F|  |TAMS 0x0000000707c00000| PB 0x0000000707c00000| Untracked 
|  47|0x0000000707e00000, 0x0000000707e00000, 0x0000000708000000|  0%| F|  |TAMS 0x0000000707e00000| PB 0x0000000707e00000| Untracked 
|  48|0x0000000708000000, 0x0000000708000000, 0x0000000708200000|  0%| F|  |TAMS 0x0000000708000000| PB 0x0000000708000000| Untracked 
|  49|0x0000000708200000, 0x0000000708200000, 0x0000000708400000|  0%| F|  |TAMS 0x0000000708200000| PB 0x0000000708200000| Untracked 
|  50|0x0000000708400000, 0x0000000708400000, 0x0000000708600000|  0%| F|  |TAMS 0x0000000708400000| PB 0x0000000708400000| Untracked 
|  51|0x0000000708600000, 0x0000000708600000, 0x0000000708800000|  0%| F|  |TAMS 0x0000000708600000| PB 0x0000000708600000| Untracked 
|  52|0x0000000708800000, 0x0000000708800000, 0x0000000708a00000|  0%| F|  |TAMS 0x0000000708800000| PB 0x0000000708800000| Untracked 
|  53|0x0000000708a00000, 0x0000000708a00000, 0x0000000708c00000|  0%| F|  |TAMS 0x0000000708a00000| PB 0x0000000708a00000| Untracked 
|  54|0x0000000708c00000, 0x0000000708c00000, 0x0000000708e00000|  0%| F|  |TAMS 0x0000000708c00000| PB 0x0000000708c00000| Untracked 
|  55|0x0000000708e00000, 0x0000000708e00000, 0x0000000709000000|  0%| F|  |TAMS 0x0000000708e00000| PB 0x0000000708e00000| Untracked 
|  56|0x0000000709000000, 0x0000000709000000, 0x0000000709200000|  0%| F|  |TAMS 0x0000000709000000| PB 0x0000000709000000| Untracked 
|  57|0x0000000709200000, 0x0000000709200000, 0x0000000709400000|  0%| F|  |TAMS 0x0000000709200000| PB 0x0000000709200000| Untracked 
|  58|0x0000000709400000, 0x0000000709400000, 0x0000000709600000|  0%| F|  |TAMS 0x0000000709400000| PB 0x0000000709400000| Untracked 
|  59|0x0000000709600000, 0x0000000709600000, 0x0000000709800000|  0%| F|  |TAMS 0x0000000709600000| PB 0x0000000709600000| Untracked 
|  60|0x0000000709800000, 0x0000000709800000, 0x0000000709a00000|  0%| F|  |TAMS 0x0000000709800000| PB 0x0000000709800000| Untracked 
|  61|0x0000000709a00000, 0x0000000709a00000, 0x0000000709c00000|  0%| F|  |TAMS 0x0000000709a00000| PB 0x0000000709a00000| Untracked 
|  62|0x0000000709c00000, 0x0000000709c00000, 0x0000000709e00000|  0%| F|  |TAMS 0x0000000709c00000| PB 0x0000000709c00000| Untracked 
|  63|0x0000000709e00000, 0x0000000709e00000, 0x000000070a000000|  0%| F|  |TAMS 0x0000000709e00000| PB 0x0000000709e00000| Untracked 
|  64|0x000000070a000000, 0x000000070a000000, 0x000000070a200000|  0%| F|  |TAMS 0x000000070a000000| PB 0x000000070a000000| Untracked 
|  65|0x000000070a200000, 0x000000070a200000, 0x000000070a400000|  0%| F|  |TAMS 0x000000070a200000| PB 0x000000070a200000| Untracked 
|  66|0x000000070a400000, 0x000000070a400000, 0x000000070a600000|  0%| F|  |TAMS 0x000000070a400000| PB 0x000000070a400000| Untracked 
|  67|0x000000070a600000, 0x000000070a600000, 0x000000070a800000|  0%| F|  |TAMS 0x000000070a600000| PB 0x000000070a600000| Untracked 
|  68|0x000000070a800000, 0x000000070a800000, 0x000000070aa00000|  0%| F|  |TAMS 0x000000070a800000| PB 0x000000070a800000| Untracked 
|  69|0x000000070aa00000, 0x000000070aa00000, 0x000000070ac00000|  0%| F|  |TAMS 0x000000070aa00000| PB 0x000000070aa00000| Untracked 
|  70|0x000000070ac00000, 0x000000070ac00000, 0x000000070ae00000|  0%| F|  |TAMS 0x000000070ac00000| PB 0x000000070ac00000| Untracked 
|  71|0x000000070ae00000, 0x000000070ae00000, 0x000000070b000000|  0%| F|  |TAMS 0x000000070ae00000| PB 0x000000070ae00000| Untracked 
|  72|0x000000070b000000, 0x000000070b000000, 0x000000070b200000|  0%| F|  |TAMS 0x000000070b000000| PB 0x000000070b000000| Untracked 
|  73|0x000000070b200000, 0x000000070b200000, 0x000000070b400000|  0%| F|  |TAMS 0x000000070b200000| PB 0x000000070b200000| Untracked 
|  74|0x000000070b400000, 0x000000070b400000, 0x000000070b600000|  0%| F|  |TAMS 0x000000070b400000| PB 0x000000070b400000| Untracked 
|  75|0x000000070b600000, 0x000000070b600000, 0x000000070b800000|  0%| F|  |TAMS 0x000000070b600000| PB 0x000000070b600000| Untracked 
|  76|0x000000070b800000, 0x000000070b800000, 0x000000070ba00000|  0%| F|  |TAMS 0x000000070b800000| PB 0x000000070b800000| Untracked 
|  77|0x000000070ba00000, 0x000000070ba00000, 0x000000070bc00000|  0%| F|  |TAMS 0x000000070ba00000| PB 0x000000070ba00000| Untracked 
|  78|0x000000070bc00000, 0x000000070bc00000, 0x000000070be00000|  0%| F|  |TAMS 0x000000070bc00000| PB 0x000000070bc00000| Untracked 
|  79|0x000000070be00000, 0x000000070be00000, 0x000000070c000000|  0%| F|  |TAMS 0x000000070be00000| PB 0x000000070be00000| Untracked 
|  80|0x000000070c000000, 0x000000070c000000, 0x000000070c200000|  0%| F|  |TAMS 0x000000070c000000| PB 0x000000070c000000| Untracked 
|  81|0x000000070c200000, 0x000000070c200000, 0x000000070c400000|  0%| F|  |TAMS 0x000000070c200000| PB 0x000000070c200000| Untracked 
|  82|0x000000070c400000, 0x000000070c400000, 0x000000070c600000|  0%| F|  |TAMS 0x000000070c400000| PB 0x000000070c400000| Untracked 
|  83|0x000000070c600000, 0x000000070c600000, 0x000000070c800000|  0%| F|  |TAMS 0x000000070c600000| PB 0x000000070c600000| Untracked 
|  84|0x000000070c800000, 0x000000070c800000, 0x000000070ca00000|  0%| F|  |TAMS 0x000000070c800000| PB 0x000000070c800000| Untracked 
|  85|0x000000070ca00000, 0x000000070ca00000, 0x000000070cc00000|  0%| F|  |TAMS 0x000000070ca00000| PB 0x000000070ca00000| Untracked 
|  86|0x000000070cc00000, 0x000000070cc00000, 0x000000070ce00000|  0%| F|  |TAMS 0x000000070cc00000| PB 0x000000070cc00000| Untracked 
|  87|0x000000070ce00000, 0x000000070ce00000, 0x000000070d000000|  0%| F|  |TAMS 0x000000070ce00000| PB 0x000000070ce00000| Untracked 
|  88|0x000000070d000000, 0x000000070d000000, 0x000000070d200000|  0%| F|  |TAMS 0x000000070d000000| PB 0x000000070d000000| Untracked 
|  89|0x000000070d200000, 0x000000070d200000, 0x000000070d400000|  0%| F|  |TAMS 0x000000070d200000| PB 0x000000070d200000| Untracked 
|  90|0x000000070d400000, 0x000000070d400000, 0x000000070d600000|  0%| F|  |TAMS 0x000000070d400000| PB 0x000000070d400000| Untracked 
|  91|0x000000070d600000, 0x000000070d600000, 0x000000070d800000|  0%| F|  |TAMS 0x000000070d600000| PB 0x000000070d600000| Untracked 
|  92|0x000000070d800000, 0x000000070d800000, 0x000000070da00000|  0%| F|  |TAMS 0x000000070d800000| PB 0x000000070d800000| Untracked 
|  93|0x000000070da00000, 0x000000070da00000, 0x000000070dc00000|  0%| F|  |TAMS 0x000000070da00000| PB 0x000000070da00000| Untracked 
|  94|0x000000070dc00000, 0x000000070dc00000, 0x000000070de00000|  0%| F|  |TAMS 0x000000070dc00000| PB 0x000000070dc00000| Untracked 
|  95|0x000000070de00000, 0x000000070de00000, 0x000000070e000000|  0%| F|  |TAMS 0x000000070de00000| PB 0x000000070de00000| Untracked 
|  96|0x000000070e000000, 0x000000070e000000, 0x000000070e200000|  0%| F|  |TAMS 0x000000070e000000| PB 0x000000070e000000| Untracked 
|  97|0x000000070e200000, 0x000000070e200000, 0x000000070e400000|  0%| F|  |TAMS 0x000000070e200000| PB 0x000000070e200000| Untracked 
|  98|0x000000070e400000, 0x000000070e400000, 0x000000070e600000|  0%| F|  |TAMS 0x000000070e400000| PB 0x000000070e400000| Untracked 
|  99|0x000000070e600000, 0x000000070e600000, 0x000000070e800000|  0%| F|  |TAMS 0x000000070e600000| PB 0x000000070e600000| Untracked 
| 100|0x000000070e800000, 0x000000070e800000, 0x000000070ea00000|  0%| F|  |TAMS 0x000000070e800000| PB 0x000000070e800000| Untracked 
| 101|0x000000070ea00000, 0x000000070ea00000, 0x000000070ec00000|  0%| F|  |TAMS 0x000000070ea00000| PB 0x000000070ea00000| Untracked 
| 102|0x000000070ec00000, 0x000000070ec00000, 0x000000070ee00000|  0%| F|  |TAMS 0x000000070ec00000| PB 0x000000070ec00000| Untracked 
| 103|0x000000070ee00000, 0x000000070f000000, 0x000000070f000000|100%| S|CS|TAMS 0x000000070ee00000| PB 0x000000070ee00000| Complete 
| 104|0x000000070f000000, 0x000000070f200000, 0x000000070f200000|100%| S|CS|TAMS 0x000000070f000000| PB 0x000000070f000000| Complete 
| 105|0x000000070f200000, 0x000000070f400000, 0x000000070f400000|100%| S|CS|TAMS 0x000000070f200000| PB 0x000000070f200000| Complete 
| 106|0x000000070f400000, 0x000000070f400000, 0x000000070f600000|  0%| F|  |TAMS 0x000000070f400000| PB 0x000000070f400000| Untracked 
| 107|0x000000070f600000, 0x000000070f600000, 0x000000070f800000|  0%| F|  |TAMS 0x000000070f600000| PB 0x000000070f600000| Untracked 
| 108|0x000000070f800000, 0x000000070f800000, 0x000000070fa00000|  0%| F|  |TAMS 0x000000070f800000| PB 0x000000070f800000| Untracked 
| 109|0x000000070fa00000, 0x000000070fa00000, 0x000000070fc00000|  0%| F|  |TAMS 0x000000070fa00000| PB 0x000000070fa00000| Untracked 
| 110|0x000000070fc00000, 0x000000070fc00000, 0x000000070fe00000|  0%| F|  |TAMS 0x000000070fc00000| PB 0x000000070fc00000| Untracked 
| 111|0x000000070fe00000, 0x000000070fe00000, 0x0000000710000000|  0%| F|  |TAMS 0x000000070fe00000| PB 0x000000070fe00000| Untracked 
| 112|0x0000000710000000, 0x0000000710000000, 0x0000000710200000|  0%| F|  |TAMS 0x0000000710000000| PB 0x0000000710000000| Untracked 
| 113|0x0000000710200000, 0x0000000710200000, 0x0000000710400000|  0%| F|  |TAMS 0x0000000710200000| PB 0x0000000710200000| Untracked 
| 114|0x0000000710400000, 0x000000071042e958, 0x0000000710600000|  9%| E|  |TAMS 0x0000000710400000| PB 0x0000000710400000| Complete 
| 115|0x0000000710600000, 0x0000000710800000, 0x0000000710800000|100%| E|CS|TAMS 0x0000000710600000| PB 0x0000000710600000| Complete 
| 116|0x0000000710800000, 0x0000000710a00000, 0x0000000710a00000|100%| E|CS|TAMS 0x0000000710800000| PB 0x0000000710800000| Complete 
| 117|0x0000000710a00000, 0x0000000710c00000, 0x0000000710c00000|100%| E|CS|TAMS 0x0000000710a00000| PB 0x0000000710a00000| Complete 
| 118|0x0000000710c00000, 0x0000000710e00000, 0x0000000710e00000|100%| E|CS|TAMS 0x0000000710c00000| PB 0x0000000710c00000| Complete 
| 119|0x0000000710e00000, 0x0000000711000000, 0x0000000711000000|100%| E|CS|TAMS 0x0000000710e00000| PB 0x0000000710e00000| Complete 
| 120|0x0000000711000000, 0x0000000711200000, 0x0000000711200000|100%| E|CS|TAMS 0x0000000711000000| PB 0x0000000711000000| Complete 
| 121|0x0000000711200000, 0x0000000711400000, 0x0000000711400000|100%| E|CS|TAMS 0x0000000711200000| PB 0x0000000711200000| Complete 
| 122|0x0000000711400000, 0x0000000711600000, 0x0000000711600000|100%| E|CS|TAMS 0x0000000711400000| PB 0x0000000711400000| Complete 
| 123|0x0000000711600000, 0x0000000711800000, 0x0000000711800000|100%| E|CS|TAMS 0x0000000711600000| PB 0x0000000711600000| Complete 
| 124|0x0000000711800000, 0x0000000711a00000, 0x0000000711a00000|100%| E|CS|TAMS 0x0000000711800000| PB 0x0000000711800000| Complete 
| 125|0x0000000711a00000, 0x0000000711c00000, 0x0000000711c00000|100%| E|CS|TAMS 0x0000000711a00000| PB 0x0000000711a00000| Complete 
| 126|0x0000000711c00000, 0x0000000711e00000, 0x0000000711e00000|100%| E|CS|TAMS 0x0000000711c00000| PB 0x0000000711c00000| Complete 

Card table byte_map: [0x000001de4e790000,0x000001de4ef80000] _byte_map_base: 0x000001de4af80000

Marking Bits: (CMBitMap*) 0x000001de36bf9d30
 Bits: [0x000001de4f770000, 0x000001de536f0000)

Polling page: 0x000001de349b0000

Metaspace:

Usage:
  Non-class:     15.61 MB used.
      Class:      2.47 MB used.
       Both:     18.08 MB used.

Virtual space:
  Non-class space:       64.00 MB reserved,      15.81 MB ( 25%) committed,  1 nodes.
      Class space:        1.00 GB reserved,       2.69 MB ( <1%) committed,  1 nodes.
             Both:        1.06 GB reserved,      18.50 MB (  2%) committed. 

Chunk freelists:
   Non-Class:  32.00 KB
       Class:  1.36 MB
        Both:  1.39 MB

MaxMetaspaceSize: unlimited
CompressedClassSpaceSize: 1.00 GB
Initial GC threshold: 21.00 MB
Current GC threshold: 21.00 MB
CDS: on
MetaspaceReclaimPolicy: balanced
 - commit_granule_bytes: 65536.
 - commit_granule_words: 8192.
 - virtual_space_node_default_size: 8388608.
 - enlarge_chunks_in_place: 1.
 - new_chunks_are_fully_committed: 0.
 - uncommit_free_chunks: 1.
 - use_allocation_guard: 0.


Internal statistics:

num_allocs_failed_limit: 0.
num_arena_births: 388.
num_arena_deaths: 0.
num_vsnodes_births: 2.
num_vsnodes_deaths: 0.
num_space_committed: 296.
num_space_uncommitted: 0.
num_chunks_returned_to_freelist: 0.
num_chunks_taken_from_freelist: 1015.
num_chunk_merges: 0.
num_chunk_splits: 679.
num_chunks_enlarged: 492.
num_inconsistent_stats: 0.

CodeHeap 'non-profiled nmethods': size=120000Kb used=1719Kb max_used=1719Kb free=118280Kb
 bounds [0x000001de46720000, 0x000001de46990000, 0x000001de4dc50000]
CodeHeap 'profiled nmethods': size=120000Kb used=8229Kb max_used=8229Kb free=111771Kb
 bounds [0x000001de3ec50000, 0x000001de3f460000, 0x000001de46180000]
CodeHeap 'non-nmethods': size=5760Kb used=1863Kb max_used=1910Kb free=3896Kb
 bounds [0x000001de46180000, 0x000001de463f0000, 0x000001de46720000]
 total_blobs=5007 nmethods=4187 adapters=728
 compilation: enabled
              stopped_count=0, restarted_count=0
 full_count=0

Compilation events (20 events):
Event: 433.380 Thread 0x000001de56151530 nmethod 4180 0x000001de3f453710 code [0x000001de3f4538c0, 0x000001de3f453ae0]
Event: 433.380 Thread 0x000001de56151530 4176       3       com.sun.javafx.geom.transform.Affine2D::setTransform (372 bytes)
Event: 433.382 Thread 0x000001de56151530 nmethod 4176 0x000001de3f453b90 code [0x000001de3f454100, 0x000001de3f456430]
Event: 433.382 Thread 0x000001de56151530 4177       3       com.sun.javafx.geom.Rectangle::intersectWith (182 bytes)
Event: 433.382 Thread 0x000001de56151530 nmethod 4177 0x000001de3f456d90 code [0x000001de3f456f40, 0x000001de3f4572f8]
Event: 433.382 Thread 0x000001de56151530 4183       3       com.sun.scenario.effect.impl.prism.PrTexture::lock (17 bytes)
Event: 433.383 Thread 0x000001de56151530 nmethod 4183 0x000001de3f457410 code [0x000001de3f4575a0, 0x000001de3f4577b0]
Event: 433.383 Thread 0x000001de56151530 4184       3       com.sun.scenario.effect.impl.prism.ps.PPSRenderer::clearImage (10 bytes)
Event: 433.383 Thread 0x000001de56151530 nmethod 4184 0x000001de3f457890 code [0x000001de3f457ac0, 0x000001de3f4585f8]
Event: 433.384 Thread 0x000001de56151530 4185       3       com.sun.prism.impl.ManagedResource::_isgone (42 bytes)
Event: 433.384 Thread 0x000001de56151530 nmethod 4185 0x000001de3f458990 code [0x000001de3f458b80, 0x000001de3f459270]
Event: 433.426 Thread 0x000001de56125790 nmethod 4174 0x000001de468c8b10 code [0x000001de468c8e20, 0x000001de468ca408]
Event: 433.426 Thread 0x000001de56125790 4182       4       com.sun.prism.impl.VertexBuffer::addQuad (444 bytes)
Event: 433.428 Thread 0x000001de56125790 nmethod 4182 0x000001de468cb610 code [0x000001de468cb780, 0x000001de468cbad0]
Event: 434.651 Thread 0x000001de56125790 4186       4       javafx.scene.Node::preprocessMouseEvent (114 bytes)
Event: 434.663 Thread 0x000001de56125790 nmethod 4186 0x000001de468cbd10 code [0x000001de468cbfc0, 0x000001de468ccb40]
Event: 435.388 Thread 0x000001de56125790 4187       4       java.nio.Buffer::limit (65 bytes)
Event: 435.389 Thread 0x000001de56125790 nmethod 4187 0x000001de468cd490 code [0x000001de468cd600, 0x000001de468cd700]
Event: 453.403 Thread 0x000001de56125790 4188       4       com.sun.javafx.tk.quantum.QuantumToolkit$$Lambda$81/0x000000080103c448::run (8 bytes)
Event: 453.405 Thread 0x000001de56125790 nmethod 4188 0x000001de468cd810 code [0x000001de468cd9a0, 0x000001de468cdba0]

GC Heap History (4 events):
Event: 0.658 GC heap before
{Heap before GC invocations=0 (full 0):
 garbage-first heap   total 260096K, used 20480K [0x0000000702000000, 0x0000000800000000)
  region size 2048K, 11 young (22528K), 0 survivors (0K)
 Metaspace       used 5247K, committed 5440K, reserved 1114112K
  class space    used 608K, committed 704K, reserved 1048576K
}
Event: 0.661 GC heap after
{Heap after GC invocations=1 (full 0):
 garbage-first heap   total 260096K, used 2687K [0x0000000702000000, 0x0000000800000000)
  region size 2048K, 2 young (4096K), 2 survivors (4096K)
 Metaspace       used 5247K, committed 5440K, reserved 1114112K
  class space    used 608K, committed 704K, reserved 1048576K
}
Event: 4.037 GC heap before
{Heap before GC invocations=1 (full 0):
 garbage-first heap   total 260096K, used 43647K [0x0000000702000000, 0x0000000800000000)
  region size 2048K, 21 young (43008K), 2 survivors (4096K)
 Metaspace       used 15757K, committed 16128K, reserved 1114112K
  class space    used 2178K, committed 2304K, reserved 1048576K
}
Event: 4.047 GC heap after
{Heap after GC invocations=2 (full 0):
 garbage-first heap   total 260096K, used 10098K [0x0000000702000000, 0x0000000800000000)
  region size 2048K, 3 young (6144K), 3 survivors (6144K)
 Metaspace       used 15757K, committed 16128K, reserved 1114112K
  class space    used 2178K, committed 2304K, reserved 1048576K
}

Dll operation events (20 events):
Event: 0.391 Loaded shared library C:\Users\shara\.openjfx\cache\17.0.2-ea\api-ms-win-crt-filesystem-l1-1-0.dll
Event: 0.396 Loaded shared library C:\Users\shara\.openjfx\cache\17.0.2-ea\api-ms-win-crt-heap-l1-1-0.dll
Event: 0.398 Loaded shared library C:\Users\shara\.openjfx\cache\17.0.2-ea\api-ms-win-crt-locale-l1-1-0.dll
Event: 0.401 Loaded shared library C:\Users\shara\.openjfx\cache\17.0.2-ea\api-ms-win-crt-math-l1-1-0.dll
Event: 0.403 Loaded shared library C:\Users\shara\.openjfx\cache\17.0.2-ea\api-ms-win-crt-multibyte-l1-1-0.dll
Event: 0.406 Loaded shared library C:\Users\shara\.openjfx\cache\17.0.2-ea\api-ms-win-crt-private-l1-1-0.dll
Event: 0.408 Loaded shared library C:\Users\shara\.openjfx\cache\17.0.2-ea\api-ms-win-crt-process-l1-1-0.dll
Event: 0.412 Loaded shared library C:\Users\shara\.openjfx\cache\17.0.2-ea\api-ms-win-crt-runtime-l1-1-0.dll
Event: 0.415 Loaded shared library C:\Users\shara\.openjfx\cache\17.0.2-ea\api-ms-win-crt-stdio-l1-1-0.dll
Event: 0.418 Loaded shared library C:\Users\shara\.openjfx\cache\17.0.2-ea\api-ms-win-crt-string-l1-1-0.dll
Event: 0.421 Loaded shared library C:\Users\shara\.openjfx\cache\17.0.2-ea\api-ms-win-crt-time-l1-1-0.dll
Event: 0.424 Loaded shared library C:\Users\shara\.openjfx\cache\17.0.2-ea\api-ms-win-crt-utility-l1-1-0.dll
Event: 0.440 Loaded shared library C:\Users\shara\.openjfx\cache\17.0.2-ea\ucrtbase.dll
Event: 0.445 Loaded shared library C:\Users\shara\.openjfx\cache\17.0.2-ea\vcruntime140.dll
Event: 0.448 Loaded shared library C:\Users\shara\.openjfx\cache\17.0.2-ea\vcruntime140_1.dll
Event: 0.457 Loaded shared library C:\Users\shara\.openjfx\cache\17.0.2-ea\msvcp140.dll
Event: 0.503 Loaded shared library C:\Users\shara\.openjfx\cache\17.0.2-ea\prism_d3d.dll
Event: 0.538 Loaded shared library C:\Users\shara\.openjfx\cache\17.0.2-ea\glass.dll
Event: 0.648 Loaded shared library C:\Users\shara\.jdks\openjdk-20.0.1\bin\jimage.dll
Event: 0.853 Loaded shared library C:\Users\shara\.openjfx\cache\17.0.2-ea\javafx_font.dll

Deoptimization events (20 events):
Event: 207.390 Thread 0x000001de5611c950 Uncommon trap: trap_request=0xffffffde fr.pc=0x000001de46854158 relative=0x0000000000000478
Event: 207.390 Thread 0x000001de5611c950 Uncommon trap: reason=class_check action=maybe_recompile pc=0x000001de46854158 method=javafx.scene.Node.updateLocalToParentTransform()V @ 11 c2
Event: 207.390 Thread 0x000001de5611c950 DEOPT PACKING pc=0x000001de46854158 sp=0x0000005a035f8dc0
Event: 207.390 Thread 0x000001de5611c950 DEOPT UNPACKING pc=0x000001de461e9d22 sp=0x0000005a035f8d50 mode 2
Event: 212.691 Thread 0x000001de5611c950 Uncommon trap: trap_request=0xffffff45 fr.pc=0x000001de468567e4 relative=0x0000000000000144
Event: 212.691 Thread 0x000001de5611c950 Uncommon trap: reason=unstable_if action=reinterpret pc=0x000001de468567e4 method=java.lang.ThreadLocal$ThreadLocalMap.getEntry(Ljava/lang/ThreadLocal;)Ljava/lang/ThreadLocal$ThreadLocalMap$Entry; @ 21 c2
Event: 212.691 Thread 0x000001de5611c950 DEOPT PACKING pc=0x000001de468567e4 sp=0x0000005a035f8550
Event: 212.691 Thread 0x000001de5611c950 DEOPT UNPACKING pc=0x000001de461e9d22 sp=0x0000005a035f8460 mode 2
Event: 371.483 Thread 0x000001de5611de90 Uncommon trap: trap_request=0xffffff45 fr.pc=0x000001de4688a890 relative=0x0000000000000110
Event: 371.483 Thread 0x000001de5611de90 Uncommon trap: reason=unstable_if action=reinterpret pc=0x000001de4688a890 method=com.sun.javafx.tk.quantum.QuantumToolkit.postPulse()V @ 17 c2
Event: 371.483 Thread 0x000001de5611de90 DEOPT PACKING pc=0x000001de4688a890 sp=0x0000005a039ff6c0
Event: 371.483 Thread 0x000001de5611de90 DEOPT UNPACKING pc=0x000001de461e9d22 sp=0x0000005a039ff590 mode 2
Event: 371.499 Thread 0x000001de5611de90 Uncommon trap: trap_request=0xffffff45 fr.pc=0x000001de4688a37c relative=0x00000000000000fc
Event: 371.499 Thread 0x000001de5611de90 Uncommon trap: reason=unstable_if action=reinterpret pc=0x000001de4688a37c method=com.sun.javafx.tk.quantum.QuantumToolkit.postPulse()V @ 17 c2
Event: 371.499 Thread 0x000001de5611de90 DEOPT PACKING pc=0x000001de4688a37c sp=0x0000005a039ff5f0
Event: 371.499 Thread 0x000001de5611de90 DEOPT UNPACKING pc=0x000001de461e9d22 sp=0x0000005a039ff588 mode 2
Event: 427.900 Thread 0x000001de5611c950 DEOPT PACKING pc=0x000001de3f4196f3 sp=0x0000005a035f8300
Event: 427.900 Thread 0x000001de5611c950 DEOPT UNPACKING pc=0x000001de461ea4c2 sp=0x0000005a035f7770 mode 0
Event: 427.901 Thread 0x000001de5611c950 DEOPT PACKING pc=0x000001de3f4196f3 sp=0x0000005a035f8360
Event: 427.901 Thread 0x000001de5611c950 DEOPT UNPACKING pc=0x000001de461ea4c2 sp=0x0000005a035f77d0 mode 0

Classes loaded (20 events):
Event: 4.304 Loading class sun/util/locale/provider/BreakIteratorProviderImpl
Event: 4.304 Loading class sun/util/locale/provider/BreakIteratorProviderImpl done
Event: 4.305 Loading class sun/util/locale/provider/BreakIteratorProviderImpl$GraphemeBreakIterator
Event: 4.305 Loading class sun/util/locale/provider/BreakIteratorProviderImpl$GraphemeBreakIterator done
Event: 4.305 Loading class java/text/StringCharacterIterator
Event: 4.305 Loading class java/text/StringCharacterIterator done
Event: 4.305 Loading class sun/util/locale/provider/BreakIteratorProviderImpl$CharacterIteratorCharSequence
Event: 4.305 Loading class sun/util/locale/provider/BreakIteratorProviderImpl$CharacterIteratorCharSequence done
Event: 4.305 Loading class java/text/BreakIterator$BreakIteratorCache
Event: 4.305 Loading class java/text/BreakIterator$BreakIteratorCache done
Event: 52.989 Loading class jdk/internal/util/regex/Grapheme
Event: 52.989 Loading class jdk/internal/util/regex/Grapheme done
Event: 52.990 Loading class jdk/internal/util/regex/EmojiData
Event: 52.992 Loading class jdk/internal/util/regex/EmojiData done
Event: 369.844 Loading class java/lang/Throwable$WrappedPrintStream
Event: 369.844 Loading class java/lang/Throwable$PrintStreamOrWriter
Event: 369.844 Loading class java/lang/Throwable$PrintStreamOrWriter done
Event: 369.844 Loading class java/lang/Throwable$WrappedPrintStream done
Event: 510.994 Loading class jdk/internal/misc/Signal$1
Event: 510.994 Loading class jdk/internal/misc/Signal$1 done

Classes unloaded (0 events):
No events

Classes redefined (0 events):
No events

Internal exceptions (20 events):
Event: 0.970 Thread 0x000001de5611c950 Exception <a 'java/lang/NoSuchMethodError'{0x0000000710ee6b00}: 'void java.lang.invoke.DelegatingMethodHandle$Holder.reinvoke_L(java.lang.Object, java.lang.Object, int)'> (0x0000000710ee6b00) 
thrown [s\open\src\hotspot\share\interpreter\linkResolver.cpp, line 773]
Event: 0.988 Thread 0x000001de5611c950 Implicit null exception at 0x000001de4676adc6 to 0x000001de4676ae62
Event: 1.003 Thread 0x000001de5611c950 Implicit null exception at 0x000001de46796220 to 0x000001de467964b8
Event: 1.003 Thread 0x000001de5611c950 Implicit null exception at 0x000001de467952a0 to 0x000001de46795524
Event: 1.004 Thread 0x000001de5611c950 Implicit null exception at 0x000001de4673cc20 to 0x000001de4673cc9d
Event: 1.065 Thread 0x000001de5611c950 Implicit null exception at 0x000001de46793312 to 0x000001de467939e0
Event: 1.138 Thread 0x000001de5611c950 Exception <a 'java/lang/IncompatibleClassChangeError'{0x00000007109f6a50}: Found class java.lang.Object, but interface was expected> (0x00000007109f6a50) 
thrown [s\open\src\hotspot\share\interpreter\linkResolver.cpp, line 840]
Event: 1.185 Thread 0x000001de5611c950 Exception <a 'java/lang/NoSuchMethodError'{0x000000071031c348}: 'int java.lang.invoke.DirectMethodHandle$Holder.invokeSpecial(java.lang.Object, java.lang.Object, int)'> (0x000000071031c348) 
thrown [s\open\src\hotspot\share\interpreter\linkResolver.cpp, line 773]
Event: 1.201 Thread 0x000001de5611c950 Exception <a 'java/lang/NoSuchMethodError'{0x000000071039dd80}: 'java.lang.Object java.lang.invoke.DirectMethodHandle$Holder.newInvokeSpecial(java.lang.Object, java.lang.Object, int)'> (0x000000071039dd80) 
thrown [s\open\src\hotspot\share\interpreter\linkResolver.cpp, line 773]
Event: 1.228 Thread 0x000001de5611c400 Exception <a 'java/lang/NoSuchMethodError'{0x000000071004ee78}: 'int java.lang.invoke.DirectMethodHandle$Holder.invokeStaticInit(java.lang.Object, java.lang.Object)'> (0x000000071004ee78) 
thrown [s\open\src\hotspot\share\interpreter\linkResolver.cpp, line 773]
Event: 2.652 Thread 0x000001de5611c950 Exception <a 'java/lang/NoSuchMethodError'{0x000000070fc8b260}: 'long java.lang.invoke.DirectMethodHandle$Holder.invokeStatic(java.lang.Object, java.lang.Object, java.lang.Object)'> (0x000000070fc8b260) 
thrown [s\open\src\hotspot\share\interpreter\linkResolver.cpp, line 773]
Event: 2.653 Thread 0x000001de5611c950 Exception <a 'java/lang/NoSuchMethodError'{0x000000070fc8e630}: 'long java.lang.invoke.DirectMethodHandle$Holder.invokeStaticInit(java.lang.Object, java.lang.Object, java.lang.Object)'> (0x000000070fc8e630) 
thrown [s\open\src\hotspot\share\interpreter\linkResolver.cpp, line 773]
Event: 2.655 Thread 0x000001de5611c950 Exception <a 'java/lang/NoSuchMethodError'{0x000000070fca6688}: 'java.lang.Object java.lang.invoke.DirectMethodHandle$Holder.newInvokeSpecial(java.lang.Object, java.lang.Object, long)'> (0x000000070fca6688) 
thrown [s\open\src\hotspot\share\interpreter\linkResolver.cpp, line 773]
Event: 2.655 Thread 0x000001de5611c950 Exception <a 'java/lang/NoSuchMethodError'{0x000000070fca9f80}: 'java.lang.Object java.lang.invoke.Invokers$Holder.linkToTargetMethod(java.lang.Object, long, java.lang.Object)'> (0x000000070fca9f80) 
thrown [s\open\src\hotspot\share\interpreter\linkResolver.cpp, line 773]
Event: 3.943 Thread 0x000001de5611c950 Exception <a 'java/lang/ClassNotFoundException'{0x000000070f715f00}: com/sun/javafx/scene/control/skin/resources/controls> (0x000000070f715f00) 
thrown [s\open\src\hotspot\share\prims\jni.cpp, line 538]
Event: 3.944 Thread 0x000001de5611c950 Exception <a 'java/lang/ClassNotFoundException'{0x000000070f7244f0}: com/sun/javafx/scene/control/skin/resources/controls_en> (0x000000070f7244f0) 
thrown [s\open\src\hotspot\share\prims\jni.cpp, line 538]
Event: 3.944 Thread 0x000001de5611c950 Exception <a 'java/lang/ClassNotFoundException'{0x000000070f725cb0}: com/sun/javafx/scene/control/skin/resources/controls_en_GB> (0x000000070f725cb0) 
thrown [s\open\src\hotspot\share\prims\jni.cpp, line 538]
Event: 4.135 Thread 0x000001de5611c950 Exception <a 'java/lang/NoSuchMethodError'{0x0000000711b81180}: 'void java.lang.invoke.DirectMethodHandle$Holder.invokeSpecial(java.lang.Object, java.lang.Object, java.lang.Object, java.lang.Object, java.lang.Object, java.lang.Object)'> (0x0000000711b81180) 
thrown [s\open\src\hotspot\share\interpreter\linkResolver.cpp, line 773]
Event: 4.477 Thread 0x000001de5611c400 Exception <a 'java/lang/NoSuchMethodError'{0x0000000711271630}: 'java.lang.Object java.lang.invoke.DirectMethodHandle$Holder.invokeStaticInit(java.lang.Object, int)'> (0x0000000711271630) 
thrown [s\open\src\hotspot\share\interpreter\linkResolver.cpp, line 773]
Event: 212.691 Thread 0x000001de5611c950 Implicit null exception at 0x000001de46856720 to 0x000001de468567c4

VM Operations (20 events):
Event: 372.503 Executing VM operation: Cleanup done
Event: 409.519 Executing VM operation: Cleanup
Event: 409.519 Executing VM operation: Cleanup done
Event: 410.520 Executing VM operation: Cleanup
Event: 410.520 Executing VM operation: Cleanup done
Event: 411.520 Executing VM operation: Cleanup
Event: 411.520 Executing VM operation: Cleanup done
Event: 412.521 Executing VM operation: Cleanup
Event: 412.521 Executing VM operation: Cleanup done
Event: 427.527 Executing VM operation: Cleanup
Event: 427.527 Executing VM operation: Cleanup done
Event: 428.527 Executing VM operation: Cleanup
Event: 428.527 Executing VM operation: Cleanup done
Event: 429.527 Executing VM operation: Cleanup
Event: 429.527 Executing VM operation: Cleanup done
Event: 430.528 Executing VM operation: Cleanup
Event: 430.528 Executing VM operation: Cleanup done
Event: 433.529 Executing VM operation: Cleanup
Event: 433.529 Executing VM operation: Cleanup done
Event: 510.996 Executing VM operation: Exit

Events (20 events):
Event: 0.730 Thread 0x000001de5614f960 Thread exited: 0x000001de5614f960
Event: 1.127 Thread 0x000001de5611b410 Thread added: 0x000001de5611b410
Event: 1.161 Thread 0x000001de56150fa0 Thread exited: 0x000001de56150fa0
Event: 1.171 Thread 0x000001de56150a10 Thread added: 0x000001de56150a10
Event: 1.296 Thread 0x000001de5b914900 Thread added: 0x000001de5b914900
Event: 1.731 Thread 0x000001de56150a10 Thread exited: 0x000001de56150a10
Event: 3.908 Thread 0x000001de5614f960 Thread added: 0x000001de5614f960
Event: 4.081 Thread 0x000001de5614fef0 Thread added: 0x000001de5614fef0
Event: 4.699 Thread 0x000001de5614fef0 Thread exited: 0x000001de5614fef0
Event: 4.947 Thread 0x000001de5614f960 Thread exited: 0x000001de5614f960
Event: 9.136 Thread 0x000001de5614f960 Thread added: 0x000001de5614f960
Event: 9.332 Thread 0x000001de5614f960 Thread exited: 0x000001de5614f960
Event: 357.431 Thread 0x000001de5614f960 Thread added: 0x000001de5614f960
Event: 361.304 Thread 0x000001de5614f960 Thread exited: 0x000001de5614f960
Event: 510.994 Thread 0x000001de5b9143b0 Thread added: 0x000001de5b9143b0
Event: 510.995 Thread 0x000001de5b912920 Thread added: 0x000001de5b912920
Event: 510.995 Thread 0x000001de5b912e70 Thread added: 0x000001de5b912e70
Event: 510.995 Thread 0x000001de5b912920 Thread exited: 0x000001de5b912920
Event: 510.996 Thread 0x000001de5b912e70 Thread exited: 0x000001de5b912e70
Event: 510.996 Thread 0x000001de56115190 Thread exited: 0x000001de56115190


Dynamic libraries:
0x00007ff7309f0000 - 0x00007ff7309fe000 	C:\Users\shara\.jdks\openjdk-20.0.1\bin\java.exe
0x00007ffc1a370000 - 0x00007ffc1a568000 	C:\WINDOWS\SYSTEM32\ntdll.dll
0x00007ffc19110000 - 0x00007ffc191cf000 	C:\WINDOWS\System32\KERNEL32.DLL
0x00007ffc17e60000 - 0x00007ffc1813a000 	C:\WINDOWS\System32\KERNELBASE.dll
0x00007ffc182a0000 - 0x00007ffc183a0000 	C:\WINDOWS\System32\ucrtbase.dll
0x00007ffbe5740000 - 0x00007ffbe5757000 	C:\Users\shara\.jdks\openjdk-20.0.1\bin\jli.dll
0x00007ffc192f0000 - 0x00007ffc1948d000 	C:\WINDOWS\System32\USER32.dll
0x00007ffc183a0000 - 0x00007ffc183c2000 	C:\WINDOWS\System32\win32u.dll
0x00007ffc19070000 - 0x00007ffc1909b000 	C:\WINDOWS\System32\GDI32.dll
0x00007ffc17bd0000 - 0x00007ffc17ce0000 	C:\WINDOWS\System32\gdi32full.dll
0x00007ffc17a80000 - 0x00007ffc17b1d000 	C:\WINDOWS\System32\msvcp_win.dll
0x00007ffbe5720000 - 0x00007ffbe573b000 	C:\Users\shara\.jdks\openjdk-20.0.1\bin\VCRUNTIME140.dll
0x00007ffbf0da0000 - 0x00007ffbf103a000 	C:\WINDOWS\WinSxS\amd64_microsoft.windows.common-controls_6595b64144ccf1df_6.0.19041.1110_none_60b5254171f9507e\COMCTL32.dll
0x00007ffc19850000 - 0x00007ffc198ee000 	C:\WINDOWS\System32\msvcrt.dll
0x00007ffc18f00000 - 0x00007ffc18f30000 	C:\WINDOWS\System32\IMM32.DLL
0x00007ffbf1040000 - 0x00007ffbf104c000 	C:\Users\shara\.jdks\openjdk-20.0.1\bin\vcruntime140_1.dll
0x00007ffbd85c0000 - 0x00007ffbd864e000 	C:\Users\shara\.jdks\openjdk-20.0.1\bin\msvcp140.dll
0x00007ffb69e80000 - 0x00007ffb6ab17000 	C:\Users\shara\.jdks\openjdk-20.0.1\bin\server\jvm.dll
0x00007ffc183d0000 - 0x00007ffc1847e000 	C:\WINDOWS\System32\ADVAPI32.dll
0x00007ffc1a290000 - 0x00007ffc1a32c000 	C:\WINDOWS\System32\sechost.dll
0x00007ffc19a10000 - 0x00007ffc19b36000 	C:\WINDOWS\System32\RPCRT4.dll
0x00007ffc0f4b0000 - 0x00007ffc0f4b9000 	C:\WINDOWS\SYSTEM32\WSOCK32.dll
0x00007ffc190a0000 - 0x00007ffc1910b000 	C:\WINDOWS\System32\WS2_32.dll
0x00007ffbfa700000 - 0x00007ffbfa727000 	C:\WINDOWS\SYSTEM32\WINMM.dll
0x00007ffc0fce0000 - 0x00007ffc0fcea000 	C:\WINDOWS\SYSTEM32\VERSION.dll
0x00007ffc162d0000 - 0x00007ffc162e2000 	C:\WINDOWS\SYSTEM32\kernel.appcore.dll
0x00007ffbf0cc0000 - 0x00007ffbf0cca000 	C:\Users\shara\.jdks\openjdk-20.0.1\bin\jimage.dll
0x00007ffc15840000 - 0x00007ffc15a24000 	C:\WINDOWS\SYSTEM32\DBGHELP.DLL
0x00007ffc06b00000 - 0x00007ffc06b34000 	C:\WINDOWS\SYSTEM32\dbgcore.DLL
0x00007ffc17dd0000 - 0x00007ffc17e52000 	C:\WINDOWS\System32\bcryptPrimitives.dll
0x00007ffc10b30000 - 0x00007ffc10b3e000 	C:\Users\shara\.jdks\openjdk-20.0.1\bin\instrument.dll
0x00007ffbe5620000 - 0x00007ffbe5646000 	C:\Users\shara\.jdks\openjdk-20.0.1\bin\java.dll
0x00007ffba1240000 - 0x00007ffba1317000 	C:\Users\shara\.jdks\openjdk-20.0.1\bin\jsvml.dll
0x00007ffc19b40000 - 0x00007ffc1a284000 	C:\WINDOWS\System32\SHELL32.dll
0x00007ffc15b20000 - 0x00007ffc162b3000 	C:\WINDOWS\SYSTEM32\windows.storage.dll
0x00007ffc19490000 - 0x00007ffc197e4000 	C:\WINDOWS\System32\combase.dll
0x00007ffc17470000 - 0x00007ffc1749e000 	C:\WINDOWS\SYSTEM32\Wldp.dll
0x00007ffc19230000 - 0x00007ffc192dd000 	C:\WINDOWS\System32\SHCORE.dll
0x00007ffc18710000 - 0x00007ffc18765000 	C:\WINDOWS\System32\shlwapi.dll
0x00007ffc179c0000 - 0x00007ffc179df000 	C:\WINDOWS\SYSTEM32\profapi.dll
0x00007ffbe5700000 - 0x00007ffbe5713000 	C:\Users\shara\.jdks\openjdk-20.0.1\bin\net.dll
0x00007ffc0da80000 - 0x00007ffc0db8a000 	C:\WINDOWS\SYSTEM32\WINHTTP.dll
0x00007ffc171d0000 - 0x00007ffc1723a000 	C:\WINDOWS\system32\mswsock.dll
0x00007ffbe5600000 - 0x00007ffbe5616000 	C:\Users\shara\.jdks\openjdk-20.0.1\bin\nio.dll
0x00007ffbe5260000 - 0x00007ffbe5278000 	C:\Users\shara\.jdks\openjdk-20.0.1\bin\zip.dll
0x00007ffbf95b0000 - 0x00007ffbf95ca000 	C:\Program Files\JetBrains\IntelliJ IDEA 2022.3.3\bin\breakgen64.dll
0x000001de36a90000 - 0x000001de36a93000 	C:\Users\shara\.openjfx\cache\17.0.2-ea\api-ms-win-core-console-l1-1-0.dll
0x000001de36aa0000 - 0x000001de36aa3000 	C:\Users\shara\.openjfx\cache\17.0.2-ea\api-ms-win-core-console-l1-2-0.dll
0x000001de36ab0000 - 0x000001de36ab3000 	C:\Users\shara\.openjfx\cache\17.0.2-ea\api-ms-win-core-datetime-l1-1-0.dll
0x000001de36ac0000 - 0x000001de36ac3000 	C:\Users\shara\.openjfx\cache\17.0.2-ea\api-ms-win-core-debug-l1-1-0.dll
0x000001de36ad0000 - 0x000001de36ad3000 	C:\Users\shara\.openjfx\cache\17.0.2-ea\api-ms-win-core-errorhandling-l1-1-0.dll
0x000001de36ae0000 - 0x000001de36ae4000 	C:\Users\shara\.openjfx\cache\17.0.2-ea\api-ms-win-core-file-l1-1-0.dll
0x000001de36af0000 - 0x000001de36af3000 	C:\Users\shara\.openjfx\cache\17.0.2-ea\api-ms-win-core-file-l1-2-0.dll
0x000001de36b00000 - 0x000001de36b03000 	C:\Users\shara\.openjfx\cache\17.0.2-ea\api-ms-win-core-file-l2-1-0.dll
0x000001de36b10000 - 0x000001de36b13000 	C:\Users\shara\.openjfx\cache\17.0.2-ea\api-ms-win-core-handle-l1-1-0.dll
0x000001de36b20000 - 0x000001de36b23000 	C:\Users\shara\.openjfx\cache\17.0.2-ea\api-ms-win-core-heap-l1-1-0.dll
0x000001de36b30000 - 0x000001de36b33000 	C:\Users\shara\.openjfx\cache\17.0.2-ea\api-ms-win-core-interlocked-l1-1-0.dll
0x000001de36b40000 - 0x000001de36b43000 	C:\Users\shara\.openjfx\cache\17.0.2-ea\api-ms-win-core-libraryloader-l1-1-0.dll
0x000001de36b50000 - 0x000001de36b53000 	C:\Users\shara\.openjfx\cache\17.0.2-ea\api-ms-win-core-localization-l1-2-0.dll
0x000001de56270000 - 0x000001de56273000 	C:\Users\shara\.openjfx\cache\17.0.2-ea\api-ms-win-core-memory-l1-1-0.dll
0x000001de56280000 - 0x000001de56283000 	C:\Users\shara\.openjfx\cache\17.0.2-ea\api-ms-win-core-namedpipe-l1-1-0.dll
0x000001de56290000 - 0x000001de56293000 	C:\Users\shara\.openjfx\cache\17.0.2-ea\api-ms-win-core-processenvironment-l1-1-0.dll
0x000001de562a0000 - 0x000001de562a3000 	C:\Users\shara\.openjfx\cache\17.0.2-ea\api-ms-win-core-processthreads-l1-1-0.dll
0x000001de562b0000 - 0x000001de562b3000 	C:\Users\shara\.openjfx\cache\17.0.2-ea\api-ms-win-core-processthreads-l1-1-1.dll
0x000001de562c0000 - 0x000001de562c3000 	C:\Users\shara\.openjfx\cache\17.0.2-ea\api-ms-win-core-profile-l1-1-0.dll
0x000001de562d0000 - 0x000001de562d3000 	C:\Users\shara\.openjfx\cache\17.0.2-ea\api-ms-win-core-rtlsupport-l1-1-0.dll
0x000001de562e0000 - 0x000001de562e3000 	C:\Users\shara\.openjfx\cache\17.0.2-ea\api-ms-win-core-string-l1-1-0.dll
0x000001de562f0000 - 0x000001de562f3000 	C:\Users\shara\.openjfx\cache\17.0.2-ea\api-ms-win-core-synch-l1-1-0.dll
0x000001de56300000 - 0x000001de56303000 	C:\Users\shara\.openjfx\cache\17.0.2-ea\api-ms-win-core-synch-l1-2-0.dll
0x000001de56310000 - 0x000001de56313000 	C:\Users\shara\.openjfx\cache\17.0.2-ea\api-ms-win-core-sysinfo-l1-1-0.dll
0x000001de56320000 - 0x000001de56323000 	C:\Users\shara\.openjfx\cache\17.0.2-ea\api-ms-win-core-timezone-l1-1-0.dll
0x000001de56330000 - 0x000001de56333000 	C:\Users\shara\.openjfx\cache\17.0.2-ea\api-ms-win-core-util-l1-1-0.dll
0x000001de56340000 - 0x000001de56343000 	C:\Users\shara\.openjfx\cache\17.0.2-ea\api-ms-win-crt-conio-l1-1-0.dll
0x000001de56350000 - 0x000001de56354000 	C:\Users\shara\.openjfx\cache\17.0.2-ea\api-ms-win-crt-convert-l1-1-0.dll
0x000001de56360000 - 0x000001de56363000 	C:\Users\shara\.openjfx\cache\17.0.2-ea\api-ms-win-crt-environment-l1-1-0.dll
0x000001de56370000 - 0x000001de56373000 	C:\Users\shara\.openjfx\cache\17.0.2-ea\api-ms-win-crt-filesystem-l1-1-0.dll
0x000001de56380000 - 0x000001de56383000 	C:\Users\shara\.openjfx\cache\17.0.2-ea\api-ms-win-crt-heap-l1-1-0.dll
0x000001de56390000 - 0x000001de56393000 	C:\Users\shara\.openjfx\cache\17.0.2-ea\api-ms-win-crt-locale-l1-1-0.dll
0x000001de563a0000 - 0x000001de563a5000 	C:\Users\shara\.openjfx\cache\17.0.2-ea\api-ms-win-crt-math-l1-1-0.dll
0x000001de563b0000 - 0x000001de563b5000 	C:\Users\shara\.openjfx\cache\17.0.2-ea\api-ms-win-crt-multibyte-l1-1-0.dll
0x000001de563c0000 - 0x000001de563d0000 	C:\Users\shara\.openjfx\cache\17.0.2-ea\api-ms-win-crt-private-l1-1-0.dll
0x000001de563d0000 - 0x000001de563d3000 	C:\Users\shara\.openjfx\cache\17.0.2-ea\api-ms-win-crt-process-l1-1-0.dll
0x000001de563e0000 - 0x000001de563e4000 	C:\Users\shara\.openjfx\cache\17.0.2-ea\api-ms-win-crt-runtime-l1-1-0.dll
0x000001de563f0000 - 0x000001de563f4000 	C:\Users\shara\.openjfx\cache\17.0.2-ea\api-ms-win-crt-stdio-l1-1-0.dll
0x000001de5bfd0000 - 0x000001de5bfd4000 	C:\Users\shara\.openjfx\cache\17.0.2-ea\api-ms-win-crt-string-l1-1-0.dll
0x000001de5bfe0000 - 0x000001de5bfe3000 	C:\Users\shara\.openjfx\cache\17.0.2-ea\api-ms-win-crt-time-l1-1-0.dll
0x000001de5bff0000 - 0x000001de5bff3000 	C:\Users\shara\.openjfx\cache\17.0.2-ea\api-ms-win-crt-utility-l1-1-0.dll
0x00007ffbd6d30000 - 0x00007ffbd6e2c000 	C:\Users\shara\.openjfx\cache\17.0.2-ea\ucrtbase.dll
0x00007ffbf31c0000 - 0x00007ffbf31da000 	C:\Users\shara\.openjfx\cache\17.0.2-ea\vcruntime140.dll
0x00007ffbfcc40000 - 0x00007ffbfcc4c000 	C:\Users\shara\.openjfx\cache\17.0.2-ea\vcruntime140_1.dll
0x00007ffbdb640000 - 0x00007ffbdb6cd000 	C:\Users\shara\.openjfx\cache\17.0.2-ea\msvcp140.dll
0x00007ffbf16f0000 - 0x00007ffbf171a000 	C:\Users\shara\.openjfx\cache\17.0.2-ea\prism_d3d.dll
0x00007ffbef950000 - 0x00007ffbefb1d000 	C:\WINDOWS\system32\d3d9.dll
0x00007ffc15390000 - 0x00007ffc153bf000 	C:\WINDOWS\SYSTEM32\dwmapi.dll
0x00007ffc150d0000 - 0x00007ffc1516e000 	C:\WINDOWS\system32\uxtheme.dll
0x00007ffbd44c0000 - 0x00007ffbd4668000 	C:\WINDOWS\System32\DriverStore\FileRepository\iigd_dch.inf_amd64_393549dac595e659\igdumdim64.dll
0x00007ffc18f30000 - 0x00007ffc1905a000 	C:\WINDOWS\System32\ole32.dll
0x00007ffb77930000 - 0x00007ffb7b54f000 	C:\WINDOWS\System32\DriverStore\FileRepository\iigd_dch.inf_amd64_393549dac595e659\igd9dxva64.dll
0x00007ffc18480000 - 0x00007ffc1854d000 	C:\WINDOWS\System32\OLEAUT32.dll
0x00007ffc18a90000 - 0x00007ffc18ef8000 	C:\WINDOWS\System32\SETUPAPI.dll
0x00007ffc17ce0000 - 0x00007ffc17d2e000 	C:\WINDOWS\System32\cfgmgr32.dll
0x00007ffc17d30000 - 0x00007ffc17d57000 	C:\WINDOWS\System32\bcrypt.dll
0x00007ffc02c80000 - 0x00007ffc03048000 	C:\WINDOWS\System32\DriverStore\FileRepository\iigd_dch.inf_amd64_393549dac595e659\igdgmm64.dll
0x00007ffbf0560000 - 0x00007ffbf05a2000 	C:\Users\shara\.openjfx\cache\17.0.2-ea\glass.dll
0x00007ffc18930000 - 0x00007ffc18a0a000 	C:\WINDOWS\System32\COMDLG32.dll
0x00007ffc198f0000 - 0x00007ffc19a04000 	C:\WINDOWS\System32\MSCTF.dll
0x00007ffbaae30000 - 0x00007ffbaae57000 	C:\WINDOWS\System32\DriverStore\FileRepository\iigd_dch.inf_amd64_393549dac595e659\igdinfo64.dll
0x00007ffbff690000 - 0x00007ffc02c76000 	C:\WINDOWS\System32\DriverStore\FileRepository\iigd_dch.inf_amd64_393549dac595e659\igc64.dll
0x00007ffc040a0000 - 0x00007ffc040db000 	C:\WINDOWS\SYSTEM32\dxcore.dll
0x00007ffbf2b40000 - 0x00007ffbf2b54000 	C:\Users\shara\.openjfx\cache\17.0.2-ea\javafx_font.dll
0x00007ffbf7620000 - 0x00007ffbf789f000 	C:\WINDOWS\SYSTEM32\dwrite.dll
0x00007ffc18800000 - 0x00007ffc188a9000 	C:\WINDOWS\System32\clbcatq.dll
0x00007ffc05ab0000 - 0x00007ffc05c64000 	C:\WINDOWS\SYSTEM32\WindowsCodecs.dll
0x00007ffbe57f0000 - 0x00007ffbe582e000 	C:\WINDOWS\system32\dataexchange.dll
0x00007ffc13710000 - 0x00007ffc13973000 	C:\WINDOWS\system32\d3d11.dll
0x00007ffc14340000 - 0x00007ffc14523000 	C:\WINDOWS\system32\dcomp.dll
0x00007ffc16340000 - 0x00007ffc16433000 	C:\WINDOWS\system32\dxgi.dll
0x00007ffc0f6c0000 - 0x00007ffc0f8c0000 	C:\WINDOWS\system32\twinapi.appcore.dll
0x00007ffbefde0000 - 0x00007ffbefe14000 	C:\Program Files\Common Files\Microsoft Shared\Ink\rtscom.dll
0x00007ffbfc6c0000 - 0x00007ffbfc7b9000 	C:\WINDOWS\SYSTEM32\textinputframework.dll
0x00007ffc14960000 - 0x00007ffc14cbe000 	C:\WINDOWS\System32\CoreUIComponents.dll
0x00007ffc14d00000 - 0x00007ffc14df2000 	C:\WINDOWS\System32\CoreMessaging.dll
0x00007ffc16c30000 - 0x00007ffc16c63000 	C:\WINDOWS\SYSTEM32\ntmarta.dll
0x00007ffc140a0000 - 0x00007ffc141f4000 	C:\WINDOWS\SYSTEM32\wintypes.dll
0x00007ffc13a80000 - 0x00007ffc14040000 	C:\WINDOWS\SYSTEM32\d2d1.dll
0x00007ffc04a00000 - 0x00007ffc050f6000 	C:\WINDOWS\SYSTEM32\D3D10Warp.dll

dbghelp: loaded successfully - version: 4.0.5 - missing functions: none
symbol engine: initialized successfully - sym options: 0x614 - pdb path: .;C:\Users\shara\.jdks\openjdk-20.0.1\bin;C:\WINDOWS\SYSTEM32;C:\WINDOWS\WinSxS\amd64_microsoft.windows.common-controls_6595b64144ccf1df_6.0.19041.1110_none_60b5254171f9507e;C:\Users\shara\.jdks\openjdk-20.0.1\bin\server;C:\Program Files\JetBrains\IntelliJ IDEA 2022.3.3\bin;C:\Users\shara\.openjfx\cache\17.0.2-ea;C:\WINDOWS\System32\DriverStore\FileRepository\iigd_dch.inf_amd64_393549dac595e659;C:\Program Files\Common Files\Microsoft Shared\Ink

VM Arguments:
jvm_args: -javaagent:C:\Program Files\JetBrains\IntelliJ IDEA 2022.3.3\lib\idea_rt.jar=62413:C:\Program Files\JetBrains\IntelliJ IDEA 2022.3.3\bin -Dfile.encoding=UTF-8 -Dsun.stdout.encoding=UTF-8 -Dsun.stderr.encoding=UTF-8 --module-path=C:\Users\shara\.m2\repository\org\openjfx\javafx-graphics\17.0.2\javafx-graphics-17.0.2-win.jar;C:\Users\shara\.m2\repository\org\openjfx\javafx-fxml\17.0.2\javafx-fxml-17.0.2-win.jar;C:\Users\shara\IdeaProjects\Demo\target\classes;C:\Users\shara\.m2\repository\org\openjfx\javafx-base\17.0.2\javafx-base-17.0.2-win.jar;C:\Users\shara\.m2\repository\org\openjfx\javafx-controls\17.0.2\javafx-controls-17.0.2-win.jar -Djdk.module.main=sample.demo 
java_command: sample.demo/sample.demo.HelloApplication
java_class_path (initial): C:\Users\shara\.m2\repository\org\openjfx\javafx-controls\17.0.2\javafx-controls-17.0.2.jar;C:\Users\shara\.m2\repository\org\openjfx\javafx-graphics\17.0.2\javafx-graphics-17.0.2.jar;C:\Users\shara\.m2\repository\org\openjfx\javafx-base\17.0.2\javafx-base-17.0.2.jar;C:\Users\shara\.m2\repository\org\openjfx\javafx-fxml\17.0.2\javafx-fxml-17.0.2.jar
Launcher Type: SUN_STANDARD

[Global flags]
     intx CICompilerCount                          = 4                                         {product} {ergonomic}
     uint ConcGCThreads                            = 2                                         {product} {ergonomic}
     uint G1ConcRefinementThreads                  = 8                                         {product} {ergonomic}
   size_t G1HeapRegionSize                         = 2097152                                   {product} {ergonomic}
    uintx GCDrainStackTargetSize                   = 64                                        {product} {ergonomic}
   size_t InitialHeapSize                          = 266338304                                 {product} {ergonomic}
   size_t MarkStackSize                            = 4194304                                   {product} {ergonomic}
   size_t MaxHeapSize                              = 4261412864                                {product} {ergonomic}
   size_t MaxNewSize                               = 2556428288                                {product} {ergonomic}
   size_t MinHeapDeltaBytes                        = 2097152                                   {product} {ergonomic}
   size_t MinHeapSize                              = 8388608                                   {product} {ergonomic}
    uintx NonNMethodCodeHeapSize                   = 5839372                                {pd product} {ergonomic}
    uintx NonProfiledCodeHeapSize                  = 122909434                              {pd product} {ergonomic}
    uintx ProfiledCodeHeapSize                     = 122909434                              {pd product} {ergonomic}
    uintx ReservedCodeCacheSize                    = 251658240                              {pd product} {ergonomic}
     bool SegmentedCodeCache                       = true                                      {product} {ergonomic}
   size_t SoftMaxHeapSize                          = 4261412864                             {manageable} {ergonomic}
     bool UseCompressedClassPointers               = true                           {product lp64_product} {ergonomic}
     bool UseCompressedOops                        = true                           {product lp64_product} {ergonomic}
     bool UseG1GC                                  = true                                      {product} {ergonomic}
     bool UseLargePagesIndividualAllocation        = false                                  {pd product} {ergonomic}

Logging:
Log output configuration:
 #0: stdout all=off uptime,level,tags foldmultilines=false
 #1: stderr all=off uptime,level,tags foldmultilines=false

Environment Variables:
PATH=C:\Users\shara\Downloads\CUserssharaDownloadsWINDOWS.X64_193000_db_home\bin;C:\Program Files\Java\jdk-11.0.2\bin;C:\WINDOWS\system32;C:\WINDOWS;C:\WINDOWS\System32\Wbem;C:\WINDOWS\System32\WindowsPowerShell\v1.0\;C:\WINDOWS\System32\OpenSSH\;C:\Program Files\Git\cmd;C:\Program Files\Git\mingw64\bin;C:\Program Files\Git\usr\bin;C:\wamp64\bin\php\php7.3.12;C:\Program Files\dotnet\;C:\Program Files\MySQL\MySQL Shell 8.0\bin\;C:\Users\shara\AppData\Local\Microsoft\WindowsApps;;C:\Program Files\JetBrains\IntelliJ IDEA Community Edition 2020.2.3\bin;;C:\Users\shara\.dotnet\tools;C:\Program Files\JetBrains\IntelliJ IDEA 2022.3.3\bin;
USERNAME=shara
OS=Windows_NT
PROCESSOR_IDENTIFIER=Intel64 Family 6 Model 142 Stepping 12, GenuineIntel
TMP=C:\Users\shara\AppData\Local\Temp
TEMP=C:\Users\shara\AppData\Local\Temp




---------------  S Y S T E M  ---------------

OS:
 Windows 10 , 64 bit Build 19041 (10.0.19041.2788)
OS uptime: 52 days 19:46 hours

CPU: total 8 (initial active 8) (4 cores per cpu, 2 threads per core) family 6 model 142 stepping 12 microcode 0xc6, cx8, cmov, fxsr, ht, mmx, 3dnowpref, sse, sse2, sse3, ssse3, sse4.1, sse4.2, popcnt, lzcnt, tsc, tscinvbit, avx, avx2, aes, erms, clmul, bmi1, bmi2, adx, fma, vzeroupper, clflush, clflushopt, rdtscp, f16c

Memory: 4k page, system-wide physical 16254M (5081M free)
TotalPageFile size 30297M (AvailPageFile size 3329M)
current process WorkingSet (physical memory assigned to process): 198M, peak: 224M
current process commit charge ("private bytes"): 436M, peak: 468M

vm_info: OpenJDK 64-Bit Server VM (20.0.1+9-29) for windows-amd64 JRE (20.0.1+9-29), built on 2023-03-07T13:56:11Z by "mach5one" with MS VC++ 17.1 (VS2022)

END.
