#
# A fatal error has been detected by the Java Runtime Environment:
#
#  EXCEPTION_ACCESS_VIOLATION (0xc0000005) at pc=0x00007ffbe27f6ab7, pid=33292, tid=11256
#
# JRE version: OpenJDK Runtime Environment (20.0.1+9) (build 20.0.1+9-29)
# Java VM: OpenJDK 64-Bit Server VM (20.0.1+9-29, mixed mode, sharing, tiered, compressed oops, compressed class ptrs, g1 gc, windows-amd64)
# Problematic frame:
# C  [glass.dll+0x26ab7]
#
# No core dump will be written. Minidumps are not enabled by default on client versions of Windows
#
# If you would like to submit a bug report, please visit:
#   https://bugreport.java.com/bugreport/crash.jsp
#

---------------  S U M M A R Y ------------

Command Line: -javaagent:C:\Program Files\JetBrains\IntelliJ IDEA 2022.3.3\lib\idea_rt.jar=59185:C:\Program Files\JetBrains\IntelliJ IDEA 2022.3.3\bin -Dfile.encoding=UTF-8 -Dsun.stdout.encoding=UTF-8 -Dsun.stderr.encoding=UTF-8 --module-path=C:\Users\shara\.m2\repository\org\openjfx\javafx-graphics\17.0.2\javafx-graphics-17.0.2-win.jar;C:\Users\shara\IdeaProjects\Demo\target\classes;C:\Users\shara\.m2\repository\org\openjfx\javafx-controls\17.0.2\javafx-controls-17.0.2-win.jar;C:\Users\shara\.m2\repository\org\openjfx\javafx-base\17.0.2\javafx-base-17.0.2-win.jar;C:\Users\shara\.m2\repository\org\openjfx\javafx-fxml\17.0.2\javafx-fxml-17.0.2-win.jar -Djdk.module.main=sample.demo sample.demo/sample.demo.HelloApplication

Host: Intel(R) Core(TM) i7-8565U CPU @ 1.80GHz, 8 cores, 15G,  Windows 10 , 64 bit Build 19041 (10.0.19041.2788)
Time: Wed Jun  7 17:12:21 2023 Russia TZ 2 Standard Time elapsed time: 16.821030 seconds (0d 0h 0m 16s)

---------------  T H R E A D  ---------------

Current thread (0x0000019659838040):  VMThread "VM Thread" [stack: 0x00000007a2d00000,0x00000007a2e00000] [id=11256]

Stack: [0x00000007a2d00000,0x00000007a2e00000],  sp=0x00000007a2dff4b0,  free space=1021k
Native frames: (J=compiled Java code, j=interpreted, Vv=VM code, C=native code)
C  [glass.dll+0x26ab7]


siginfo: EXCEPTION_ACCESS_VIOLATION (0xc0000005), reading address 0x0000000000000000


Registers:
RAX=0x0000000000000000, RBX=0x000001965983ab70, RCX=0x0000019659838040, RDX=0x00000007a2dff4b0
RSP=0x00000007a2dff4b0, RBP=0x000001965e9243d8, RSI=0x000001965e9243b0, RDI=0x00000fe58a0c3c7b
R8 =0x0000000000010002, R9 =0x00000fe58a0c3c7b, R10=0x0000000000008000, R11=0x00000007a2dff440
R12=0x00007ffbe27f4384, R13=0x00007ffba21dea90, R14=0x00000007a2dff5a8, R15=0x000001965e9243b0
RIP=0x00007ffbe27f6ab7, EFLAGS=0x0000000000010202


Register to memory mapping:

RIP=0x00007ffbe27f6ab7 glass.dll
RAX=0x0 is NULL
RBX=0x000001965983ab70 is a global jni handle
RCX=0x0000019659838040 points into unknown readable memory: 0x00007ffba2007080 | 80 70 00 a2 fb 7f 00 00
RDX=0x00000007a2dff4b0 points into unknown readable memory: 0x0000000000000000 | 00 00 00 00 00 00 00 00
RSP=0x00000007a2dff4b0 points into unknown readable memory: 0x0000000000000000 | 00 00 00 00 00 00 00 00
RBP=0x000001965e9243d8 points into unknown readable memory: 0x00000fe58a0c3c7b | 7b 3c 0c 8a e5 0f 00 00
RSI=0x000001965e9243b0 points into unknown readable memory: 0xe0000c1a551fc58f | 8f c5 1f 55 1a 0c 00 e0
RDI=0x00000fe58a0c3c7b is an unknown value
R8 =0x0000000000010002 is an unknown value
R9 =0x00000fe58a0c3c7b is an unknown value
R10=0x0000000000008000 is an unknown value
R11=0x00000007a2dff440 points into unknown readable memory: 0x000001965e9243b0 | b0 43 92 5e 96 01 00 00
R12=0x00007ffbe27f4384 glass.dll
R13=0x00007ffba21dea90 jvm.dll
R14=0x00000007a2dff5a8 points into unknown readable memory: 0x00000007a2dff590 | 90 f5 df a2 07 00 00 00
R15=0x000001965e9243b0 points into unknown readable memory: 0xe0000c1a551fc58f | 8f c5 1f 55 1a 0c 00 e0


Top of Stack: (sp=0x00000007a2dff4b0)
0x00000007a2dff4b0:   0000000000000000 000001965e9243b0
0x00000007a2dff4c0:   00007ffba21dea90 00007ffbe27f4384
0x00000007a2dff4d0:   000001965e9243b8 00007ffc182b42d6
0x00000007a2dff4e0:   00000fe58a0c3c7b 0000019600000000
0x00000007a2dff4f0:   000001965e9243d8 000001965e9243b0
0x00000007a2dff500:   fffffffffffffffe 0000000000000000
0x00000007a2dff510:   0000000000000001 00007ffbe27d0000
0x00000007a2dff520:   00000007a2dff598 00007ffc182b41fb
0x00000007a2dff530:   0000000000000000 00000007a2dff5a8
0x00000007a2dff540:   00000007a2dff870 00007ffc18390e40
0x00000007a2dff550:   0000000000000001 00007ffc182b41b4
0x00000007a2dff560:   0000000000000000 0000000000000001
0x00000007a2dff570:   00007ffb00000001 00000007a2dff598
0x00000007a2dff580:   0000000000000000 00007ffbe27f4211
0x00000007a2dff590:   00007ffbe280a138 00007ffc00000002
0x00000007a2dff5a0:   0000000000000002 00000007a2dff590
0x00000007a2dff5b0:   0000000000000000 00007ffc1a389993
0x00000007a2dff5c0:   0000000000000000 00007ffbe27f4336
0x00000007a2dff5d0:   0000000000000001 0000000000000000
0x00000007a2dff5e0:   0000000000000000 0000000000000001
0x00000007a2dff5f0:   0000000000000000 0000000000000000
0x00000007a2dff600:   0000000000000001 0000d9e7aaecb69c
0x00000007a2dff610:   00007ffbe27d0000 000000007ffe0384
0x00000007a2dff620:   0000000000000000 00007ffc1a389a1d
0x00000007a2dff630:   00007ffbe27d0000 0000000000000000
0x00000007a2dff640:   0000000000000001 000000007ffe0385
0x00000007a2dff650:   0000000002360fb8 00000007a2dff870
0x00000007a2dff660:   0000d9e700000000 0000000000000014
0x00000007a2dff670:   0000000000000000 00007ffbe27f4384
0x00000007a2dff680:   00000000000003d8 000001965e149490
0x00000007a2dff690:   0000019659828f00 00007ffc1a3cdcec
0x00000007a2dff6a0:   000001965e149df0 00007ffbe27d0000 

Instructions: (pc=0x00007ffbe27f6ab7)
0x00007ffbe27f69b7:   8b 4d 58 e8 01 cf ff ff 48 8b 4d 60 e8 f8 ce ff
0x00007ffbe27f69c7:   ff 48 8b 95 80 00 00 00 48 8b 8d 18 01 00 00 e8
0x00007ffbe27f69d7:   c6 c3 ff ff 33 d2 33 c9 e8 3c e1 ff ff 90 48 89
0x00007ffbe27f69e7:   54 24 10 55 48 83 ec 20 48 8b ea 48 b8 00 00 00
0x00007ffbe27f69f7:   00 00 00 00 00 48 83 c4 20 5d c3 cc 40 55 48 8b
0x00007ffbe27f6a07:   ea 48 8b 01 33 c9 81 38 05 00 00 c0 0f 94 c1 8b
0x00007ffbe27f6a17:   c1 5d c3 cc 40 55 48 83 ec 20 48 8b ea 8a 4d 40
0x00007ffbe27f6a27:   48 83 c4 20 5d e9 f7 d2 ff ff cc 40 55 48 83 ec
0x00007ffbe27f6a37:   20 48 8b ea 8a 4d 20 e8 e5 d2 ff ff 90 48 83 c4
0x00007ffbe27f6a47:   20 5d c3 cc 40 55 48 83 ec 20 48 8b ea 48 83 c4
0x00007ffbe27f6a57:   20 5d e9 46 d1 ff ff cc 40 55 48 83 ec 30 48 8b
0x00007ffbe27f6a67:   ea 48 8b 01 8b 10 48 89 4c 24 28 89 54 24 20 4c
0x00007ffbe27f6a77:   8d 0d e7 d5 ff ff 4c 8b 45 70 8b 55 68 48 8b 4d
0x00007ffbe27f6a87:   60 e8 87 d0 ff ff 90 48 83 c4 30 5d c3 cc cc cc
0x00007ffbe27f6a97:   cc cc cc cc cc cc cc cc cc 40 53 48 83 ec 20 48
0x00007ffbe27f6aa7:   8b 1d 83 30 01 00 48 85 db 74 16 e8 09 8b ff ff
0x00007ffbe27f6ab7:   4c 8b 00 48 8b d3 48 8b c8 41 ff 90 b0 00 00 00
0x00007ffbe27f6ac7:   90 48 83 c4 20 5b c3 cc cc 40 53 48 83 ec 20 48
0x00007ffbe27f6ad7:   8b 1d fb 31 01 00 48 85 db 74 57 b8 ff ff ff ff
0x00007ffbe27f6ae7:   f0 0f c1 43 10 83 f8 01 75 3d 48 85 db 74 38 48
0x00007ffbe27f6af7:   8b 0b 48 85 c9 74 0d ff 15 a4 07 00 00 48 c7 03
0x00007ffbe27f6b07:   00 00 00 00 48 8b 4b 08 48 85 c9 74 0d e8 a7 cd
0x00007ffbe27f6b17:   ff ff 48 c7 43 08 00 00 00 00 ba 18 00 00 00 48
0x00007ffbe27f6b27:   8b cb e8 92 cd ff ff 48 c7 05 9f 31 01 00 00 00
0x00007ffbe27f6b37:   00 00 48 83 c4 20 5b c3 cc 40 53 48 83 ec 20 48
0x00007ffbe27f6b47:   8b 1d 6b 31 01 00 48 85 db 74 57 b8 ff ff ff ff
0x00007ffbe27f6b57:   f0 0f c1 43 10 83 f8 01 75 3d 48 85 db 74 38 48
0x00007ffbe27f6b67:   8b 0b 48 85 c9 74 0d ff 15 34 07 00 00 48 c7 03
0x00007ffbe27f6b77:   00 00 00 00 48 8b 4b 08 48 85 c9 74 0d e8 37 cd
0x00007ffbe27f6b87:   ff ff 48 c7 43 08 00 00 00 00 ba 18 00 00 00 48
0x00007ffbe27f6b97:   8b cb e8 22 cd ff ff 48 c7 05 0f 31 01 00 00 00
0x00007ffbe27f6ba7:   00 00 48 83 c4 20 5b c3 cc 40 53 48 83 ec 20 48 


Stack slot to memory mapping:
stack at sp + 0 slots: 0x0 is NULL
stack at sp + 1 slots: 0x000001965e9243b0 points into unknown readable memory: 0xe0000c1a551fc58f | 8f c5 1f 55 1a 0c 00 e0
stack at sp + 2 slots: 0x00007ffba21dea90 jvm.dll
stack at sp + 3 slots: 0x00007ffbe27f4384 glass.dll
stack at sp + 4 slots: 0x000001965e9243b8 points into unknown readable memory: 0x00000fe58a0c3c7b | 7b 3c 0c 8a e5 0f 00 00
stack at sp + 5 slots: 0x00007ffc182b42d6 ucrtbase.dll
stack at sp + 6 slots: 0x00000fe58a0c3c7b is an unknown value
stack at sp + 7 slots: 0x0000019600000000 is an unknown value

VM_Operation (0x00000007a37fee70): Exit, mode: safepoint, requested by thread 0x000001965f629c50


---------------  P R O C E S S  ---------------

Threads class SMR info:
_java_thread_list=0x000001965f5e9740, length=19, elements={
0x000001963a2db350, 0x00000196598540d0, 0x0000019659854c10, 0x0000019659857f40,
0x0000019659859990, 0x0000019659860310, 0x0000019659866f30, 0x000001965986f8c0,
0x000001965985edd0, 0x000001965985e330, 0x000001965985dde0, 0x000001965985e880,
0x000001965985fdc0, 0x0000019659860860, 0x000001965985f870, 0x000001965985d340,
0x000001965985d890, 0x000001965f628710, 0x000001965f629c50
}

Java Threads: ( => current thread )
  0x000001963a2db350 JavaThread "main" [_thread_blocked, id=24732, stack(0x00000007a2700000,0x00000007a2800000)]
  0x00000196598540d0 JavaThread "Reference Handler" daemon [_thread_blocked, id=29744, stack(0x00000007a2e00000,0x00000007a2f00000)]
  0x0000019659854c10 JavaThread "Finalizer" daemon [_thread_blocked, id=22264, stack(0x00000007a2f00000,0x00000007a3000000)]
  0x0000019659857f40 JavaThread "Attach Listener" daemon [_thread_blocked, id=18680, stack(0x00000007a3100000,0x00000007a3200000)]
  0x0000019659859990 JavaThread "Service Thread" daemon [_thread_blocked, id=31976, stack(0x00000007a3200000,0x00000007a3300000)]
  0x0000019659860310 JavaThread "Monitor Deflation Thread" daemon [_thread_blocked, id=15912, stack(0x00000007a3300000,0x00000007a3400000)]
  0x0000019659866f30 JavaThread "C2 CompilerThread0" daemon [_thread_blocked, id=21624, stack(0x00000007a3400000,0x00000007a3500000)]
  0x000001965986f8c0 JavaThread "C1 CompilerThread0" daemon [_thread_blocked, id=30164, stack(0x00000007a3500000,0x00000007a3600000)]
  0x000001965985edd0 JavaThread "Common-Cleaner" daemon [_thread_blocked, id=30116, stack(0x00000007a3600000,0x00000007a3700000)]
  0x000001965985e330 JavaThread "Monitor Ctrl-Break" daemon [_thread_in_native, id=4424, stack(0x00000007a3900000,0x00000007a3a00000)]
  0x000001965985dde0 JavaThread "Notification Thread" daemon [_thread_blocked, id=20864, stack(0x00000007a3a00000,0x00000007a3b00000)]
  0x000001965985e880 JavaThread "QuantumRenderer-0" daemon [_thread_blocked, id=33496, stack(0x00000007a3c00000,0x00000007a3d00000)]
  0x000001965985fdc0 JavaThread "InvokeLaterDispatcher" daemon [_thread_blocked, id=10956, stack(0x00000007a3d00000,0x00000007a3e00000)]
  0x0000019659860860 JavaThread "JavaFX Application Thread" [_thread_in_native, id=33272, stack(0x00000007a3e00000,0x00000007a3f00000)]
  0x000001965985f870 JavaThread "Thread-1" daemon [_thread_in_native, id=29996, stack(0x00000007a4200000,0x00000007a4300000)]
  0x000001965985d340 JavaThread "JavaFX-Launcher" [_thread_blocked, id=33348, stack(0x00000007a4300000,0x00000007a4400000)]
  0x000001965985d890 JavaThread "Prism Font Disposer" daemon [_thread_blocked, id=32392, stack(0x00000007a4c00000,0x00000007a4d00000)]
  0x000001965f628710 JavaThread "Cleaner-0" daemon [_thread_blocked, id=28936, stack(0x00000007a3800000,0x00000007a3900000)]
  0x000001965f629c50 JavaThread "SIGINT handler" daemon [_thread_blocked, id=32920, stack(0x00000007a3700000,0x00000007a3800000)]

Other Threads:
=>0x0000019659838040 VMThread "VM Thread" [stack: 0x00000007a2d00000,0x00000007a2e00000] [id=11256]
  0x000001963a349700 WorkerThread "GC Thread#0" [stack: 0x00000007a2800000,0x00000007a2900000] [id=14524]
  0x000001965dd0c680 WorkerThread "GC Thread#1" [stack: 0x00000007a4400000,0x00000007a4500000] [id=29152]
  0x000001965dd0bb40 WorkerThread "GC Thread#2" [stack: 0x00000007a4500000,0x00000007a4600000] [id=30444]
  0x000001965dd0be10 WorkerThread "GC Thread#3" [stack: 0x00000007a4600000,0x00000007a4700000] [id=8080]
  0x000001965dd0b5a0 WorkerThread "GC Thread#4" [stack: 0x00000007a4700000,0x00000007a4800000] [id=9032]
  0x000001965dd0c0e0 WorkerThread "GC Thread#5" [stack: 0x00000007a4800000,0x00000007a4900000] [id=11220]
  0x000001965dd0b870 WorkerThread "GC Thread#6" [stack: 0x00000007a5100000,0x00000007a5200000] [id=29816]
  0x000001965e842540 WorkerThread "GC Thread#7" [stack: 0x00000007a5200000,0x00000007a5300000] [id=11708]
  0x000001963a35a5b0 ConcurrentGCThread "G1 Main Marker" terminated
  0x000001963a35c790 WorkerThread "G1 Conc#0" [stack: 0x00000007a2a00000,0x00000007a2b00000] [id=23348]
  0x000001963a3ae5c0 ConcurrentGCThread "G1 Refine#0" terminated
  0x00000196596f2550 ConcurrentGCThread "G1 Service" terminated

Threads with active compile tasks:

VM state: at safepoint (shutting down)

VM Mutex/Monitor currently owned by a thread:  ([mutex/lock_event])
[0x000001963a2d6b20] Threads_lock - owner thread: 0x0000019659838040
[0x000001963a2d8080] Heap_lock - owner thread: 0x000001965f629c50

Heap address: 0x00000004d6a00000, size: 4064 MB, Compressed Oops mode: Zero based, Oop shift amount: 3

CDS archive(s) mapped at: [0x0000000800000000-0x0000000800c60000-0x0000000800c60000), size 12976128, SharedBaseAddress: 0x0000000800000000, ArchiveRelocationMode: 0.
Compressed class space mapped at: 0x0000000801000000-0x0000000841000000, reserved size: 1073741824
Narrow klass base: 0x0000000800000000, Narrow klass shift: 0, Narrow klass range: 0x100000000

GC Precious Log:
 CardTable entry size: 512
 Card Set container configuration: InlinePtr #cards 4 size 8 Array Of Cards #cards 16 size 48 Howl #buckets 8 coarsen threshold 3686 Howl Bitmap #cards 512 size 80 coarsen threshold 460 Card regions per heap region 1 cards per card region 4096
 CPUs: 8 total, 8 available
 Memory: 16254M
 Large Page Support: Disabled
 NUMA Support: Disabled
 Compressed Oops: Enabled (Zero based)
 Heap Region Size: 2M
 Heap Min Capacity: 8M
 Heap Initial Capacity: 254M
 Heap Max Capacity: 4064M
 Pre-touch: Disabled
 Parallel Workers: 8
 Concurrent Workers: 2
 Concurrent Refinement Workers: 8
 Periodic GC: Disabled

Heap:
 garbage-first heap   total 260096K, used 20329K [0x00000004d6a00000, 0x00000005d4a00000)
  region size 2048K, 9 young (18432K), 3 survivors (6144K)
 Metaspace       used 17221K, committed 17600K, reserved 1114112K
  class space    used 2470K, committed 2624K, reserved 1048576K

Heap Regions: E=young(eden), S=young(survivor), O=old, HS=humongous(starts), HC=humongous(continues), CS=collection set, F=free, OA=open archive, CA=closed archive, TAMS=top-at-mark-start, PB=parsable bottom
|   0|0x00000004d6a00000, 0x00000004d6c00000, 0x00000004d6c00000|100%|HS|  |TAMS 0x00000004d6a00000| PB 0x00000004d6a00000| Complete 
|   1|0x00000004d6c00000, 0x00000004d6dda600, 0x00000004d6e00000| 92%| O|  |TAMS 0x00000004d6c00000| PB 0x00000004d6c00000| Untracked 
|   2|0x00000004d6e00000, 0x00000004d6e00000, 0x00000004d7000000|  0%| F|  |TAMS 0x00000004d6e00000| PB 0x00000004d6e00000| Untracked 
|   3|0x00000004d7000000, 0x00000004d7000000, 0x00000004d7200000|  0%| F|  |TAMS 0x00000004d7000000| PB 0x00000004d7000000| Untracked 
|   4|0x00000004d7200000, 0x00000004d7200000, 0x00000004d7400000|  0%| F|  |TAMS 0x00000004d7200000| PB 0x00000004d7200000| Untracked 
|   5|0x00000004d7400000, 0x00000004d7400000, 0x00000004d7600000|  0%| F|  |TAMS 0x00000004d7400000| PB 0x00000004d7400000| Untracked 
|   6|0x00000004d7600000, 0x00000004d7600000, 0x00000004d7800000|  0%| F|  |TAMS 0x00000004d7600000| PB 0x00000004d7600000| Untracked 
|   7|0x00000004d7800000, 0x00000004d7800000, 0x00000004d7a00000|  0%| F|  |TAMS 0x00000004d7800000| PB 0x00000004d7800000| Untracked 
|   8|0x00000004d7a00000, 0x00000004d7a00000, 0x00000004d7c00000|  0%| F|  |TAMS 0x00000004d7a00000| PB 0x00000004d7a00000| Untracked 
|   9|0x00000004d7c00000, 0x00000004d7c00000, 0x00000004d7e00000|  0%| F|  |TAMS 0x00000004d7c00000| PB 0x00000004d7c00000| Untracked 
|  10|0x00000004d7e00000, 0x00000004d7e00000, 0x00000004d8000000|  0%| F|  |TAMS 0x00000004d7e00000| PB 0x00000004d7e00000| Untracked 
|  11|0x00000004d8000000, 0x00000004d8000000, 0x00000004d8200000|  0%| F|  |TAMS 0x00000004d8000000| PB 0x00000004d8000000| Untracked 
|  12|0x00000004d8200000, 0x00000004d8200000, 0x00000004d8400000|  0%| F|  |TAMS 0x00000004d8200000| PB 0x00000004d8200000| Untracked 
|  13|0x00000004d8400000, 0x00000004d8400000, 0x00000004d8600000|  0%| F|  |TAMS 0x00000004d8400000| PB 0x00000004d8400000| Untracked 
|  14|0x00000004d8600000, 0x00000004d8600000, 0x00000004d8800000|  0%| F|  |TAMS 0x00000004d8600000| PB 0x00000004d8600000| Untracked 
|  15|0x00000004d8800000, 0x00000004d8800000, 0x00000004d8a00000|  0%| F|  |TAMS 0x00000004d8800000| PB 0x00000004d8800000| Untracked 
|  16|0x00000004d8a00000, 0x00000004d8a00000, 0x00000004d8c00000|  0%| F|  |TAMS 0x00000004d8a00000| PB 0x00000004d8a00000| Untracked 
|  17|0x00000004d8c00000, 0x00000004d8c00000, 0x00000004d8e00000|  0%| F|  |TAMS 0x00000004d8c00000| PB 0x00000004d8c00000| Untracked 
|  18|0x00000004d8e00000, 0x00000004d8e00000, 0x00000004d9000000|  0%| F|  |TAMS 0x00000004d8e00000| PB 0x00000004d8e00000| Untracked 
|  19|0x00000004d9000000, 0x00000004d9000000, 0x00000004d9200000|  0%| F|  |TAMS 0x00000004d9000000| PB 0x00000004d9000000| Untracked 
|  20|0x00000004d9200000, 0x00000004d9200000, 0x00000004d9400000|  0%| F|  |TAMS 0x00000004d9200000| PB 0x00000004d9200000| Untracked 
|  21|0x00000004d9400000, 0x00000004d9400000, 0x00000004d9600000|  0%| F|  |TAMS 0x00000004d9400000| PB 0x00000004d9400000| Untracked 
|  22|0x00000004d9600000, 0x00000004d9600000, 0x00000004d9800000|  0%| F|  |TAMS 0x00000004d9600000| PB 0x00000004d9600000| Untracked 
|  23|0x00000004d9800000, 0x00000004d9800000, 0x00000004d9a00000|  0%| F|  |TAMS 0x00000004d9800000| PB 0x00000004d9800000| Untracked 
|  24|0x00000004d9a00000, 0x00000004d9a00000, 0x00000004d9c00000|  0%| F|  |TAMS 0x00000004d9a00000| PB 0x00000004d9a00000| Untracked 
|  25|0x00000004d9c00000, 0x00000004d9c00000, 0x00000004d9e00000|  0%| F|  |TAMS 0x00000004d9c00000| PB 0x00000004d9c00000| Untracked 
|  26|0x00000004d9e00000, 0x00000004d9e00000, 0x00000004da000000|  0%| F|  |TAMS 0x00000004d9e00000| PB 0x00000004d9e00000| Untracked 
|  27|0x00000004da000000, 0x00000004da000000, 0x00000004da200000|  0%| F|  |TAMS 0x00000004da000000| PB 0x00000004da000000| Untracked 
|  28|0x00000004da200000, 0x00000004da200000, 0x00000004da400000|  0%| F|  |TAMS 0x00000004da200000| PB 0x00000004da200000| Untracked 
|  29|0x00000004da400000, 0x00000004da400000, 0x00000004da600000|  0%| F|  |TAMS 0x00000004da400000| PB 0x00000004da400000| Untracked 
|  30|0x00000004da600000, 0x00000004da600000, 0x00000004da800000|  0%| F|  |TAMS 0x00000004da600000| PB 0x00000004da600000| Untracked 
|  31|0x00000004da800000, 0x00000004da800000, 0x00000004daa00000|  0%| F|  |TAMS 0x00000004da800000| PB 0x00000004da800000| Untracked 
|  32|0x00000004daa00000, 0x00000004daa00000, 0x00000004dac00000|  0%| F|  |TAMS 0x00000004daa00000| PB 0x00000004daa00000| Untracked 
|  33|0x00000004dac00000, 0x00000004dac00000, 0x00000004dae00000|  0%| F|  |TAMS 0x00000004dac00000| PB 0x00000004dac00000| Untracked 
|  34|0x00000004dae00000, 0x00000004dae00000, 0x00000004db000000|  0%| F|  |TAMS 0x00000004dae00000| PB 0x00000004dae00000| Untracked 
|  35|0x00000004db000000, 0x00000004db000000, 0x00000004db200000|  0%| F|  |TAMS 0x00000004db000000| PB 0x00000004db000000| Untracked 
|  36|0x00000004db200000, 0x00000004db200000, 0x00000004db400000|  0%| F|  |TAMS 0x00000004db200000| PB 0x00000004db200000| Untracked 
|  37|0x00000004db400000, 0x00000004db400000, 0x00000004db600000|  0%| F|  |TAMS 0x00000004db400000| PB 0x00000004db400000| Untracked 
|  38|0x00000004db600000, 0x00000004db600000, 0x00000004db800000|  0%| F|  |TAMS 0x00000004db600000| PB 0x00000004db600000| Untracked 
|  39|0x00000004db800000, 0x00000004db800000, 0x00000004dba00000|  0%| F|  |TAMS 0x00000004db800000| PB 0x00000004db800000| Untracked 
|  40|0x00000004dba00000, 0x00000004dba00000, 0x00000004dbc00000|  0%| F|  |TAMS 0x00000004dba00000| PB 0x00000004dba00000| Untracked 
|  41|0x00000004dbc00000, 0x00000004dbc00000, 0x00000004dbe00000|  0%| F|  |TAMS 0x00000004dbc00000| PB 0x00000004dbc00000| Untracked 
|  42|0x00000004dbe00000, 0x00000004dbe00000, 0x00000004dc000000|  0%| F|  |TAMS 0x00000004dbe00000| PB 0x00000004dbe00000| Untracked 
|  43|0x00000004dc000000, 0x00000004dc000000, 0x00000004dc200000|  0%| F|  |TAMS 0x00000004dc000000| PB 0x00000004dc000000| Untracked 
|  44|0x00000004dc200000, 0x00000004dc200000, 0x00000004dc400000|  0%| F|  |TAMS 0x00000004dc200000| PB 0x00000004dc200000| Untracked 
|  45|0x00000004dc400000, 0x00000004dc400000, 0x00000004dc600000|  0%| F|  |TAMS 0x00000004dc400000| PB 0x00000004dc400000| Untracked 
|  46|0x00000004dc600000, 0x00000004dc600000, 0x00000004dc800000|  0%| F|  |TAMS 0x00000004dc600000| PB 0x00000004dc600000| Untracked 
|  47|0x00000004dc800000, 0x00000004dc800000, 0x00000004dca00000|  0%| F|  |TAMS 0x00000004dc800000| PB 0x00000004dc800000| Untracked 
|  48|0x00000004dca00000, 0x00000004dca00000, 0x00000004dcc00000|  0%| F|  |TAMS 0x00000004dca00000| PB 0x00000004dca00000| Untracked 
|  49|0x00000004dcc00000, 0x00000004dcc00000, 0x00000004dce00000|  0%| F|  |TAMS 0x00000004dcc00000| PB 0x00000004dcc00000| Untracked 
|  50|0x00000004dce00000, 0x00000004dce00000, 0x00000004dd000000|  0%| F|  |TAMS 0x00000004dce00000| PB 0x00000004dce00000| Untracked 
|  51|0x00000004dd000000, 0x00000004dd000000, 0x00000004dd200000|  0%| F|  |TAMS 0x00000004dd000000| PB 0x00000004dd000000| Untracked 
|  52|0x00000004dd200000, 0x00000004dd200000, 0x00000004dd400000|  0%| F|  |TAMS 0x00000004dd200000| PB 0x00000004dd200000| Untracked 
|  53|0x00000004dd400000, 0x00000004dd400000, 0x00000004dd600000|  0%| F|  |TAMS 0x00000004dd400000| PB 0x00000004dd400000| Untracked 
|  54|0x00000004dd600000, 0x00000004dd600000, 0x00000004dd800000|  0%| F|  |TAMS 0x00000004dd600000| PB 0x00000004dd600000| Untracked 
|  55|0x00000004dd800000, 0x00000004dd800000, 0x00000004dda00000|  0%| F|  |TAMS 0x00000004dd800000| PB 0x00000004dd800000| Untracked 
|  56|0x00000004dda00000, 0x00000004dda00000, 0x00000004ddc00000|  0%| F|  |TAMS 0x00000004dda00000| PB 0x00000004dda00000| Untracked 
|  57|0x00000004ddc00000, 0x00000004ddc00000, 0x00000004dde00000|  0%| F|  |TAMS 0x00000004ddc00000| PB 0x00000004ddc00000| Untracked 
|  58|0x00000004dde00000, 0x00000004dde00000, 0x00000004de000000|  0%| F|  |TAMS 0x00000004dde00000| PB 0x00000004dde00000| Untracked 
|  59|0x00000004de000000, 0x00000004de000000, 0x00000004de200000|  0%| F|  |TAMS 0x00000004de000000| PB 0x00000004de000000| Untracked 
|  60|0x00000004de200000, 0x00000004de200000, 0x00000004de400000|  0%| F|  |TAMS 0x00000004de200000| PB 0x00000004de200000| Untracked 
|  61|0x00000004de400000, 0x00000004de400000, 0x00000004de600000|  0%| F|  |TAMS 0x00000004de400000| PB 0x00000004de400000| Untracked 
|  62|0x00000004de600000, 0x00000004de600000, 0x00000004de800000|  0%| F|  |TAMS 0x00000004de600000| PB 0x00000004de600000| Untracked 
|  63|0x00000004de800000, 0x00000004de800000, 0x00000004dea00000|  0%| F|  |TAMS 0x00000004de800000| PB 0x00000004de800000| Untracked 
|  64|0x00000004dea00000, 0x00000004dea00000, 0x00000004dec00000|  0%| F|  |TAMS 0x00000004dea00000| PB 0x00000004dea00000| Untracked 
|  65|0x00000004dec00000, 0x00000004dec00000, 0x00000004dee00000|  0%| F|  |TAMS 0x00000004dec00000| PB 0x00000004dec00000| Untracked 
|  66|0x00000004dee00000, 0x00000004dee00000, 0x00000004df000000|  0%| F|  |TAMS 0x00000004dee00000| PB 0x00000004dee00000| Untracked 
|  67|0x00000004df000000, 0x00000004df000000, 0x00000004df200000|  0%| F|  |TAMS 0x00000004df000000| PB 0x00000004df000000| Untracked 
|  68|0x00000004df200000, 0x00000004df200000, 0x00000004df400000|  0%| F|  |TAMS 0x00000004df200000| PB 0x00000004df200000| Untracked 
|  69|0x00000004df400000, 0x00000004df400000, 0x00000004df600000|  0%| F|  |TAMS 0x00000004df400000| PB 0x00000004df400000| Untracked 
|  70|0x00000004df600000, 0x00000004df600000, 0x00000004df800000|  0%| F|  |TAMS 0x00000004df600000| PB 0x00000004df600000| Untracked 
|  71|0x00000004df800000, 0x00000004df800000, 0x00000004dfa00000|  0%| F|  |TAMS 0x00000004df800000| PB 0x00000004df800000| Untracked 
|  72|0x00000004dfa00000, 0x00000004dfa00000, 0x00000004dfc00000|  0%| F|  |TAMS 0x00000004dfa00000| PB 0x00000004dfa00000| Untracked 
|  73|0x00000004dfc00000, 0x00000004dfc00000, 0x00000004dfe00000|  0%| F|  |TAMS 0x00000004dfc00000| PB 0x00000004dfc00000| Untracked 
|  74|0x00000004dfe00000, 0x00000004dfe00000, 0x00000004e0000000|  0%| F|  |TAMS 0x00000004dfe00000| PB 0x00000004dfe00000| Untracked 
|  75|0x00000004e0000000, 0x00000004e0000000, 0x00000004e0200000|  0%| F|  |TAMS 0x00000004e0000000| PB 0x00000004e0000000| Untracked 
|  76|0x00000004e0200000, 0x00000004e0200000, 0x00000004e0400000|  0%| F|  |TAMS 0x00000004e0200000| PB 0x00000004e0200000| Untracked 
|  77|0x00000004e0400000, 0x00000004e0400000, 0x00000004e0600000|  0%| F|  |TAMS 0x00000004e0400000| PB 0x00000004e0400000| Untracked 
|  78|0x00000004e0600000, 0x00000004e0600000, 0x00000004e0800000|  0%| F|  |TAMS 0x00000004e0600000| PB 0x00000004e0600000| Untracked 
|  79|0x00000004e0800000, 0x00000004e0800000, 0x00000004e0a00000|  0%| F|  |TAMS 0x00000004e0800000| PB 0x00000004e0800000| Untracked 
|  80|0x00000004e0a00000, 0x00000004e0a00000, 0x00000004e0c00000|  0%| F|  |TAMS 0x00000004e0a00000| PB 0x00000004e0a00000| Untracked 
|  81|0x00000004e0c00000, 0x00000004e0c00000, 0x00000004e0e00000|  0%| F|  |TAMS 0x00000004e0c00000| PB 0x00000004e0c00000| Untracked 
|  82|0x00000004e0e00000, 0x00000004e0e00000, 0x00000004e1000000|  0%| F|  |TAMS 0x00000004e0e00000| PB 0x00000004e0e00000| Untracked 
|  83|0x00000004e1000000, 0x00000004e1000000, 0x00000004e1200000|  0%| F|  |TAMS 0x00000004e1000000| PB 0x00000004e1000000| Untracked 
|  84|0x00000004e1200000, 0x00000004e1200000, 0x00000004e1400000|  0%| F|  |TAMS 0x00000004e1200000| PB 0x00000004e1200000| Untracked 
|  85|0x00000004e1400000, 0x00000004e1400000, 0x00000004e1600000|  0%| F|  |TAMS 0x00000004e1400000| PB 0x00000004e1400000| Untracked 
|  86|0x00000004e1600000, 0x00000004e1600000, 0x00000004e1800000|  0%| F|  |TAMS 0x00000004e1600000| PB 0x00000004e1600000| Untracked 
|  87|0x00000004e1800000, 0x00000004e1800000, 0x00000004e1a00000|  0%| F|  |TAMS 0x00000004e1800000| PB 0x00000004e1800000| Untracked 
|  88|0x00000004e1a00000, 0x00000004e1a00000, 0x00000004e1c00000|  0%| F|  |TAMS 0x00000004e1a00000| PB 0x00000004e1a00000| Untracked 
|  89|0x00000004e1c00000, 0x00000004e1c00000, 0x00000004e1e00000|  0%| F|  |TAMS 0x00000004e1c00000| PB 0x00000004e1c00000| Untracked 
|  90|0x00000004e1e00000, 0x00000004e1e00000, 0x00000004e2000000|  0%| F|  |TAMS 0x00000004e1e00000| PB 0x00000004e1e00000| Untracked 
|  91|0x00000004e2000000, 0x00000004e2000000, 0x00000004e2200000|  0%| F|  |TAMS 0x00000004e2000000| PB 0x00000004e2000000| Untracked 
|  92|0x00000004e2200000, 0x00000004e2200000, 0x00000004e2400000|  0%| F|  |TAMS 0x00000004e2200000| PB 0x00000004e2200000| Untracked 
|  93|0x00000004e2400000, 0x00000004e2400000, 0x00000004e2600000|  0%| F|  |TAMS 0x00000004e2400000| PB 0x00000004e2400000| Untracked 
|  94|0x00000004e2600000, 0x00000004e2600000, 0x00000004e2800000|  0%| F|  |TAMS 0x00000004e2600000| PB 0x00000004e2600000| Untracked 
|  95|0x00000004e2800000, 0x00000004e2800000, 0x00000004e2a00000|  0%| F|  |TAMS 0x00000004e2800000| PB 0x00000004e2800000| Untracked 
|  96|0x00000004e2a00000, 0x00000004e2a00000, 0x00000004e2c00000|  0%| F|  |TAMS 0x00000004e2a00000| PB 0x00000004e2a00000| Untracked 
|  97|0x00000004e2c00000, 0x00000004e2c00000, 0x00000004e2e00000|  0%| F|  |TAMS 0x00000004e2c00000| PB 0x00000004e2c00000| Untracked 
|  98|0x00000004e2e00000, 0x00000004e2e00000, 0x00000004e3000000|  0%| F|  |TAMS 0x00000004e2e00000| PB 0x00000004e2e00000| Untracked 
|  99|0x00000004e3000000, 0x00000004e3000000, 0x00000004e3200000|  0%| F|  |TAMS 0x00000004e3000000| PB 0x00000004e3000000| Untracked 
| 100|0x00000004e3200000, 0x00000004e3200000, 0x00000004e3400000|  0%| F|  |TAMS 0x00000004e3200000| PB 0x00000004e3200000| Untracked 
| 101|0x00000004e3400000, 0x00000004e3400000, 0x00000004e3600000|  0%| F|  |TAMS 0x00000004e3400000| PB 0x00000004e3400000| Untracked 
| 102|0x00000004e3600000, 0x00000004e3600000, 0x00000004e3800000|  0%| F|  |TAMS 0x00000004e3600000| PB 0x00000004e3600000| Untracked 
| 103|0x00000004e3800000, 0x00000004e3a00000, 0x00000004e3a00000|100%| S|CS|TAMS 0x00000004e3800000| PB 0x00000004e3800000| Complete 
| 104|0x00000004e3a00000, 0x00000004e3c00000, 0x00000004e3c00000|100%| S|CS|TAMS 0x00000004e3a00000| PB 0x00000004e3a00000| Complete 
| 105|0x00000004e3c00000, 0x00000004e3e00000, 0x00000004e3e00000|100%| S|CS|TAMS 0x00000004e3c00000| PB 0x00000004e3c00000| Complete 
| 106|0x00000004e3e00000, 0x00000004e3e00000, 0x00000004e4000000|  0%| F|  |TAMS 0x00000004e3e00000| PB 0x00000004e3e00000| Untracked 
| 107|0x00000004e4000000, 0x00000004e4000000, 0x00000004e4200000|  0%| F|  |TAMS 0x00000004e4000000| PB 0x00000004e4000000| Untracked 
| 108|0x00000004e4200000, 0x00000004e4200000, 0x00000004e4400000|  0%| F|  |TAMS 0x00000004e4200000| PB 0x00000004e4200000| Untracked 
| 109|0x00000004e4400000, 0x00000004e4400000, 0x00000004e4600000|  0%| F|  |TAMS 0x00000004e4400000| PB 0x00000004e4400000| Untracked 
| 110|0x00000004e4600000, 0x00000004e4600000, 0x00000004e4800000|  0%| F|  |TAMS 0x00000004e4600000| PB 0x00000004e4600000| Untracked 
| 111|0x00000004e4800000, 0x00000004e4800000, 0x00000004e4a00000|  0%| F|  |TAMS 0x00000004e4800000| PB 0x00000004e4800000| Untracked 
| 112|0x00000004e4a00000, 0x00000004e4a00000, 0x00000004e4c00000|  0%| F|  |TAMS 0x00000004e4a00000| PB 0x00000004e4a00000| Untracked 
| 113|0x00000004e4c00000, 0x00000004e4c00000, 0x00000004e4e00000|  0%| F|  |TAMS 0x00000004e4c00000| PB 0x00000004e4c00000| Untracked 
| 114|0x00000004e4e00000, 0x00000004e4e00000, 0x00000004e5000000|  0%| F|  |TAMS 0x00000004e4e00000| PB 0x00000004e4e00000| Untracked 
| 115|0x00000004e5000000, 0x00000004e5000000, 0x00000004e5200000|  0%| F|  |TAMS 0x00000004e5000000| PB 0x00000004e5000000| Untracked 
| 116|0x00000004e5200000, 0x00000004e5200000, 0x00000004e5400000|  0%| F|  |TAMS 0x00000004e5200000| PB 0x00000004e5200000| Untracked 
| 117|0x00000004e5400000, 0x00000004e5400000, 0x00000004e5600000|  0%| F|  |TAMS 0x00000004e5400000| PB 0x00000004e5400000| Untracked 
| 118|0x00000004e5600000, 0x00000004e5600000, 0x00000004e5800000|  0%| F|  |TAMS 0x00000004e5600000| PB 0x00000004e5600000| Untracked 
| 119|0x00000004e5800000, 0x00000004e5800000, 0x00000004e5a00000|  0%| F|  |TAMS 0x00000004e5800000| PB 0x00000004e5800000| Untracked 
| 120|0x00000004e5a00000, 0x00000004e5a00000, 0x00000004e5c00000|  0%| F|  |TAMS 0x00000004e5a00000| PB 0x00000004e5a00000| Untracked 
| 121|0x00000004e5c00000, 0x00000004e5ca5280, 0x00000004e5e00000| 32%| E|  |TAMS 0x00000004e5c00000| PB 0x00000004e5c00000| Complete 
| 122|0x00000004e5e00000, 0x00000004e6000000, 0x00000004e6000000|100%| E|CS|TAMS 0x00000004e5e00000| PB 0x00000004e5e00000| Complete 
| 123|0x00000004e6000000, 0x00000004e6200000, 0x00000004e6200000|100%| E|CS|TAMS 0x00000004e6000000| PB 0x00000004e6000000| Complete 
| 124|0x00000004e6200000, 0x00000004e6400000, 0x00000004e6400000|100%| E|CS|TAMS 0x00000004e6200000| PB 0x00000004e6200000| Complete 
| 125|0x00000004e6400000, 0x00000004e6600000, 0x00000004e6600000|100%| E|CS|TAMS 0x00000004e6400000| PB 0x00000004e6400000| Complete 
| 126|0x00000004e6600000, 0x00000004e6800000, 0x00000004e6800000|100%| E|CS|TAMS 0x00000004e6600000| PB 0x00000004e6600000| Complete 

Card table byte_map: [0x0000019651ed0000,0x00000196526c0000] _byte_map_base: 0x000001964f81b000

Marking Bits: (CMBitMap*) 0x000001963a349d30
 Bits: [0x0000019652eb0000, 0x0000019656e30000)

Polling page: 0x0000019638240000

Metaspace:

Usage:
  Non-class:     14.41 MB used.
      Class:      2.41 MB used.
       Both:     16.82 MB used.

Virtual space:
  Non-class space:       64.00 MB reserved,      14.62 MB ( 23%) committed,  1 nodes.
      Class space:        1.00 GB reserved,       2.56 MB ( <1%) committed,  1 nodes.
             Both:        1.06 GB reserved,      17.19 MB (  2%) committed. 

Chunk freelists:
   Non-Class:  1.09 MB
       Class:  1.42 MB
        Both:  2.51 MB

MaxMetaspaceSize: unlimited
CompressedClassSpaceSize: 1.00 GB
Initial GC threshold: 21.00 MB
Current GC threshold: 21.00 MB
CDS: on
MetaspaceReclaimPolicy: balanced
 - commit_granule_bytes: 65536.
 - commit_granule_words: 8192.
 - virtual_space_node_default_size: 8388608.
 - enlarge_chunks_in_place: 1.
 - new_chunks_are_fully_committed: 0.
 - uncommit_free_chunks: 1.
 - use_allocation_guard: 0.


Internal statistics:

num_allocs_failed_limit: 0.
num_arena_births: 388.
num_arena_deaths: 0.
num_vsnodes_births: 2.
num_vsnodes_deaths: 0.
num_space_committed: 275.
num_space_uncommitted: 0.
num_chunks_returned_to_freelist: 0.
num_chunks_taken_from_freelist: 965.
num_chunk_merges: 0.
num_chunk_splits: 645.
num_chunks_enlarged: 460.
num_inconsistent_stats: 0.

CodeHeap 'non-profiled nmethods': size=120000Kb used=1243Kb max_used=1243Kb free=118756Kb
 bounds [0x0000019649e70000, 0x000001964a0e0000, 0x00000196513a0000]
CodeHeap 'profiled nmethods': size=120000Kb used=5367Kb max_used=5367Kb free=114632Kb
 bounds [0x00000196423a0000, 0x00000196428e0000, 0x00000196498d0000]
CodeHeap 'non-nmethods': size=5760Kb used=1854Kb max_used=1933Kb free=3906Kb
 bounds [0x00000196498d0000, 0x0000019649b40000, 0x0000019649e70000]
 total_blobs=3620 nmethods=2805 adapters=724
 compilation: enabled
              stopped_count=0, restarted_count=0
 full_count=0

Compilation events (20 events):
Event: 13.556 Thread 0x000001965986f8c0 2798       3       com.sun.javafx.event.EventRedirector::redirectEvent (97 bytes)
Event: 13.556 Thread 0x000001965986f8c0 nmethod 2798 0x00000196428d6610 code [0x00000196428d6860, 0x00000196428d7370]
Event: 13.556 Thread 0x000001965986f8c0 2799       3       java.util.concurrent.CopyOnWriteArrayList::isEmpty (13 bytes)
Event: 13.556 Thread 0x000001965986f8c0 nmethod 2799 0x00000196428d7690 code [0x00000196428d7820, 0x00000196428d7a20]
Event: 13.556 Thread 0x000001965986f8c0 2800       3       com.sun.javafx.event.BasicEventDispatcher::dispatchCapturingEvent (2 bytes)
Event: 13.556 Thread 0x000001965986f8c0 nmethod 2800 0x00000196428d7b10 code [0x00000196428d7ca0, 0x00000196428d7db0]
Event: 13.651 Thread 0x000001965986f8c0 2801       3       com.sun.javafx.tk.quantum.QuantumRenderer::checkRendererIdle (147 bytes)
Event: 13.651 Thread 0x000001965986f8c0 nmethod 2801 0x00000196428d7e90 code [0x00000196428d8020, 0x00000196428d8140]
Event: 13.843 Thread 0x0000019659866f30 2802       4       java.lang.Double::isNaN (12 bytes)
Event: 13.843 Thread 0x000001965986f8c0 2803       3       com.sun.javafx.stage.WindowCloseRequestHandler::dispatchBubblingEvent (23 bytes)
Event: 13.843 Thread 0x0000019659866f30 nmethod 2802 0x0000019649fa6b90 code [0x0000019649fa6d00, 0x0000019649fa6d70]
Event: 13.843 Thread 0x000001965986f8c0 nmethod 2803 0x00000196428d8210 code [0x00000196428d83c0, 0x00000196428d8798]
Event: 13.843 Thread 0x000001965986f8c0 2804       3       com.sun.javafx.event.BasicEventDispatcher::dispatchBubblingEvent (2 bytes)
Event: 13.843 Thread 0x000001965986f8c0 nmethod 2804 0x00000196428d8910 code [0x00000196428d8aa0, 0x00000196428d8bb0]
Event: 14.019 Thread 0x000001965986f8c0 2805       3       com.sun.javafx.scene.KeyboardShortcutsHandler::dispatchBubblingEvent (60 bytes)
Event: 14.019 Thread 0x000001965986f8c0 nmethod 2805 0x00000196428d8c90 code [0x00000196428d8e60, 0x00000196428d9560]
Event: 14.027 Thread 0x000001965986f8c0 2806       3       com.sun.javafx.tk.quantum.QuantumToolkit::isSupported (142 bytes)
Event: 14.027 Thread 0x000001965986f8c0 nmethod 2806 0x00000196428d9690 code [0x00000196428d99a0, 0x00000196428daaf0]
Event: 14.043 Thread 0x000001965986f8c0 2807       3       javafx.scene.Node::preprocessMouseEvent (114 bytes)
Event: 14.044 Thread 0x000001965986f8c0 nmethod 2807 0x00000196428db090 code [0x00000196428db440, 0x00000196428dd4b0]

GC Heap History (4 events):
Event: 0.603 GC heap before
{Heap before GC invocations=0 (full 0):
 garbage-first heap   total 260096K, used 20480K [0x00000004d6a00000, 0x00000005d4a00000)
  region size 2048K, 11 young (22528K), 0 survivors (0K)
 Metaspace       used 5243K, committed 5440K, reserved 1114112K
  class space    used 608K, committed 704K, reserved 1048576K
}
Event: 0.606 GC heap after
{Heap after GC invocations=1 (full 0):
 garbage-first heap   total 260096K, used 2645K [0x00000004d6a00000, 0x00000005d4a00000)
  region size 2048K, 2 young (4096K), 2 survivors (4096K)
 Metaspace       used 5243K, committed 5440K, reserved 1114112K
  class space    used 608K, committed 704K, reserved 1048576K
}
Event: 9.035 GC heap before
{Heap before GC invocations=1 (full 0):
 garbage-first heap   total 260096K, used 41557K [0x00000004d6a00000, 0x00000005d4a00000)
  region size 2048K, 21 young (43008K), 2 survivors (4096K)
 Metaspace       used 15788K, committed 16128K, reserved 1114112K
  class space    used 2180K, committed 2304K, reserved 1048576K
}
Event: 9.042 GC heap after
{Heap after GC invocations=2 (full 0):
 garbage-first heap   total 260096K, used 10089K [0x00000004d6a00000, 0x00000005d4a00000)
  region size 2048K, 3 young (6144K), 3 survivors (6144K)
 Metaspace       used 15788K, committed 16128K, reserved 1114112K
  class space    used 2180K, committed 2304K, reserved 1048576K
}

Dll operation events (20 events):
Event: 0.370 Loaded shared library C:\Users\shara\.openjfx\cache\17.0.2-ea\api-ms-win-crt-filesystem-l1-1-0.dll
Event: 0.372 Loaded shared library C:\Users\shara\.openjfx\cache\17.0.2-ea\api-ms-win-crt-heap-l1-1-0.dll
Event: 0.375 Loaded shared library C:\Users\shara\.openjfx\cache\17.0.2-ea\api-ms-win-crt-locale-l1-1-0.dll
Event: 0.378 Loaded shared library C:\Users\shara\.openjfx\cache\17.0.2-ea\api-ms-win-crt-math-l1-1-0.dll
Event: 0.381 Loaded shared library C:\Users\shara\.openjfx\cache\17.0.2-ea\api-ms-win-crt-multibyte-l1-1-0.dll
Event: 0.384 Loaded shared library C:\Users\shara\.openjfx\cache\17.0.2-ea\api-ms-win-crt-private-l1-1-0.dll
Event: 0.386 Loaded shared library C:\Users\shara\.openjfx\cache\17.0.2-ea\api-ms-win-crt-process-l1-1-0.dll
Event: 0.389 Loaded shared library C:\Users\shara\.openjfx\cache\17.0.2-ea\api-ms-win-crt-runtime-l1-1-0.dll
Event: 0.392 Loaded shared library C:\Users\shara\.openjfx\cache\17.0.2-ea\api-ms-win-crt-stdio-l1-1-0.dll
Event: 0.394 Loaded shared library C:\Users\shara\.openjfx\cache\17.0.2-ea\api-ms-win-crt-string-l1-1-0.dll
Event: 0.397 Loaded shared library C:\Users\shara\.openjfx\cache\17.0.2-ea\api-ms-win-crt-time-l1-1-0.dll
Event: 0.400 Loaded shared library C:\Users\shara\.openjfx\cache\17.0.2-ea\api-ms-win-crt-utility-l1-1-0.dll
Event: 0.414 Loaded shared library C:\Users\shara\.openjfx\cache\17.0.2-ea\ucrtbase.dll
Event: 0.418 Loaded shared library C:\Users\shara\.openjfx\cache\17.0.2-ea\vcruntime140.dll
Event: 0.421 Loaded shared library C:\Users\shara\.openjfx\cache\17.0.2-ea\vcruntime140_1.dll
Event: 0.429 Loaded shared library C:\Users\shara\.openjfx\cache\17.0.2-ea\msvcp140.dll
Event: 0.460 Loaded shared library C:\Users\shara\.openjfx\cache\17.0.2-ea\prism_d3d.dll
Event: 0.490 Loaded shared library C:\Users\shara\.openjfx\cache\17.0.2-ea\glass.dll
Event: 0.591 Loaded shared library C:\Users\shara\.jdks\openjdk-20.0.1\bin\jimage.dll
Event: 0.801 Loaded shared library C:\Users\shara\.openjfx\cache\17.0.2-ea\javafx_font.dll

Deoptimization events (20 events):
Event: 9.026 Thread 0x0000019659860860 Uncommon trap: trap_request=0xffffffde fr.pc=0x0000019649f5507c relative=0x0000000000002c7c
Event: 9.026 Thread 0x0000019659860860 Uncommon trap: reason=class_check action=maybe_recompile pc=0x0000019649f5507c method=com.sun.javafx.css.StyleMap.getCascadingStyles()Ljava/util/Map; @ 77 c2
Event: 9.026 Thread 0x0000019659860860 DEOPT PACKING pc=0x0000019649f5507c sp=0x00000007a3ef97f0
Event: 9.026 Thread 0x0000019659860860 DEOPT UNPACKING pc=0x0000019649939d22 sp=0x00000007a3ef97d8 mode 2
Event: 9.027 Thread 0x0000019659860860 Uncommon trap: trap_request=0xffffffde fr.pc=0x0000019649f5507c relative=0x0000000000002c7c
Event: 9.027 Thread 0x0000019659860860 Uncommon trap: reason=class_check action=maybe_recompile pc=0x0000019649f5507c method=com.sun.javafx.css.StyleMap.getCascadingStyles()Ljava/util/Map; @ 77 c2
Event: 9.027 Thread 0x0000019659860860 DEOPT PACKING pc=0x0000019649f5507c sp=0x00000007a3ef9640
Event: 9.027 Thread 0x0000019659860860 DEOPT UNPACKING pc=0x0000019649939d22 sp=0x00000007a3ef9628 mode 2
Event: 9.240 Thread 0x0000019659860860 Uncommon trap: trap_request=0xffffff45 fr.pc=0x0000019649edb5cc relative=0x00000000000004ac
Event: 9.240 Thread 0x0000019659860860 Uncommon trap: reason=unstable_if action=reinterpret pc=0x0000019649edb5cc method=java.lang.String.substring(II)Ljava/lang/String; @ 31 c2
Event: 9.240 Thread 0x0000019659860860 DEOPT PACKING pc=0x0000019649edb5cc sp=0x00000007a3ef9da0
Event: 9.240 Thread 0x0000019659860860 DEOPT UNPACKING pc=0x0000019649939d22 sp=0x00000007a3ef9d70 mode 2
Event: 9.240 Thread 0x0000019659860860 Uncommon trap: trap_request=0xffffff45 fr.pc=0x0000019649f5c5a4 relative=0x0000000000000124
Event: 9.241 Thread 0x0000019659860860 Uncommon trap: reason=unstable_if action=reinterpret pc=0x0000019649f5c5a4 method=java.lang.StringConcatHelper.prepend(J[BLjava/lang/String;)J @ 13 c2
Event: 9.241 Thread 0x0000019659860860 DEOPT PACKING pc=0x0000019649f5c5a4 sp=0x00000007a3ef9b80
Event: 9.241 Thread 0x0000019659860860 DEOPT UNPACKING pc=0x0000019649939d22 sp=0x00000007a3ef9b30 mode 2
Event: 9.241 Thread 0x0000019659860860 Uncommon trap: trap_request=0xffffff45 fr.pc=0x0000019649eb8e68 relative=0x00000000000000e8
Event: 9.241 Thread 0x0000019659860860 Uncommon trap: reason=unstable_if action=reinterpret pc=0x0000019649eb8e68 method=java.lang.String.getBytes([BIB)V @ 5 c2
Event: 9.241 Thread 0x0000019659860860 DEOPT PACKING pc=0x0000019649eb8e68 sp=0x00000007a3ef9ae0
Event: 9.241 Thread 0x0000019659860860 DEOPT UNPACKING pc=0x0000019649939d22 sp=0x00000007a3ef9aa8 mode 2

Classes loaded (20 events):
Event: 8.877 Loading class java/lang/reflect/WildcardType done
Event: 8.877 Loading class sun/reflect/generics/reflectiveObjects/WildcardTypeImpl done
Event: 9.142 Loading class java/lang/FdLibm$Hypot
Event: 9.142 Loading class java/lang/FdLibm$Hypot done
Event: 9.142 Loading class java/lang/FdLibm
Event: 9.142 Loading class java/lang/FdLibm done
Event: 9.238 Loading class java/text/BreakIterator
Event: 9.238 Loading class java/text/BreakIterator done
Event: 9.239 Loading class sun/util/locale/provider/BreakIteratorProviderImpl
Event: 9.239 Loading class sun/util/locale/provider/BreakIteratorProviderImpl done
Event: 9.239 Loading class sun/util/locale/provider/BreakIteratorProviderImpl$GraphemeBreakIterator
Event: 9.240 Loading class sun/util/locale/provider/BreakIteratorProviderImpl$GraphemeBreakIterator done
Event: 9.240 Loading class java/text/StringCharacterIterator
Event: 9.240 Loading class java/text/StringCharacterIterator done
Event: 9.240 Loading class sun/util/locale/provider/BreakIteratorProviderImpl$CharacterIteratorCharSequence
Event: 9.240 Loading class sun/util/locale/provider/BreakIteratorProviderImpl$CharacterIteratorCharSequence done
Event: 9.240 Loading class java/text/BreakIterator$BreakIteratorCache
Event: 9.240 Loading class java/text/BreakIterator$BreakIteratorCache done
Event: 16.466 Loading class jdk/internal/misc/Signal$1
Event: 16.466 Loading class jdk/internal/misc/Signal$1 done

Classes unloaded (0 events):
No events

Classes redefined (0 events):
No events

Internal exceptions (20 events):
Event: 0.923 Thread 0x0000019659860860 Exception <a 'java/lang/NoSuchMethodError'{0x00000004e58db248}: 'void java.lang.invoke.DirectMethodHandle$Holder.invokeSpecial(java.lang.Object, java.lang.Object, int)'> (0x00000004e58db248) 
thrown [s\open\src\hotspot\share\interpreter\linkResolver.cpp, line 773]
Event: 0.923 Thread 0x0000019659860860 Exception <a 'java/lang/NoSuchMethodError'{0x00000004e58df480}: 'int java.lang.invoke.DirectMethodHandle$Holder.invokeSpecial(java.lang.Object, java.lang.Object, java.lang.Object, int)'> (0x00000004e58df480) 
thrown [s\open\src\hotspot\share\interpreter\linkResolver.cpp, line 773]
Event: 0.924 Thread 0x0000019659860860 Exception <a 'java/lang/NoSuchMethodError'{0x00000004e58e95a8}: 'void java.lang.invoke.DelegatingMethodHandle$Holder.reinvoke_L(java.lang.Object, java.lang.Object, int)'> (0x00000004e58e95a8) 
thrown [s\open\src\hotspot\share\interpreter\linkResolver.cpp, line 773]
Event: 0.955 Thread 0x0000019659860860 Implicit null exception at 0x0000019649ef35a0 to 0x0000019649ef3838
Event: 0.956 Thread 0x0000019659860860 Implicit null exception at 0x0000019649ef1140 to 0x0000019649ef1570
Event: 0.956 Thread 0x0000019659860860 Implicit null exception at 0x0000019649e8cda0 to 0x0000019649e8cf94
Event: 1.019 Thread 0x0000019659860860 Implicit null exception at 0x0000019649ee7a12 to 0x0000019649ee8088
Event: 1.105 Thread 0x0000019659860860 Exception <a 'java/lang/IncompatibleClassChangeError'{0x00000004e53f4c70}: Found class java.lang.Object, but interface was expected> (0x00000004e53f4c70) 
thrown [s\open\src\hotspot\share\interpreter\linkResolver.cpp, line 840]
Event: 1.156 Thread 0x0000019659860860 Exception <a 'java/lang/NoSuchMethodError'{0x00000004e4d191e0}: 'int java.lang.invoke.DirectMethodHandle$Holder.invokeSpecial(java.lang.Object, java.lang.Object, int)'> (0x00000004e4d191e0) 
thrown [s\open\src\hotspot\share\interpreter\linkResolver.cpp, line 773]
Event: 1.172 Thread 0x0000019659860860 Exception <a 'java/lang/NoSuchMethodError'{0x00000004e4d9a970}: 'java.lang.Object java.lang.invoke.DirectMethodHandle$Holder.newInvokeSpecial(java.lang.Object, java.lang.Object, int)'> (0x00000004e4d9a970) 
thrown [s\open\src\hotspot\share\interpreter\linkResolver.cpp, line 773]
Event: 1.196 Thread 0x000001965985e880 Exception <a 'java/lang/NoSuchMethodError'{0x00000004e4a50f60}: 'int java.lang.invoke.DirectMethodHandle$Holder.invokeStaticInit(java.lang.Object, java.lang.Object)'> (0x00000004e4a50f60) 
thrown [s\open\src\hotspot\share\interpreter\linkResolver.cpp, line 773]
Event: 7.407 Thread 0x0000019659860860 Exception <a 'java/lang/NoSuchMethodError'{0x00000004e467c290}: 'long java.lang.invoke.DirectMethodHandle$Holder.invokeStatic(java.lang.Object, java.lang.Object, java.lang.Object)'> (0x00000004e467c290) 
thrown [s\open\src\hotspot\share\interpreter\linkResolver.cpp, line 773]
Event: 7.408 Thread 0x0000019659860860 Exception <a 'java/lang/NoSuchMethodError'{0x00000004e467f660}: 'long java.lang.invoke.DirectMethodHandle$Holder.invokeStaticInit(java.lang.Object, java.lang.Object, java.lang.Object)'> (0x00000004e467f660) 
thrown [s\open\src\hotspot\share\interpreter\linkResolver.cpp, line 773]
Event: 7.409 Thread 0x0000019659860860 Exception <a 'java/lang/NoSuchMethodError'{0x00000004e46976b8}: 'java.lang.Object java.lang.invoke.DirectMethodHandle$Holder.newInvokeSpecial(java.lang.Object, java.lang.Object, long)'> (0x00000004e46976b8) 
thrown [s\open\src\hotspot\share\interpreter\linkResolver.cpp, line 773]
Event: 7.409 Thread 0x0000019659860860 Exception <a 'java/lang/NoSuchMethodError'{0x00000004e469afb0}: 'java.lang.Object java.lang.invoke.Invokers$Holder.linkToTargetMethod(java.lang.Object, long, java.lang.Object)'> (0x00000004e469afb0) 
thrown [s\open\src\hotspot\share\interpreter\linkResolver.cpp, line 773]
Event: 8.961 Thread 0x0000019659860860 Exception <a 'java/lang/ClassNotFoundException'{0x00000004e4103178}: com/sun/javafx/scene/control/skin/resources/controls> (0x00000004e4103178) 
thrown [s\open\src\hotspot\share\prims\jni.cpp, line 538]
Event: 8.962 Thread 0x0000019659860860 Exception <a 'java/lang/ClassNotFoundException'{0x00000004e4111768}: com/sun/javafx/scene/control/skin/resources/controls_en> (0x00000004e4111768) 
thrown [s\open\src\hotspot\share\prims\jni.cpp, line 538]
Event: 8.963 Thread 0x0000019659860860 Exception <a 'java/lang/ClassNotFoundException'{0x00000004e4112f28}: com/sun/javafx/scene/control/skin/resources/controls_en_GB> (0x00000004e4112f28) 
thrown [s\open\src\hotspot\share\prims\jni.cpp, line 538]
Event: 9.111 Thread 0x0000019659860860 Exception <a 'java/lang/NoSuchMethodError'{0x00000004e656aeb0}: 'void java.lang.invoke.DirectMethodHandle$Holder.invokeSpecial(java.lang.Object, java.lang.Object, java.lang.Object, java.lang.Object, java.lang.Object, java.lang.Object)'> (0x00000004e656aeb0) 
thrown [s\open\src\hotspot\share\interpreter\linkResolver.cpp, line 773]
Event: 11.652 Thread 0x0000019659860860 Exception <a 'java/lang/NoSuchMethodError'{0x00000004e5eb3368}: 'java.lang.Object java.lang.invoke.DirectMethodHandle$Holder.newInvokeSpecial(java.lang.Object, java.lang.Object, java.lang.Object, double, double, double, double, int, int, int, int, int, int, int, int, int)'> (0x00000004e5eb3368) 
thrown [s\open\src\hotspot\share\interpreter\linkResolver.cpp, line 773]

VM Operations (20 events):
Event: 0.995 Executing VM operation: ICBufferFull done
Event: 2.995 Executing VM operation: Cleanup
Event: 2.995 Executing VM operation: Cleanup done
Event: 7.997 Executing VM operation: Cleanup
Event: 7.997 Executing VM operation: Cleanup done
Event: 8.978 Executing VM operation: HandshakeAllThreads
Event: 8.978 Executing VM operation: HandshakeAllThreads done
Event: 9.035 Executing VM operation: G1CollectForAllocation
Event: 9.042 Executing VM operation: G1CollectForAllocation done
Event: 10.043 Executing VM operation: Cleanup
Event: 10.043 Executing VM operation: Cleanup done
Event: 12.043 Executing VM operation: Cleanup
Event: 12.044 Executing VM operation: Cleanup done
Event: 13.044 Executing VM operation: Cleanup
Event: 13.044 Executing VM operation: Cleanup done
Event: 14.044 Executing VM operation: Cleanup
Event: 14.044 Executing VM operation: Cleanup done
Event: 15.044 Executing VM operation: Cleanup
Event: 15.045 Executing VM operation: Cleanup done
Event: 16.468 Executing VM operation: Exit

Events (20 events):
Event: 0.194 Thread 0x000001965985dde0 Thread added: 0x000001965985dde0
Event: 0.453 Thread 0x000001965985e880 Thread added: 0x000001965985e880
Event: 0.491 Thread 0x000001965985fdc0 Thread added: 0x000001965985fdc0
Event: 0.493 Thread 0x0000019659860860 Thread added: 0x0000019659860860
Event: 0.559 Thread 0x000001965985f870 Thread added: 0x000001965985f870
Event: 0.560 Thread 0x000001965985d340 Thread added: 0x000001965985d340
Event: 1.095 Thread 0x000001965985d890 Thread added: 0x000001965985d890
Event: 1.116 Thread 0x000001965ddcf060 Thread exited: 0x000001965ddcf060
Event: 1.260 Thread 0x000001965f628710 Thread added: 0x000001965f628710
Event: 1.891 Thread 0x000001965ddbf5a0 Thread exited: 0x000001965ddbf5a0
Event: 9.031 Thread 0x000001965e42bfa0 Thread added: 0x000001965e42bfa0
Event: 9.053 Thread 0x000001965f331ab0 Thread added: 0x000001965f331ab0
Event: 10.843 Thread 0x000001965f331ab0 Thread exited: 0x000001965f331ab0
Event: 10.843 Thread 0x000001965e42bfa0 Thread exited: 0x000001965e42bfa0
Event: 16.466 Thread 0x000001965f629c50 Thread added: 0x000001965f629c50
Event: 16.467 Thread 0x000001965f6291b0 Thread added: 0x000001965f6291b0
Event: 16.467 Thread 0x000001965f628c60 Thread added: 0x000001965f628c60
Event: 16.467 Thread 0x000001965f6291b0 Thread exited: 0x000001965f6291b0
Event: 16.468 Thread 0x000001965f628c60 Thread exited: 0x000001965f628c60
Event: 16.468 Thread 0x0000019659857400 Thread exited: 0x0000019659857400


Dynamic libraries:
0x00007ff796ea0000 - 0x00007ff796eae000 	C:\Users\shara\.jdks\openjdk-20.0.1\bin\java.exe
0x00007ffc1a370000 - 0x00007ffc1a568000 	C:\WINDOWS\SYSTEM32\ntdll.dll
0x00007ffc19110000 - 0x00007ffc191cf000 	C:\WINDOWS\System32\KERNEL32.DLL
0x00007ffc17e60000 - 0x00007ffc1813a000 	C:\WINDOWS\System32\KERNELBASE.dll
0x00007ffc182a0000 - 0x00007ffc183a0000 	C:\WINDOWS\System32\ucrtbase.dll
0x00007ffbefde0000 - 0x00007ffbefdf7000 	C:\Users\shara\.jdks\openjdk-20.0.1\bin\jli.dll
0x00007ffc192f0000 - 0x00007ffc1948d000 	C:\WINDOWS\System32\USER32.dll
0x00007ffc183a0000 - 0x00007ffc183c2000 	C:\WINDOWS\System32\win32u.dll
0x00007ffc19070000 - 0x00007ffc1909b000 	C:\WINDOWS\System32\GDI32.dll
0x00007ffc17bd0000 - 0x00007ffc17ce0000 	C:\WINDOWS\System32\gdi32full.dll
0x00007ffc17a80000 - 0x00007ffc17b1d000 	C:\WINDOWS\System32\msvcp_win.dll
0x00007ffbefcd0000 - 0x00007ffbefceb000 	C:\Users\shara\.jdks\openjdk-20.0.1\bin\VCRUNTIME140.dll
0x00007ffbf0da0000 - 0x00007ffbf103a000 	C:\WINDOWS\WinSxS\amd64_microsoft.windows.common-controls_6595b64144ccf1df_6.0.19041.1110_none_60b5254171f9507e\COMCTL32.dll
0x00007ffc19850000 - 0x00007ffc198ee000 	C:\WINDOWS\System32\msvcrt.dll
0x00007ffc18f00000 - 0x00007ffc18f30000 	C:\WINDOWS\System32\IMM32.DLL
0x00007ffbf1b40000 - 0x00007ffbf1b4c000 	C:\Users\shara\.jdks\openjdk-20.0.1\bin\vcruntime140_1.dll
0x00007ffbdc120000 - 0x00007ffbdc1ae000 	C:\Users\shara\.jdks\openjdk-20.0.1\bin\msvcp140.dll
0x00007ffba15f0000 - 0x00007ffba2287000 	C:\Users\shara\.jdks\openjdk-20.0.1\bin\server\jvm.dll
0x00007ffc183d0000 - 0x00007ffc1847e000 	C:\WINDOWS\System32\ADVAPI32.dll
0x00007ffc1a290000 - 0x00007ffc1a32c000 	C:\WINDOWS\System32\sechost.dll
0x00007ffc19a10000 - 0x00007ffc19b36000 	C:\WINDOWS\System32\RPCRT4.dll
0x00007ffc0f4b0000 - 0x00007ffc0f4b9000 	C:\WINDOWS\SYSTEM32\WSOCK32.dll
0x00007ffc190a0000 - 0x00007ffc1910b000 	C:\WINDOWS\System32\WS2_32.dll
0x00007ffbfa700000 - 0x00007ffbfa727000 	C:\WINDOWS\SYSTEM32\WINMM.dll
0x00007ffc0fce0000 - 0x00007ffc0fcea000 	C:\WINDOWS\SYSTEM32\VERSION.dll
0x00007ffc162d0000 - 0x00007ffc162e2000 	C:\WINDOWS\SYSTEM32\kernel.appcore.dll
0x00007ffbf1a20000 - 0x00007ffbf1a2a000 	C:\Users\shara\.jdks\openjdk-20.0.1\bin\jimage.dll
0x00007ffc15840000 - 0x00007ffc15a24000 	C:\WINDOWS\SYSTEM32\DBGHELP.DLL
0x00007ffc06b00000 - 0x00007ffc06b34000 	C:\WINDOWS\SYSTEM32\dbgcore.DLL
0x00007ffc17dd0000 - 0x00007ffc17e52000 	C:\WINDOWS\System32\bcryptPrimitives.dll
0x00007ffc0fd20000 - 0x00007ffc0fd2e000 	C:\Users\shara\.jdks\openjdk-20.0.1\bin\instrument.dll
0x00007ffbe9070000 - 0x00007ffbe9096000 	C:\Users\shara\.jdks\openjdk-20.0.1\bin\java.dll
0x00007ffbd2470000 - 0x00007ffbd2547000 	C:\Users\shara\.jdks\openjdk-20.0.1\bin\jsvml.dll
0x00007ffc19b40000 - 0x00007ffc1a284000 	C:\WINDOWS\System32\SHELL32.dll
0x00007ffc15b20000 - 0x00007ffc162b3000 	C:\WINDOWS\SYSTEM32\windows.storage.dll
0x00007ffc19490000 - 0x00007ffc197e4000 	C:\WINDOWS\System32\combase.dll
0x00007ffc17470000 - 0x00007ffc1749e000 	C:\WINDOWS\SYSTEM32\Wldp.dll
0x00007ffc19230000 - 0x00007ffc192dd000 	C:\WINDOWS\System32\SHCORE.dll
0x00007ffc18710000 - 0x00007ffc18765000 	C:\WINDOWS\System32\shlwapi.dll
0x00007ffc179c0000 - 0x00007ffc179df000 	C:\WINDOWS\SYSTEM32\profapi.dll
0x00007ffbefcb0000 - 0x00007ffbefcc3000 	C:\Users\shara\.jdks\openjdk-20.0.1\bin\net.dll
0x00007ffc0da80000 - 0x00007ffc0db8a000 	C:\WINDOWS\SYSTEM32\WINHTTP.dll
0x00007ffc171d0000 - 0x00007ffc1723a000 	C:\WINDOWS\system32\mswsock.dll
0x00007ffbed0e0000 - 0x00007ffbed0f6000 	C:\Users\shara\.jdks\openjdk-20.0.1\bin\nio.dll
0x00007ffbebf10000 - 0x00007ffbebf28000 	C:\Users\shara\.jdks\openjdk-20.0.1\bin\zip.dll
0x00007ffbf0560000 - 0x00007ffbf057a000 	C:\Program Files\JetBrains\IntelliJ IDEA 2022.3.3\bin\breakgen64.dll
0x000001963a220000 - 0x000001963a223000 	C:\Users\shara\.openjfx\cache\17.0.2-ea\api-ms-win-core-console-l1-1-0.dll
0x000001963a230000 - 0x000001963a233000 	C:\Users\shara\.openjfx\cache\17.0.2-ea\api-ms-win-core-console-l1-2-0.dll
0x000001963a240000 - 0x000001963a243000 	C:\Users\shara\.openjfx\cache\17.0.2-ea\api-ms-win-core-datetime-l1-1-0.dll
0x000001963a250000 - 0x000001963a253000 	C:\Users\shara\.openjfx\cache\17.0.2-ea\api-ms-win-core-debug-l1-1-0.dll
0x000001963a260000 - 0x000001963a263000 	C:\Users\shara\.openjfx\cache\17.0.2-ea\api-ms-win-core-errorhandling-l1-1-0.dll
0x000001963a270000 - 0x000001963a274000 	C:\Users\shara\.openjfx\cache\17.0.2-ea\api-ms-win-core-file-l1-1-0.dll
0x000001963a280000 - 0x000001963a283000 	C:\Users\shara\.openjfx\cache\17.0.2-ea\api-ms-win-core-file-l1-2-0.dll
0x000001963a290000 - 0x000001963a293000 	C:\Users\shara\.openjfx\cache\17.0.2-ea\api-ms-win-core-file-l2-1-0.dll
0x000001963a2a0000 - 0x000001963a2a3000 	C:\Users\shara\.openjfx\cache\17.0.2-ea\api-ms-win-core-handle-l1-1-0.dll
0x00000196599b0000 - 0x00000196599b3000 	C:\Users\shara\.openjfx\cache\17.0.2-ea\api-ms-win-core-heap-l1-1-0.dll
0x00000196599c0000 - 0x00000196599c3000 	C:\Users\shara\.openjfx\cache\17.0.2-ea\api-ms-win-core-interlocked-l1-1-0.dll
0x00000196599d0000 - 0x00000196599d3000 	C:\Users\shara\.openjfx\cache\17.0.2-ea\api-ms-win-core-libraryloader-l1-1-0.dll
0x00000196599e0000 - 0x00000196599e3000 	C:\Users\shara\.openjfx\cache\17.0.2-ea\api-ms-win-core-localization-l1-2-0.dll
0x00000196599f0000 - 0x00000196599f3000 	C:\Users\shara\.openjfx\cache\17.0.2-ea\api-ms-win-core-memory-l1-1-0.dll
0x0000019659a00000 - 0x0000019659a03000 	C:\Users\shara\.openjfx\cache\17.0.2-ea\api-ms-win-core-namedpipe-l1-1-0.dll
0x0000019659a10000 - 0x0000019659a13000 	C:\Users\shara\.openjfx\cache\17.0.2-ea\api-ms-win-core-processenvironment-l1-1-0.dll
0x0000019659a20000 - 0x0000019659a23000 	C:\Users\shara\.openjfx\cache\17.0.2-ea\api-ms-win-core-processthreads-l1-1-0.dll
0x0000019659a30000 - 0x0000019659a33000 	C:\Users\shara\.openjfx\cache\17.0.2-ea\api-ms-win-core-processthreads-l1-1-1.dll
0x0000019659a40000 - 0x0000019659a43000 	C:\Users\shara\.openjfx\cache\17.0.2-ea\api-ms-win-core-profile-l1-1-0.dll
0x0000019659a50000 - 0x0000019659a53000 	C:\Users\shara\.openjfx\cache\17.0.2-ea\api-ms-win-core-rtlsupport-l1-1-0.dll
0x0000019659a60000 - 0x0000019659a63000 	C:\Users\shara\.openjfx\cache\17.0.2-ea\api-ms-win-core-string-l1-1-0.dll
0x0000019659a70000 - 0x0000019659a73000 	C:\Users\shara\.openjfx\cache\17.0.2-ea\api-ms-win-core-synch-l1-1-0.dll
0x0000019659a80000 - 0x0000019659a83000 	C:\Users\shara\.openjfx\cache\17.0.2-ea\api-ms-win-core-synch-l1-2-0.dll
0x0000019659a90000 - 0x0000019659a93000 	C:\Users\shara\.openjfx\cache\17.0.2-ea\api-ms-win-core-sysinfo-l1-1-0.dll
0x0000019659aa0000 - 0x0000019659aa3000 	C:\Users\shara\.openjfx\cache\17.0.2-ea\api-ms-win-core-timezone-l1-1-0.dll
0x0000019659ab0000 - 0x0000019659ab3000 	C:\Users\shara\.openjfx\cache\17.0.2-ea\api-ms-win-core-util-l1-1-0.dll
0x0000019659ac0000 - 0x0000019659ac3000 	C:\Users\shara\.openjfx\cache\17.0.2-ea\api-ms-win-crt-conio-l1-1-0.dll
0x0000019659ad0000 - 0x0000019659ad4000 	C:\Users\shara\.openjfx\cache\17.0.2-ea\api-ms-win-crt-convert-l1-1-0.dll
0x0000019659ae0000 - 0x0000019659ae3000 	C:\Users\shara\.openjfx\cache\17.0.2-ea\api-ms-win-crt-environment-l1-1-0.dll
0x0000019659af0000 - 0x0000019659af3000 	C:\Users\shara\.openjfx\cache\17.0.2-ea\api-ms-win-crt-filesystem-l1-1-0.dll
0x0000019659b00000 - 0x0000019659b03000 	C:\Users\shara\.openjfx\cache\17.0.2-ea\api-ms-win-crt-heap-l1-1-0.dll
0x0000019659b10000 - 0x0000019659b13000 	C:\Users\shara\.openjfx\cache\17.0.2-ea\api-ms-win-crt-locale-l1-1-0.dll
0x0000019659b20000 - 0x0000019659b25000 	C:\Users\shara\.openjfx\cache\17.0.2-ea\api-ms-win-crt-math-l1-1-0.dll
0x0000019659b30000 - 0x0000019659b35000 	C:\Users\shara\.openjfx\cache\17.0.2-ea\api-ms-win-crt-multibyte-l1-1-0.dll
0x0000019659b40000 - 0x0000019659b50000 	C:\Users\shara\.openjfx\cache\17.0.2-ea\api-ms-win-crt-private-l1-1-0.dll
0x0000019659b50000 - 0x0000019659b53000 	C:\Users\shara\.openjfx\cache\17.0.2-ea\api-ms-win-crt-process-l1-1-0.dll
0x0000019659b60000 - 0x0000019659b64000 	C:\Users\shara\.openjfx\cache\17.0.2-ea\api-ms-win-crt-runtime-l1-1-0.dll
0x0000019659b70000 - 0x0000019659b74000 	C:\Users\shara\.openjfx\cache\17.0.2-ea\api-ms-win-crt-stdio-l1-1-0.dll
0x0000019659b80000 - 0x0000019659b84000 	C:\Users\shara\.openjfx\cache\17.0.2-ea\api-ms-win-crt-string-l1-1-0.dll
0x0000019659b90000 - 0x0000019659b93000 	C:\Users\shara\.openjfx\cache\17.0.2-ea\api-ms-win-crt-time-l1-1-0.dll
0x0000019659ba0000 - 0x0000019659ba3000 	C:\Users\shara\.openjfx\cache\17.0.2-ea\api-ms-win-crt-utility-l1-1-0.dll
0x00007ffbd6c90000 - 0x00007ffbd6d8c000 	C:\Users\shara\.openjfx\cache\17.0.2-ea\ucrtbase.dll
0x00007ffbe9120000 - 0x00007ffbe913a000 	C:\Users\shara\.openjfx\cache\17.0.2-ea\vcruntime140.dll
0x00007ffbf74d0000 - 0x00007ffbf74dc000 	C:\Users\shara\.openjfx\cache\17.0.2-ea\vcruntime140_1.dll
0x00007ffbd7ad0000 - 0x00007ffbd7b5d000 	C:\Users\shara\.openjfx\cache\17.0.2-ea\msvcp140.dll
0x00007ffbe5570000 - 0x00007ffbe559a000 	C:\Users\shara\.openjfx\cache\17.0.2-ea\prism_d3d.dll
0x00007ffbef950000 - 0x00007ffbefb1d000 	C:\WINDOWS\system32\d3d9.dll
0x00007ffc15390000 - 0x00007ffc153bf000 	C:\WINDOWS\SYSTEM32\dwmapi.dll
0x00007ffc150d0000 - 0x00007ffc1516e000 	C:\WINDOWS\system32\uxtheme.dll
0x00007ffbd22c0000 - 0x00007ffbd2468000 	C:\WINDOWS\System32\DriverStore\FileRepository\iigd_dch.inf_amd64_393549dac595e659\igdumdim64.dll
0x00007ffc18f30000 - 0x00007ffc1905a000 	C:\WINDOWS\System32\ole32.dll
0x00007ffb77930000 - 0x00007ffb7b54f000 	C:\WINDOWS\System32\DriverStore\FileRepository\iigd_dch.inf_amd64_393549dac595e659\igd9dxva64.dll
0x00007ffc18480000 - 0x00007ffc1854d000 	C:\WINDOWS\System32\OLEAUT32.dll
0x00007ffc18a90000 - 0x00007ffc18ef8000 	C:\WINDOWS\System32\SETUPAPI.dll
0x00007ffc17ce0000 - 0x00007ffc17d2e000 	C:\WINDOWS\System32\cfgmgr32.dll
0x00007ffc17d30000 - 0x00007ffc17d57000 	C:\WINDOWS\System32\bcrypt.dll
0x00007ffc02c80000 - 0x00007ffc03048000 	C:\WINDOWS\System32\DriverStore\FileRepository\iigd_dch.inf_amd64_393549dac595e659\igdgmm64.dll
0x00007ffbe27d0000 - 0x00007ffbe2812000 	C:\Users\shara\.openjfx\cache\17.0.2-ea\glass.dll
0x00007ffc18930000 - 0x00007ffc18a0a000 	C:\WINDOWS\System32\COMDLG32.dll
0x00007ffc198f0000 - 0x00007ffc19a04000 	C:\WINDOWS\System32\MSCTF.dll
0x00007ffbaae30000 - 0x00007ffbaae57000 	C:\WINDOWS\System32\DriverStore\FileRepository\iigd_dch.inf_amd64_393549dac595e659\igdinfo64.dll
0x00007ffbff690000 - 0x00007ffc02c76000 	C:\WINDOWS\System32\DriverStore\FileRepository\iigd_dch.inf_amd64_393549dac595e659\igc64.dll
0x00007ffc040a0000 - 0x00007ffc040db000 	C:\WINDOWS\SYSTEM32\dxcore.dll
0x00007ffbe86b0000 - 0x00007ffbe86c4000 	C:\Users\shara\.openjfx\cache\17.0.2-ea\javafx_font.dll
0x00007ffbf7620000 - 0x00007ffbf789f000 	C:\WINDOWS\SYSTEM32\dwrite.dll
0x00007ffc18800000 - 0x00007ffc188a9000 	C:\WINDOWS\System32\clbcatq.dll
0x00007ffc05ab0000 - 0x00007ffc05c64000 	C:\WINDOWS\SYSTEM32\WindowsCodecs.dll
0x00007ffbe57f0000 - 0x00007ffbe582e000 	C:\WINDOWS\system32\dataexchange.dll
0x00007ffc13710000 - 0x00007ffc13973000 	C:\WINDOWS\system32\d3d11.dll
0x00007ffc14340000 - 0x00007ffc14523000 	C:\WINDOWS\system32\dcomp.dll
0x00007ffc16340000 - 0x00007ffc16433000 	C:\WINDOWS\system32\dxgi.dll
0x00007ffc0f6c0000 - 0x00007ffc0f8c0000 	C:\WINDOWS\system32\twinapi.appcore.dll
0x00007ffbe8370000 - 0x00007ffbe83a4000 	C:\Program Files\Common Files\Microsoft Shared\Ink\rtscom.dll
0x00007ffbfc6c0000 - 0x00007ffbfc7b9000 	C:\WINDOWS\SYSTEM32\textinputframework.dll
0x00007ffc14960000 - 0x00007ffc14cbe000 	C:\WINDOWS\System32\CoreUIComponents.dll
0x00007ffc14d00000 - 0x00007ffc14df2000 	C:\WINDOWS\System32\CoreMessaging.dll
0x00007ffc16c30000 - 0x00007ffc16c63000 	C:\WINDOWS\SYSTEM32\ntmarta.dll
0x00007ffc140a0000 - 0x00007ffc141f4000 	C:\WINDOWS\SYSTEM32\wintypes.dll
0x00007ffc13a80000 - 0x00007ffc14040000 	C:\WINDOWS\SYSTEM32\d2d1.dll
0x00007ffc04a00000 - 0x00007ffc050f6000 	C:\WINDOWS\SYSTEM32\D3D10Warp.dll

dbghelp: loaded successfully - version: 4.0.5 - missing functions: none
symbol engine: initialized successfully - sym options: 0x614 - pdb path: .;C:\Users\shara\.jdks\openjdk-20.0.1\bin;C:\WINDOWS\SYSTEM32;C:\WINDOWS\WinSxS\amd64_microsoft.windows.common-controls_6595b64144ccf1df_6.0.19041.1110_none_60b5254171f9507e;C:\Users\shara\.jdks\openjdk-20.0.1\bin\server;C:\Program Files\JetBrains\IntelliJ IDEA 2022.3.3\bin;C:\Users\shara\.openjfx\cache\17.0.2-ea;C:\WINDOWS\System32\DriverStore\FileRepository\iigd_dch.inf_amd64_393549dac595e659;C:\Program Files\Common Files\Microsoft Shared\Ink

VM Arguments:
jvm_args: -javaagent:C:\Program Files\JetBrains\IntelliJ IDEA 2022.3.3\lib\idea_rt.jar=59185:C:\Program Files\JetBrains\IntelliJ IDEA 2022.3.3\bin -Dfile.encoding=UTF-8 -Dsun.stdout.encoding=UTF-8 -Dsun.stderr.encoding=UTF-8 --module-path=C:\Users\shara\.m2\repository\org\openjfx\javafx-graphics\17.0.2\javafx-graphics-17.0.2-win.jar;C:\Users\shara\IdeaProjects\Demo\target\classes;C:\Users\shara\.m2\repository\org\openjfx\javafx-controls\17.0.2\javafx-controls-17.0.2-win.jar;C:\Users\shara\.m2\repository\org\openjfx\javafx-base\17.0.2\javafx-base-17.0.2-win.jar;C:\Users\shara\.m2\repository\org\openjfx\javafx-fxml\17.0.2\javafx-fxml-17.0.2-win.jar -Djdk.module.main=sample.demo 
java_command: sample.demo/sample.demo.HelloApplication
java_class_path (initial): C:\Users\shara\.m2\repository\org\openjfx\javafx-controls\17.0.2\javafx-controls-17.0.2.jar;C:\Users\shara\.m2\repository\org\openjfx\javafx-graphics\17.0.2\javafx-graphics-17.0.2.jar;C:\Users\shara\.m2\repository\org\openjfx\javafx-base\17.0.2\javafx-base-17.0.2.jar;C:\Users\shara\.m2\repository\org\openjfx\javafx-fxml\17.0.2\javafx-fxml-17.0.2.jar
Launcher Type: SUN_STANDARD

[Global flags]
     intx CICompilerCount                          = 4                                         {product} {ergonomic}
     uint ConcGCThreads                            = 2                                         {product} {ergonomic}
     uint G1ConcRefinementThreads                  = 8                                         {product} {ergonomic}
   size_t G1HeapRegionSize                         = 2097152                                   {product} {ergonomic}
    uintx GCDrainStackTargetSize                   = 64                                        {product} {ergonomic}
   size_t InitialHeapSize                          = 266338304                                 {product} {ergonomic}
   size_t MarkStackSize                            = 4194304                                   {product} {ergonomic}
   size_t MaxHeapSize                              = 4261412864                                {product} {ergonomic}
   size_t MaxNewSize                               = 2556428288                                {product} {ergonomic}
   size_t MinHeapDeltaBytes                        = 2097152                                   {product} {ergonomic}
   size_t MinHeapSize                              = 8388608                                   {product} {ergonomic}
    uintx NonNMethodCodeHeapSize                   = 5839372                                {pd product} {ergonomic}
    uintx NonProfiledCodeHeapSize                  = 122909434                              {pd product} {ergonomic}
    uintx ProfiledCodeHeapSize                     = 122909434                              {pd product} {ergonomic}
    uintx ReservedCodeCacheSize                    = 251658240                              {pd product} {ergonomic}
     bool SegmentedCodeCache                       = true                                      {product} {ergonomic}
   size_t SoftMaxHeapSize                          = 4261412864                             {manageable} {ergonomic}
     bool UseCompressedClassPointers               = true                           {product lp64_product} {ergonomic}
     bool UseCompressedOops                        = true                           {product lp64_product} {ergonomic}
     bool UseG1GC                                  = true                                      {product} {ergonomic}
     bool UseLargePagesIndividualAllocation        = false                                  {pd product} {ergonomic}

Logging:
Log output configuration:
 #0: stdout all=off uptime,level,tags foldmultilines=false
 #1: stderr all=off uptime,level,tags foldmultilines=false

Environment Variables:
PATH=C:\Users\shara\Downloads\CUserssharaDownloadsWINDOWS.X64_193000_db_home\bin;C:\Program Files\Java\jdk-11.0.2\bin;C:\WINDOWS\system32;C:\WINDOWS;C:\WINDOWS\System32\Wbem;C:\WINDOWS\System32\WindowsPowerShell\v1.0\;C:\WINDOWS\System32\OpenSSH\;C:\Program Files\Git\cmd;C:\Program Files\Git\mingw64\bin;C:\Program Files\Git\usr\bin;C:\wamp64\bin\php\php7.3.12;C:\Program Files\dotnet\;C:\Program Files\MySQL\MySQL Shell 8.0\bin\;C:\Users\shara\AppData\Local\Microsoft\WindowsApps;;C:\Program Files\JetBrains\IntelliJ IDEA Community Edition 2020.2.3\bin;;C:\Users\shara\.dotnet\tools;C:\Program Files\JetBrains\IntelliJ IDEA 2022.3.3\bin;
USERNAME=shara
OS=Windows_NT
PROCESSOR_IDENTIFIER=Intel64 Family 6 Model 142 Stepping 12, GenuineIntel
TMP=C:\Users\shara\AppData\Local\Temp
TEMP=C:\Users\shara\AppData\Local\Temp




---------------  S Y S T E M  ---------------

OS:
 Windows 10 , 64 bit Build 19041 (10.0.19041.2788)
OS uptime: 51 days 22:01 hours

CPU: total 8 (initial active 8) (4 cores per cpu, 2 threads per core) family 6 model 142 stepping 12 microcode 0xc6, cx8, cmov, fxsr, ht, mmx, 3dnowpref, sse, sse2, sse3, ssse3, sse4.1, sse4.2, popcnt, lzcnt, tsc, tscinvbit, avx, avx2, aes, erms, clmul, bmi1, bmi2, adx, fma, vzeroupper, clflush, clflushopt, rdtscp, f16c

Memory: 4k page, system-wide physical 16254M (4419M free)
TotalPageFile size 32109M (AvailPageFile size 5333M)
current process WorkingSet (physical memory assigned to process): 167M, peak: 196M
current process commit charge ("private bytes"): 408M, peak: 439M

vm_info: OpenJDK 64-Bit Server VM (20.0.1+9-29) for windows-amd64 JRE (20.0.1+9-29), built on 2023-03-07T13:56:11Z by "mach5one" with MS VC++ 17.1 (VS2022)

END.
