#
# A fatal error has been detected by the Java Runtime Environment:
#
#  EXCEPTION_ACCESS_VIOLATION (0xc0000005) at pc=0x00007ffbddda6ab7, pid=2504, tid=28224
#
# JRE version: OpenJDK Runtime Environment (20.0.1+9) (build 20.0.1+9-29)
# Java VM: OpenJDK 64-Bit Server VM (20.0.1+9-29, mixed mode, sharing, tiered, compressed oops, compressed class ptrs, g1 gc, windows-amd64)
# Problematic frame:
# C  [glass.dll+0x26ab7]
#
# No core dump will be written. Minidumps are not enabled by default on client versions of Windows
#
# If you would like to submit a bug report, please visit:
#   https://bugreport.java.com/bugreport/crash.jsp
#

---------------  S U M M A R Y ------------

Command Line: -javaagent:C:\Program Files\JetBrains\IntelliJ IDEA 2022.3.3\lib\idea_rt.jar=59255:C:\Program Files\JetBrains\IntelliJ IDEA 2022.3.3\bin -Dfile.encoding=UTF-8 -Dsun.stdout.encoding=UTF-8 -Dsun.stderr.encoding=UTF-8 --module-path=C:\Users\shara\.m2\repository\org\openjfx\javafx-graphics\17.0.2\javafx-graphics-17.0.2-win.jar;C:\Users\shara\IdeaProjects\Demo\target\classes;C:\Users\shara\.m2\repository\org\openjfx\javafx-controls\17.0.2\javafx-controls-17.0.2-win.jar;C:\Users\shara\.m2\repository\org\openjfx\javafx-base\17.0.2\javafx-base-17.0.2-win.jar;C:\Users\shara\.m2\repository\org\openjfx\javafx-fxml\17.0.2\javafx-fxml-17.0.2-win.jar -Djdk.module.main=sample.demo sample.demo/sample.demo.HelloApplication

Host: Intel(R) Core(TM) i7-8565U CPU @ 1.80GHz, 8 cores, 15G,  Windows 10 , 64 bit Build 19041 (10.0.19041.2788)
Time: Wed Jun  7 17:16:30 2023 Russia TZ 2 Standard Time elapsed time: 14.441257 seconds (0d 0h 0m 14s)

---------------  T H R E A D  ---------------

Current thread (0x00000249f2b650b0):  VMThread "VM Thread" [stack: 0x00000091a2300000,0x00000091a2400000] [id=28224]

Stack: [0x00000091a2300000,0x00000091a2400000],  sp=0x00000091a23ff290,  free space=1020k
Native frames: (J=compiled Java code, j=interpreted, Vv=VM code, C=native code)
C  [glass.dll+0x26ab7]


siginfo: EXCEPTION_ACCESS_VIOLATION (0xc0000005), reading address 0x0000000000000000


Registers:
RAX=0x0000000000000000, RBX=0x00000249f2b69570, RCX=0x00000249f2b650b0, RDX=0x00000091a23ff290
RSP=0x00000091a23ff290, RBP=0x00000249f7812ef8, RSI=0x00000249f7812ed0, RDI=0x0000c82c8ed11b88
R8 =0x0000000000010002, R9 =0x0000c82c8ed11b88, R10=0x0000000000008000, R11=0x00000091a23ff220
R12=0x00007ffbddda4384, R13=0x00007ffba21dea90, R14=0x00000091a23ff388, R15=0x00000249f7812ed0
RIP=0x00007ffbddda6ab7, EFLAGS=0x0000000000010206


Register to memory mapping:

RIP=0x00007ffbddda6ab7 glass.dll
RAX=0x0 is NULL
RBX=0x00000249f2b69570 is a global jni handle
RCX=0x00000249f2b650b0 points into unknown readable memory: 0x00007ffba2007080 | 80 70 00 a2 fb 7f 00 00
RDX=0x00000091a23ff290 points into unknown readable memory: 0x0000000000000000 | 00 00 00 00 00 00 00 00
RSP=0x00000091a23ff290 points into unknown readable memory: 0x0000000000000000 | 00 00 00 00 00 00 00 00
RBP=0x00000249f7812ef8 points into unknown readable memory: 0x0000c82c8ed11b88 | 88 1b d1 8e 2c c8 00 00
RSI=0x00000249f7812ed0 points into unknown readable memory: 0x007f33f154ef8788 | 88 87 ef 54 f1 33 7f 00
RDI=0x0000c82c8ed11b88 is an unknown value
R8 =0x0000000000010002 is an unknown value
R9 =0x0000c82c8ed11b88 is an unknown value
R10=0x0000000000008000 is an unknown value
R11=0x00000091a23ff220 points into unknown readable memory: 0x00000249f7812ed0 | d0 2e 81 f7 49 02 00 00
R12=0x00007ffbddda4384 glass.dll
R13=0x00007ffba21dea90 jvm.dll
R14=0x00000091a23ff388 points into unknown readable memory: 0x00000091a23ff370 | 70 f3 3f a2 91 00 00 00
R15=0x00000249f7812ed0 points into unknown readable memory: 0x007f33f154ef8788 | 88 87 ef 54 f1 33 7f 00


Top of Stack: (sp=0x00000091a23ff290)
0x00000091a23ff290:   0000000000000000 00000249f7812ed0
0x00000091a23ff2a0:   00007ffba21dea90 00007ffbddda4384
0x00000091a23ff2b0:   00000249f7812ed8 00007ffc182b42d6
0x00000091a23ff2c0:   0000c82c8ed11b88 0000024900000000
0x00000091a23ff2d0:   00000249f7812ef8 00000249f7812ed0
0x00000091a23ff2e0:   fffffffffffffffe 0000000000000000
0x00000091a23ff2f0:   0000000000000001 00007ffbddd80000
0x00000091a23ff300:   00000091a23ff378 00007ffc182b41fb
0x00000091a23ff310:   0000000000000000 00000091a23ff388
0x00000091a23ff320:   00000091a23ff650 00007ffc18390e40
0x00000091a23ff330:   0000000000000001 00007ffc182b41b4
0x00000091a23ff340:   0000000000000000 0000000000000001
0x00000091a23ff350:   00007ffb00000001 00000091a23ff378
0x00000091a23ff360:   0000000000000000 00007ffbddda4211
0x00000091a23ff370:   00007ffbdddba138 00007ffc00000002
0x00000091a23ff380:   0000000000000002 00000091a23ff370
0x00000091a23ff390:   0000000000000000 00007ffc1a389993
0x00000091a23ff3a0:   0000000000000000 00007ffbddda4336
0x00000091a23ff3b0:   0000000000000001 0000000000000000
0x00000091a23ff3c0:   0000000000000000 0000000000000001
0x00000091a23ff3d0:   0000000000000000 0000000000000000
0x00000091a23ff3e0:   0000000000000001 00005c09693e0e2e
0x00000091a23ff3f0:   00007ffbddd80000 000000007ffe0384
0x00000091a23ff400:   0000000000000000 00007ffc1a389a1d
0x00000091a23ff410:   00007ffbddd80000 0000000000000000
0x00000091a23ff420:   0000000000000001 000000007ffe0385
0x00000091a23ff430:   0000000002360fb8 00000091a23ff650
0x00000091a23ff440:   00005c0900000000 0000000000000014
0x00000091a23ff450:   0000000000000000 00007ffbddda4384
0x00000091a23ff460:   00000000000003d8 00000249f6f45df0
0x00000091a23ff470:   00000249f2b59200 00007ffc1a3cdcec
0x00000091a23ff480:   00000249f6f45b70 00007ffbddd80000 

Instructions: (pc=0x00007ffbddda6ab7)
0x00007ffbddda69b7:   8b 4d 58 e8 01 cf ff ff 48 8b 4d 60 e8 f8 ce ff
0x00007ffbddda69c7:   ff 48 8b 95 80 00 00 00 48 8b 8d 18 01 00 00 e8
0x00007ffbddda69d7:   c6 c3 ff ff 33 d2 33 c9 e8 3c e1 ff ff 90 48 89
0x00007ffbddda69e7:   54 24 10 55 48 83 ec 20 48 8b ea 48 b8 00 00 00
0x00007ffbddda69f7:   00 00 00 00 00 48 83 c4 20 5d c3 cc 40 55 48 8b
0x00007ffbddda6a07:   ea 48 8b 01 33 c9 81 38 05 00 00 c0 0f 94 c1 8b
0x00007ffbddda6a17:   c1 5d c3 cc 40 55 48 83 ec 20 48 8b ea 8a 4d 40
0x00007ffbddda6a27:   48 83 c4 20 5d e9 f7 d2 ff ff cc 40 55 48 83 ec
0x00007ffbddda6a37:   20 48 8b ea 8a 4d 20 e8 e5 d2 ff ff 90 48 83 c4
0x00007ffbddda6a47:   20 5d c3 cc 40 55 48 83 ec 20 48 8b ea 48 83 c4
0x00007ffbddda6a57:   20 5d e9 46 d1 ff ff cc 40 55 48 83 ec 30 48 8b
0x00007ffbddda6a67:   ea 48 8b 01 8b 10 48 89 4c 24 28 89 54 24 20 4c
0x00007ffbddda6a77:   8d 0d e7 d5 ff ff 4c 8b 45 70 8b 55 68 48 8b 4d
0x00007ffbddda6a87:   60 e8 87 d0 ff ff 90 48 83 c4 30 5d c3 cc cc cc
0x00007ffbddda6a97:   cc cc cc cc cc cc cc cc cc 40 53 48 83 ec 20 48
0x00007ffbddda6aa7:   8b 1d 83 30 01 00 48 85 db 74 16 e8 09 8b ff ff
0x00007ffbddda6ab7:   4c 8b 00 48 8b d3 48 8b c8 41 ff 90 b0 00 00 00
0x00007ffbddda6ac7:   90 48 83 c4 20 5b c3 cc cc 40 53 48 83 ec 20 48
0x00007ffbddda6ad7:   8b 1d fb 31 01 00 48 85 db 74 57 b8 ff ff ff ff
0x00007ffbddda6ae7:   f0 0f c1 43 10 83 f8 01 75 3d 48 85 db 74 38 48
0x00007ffbddda6af7:   8b 0b 48 85 c9 74 0d ff 15 a4 07 00 00 48 c7 03
0x00007ffbddda6b07:   00 00 00 00 48 8b 4b 08 48 85 c9 74 0d e8 a7 cd
0x00007ffbddda6b17:   ff ff 48 c7 43 08 00 00 00 00 ba 18 00 00 00 48
0x00007ffbddda6b27:   8b cb e8 92 cd ff ff 48 c7 05 9f 31 01 00 00 00
0x00007ffbddda6b37:   00 00 48 83 c4 20 5b c3 cc 40 53 48 83 ec 20 48
0x00007ffbddda6b47:   8b 1d 6b 31 01 00 48 85 db 74 57 b8 ff ff ff ff
0x00007ffbddda6b57:   f0 0f c1 43 10 83 f8 01 75 3d 48 85 db 74 38 48
0x00007ffbddda6b67:   8b 0b 48 85 c9 74 0d ff 15 34 07 00 00 48 c7 03
0x00007ffbddda6b77:   00 00 00 00 48 8b 4b 08 48 85 c9 74 0d e8 37 cd
0x00007ffbddda6b87:   ff ff 48 c7 43 08 00 00 00 00 ba 18 00 00 00 48
0x00007ffbddda6b97:   8b cb e8 22 cd ff ff 48 c7 05 0f 31 01 00 00 00
0x00007ffbddda6ba7:   00 00 48 83 c4 20 5b c3 cc 40 53 48 83 ec 20 48 


Stack slot to memory mapping:
stack at sp + 0 slots: 0x0 is NULL
stack at sp + 1 slots: 0x00000249f7812ed0 points into unknown readable memory: 0x007f33f154ef8788 | 88 87 ef 54 f1 33 7f 00
stack at sp + 2 slots: 0x00007ffba21dea90 jvm.dll
stack at sp + 3 slots: 0x00007ffbddda4384 glass.dll
stack at sp + 4 slots: 0x00000249f7812ed8 points into unknown readable memory: 0x0000c82c8ed11b88 | 88 1b d1 8e 2c c8 00 00
stack at sp + 5 slots: 0x00007ffc182b42d6 ucrtbase.dll
stack at sp + 6 slots: 0x0000c82c8ed11b88 is an unknown value
stack at sp + 7 slots: 0x0000024900000000 is an unknown value

VM_Operation (0x00000091a2eff0d0): Exit, mode: safepoint, requested by thread 0x00000249f7bbbeb0


---------------  P R O C E S S  ---------------

Threads class SMR info:
_java_thread_list=0x00000249f71b63a0, length=19, elements={
0x00000249d360b350, 0x00000249f2b7fad0, 0x00000249f2b808d0, 0x00000249f2b834a0,
0x00000249f2b87300, 0x00000249f2b8c150, 0x00000249f2b8cdc0, 0x00000249f2b8f750,
0x00000249f2b4e180, 0x00000249f7164ca0, 0x00000249f705a3d0, 0x00000249f6e29830,
0x00000249f78fe810, 0x00000249f7837f50, 0x00000249f7a20270, 0x00000249f7a20bd0,
0x00000249f7bbaec0, 0x00000249f7bb9980, 0x00000249f7bbbeb0
}

Java Threads: ( => current thread )
  0x00000249d360b350 JavaThread "main" [_thread_blocked, id=30396, stack(0x00000091a1d00000,0x00000091a1e00000)]
  0x00000249f2b7fad0 JavaThread "Reference Handler" daemon [_thread_blocked, id=11412, stack(0x00000091a2400000,0x00000091a2500000)]
  0x00000249f2b808d0 JavaThread "Finalizer" daemon [_thread_blocked, id=28056, stack(0x00000091a2500000,0x00000091a2600000)]
  0x00000249f2b834a0 JavaThread "Attach Listener" daemon [_thread_blocked, id=23684, stack(0x00000091a2700000,0x00000091a2800000)]
  0x00000249f2b87300 JavaThread "Service Thread" daemon [_thread_blocked, id=4232, stack(0x00000091a2800000,0x00000091a2900000)]
  0x00000249f2b8c150 JavaThread "Monitor Deflation Thread" daemon [_thread_blocked, id=6360, stack(0x00000091a2900000,0x00000091a2a00000)]
  0x00000249f2b8cdc0 JavaThread "C2 CompilerThread0" daemon [_thread_blocked, id=18740, stack(0x00000091a2a00000,0x00000091a2b00000)]
  0x00000249f2b8f750 JavaThread "C1 CompilerThread0" daemon [_thread_blocked, id=22852, stack(0x00000091a2b00000,0x00000091a2c00000)]
  0x00000249f2b4e180 JavaThread "Common-Cleaner" daemon [_thread_blocked, id=25332, stack(0x00000091a2c00000,0x00000091a2d00000)]
  0x00000249f7164ca0 JavaThread "Monitor Ctrl-Break" daemon [_thread_in_native, id=7892, stack(0x00000091a2f00000,0x00000091a3000000)]
  0x00000249f705a3d0 JavaThread "Notification Thread" daemon [_thread_blocked, id=32396, stack(0x00000091a3000000,0x00000091a3100000)]
  0x00000249f6e29830 JavaThread "QuantumRenderer-0" daemon [_thread_blocked, id=31520, stack(0x00000091a3200000,0x00000091a3300000)]
  0x00000249f78fe810 JavaThread "InvokeLaterDispatcher" daemon [_thread_blocked, id=7452, stack(0x00000091a3300000,0x00000091a3400000)]
  0x00000249f7837f50 JavaThread "JavaFX Application Thread" [_thread_in_native, id=10860, stack(0x00000091a3400000,0x00000091a3500000)]
  0x00000249f7a20270 JavaThread "Thread-1" daemon [_thread_in_native, id=31020, stack(0x00000091a3800000,0x00000091a3900000)]
  0x00000249f7a20bd0 JavaThread "JavaFX-Launcher" [_thread_blocked, id=33028, stack(0x00000091a2d00000,0x00000091a2e00000)]
  0x00000249f7bbaec0 JavaThread "Prism Font Disposer" daemon [_thread_blocked, id=21196, stack(0x00000091a4100000,0x00000091a4200000)]
  0x00000249f7bb9980 JavaThread "Cleaner-0" daemon [_thread_blocked, id=13132, stack(0x00000091a4200000,0x00000091a4300000)]
  0x00000249f7bbbeb0 JavaThread "SIGINT handler" daemon [_thread_blocked, id=32872, stack(0x00000091a2e00000,0x00000091a2f00000)]

Other Threads:
=>0x00000249f2b650b0 VMThread "VM Thread" [stack: 0x00000091a2300000,0x00000091a2400000] [id=28224]
  0x00000249d3679700 WorkerThread "GC Thread#0" [stack: 0x00000091a1e00000,0x00000091a1f00000] [id=17164]
  0x00000249f7a51310 WorkerThread "GC Thread#1" [stack: 0x00000091a3900000,0x00000091a3a00000] [id=20756]
  0x00000249f7a45660 WorkerThread "GC Thread#2" [stack: 0x00000091a3a00000,0x00000091a3b00000] [id=32756]
  0x00000249f7af3690 WorkerThread "GC Thread#3" [stack: 0x00000091a3b00000,0x00000091a3c00000] [id=27048]
  0x00000249f7b1a5d0 WorkerThread "GC Thread#4" [stack: 0x00000091a3c00000,0x00000091a3d00000] [id=33532]
  0x00000249f7b1b980 WorkerThread "GC Thread#5" [stack: 0x00000091a3d00000,0x00000091a3e00000] [id=33376]
  0x00000249f7b1a030 WorkerThread "GC Thread#6" [stack: 0x00000091a4700000,0x00000091a4800000] [id=30264]
  0x00000249f7b1a300 WorkerThread "GC Thread#7" [stack: 0x00000091a4800000,0x00000091a4900000] [id=2664]
  0x00000249d368a5b0 ConcurrentGCThread "G1 Main Marker" terminated
  0x00000249d368c790 WorkerThread "G1 Conc#0" [stack: 0x00000091a2000000,0x00000091a2100000] [id=30980]
  0x00000249d36deb50 ConcurrentGCThread "G1 Refine#0" terminated
  0x00000249f2a20790 ConcurrentGCThread "G1 Service" terminated

Threads with active compile tasks:

VM state: at safepoint (shutting down)

VM Mutex/Monitor currently owned by a thread:  ([mutex/lock_event])
[0x00000249d3605c80] Threads_lock - owner thread: 0x00000249f2b650b0
[0x00000249d36095e0] Heap_lock - owner thread: 0x00000249f7bbbeb0

Heap address: 0x0000000702000000, size: 4064 MB, Compressed Oops mode: Zero based, Oop shift amount: 3

CDS archive(s) mapped at: [0x0000000800000000-0x0000000800c60000-0x0000000800c60000), size 12976128, SharedBaseAddress: 0x0000000800000000, ArchiveRelocationMode: 0.
Compressed class space mapped at: 0x0000000801000000-0x0000000841000000, reserved size: 1073741824
Narrow klass base: 0x0000000800000000, Narrow klass shift: 0, Narrow klass range: 0x100000000

GC Precious Log:
 CardTable entry size: 512
 Card Set container configuration: InlinePtr #cards 4 size 8 Array Of Cards #cards 16 size 48 Howl #buckets 8 coarsen threshold 3686 Howl Bitmap #cards 512 size 80 coarsen threshold 460 Card regions per heap region 1 cards per card region 4096
 CPUs: 8 total, 8 available
 Memory: 16254M
 Large Page Support: Disabled
 NUMA Support: Disabled
 Compressed Oops: Enabled (Zero based)
 Heap Region Size: 2M
 Heap Min Capacity: 8M
 Heap Initial Capacity: 254M
 Heap Max Capacity: 4064M
 Pre-touch: Disabled
 Parallel Workers: 8
 Concurrent Workers: 2
 Concurrent Refinement Workers: 8
 Periodic GC: Disabled

Heap:
 garbage-first heap   total 260096K, used 26428K [0x0000000702000000, 0x0000000800000000)
  region size 2048K, 11 young (22528K), 3 survivors (6144K)
 Metaspace       used 17711K, committed 18112K, reserved 1114112K
  class space    used 2524K, committed 2688K, reserved 1048576K

Heap Regions: E=young(eden), S=young(survivor), O=old, HS=humongous(starts), HC=humongous(continues), CS=collection set, F=free, OA=open archive, CA=closed archive, TAMS=top-at-mark-start, PB=parsable bottom
|   0|0x0000000702000000, 0x0000000702200000, 0x0000000702200000|100%|HS|  |TAMS 0x0000000702000000| PB 0x0000000702000000| Complete 
|   1|0x0000000702200000, 0x00000007023cf000, 0x0000000702400000| 90%| O|  |TAMS 0x0000000702200000| PB 0x0000000702200000| Untracked 
|   2|0x0000000702400000, 0x0000000702600000, 0x0000000702600000|100%|HS|  |TAMS 0x0000000702400000| PB 0x0000000702400000| Complete 
|   3|0x0000000702600000, 0x0000000702600000, 0x0000000702800000|  0%| F|  |TAMS 0x0000000702600000| PB 0x0000000702600000| Untracked 
|   4|0x0000000702800000, 0x0000000702800000, 0x0000000702a00000|  0%| F|  |TAMS 0x0000000702800000| PB 0x0000000702800000| Untracked 
|   5|0x0000000702a00000, 0x0000000702a00000, 0x0000000702c00000|  0%| F|  |TAMS 0x0000000702a00000| PB 0x0000000702a00000| Untracked 
|   6|0x0000000702c00000, 0x0000000702c00000, 0x0000000702e00000|  0%| F|  |TAMS 0x0000000702c00000| PB 0x0000000702c00000| Untracked 
|   7|0x0000000702e00000, 0x0000000702e00000, 0x0000000703000000|  0%| F|  |TAMS 0x0000000702e00000| PB 0x0000000702e00000| Untracked 
|   8|0x0000000703000000, 0x0000000703000000, 0x0000000703200000|  0%| F|  |TAMS 0x0000000703000000| PB 0x0000000703000000| Untracked 
|   9|0x0000000703200000, 0x0000000703200000, 0x0000000703400000|  0%| F|  |TAMS 0x0000000703200000| PB 0x0000000703200000| Untracked 
|  10|0x0000000703400000, 0x0000000703400000, 0x0000000703600000|  0%| F|  |TAMS 0x0000000703400000| PB 0x0000000703400000| Untracked 
|  11|0x0000000703600000, 0x0000000703600000, 0x0000000703800000|  0%| F|  |TAMS 0x0000000703600000| PB 0x0000000703600000| Untracked 
|  12|0x0000000703800000, 0x0000000703800000, 0x0000000703a00000|  0%| F|  |TAMS 0x0000000703800000| PB 0x0000000703800000| Untracked 
|  13|0x0000000703a00000, 0x0000000703a00000, 0x0000000703c00000|  0%| F|  |TAMS 0x0000000703a00000| PB 0x0000000703a00000| Untracked 
|  14|0x0000000703c00000, 0x0000000703c00000, 0x0000000703e00000|  0%| F|  |TAMS 0x0000000703c00000| PB 0x0000000703c00000| Untracked 
|  15|0x0000000703e00000, 0x0000000703e00000, 0x0000000704000000|  0%| F|  |TAMS 0x0000000703e00000| PB 0x0000000703e00000| Untracked 
|  16|0x0000000704000000, 0x0000000704000000, 0x0000000704200000|  0%| F|  |TAMS 0x0000000704000000| PB 0x0000000704000000| Untracked 
|  17|0x0000000704200000, 0x0000000704200000, 0x0000000704400000|  0%| F|  |TAMS 0x0000000704200000| PB 0x0000000704200000| Untracked 
|  18|0x0000000704400000, 0x0000000704400000, 0x0000000704600000|  0%| F|  |TAMS 0x0000000704400000| PB 0x0000000704400000| Untracked 
|  19|0x0000000704600000, 0x0000000704600000, 0x0000000704800000|  0%| F|  |TAMS 0x0000000704600000| PB 0x0000000704600000| Untracked 
|  20|0x0000000704800000, 0x0000000704800000, 0x0000000704a00000|  0%| F|  |TAMS 0x0000000704800000| PB 0x0000000704800000| Untracked 
|  21|0x0000000704a00000, 0x0000000704a00000, 0x0000000704c00000|  0%| F|  |TAMS 0x0000000704a00000| PB 0x0000000704a00000| Untracked 
|  22|0x0000000704c00000, 0x0000000704c00000, 0x0000000704e00000|  0%| F|  |TAMS 0x0000000704c00000| PB 0x0000000704c00000| Untracked 
|  23|0x0000000704e00000, 0x0000000704e00000, 0x0000000705000000|  0%| F|  |TAMS 0x0000000704e00000| PB 0x0000000704e00000| Untracked 
|  24|0x0000000705000000, 0x0000000705000000, 0x0000000705200000|  0%| F|  |TAMS 0x0000000705000000| PB 0x0000000705000000| Untracked 
|  25|0x0000000705200000, 0x0000000705200000, 0x0000000705400000|  0%| F|  |TAMS 0x0000000705200000| PB 0x0000000705200000| Untracked 
|  26|0x0000000705400000, 0x0000000705400000, 0x0000000705600000|  0%| F|  |TAMS 0x0000000705400000| PB 0x0000000705400000| Untracked 
|  27|0x0000000705600000, 0x0000000705600000, 0x0000000705800000|  0%| F|  |TAMS 0x0000000705600000| PB 0x0000000705600000| Untracked 
|  28|0x0000000705800000, 0x0000000705800000, 0x0000000705a00000|  0%| F|  |TAMS 0x0000000705800000| PB 0x0000000705800000| Untracked 
|  29|0x0000000705a00000, 0x0000000705a00000, 0x0000000705c00000|  0%| F|  |TAMS 0x0000000705a00000| PB 0x0000000705a00000| Untracked 
|  30|0x0000000705c00000, 0x0000000705c00000, 0x0000000705e00000|  0%| F|  |TAMS 0x0000000705c00000| PB 0x0000000705c00000| Untracked 
|  31|0x0000000705e00000, 0x0000000705e00000, 0x0000000706000000|  0%| F|  |TAMS 0x0000000705e00000| PB 0x0000000705e00000| Untracked 
|  32|0x0000000706000000, 0x0000000706000000, 0x0000000706200000|  0%| F|  |TAMS 0x0000000706000000| PB 0x0000000706000000| Untracked 
|  33|0x0000000706200000, 0x0000000706200000, 0x0000000706400000|  0%| F|  |TAMS 0x0000000706200000| PB 0x0000000706200000| Untracked 
|  34|0x0000000706400000, 0x0000000706400000, 0x0000000706600000|  0%| F|  |TAMS 0x0000000706400000| PB 0x0000000706400000| Untracked 
|  35|0x0000000706600000, 0x0000000706600000, 0x0000000706800000|  0%| F|  |TAMS 0x0000000706600000| PB 0x0000000706600000| Untracked 
|  36|0x0000000706800000, 0x0000000706800000, 0x0000000706a00000|  0%| F|  |TAMS 0x0000000706800000| PB 0x0000000706800000| Untracked 
|  37|0x0000000706a00000, 0x0000000706a00000, 0x0000000706c00000|  0%| F|  |TAMS 0x0000000706a00000| PB 0x0000000706a00000| Untracked 
|  38|0x0000000706c00000, 0x0000000706c00000, 0x0000000706e00000|  0%| F|  |TAMS 0x0000000706c00000| PB 0x0000000706c00000| Untracked 
|  39|0x0000000706e00000, 0x0000000706e00000, 0x0000000707000000|  0%| F|  |TAMS 0x0000000706e00000| PB 0x0000000706e00000| Untracked 
|  40|0x0000000707000000, 0x0000000707000000, 0x0000000707200000|  0%| F|  |TAMS 0x0000000707000000| PB 0x0000000707000000| Untracked 
|  41|0x0000000707200000, 0x0000000707200000, 0x0000000707400000|  0%| F|  |TAMS 0x0000000707200000| PB 0x0000000707200000| Untracked 
|  42|0x0000000707400000, 0x0000000707400000, 0x0000000707600000|  0%| F|  |TAMS 0x0000000707400000| PB 0x0000000707400000| Untracked 
|  43|0x0000000707600000, 0x0000000707600000, 0x0000000707800000|  0%| F|  |TAMS 0x0000000707600000| PB 0x0000000707600000| Untracked 
|  44|0x0000000707800000, 0x0000000707800000, 0x0000000707a00000|  0%| F|  |TAMS 0x0000000707800000| PB 0x0000000707800000| Untracked 
|  45|0x0000000707a00000, 0x0000000707a00000, 0x0000000707c00000|  0%| F|  |TAMS 0x0000000707a00000| PB 0x0000000707a00000| Untracked 
|  46|0x0000000707c00000, 0x0000000707c00000, 0x0000000707e00000|  0%| F|  |TAMS 0x0000000707c00000| PB 0x0000000707c00000| Untracked 
|  47|0x0000000707e00000, 0x0000000707e00000, 0x0000000708000000|  0%| F|  |TAMS 0x0000000707e00000| PB 0x0000000707e00000| Untracked 
|  48|0x0000000708000000, 0x0000000708000000, 0x0000000708200000|  0%| F|  |TAMS 0x0000000708000000| PB 0x0000000708000000| Untracked 
|  49|0x0000000708200000, 0x0000000708200000, 0x0000000708400000|  0%| F|  |TAMS 0x0000000708200000| PB 0x0000000708200000| Untracked 
|  50|0x0000000708400000, 0x0000000708400000, 0x0000000708600000|  0%| F|  |TAMS 0x0000000708400000| PB 0x0000000708400000| Untracked 
|  51|0x0000000708600000, 0x0000000708600000, 0x0000000708800000|  0%| F|  |TAMS 0x0000000708600000| PB 0x0000000708600000| Untracked 
|  52|0x0000000708800000, 0x0000000708800000, 0x0000000708a00000|  0%| F|  |TAMS 0x0000000708800000| PB 0x0000000708800000| Untracked 
|  53|0x0000000708a00000, 0x0000000708a00000, 0x0000000708c00000|  0%| F|  |TAMS 0x0000000708a00000| PB 0x0000000708a00000| Untracked 
|  54|0x0000000708c00000, 0x0000000708c00000, 0x0000000708e00000|  0%| F|  |TAMS 0x0000000708c00000| PB 0x0000000708c00000| Untracked 
|  55|0x0000000708e00000, 0x0000000708e00000, 0x0000000709000000|  0%| F|  |TAMS 0x0000000708e00000| PB 0x0000000708e00000| Untracked 
|  56|0x0000000709000000, 0x0000000709000000, 0x0000000709200000|  0%| F|  |TAMS 0x0000000709000000| PB 0x0000000709000000| Untracked 
|  57|0x0000000709200000, 0x0000000709200000, 0x0000000709400000|  0%| F|  |TAMS 0x0000000709200000| PB 0x0000000709200000| Untracked 
|  58|0x0000000709400000, 0x0000000709400000, 0x0000000709600000|  0%| F|  |TAMS 0x0000000709400000| PB 0x0000000709400000| Untracked 
|  59|0x0000000709600000, 0x0000000709600000, 0x0000000709800000|  0%| F|  |TAMS 0x0000000709600000| PB 0x0000000709600000| Untracked 
|  60|0x0000000709800000, 0x0000000709800000, 0x0000000709a00000|  0%| F|  |TAMS 0x0000000709800000| PB 0x0000000709800000| Untracked 
|  61|0x0000000709a00000, 0x0000000709a00000, 0x0000000709c00000|  0%| F|  |TAMS 0x0000000709a00000| PB 0x0000000709a00000| Untracked 
|  62|0x0000000709c00000, 0x0000000709c00000, 0x0000000709e00000|  0%| F|  |TAMS 0x0000000709c00000| PB 0x0000000709c00000| Untracked 
|  63|0x0000000709e00000, 0x0000000709e00000, 0x000000070a000000|  0%| F|  |TAMS 0x0000000709e00000| PB 0x0000000709e00000| Untracked 
|  64|0x000000070a000000, 0x000000070a000000, 0x000000070a200000|  0%| F|  |TAMS 0x000000070a000000| PB 0x000000070a000000| Untracked 
|  65|0x000000070a200000, 0x000000070a200000, 0x000000070a400000|  0%| F|  |TAMS 0x000000070a200000| PB 0x000000070a200000| Untracked 
|  66|0x000000070a400000, 0x000000070a400000, 0x000000070a600000|  0%| F|  |TAMS 0x000000070a400000| PB 0x000000070a400000| Untracked 
|  67|0x000000070a600000, 0x000000070a600000, 0x000000070a800000|  0%| F|  |TAMS 0x000000070a600000| PB 0x000000070a600000| Untracked 
|  68|0x000000070a800000, 0x000000070a800000, 0x000000070aa00000|  0%| F|  |TAMS 0x000000070a800000| PB 0x000000070a800000| Untracked 
|  69|0x000000070aa00000, 0x000000070aa00000, 0x000000070ac00000|  0%| F|  |TAMS 0x000000070aa00000| PB 0x000000070aa00000| Untracked 
|  70|0x000000070ac00000, 0x000000070ac00000, 0x000000070ae00000|  0%| F|  |TAMS 0x000000070ac00000| PB 0x000000070ac00000| Untracked 
|  71|0x000000070ae00000, 0x000000070ae00000, 0x000000070b000000|  0%| F|  |TAMS 0x000000070ae00000| PB 0x000000070ae00000| Untracked 
|  72|0x000000070b000000, 0x000000070b000000, 0x000000070b200000|  0%| F|  |TAMS 0x000000070b000000| PB 0x000000070b000000| Untracked 
|  73|0x000000070b200000, 0x000000070b200000, 0x000000070b400000|  0%| F|  |TAMS 0x000000070b200000| PB 0x000000070b200000| Untracked 
|  74|0x000000070b400000, 0x000000070b400000, 0x000000070b600000|  0%| F|  |TAMS 0x000000070b400000| PB 0x000000070b400000| Untracked 
|  75|0x000000070b600000, 0x000000070b600000, 0x000000070b800000|  0%| F|  |TAMS 0x000000070b600000| PB 0x000000070b600000| Untracked 
|  76|0x000000070b800000, 0x000000070b800000, 0x000000070ba00000|  0%| F|  |TAMS 0x000000070b800000| PB 0x000000070b800000| Untracked 
|  77|0x000000070ba00000, 0x000000070ba00000, 0x000000070bc00000|  0%| F|  |TAMS 0x000000070ba00000| PB 0x000000070ba00000| Untracked 
|  78|0x000000070bc00000, 0x000000070bc00000, 0x000000070be00000|  0%| F|  |TAMS 0x000000070bc00000| PB 0x000000070bc00000| Untracked 
|  79|0x000000070be00000, 0x000000070be00000, 0x000000070c000000|  0%| F|  |TAMS 0x000000070be00000| PB 0x000000070be00000| Untracked 
|  80|0x000000070c000000, 0x000000070c000000, 0x000000070c200000|  0%| F|  |TAMS 0x000000070c000000| PB 0x000000070c000000| Untracked 
|  81|0x000000070c200000, 0x000000070c200000, 0x000000070c400000|  0%| F|  |TAMS 0x000000070c200000| PB 0x000000070c200000| Untracked 
|  82|0x000000070c400000, 0x000000070c400000, 0x000000070c600000|  0%| F|  |TAMS 0x000000070c400000| PB 0x000000070c400000| Untracked 
|  83|0x000000070c600000, 0x000000070c600000, 0x000000070c800000|  0%| F|  |TAMS 0x000000070c600000| PB 0x000000070c600000| Untracked 
|  84|0x000000070c800000, 0x000000070c800000, 0x000000070ca00000|  0%| F|  |TAMS 0x000000070c800000| PB 0x000000070c800000| Untracked 
|  85|0x000000070ca00000, 0x000000070ca00000, 0x000000070cc00000|  0%| F|  |TAMS 0x000000070ca00000| PB 0x000000070ca00000| Untracked 
|  86|0x000000070cc00000, 0x000000070cc00000, 0x000000070ce00000|  0%| F|  |TAMS 0x000000070cc00000| PB 0x000000070cc00000| Untracked 
|  87|0x000000070ce00000, 0x000000070ce00000, 0x000000070d000000|  0%| F|  |TAMS 0x000000070ce00000| PB 0x000000070ce00000| Untracked 
|  88|0x000000070d000000, 0x000000070d000000, 0x000000070d200000|  0%| F|  |TAMS 0x000000070d000000| PB 0x000000070d000000| Untracked 
|  89|0x000000070d200000, 0x000000070d200000, 0x000000070d400000|  0%| F|  |TAMS 0x000000070d200000| PB 0x000000070d200000| Untracked 
|  90|0x000000070d400000, 0x000000070d400000, 0x000000070d600000|  0%| F|  |TAMS 0x000000070d400000| PB 0x000000070d400000| Untracked 
|  91|0x000000070d600000, 0x000000070d600000, 0x000000070d800000|  0%| F|  |TAMS 0x000000070d600000| PB 0x000000070d600000| Untracked 
|  92|0x000000070d800000, 0x000000070d800000, 0x000000070da00000|  0%| F|  |TAMS 0x000000070d800000| PB 0x000000070d800000| Untracked 
|  93|0x000000070da00000, 0x000000070da00000, 0x000000070dc00000|  0%| F|  |TAMS 0x000000070da00000| PB 0x000000070da00000| Untracked 
|  94|0x000000070dc00000, 0x000000070dc00000, 0x000000070de00000|  0%| F|  |TAMS 0x000000070dc00000| PB 0x000000070dc00000| Untracked 
|  95|0x000000070de00000, 0x000000070de00000, 0x000000070e000000|  0%| F|  |TAMS 0x000000070de00000| PB 0x000000070de00000| Untracked 
|  96|0x000000070e000000, 0x000000070e000000, 0x000000070e200000|  0%| F|  |TAMS 0x000000070e000000| PB 0x000000070e000000| Untracked 
|  97|0x000000070e200000, 0x000000070e200000, 0x000000070e400000|  0%| F|  |TAMS 0x000000070e200000| PB 0x000000070e200000| Untracked 
|  98|0x000000070e400000, 0x000000070e400000, 0x000000070e600000|  0%| F|  |TAMS 0x000000070e400000| PB 0x000000070e400000| Untracked 
|  99|0x000000070e600000, 0x000000070e600000, 0x000000070e800000|  0%| F|  |TAMS 0x000000070e600000| PB 0x000000070e600000| Untracked 
| 100|0x000000070e800000, 0x000000070e800000, 0x000000070ea00000|  0%| F|  |TAMS 0x000000070e800000| PB 0x000000070e800000| Untracked 
| 101|0x000000070ea00000, 0x000000070ea00000, 0x000000070ec00000|  0%| F|  |TAMS 0x000000070ea00000| PB 0x000000070ea00000| Untracked 
| 102|0x000000070ec00000, 0x000000070ec00000, 0x000000070ee00000|  0%| F|  |TAMS 0x000000070ec00000| PB 0x000000070ec00000| Untracked 
| 103|0x000000070ee00000, 0x000000070f000000, 0x000000070f000000|100%| S|CS|TAMS 0x000000070ee00000| PB 0x000000070ee00000| Complete 
| 104|0x000000070f000000, 0x000000070f200000, 0x000000070f200000|100%| S|CS|TAMS 0x000000070f000000| PB 0x000000070f000000| Complete 
| 105|0x000000070f200000, 0x000000070f400000, 0x000000070f400000|100%| S|CS|TAMS 0x000000070f200000| PB 0x000000070f200000| Complete 
| 106|0x000000070f400000, 0x000000070f400000, 0x000000070f600000|  0%| F|  |TAMS 0x000000070f400000| PB 0x000000070f400000| Untracked 
| 107|0x000000070f600000, 0x000000070f600000, 0x000000070f800000|  0%| F|  |TAMS 0x000000070f600000| PB 0x000000070f600000| Untracked 
| 108|0x000000070f800000, 0x000000070f800000, 0x000000070fa00000|  0%| F|  |TAMS 0x000000070f800000| PB 0x000000070f800000| Untracked 
| 109|0x000000070fa00000, 0x000000070fa00000, 0x000000070fc00000|  0%| F|  |TAMS 0x000000070fa00000| PB 0x000000070fa00000| Untracked 
| 110|0x000000070fc00000, 0x000000070fc00000, 0x000000070fe00000|  0%| F|  |TAMS 0x000000070fc00000| PB 0x000000070fc00000| Untracked 
| 111|0x000000070fe00000, 0x000000070fe00000, 0x0000000710000000|  0%| F|  |TAMS 0x000000070fe00000| PB 0x000000070fe00000| Untracked 
| 112|0x0000000710000000, 0x0000000710000000, 0x0000000710200000|  0%| F|  |TAMS 0x0000000710000000| PB 0x0000000710000000| Untracked 
| 113|0x0000000710200000, 0x0000000710200000, 0x0000000710400000|  0%| F|  |TAMS 0x0000000710200000| PB 0x0000000710200000| Untracked 
| 114|0x0000000710400000, 0x0000000710400000, 0x0000000710600000|  0%| F|  |TAMS 0x0000000710400000| PB 0x0000000710400000| Untracked 
| 115|0x0000000710600000, 0x0000000710600000, 0x0000000710800000|  0%| F|  |TAMS 0x0000000710600000| PB 0x0000000710600000| Untracked 
| 116|0x0000000710800000, 0x0000000710800000, 0x0000000710a00000|  0%| F|  |TAMS 0x0000000710800000| PB 0x0000000710800000| Untracked 
| 117|0x0000000710a00000, 0x0000000710a00000, 0x0000000710c00000|  0%| F|  |TAMS 0x0000000710a00000| PB 0x0000000710a00000| Untracked 
| 118|0x0000000710c00000, 0x0000000710c00000, 0x0000000710e00000|  0%| F|  |TAMS 0x0000000710c00000| PB 0x0000000710c00000| Untracked 
| 119|0x0000000710e00000, 0x0000000710e66eb0, 0x0000000711000000| 20%| E|  |TAMS 0x0000000710e00000| PB 0x0000000710e00000| Complete 
| 120|0x0000000711000000, 0x0000000711200000, 0x0000000711200000|100%| E|CS|TAMS 0x0000000711000000| PB 0x0000000711000000| Complete 
| 121|0x0000000711200000, 0x0000000711400000, 0x0000000711400000|100%| E|CS|TAMS 0x0000000711200000| PB 0x0000000711200000| Complete 
| 122|0x0000000711400000, 0x0000000711600000, 0x0000000711600000|100%| E|CS|TAMS 0x0000000711400000| PB 0x0000000711400000| Complete 
| 123|0x0000000711600000, 0x0000000711800000, 0x0000000711800000|100%| E|CS|TAMS 0x0000000711600000| PB 0x0000000711600000| Complete 
| 124|0x0000000711800000, 0x0000000711a00000, 0x0000000711a00000|100%| E|CS|TAMS 0x0000000711800000| PB 0x0000000711800000| Complete 
| 125|0x0000000711a00000, 0x0000000711c00000, 0x0000000711c00000|100%| E|CS|TAMS 0x0000000711a00000| PB 0x0000000711a00000| Complete 
| 126|0x0000000711c00000, 0x0000000711e00000, 0x0000000711e00000|100%| E|CS|TAMS 0x0000000711c00000| PB 0x0000000711c00000| Complete 

Card table byte_map: [0x00000249eb1f0000,0x00000249eb9e0000] _byte_map_base: 0x00000249e79e0000

Marking Bits: (CMBitMap*) 0x00000249d3679d30
 Bits: [0x00000249ec1d0000, 0x00000249f0150000)

Polling page: 0x00000249d1550000

Metaspace:

Usage:
  Non-class:     14.83 MB used.
      Class:      2.46 MB used.
       Both:     17.30 MB used.

Virtual space:
  Non-class space:       64.00 MB reserved,      15.06 MB ( 24%) committed,  1 nodes.
      Class space:        1.00 GB reserved,       2.62 MB ( <1%) committed,  1 nodes.
             Both:        1.06 GB reserved,      17.69 MB (  2%) committed. 

Chunk freelists:
   Non-Class:  688.00 KB
       Class:  1.36 MB
        Both:  2.03 MB

MaxMetaspaceSize: unlimited
CompressedClassSpaceSize: 1.00 GB
Initial GC threshold: 21.00 MB
Current GC threshold: 21.00 MB
CDS: on
MetaspaceReclaimPolicy: balanced
 - commit_granule_bytes: 65536.
 - commit_granule_words: 8192.
 - virtual_space_node_default_size: 8388608.
 - enlarge_chunks_in_place: 1.
 - new_chunks_are_fully_committed: 0.
 - uncommit_free_chunks: 1.
 - use_allocation_guard: 0.


Internal statistics:

num_allocs_failed_limit: 0.
num_arena_births: 412.
num_arena_deaths: 0.
num_vsnodes_births: 2.
num_vsnodes_deaths: 0.
num_space_committed: 283.
num_space_uncommitted: 0.
num_chunks_returned_to_freelist: 0.
num_chunks_taken_from_freelist: 1013.
num_chunk_merges: 0.
num_chunk_splits: 677.
num_chunks_enlarged: 483.
num_inconsistent_stats: 0.

CodeHeap 'non-profiled nmethods': size=120000Kb used=1335Kb max_used=1335Kb free=118664Kb
 bounds [0x00000249e31a0000, 0x00000249e3410000, 0x00000249ea6d0000]
CodeHeap 'profiled nmethods': size=120000Kb used=5989Kb max_used=5989Kb free=114010Kb
 bounds [0x00000249db6d0000, 0x00000249dbcb0000, 0x00000249e2c00000]
CodeHeap 'non-nmethods': size=5760Kb used=1871Kb max_used=1922Kb free=3888Kb
 bounds [0x00000249e2c00000, 0x00000249e2e70000, 0x00000249e31a0000]
 total_blobs=3926 nmethods=3101 adapters=735
 compilation: enabled
              stopped_count=0, restarted_count=0
 full_count=0

Compilation events (20 events):
Event: 11.863 Thread 0x00000249f2b8f750 3094       1       com.sun.javafx.scene.control.behavior.BehaviorBase::getNode (5 bytes)
Event: 11.863 Thread 0x00000249f2b8f750 nmethod 3094 0x00000249e32ed090 code [0x00000249e32ed200, 0x00000249e32ed2d0]
Event: 11.959 Thread 0x00000249f2b8f750 3095       3       java.lang.Class::forName (41 bytes)
Event: 11.959 Thread 0x00000249f2b8f750 nmethod 3095 0x00000249dbca7c90 code [0x00000249dbca7e40, 0x00000249dbca8038]
Event: 12.135 Thread 0x00000249f2b8cdc0 3096       4       com.sun.glass.ui.Application::checkEventThread (35 bytes)
Event: 12.135 Thread 0x00000249f2b8cdc0 nmethod 3096 0x00000249e32ed390 code [0x00000249e32ed500, 0x00000249e32ed5a0]
Event: 12.473 Thread 0x00000249f2b8f750 3097       1       javafx.animation.Animation$AnimationReadOnlyProperty::get (5 bytes)
Event: 12.473 Thread 0x00000249f2b8f750 nmethod 3097 0x00000249e32ed690 code [0x00000249e32ed800, 0x00000249e32ed8d0]
Event: 12.473 Thread 0x00000249f2b8f750 3098       3       com.sun.javafx.css.PseudoClassState::contains (6 bytes)
Event: 12.473 Thread 0x00000249f2b8f750 nmethod 3098 0x00000249dbca8110 code [0x00000249dbca82a0, 0x00000249dbca83e0]
Event: 12.473 Thread 0x00000249f2b8f750 3100       3       javafx.event.Event::consume (6 bytes)
Event: 12.473 Thread 0x00000249f2b8f750 nmethod 3100 0x00000249dbca8490 code [0x00000249dbca8620, 0x00000249dbca8730]
Event: 12.473 Thread 0x00000249f2b8f750 3099       3       com.sun.javafx.css.BitSet::contains (63 bytes)
Event: 12.473 Thread 0x00000249f2b8f750 nmethod 3099 0x00000249dbca8810 code [0x00000249dbca89e0, 0x00000249dbca8ec8]
Event: 12.558 Thread 0x00000249f2b8cdc0 3101       4       java.lang.invoke.Invokers$Holder::linkToTargetMethod (8 bytes)
Event: 12.559 Thread 0x00000249f2b8cdc0 nmethod 3101 0x00000249e32ed990 code [0x00000249e32edb00, 0x00000249e32edbc8]
Event: 12.559 Thread 0x00000249f2b8cdc0 3102       4       java.lang.invoke.LambdaForm$MH/0x0000000801000800::invoke (8 bytes)
Event: 12.560 Thread 0x00000249f2b8cdc0 nmethod 3102 0x00000249e32edc90 code [0x00000249e32ede00, 0x00000249e32edea0]
Event: 12.591 Thread 0x00000249f2b8f750 3103       3       javafx.scene.Node$1::intersects (7 bytes)
Event: 12.591 Thread 0x00000249f2b8f750 nmethod 3103 0x00000249dbca9090 code [0x00000249dbca9220, 0x00000249dbca9370]

GC Heap History (4 events):
Event: 0.614 GC heap before
{Heap before GC invocations=0 (full 0):
 garbage-first heap   total 260096K, used 20480K [0x0000000702000000, 0x0000000800000000)
  region size 2048K, 11 young (22528K), 0 survivors (0K)
 Metaspace       used 5112K, committed 5376K, reserved 1114112K
  class space    used 594K, committed 704K, reserved 1048576K
}
Event: 0.616 GC heap after
{Heap after GC invocations=1 (full 0):
 garbage-first heap   total 260096K, used 2730K [0x0000000702000000, 0x0000000800000000)
  region size 2048K, 2 young (4096K), 2 survivors (4096K)
 Metaspace       used 5112K, committed 5376K, reserved 1114112K
  class space    used 594K, committed 704K, reserved 1048576K
}
Event: 5.595 GC heap before
{Heap before GC invocations=1 (full 0):
 garbage-first heap   total 260096K, used 43690K [0x0000000702000000, 0x0000000800000000)
  region size 2048K, 21 young (43008K), 2 survivors (4096K)
 Metaspace       used 15821K, committed 16128K, reserved 1114112K
  class space    used 2169K, committed 2304K, reserved 1048576K
}
Event: 5.602 GC heap after
{Heap after GC invocations=2 (full 0):
 garbage-first heap   total 260096K, used 10044K [0x0000000702000000, 0x0000000800000000)
  region size 2048K, 3 young (6144K), 3 survivors (6144K)
 Metaspace       used 15821K, committed 16128K, reserved 1114112K
  class space    used 2169K, committed 2304K, reserved 1048576K
}

Dll operation events (20 events):
Event: 0.377 Loaded shared library C:\Users\shara\.openjfx\cache\17.0.2-ea\api-ms-win-crt-filesystem-l1-1-0.dll
Event: 0.380 Loaded shared library C:\Users\shara\.openjfx\cache\17.0.2-ea\api-ms-win-crt-heap-l1-1-0.dll
Event: 0.383 Loaded shared library C:\Users\shara\.openjfx\cache\17.0.2-ea\api-ms-win-crt-locale-l1-1-0.dll
Event: 0.386 Loaded shared library C:\Users\shara\.openjfx\cache\17.0.2-ea\api-ms-win-crt-math-l1-1-0.dll
Event: 0.388 Loaded shared library C:\Users\shara\.openjfx\cache\17.0.2-ea\api-ms-win-crt-multibyte-l1-1-0.dll
Event: 0.391 Loaded shared library C:\Users\shara\.openjfx\cache\17.0.2-ea\api-ms-win-crt-private-l1-1-0.dll
Event: 0.393 Loaded shared library C:\Users\shara\.openjfx\cache\17.0.2-ea\api-ms-win-crt-process-l1-1-0.dll
Event: 0.396 Loaded shared library C:\Users\shara\.openjfx\cache\17.0.2-ea\api-ms-win-crt-runtime-l1-1-0.dll
Event: 0.399 Loaded shared library C:\Users\shara\.openjfx\cache\17.0.2-ea\api-ms-win-crt-stdio-l1-1-0.dll
Event: 0.402 Loaded shared library C:\Users\shara\.openjfx\cache\17.0.2-ea\api-ms-win-crt-string-l1-1-0.dll
Event: 0.405 Loaded shared library C:\Users\shara\.openjfx\cache\17.0.2-ea\api-ms-win-crt-time-l1-1-0.dll
Event: 0.408 Loaded shared library C:\Users\shara\.openjfx\cache\17.0.2-ea\api-ms-win-crt-utility-l1-1-0.dll
Event: 0.423 Loaded shared library C:\Users\shara\.openjfx\cache\17.0.2-ea\ucrtbase.dll
Event: 0.427 Loaded shared library C:\Users\shara\.openjfx\cache\17.0.2-ea\vcruntime140.dll
Event: 0.431 Loaded shared library C:\Users\shara\.openjfx\cache\17.0.2-ea\vcruntime140_1.dll
Event: 0.439 Loaded shared library C:\Users\shara\.openjfx\cache\17.0.2-ea\msvcp140.dll
Event: 0.473 Loaded shared library C:\Users\shara\.openjfx\cache\17.0.2-ea\prism_d3d.dll
Event: 0.505 Loaded shared library C:\Users\shara\.openjfx\cache\17.0.2-ea\glass.dll
Event: 0.609 Loaded shared library C:\Users\shara\.jdks\openjdk-20.0.1\bin\jimage.dll
Event: 0.798 Loaded shared library C:\Users\shara\.openjfx\cache\17.0.2-ea\javafx_font.dll

Deoptimization events (20 events):
Event: 5.847 Thread 0x00000249f7837f50 Uncommon trap: trap_request=0xffffffc6 fr.pc=0x00000249e32d2038 relative=0x0000000000000098
Event: 5.847 Thread 0x00000249f7837f50 Uncommon trap: reason=bimorphic_or_optimized_type_check action=maybe_recompile pc=0x00000249e32d2038 method=javafx.beans.property.DoublePropertyBase.get()D @ 23 c2
Event: 5.847 Thread 0x00000249f7837f50 DEOPT PACKING pc=0x00000249e32d2038 sp=0x00000091a34f9460
Event: 5.847 Thread 0x00000249f7837f50 DEOPT UNPACKING pc=0x00000249e2c69d22 sp=0x00000091a34f93f0 mode 2
Event: 5.902 Thread 0x00000249f6e29830 Uncommon trap: trap_request=0xffffff45 fr.pc=0x00000249e328c948 relative=0x0000000000003288
Event: 5.902 Thread 0x00000249f6e29830 Uncommon trap: reason=unstable_if action=reinterpret pc=0x00000249e328c948 method=com.sun.marlin.Renderer._endRendering(IILcom/sun/marlin/MarlinAlphaConsumer;)V @ 1092 c2
Event: 5.902 Thread 0x00000249f6e29830 DEOPT PACKING pc=0x00000249e328c948 sp=0x00000091a32fd6c0
Event: 5.902 Thread 0x00000249f6e29830 DEOPT UNPACKING pc=0x00000249e2c69d22 sp=0x00000091a32fd520 mode 2
Event: 5.902 Thread 0x00000249f6e29830 Uncommon trap: trap_request=0xffffff45 fr.pc=0x00000249e32866f8 relative=0x0000000000000558
Event: 5.902 Thread 0x00000249f6e29830 Uncommon trap: reason=unstable_if action=reinterpret pc=0x00000249e32866f8 method=com.sun.marlin.MaskMarlinAlphaConsumer.setAndClearRelativeAlphas([IIII)V @ 69 c2
Event: 5.902 Thread 0x00000249f6e29830 DEOPT PACKING pc=0x00000249e32866f8 sp=0x00000091a32fd470
Event: 5.902 Thread 0x00000249f6e29830 DEOPT UNPACKING pc=0x00000249e2c69d22 sp=0x00000091a32fd3a8 mode 2
Event: 5.903 Thread 0x00000249f6e29830 Uncommon trap: trap_request=0xffffff45 fr.pc=0x00000249e3280614 relative=0x0000000000002cf4
Event: 5.903 Thread 0x00000249f6e29830 Uncommon trap: reason=unstable_if action=reinterpret pc=0x00000249e3280614 method=com.sun.marlin.Renderer._endRendering(IILcom/sun/marlin/MarlinAlphaConsumer;)V @ 1926 c2
Event: 5.903 Thread 0x00000249f6e29830 DEOPT PACKING pc=0x00000249e3280614 sp=0x00000091a32fd5d0
Event: 5.903 Thread 0x00000249f6e29830 DEOPT UNPACKING pc=0x00000249e2c69d22 sp=0x00000091a32fd518 mode 2
Event: 5.923 Thread 0x00000249f6e29830 DEOPT PACKING pc=0x00000249dbc45283 sp=0x00000091a32fdef0
Event: 5.923 Thread 0x00000249f6e29830 DEOPT UNPACKING pc=0x00000249e2c6a4c2 sp=0x00000091a32fd3a0 mode 0
Event: 5.939 Thread 0x00000249f6e29830 DEOPT PACKING pc=0x00000249dbc45283 sp=0x00000091a32fdf00
Event: 5.939 Thread 0x00000249f6e29830 DEOPT UNPACKING pc=0x00000249e2c6a4c2 sp=0x00000091a32fd3b0 mode 0

Classes loaded (20 events):
Event: 5.469 Loading class java/lang/reflect/WildcardType done
Event: 5.469 Loading class sun/reflect/generics/reflectiveObjects/WildcardTypeImpl done
Event: 5.686 Loading class java/lang/FdLibm$Hypot
Event: 5.686 Loading class java/lang/FdLibm$Hypot done
Event: 5.686 Loading class java/lang/FdLibm
Event: 5.686 Loading class java/lang/FdLibm done
Event: 5.792 Loading class java/text/BreakIterator
Event: 5.793 Loading class java/text/BreakIterator done
Event: 5.793 Loading class sun/util/locale/provider/BreakIteratorProviderImpl
Event: 5.793 Loading class sun/util/locale/provider/BreakIteratorProviderImpl done
Event: 5.794 Loading class sun/util/locale/provider/BreakIteratorProviderImpl$GraphemeBreakIterator
Event: 5.794 Loading class sun/util/locale/provider/BreakIteratorProviderImpl$GraphemeBreakIterator done
Event: 5.794 Loading class java/text/StringCharacterIterator
Event: 5.794 Loading class java/text/StringCharacterIterator done
Event: 5.794 Loading class sun/util/locale/provider/BreakIteratorProviderImpl$CharacterIteratorCharSequence
Event: 5.794 Loading class sun/util/locale/provider/BreakIteratorProviderImpl$CharacterIteratorCharSequence done
Event: 5.794 Loading class java/text/BreakIterator$BreakIteratorCache
Event: 5.794 Loading class java/text/BreakIterator$BreakIteratorCache done
Event: 14.095 Loading class jdk/internal/misc/Signal$1
Event: 14.095 Loading class jdk/internal/misc/Signal$1 done

Classes unloaded (0 events):
No events

Classes redefined (0 events):
No events

Internal exceptions (20 events):
Event: 0.933 Thread 0x00000249f7837f50 Implicit null exception at 0x00000249e32198a0 to 0x00000249e3219b28
Event: 0.933 Thread 0x00000249f7837f50 Implicit null exception at 0x00000249e31eea20 to 0x00000249e31eec0c
Event: 0.984 Thread 0x00000249f7837f50 Implicit null exception at 0x00000249e321b212 to 0x00000249e321b888
Event: 1.054 Thread 0x00000249f7837f50 Exception <a 'java/lang/IncompatibleClassChangeError'{0x000000071023d7d8}: Found class java.lang.Object, but interface was expected> (0x000000071023d7d8) 
thrown [s\open\src\hotspot\share\interpreter\linkResolver.cpp, line 840]
Event: 1.089 Thread 0x00000249f7837f50 Exception <a 'java/lang/NoSuchMethodError'{0x0000000710362068}: 'int java.lang.invoke.DirectMethodHandle$Holder.invokeSpecial(java.lang.Object, java.lang.Object, int)'> (0x0000000710362068) 
thrown [s\open\src\hotspot\share\interpreter\linkResolver.cpp, line 773]
Event: 1.102 Thread 0x00000249f7837f50 Exception <a 'java/lang/NoSuchMethodError'{0x00000007103e3a38}: 'java.lang.Object java.lang.invoke.DirectMethodHandle$Holder.newInvokeSpecial(java.lang.Object, java.lang.Object, int)'> (0x00000007103e3a38) 
thrown [s\open\src\hotspot\share\interpreter\linkResolver.cpp, line 773]
Event: 1.122 Thread 0x00000249f6e29830 Exception <a 'java/lang/NoSuchMethodError'{0x0000000710052e70}: 'int java.lang.invoke.DirectMethodHandle$Holder.invokeStaticInit(java.lang.Object, java.lang.Object)'> (0x0000000710052e70) 
thrown [s\open\src\hotspot\share\interpreter\linkResolver.cpp, line 773]
Event: 3.299 Thread 0x00000249f7837f50 Exception <a 'java/lang/NoSuchMethodError'{0x000000070fc9df10}: 'long java.lang.invoke.DirectMethodHandle$Holder.invokeStatic(java.lang.Object, java.lang.Object, java.lang.Object)'> (0x000000070fc9df10) 
thrown [s\open\src\hotspot\share\interpreter\linkResolver.cpp, line 773]
Event: 3.299 Thread 0x00000249f7837f50 Exception <a 'java/lang/NoSuchMethodError'{0x000000070fca12e0}: 'long java.lang.invoke.DirectMethodHandle$Holder.invokeStaticInit(java.lang.Object, java.lang.Object, java.lang.Object)'> (0x000000070fca12e0) 
thrown [s\open\src\hotspot\share\interpreter\linkResolver.cpp, line 773]
Event: 3.301 Thread 0x00000249f7837f50 Exception <a 'java/lang/NoSuchMethodError'{0x000000070fcb9718}: 'java.lang.Object java.lang.invoke.DirectMethodHandle$Holder.newInvokeSpecial(java.lang.Object, java.lang.Object, long)'> (0x000000070fcb9718) 
thrown [s\open\src\hotspot\share\interpreter\linkResolver.cpp, line 773]
Event: 3.301 Thread 0x00000249f7837f50 Exception <a 'java/lang/NoSuchMethodError'{0x000000070fcbd010}: 'java.lang.Object java.lang.invoke.Invokers$Holder.linkToTargetMethod(java.lang.Object, long, java.lang.Object)'> (0x000000070fcbd010) 
thrown [s\open\src\hotspot\share\interpreter\linkResolver.cpp, line 773]
Event: 5.535 Thread 0x00000249f7837f50 Exception <a 'java/lang/ClassNotFoundException'{0x000000070f7156e0}: com/sun/javafx/scene/control/skin/resources/controls> (0x000000070f7156e0) 
thrown [s\open\src\hotspot\share\prims\jni.cpp, line 538]
Event: 5.536 Thread 0x00000249f7837f50 Exception <a 'java/lang/ClassNotFoundException'{0x000000070f723cd0}: com/sun/javafx/scene/control/skin/resources/controls_en> (0x000000070f723cd0) 
thrown [s\open\src\hotspot\share\prims\jni.cpp, line 538]
Event: 5.536 Thread 0x00000249f7837f50 Exception <a 'java/lang/ClassNotFoundException'{0x000000070f725490}: com/sun/javafx/scene/control/skin/resources/controls_en_GB> (0x000000070f725490) 
thrown [s\open\src\hotspot\share\prims\jni.cpp, line 538]
Event: 5.662 Thread 0x00000249f7837f50 Exception <a 'java/lang/NoSuchMethodError'{0x0000000711b7e770}: 'void java.lang.invoke.DirectMethodHandle$Holder.invokeSpecial(java.lang.Object, java.lang.Object, java.lang.Object, java.lang.Object, java.lang.Object, java.lang.Object)'> (0x0000000711b7e770) 
thrown [s\open\src\hotspot\share\interpreter\linkResolver.cpp, line 773]
Event: 5.897 Thread 0x00000249f6e29830 Exception <a 'java/lang/NoSuchMethodError'{0x00000007112b1e18}: 'java.lang.Object java.lang.invoke.DirectMethodHandle$Holder.invokeStaticInit(java.lang.Object, int)'> (0x00000007112b1e18) 
thrown [s\open\src\hotspot\share\interpreter\linkResolver.cpp, line 773]
Event: 9.567 Thread 0x00000249f7837f50 Exception <a 'java/lang/NoSuchMethodError'{0x000000071109f130}: 'java.lang.Object java.lang.invoke.DirectMethodHandle$Holder.newInvokeSpecial(java.lang.Object, java.lang.Object, int, int, int, int, int, java.lang.Object)'> (0x000000071109f130) 
thrown [s\open\src\hotspot\share\interpreter\linkResolver.cpp, line 773]
Event: 9.568 Thread 0x00000249f7837f50 Exception <a 'java/lang/NoSuchMethodError'{0x00000007110b1e80}: 'java.lang.Object java.lang.invoke.DirectMethodHandle$Holder.newInvokeSpecial(java.lang.Object, java.lang.Object, java.lang.Object, int, int, int, int, int)'> (0x00000007110b1e80) 
thrown [s\open\src\hotspot\share\interpreter\linkResolver.cpp, line 773]
Event: 9.568 Thread 0x00000249f7837f50 Exception <a 'java/lang/NoSuchMethodError'{0x00000007110b9c80}: 'java.lang.Object java.lang.invoke.Invokers$Holder.linkToTargetMethod(java.lang.Object, java.lang.Object, int, int, int, int, int, java.lang.Object)'> (0x00000007110b9c80) 
thrown [s\open\src\hotspot\share\interpreter\linkResolver.cpp, line 773]
Event: 11.064 Thread 0x00000249f7837f50 Exception <a 'java/lang/NoSuchMethodError'{0x00000007110f67c0}: 'java.lang.Object java.lang.invoke.DirectMethodHandle$Holder.newInvokeSpecial(java.lang.Object, java.lang.Object, java.lang.Object, double, double, double, double, int, int, int, int, int, int, int, int, int)'> (0x00000007110f67c0) 
thrown [s\open\src\hotspot\share\interpreter\linkResolver.cpp, line 773]

VM Operations (20 events):
Event: 5.012 Executing VM operation: Cleanup done
Event: 5.547 Executing VM operation: HandshakeAllThreads
Event: 5.547 Executing VM operation: HandshakeAllThreads done
Event: 5.547 Executing VM operation: HandshakeAllThreads
Event: 5.547 Executing VM operation: HandshakeAllThreads done
Event: 5.595 Executing VM operation: G1CollectForAllocation
Event: 5.602 Executing VM operation: G1CollectForAllocation done
Event: 5.826 Executing VM operation: ICBufferFull
Event: 5.826 Executing VM operation: ICBufferFull done
Event: 7.827 Executing VM operation: Cleanup
Event: 7.827 Executing VM operation: Cleanup done
Event: 8.827 Executing VM operation: Cleanup
Event: 8.827 Executing VM operation: Cleanup done
Event: 9.827 Executing VM operation: Cleanup
Event: 9.827 Executing VM operation: Cleanup done
Event: 10.827 Executing VM operation: Cleanup
Event: 10.828 Executing VM operation: Cleanup done
Event: 11.828 Executing VM operation: Cleanup
Event: 11.828 Executing VM operation: Cleanup done
Event: 14.097 Executing VM operation: Exit

Events (20 events):
Event: 0.567 Thread 0x00000249f6e39500 Thread exited: 0x00000249f6e39500
Event: 0.567 Thread 0x00000249f6e379a0 Thread exited: 0x00000249f6e379a0
Event: 0.578 Thread 0x00000249f7a20270 Thread added: 0x00000249f7a20270
Event: 0.580 Thread 0x00000249f7a20bd0 Thread added: 0x00000249f7a20bd0
Event: 0.583 Thread 0x00000249f7a132f0 Thread added: 0x00000249f7a132f0
Event: 1.047 Thread 0x00000249f7bbaec0 Thread added: 0x00000249f7bbaec0
Event: 1.179 Thread 0x00000249f7bb9980 Thread added: 0x00000249f7bb9980
Event: 1.910 Thread 0x00000249f7a132f0 Thread exited: 0x00000249f7a132f0
Event: 2.772 Thread 0x00000249f811ed60 Thread added: 0x00000249f811ed60
Event: 3.063 Thread 0x00000249f811ed60 Thread exited: 0x00000249f811ed60
Event: 5.511 Thread 0x00000249f80828e0 Thread added: 0x00000249f80828e0
Event: 5.655 Thread 0x00000249f86aca00 Thread added: 0x00000249f86aca00
Event: 6.414 Thread 0x00000249f86aca00 Thread exited: 0x00000249f86aca00
Event: 6.422 Thread 0x00000249f80828e0 Thread exited: 0x00000249f80828e0
Event: 14.095 Thread 0x00000249f7bbbeb0 Thread added: 0x00000249f7bbbeb0
Event: 14.096 Thread 0x00000249f7bbb960 Thread added: 0x00000249f7bbb960
Event: 14.096 Thread 0x00000249f7bb8990 Thread added: 0x00000249f7bb8990
Event: 14.096 Thread 0x00000249f7bbb960 Thread exited: 0x00000249f7bbb960
Event: 14.097 Thread 0x00000249f7bb8990 Thread exited: 0x00000249f7bb8990
Event: 14.097 Thread 0x00000249f2b82960 Thread exited: 0x00000249f2b82960


Dynamic libraries:
0x00007ff796ea0000 - 0x00007ff796eae000 	C:\Users\shara\.jdks\openjdk-20.0.1\bin\java.exe
0x00007ffc1a370000 - 0x00007ffc1a568000 	C:\WINDOWS\SYSTEM32\ntdll.dll
0x00007ffc19110000 - 0x00007ffc191cf000 	C:\WINDOWS\System32\KERNEL32.DLL
0x00007ffc17e60000 - 0x00007ffc1813a000 	C:\WINDOWS\System32\KERNELBASE.dll
0x00007ffc182a0000 - 0x00007ffc183a0000 	C:\WINDOWS\System32\ucrtbase.dll
0x00007ffbefde0000 - 0x00007ffbefdf7000 	C:\Users\shara\.jdks\openjdk-20.0.1\bin\jli.dll
0x00007ffc192f0000 - 0x00007ffc1948d000 	C:\WINDOWS\System32\USER32.dll
0x00007ffc183a0000 - 0x00007ffc183c2000 	C:\WINDOWS\System32\win32u.dll
0x00007ffc19070000 - 0x00007ffc1909b000 	C:\WINDOWS\System32\GDI32.dll
0x00007ffc17bd0000 - 0x00007ffc17ce0000 	C:\WINDOWS\System32\gdi32full.dll
0x00007ffc17a80000 - 0x00007ffc17b1d000 	C:\WINDOWS\System32\msvcp_win.dll
0x00007ffbefcd0000 - 0x00007ffbefceb000 	C:\Users\shara\.jdks\openjdk-20.0.1\bin\VCRUNTIME140.dll
0x00007ffbf0da0000 - 0x00007ffbf103a000 	C:\WINDOWS\WinSxS\amd64_microsoft.windows.common-controls_6595b64144ccf1df_6.0.19041.1110_none_60b5254171f9507e\COMCTL32.dll
0x00007ffc19850000 - 0x00007ffc198ee000 	C:\WINDOWS\System32\msvcrt.dll
0x00007ffc18f00000 - 0x00007ffc18f30000 	C:\WINDOWS\System32\IMM32.DLL
0x00007ffbf1b40000 - 0x00007ffbf1b4c000 	C:\Users\shara\.jdks\openjdk-20.0.1\bin\vcruntime140_1.dll
0x00007ffbdc120000 - 0x00007ffbdc1ae000 	C:\Users\shara\.jdks\openjdk-20.0.1\bin\msvcp140.dll
0x00007ffba15f0000 - 0x00007ffba2287000 	C:\Users\shara\.jdks\openjdk-20.0.1\bin\server\jvm.dll
0x00007ffc183d0000 - 0x00007ffc1847e000 	C:\WINDOWS\System32\ADVAPI32.dll
0x00007ffc1a290000 - 0x00007ffc1a32c000 	C:\WINDOWS\System32\sechost.dll
0x00007ffc19a10000 - 0x00007ffc19b36000 	C:\WINDOWS\System32\RPCRT4.dll
0x00007ffc0f4b0000 - 0x00007ffc0f4b9000 	C:\WINDOWS\SYSTEM32\WSOCK32.dll
0x00007ffc190a0000 - 0x00007ffc1910b000 	C:\WINDOWS\System32\WS2_32.dll
0x00007ffbfa700000 - 0x00007ffbfa727000 	C:\WINDOWS\SYSTEM32\WINMM.dll
0x00007ffc0fce0000 - 0x00007ffc0fcea000 	C:\WINDOWS\SYSTEM32\VERSION.dll
0x00007ffc162d0000 - 0x00007ffc162e2000 	C:\WINDOWS\SYSTEM32\kernel.appcore.dll
0x00007ffbf1a20000 - 0x00007ffbf1a2a000 	C:\Users\shara\.jdks\openjdk-20.0.1\bin\jimage.dll
0x00007ffc15840000 - 0x00007ffc15a24000 	C:\WINDOWS\SYSTEM32\DBGHELP.DLL
0x00007ffc06b00000 - 0x00007ffc06b34000 	C:\WINDOWS\SYSTEM32\dbgcore.DLL
0x00007ffc17dd0000 - 0x00007ffc17e52000 	C:\WINDOWS\System32\bcryptPrimitives.dll
0x00007ffc0fd20000 - 0x00007ffc0fd2e000 	C:\Users\shara\.jdks\openjdk-20.0.1\bin\instrument.dll
0x00007ffbe9070000 - 0x00007ffbe9096000 	C:\Users\shara\.jdks\openjdk-20.0.1\bin\java.dll
0x00007ffbd2470000 - 0x00007ffbd2547000 	C:\Users\shara\.jdks\openjdk-20.0.1\bin\jsvml.dll
0x00007ffc19b40000 - 0x00007ffc1a284000 	C:\WINDOWS\System32\SHELL32.dll
0x00007ffc15b20000 - 0x00007ffc162b3000 	C:\WINDOWS\SYSTEM32\windows.storage.dll
0x00007ffc19490000 - 0x00007ffc197e4000 	C:\WINDOWS\System32\combase.dll
0x00007ffc17470000 - 0x00007ffc1749e000 	C:\WINDOWS\SYSTEM32\Wldp.dll
0x00007ffc19230000 - 0x00007ffc192dd000 	C:\WINDOWS\System32\SHCORE.dll
0x00007ffc18710000 - 0x00007ffc18765000 	C:\WINDOWS\System32\shlwapi.dll
0x00007ffc179c0000 - 0x00007ffc179df000 	C:\WINDOWS\SYSTEM32\profapi.dll
0x00007ffbefcb0000 - 0x00007ffbefcc3000 	C:\Users\shara\.jdks\openjdk-20.0.1\bin\net.dll
0x00007ffc0da80000 - 0x00007ffc0db8a000 	C:\WINDOWS\SYSTEM32\WINHTTP.dll
0x00007ffc171d0000 - 0x00007ffc1723a000 	C:\WINDOWS\system32\mswsock.dll
0x00007ffbed0e0000 - 0x00007ffbed0f6000 	C:\Users\shara\.jdks\openjdk-20.0.1\bin\nio.dll
0x00007ffbebf10000 - 0x00007ffbebf28000 	C:\Users\shara\.jdks\openjdk-20.0.1\bin\zip.dll
0x00007ffbf1de0000 - 0x00007ffbf1dfa000 	C:\Program Files\JetBrains\IntelliJ IDEA 2022.3.3\bin\breakgen64.dll
0x00000249d3530000 - 0x00000249d3533000 	C:\Users\shara\.openjfx\cache\17.0.2-ea\api-ms-win-core-console-l1-1-0.dll
0x00000249d3540000 - 0x00000249d3543000 	C:\Users\shara\.openjfx\cache\17.0.2-ea\api-ms-win-core-console-l1-2-0.dll
0x00000249d3550000 - 0x00000249d3553000 	C:\Users\shara\.openjfx\cache\17.0.2-ea\api-ms-win-core-datetime-l1-1-0.dll
0x00000249d3560000 - 0x00000249d3563000 	C:\Users\shara\.openjfx\cache\17.0.2-ea\api-ms-win-core-debug-l1-1-0.dll
0x00000249d3570000 - 0x00000249d3573000 	C:\Users\shara\.openjfx\cache\17.0.2-ea\api-ms-win-core-errorhandling-l1-1-0.dll
0x00000249d3580000 - 0x00000249d3584000 	C:\Users\shara\.openjfx\cache\17.0.2-ea\api-ms-win-core-file-l1-1-0.dll
0x00000249d3590000 - 0x00000249d3593000 	C:\Users\shara\.openjfx\cache\17.0.2-ea\api-ms-win-core-file-l1-2-0.dll
0x00000249d35a0000 - 0x00000249d35a3000 	C:\Users\shara\.openjfx\cache\17.0.2-ea\api-ms-win-core-file-l2-1-0.dll
0x00000249d35b0000 - 0x00000249d35b3000 	C:\Users\shara\.openjfx\cache\17.0.2-ea\api-ms-win-core-handle-l1-1-0.dll
0x00000249d35c0000 - 0x00000249d35c3000 	C:\Users\shara\.openjfx\cache\17.0.2-ea\api-ms-win-core-heap-l1-1-0.dll
0x00000249d35d0000 - 0x00000249d35d3000 	C:\Users\shara\.openjfx\cache\17.0.2-ea\api-ms-win-core-interlocked-l1-1-0.dll
0x00000249f2be0000 - 0x00000249f2be3000 	C:\Users\shara\.openjfx\cache\17.0.2-ea\api-ms-win-core-libraryloader-l1-1-0.dll
0x00000249f2bf0000 - 0x00000249f2bf3000 	C:\Users\shara\.openjfx\cache\17.0.2-ea\api-ms-win-core-localization-l1-2-0.dll
0x00000249f88d0000 - 0x00000249f88d3000 	C:\Users\shara\.openjfx\cache\17.0.2-ea\api-ms-win-core-memory-l1-1-0.dll
0x00000249f88e0000 - 0x00000249f88e3000 	C:\Users\shara\.openjfx\cache\17.0.2-ea\api-ms-win-core-namedpipe-l1-1-0.dll
0x00000249f88f0000 - 0x00000249f88f3000 	C:\Users\shara\.openjfx\cache\17.0.2-ea\api-ms-win-core-processenvironment-l1-1-0.dll
0x00000249f8900000 - 0x00000249f8903000 	C:\Users\shara\.openjfx\cache\17.0.2-ea\api-ms-win-core-processthreads-l1-1-0.dll
0x00000249f8910000 - 0x00000249f8913000 	C:\Users\shara\.openjfx\cache\17.0.2-ea\api-ms-win-core-processthreads-l1-1-1.dll
0x00000249f8920000 - 0x00000249f8923000 	C:\Users\shara\.openjfx\cache\17.0.2-ea\api-ms-win-core-profile-l1-1-0.dll
0x00000249f8930000 - 0x00000249f8933000 	C:\Users\shara\.openjfx\cache\17.0.2-ea\api-ms-win-core-rtlsupport-l1-1-0.dll
0x00000249f8940000 - 0x00000249f8943000 	C:\Users\shara\.openjfx\cache\17.0.2-ea\api-ms-win-core-string-l1-1-0.dll
0x00000249f8950000 - 0x00000249f8953000 	C:\Users\shara\.openjfx\cache\17.0.2-ea\api-ms-win-core-synch-l1-1-0.dll
0x00000249f8960000 - 0x00000249f8963000 	C:\Users\shara\.openjfx\cache\17.0.2-ea\api-ms-win-core-synch-l1-2-0.dll
0x00000249f8970000 - 0x00000249f8973000 	C:\Users\shara\.openjfx\cache\17.0.2-ea\api-ms-win-core-sysinfo-l1-1-0.dll
0x00000249f8980000 - 0x00000249f8983000 	C:\Users\shara\.openjfx\cache\17.0.2-ea\api-ms-win-core-timezone-l1-1-0.dll
0x00000249f8990000 - 0x00000249f8993000 	C:\Users\shara\.openjfx\cache\17.0.2-ea\api-ms-win-core-util-l1-1-0.dll
0x00000249f89a0000 - 0x00000249f89a3000 	C:\Users\shara\.openjfx\cache\17.0.2-ea\api-ms-win-crt-conio-l1-1-0.dll
0x00000249f89b0000 - 0x00000249f89b4000 	C:\Users\shara\.openjfx\cache\17.0.2-ea\api-ms-win-crt-convert-l1-1-0.dll
0x00000249f89c0000 - 0x00000249f89c3000 	C:\Users\shara\.openjfx\cache\17.0.2-ea\api-ms-win-crt-environment-l1-1-0.dll
0x00000249f89d0000 - 0x00000249f89d3000 	C:\Users\shara\.openjfx\cache\17.0.2-ea\api-ms-win-crt-filesystem-l1-1-0.dll
0x00000249f89e0000 - 0x00000249f89e3000 	C:\Users\shara\.openjfx\cache\17.0.2-ea\api-ms-win-crt-heap-l1-1-0.dll
0x00000249f89f0000 - 0x00000249f89f3000 	C:\Users\shara\.openjfx\cache\17.0.2-ea\api-ms-win-crt-locale-l1-1-0.dll
0x00000249f8a00000 - 0x00000249f8a05000 	C:\Users\shara\.openjfx\cache\17.0.2-ea\api-ms-win-crt-math-l1-1-0.dll
0x00000249f8a10000 - 0x00000249f8a15000 	C:\Users\shara\.openjfx\cache\17.0.2-ea\api-ms-win-crt-multibyte-l1-1-0.dll
0x00000249f8a20000 - 0x00000249f8a30000 	C:\Users\shara\.openjfx\cache\17.0.2-ea\api-ms-win-crt-private-l1-1-0.dll
0x00000249f8a30000 - 0x00000249f8a33000 	C:\Users\shara\.openjfx\cache\17.0.2-ea\api-ms-win-crt-process-l1-1-0.dll
0x00000249f8a40000 - 0x00000249f8a44000 	C:\Users\shara\.openjfx\cache\17.0.2-ea\api-ms-win-crt-runtime-l1-1-0.dll
0x00000249f8a50000 - 0x00000249f8a54000 	C:\Users\shara\.openjfx\cache\17.0.2-ea\api-ms-win-crt-stdio-l1-1-0.dll
0x00000249f8a60000 - 0x00000249f8a64000 	C:\Users\shara\.openjfx\cache\17.0.2-ea\api-ms-win-crt-string-l1-1-0.dll
0x00000249f8a70000 - 0x00000249f8a73000 	C:\Users\shara\.openjfx\cache\17.0.2-ea\api-ms-win-crt-time-l1-1-0.dll
0x00000249f8a80000 - 0x00000249f8a83000 	C:\Users\shara\.openjfx\cache\17.0.2-ea\api-ms-win-crt-utility-l1-1-0.dll
0x00007ffbd1690000 - 0x00007ffbd178c000 	C:\Users\shara\.openjfx\cache\17.0.2-ea\ucrtbase.dll
0x00007ffbf0560000 - 0x00007ffbf057a000 	C:\Users\shara\.openjfx\cache\17.0.2-ea\vcruntime140.dll
0x00007ffbf74d0000 - 0x00007ffbf74dc000 	C:\Users\shara\.openjfx\cache\17.0.2-ea\vcruntime140_1.dll
0x00007ffbd7ad0000 - 0x00007ffbd7b5d000 	C:\Users\shara\.openjfx\cache\17.0.2-ea\msvcp140.dll
0x00007ffbe5a50000 - 0x00007ffbe5a7a000 	C:\Users\shara\.openjfx\cache\17.0.2-ea\prism_d3d.dll
0x00007ffbef950000 - 0x00007ffbefb1d000 	C:\WINDOWS\system32\d3d9.dll
0x00007ffc15390000 - 0x00007ffc153bf000 	C:\WINDOWS\SYSTEM32\dwmapi.dll
0x00007ffc150d0000 - 0x00007ffc1516e000 	C:\WINDOWS\system32\uxtheme.dll
0x00007ffbd22c0000 - 0x00007ffbd2468000 	C:\WINDOWS\System32\DriverStore\FileRepository\iigd_dch.inf_amd64_393549dac595e659\igdumdim64.dll
0x00007ffc18f30000 - 0x00007ffc1905a000 	C:\WINDOWS\System32\ole32.dll
0x00007ffb77930000 - 0x00007ffb7b54f000 	C:\WINDOWS\System32\DriverStore\FileRepository\iigd_dch.inf_amd64_393549dac595e659\igd9dxva64.dll
0x00007ffc18480000 - 0x00007ffc1854d000 	C:\WINDOWS\System32\OLEAUT32.dll
0x00007ffc18a90000 - 0x00007ffc18ef8000 	C:\WINDOWS\System32\SETUPAPI.dll
0x00007ffc17ce0000 - 0x00007ffc17d2e000 	C:\WINDOWS\System32\cfgmgr32.dll
0x00007ffc17d30000 - 0x00007ffc17d57000 	C:\WINDOWS\System32\bcrypt.dll
0x00007ffc02c80000 - 0x00007ffc03048000 	C:\WINDOWS\System32\DriverStore\FileRepository\iigd_dch.inf_amd64_393549dac595e659\igdgmm64.dll
0x00007ffbddd80000 - 0x00007ffbdddc2000 	C:\Users\shara\.openjfx\cache\17.0.2-ea\glass.dll
0x00007ffc18930000 - 0x00007ffc18a0a000 	C:\WINDOWS\System32\COMDLG32.dll
0x00007ffc198f0000 - 0x00007ffc19a04000 	C:\WINDOWS\System32\MSCTF.dll
0x00007ffbaae30000 - 0x00007ffbaae57000 	C:\WINDOWS\System32\DriverStore\FileRepository\iigd_dch.inf_amd64_393549dac595e659\igdinfo64.dll
0x00007ffbff690000 - 0x00007ffc02c76000 	C:\WINDOWS\System32\DriverStore\FileRepository\iigd_dch.inf_amd64_393549dac595e659\igc64.dll
0x00007ffc040a0000 - 0x00007ffc040db000 	C:\WINDOWS\SYSTEM32\dxcore.dll
0x00007ffbe9120000 - 0x00007ffbe9134000 	C:\Users\shara\.openjfx\cache\17.0.2-ea\javafx_font.dll
0x00007ffbf7620000 - 0x00007ffbf789f000 	C:\WINDOWS\SYSTEM32\dwrite.dll
0x00007ffc18800000 - 0x00007ffc188a9000 	C:\WINDOWS\System32\clbcatq.dll
0x00007ffc05ab0000 - 0x00007ffc05c64000 	C:\WINDOWS\SYSTEM32\WindowsCodecs.dll
0x00007ffbe57f0000 - 0x00007ffbe582e000 	C:\WINDOWS\system32\dataexchange.dll
0x00007ffc13710000 - 0x00007ffc13973000 	C:\WINDOWS\system32\d3d11.dll
0x00007ffc14340000 - 0x00007ffc14523000 	C:\WINDOWS\system32\dcomp.dll
0x00007ffc16340000 - 0x00007ffc16433000 	C:\WINDOWS\system32\dxgi.dll
0x00007ffc0f6c0000 - 0x00007ffc0f8c0000 	C:\WINDOWS\system32\twinapi.appcore.dll
0x00007ffbe8370000 - 0x00007ffbe83a4000 	C:\Program Files\Common Files\Microsoft Shared\Ink\rtscom.dll
0x00007ffbfc6c0000 - 0x00007ffbfc7b9000 	C:\WINDOWS\SYSTEM32\textinputframework.dll
0x00007ffc14960000 - 0x00007ffc14cbe000 	C:\WINDOWS\System32\CoreUIComponents.dll
0x00007ffc14d00000 - 0x00007ffc14df2000 	C:\WINDOWS\System32\CoreMessaging.dll
0x00007ffc16c30000 - 0x00007ffc16c63000 	C:\WINDOWS\SYSTEM32\ntmarta.dll
0x00007ffc140a0000 - 0x00007ffc141f4000 	C:\WINDOWS\SYSTEM32\wintypes.dll
0x00007ffc13a80000 - 0x00007ffc14040000 	C:\WINDOWS\SYSTEM32\d2d1.dll
0x00007ffc04a00000 - 0x00007ffc050f6000 	C:\WINDOWS\SYSTEM32\D3D10Warp.dll

dbghelp: loaded successfully - version: 4.0.5 - missing functions: none
symbol engine: initialized successfully - sym options: 0x614 - pdb path: .;C:\Users\shara\.jdks\openjdk-20.0.1\bin;C:\WINDOWS\SYSTEM32;C:\WINDOWS\WinSxS\amd64_microsoft.windows.common-controls_6595b64144ccf1df_6.0.19041.1110_none_60b5254171f9507e;C:\Users\shara\.jdks\openjdk-20.0.1\bin\server;C:\Program Files\JetBrains\IntelliJ IDEA 2022.3.3\bin;C:\Users\shara\.openjfx\cache\17.0.2-ea;C:\WINDOWS\System32\DriverStore\FileRepository\iigd_dch.inf_amd64_393549dac595e659;C:\Program Files\Common Files\Microsoft Shared\Ink

VM Arguments:
jvm_args: -javaagent:C:\Program Files\JetBrains\IntelliJ IDEA 2022.3.3\lib\idea_rt.jar=59255:C:\Program Files\JetBrains\IntelliJ IDEA 2022.3.3\bin -Dfile.encoding=UTF-8 -Dsun.stdout.encoding=UTF-8 -Dsun.stderr.encoding=UTF-8 --module-path=C:\Users\shara\.m2\repository\org\openjfx\javafx-graphics\17.0.2\javafx-graphics-17.0.2-win.jar;C:\Users\shara\IdeaProjects\Demo\target\classes;C:\Users\shara\.m2\repository\org\openjfx\javafx-controls\17.0.2\javafx-controls-17.0.2-win.jar;C:\Users\shara\.m2\repository\org\openjfx\javafx-base\17.0.2\javafx-base-17.0.2-win.jar;C:\Users\shara\.m2\repository\org\openjfx\javafx-fxml\17.0.2\javafx-fxml-17.0.2-win.jar -Djdk.module.main=sample.demo 
java_command: sample.demo/sample.demo.HelloApplication
java_class_path (initial): C:\Users\shara\.m2\repository\org\openjfx\javafx-controls\17.0.2\javafx-controls-17.0.2.jar;C:\Users\shara\.m2\repository\org\openjfx\javafx-graphics\17.0.2\javafx-graphics-17.0.2.jar;C:\Users\shara\.m2\repository\org\openjfx\javafx-base\17.0.2\javafx-base-17.0.2.jar;C:\Users\shara\.m2\repository\org\openjfx\javafx-fxml\17.0.2\javafx-fxml-17.0.2.jar
Launcher Type: SUN_STANDARD

[Global flags]
     intx CICompilerCount                          = 4                                         {product} {ergonomic}
     uint ConcGCThreads                            = 2                                         {product} {ergonomic}
     uint G1ConcRefinementThreads                  = 8                                         {product} {ergonomic}
   size_t G1HeapRegionSize                         = 2097152                                   {product} {ergonomic}
    uintx GCDrainStackTargetSize                   = 64                                        {product} {ergonomic}
   size_t InitialHeapSize                          = 266338304                                 {product} {ergonomic}
   size_t MarkStackSize                            = 4194304                                   {product} {ergonomic}
   size_t MaxHeapSize                              = 4261412864                                {product} {ergonomic}
   size_t MaxNewSize                               = 2556428288                                {product} {ergonomic}
   size_t MinHeapDeltaBytes                        = 2097152                                   {product} {ergonomic}
   size_t MinHeapSize                              = 8388608                                   {product} {ergonomic}
    uintx NonNMethodCodeHeapSize                   = 5839372                                {pd product} {ergonomic}
    uintx NonProfiledCodeHeapSize                  = 122909434                              {pd product} {ergonomic}
    uintx ProfiledCodeHeapSize                     = 122909434                              {pd product} {ergonomic}
    uintx ReservedCodeCacheSize                    = 251658240                              {pd product} {ergonomic}
     bool SegmentedCodeCache                       = true                                      {product} {ergonomic}
   size_t SoftMaxHeapSize                          = 4261412864                             {manageable} {ergonomic}
     bool UseCompressedClassPointers               = true                           {product lp64_product} {ergonomic}
     bool UseCompressedOops                        = true                           {product lp64_product} {ergonomic}
     bool UseG1GC                                  = true                                      {product} {ergonomic}
     bool UseLargePagesIndividualAllocation        = false                                  {pd product} {ergonomic}

Logging:
Log output configuration:
 #0: stdout all=off uptime,level,tags foldmultilines=false
 #1: stderr all=off uptime,level,tags foldmultilines=false

Environment Variables:
PATH=C:\Users\shara\Downloads\CUserssharaDownloadsWINDOWS.X64_193000_db_home\bin;C:\Program Files\Java\jdk-11.0.2\bin;C:\WINDOWS\system32;C:\WINDOWS;C:\WINDOWS\System32\Wbem;C:\WINDOWS\System32\WindowsPowerShell\v1.0\;C:\WINDOWS\System32\OpenSSH\;C:\Program Files\Git\cmd;C:\Program Files\Git\mingw64\bin;C:\Program Files\Git\usr\bin;C:\wamp64\bin\php\php7.3.12;C:\Program Files\dotnet\;C:\Program Files\MySQL\MySQL Shell 8.0\bin\;C:\Users\shara\AppData\Local\Microsoft\WindowsApps;;C:\Program Files\JetBrains\IntelliJ IDEA Community Edition 2020.2.3\bin;;C:\Users\shara\.dotnet\tools;C:\Program Files\JetBrains\IntelliJ IDEA 2022.3.3\bin;
USERNAME=shara
OS=Windows_NT
PROCESSOR_IDENTIFIER=Intel64 Family 6 Model 142 Stepping 12, GenuineIntel
TMP=C:\Users\shara\AppData\Local\Temp
TEMP=C:\Users\shara\AppData\Local\Temp




---------------  S Y S T E M  ---------------

OS:
 Windows 10 , 64 bit Build 19041 (10.0.19041.2788)
OS uptime: 51 days 22:05 hours

CPU: total 8 (initial active 8) (4 cores per cpu, 2 threads per core) family 6 model 142 stepping 12 microcode 0xc6, cx8, cmov, fxsr, ht, mmx, 3dnowpref, sse, sse2, sse3, ssse3, sse4.1, sse4.2, popcnt, lzcnt, tsc, tscinvbit, avx, avx2, aes, erms, clmul, bmi1, bmi2, adx, fma, vzeroupper, clflush, clflushopt, rdtscp, f16c

Memory: 4k page, system-wide physical 16254M (4509M free)
TotalPageFile size 32109M (AvailPageFile size 5144M)
current process WorkingSet (physical memory assigned to process): 187M, peak: 216M
current process commit charge ("private bytes"): 429M, peak: 456M

vm_info: OpenJDK 64-Bit Server VM (20.0.1+9-29) for windows-amd64 JRE (20.0.1+9-29), built on 2023-03-07T13:56:11Z by "mach5one" with MS VC++ 17.1 (VS2022)

END.
