#
# A fatal error has been detected by the Java Runtime Environment:
#
#  EXCEPTION_ACCESS_VIOLATION (0xc0000005) at pc=0x00007ffbe5286ab7, pid=17712, tid=32764
#
# JRE version: OpenJDK Runtime Environment (20.0.1+9) (build 20.0.1+9-29)
# Java VM: OpenJDK 64-Bit Server VM (20.0.1+9-29, mixed mode, sharing, tiered, compressed oops, compressed class ptrs, g1 gc, windows-amd64)
# Problematic frame:
# C  [glass.dll+0x26ab7]
#
# No core dump will be written. Minidumps are not enabled by default on client versions of Windows
#
# If you would like to submit a bug report, please visit:
#   https://bugreport.java.com/bugreport/crash.jsp
#

---------------  S U M M A R Y ------------

Command Line: -javaagent:C:\Program Files\JetBrains\IntelliJ IDEA 2022.3.3\lib\idea_rt.jar=60772:C:\Program Files\JetBrains\IntelliJ IDEA 2022.3.3\bin -Dfile.encoding=UTF-8 -Dsun.stdout.encoding=UTF-8 -Dsun.stderr.encoding=UTF-8 --module-path=C:\Users\shara\.m2\repository\org\openjfx\javafx-fxml\17.0.2\javafx-fxml-17.0.2-win.jar;C:\Users\shara\.m2\repository\org\openjfx\javafx-graphics\17.0.2\javafx-graphics-17.0.2-win.jar;C:\Users\shara\.m2\repository\org\openjfx\javafx-base\17.0.2\javafx-base-17.0.2-win.jar;C:\Users\shara\IdeaProjects\Demo\target\classes;C:\Users\shara\.m2\repository\org\openjfx\javafx-controls\17.0.2\javafx-controls-17.0.2-win.jar -Djdk.module.main=sample.demo sample.demo/sample.demo.HelloApplication

Host: Intel(R) Core(TM) i7-8565U CPU @ 1.80GHz, 8 cores, 15G,  Windows 10 , 64 bit Build 19041 (10.0.19041.2788)
Time: Sat Jun 10 23:40:20 2023 Russia TZ 2 Standard Time elapsed time: 124.905877 seconds (0d 0h 2m 4s)

---------------  T H R E A D  ---------------

Current thread (0x000001da28df63a0):  VMThread "VM Thread" [stack: 0x00000076cf300000,0x00000076cf400000] [id=32764]

Stack: [0x00000076cf300000,0x00000076cf400000],  sp=0x00000076cf3ff340,  free space=1020k
Native frames: (J=compiled Java code, j=interpreted, Vv=VM code, C=native code)
C  [glass.dll+0x26ab7]


siginfo: EXCEPTION_ACCESS_VIOLATION (0xc0000005), reading address 0x0000000000000000


Registers:
RAX=0x0000000000000000, RBX=0x000001da28dfff70, RCX=0x000001da28df63a0, RDX=0x00000076cf3ff340
RSP=0x00000076cf3ff340, RBP=0x000001da2da4c168, RSI=0x000001da2da4c140, RDI=0x000058423db74d71
R8 =0x0000000000010002, R9 =0x000058423db74d71, R10=0x0000000000008000, R11=0x00000076cf3ff2d0
R12=0x00007ffbe5284384, R13=0x00007ffbbd1bea90, R14=0x00000076cf3ff438, R15=0x000001da2da4c140
RIP=0x00007ffbe5286ab7, EFLAGS=0x0000000000010202


Register to memory mapping:

RIP=0x00007ffbe5286ab7 glass.dll
RAX=0x0 is NULL
RBX=0x000001da28dfff70 is a global jni handle
RCX=0x000001da28df63a0 points into unknown readable memory: 0x00007ffbbcfe7080 | 80 70 fe bc fb 7f 00 00
RDX=0x00000076cf3ff340 points into unknown readable memory: 0x0000000000000000 | 00 00 00 00 00 00 00 00
RSP=0x00000076cf3ff340 points into unknown readable memory: 0x0000000000000000 | 00 00 00 00 00 00 00 00
RBP=0x000001da2da4c168 points into unknown readable memory: 0x000058423db74d71 | 71 4d b7 3d 42 58 00 00
RSI=0x000001da2da4c140 points into unknown readable memory: 0x7d385842c2408721 | 21 87 40 c2 42 58 38 7d
RDI=0x000058423db74d71 is an unknown value
R8 =0x0000000000010002 is an unknown value
R9 =0x000058423db74d71 is an unknown value
R10=0x0000000000008000 is an unknown value
R11=0x00000076cf3ff2d0 points into unknown readable memory: 0x000001da2da4c140 | 40 c1 a4 2d da 01 00 00
R12=0x00007ffbe5284384 glass.dll
R13=0x00007ffbbd1bea90 jvm.dll
R14=0x00000076cf3ff438 points into unknown readable memory: 0x00000076cf3ff420 | 20 f4 3f cf 76 00 00 00
R15=0x000001da2da4c140 points into unknown readable memory: 0x7d385842c2408721 | 21 87 40 c2 42 58 38 7d


Top of Stack: (sp=0x00000076cf3ff340)
0x00000076cf3ff340:   0000000000000000 000001da2da4c140
0x00000076cf3ff350:   00007ffbbd1bea90 00007ffbe5284384
0x00000076cf3ff360:   000001da2da4c148 00007ffc182b42d6
0x00000076cf3ff370:   000058423db74d71 000001da00000000
0x00000076cf3ff380:   000001da2da4c168 000001da2da4c140
0x00000076cf3ff390:   fffffffffffffffe 0000000000000000
0x00000076cf3ff3a0:   0000000000000001 00007ffbe5260000
0x00000076cf3ff3b0:   00000076cf3ff428 00007ffc182b41fb
0x00000076cf3ff3c0:   0000000000000000 00000076cf3ff438
0x00000076cf3ff3d0:   00000076cf3ff700 00007ffc18390e40
0x00000076cf3ff3e0:   0000000000000001 00007ffc182b41b4
0x00000076cf3ff3f0:   0000000000000000 0000000000000001
0x00000076cf3ff400:   00007ffb00000001 00000076cf3ff428
0x00000076cf3ff410:   0000000000000000 00007ffbe5284211
0x00000076cf3ff420:   00007ffbe529a138 00007ffc00000002
0x00000076cf3ff430:   0000000000000002 00000076cf3ff420
0x00000076cf3ff440:   0000000000000000 00007ffc1a389993
0x00000076cf3ff450:   0000000000000000 00007ffbe5284336
0x00000076cf3ff460:   0000000000000001 0000000000000000
0x00000076cf3ff470:   0000000000000000 0000000000000001
0x00000076cf3ff480:   0000000000000000 0000000000000000
0x00000076cf3ff490:   0000000000000001 00003966849d2a95
0x00000076cf3ff4a0:   00007ffbe5260000 000000007ffe0384
0x00000076cf3ff4b0:   0000000000000000 00007ffc1a389a1d
0x00000076cf3ff4c0:   00007ffbe5260000 0000000000000000
0x00000076cf3ff4d0:   0000000000000001 000000007ffe0385
0x00000076cf3ff4e0:   0000000002360fb8 00000076cf3ff700
0x00000076cf3ff4f0:   0000396600000000 0000000000000014
0x00000076cf3ff500:   0000000000000000 00007ffbe5284384
0x00000076cf3ff510:   00000000000003d8 000001da2da20bc0
0x00000076cf3ff520:   000001da28de8d00 00007ffc1a3cdcec
0x00000076cf3ff530:   000001da2da20a70 00007ffbe5260000 

Instructions: (pc=0x00007ffbe5286ab7)
0x00007ffbe52869b7:   8b 4d 58 e8 01 cf ff ff 48 8b 4d 60 e8 f8 ce ff
0x00007ffbe52869c7:   ff 48 8b 95 80 00 00 00 48 8b 8d 18 01 00 00 e8
0x00007ffbe52869d7:   c6 c3 ff ff 33 d2 33 c9 e8 3c e1 ff ff 90 48 89
0x00007ffbe52869e7:   54 24 10 55 48 83 ec 20 48 8b ea 48 b8 00 00 00
0x00007ffbe52869f7:   00 00 00 00 00 48 83 c4 20 5d c3 cc 40 55 48 8b
0x00007ffbe5286a07:   ea 48 8b 01 33 c9 81 38 05 00 00 c0 0f 94 c1 8b
0x00007ffbe5286a17:   c1 5d c3 cc 40 55 48 83 ec 20 48 8b ea 8a 4d 40
0x00007ffbe5286a27:   48 83 c4 20 5d e9 f7 d2 ff ff cc 40 55 48 83 ec
0x00007ffbe5286a37:   20 48 8b ea 8a 4d 20 e8 e5 d2 ff ff 90 48 83 c4
0x00007ffbe5286a47:   20 5d c3 cc 40 55 48 83 ec 20 48 8b ea 48 83 c4
0x00007ffbe5286a57:   20 5d e9 46 d1 ff ff cc 40 55 48 83 ec 30 48 8b
0x00007ffbe5286a67:   ea 48 8b 01 8b 10 48 89 4c 24 28 89 54 24 20 4c
0x00007ffbe5286a77:   8d 0d e7 d5 ff ff 4c 8b 45 70 8b 55 68 48 8b 4d
0x00007ffbe5286a87:   60 e8 87 d0 ff ff 90 48 83 c4 30 5d c3 cc cc cc
0x00007ffbe5286a97:   cc cc cc cc cc cc cc cc cc 40 53 48 83 ec 20 48
0x00007ffbe5286aa7:   8b 1d 83 30 01 00 48 85 db 74 16 e8 09 8b ff ff
0x00007ffbe5286ab7:   4c 8b 00 48 8b d3 48 8b c8 41 ff 90 b0 00 00 00
0x00007ffbe5286ac7:   90 48 83 c4 20 5b c3 cc cc 40 53 48 83 ec 20 48
0x00007ffbe5286ad7:   8b 1d fb 31 01 00 48 85 db 74 57 b8 ff ff ff ff
0x00007ffbe5286ae7:   f0 0f c1 43 10 83 f8 01 75 3d 48 85 db 74 38 48
0x00007ffbe5286af7:   8b 0b 48 85 c9 74 0d ff 15 a4 07 00 00 48 c7 03
0x00007ffbe5286b07:   00 00 00 00 48 8b 4b 08 48 85 c9 74 0d e8 a7 cd
0x00007ffbe5286b17:   ff ff 48 c7 43 08 00 00 00 00 ba 18 00 00 00 48
0x00007ffbe5286b27:   8b cb e8 92 cd ff ff 48 c7 05 9f 31 01 00 00 00
0x00007ffbe5286b37:   00 00 48 83 c4 20 5b c3 cc 40 53 48 83 ec 20 48
0x00007ffbe5286b47:   8b 1d 6b 31 01 00 48 85 db 74 57 b8 ff ff ff ff
0x00007ffbe5286b57:   f0 0f c1 43 10 83 f8 01 75 3d 48 85 db 74 38 48
0x00007ffbe5286b67:   8b 0b 48 85 c9 74 0d ff 15 34 07 00 00 48 c7 03
0x00007ffbe5286b77:   00 00 00 00 48 8b 4b 08 48 85 c9 74 0d e8 37 cd
0x00007ffbe5286b87:   ff ff 48 c7 43 08 00 00 00 00 ba 18 00 00 00 48
0x00007ffbe5286b97:   8b cb e8 22 cd ff ff 48 c7 05 0f 31 01 00 00 00
0x00007ffbe5286ba7:   00 00 48 83 c4 20 5b c3 cc 40 53 48 83 ec 20 48 


Stack slot to memory mapping:
stack at sp + 0 slots: 0x0 is NULL
stack at sp + 1 slots: 0x000001da2da4c140 points into unknown readable memory: 0x7d385842c2408721 | 21 87 40 c2 42 58 38 7d
stack at sp + 2 slots: 0x00007ffbbd1bea90 jvm.dll
stack at sp + 3 slots: 0x00007ffbe5284384 glass.dll
stack at sp + 4 slots: 0x000001da2da4c148 points into unknown readable memory: 0x000058423db74d71 | 71 4d b7 3d 42 58 00 00
stack at sp + 5 slots: 0x00007ffc182b42d6 ucrtbase.dll
stack at sp + 6 slots: 0x000058423db74d71 is an unknown value
stack at sp + 7 slots: 0x000001da00000000 is an unknown value

VM_Operation (0x00000076d07ff450): Exit, mode: safepoint, requested by thread 0x000001da2e0eb520


---------------  P R O C E S S  ---------------

Threads class SMR info:
_java_thread_list=0x000001da35abecc0, length=21, elements={
0x000001da0989bd60, 0x000001da28e13500, 0x000001da28e14300, 0x000001da28e15460,
0x000001da28e16fb0, 0x000001da28e1ba20, 0x000001da28e20e00, 0x000001da28e2b260,
0x000001da28e35810, 0x000001da28e1de30, 0x000001da28e21350, 0x000001da28e1e380,
0x000001da28e1fe10, 0x000001da28e20360, 0x000001da28e208b0, 0x000001da28e1e8d0,
0x000001da28e1ee20, 0x000001da28e1f8c0, 0x000001da2e0eba70, 0x000001da2e0eafd0,
0x000001da2e0eb520
}

Java Threads: ( => current thread )
  0x000001da0989bd60 JavaThread "main" [_thread_blocked, id=27140, stack(0x00000076ced00000,0x00000076cee00000)]
  0x000001da28e13500 JavaThread "Reference Handler" daemon [_thread_blocked, id=29804, stack(0x00000076cf400000,0x00000076cf500000)]
  0x000001da28e14300 JavaThread "Finalizer" daemon [_thread_blocked, id=29028, stack(0x00000076cf500000,0x00000076cf600000)]
  0x000001da28e15460 JavaThread "Signal Dispatcher" daemon [_thread_blocked, id=22316, stack(0x00000076cf600000,0x00000076cf700000)]
  0x000001da28e16fb0 JavaThread "Attach Listener" daemon [_thread_blocked, id=17936, stack(0x00000076cf700000,0x00000076cf800000)]
  0x000001da28e1ba20 JavaThread "Service Thread" daemon [_thread_blocked, id=32432, stack(0x00000076cf800000,0x00000076cf900000)]
  0x000001da28e20e00 JavaThread "Monitor Deflation Thread" daemon [_thread_blocked, id=34348, stack(0x00000076cf900000,0x00000076cfa00000)]
  0x000001da28e2b260 JavaThread "C2 CompilerThread0" daemon [_thread_blocked, id=27936, stack(0x00000076cfa00000,0x00000076cfb00000)]
  0x000001da28e35810 JavaThread "C1 CompilerThread0" daemon [_thread_blocked, id=15012, stack(0x00000076cfb00000,0x00000076cfc00000)]
  0x000001da28e1de30 JavaThread "Common-Cleaner" daemon [_thread_blocked, id=32120, stack(0x00000076cfc00000,0x00000076cfd00000)]
  0x000001da28e21350 JavaThread "Monitor Ctrl-Break" daemon [_thread_in_native, id=25136, stack(0x00000076cff00000,0x00000076d0000000)]
  0x000001da28e1e380 JavaThread "Notification Thread" daemon [_thread_blocked, id=33388, stack(0x00000076d0000000,0x00000076d0100000)]
  0x000001da28e1fe10 JavaThread "QuantumRenderer-0" daemon [_thread_blocked, id=30556, stack(0x00000076d0200000,0x00000076d0300000)]
  0x000001da28e20360 JavaThread "InvokeLaterDispatcher" daemon [_thread_blocked, id=1304, stack(0x00000076d0300000,0x00000076d0400000)]
  0x000001da28e208b0 JavaThread "JavaFX Application Thread" [_thread_in_native, id=21788, stack(0x00000076d0400000,0x00000076d0500000)]
  0x000001da28e1e8d0 JavaThread "Thread-1" daemon [_thread_in_native, id=17728, stack(0x00000076d0800000,0x00000076d0900000)]
  0x000001da28e1ee20 JavaThread "JavaFX-Launcher" [_thread_blocked, id=23304, stack(0x00000076cfe00000,0x00000076cff00000)]
  0x000001da28e1f8c0 JavaThread "Prism Font Disposer" daemon [_thread_blocked, id=30372, stack(0x00000076d1100000,0x00000076d1200000)]
  0x000001da2e0eba70 JavaThread "Cleaner-0" daemon [_thread_blocked, id=31796, stack(0x00000076cfd00000,0x00000076cfe00000)]
  0x000001da2e0eafd0 JavaThread "mysql-cj-abandoned-connection-cleanup" daemon [_thread_blocked, id=22904, stack(0x00000076d1200000,0x00000076d1300000)]
  0x000001da2e0eb520 JavaThread "SIGINT handler" daemon [_thread_blocked, id=28864, stack(0x00000076d0700000,0x00000076d0800000)]

Other Threads:
=>0x000001da28df63a0 VMThread "VM Thread" [stack: 0x00000076cf300000,0x00000076cf400000] [id=32764]
  0x000001da09909f20 WorkerThread "GC Thread#0" [stack: 0x00000076cee00000,0x00000076cef00000] [id=11460]
  0x000001da2dd47d80 WorkerThread "GC Thread#1" [stack: 0x00000076d0900000,0x00000076d0a00000] [id=32868]
  0x000001da2dd48050 WorkerThread "GC Thread#2" [stack: 0x00000076d0a00000,0x00000076d0b00000] [id=33412]
  0x000001da2ddd9a90 WorkerThread "GC Thread#3" [stack: 0x00000076d0b00000,0x00000076d0c00000] [id=30244]
  0x000001da2dd66590 WorkerThread "GC Thread#4" [stack: 0x00000076d0c00000,0x00000076d0d00000] [id=28904]
  0x000001da2dd662c0 WorkerThread "GC Thread#5" [stack: 0x00000076d0d00000,0x00000076d0e00000] [id=33104]
  0x000001da2dd673a0 WorkerThread "GC Thread#6" [stack: 0x00000076d1900000,0x00000076d1a00000] [id=34276]
  0x000001da2dd66e00 WorkerThread "GC Thread#7" [stack: 0x00000076d1a00000,0x00000076d1b00000] [id=21908]
  0x000001da0991add0 ConcurrentGCThread "G1 Main Marker" terminated
  0x000001da0991cfb0 WorkerThread "G1 Conc#0" [stack: 0x00000076cf000000,0x00000076cf100000] [id=27660]
  0x000001da2dd670d0 WorkerThread "G1 Conc#1" [stack: 0x00000076d1b00000,0x00000076d1c00000] [id=1924]
  0x000001da28cb1540 ConcurrentGCThread "G1 Refine#0" terminated
  0x000001da28cb1df0 ConcurrentGCThread "G1 Service" terminated

Threads with active compile tasks:
C2 CompilerThread0   124972 4079       4       java.util.concurrent.ConcurrentHashMap::addCount (280 bytes)

VM state: at safepoint (shutting down)

VM Mutex/Monitor currently owned by a thread:  ([mutex/lock_event])
[0x000001da09897ad0] Threads_lock - owner thread: 0x000001da28df63a0
[0x000001da098991e0] Heap_lock - owner thread: 0x000001da2e0eb520

Heap address: 0x0000000702000000, size: 4064 MB, Compressed Oops mode: Zero based, Oop shift amount: 3

CDS archive(s) mapped at: [0x0000000800000000-0x0000000800c60000-0x0000000800c60000), size 12976128, SharedBaseAddress: 0x0000000800000000, ArchiveRelocationMode: 0.
Compressed class space mapped at: 0x0000000801000000-0x0000000841000000, reserved size: 1073741824
Narrow klass base: 0x0000000800000000, Narrow klass shift: 0, Narrow klass range: 0x100000000

GC Precious Log:
 CardTable entry size: 512
 Card Set container configuration: InlinePtr #cards 4 size 8 Array Of Cards #cards 16 size 48 Howl #buckets 8 coarsen threshold 3686 Howl Bitmap #cards 512 size 80 coarsen threshold 460 Card regions per heap region 1 cards per card region 4096
 CPUs: 8 total, 8 available
 Memory: 16254M
 Large Page Support: Disabled
 NUMA Support: Disabled
 Compressed Oops: Enabled (Zero based)
 Heap Region Size: 2M
 Heap Min Capacity: 8M
 Heap Initial Capacity: 254M
 Heap Max Capacity: 4064M
 Pre-touch: Disabled
 Parallel Workers: 8
 Concurrent Workers: 2
 Concurrent Refinement Workers: 8
 Periodic GC: Disabled

Heap:
 garbage-first heap   total 55296K, used 15744K [0x0000000702000000, 0x0000000800000000)
  region size 2048K, 3 young (6144K), 2 survivors (4096K)
 Metaspace       used 25863K, committed 26240K, reserved 1114112K
  class space    used 3428K, committed 3584K, reserved 1048576K

Heap Regions: E=young(eden), S=young(survivor), O=old, HS=humongous(starts), HC=humongous(continues), CS=collection set, F=free, OA=open archive, CA=closed archive, TAMS=top-at-mark-start, PB=parsable bottom
|   0|0x0000000702000000, 0x0000000702000000, 0x0000000702200000|  0%| F|  |TAMS 0x0000000702000000| PB 0x0000000702000000| Untracked 
|   1|0x0000000702200000, 0x0000000702400000, 0x0000000702400000|100%| O|  |TAMS 0x0000000702200000| PB 0x0000000702200000| Untracked 
|   2|0x0000000702400000, 0x0000000702600000, 0x0000000702600000|100%| O|  |TAMS 0x0000000702400000| PB 0x0000000702400000| Untracked 
|   3|0x0000000702600000, 0x00000007026b9400, 0x0000000702800000| 36%| O|  |TAMS 0x0000000702600000| PB 0x0000000702600000| Complete 
|   4|0x0000000702800000, 0x0000000702a00000, 0x0000000702a00000|100%|HS|  |TAMS 0x0000000702800000| PB 0x0000000702800000| Complete 
|   5|0x0000000702a00000, 0x0000000702c00000, 0x0000000702c00000|100%| O|  |TAMS 0x0000000702a00000| PB 0x0000000702a00000| Untracked 
|   6|0x0000000702c00000, 0x0000000702e00000, 0x0000000702e00000|100%| O|  |TAMS 0x0000000702c00000| PB 0x0000000702c00000| Untracked 
|   7|0x0000000702e00000, 0x0000000702ea6e00, 0x0000000703000000| 32%| O|  |TAMS 0x0000000702e00000| PB 0x0000000702e00000| Untracked 
|   8|0x0000000703000000, 0x0000000703000000, 0x0000000703200000|  0%| F|  |TAMS 0x0000000703000000| PB 0x0000000703000000| Untracked 
|   9|0x0000000703200000, 0x0000000703400000, 0x0000000703400000|100%| S|CS|TAMS 0x0000000703200000| PB 0x0000000703200000| Complete 
|  10|0x0000000703400000, 0x0000000703600000, 0x0000000703600000|100%| S|CS|TAMS 0x0000000703400000| PB 0x0000000703400000| Complete 
|  11|0x0000000703600000, 0x0000000703600000, 0x0000000703800000|  0%| F|  |TAMS 0x0000000703600000| PB 0x0000000703600000| Untracked 
|  12|0x0000000703800000, 0x0000000703800000, 0x0000000703a00000|  0%| F|  |TAMS 0x0000000703800000| PB 0x0000000703800000| Untracked 
|  13|0x0000000703a00000, 0x0000000703a00000, 0x0000000703c00000|  0%| F|  |TAMS 0x0000000703a00000| PB 0x0000000703a00000| Untracked 
|  14|0x0000000703c00000, 0x0000000703c00000, 0x0000000703e00000|  0%| F|  |TAMS 0x0000000703c00000| PB 0x0000000703c00000| Untracked 
|  15|0x0000000703e00000, 0x0000000703e00000, 0x0000000704000000|  0%| F|  |TAMS 0x0000000703e00000| PB 0x0000000703e00000| Untracked 
|  16|0x0000000704000000, 0x0000000704000000, 0x0000000704200000|  0%| F|  |TAMS 0x0000000704000000| PB 0x0000000704000000| Untracked 
|  17|0x0000000704200000, 0x0000000704200000, 0x0000000704400000|  0%| F|  |TAMS 0x0000000704200000| PB 0x0000000704200000| Untracked 
|  18|0x0000000704400000, 0x0000000704400000, 0x0000000704600000|  0%| F|  |TAMS 0x0000000704400000| PB 0x0000000704400000| Untracked 
|  19|0x0000000704600000, 0x0000000704600000, 0x0000000704800000|  0%| F|  |TAMS 0x0000000704600000| PB 0x0000000704600000| Untracked 
|  20|0x0000000704800000, 0x0000000704800000, 0x0000000704a00000|  0%| F|  |TAMS 0x0000000704800000| PB 0x0000000704800000| Untracked 
|  21|0x0000000704a00000, 0x0000000704a00000, 0x0000000704c00000|  0%| F|  |TAMS 0x0000000704a00000| PB 0x0000000704a00000| Untracked 
|  22|0x0000000704c00000, 0x0000000704c00000, 0x0000000704e00000|  0%| F|  |TAMS 0x0000000704c00000| PB 0x0000000704c00000| Untracked 
| 119|0x0000000710e00000, 0x0000000710e00000, 0x0000000711000000|  0%| F|  |TAMS 0x0000000710e00000| PB 0x0000000710e00000| Untracked 
| 120|0x0000000711000000, 0x0000000711000000, 0x0000000711200000|  0%| F|  |TAMS 0x0000000711000000| PB 0x0000000711000000| Untracked 
| 121|0x0000000711200000, 0x0000000711200000, 0x0000000711400000|  0%| F|  |TAMS 0x0000000711200000| PB 0x0000000711200000| Untracked 
| 126|0x0000000711c00000, 0x0000000711c94198, 0x0000000711e00000| 28%| E|  |TAMS 0x0000000711c00000| PB 0x0000000711c00000| Complete 

Card table byte_map: [0x000001da21480000,0x000001da21c70000] _byte_map_base: 0x000001da1dc70000

Marking Bits: (CMBitMap*) 0x000001da0990a550
 Bits: [0x000001da22460000, 0x000001da263e0000)

Polling page: 0x000001da07830000

Metaspace:

Usage:
  Non-class:     21.91 MB used.
      Class:      3.35 MB used.
       Both:     25.26 MB used.

Virtual space:
  Non-class space:       64.00 MB reserved,      22.12 MB ( 35%) committed,  1 nodes.
      Class space:        1.00 GB reserved,       3.50 MB ( <1%) committed,  1 nodes.
             Both:        1.06 GB reserved,      25.62 MB (  2%) committed. 

Chunk freelists:
   Non-Class:  1.89 MB
       Class:  464.00 KB
        Both:  2.34 MB

MaxMetaspaceSize: unlimited
CompressedClassSpaceSize: 1.00 GB
Initial GC threshold: 21.00 MB
Current GC threshold: 35.25 MB
CDS: on
MetaspaceReclaimPolicy: balanced
 - commit_granule_bytes: 65536.
 - commit_granule_words: 8192.
 - virtual_space_node_default_size: 8388608.
 - enlarge_chunks_in_place: 1.
 - new_chunks_are_fully_committed: 0.
 - uncommit_free_chunks: 1.
 - use_allocation_guard: 0.


Internal statistics:

num_allocs_failed_limit: 3.
num_arena_births: 416.
num_arena_deaths: 0.
num_vsnodes_births: 2.
num_vsnodes_deaths: 0.
num_space_committed: 410.
num_space_uncommitted: 0.
num_chunks_returned_to_freelist: 3.
num_chunks_taken_from_freelist: 1166.
num_chunk_merges: 3.
num_chunk_splits: 797.
num_chunks_enlarged: 576.
num_inconsistent_stats: 0.

CodeHeap 'non-profiled nmethods': size=120000Kb used=1803Kb max_used=1803Kb free=118196Kb
 bounds [0x000001da19430000, 0x000001da196a0000, 0x000001da20960000]
CodeHeap 'profiled nmethods': size=120000Kb used=7869Kb max_used=7869Kb free=112130Kb
 bounds [0x000001da11960000, 0x000001da12110000, 0x000001da18e90000]
CodeHeap 'non-nmethods': size=5760Kb used=1965Kb max_used=2023Kb free=3794Kb
 bounds [0x000001da18e90000, 0x000001da19100000, 0x000001da19430000]
 total_blobs=4979 nmethods=4077 adapters=811
 compilation: enabled
              stopped_count=0, restarted_count=0
 full_count=0

Compilation events (20 events):
Event: 107.900 Thread 0x000001da28e35810 nmethod 4070 0x000001da12107990 code [0x000001da12107d00, 0x000001da12109238]
Event: 115.496 Thread 0x000001da28e35810 4071   !   3       com.sun.javafx.binding.ExpressionHelper$Generic::fireValueChangedEvent (218 bytes)
Event: 115.498 Thread 0x000001da28e35810 nmethod 4071 0x000001da12109a10 code [0x000001da12109d60, 0x000001da1210bc10]
Event: 122.667 Thread 0x000001da28e2b260 4072       4       javafx.event.Event::<init> (36 bytes)
Event: 122.669 Thread 0x000001da28e2b260 nmethod 4072 0x000001da195f2710 code [0x000001da195f2880, 0x000001da195f2c10]
Event: 122.803 Thread 0x000001da28e35810 4073       3       com.sun.javafx.css.BitSet::remove (171 bytes)
Event: 122.803 Thread 0x000001da28e35810 nmethod 4073 0x000001da1210c790 code [0x000001da1210c9a0, 0x000001da1210d290]
Event: 124.018 Thread 0x000001da28e35810 4074       3       jdk.internal.module.Resources::toPackageName (39 bytes)
Event: 124.018 Thread 0x000001da28e35810 nmethod 4074 0x000001da1210d510 code [0x000001da1210d720, 0x000001da1210ddb0]
Event: 124.556 Thread 0x000001da28e35810 4075       3       java.lang.ref.ReferenceQueue::remove0 (64 bytes)
Event: 124.557 Thread 0x000001da28e2b260 4079       4       java.util.concurrent.ConcurrentHashMap::addCount (280 bytes)
Event: 124.557 Thread 0x000001da28e35810 nmethod 4075 0x000001da1210e010 code [0x000001da1210e200, 0x000001da1210e688]
Event: 124.557 Thread 0x000001da28e35810 4077   !   3       jdk.internal.ref.PhantomCleanable::isListEmpty (34 bytes)
Event: 124.557 Thread 0x000001da28e35810 nmethod 4077 0x000001da1210e810 code [0x000001da1210e9a0, 0x000001da1210ec10]
Event: 124.557 Thread 0x000001da28e35810 4078       3       jdk.internal.misc.InnocuousThread::eraseThreadLocals (23 bytes)
Event: 124.557 Thread 0x000001da28e35810 nmethod 4078 0x000001da1210ed10 code [0x000001da1210eea0, 0x000001da1210f0a0]
Event: 124.557 Thread 0x000001da28e35810 4076       3       java.util.concurrent.locks.AbstractQueuedSynchronizer::acquire (20 bytes)
Event: 124.557 Thread 0x000001da28e35810 nmethod 4076 0x000001da1210f110 code [0x000001da1210f2c0, 0x000001da1210f530]
Event: 124.557 Thread 0x000001da28e35810 4080       1       java.lang.Thread::isInterrupted (5 bytes)
Event: 124.558 Thread 0x000001da28e35810 nmethod 4080 0x000001da195f2c90 code [0x000001da195f2e00, 0x000001da195f2ed0]

GC Heap History (8 events):
Event: 1.028 GC heap before
{Heap before GC invocations=0 (full 0):
 garbage-first heap   total 260096K, used 20480K [0x0000000702000000, 0x0000000800000000)
  region size 2048K, 11 young (22528K), 0 survivors (0K)
 Metaspace       used 5116K, committed 5376K, reserved 1114112K
  class space    used 594K, committed 704K, reserved 1048576K
}
Event: 1.032 GC heap after
{Heap after GC invocations=1 (full 0):
 garbage-first heap   total 260096K, used 2887K [0x0000000702000000, 0x0000000800000000)
  region size 2048K, 2 young (4096K), 2 survivors (4096K)
 Metaspace       used 5116K, committed 5376K, reserved 1114112K
  class space    used 594K, committed 704K, reserved 1048576K
}
Event: 4.058 GC heap before
{Heap before GC invocations=1 (full 0):
 garbage-first heap   total 260096K, used 39751K [0x0000000702000000, 0x0000000800000000)
  region size 2048K, 20 young (40960K), 2 survivors (4096K)
 Metaspace       used 15739K, committed 16128K, reserved 1114112K
  class space    used 2066K, committed 2240K, reserved 1048576K
}
Event: 4.067 GC heap after
{Heap after GC invocations=2 (full 0):
 garbage-first heap   total 260096K, used 10595K [0x0000000702000000, 0x0000000800000000)
  region size 2048K, 3 young (6144K), 3 survivors (6144K)
 Metaspace       used 15739K, committed 16128K, reserved 1114112K
  class space    used 2066K, committed 2240K, reserved 1048576K
}
Event: 4.545 GC heap before
{Heap before GC invocations=2 (full 0):
 garbage-first heap   total 260096K, used 18787K [0x0000000702000000, 0x0000000800000000)
  region size 2048K, 8 young (16384K), 3 survivors (6144K)
 Metaspace       used 21117K, committed 21504K, reserved 1114112K
  class space    used 2686K, committed 2880K, reserved 1048576K
}
Event: 4.552 GC heap after
{Heap after GC invocations=3 (full 0):
 garbage-first heap   total 260096K, used 12834K [0x0000000702000000, 0x0000000800000000)
  region size 2048K, 3 young (6144K), 3 survivors (6144K)
 Metaspace       used 21117K, committed 21504K, reserved 1114112K
  class space    used 2686K, committed 2880K, reserved 1048576K
}
Event: 124.549 GC heap before
{Heap before GC invocations=4 (full 0):
 garbage-first heap   total 55296K, used 41506K [0x0000000702000000, 0x0000000800000000)
  region size 2048K, 16 young (32768K), 3 survivors (6144K)
 Metaspace       used 25840K, committed 26176K, reserved 1114112K
  class space    used 3424K, committed 3584K, reserved 1048576K
}
Event: 124.556 GC heap after
{Heap after GC invocations=5 (full 0):
 garbage-first heap   total 55296K, used 15744K [0x0000000702000000, 0x0000000800000000)
  region size 2048K, 2 young (4096K), 2 survivors (4096K)
 Metaspace       used 25840K, committed 26176K, reserved 1114112K
  class space    used 3424K, committed 3584K, reserved 1048576K
}

Dll operation events (20 events):
Event: 0.609 Loaded shared library C:\Users\shara\.openjfx\cache\17.0.2-ea\api-ms-win-crt-heap-l1-1-0.dll
Event: 0.613 Loaded shared library C:\Users\shara\.openjfx\cache\17.0.2-ea\api-ms-win-crt-locale-l1-1-0.dll
Event: 0.618 Loaded shared library C:\Users\shara\.openjfx\cache\17.0.2-ea\api-ms-win-crt-math-l1-1-0.dll
Event: 0.624 Loaded shared library C:\Users\shara\.openjfx\cache\17.0.2-ea\api-ms-win-crt-multibyte-l1-1-0.dll
Event: 0.630 Loaded shared library C:\Users\shara\.openjfx\cache\17.0.2-ea\api-ms-win-crt-private-l1-1-0.dll
Event: 0.634 Loaded shared library C:\Users\shara\.openjfx\cache\17.0.2-ea\api-ms-win-crt-process-l1-1-0.dll
Event: 0.639 Loaded shared library C:\Users\shara\.openjfx\cache\17.0.2-ea\api-ms-win-crt-runtime-l1-1-0.dll
Event: 0.644 Loaded shared library C:\Users\shara\.openjfx\cache\17.0.2-ea\api-ms-win-crt-stdio-l1-1-0.dll
Event: 0.649 Loaded shared library C:\Users\shara\.openjfx\cache\17.0.2-ea\api-ms-win-crt-string-l1-1-0.dll
Event: 0.654 Loaded shared library C:\Users\shara\.openjfx\cache\17.0.2-ea\api-ms-win-crt-time-l1-1-0.dll
Event: 0.659 Loaded shared library C:\Users\shara\.openjfx\cache\17.0.2-ea\api-ms-win-crt-utility-l1-1-0.dll
Event: 0.688 Loaded shared library C:\Users\shara\.openjfx\cache\17.0.2-ea\ucrtbase.dll
Event: 0.696 Loaded shared library C:\Users\shara\.openjfx\cache\17.0.2-ea\vcruntime140.dll
Event: 0.702 Loaded shared library C:\Users\shara\.openjfx\cache\17.0.2-ea\vcruntime140_1.dll
Event: 0.716 Loaded shared library C:\Users\shara\.openjfx\cache\17.0.2-ea\msvcp140.dll
Event: 0.778 Loaded shared library C:\Users\shara\.openjfx\cache\17.0.2-ea\prism_d3d.dll
Event: 0.835 Loaded shared library C:\Users\shara\.openjfx\cache\17.0.2-ea\glass.dll
Event: 1.017 Loaded shared library C:\Users\shara\.jdks\openjdk-20.0.1\bin\jimage.dll
Event: 1.281 Loaded shared library C:\Users\shara\.openjfx\cache\17.0.2-ea\javafx_font.dll
Event: 4.226 Loaded shared library C:\Users\shara\.jdks\openjdk-20.0.1\bin\sunmscapi.dll

Deoptimization events (20 events):
Event: 104.204 Thread 0x000001da28e208b0 DEOPT PACKING pc=0x000001da1954adf4 sp=0x00000076d04f75c0
Event: 104.204 Thread 0x000001da28e208b0 DEOPT UNPACKING pc=0x000001da18ef9d22 sp=0x00000076d04f7468 mode 2
Event: 104.204 Thread 0x000001da28e208b0 Uncommon trap: trap_request=0xffffff45 fr.pc=0x000001da1952d334 relative=0x00000000000001b4
Event: 104.204 Thread 0x000001da28e208b0 Uncommon trap: reason=unstable_if action=reinterpret pc=0x000001da1952d334 method=java.lang.StringLatin1.indexOf([BII)I @ 4 c2
Event: 104.204 Thread 0x000001da28e208b0 DEOPT PACKING pc=0x000001da1952d334 sp=0x00000076d04f7540
Event: 104.204 Thread 0x000001da28e208b0 DEOPT UNPACKING pc=0x000001da18ef9d22 sp=0x00000076d04f7468 mode 2
Event: 105.834 Thread 0x000001da28e1fe10 DEOPT PACKING pc=0x000001da11f91bba sp=0x00000076d02fe3d0
Event: 105.834 Thread 0x000001da28e1fe10 DEOPT UNPACKING pc=0x000001da18efa4c2 sp=0x00000076d02fd808 mode 0
Event: 105.835 Thread 0x000001da28e1e8d0 Uncommon trap: trap_request=0xffffff45 fr.pc=0x000001da195c2a40 relative=0x0000000000000180
Event: 105.835 Thread 0x000001da28e1e8d0 Uncommon trap: reason=unstable_if action=reinterpret pc=0x000001da195c2a40 method=com.sun.javafx.tk.quantum.QuantumToolkit.postPulse()V @ 17 c2
Event: 105.835 Thread 0x000001da28e1e8d0 DEOPT PACKING pc=0x000001da195c2a40 sp=0x00000076d08ff270
Event: 105.835 Thread 0x000001da28e1e8d0 DEOPT UNPACKING pc=0x000001da18ef9d22 sp=0x00000076d08ff160 mode 2
Event: 105.837 Thread 0x000001da28e1fe10 DEOPT PACKING pc=0x000001da11f91bba sp=0x00000076d02fe390
Event: 105.837 Thread 0x000001da28e1fe10 DEOPT UNPACKING pc=0x000001da18efa4c2 sp=0x00000076d02fd7c8 mode 0
Event: 105.841 Thread 0x000001da28e1fe10 DEOPT PACKING pc=0x000001da11f920c9 sp=0x00000076d02fe370
Event: 105.841 Thread 0x000001da28e1fe10 DEOPT UNPACKING pc=0x000001da18efa4c2 sp=0x00000076d02fd7a8 mode 0
Event: 105.851 Thread 0x000001da28e1e8d0 Uncommon trap: trap_request=0xffffff45 fr.pc=0x000001da195c240c relative=0x000000000000016c
Event: 105.851 Thread 0x000001da28e1e8d0 Uncommon trap: reason=unstable_if action=reinterpret pc=0x000001da195c240c method=com.sun.javafx.tk.quantum.QuantumToolkit.postPulse()V @ 17 c2
Event: 105.851 Thread 0x000001da28e1e8d0 DEOPT PACKING pc=0x000001da195c240c sp=0x00000076d08ff1a0
Event: 105.851 Thread 0x000001da28e1e8d0 DEOPT UNPACKING pc=0x000001da18ef9d22 sp=0x00000076d08ff158 mode 2

Classes loaded (20 events):
Event: 5.138 Loading class sun/util/locale/provider/BreakIteratorProviderImpl
Event: 5.138 Loading class sun/util/locale/provider/BreakIteratorProviderImpl done
Event: 5.139 Loading class sun/util/locale/provider/BreakIteratorProviderImpl$GraphemeBreakIterator
Event: 5.140 Loading class sun/util/locale/provider/BreakIteratorProviderImpl$GraphemeBreakIterator done
Event: 5.140 Loading class java/text/StringCharacterIterator
Event: 5.140 Loading class java/text/StringCharacterIterator done
Event: 5.140 Loading class sun/util/locale/provider/BreakIteratorProviderImpl$CharacterIteratorCharSequence
Event: 5.140 Loading class sun/util/locale/provider/BreakIteratorProviderImpl$CharacterIteratorCharSequence done
Event: 5.140 Loading class java/text/BreakIterator$BreakIteratorCache
Event: 5.140 Loading class java/text/BreakIterator$BreakIteratorCache done
Event: 104.203 Loading class java/util/RegularEnumSet$EnumSetIterator
Event: 104.203 Loading class java/util/RegularEnumSet$EnumSetIterator done
Event: 124.548 Loading class jdk/internal/misc/Signal$1
Event: 124.548 Loading class jdk/internal/misc/Signal$1 done
Event: 124.557 Loading class sun/security/ssl/Alert
Event: 124.557 Loading class sun/security/ssl/Alert done
Event: 124.557 Loading class sun/security/ssl/Alert$AlertConsumer
Event: 124.557 Loading class sun/security/ssl/Alert$AlertConsumer done
Event: 124.557 Loading class sun/security/ssl/Alert$Level
Event: 124.557 Loading class sun/security/ssl/Alert$Level done

Classes unloaded (0 events):
No events

Classes redefined (0 events):
No events

Internal exceptions (20 events):
Event: 4.007 Thread 0x000001da28e208b0 Exception <a 'sun/nio/fs/WindowsException'{0x000000070f686000}> (0x000000070f686000) 
thrown [s\open\src\hotspot\share\prims\jni.cpp, line 519]
Event: 4.008 Thread 0x000001da28e208b0 Exception <a 'sun/nio/fs/WindowsException'{0x000000070f688418}> (0x000000070f688418) 
thrown [s\open\src\hotspot\share\prims\jni.cpp, line 519]
Event: 4.018 Thread 0x000001da28e208b0 Exception <a 'sun/nio/fs/WindowsException'{0x000000070f6e3310}> (0x000000070f6e3310) 
thrown [s\open\src\hotspot\share\prims\jni.cpp, line 519]
Event: 4.019 Thread 0x000001da28e208b0 Exception <a 'sun/nio/fs/WindowsException'{0x000000070f6e5bc0}> (0x000000070f6e5bc0) 
thrown [s\open\src\hotspot\share\prims\jni.cpp, line 519]
Event: 4.025 Thread 0x000001da28e208b0 Exception <a 'java/lang/NoSuchMethodError'{0x000000070f6f4b88}: 'java.lang.Object java.lang.invoke.DirectMethodHandle$Holder.invokeVirtual(java.lang.Object, java.lang.Object, java.lang.Object)'> (0x000000070f6f4b88) 
thrown [s\open\src\hotspot\share\interpreter\linkResolver.cpp, line 773]
Event: 4.118 Thread 0x000001da28e208b0 Exception <a 'sun/nio/fs/WindowsException'{0x0000000711a8f858}> (0x0000000711a8f858) 
thrown [s\open\src\hotspot\share\prims\jni.cpp, line 519]
Event: 4.214 Thread 0x000001da28e208b0 Exception <a 'sun/nio/fs/WindowsException'{0x00000007118d3698}> (0x00000007118d3698) 
thrown [s\open\src\hotspot\share\prims\jni.cpp, line 519]
Event: 4.261 Thread 0x000001da28e208b0 Exception <a 'sun/nio/fs/WindowsException'{0x00000007119d4e88}> (0x00000007119d4e88) 
thrown [s\open\src\hotspot\share\prims\jni.cpp, line 519]
Event: 4.266 Thread 0x000001da28e208b0 Exception <a 'sun/nio/fs/WindowsException'{0x00000007119e99a8}> (0x00000007119e99a8) 
thrown [s\open\src\hotspot\share\prims\jni.cpp, line 519]
Event: 4.295 Thread 0x000001da28e208b0 Exception <a 'java/lang/NoSuchMethodError'{0x0000000711683e88}: 'java.lang.Object java.lang.invoke.DirectMethodHandle$Holder.invokeStaticInit(java.lang.Object, int, int, int, int)'> (0x0000000711683e88) 
thrown [s\open\src\hotspot\share\interpreter\linkResolver.cpp, line 773]
Event: 4.375 Thread 0x000001da28e208b0 Exception <a 'java/lang/NoSuchMethodError'{0x0000000711720398}: 'java.lang.Object java.lang.invoke.DirectMethodHandle$Holder.invokeStaticInit(java.lang.Object, java.lang.Object, int, int, int, int)'> (0x0000000711720398) 
thrown [s\open\src\hotspot\share\interpreter\linkResolver.cpp, line 773]
Event: 4.766 Thread 0x000001da28e208b0 Exception <a 'java/lang/ClassNotFoundException'{0x0000000704abbec0}: com/sun/javafx/scene/control/skin/resources/controls> (0x0000000704abbec0) 
thrown [s\open\src\hotspot\share\prims\jni.cpp, line 538]
Event: 4.767 Thread 0x000001da28e208b0 Exception <a 'java/lang/ClassNotFoundException'{0x0000000704aca4b0}: com/sun/javafx/scene/control/skin/resources/controls_en> (0x0000000704aca4b0) 
thrown [s\open\src\hotspot\share\prims\jni.cpp, line 538]
Event: 4.768 Thread 0x000001da28e208b0 Exception <a 'java/lang/ClassNotFoundException'{0x0000000704acbc70}: com/sun/javafx/scene/control/skin/resources/controls_en_GB> (0x0000000704acbc70) 
thrown [s\open\src\hotspot\share\prims\jni.cpp, line 538]
Event: 4.935 Thread 0x000001da28e208b0 Exception <a 'java/lang/NoSuchMethodError'{0x00000007044fffc0}: 'void java.lang.invoke.DirectMethodHandle$Holder.invokeSpecial(java.lang.Object, java.lang.Object, java.lang.Object, java.lang.Object, java.lang.Object, java.lang.Object)'> (0x00000007044fffc0) 
thrown [s\open\src\hotspot\share\interpreter\linkResolver.cpp, line 773]
Event: 5.278 Thread 0x000001da28e1fe10 Exception <a 'java/lang/NoSuchMethodError'{0x0000000703c357a8}: 'java.lang.Object java.lang.invoke.DirectMethodHandle$Holder.invokeStaticInit(java.lang.Object, int)'> (0x0000000703c357a8) 
thrown [s\open\src\hotspot\share\interpreter\linkResolver.cpp, line 773]
Event: 76.420 Thread 0x000001da28e208b0 Exception <a 'java/lang/NoSuchMethodError'{0x0000000703fd9700}: 'java.lang.Object java.lang.invoke.DirectMethodHandle$Holder.newInvokeSpecial(java.lang.Object, java.lang.Object, int, int, int, int, int, java.lang.Object)'> (0x0000000703fd9700) 
thrown [s\open\src\hotspot\share\interpreter\linkResolver.cpp, line 773]
Event: 76.421 Thread 0x000001da28e208b0 Exception <a 'java/lang/NoSuchMethodError'{0x0000000703fec450}: 'java.lang.Object java.lang.invoke.DirectMethodHandle$Holder.newInvokeSpecial(java.lang.Object, java.lang.Object, java.lang.Object, int, int, int, int, int)'> (0x0000000703fec450) 
thrown [s\open\src\hotspot\share\interpreter\linkResolver.cpp, line 773]
Event: 76.421 Thread 0x000001da28e208b0 Exception <a 'java/lang/NoSuchMethodError'{0x0000000703ff4250}: 'java.lang.Object java.lang.invoke.Invokers$Holder.linkToTargetMethod(java.lang.Object, java.lang.Object, int, int, int, int, int, java.lang.Object)'> (0x0000000703ff4250) 
thrown [s\open\src\hotspot\share\interpreter\linkResolver.cpp, line 773]
Event: 102.523 Thread 0x000001da28e208b0 Implicit null exception at 0x000001da195be5a0 to 0x000001da195be5fc

VM Operations (20 events):
Event: 100.434 Executing VM operation: Cleanup done
Event: 101.434 Executing VM operation: Cleanup
Event: 101.435 Executing VM operation: Cleanup done
Event: 102.435 Executing VM operation: Cleanup
Event: 102.435 Executing VM operation: Cleanup done
Event: 103.435 Executing VM operation: Cleanup
Event: 103.435 Executing VM operation: Cleanup done
Event: 104.435 Executing VM operation: Cleanup
Event: 104.436 Executing VM operation: Cleanup done
Event: 105.436 Executing VM operation: Cleanup
Event: 105.436 Executing VM operation: Cleanup done
Event: 106.436 Executing VM operation: Cleanup
Event: 106.436 Executing VM operation: Cleanup done
Event: 107.437 Executing VM operation: Cleanup
Event: 107.437 Executing VM operation: Cleanup done
Event: 123.442 Executing VM operation: Cleanup
Event: 123.443 Executing VM operation: Cleanup done
Event: 124.549 Executing VM operation: G1CollectForAllocation
Event: 124.556 Executing VM operation: G1CollectForAllocation done
Event: 124.558 Executing VM operation: Exit

Events (20 events):
Event: 0.839 Thread 0x000001da28e20360 Thread added: 0x000001da28e20360
Event: 0.846 Thread 0x000001da28e208b0 Thread added: 0x000001da28e208b0
Event: 0.950 Thread 0x000001da2d158350 Thread exited: 0x000001da2d158350
Event: 0.956 Thread 0x000001da28e1e8d0 Thread added: 0x000001da28e1e8d0
Event: 0.967 Thread 0x000001da28e1ee20 Thread added: 0x000001da28e1ee20
Event: 1.724 Thread 0x000001da28e1f8c0 Thread added: 0x000001da28e1f8c0
Event: 1.724 Thread 0x000001da2d141300 Thread exited: 0x000001da2d141300
Event: 1.936 Thread 0x000001da2e0eba70 Thread added: 0x000001da2e0eba70
Event: 3.982 Thread 0x000001da2e0eafd0 Thread added: 0x000001da2e0eafd0
Event: 4.017 Thread 0x000001da2e0e3580 Thread added: 0x000001da2e0e3580
Event: 4.017 Thread 0x000001da2e0e3b10 Thread added: 0x000001da2e0e3b10
Event: 6.083 Thread 0x000001da2e0e3b10 Thread exited: 0x000001da2e0e3b10
Event: 6.187 Thread 0x000001da2e0e3580 Thread exited: 0x000001da2e0e3580
Event: 102.557 Thread 0x000001da2e16bfb0 Thread added: 0x000001da2e16bfb0
Event: 104.203 Thread 0x000001da2e16bfb0 Thread exited: 0x000001da2e16bfb0
Event: 124.548 Thread 0x000001da2e0eb520 Thread added: 0x000001da2e0eb520
Event: 124.548 Thread 0x000001da2e0e9a90 Thread added: 0x000001da2e0e9a90
Event: 124.548 Thread 0x000001da2e0ea530 Thread added: 0x000001da2e0ea530
Event: 124.557 Thread 0x000001da2e0e9a90 Thread exited: 0x000001da2e0e9a90
Event: 124.558 Thread 0x000001da2e0ea530 Thread exited: 0x000001da2e0ea530


Dynamic libraries:
0x00007ff66f380000 - 0x00007ff66f38e000 	C:\Users\shara\.jdks\openjdk-20.0.1\bin\java.exe
0x00007ffc1a370000 - 0x00007ffc1a568000 	C:\WINDOWS\SYSTEM32\ntdll.dll
0x00007ffc19110000 - 0x00007ffc191cf000 	C:\WINDOWS\System32\KERNEL32.DLL
0x00007ffc17e60000 - 0x00007ffc1813a000 	C:\WINDOWS\System32\KERNELBASE.dll
0x00007ffc182a0000 - 0x00007ffc183a0000 	C:\WINDOWS\System32\ucrtbase.dll
0x00007ffc08830000 - 0x00007ffc08847000 	C:\Users\shara\.jdks\openjdk-20.0.1\bin\jli.dll
0x00007ffc192f0000 - 0x00007ffc1948d000 	C:\WINDOWS\System32\USER32.dll
0x00007ffc183a0000 - 0x00007ffc183c2000 	C:\WINDOWS\System32\win32u.dll
0x00007ffc19070000 - 0x00007ffc1909b000 	C:\WINDOWS\System32\GDI32.dll
0x00007ffc17bd0000 - 0x00007ffc17ce0000 	C:\WINDOWS\System32\gdi32full.dll
0x00007ffc17a80000 - 0x00007ffc17b1d000 	C:\WINDOWS\System32\msvcp_win.dll
0x00007ffc061c0000 - 0x00007ffc061db000 	C:\Users\shara\.jdks\openjdk-20.0.1\bin\VCRUNTIME140.dll
0x00007ffbf0da0000 - 0x00007ffbf103a000 	C:\WINDOWS\WinSxS\amd64_microsoft.windows.common-controls_6595b64144ccf1df_6.0.19041.1110_none_60b5254171f9507e\COMCTL32.dll
0x00007ffc19850000 - 0x00007ffc198ee000 	C:\WINDOWS\System32\msvcrt.dll
0x00007ffc18f00000 - 0x00007ffc18f30000 	C:\WINDOWS\System32\IMM32.DLL
0x00007ffc10d80000 - 0x00007ffc10d8c000 	C:\Users\shara\.jdks\openjdk-20.0.1\bin\vcruntime140_1.dll
0x00007ffbe8400000 - 0x00007ffbe848e000 	C:\Users\shara\.jdks\openjdk-20.0.1\bin\msvcp140.dll
0x00007ffbbc5d0000 - 0x00007ffbbd267000 	C:\Users\shara\.jdks\openjdk-20.0.1\bin\server\jvm.dll
0x00007ffc183d0000 - 0x00007ffc1847e000 	C:\WINDOWS\System32\ADVAPI32.dll
0x00007ffc1a290000 - 0x00007ffc1a32c000 	C:\WINDOWS\System32\sechost.dll
0x00007ffc19a10000 - 0x00007ffc19b36000 	C:\WINDOWS\System32\RPCRT4.dll
0x00007ffc0f4b0000 - 0x00007ffc0f4b9000 	C:\WINDOWS\SYSTEM32\WSOCK32.dll
0x00007ffc190a0000 - 0x00007ffc1910b000 	C:\WINDOWS\System32\WS2_32.dll
0x00007ffbfa700000 - 0x00007ffbfa727000 	C:\WINDOWS\SYSTEM32\WINMM.dll
0x00007ffc0fce0000 - 0x00007ffc0fcea000 	C:\WINDOWS\SYSTEM32\VERSION.dll
0x00007ffc162d0000 - 0x00007ffc162e2000 	C:\WINDOWS\SYSTEM32\kernel.appcore.dll
0x00007ffc10b30000 - 0x00007ffc10b3a000 	C:\Users\shara\.jdks\openjdk-20.0.1\bin\jimage.dll
0x00007ffc15840000 - 0x00007ffc15a24000 	C:\WINDOWS\SYSTEM32\DBGHELP.DLL
0x00007ffc06b00000 - 0x00007ffc06b34000 	C:\WINDOWS\SYSTEM32\dbgcore.DLL
0x00007ffc17dd0000 - 0x00007ffc17e52000 	C:\WINDOWS\System32\bcryptPrimitives.dll
0x00007ffc06250000 - 0x00007ffc0625e000 	C:\Users\shara\.jdks\openjdk-20.0.1\bin\instrument.dll
0x00007ffbf6970000 - 0x00007ffbf6996000 	C:\Users\shara\.jdks\openjdk-20.0.1\bin\java.dll
0x00007ffbe5570000 - 0x00007ffbe5647000 	C:\Users\shara\.jdks\openjdk-20.0.1\bin\jsvml.dll
0x00007ffc19b40000 - 0x00007ffc1a284000 	C:\WINDOWS\System32\SHELL32.dll
0x00007ffc15b20000 - 0x00007ffc162b3000 	C:\WINDOWS\SYSTEM32\windows.storage.dll
0x00007ffc19490000 - 0x00007ffc197e4000 	C:\WINDOWS\System32\combase.dll
0x00007ffc17470000 - 0x00007ffc1749e000 	C:\WINDOWS\SYSTEM32\Wldp.dll
0x00007ffc19230000 - 0x00007ffc192dd000 	C:\WINDOWS\System32\SHCORE.dll
0x00007ffc18710000 - 0x00007ffc18765000 	C:\WINDOWS\System32\shlwapi.dll
0x00007ffc179c0000 - 0x00007ffc179df000 	C:\WINDOWS\SYSTEM32\profapi.dll
0x00007ffbf98d0000 - 0x00007ffbf98e3000 	C:\Users\shara\.jdks\openjdk-20.0.1\bin\net.dll
0x00007ffc0da80000 - 0x00007ffc0db8a000 	C:\WINDOWS\SYSTEM32\WINHTTP.dll
0x00007ffc171d0000 - 0x00007ffc1723a000 	C:\WINDOWS\system32\mswsock.dll
0x00007ffbf95b0000 - 0x00007ffbf95c6000 	C:\Users\shara\.jdks\openjdk-20.0.1\bin\nio.dll
0x00007ffbf31c0000 - 0x00007ffbf31d8000 	C:\Users\shara\.jdks\openjdk-20.0.1\bin\zip.dll
0x00007ffbf1d40000 - 0x00007ffbf1d5a000 	C:\Program Files\JetBrains\IntelliJ IDEA 2022.3.3\bin\breakgen64.dll
0x000001da078a0000 - 0x000001da078a3000 	C:\Users\shara\.openjfx\cache\17.0.2-ea\api-ms-win-core-console-l1-1-0.dll
0x000001da078b0000 - 0x000001da078b3000 	C:\Users\shara\.openjfx\cache\17.0.2-ea\api-ms-win-core-console-l1-2-0.dll
0x000001da09830000 - 0x000001da09833000 	C:\Users\shara\.openjfx\cache\17.0.2-ea\api-ms-win-core-datetime-l1-1-0.dll
0x000001da09840000 - 0x000001da09843000 	C:\Users\shara\.openjfx\cache\17.0.2-ea\api-ms-win-core-debug-l1-1-0.dll
0x000001da09850000 - 0x000001da09853000 	C:\Users\shara\.openjfx\cache\17.0.2-ea\api-ms-win-core-errorhandling-l1-1-0.dll
0x000001da09860000 - 0x000001da09864000 	C:\Users\shara\.openjfx\cache\17.0.2-ea\api-ms-win-core-file-l1-1-0.dll
0x000001da28f70000 - 0x000001da28f73000 	C:\Users\shara\.openjfx\cache\17.0.2-ea\api-ms-win-core-file-l1-2-0.dll
0x000001da28f80000 - 0x000001da28f83000 	C:\Users\shara\.openjfx\cache\17.0.2-ea\api-ms-win-core-file-l2-1-0.dll
0x000001da28f90000 - 0x000001da28f93000 	C:\Users\shara\.openjfx\cache\17.0.2-ea\api-ms-win-core-handle-l1-1-0.dll
0x000001da28fa0000 - 0x000001da28fa3000 	C:\Users\shara\.openjfx\cache\17.0.2-ea\api-ms-win-core-heap-l1-1-0.dll
0x000001da28fb0000 - 0x000001da28fb3000 	C:\Users\shara\.openjfx\cache\17.0.2-ea\api-ms-win-core-interlocked-l1-1-0.dll
0x000001da28fc0000 - 0x000001da28fc3000 	C:\Users\shara\.openjfx\cache\17.0.2-ea\api-ms-win-core-libraryloader-l1-1-0.dll
0x000001da28fd0000 - 0x000001da28fd3000 	C:\Users\shara\.openjfx\cache\17.0.2-ea\api-ms-win-core-localization-l1-2-0.dll
0x000001da28fe0000 - 0x000001da28fe3000 	C:\Users\shara\.openjfx\cache\17.0.2-ea\api-ms-win-core-memory-l1-1-0.dll
0x000001da28ff0000 - 0x000001da28ff3000 	C:\Users\shara\.openjfx\cache\17.0.2-ea\api-ms-win-core-namedpipe-l1-1-0.dll
0x000001da2ebd0000 - 0x000001da2ebd3000 	C:\Users\shara\.openjfx\cache\17.0.2-ea\api-ms-win-core-processenvironment-l1-1-0.dll
0x000001da2ebe0000 - 0x000001da2ebe3000 	C:\Users\shara\.openjfx\cache\17.0.2-ea\api-ms-win-core-processthreads-l1-1-0.dll
0x000001da2ebf0000 - 0x000001da2ebf3000 	C:\Users\shara\.openjfx\cache\17.0.2-ea\api-ms-win-core-processthreads-l1-1-1.dll
0x000001da2ec00000 - 0x000001da2ec03000 	C:\Users\shara\.openjfx\cache\17.0.2-ea\api-ms-win-core-profile-l1-1-0.dll
0x000001da2ec10000 - 0x000001da2ec13000 	C:\Users\shara\.openjfx\cache\17.0.2-ea\api-ms-win-core-rtlsupport-l1-1-0.dll
0x000001da2ec20000 - 0x000001da2ec23000 	C:\Users\shara\.openjfx\cache\17.0.2-ea\api-ms-win-core-string-l1-1-0.dll
0x000001da2ec30000 - 0x000001da2ec33000 	C:\Users\shara\.openjfx\cache\17.0.2-ea\api-ms-win-core-synch-l1-1-0.dll
0x000001da2ec40000 - 0x000001da2ec43000 	C:\Users\shara\.openjfx\cache\17.0.2-ea\api-ms-win-core-synch-l1-2-0.dll
0x000001da2ec50000 - 0x000001da2ec53000 	C:\Users\shara\.openjfx\cache\17.0.2-ea\api-ms-win-core-sysinfo-l1-1-0.dll
0x000001da2ec60000 - 0x000001da2ec63000 	C:\Users\shara\.openjfx\cache\17.0.2-ea\api-ms-win-core-timezone-l1-1-0.dll
0x000001da2ec70000 - 0x000001da2ec73000 	C:\Users\shara\.openjfx\cache\17.0.2-ea\api-ms-win-core-util-l1-1-0.dll
0x000001da2ec80000 - 0x000001da2ec83000 	C:\Users\shara\.openjfx\cache\17.0.2-ea\api-ms-win-crt-conio-l1-1-0.dll
0x000001da2ec90000 - 0x000001da2ec94000 	C:\Users\shara\.openjfx\cache\17.0.2-ea\api-ms-win-crt-convert-l1-1-0.dll
0x000001da2eca0000 - 0x000001da2eca3000 	C:\Users\shara\.openjfx\cache\17.0.2-ea\api-ms-win-crt-environment-l1-1-0.dll
0x000001da2ecb0000 - 0x000001da2ecb3000 	C:\Users\shara\.openjfx\cache\17.0.2-ea\api-ms-win-crt-filesystem-l1-1-0.dll
0x000001da2ecc0000 - 0x000001da2ecc3000 	C:\Users\shara\.openjfx\cache\17.0.2-ea\api-ms-win-crt-heap-l1-1-0.dll
0x000001da2ecd0000 - 0x000001da2ecd3000 	C:\Users\shara\.openjfx\cache\17.0.2-ea\api-ms-win-crt-locale-l1-1-0.dll
0x000001da2ece0000 - 0x000001da2ece5000 	C:\Users\shara\.openjfx\cache\17.0.2-ea\api-ms-win-crt-math-l1-1-0.dll
0x000001da2ecf0000 - 0x000001da2ecf5000 	C:\Users\shara\.openjfx\cache\17.0.2-ea\api-ms-win-crt-multibyte-l1-1-0.dll
0x000001da2ed00000 - 0x000001da2ed10000 	C:\Users\shara\.openjfx\cache\17.0.2-ea\api-ms-win-crt-private-l1-1-0.dll
0x000001da2ed10000 - 0x000001da2ed13000 	C:\Users\shara\.openjfx\cache\17.0.2-ea\api-ms-win-crt-process-l1-1-0.dll
0x000001da2ed20000 - 0x000001da2ed24000 	C:\Users\shara\.openjfx\cache\17.0.2-ea\api-ms-win-crt-runtime-l1-1-0.dll
0x000001da2ed30000 - 0x000001da2ed34000 	C:\Users\shara\.openjfx\cache\17.0.2-ea\api-ms-win-crt-stdio-l1-1-0.dll
0x000001da2ed40000 - 0x000001da2ed44000 	C:\Users\shara\.openjfx\cache\17.0.2-ea\api-ms-win-crt-string-l1-1-0.dll
0x000001da2ed50000 - 0x000001da2ed53000 	C:\Users\shara\.openjfx\cache\17.0.2-ea\api-ms-win-crt-time-l1-1-0.dll
0x000001da2ed60000 - 0x000001da2ed63000 	C:\Users\shara\.openjfx\cache\17.0.2-ea\api-ms-win-crt-utility-l1-1-0.dll
0x00007ffbe5340000 - 0x00007ffbe543c000 	C:\Users\shara\.openjfx\cache\17.0.2-ea\ucrtbase.dll
0x00007ffbf1970000 - 0x00007ffbf198a000 	C:\Users\shara\.openjfx\cache\17.0.2-ea\vcruntime140.dll
0x00007ffbf74d0000 - 0x00007ffbf74dc000 	C:\Users\shara\.openjfx\cache\17.0.2-ea\vcruntime140_1.dll
0x00007ffbe52b0000 - 0x00007ffbe533d000 	C:\Users\shara\.openjfx\cache\17.0.2-ea\msvcp140.dll
0x00007ffbe9380000 - 0x00007ffbe93aa000 	C:\Users\shara\.openjfx\cache\17.0.2-ea\prism_d3d.dll
0x00007ffbef950000 - 0x00007ffbefb1d000 	C:\WINDOWS\system32\d3d9.dll
0x00007ffc15390000 - 0x00007ffc153bf000 	C:\WINDOWS\SYSTEM32\dwmapi.dll
0x00007ffc150d0000 - 0x00007ffc1516e000 	C:\WINDOWS\system32\uxtheme.dll
0x00007ffbd44c0000 - 0x00007ffbd4668000 	C:\WINDOWS\System32\DriverStore\FileRepository\iigd_dch.inf_amd64_393549dac595e659\igdumdim64.dll
0x00007ffc18f30000 - 0x00007ffc1905a000 	C:\WINDOWS\System32\ole32.dll
0x00007ffb63170000 - 0x00007ffb66d8f000 	C:\WINDOWS\System32\DriverStore\FileRepository\iigd_dch.inf_amd64_393549dac595e659\igd9dxva64.dll
0x00007ffc18480000 - 0x00007ffc1854d000 	C:\WINDOWS\System32\OLEAUT32.dll
0x00007ffc18a90000 - 0x00007ffc18ef8000 	C:\WINDOWS\System32\SETUPAPI.dll
0x00007ffc17ce0000 - 0x00007ffc17d2e000 	C:\WINDOWS\System32\cfgmgr32.dll
0x00007ffc17d30000 - 0x00007ffc17d57000 	C:\WINDOWS\System32\bcrypt.dll
0x00007ffc02c80000 - 0x00007ffc03048000 	C:\WINDOWS\System32\DriverStore\FileRepository\iigd_dch.inf_amd64_393549dac595e659\igdgmm64.dll
0x00007ffbe5260000 - 0x00007ffbe52a2000 	C:\Users\shara\.openjfx\cache\17.0.2-ea\glass.dll
0x00007ffc18930000 - 0x00007ffc18a0a000 	C:\WINDOWS\System32\COMDLG32.dll
0x00007ffc198f0000 - 0x00007ffc19a04000 	C:\WINDOWS\System32\MSCTF.dll
0x00007ffbaae30000 - 0x00007ffbaae57000 	C:\WINDOWS\System32\DriverStore\FileRepository\iigd_dch.inf_amd64_393549dac595e659\igdinfo64.dll
0x00007ffbff690000 - 0x00007ffc02c76000 	C:\WINDOWS\System32\DriverStore\FileRepository\iigd_dch.inf_amd64_393549dac595e659\igc64.dll
0x00007ffc040a0000 - 0x00007ffc040db000 	C:\WINDOWS\SYSTEM32\dxcore.dll
0x00007ffbf1740000 - 0x00007ffbf1754000 	C:\Users\shara\.openjfx\cache\17.0.2-ea\javafx_font.dll
0x00007ffbf7620000 - 0x00007ffbf789f000 	C:\WINDOWS\SYSTEM32\dwrite.dll
0x00007ffc18800000 - 0x00007ffc188a9000 	C:\WINDOWS\System32\clbcatq.dll
0x00007ffc05ab0000 - 0x00007ffc05c64000 	C:\WINDOWS\SYSTEM32\WindowsCodecs.dll
0x00007ffbe57f0000 - 0x00007ffbe582e000 	C:\WINDOWS\system32\dataexchange.dll
0x00007ffc13710000 - 0x00007ffc13973000 	C:\WINDOWS\system32\d3d11.dll
0x00007ffc14340000 - 0x00007ffc14523000 	C:\WINDOWS\system32\dcomp.dll
0x00007ffc16340000 - 0x00007ffc16433000 	C:\WINDOWS\system32\dxgi.dll
0x00007ffc0f6c0000 - 0x00007ffc0f8c0000 	C:\WINDOWS\system32\twinapi.appcore.dll
0x00007ffbefde0000 - 0x00007ffbefe14000 	C:\Program Files\Common Files\Microsoft Shared\Ink\rtscom.dll
0x00007ffbfc6c0000 - 0x00007ffbfc7b9000 	C:\WINDOWS\SYSTEM32\textinputframework.dll
0x00007ffc14960000 - 0x00007ffc14cbe000 	C:\WINDOWS\System32\CoreUIComponents.dll
0x00007ffc14d00000 - 0x00007ffc14df2000 	C:\WINDOWS\System32\CoreMessaging.dll
0x00007ffc16c30000 - 0x00007ffc16c63000 	C:\WINDOWS\SYSTEM32\ntmarta.dll
0x00007ffc140a0000 - 0x00007ffc141f4000 	C:\WINDOWS\SYSTEM32\wintypes.dll
0x00007ffc13a80000 - 0x00007ffc14040000 	C:\WINDOWS\SYSTEM32\d2d1.dll
0x00007ffc04a00000 - 0x00007ffc050f6000 	C:\WINDOWS\SYSTEM32\D3D10Warp.dll
0x00007ffc16f10000 - 0x00007ffc16fdb000 	C:\WINDOWS\SYSTEM32\DNSAPI.dll
0x00007ffc16ec0000 - 0x00007ffc16efc000 	C:\WINDOWS\SYSTEM32\IPHLPAPI.DLL

dbghelp: loaded successfully - version: 4.0.5 - missing functions: none
symbol engine: initialized successfully - sym options: 0x614 - pdb path: .;C:\Users\shara\.jdks\openjdk-20.0.1\bin;C:\WINDOWS\SYSTEM32;C:\WINDOWS\WinSxS\amd64_microsoft.windows.common-controls_6595b64144ccf1df_6.0.19041.1110_none_60b5254171f9507e;C:\Users\shara\.jdks\openjdk-20.0.1\bin\server;C:\Program Files\JetBrains\IntelliJ IDEA 2022.3.3\bin;C:\Users\shara\.openjfx\cache\17.0.2-ea;C:\WINDOWS\System32\DriverStore\FileRepository\iigd_dch.inf_amd64_393549dac595e659;C:\Program Files\Common Files\Microsoft Shared\Ink

VM Arguments:
jvm_args: -javaagent:C:\Program Files\JetBrains\IntelliJ IDEA 2022.3.3\lib\idea_rt.jar=60772:C:\Program Files\JetBrains\IntelliJ IDEA 2022.3.3\bin -Dfile.encoding=UTF-8 -Dsun.stdout.encoding=UTF-8 -Dsun.stderr.encoding=UTF-8 --module-path=C:\Users\shara\.m2\repository\org\openjfx\javafx-fxml\17.0.2\javafx-fxml-17.0.2-win.jar;C:\Users\shara\.m2\repository\org\openjfx\javafx-graphics\17.0.2\javafx-graphics-17.0.2-win.jar;C:\Users\shara\.m2\repository\org\openjfx\javafx-base\17.0.2\javafx-base-17.0.2-win.jar;C:\Users\shara\IdeaProjects\Demo\target\classes;C:\Users\shara\.m2\repository\org\openjfx\javafx-controls\17.0.2\javafx-controls-17.0.2-win.jar -Djdk.module.main=sample.demo 
java_command: sample.demo/sample.demo.HelloApplication
java_class_path (initial): C:\Users\shara\.m2\repository\org\openjfx\javafx-controls\17.0.2\javafx-controls-17.0.2.jar;C:\Users\shara\.m2\repository\org\openjfx\javafx-graphics\17.0.2\javafx-graphics-17.0.2.jar;C:\Users\shara\.m2\repository\org\openjfx\javafx-base\17.0.2\javafx-base-17.0.2.jar;C:\Users\shara\.m2\repository\org\openjfx\javafx-fxml\17.0.2\javafx-fxml-17.0.2.jar;C:\Users\shara\.m2\repository\com\mysql\mysql-connector-j\8.0.33\mysql-connector-j-8.0.33.jar;C:\Users\shara\.m2\repository\com\google\protobuf\protobuf-java\3.21.9\protobuf-java-3.21.9.jar
Launcher Type: SUN_STANDARD

[Global flags]
     intx CICompilerCount                          = 4                                         {product} {ergonomic}
     uint ConcGCThreads                            = 2                                         {product} {ergonomic}
     uint G1ConcRefinementThreads                  = 8                                         {product} {ergonomic}
   size_t G1HeapRegionSize                         = 2097152                                   {product} {ergonomic}
    uintx GCDrainStackTargetSize                   = 64                                        {product} {ergonomic}
   size_t InitialHeapSize                          = 266338304                                 {product} {ergonomic}
   size_t MarkStackSize                            = 4194304                                   {product} {ergonomic}
   size_t MaxHeapSize                              = 4261412864                                {product} {ergonomic}
   size_t MaxNewSize                               = 2556428288                                {product} {ergonomic}
   size_t MinHeapDeltaBytes                        = 2097152                                   {product} {ergonomic}
   size_t MinHeapSize                              = 8388608                                   {product} {ergonomic}
    uintx NonNMethodCodeHeapSize                   = 5839372                                {pd product} {ergonomic}
    uintx NonProfiledCodeHeapSize                  = 122909434                              {pd product} {ergonomic}
    uintx ProfiledCodeHeapSize                     = 122909434                              {pd product} {ergonomic}
    uintx ReservedCodeCacheSize                    = 251658240                              {pd product} {ergonomic}
     bool SegmentedCodeCache                       = true                                      {product} {ergonomic}
   size_t SoftMaxHeapSize                          = 4261412864                             {manageable} {ergonomic}
     bool UseCompressedClassPointers               = true                           {product lp64_product} {ergonomic}
     bool UseCompressedOops                        = true                           {product lp64_product} {ergonomic}
     bool UseG1GC                                  = true                                      {product} {ergonomic}
     bool UseLargePagesIndividualAllocation        = false                                  {pd product} {ergonomic}

Logging:
Log output configuration:
 #0: stdout all=off uptime,level,tags foldmultilines=false
 #1: stderr all=off uptime,level,tags foldmultilines=false

Environment Variables:
PATH=C:\Users\shara\Downloads\CUserssharaDownloadsWINDOWS.X64_193000_db_home\bin;C:\Program Files\Java\jdk-11.0.2\bin;C:\WINDOWS\system32;C:\WINDOWS;C:\WINDOWS\System32\Wbem;C:\WINDOWS\System32\WindowsPowerShell\v1.0\;C:\WINDOWS\System32\OpenSSH\;C:\Program Files\Git\cmd;C:\Program Files\Git\mingw64\bin;C:\Program Files\Git\usr\bin;C:\wamp64\bin\php\php7.3.12;C:\Program Files\dotnet\;C:\Program Files\MySQL\MySQL Shell 8.0\bin\;C:\Users\shara\AppData\Local\Microsoft\WindowsApps;;C:\Program Files\JetBrains\IntelliJ IDEA Community Edition 2020.2.3\bin;;C:\Users\shara\.dotnet\tools;C:\Program Files\JetBrains\IntelliJ IDEA 2022.3.3\bin;
USERNAME=shara
OS=Windows_NT
PROCESSOR_IDENTIFIER=Intel64 Family 6 Model 142 Stepping 12, GenuineIntel
TMP=C:\Users\shara\AppData\Local\Temp
TEMP=C:\Users\shara\AppData\Local\Temp




---------------  S Y S T E M  ---------------

OS:
 Windows 10 , 64 bit Build 19041 (10.0.19041.2788)
OS uptime: 55 days 4:29 hours

CPU: total 8 (initial active 8) (4 cores per cpu, 2 threads per core) family 6 model 142 stepping 12 microcode 0xc6, cx8, cmov, fxsr, ht, mmx, 3dnowpref, sse, sse2, sse3, ssse3, sse4.1, sse4.2, popcnt, lzcnt, tsc, tscinvbit, avx, avx2, aes, erms, clmul, bmi1, bmi2, adx, fma, vzeroupper, clflush, clflushopt, rdtscp, f16c

Memory: 4k page, system-wide physical 16254M (3563M free)
TotalPageFile size 35486M (AvailPageFile size 5193M)
current process WorkingSet (physical memory assigned to process): 199M, peak: 220M
current process commit charge ("private bytes"): 238M, peak: 433M

vm_info: OpenJDK 64-Bit Server VM (20.0.1+9-29) for windows-amd64 JRE (20.0.1+9-29), built on 2023-03-07T13:56:11Z by "mach5one" with MS VC++ 17.1 (VS2022)

END.
