#
# A fatal error has been detected by the Java Runtime Environment:
#
#  EXCEPTION_ACCESS_VIOLATION (0xc0000005) at pc=0x00007ffbe52e6ab7, pid=34032, tid=2692
#
# JRE version: OpenJDK Runtime Environment (20.0.1+9) (build 20.0.1+9-29)
# Java VM: OpenJDK 64-Bit Server VM (20.0.1+9-29, mixed mode, sharing, tiered, compressed oops, compressed class ptrs, g1 gc, windows-amd64)
# Problematic frame:
# C  [glass.dll+0x26ab7]
#
# No core dump will be written. Minidumps are not enabled by default on client versions of Windows
#
# If you would like to submit a bug report, please visit:
#   https://bugreport.java.com/bugreport/crash.jsp
#

---------------  S U M M A R Y ------------

Command Line: -javaagent:C:\Program Files\JetBrains\IntelliJ IDEA 2022.3.3\lib\idea_rt.jar=60867:C:\Program Files\JetBrains\IntelliJ IDEA 2022.3.3\bin -Dfile.encoding=UTF-8 -Dsun.stdout.encoding=UTF-8 -Dsun.stderr.encoding=UTF-8 --module-path=C:\Users\shara\.m2\repository\org\openjfx\javafx-fxml\17.0.2\javafx-fxml-17.0.2-win.jar;C:\Users\shara\.m2\repository\org\openjfx\javafx-graphics\17.0.2\javafx-graphics-17.0.2-win.jar;C:\Users\shara\.m2\repository\org\openjfx\javafx-base\17.0.2\javafx-base-17.0.2-win.jar;C:\Users\shara\IdeaProjects\Demo\target\classes;C:\Users\shara\.m2\repository\org\openjfx\javafx-controls\17.0.2\javafx-controls-17.0.2-win.jar -Djdk.module.main=sample.demo sample.demo/sample.demo.HelloApplication

Host: Intel(R) Core(TM) i7-8565U CPU @ 1.80GHz, 8 cores, 15G,  Windows 10 , 64 bit Build 19041 (10.0.19041.2788)
Time: Sat Jun 10 23:42:06 2023 Russia TZ 2 Standard Time elapsed time: 60.798507 seconds (0d 0h 1m 0s)

---------------  T H R E A D  ---------------

Current thread (0x0000020863db44d0):  VMThread "VM Thread" [stack: 0x0000006255200000,0x0000006255300000] [id=2692]

Stack: [0x0000006255200000,0x0000006255300000],  sp=0x00000062552feda0,  free space=1019k
Native frames: (J=compiled Java code, j=interpreted, Vv=VM code, C=native code)
C  [glass.dll+0x26ab7]


siginfo: EXCEPTION_ACCESS_VIOLATION (0xc0000005), reading address 0x0000000000000000


Registers:
RAX=0x0000000000000000, RBX=0x0000020863dbd6b0, RCX=0x0000020863db44d0, RDX=0x00000062552feda0
RSP=0x00000062552feda0, RBP=0x0000020868ccb568, RSI=0x0000020868ccb540, RDI=0x00002b3121ddc501
R8 =0x0000000000010002, R9 =0x00002b3121ddc501, R10=0x0000000000008000, R11=0x00000062552fed30
R12=0x00007ffbe52e4384, R13=0x00007ffbbd1bea90, R14=0x00000062552fee98, R15=0x0000020868ccb540
RIP=0x00007ffbe52e6ab7, EFLAGS=0x0000000000010202


Register to memory mapping:

RIP=0x00007ffbe52e6ab7 glass.dll
RAX=0x0 is NULL
RBX=0x0000020863dbd6b0 is a global jni handle
RCX=0x0000020863db44d0 points into unknown readable memory: 0x00007ffbbcfe7080 | 80 70 fe bc fb 7f 00 00
RDX=0x00000062552feda0 points into unknown readable memory: 0x0000000000000000 | 00 00 00 00 00 00 00 00
RSP=0x00000062552feda0 points into unknown readable memory: 0x0000000000000000 | 00 00 00 00 00 00 00 00
RBP=0x0000020868ccb568 points into unknown readable memory: 0x00002b3121ddc501 | 01 c5 dd 21 31 2b 00 00
RSI=0x0000020868ccb540 points into unknown readable memory: 0x0000d4c6eb81b839 | 39 b8 81 eb c6 d4 00 00
RDI=0x00002b3121ddc501 is an unknown value
R8 =0x0000000000010002 is an unknown value
R9 =0x00002b3121ddc501 is an unknown value
R10=0x0000000000008000 is an unknown value
R11=0x00000062552fed30 points into unknown readable memory: 0x0000020868ccb540 | 40 b5 cc 68 08 02 00 00
R12=0x00007ffbe52e4384 glass.dll
R13=0x00007ffbbd1bea90 jvm.dll
R14=0x00000062552fee98 points into unknown readable memory: 0x00000062552fee80 | 80 ee 2f 55 62 00 00 00
R15=0x0000020868ccb540 points into unknown readable memory: 0x0000d4c6eb81b839 | 39 b8 81 eb c6 d4 00 00


Top of Stack: (sp=0x00000062552feda0)
0x00000062552feda0:   0000000000000000 0000020868ccb540
0x00000062552fedb0:   00007ffbbd1bea90 00007ffbe52e4384
0x00000062552fedc0:   0000020868ccb548 00007ffc182b42d6
0x00000062552fedd0:   00002b3121ddc501 0000020800000000
0x00000062552fede0:   0000020868ccb568 0000020868ccb540
0x00000062552fedf0:   fffffffffffffffe 0000000000000000
0x00000062552fee00:   0000000000000001 00007ffbe52c0000
0x00000062552fee10:   00000062552fee88 00007ffc182b41fb
0x00000062552fee20:   0000000000000000 00000062552fee98
0x00000062552fee30:   00000062552ff160 00007ffc18390e40
0x00000062552fee40:   0000000000000001 00007ffc182b41b4
0x00000062552fee50:   0000000000000000 0000000000000001
0x00000062552fee60:   00007ffb00000001 00000062552fee88
0x00000062552fee70:   0000000000000000 00007ffbe52e4211
0x00000062552fee80:   00007ffbe52fa138 00007ffc00000002
0x00000062552fee90:   0000000000000002 00000062552fee80
0x00000062552feea0:   0000000000000000 00007ffc1a389993
0x00000062552feeb0:   0000000000000000 00007ffbe52e4336
0x00000062552feec0:   0000000000000001 0000000000000000
0x00000062552feed0:   0000000000000000 0000000000000001
0x00000062552feee0:   0000000000000000 0000000000000000
0x00000062552feef0:   0000000000000001 000098ad001982df
0x00000062552fef00:   00007ffbe52c0000 000000007ffe0384
0x00000062552fef10:   0000000000000000 00007ffc1a389a1d
0x00000062552fef20:   00007ffbe52c0000 0000000000000000
0x00000062552fef30:   0000000000000001 000000007ffe0385
0x00000062552fef40:   0000000002360fb8 00000062552ff160
0x00000062552fef50:   000098ad00000000 0000000000000014
0x00000062552fef60:   0000000000000000 00007ffbe52e4384
0x00000062552fef70:   00000000000003d8 0000020868c61e00
0x00000062552fef80:   0000020863da6d00 00007ffc1a3cdcec
0x00000062552fef90:   0000020868c61cb0 00007ffbe52c0000 

Instructions: (pc=0x00007ffbe52e6ab7)
0x00007ffbe52e69b7:   8b 4d 58 e8 01 cf ff ff 48 8b 4d 60 e8 f8 ce ff
0x00007ffbe52e69c7:   ff 48 8b 95 80 00 00 00 48 8b 8d 18 01 00 00 e8
0x00007ffbe52e69d7:   c6 c3 ff ff 33 d2 33 c9 e8 3c e1 ff ff 90 48 89
0x00007ffbe52e69e7:   54 24 10 55 48 83 ec 20 48 8b ea 48 b8 00 00 00
0x00007ffbe52e69f7:   00 00 00 00 00 48 83 c4 20 5d c3 cc 40 55 48 8b
0x00007ffbe52e6a07:   ea 48 8b 01 33 c9 81 38 05 00 00 c0 0f 94 c1 8b
0x00007ffbe52e6a17:   c1 5d c3 cc 40 55 48 83 ec 20 48 8b ea 8a 4d 40
0x00007ffbe52e6a27:   48 83 c4 20 5d e9 f7 d2 ff ff cc 40 55 48 83 ec
0x00007ffbe52e6a37:   20 48 8b ea 8a 4d 20 e8 e5 d2 ff ff 90 48 83 c4
0x00007ffbe52e6a47:   20 5d c3 cc 40 55 48 83 ec 20 48 8b ea 48 83 c4
0x00007ffbe52e6a57:   20 5d e9 46 d1 ff ff cc 40 55 48 83 ec 30 48 8b
0x00007ffbe52e6a67:   ea 48 8b 01 8b 10 48 89 4c 24 28 89 54 24 20 4c
0x00007ffbe52e6a77:   8d 0d e7 d5 ff ff 4c 8b 45 70 8b 55 68 48 8b 4d
0x00007ffbe52e6a87:   60 e8 87 d0 ff ff 90 48 83 c4 30 5d c3 cc cc cc
0x00007ffbe52e6a97:   cc cc cc cc cc cc cc cc cc 40 53 48 83 ec 20 48
0x00007ffbe52e6aa7:   8b 1d 83 30 01 00 48 85 db 74 16 e8 09 8b ff ff
0x00007ffbe52e6ab7:   4c 8b 00 48 8b d3 48 8b c8 41 ff 90 b0 00 00 00
0x00007ffbe52e6ac7:   90 48 83 c4 20 5b c3 cc cc 40 53 48 83 ec 20 48
0x00007ffbe52e6ad7:   8b 1d fb 31 01 00 48 85 db 74 57 b8 ff ff ff ff
0x00007ffbe52e6ae7:   f0 0f c1 43 10 83 f8 01 75 3d 48 85 db 74 38 48
0x00007ffbe52e6af7:   8b 0b 48 85 c9 74 0d ff 15 a4 07 00 00 48 c7 03
0x00007ffbe52e6b07:   00 00 00 00 48 8b 4b 08 48 85 c9 74 0d e8 a7 cd
0x00007ffbe52e6b17:   ff ff 48 c7 43 08 00 00 00 00 ba 18 00 00 00 48
0x00007ffbe52e6b27:   8b cb e8 92 cd ff ff 48 c7 05 9f 31 01 00 00 00
0x00007ffbe52e6b37:   00 00 48 83 c4 20 5b c3 cc 40 53 48 83 ec 20 48
0x00007ffbe52e6b47:   8b 1d 6b 31 01 00 48 85 db 74 57 b8 ff ff ff ff
0x00007ffbe52e6b57:   f0 0f c1 43 10 83 f8 01 75 3d 48 85 db 74 38 48
0x00007ffbe52e6b67:   8b 0b 48 85 c9 74 0d ff 15 34 07 00 00 48 c7 03
0x00007ffbe52e6b77:   00 00 00 00 48 8b 4b 08 48 85 c9 74 0d e8 37 cd
0x00007ffbe52e6b87:   ff ff 48 c7 43 08 00 00 00 00 ba 18 00 00 00 48
0x00007ffbe52e6b97:   8b cb e8 22 cd ff ff 48 c7 05 0f 31 01 00 00 00
0x00007ffbe52e6ba7:   00 00 48 83 c4 20 5b c3 cc 40 53 48 83 ec 20 48 


Stack slot to memory mapping:
stack at sp + 0 slots: 0x0 is NULL
stack at sp + 1 slots: 0x0000020868ccb540 points into unknown readable memory: 0x0000d4c6eb81b839 | 39 b8 81 eb c6 d4 00 00
stack at sp + 2 slots: 0x00007ffbbd1bea90 jvm.dll
stack at sp + 3 slots: 0x00007ffbe52e4384 glass.dll
stack at sp + 4 slots: 0x0000020868ccb548 points into unknown readable memory: 0x00002b3121ddc501 | 01 c5 dd 21 31 2b 00 00
stack at sp + 5 slots: 0x00007ffc182b42d6 ucrtbase.dll
stack at sp + 6 slots: 0x00002b3121ddc501 is an unknown value
stack at sp + 7 slots: 0x0000020800000000 is an unknown value

VM_Operation (0x00000062575ff0f0): Exit, mode: safepoint, requested by thread 0x00000208697b2550


---------------  P R O C E S S  ---------------

Threads class SMR info:
_java_thread_list=0x0000020869979d30, length=20, elements={
0x000002084485bd60, 0x0000020863dd0c60, 0x0000020863dd17a0, 0x0000020863dd50d0,
0x0000020863dda2e0, 0x0000020863ddce40, 0x0000020863ddfd50, 0x0000020863de2e80,
0x0000020868088510, 0x00000208687deba0, 0x00000208687df0f0, 0x00000208681dd6e0,
0x00000208681ddc30, 0x00000208681dc1a0, 0x00000208681dd190, 0x00000208681db700,
0x00000208681dac60, 0x00000208681dcc40, 0x00000208681dc6f0, 0x00000208697b2550
}

Java Threads: ( => current thread )
  0x000002084485bd60 JavaThread "main" [_thread_blocked, id=34216, stack(0x0000006254c00000,0x0000006254d00000)]
  0x0000020863dd0c60 JavaThread "Reference Handler" daemon [_thread_blocked, id=30516, stack(0x0000006255300000,0x0000006255400000)]
  0x0000020863dd17a0 JavaThread "Finalizer" daemon [_thread_blocked, id=29552, stack(0x0000006255400000,0x0000006255500000)]
  0x0000020863dd50d0 JavaThread "Attach Listener" daemon [_thread_blocked, id=23376, stack(0x0000006255600000,0x0000006255700000)]
  0x0000020863dda2e0 JavaThread "Service Thread" daemon [_thread_blocked, id=33372, stack(0x0000006255700000,0x0000006255800000)]
  0x0000020863ddce40 JavaThread "Monitor Deflation Thread" daemon [_thread_blocked, id=26312, stack(0x0000006255800000,0x0000006255900000)]
  0x0000020863ddfd50 JavaThread "C2 CompilerThread0" daemon [_thread_blocked, id=32592, stack(0x0000006255900000,0x0000006255a00000)]
  0x0000020863de2e80 JavaThread "C1 CompilerThread0" daemon [_thread_blocked, id=34260, stack(0x0000006255a00000,0x0000006255b00000)]
  0x0000020868088510 JavaThread "Common-Cleaner" daemon [_thread_blocked, id=33400, stack(0x0000006255b00000,0x0000006255c00000)]
  0x00000208687deba0 JavaThread "Monitor Ctrl-Break" daemon [_thread_in_native, id=28588, stack(0x0000006255e00000,0x0000006255f00000)]
  0x00000208687df0f0 JavaThread "Notification Thread" daemon [_thread_blocked, id=27368, stack(0x0000006255f00000,0x0000006256000000)]
  0x00000208681dd6e0 JavaThread "QuantumRenderer-0" daemon [_thread_blocked, id=21840, stack(0x0000006255d00000,0x0000006255e00000)]
  0x00000208681ddc30 JavaThread "InvokeLaterDispatcher" daemon [_thread_blocked, id=1872, stack(0x0000006256100000,0x0000006256200000)]
  0x00000208681dc1a0 JavaThread "JavaFX Application Thread" [_thread_in_native, id=25676, stack(0x0000006256200000,0x0000006256300000)]
  0x00000208681dd190 JavaThread "Thread-1" daemon [_thread_in_native, id=28136, stack(0x0000006256500000,0x0000006256600000)]
  0x00000208681db700 JavaThread "JavaFX-Launcher" [_thread_blocked, id=23840, stack(0x0000006256600000,0x0000006256700000)]
  0x00000208681dac60 JavaThread "Prism Font Disposer" daemon [_thread_blocked, id=17320, stack(0x0000006256d00000,0x0000006256e00000)]
  0x00000208681dcc40 JavaThread "Cleaner-0" daemon [_thread_blocked, id=30116, stack(0x0000006256c00000,0x0000006256d00000)]
  0x00000208681dc6f0 JavaThread "mysql-cj-abandoned-connection-cleanup" daemon [_thread_blocked, id=32956, stack(0x0000006257100000,0x0000006257200000)]
  0x00000208697b2550 JavaThread "SIGINT handler" daemon [_thread_blocked, id=27380, stack(0x0000006257500000,0x0000006257600000)]

Other Threads:
=>0x0000020863db44d0 VMThread "VM Thread" [stack: 0x0000006255200000,0x0000006255300000] [id=2692]
  0x00000208448c9f20 WorkerThread "GC Thread#0" [stack: 0x0000006254d00000,0x0000006254e00000] [id=17500]
  0x0000020868dc0ab0 WorkerThread "GC Thread#1" [stack: 0x0000006256700000,0x0000006256800000] [id=9056]
  0x0000020868e72c10 WorkerThread "GC Thread#2" [stack: 0x0000006256800000,0x0000006256900000] [id=29952]
  0x0000020868e7f8b0 WorkerThread "GC Thread#3" [stack: 0x0000006256900000,0x0000006256a00000] [id=32824]
  0x0000020868e7e7d0 WorkerThread "GC Thread#4" [stack: 0x0000006256a00000,0x0000006256b00000] [id=20260]
  0x0000020868e7f310 WorkerThread "GC Thread#5" [stack: 0x0000006256b00000,0x0000006256c00000] [id=20800]
  0x0000020868e7df60 WorkerThread "GC Thread#6" [stack: 0x0000006257700000,0x0000006257800000] [id=18856]
  0x0000020868e7e500 WorkerThread "GC Thread#7" [stack: 0x0000006257800000,0x0000006257900000] [id=17368]
  0x00000208448dadd0 ConcurrentGCThread "G1 Main Marker" terminated
  0x00000208448dcfb0 WorkerThread "G1 Conc#0" [stack: 0x0000006254f00000,0x0000006255000000] [id=29108]
  0x0000020868e7ed70 WorkerThread "G1 Conc#1" [stack: 0x0000006257900000,0x0000006257a00000] [id=25296]
  0x0000020863c740e0 ConcurrentGCThread "G1 Refine#0" terminated
  0x0000020863c74a20 ConcurrentGCThread "G1 Service" terminated

Threads with active compile tasks:

VM state: at safepoint (shutting down)

VM Mutex/Monitor currently owned by a thread:  ([mutex/lock_event])
[0x0000020844857770] Threads_lock - owner thread: 0x0000020863db44d0
[0x0000020844859540] Heap_lock - owner thread: 0x00000208697b2550

Heap address: 0x0000000702000000, size: 4064 MB, Compressed Oops mode: Zero based, Oop shift amount: 3

CDS archive(s) mapped at: [0x0000000800000000-0x0000000800c60000-0x0000000800c60000), size 12976128, SharedBaseAddress: 0x0000000800000000, ArchiveRelocationMode: 0.
Compressed class space mapped at: 0x0000000801000000-0x0000000841000000, reserved size: 1073741824
Narrow klass base: 0x0000000800000000, Narrow klass shift: 0, Narrow klass range: 0x100000000

GC Precious Log:
 CardTable entry size: 512
 Card Set container configuration: InlinePtr #cards 4 size 8 Array Of Cards #cards 16 size 48 Howl #buckets 8 coarsen threshold 3686 Howl Bitmap #cards 512 size 80 coarsen threshold 460 Card regions per heap region 1 cards per card region 4096
 CPUs: 8 total, 8 available
 Memory: 16254M
 Large Page Support: Disabled
 NUMA Support: Disabled
 Compressed Oops: Enabled (Zero based)
 Heap Region Size: 2M
 Heap Min Capacity: 8M
 Heap Initial Capacity: 254M
 Heap Max Capacity: 4064M
 Pre-touch: Disabled
 Parallel Workers: 8
 Concurrent Workers: 2
 Concurrent Refinement Workers: 8
 Periodic GC: Disabled

Heap:
 garbage-first heap   total 55296K, used 35037K [0x0000000702000000, 0x0000000800000000)
  region size 2048K, 15 young (30720K), 3 survivors (6144K)
 Metaspace       used 25601K, committed 25984K, reserved 1114112K
  class space    used 3403K, committed 3584K, reserved 1048576K

Heap Regions: E=young(eden), S=young(survivor), O=old, HS=humongous(starts), HC=humongous(continues), CS=collection set, F=free, OA=open archive, CA=closed archive, TAMS=top-at-mark-start, PB=parsable bottom
|   0|0x0000000702000000, 0x0000000702200000, 0x0000000702200000|100%|HS|  |TAMS 0x0000000702000000| PB 0x0000000702000000| Complete 
|   1|0x0000000702200000, 0x0000000702400000, 0x0000000702400000|100%| O|  |TAMS 0x0000000702200000| PB 0x0000000702200000| Untracked 
|   2|0x0000000702400000, 0x0000000702600000, 0x0000000702600000|100%| O|  |TAMS 0x0000000702400000| PB 0x0000000702400000| Untracked 
|   3|0x0000000702600000, 0x0000000702640400, 0x0000000702800000| 12%| O|  |TAMS 0x0000000702600000| PB 0x0000000702600000| Complete 
|   4|0x0000000702800000, 0x0000000702a00000, 0x0000000702a00000|100%|HS|  |TAMS 0x0000000702800000| PB 0x0000000702800000| Complete 
|   5|0x0000000702a00000, 0x0000000702a00000, 0x0000000702c00000|  0%| F|  |TAMS 0x0000000702a00000| PB 0x0000000702a00000| Untracked 
|   6|0x0000000702c00000, 0x0000000702c00000, 0x0000000702e00000|  0%| F|  |TAMS 0x0000000702c00000| PB 0x0000000702c00000| Untracked 
|   7|0x0000000702e00000, 0x0000000702e00000, 0x0000000703000000|  0%| F|  |TAMS 0x0000000702e00000| PB 0x0000000702e00000| Untracked 
|   8|0x0000000703000000, 0x0000000703000000, 0x0000000703200000|  0%| F|  |TAMS 0x0000000703000000| PB 0x0000000703000000| Untracked 
|   9|0x0000000703200000, 0x0000000703200000, 0x0000000703400000|  0%| F|  |TAMS 0x0000000703200000| PB 0x0000000703200000| Untracked 
|  10|0x0000000703400000, 0x0000000703400000, 0x0000000703600000|  0%| F|  |TAMS 0x0000000703400000| PB 0x0000000703400000| Untracked 
|  11|0x0000000703600000, 0x0000000703600000, 0x0000000703800000|  0%| F|  |TAMS 0x0000000703600000| PB 0x0000000703600000| Untracked 
|  12|0x0000000703800000, 0x00000007038268d0, 0x0000000703a00000|  7%| E|  |TAMS 0x0000000703800000| PB 0x0000000703800000| Complete 
|  13|0x0000000703a00000, 0x0000000703c00000, 0x0000000703c00000|100%| E|CS|TAMS 0x0000000703a00000| PB 0x0000000703a00000| Complete 
|  14|0x0000000703c00000, 0x0000000703e00000, 0x0000000703e00000|100%| E|CS|TAMS 0x0000000703c00000| PB 0x0000000703c00000| Complete 
|  15|0x0000000703e00000, 0x0000000704000000, 0x0000000704000000|100%| E|  |TAMS 0x0000000703e00000| PB 0x0000000703e00000| Complete 
|  16|0x0000000704000000, 0x0000000704200000, 0x0000000704200000|100%| E|CS|TAMS 0x0000000704000000| PB 0x0000000704000000| Complete 
|  17|0x0000000704200000, 0x0000000704400000, 0x0000000704400000|100%| E|CS|TAMS 0x0000000704200000| PB 0x0000000704200000| Complete 
|  18|0x0000000704400000, 0x0000000704600000, 0x0000000704600000|100%| E|CS|TAMS 0x0000000704400000| PB 0x0000000704400000| Complete 
|  19|0x0000000704600000, 0x0000000704800000, 0x0000000704800000|100%| E|CS|TAMS 0x0000000704600000| PB 0x0000000704600000| Complete 
|  20|0x0000000704800000, 0x0000000704a00000, 0x0000000704a00000|100%| E|CS|TAMS 0x0000000704800000| PB 0x0000000704800000| Complete 
|  21|0x0000000704a00000, 0x0000000704c00000, 0x0000000704c00000|100%| E|CS|TAMS 0x0000000704a00000| PB 0x0000000704a00000| Complete 
|  22|0x0000000704c00000, 0x0000000704e00000, 0x0000000704e00000|100%| E|CS|TAMS 0x0000000704c00000| PB 0x0000000704c00000| Complete 
| 119|0x0000000710e00000, 0x0000000710ff7280, 0x0000000711000000| 98%| S|CS|TAMS 0x0000000710e00000| PB 0x0000000710e00000| Complete 
| 120|0x0000000711000000, 0x0000000711200000, 0x0000000711200000|100%| S|CS|TAMS 0x0000000711000000| PB 0x0000000711000000| Complete 
| 121|0x0000000711200000, 0x0000000711400000, 0x0000000711400000|100%| S|CS|TAMS 0x0000000711200000| PB 0x0000000711200000| Complete 
| 126|0x0000000711c00000, 0x0000000711e00000, 0x0000000711e00000|100%| E|CS|TAMS 0x0000000711c00000| PB 0x0000000711c00000| Complete 

Card table byte_map: [0x000002085c440000,0x000002085cc30000] _byte_map_base: 0x0000020858c30000

Marking Bits: (CMBitMap*) 0x00000208448ca550
 Bits: [0x000002085d420000, 0x00000208613a0000)

Polling page: 0x0000020844030000

Metaspace:

Usage:
  Non-class:     21.68 MB used.
      Class:      3.32 MB used.
       Both:     25.00 MB used.

Virtual space:
  Non-class space:       64.00 MB reserved,      21.88 MB ( 34%) committed,  1 nodes.
      Class space:        1.00 GB reserved,       3.50 MB ( <1%) committed,  1 nodes.
             Both:        1.06 GB reserved,      25.38 MB (  2%) committed. 

Chunk freelists:
   Non-Class:  2.12 MB
       Class:  477.00 KB
        Both:  2.59 MB

MaxMetaspaceSize: unlimited
CompressedClassSpaceSize: 1.00 GB
Initial GC threshold: 21.00 MB
Current GC threshold: 35.31 MB
CDS: on
MetaspaceReclaimPolicy: balanced
 - commit_granule_bytes: 65536.
 - commit_granule_words: 8192.
 - virtual_space_node_default_size: 8388608.
 - enlarge_chunks_in_place: 1.
 - new_chunks_are_fully_committed: 0.
 - uncommit_free_chunks: 1.
 - use_allocation_guard: 0.


Internal statistics:

num_allocs_failed_limit: 3.
num_arena_births: 416.
num_arena_deaths: 0.
num_vsnodes_births: 2.
num_vsnodes_deaths: 0.
num_space_committed: 406.
num_space_uncommitted: 0.
num_chunks_returned_to_freelist: 3.
num_chunks_taken_from_freelist: 1143.
num_chunk_merges: 3.
num_chunk_splits: 788.
num_chunks_enlarged: 571.
num_inconsistent_stats: 0.

CodeHeap 'non-profiled nmethods': size=120000Kb used=1688Kb max_used=1688Kb free=118311Kb
 bounds [0x00000208543f0000, 0x0000020854660000, 0x000002085b920000]
CodeHeap 'profiled nmethods': size=120000Kb used=7245Kb max_used=7245Kb free=112754Kb
 bounds [0x000002084c920000, 0x000002084d040000, 0x0000020853e50000]
CodeHeap 'non-nmethods': size=5760Kb used=1960Kb max_used=2009Kb free=3799Kb
 bounds [0x0000020853e50000, 0x00000208540c0000, 0x00000208543f0000]
 total_blobs=4785 nmethods=3888 adapters=806
 compilation: enabled
              stopped_count=0, restarted_count=0
 full_count=0

Compilation events (20 events):
Event: 17.663 Thread 0x0000020863de2e80 nmethod 3880 0x000002084d030690 code [0x000002084d030880, 0x000002084d031100]
Event: 17.663 Thread 0x0000020863de2e80 3884       3       java.lang.System::lineSeparator (4 bytes)
Event: 17.663 Thread 0x0000020863de2e80 nmethod 3884 0x000002084d031390 code [0x000002084d031520, 0x000002084d031620]
Event: 17.663 Thread 0x0000020863de2e80 3885  s    3       java.lang.StringBuffer::append (13 bytes)
Event: 17.663 Thread 0x0000020863de2e80 nmethod 3885 0x000002084d031690 code [0x000002084d031820, 0x000002084d031a58]
Event: 17.663 Thread 0x0000020863de2e80 3881       3       java.lang.StackTraceElement::isHashedInJavaBase (31 bytes)
Event: 17.663 Thread 0x0000020863de2e80 nmethod 3881 0x000002084d031b10 code [0x000002084d031ce0, 0x000002084d032198]
Event: 17.663 Thread 0x0000020863de2e80 3882       3       java.lang.Module::getLayer (43 bytes)
Event: 17.663 Thread 0x0000020863de2e80 nmethod 3882 0x000002084d032310 code [0x000002084d0324e0, 0x000002084d0328b8]
Event: 17.663 Thread 0x0000020863de2e80 3883       3       java.lang.StackTraceElement$HashedModules::contains (13 bytes)
Event: 17.664 Thread 0x0000020863de2e80 nmethod 3883 0x000002084d032a10 code [0x000002084d032ba0, 0x000002084d032d90]
Event: 17.668 Thread 0x0000020863ddfd50 nmethod 3876 0x0000020854593b10 code [0x0000020854593c80, 0x00000208545941b0]
Event: 17.780 Thread 0x0000020863de2e80 3886       3       javafx.beans.property.ReadOnlyDoublePropertyBase::fireValueChangedEvent (8 bytes)
Event: 17.780 Thread 0x0000020863de2e80 nmethod 3886 0x000002084d032e90 code [0x000002084d033020, 0x000002084d033288]
Event: 17.828 Thread 0x0000020863ddfd50 3887       4       javafx.beans.property.BooleanPropertyBase::get (29 bytes)
Event: 17.829 Thread 0x0000020863ddfd50 nmethod 3887 0x0000020854594390 code [0x0000020854594500, 0x00000208545945c0]
Event: 17.973 Thread 0x0000020863ddfd50 3888       4       javafx.scene.Parent::pickChildrenNode (53 bytes)
Event: 17.983 Thread 0x0000020863ddfd50 nmethod 3888 0x0000020854594690 code [0x00000208545948c0, 0x0000020854595390]
Event: 28.837 Thread 0x0000020863de2e80 3889       3       jdk.internal.misc.Unsafe::putReferenceOpaque (9 bytes)
Event: 28.837 Thread 0x0000020863de2e80 nmethod 3889 0x000002084d033390 code [0x000002084d033520, 0x000002084d033688]

GC Heap History (6 events):
Event: 0.881 GC heap before
{Heap before GC invocations=0 (full 0):
 garbage-first heap   total 260096K, used 20480K [0x0000000702000000, 0x0000000800000000)
  region size 2048K, 11 young (22528K), 0 survivors (0K)
 Metaspace       used 5241K, committed 5440K, reserved 1114112K
  class space    used 607K, committed 704K, reserved 1048576K
}
Event: 0.885 GC heap after
{Heap after GC invocations=1 (full 0):
 garbage-first heap   total 260096K, used 2854K [0x0000000702000000, 0x0000000800000000)
  region size 2048K, 2 young (4096K), 2 survivors (4096K)
 Metaspace       used 5241K, committed 5440K, reserved 1114112K
  class space    used 607K, committed 704K, reserved 1048576K
}
Event: 3.901 GC heap before
{Heap before GC invocations=1 (full 0):
 garbage-first heap   total 260096K, used 41766K [0x0000000702000000, 0x0000000800000000)
  region size 2048K, 20 young (40960K), 2 survivors (4096K)
 Metaspace       used 15745K, committed 16128K, reserved 1114112K
  class space    used 2061K, committed 2240K, reserved 1048576K
}
Event: 3.909 GC heap after
{Heap after GC invocations=2 (full 0):
 garbage-first heap   total 260096K, used 10341K [0x0000000702000000, 0x0000000800000000)
  region size 2048K, 3 young (6144K), 3 survivors (6144K)
 Metaspace       used 15745K, committed 16128K, reserved 1114112K
  class space    used 2061K, committed 2240K, reserved 1048576K
}
Event: 4.379 GC heap before
{Heap before GC invocations=2 (full 0):
 garbage-first heap   total 260096K, used 18533K [0x0000000702000000, 0x0000000800000000)
  region size 2048K, 8 young (16384K), 3 survivors (6144K)
 Metaspace       used 21151K, committed 21504K, reserved 1114112K
  class space    used 2684K, committed 2880K, reserved 1048576K
}
Event: 4.387 GC heap after
{Heap after GC invocations=3 (full 0):
 garbage-first heap   total 260096K, used 12509K [0x0000000702000000, 0x0000000800000000)
  region size 2048K, 3 young (6144K), 3 survivors (6144K)
 Metaspace       used 21151K, committed 21504K, reserved 1114112K
  class space    used 2684K, committed 2880K, reserved 1048576K
}

Dll operation events (20 events):
Event: 0.517 Loaded shared library C:\Users\shara\.openjfx\cache\17.0.2-ea\api-ms-win-crt-heap-l1-1-0.dll
Event: 0.521 Loaded shared library C:\Users\shara\.openjfx\cache\17.0.2-ea\api-ms-win-crt-locale-l1-1-0.dll
Event: 0.524 Loaded shared library C:\Users\shara\.openjfx\cache\17.0.2-ea\api-ms-win-crt-math-l1-1-0.dll
Event: 0.528 Loaded shared library C:\Users\shara\.openjfx\cache\17.0.2-ea\api-ms-win-crt-multibyte-l1-1-0.dll
Event: 0.533 Loaded shared library C:\Users\shara\.openjfx\cache\17.0.2-ea\api-ms-win-crt-private-l1-1-0.dll
Event: 0.537 Loaded shared library C:\Users\shara\.openjfx\cache\17.0.2-ea\api-ms-win-crt-process-l1-1-0.dll
Event: 0.541 Loaded shared library C:\Users\shara\.openjfx\cache\17.0.2-ea\api-ms-win-crt-runtime-l1-1-0.dll
Event: 0.545 Loaded shared library C:\Users\shara\.openjfx\cache\17.0.2-ea\api-ms-win-crt-stdio-l1-1-0.dll
Event: 0.549 Loaded shared library C:\Users\shara\.openjfx\cache\17.0.2-ea\api-ms-win-crt-string-l1-1-0.dll
Event: 0.553 Loaded shared library C:\Users\shara\.openjfx\cache\17.0.2-ea\api-ms-win-crt-time-l1-1-0.dll
Event: 0.558 Loaded shared library C:\Users\shara\.openjfx\cache\17.0.2-ea\api-ms-win-crt-utility-l1-1-0.dll
Event: 0.578 Loaded shared library C:\Users\shara\.openjfx\cache\17.0.2-ea\ucrtbase.dll
Event: 0.585 Loaded shared library C:\Users\shara\.openjfx\cache\17.0.2-ea\vcruntime140.dll
Event: 0.590 Loaded shared library C:\Users\shara\.openjfx\cache\17.0.2-ea\vcruntime140_1.dll
Event: 0.602 Loaded shared library C:\Users\shara\.openjfx\cache\17.0.2-ea\msvcp140.dll
Event: 0.659 Loaded shared library C:\Users\shara\.openjfx\cache\17.0.2-ea\prism_d3d.dll
Event: 0.713 Loaded shared library C:\Users\shara\.openjfx\cache\17.0.2-ea\glass.dll
Event: 0.865 Loaded shared library C:\Users\shara\.jdks\openjdk-20.0.1\bin\jimage.dll
Event: 1.077 Loaded shared library C:\Users\shara\.openjfx\cache\17.0.2-ea\javafx_font.dll
Event: 4.233 Loaded shared library C:\Users\shara\.jdks\openjdk-20.0.1\bin\sunmscapi.dll

Deoptimization events (20 events):
Event: 4.964 Thread 0x00000208681dc1a0 Uncommon trap: trap_request=0xffffffc6 fr.pc=0x0000020854547540 relative=0x00000000000000a0
Event: 4.964 Thread 0x00000208681dc1a0 Uncommon trap: reason=bimorphic_or_optimized_type_check action=maybe_recompile pc=0x0000020854547540 method=javafx.beans.property.DoublePropertyBase.get()D @ 23 c2
Event: 4.964 Thread 0x00000208681dc1a0 DEOPT PACKING pc=0x0000020854547540 sp=0x00000062562f9020
Event: 4.964 Thread 0x00000208681dc1a0 DEOPT UNPACKING pc=0x0000020853eb9d22 sp=0x00000062562f8fb0 mode 2
Event: 4.964 Thread 0x00000208681dc1a0 Uncommon trap: trap_request=0xffffffc6 fr.pc=0x0000020854547540 relative=0x00000000000000a0
Event: 4.964 Thread 0x00000208681dc1a0 Uncommon trap: reason=bimorphic_or_optimized_type_check action=maybe_recompile pc=0x0000020854547540 method=javafx.beans.property.DoublePropertyBase.get()D @ 23 c2
Event: 4.964 Thread 0x00000208681dc1a0 DEOPT PACKING pc=0x0000020854547540 sp=0x00000062562f9010
Event: 4.964 Thread 0x00000208681dc1a0 DEOPT UNPACKING pc=0x0000020853eb9d22 sp=0x00000062562f8fa0 mode 2
Event: 4.965 Thread 0x00000208681dc1a0 Uncommon trap: trap_request=0xffffffc6 fr.pc=0x0000020854547540 relative=0x00000000000000a0
Event: 4.965 Thread 0x00000208681dc1a0 Uncommon trap: reason=bimorphic_or_optimized_type_check action=maybe_recompile pc=0x0000020854547540 method=javafx.beans.property.DoublePropertyBase.get()D @ 23 c2
Event: 4.965 Thread 0x00000208681dc1a0 DEOPT PACKING pc=0x0000020854547540 sp=0x00000062562f9020
Event: 4.965 Thread 0x00000208681dc1a0 DEOPT UNPACKING pc=0x0000020853eb9d22 sp=0x00000062562f8fb0 mode 2
Event: 4.997 Thread 0x00000208681dd6e0 DEOPT PACKING pc=0x000002084cc47793 sp=0x0000006255dfe070
Event: 4.997 Thread 0x00000208681dd6e0 DEOPT UNPACKING pc=0x0000020853eba4c2 sp=0x0000006255dfd490 mode 0
Event: 5.070 Thread 0x00000208681dd6e0 DEOPT PACKING pc=0x000002084cc8af20 sp=0x0000006255dfddf0
Event: 5.070 Thread 0x00000208681dd6e0 DEOPT UNPACKING pc=0x0000020853eba4c2 sp=0x0000006255dfd1a8 mode 0
Event: 16.091 Thread 0x00000208681dd6e0 DEOPT PACKING pc=0x000002084ccae1ba sp=0x0000006255dfdf20
Event: 16.091 Thread 0x00000208681dd6e0 DEOPT UNPACKING pc=0x0000020853eba4c2 sp=0x0000006255dfd358 mode 0
Event: 17.661 Thread 0x00000208681dc1a0 DEOPT PACKING pc=0x000002084cdfa5b0 sp=0x00000062562f6b90
Event: 17.661 Thread 0x00000208681dc1a0 DEOPT UNPACKING pc=0x0000020853eba4c2 sp=0x00000062562f5fc0 mode 0

Classes loaded (20 events):
Event: 4.768 Loading class java/lang/FdLibm$Hypot
Event: 4.768 Loading class java/lang/FdLibm$Hypot done
Event: 4.768 Loading class java/lang/FdLibm
Event: 4.768 Loading class java/lang/FdLibm done
Event: 4.899 Loading class java/text/BreakIterator
Event: 4.899 Loading class java/text/BreakIterator done
Event: 4.899 Loading class sun/util/locale/provider/BreakIteratorProviderImpl
Event: 4.900 Loading class sun/util/locale/provider/BreakIteratorProviderImpl done
Event: 4.900 Loading class sun/util/locale/provider/BreakIteratorProviderImpl$GraphemeBreakIterator
Event: 4.900 Loading class sun/util/locale/provider/BreakIteratorProviderImpl$GraphemeBreakIterator done
Event: 4.901 Loading class java/text/StringCharacterIterator
Event: 4.901 Loading class java/text/StringCharacterIterator done
Event: 4.901 Loading class sun/util/locale/provider/BreakIteratorProviderImpl$CharacterIteratorCharSequence
Event: 4.901 Loading class sun/util/locale/provider/BreakIteratorProviderImpl$CharacterIteratorCharSequence done
Event: 4.901 Loading class java/text/BreakIterator$BreakIteratorCache
Event: 4.901 Loading class java/text/BreakIterator$BreakIteratorCache done
Event: 17.197 Loading class java/util/RegularEnumSet$EnumSetIterator
Event: 17.197 Loading class java/util/RegularEnumSet$EnumSetIterator done
Event: 60.441 Loading class jdk/internal/misc/Signal$1
Event: 60.441 Loading class jdk/internal/misc/Signal$1 done

Classes unloaded (0 events):
No events

Classes redefined (0 events):
No events

Internal exceptions (20 events):
Event: 3.853 Thread 0x00000208681dc1a0 Exception <a 'java/lang/NoSuchMethodError'{0x000000070f682918}: 'java.lang.Object java.lang.invoke.DirectMethodHandle$Holder.invokeInterface(java.lang.Object, java.lang.Object)'> (0x000000070f682918) 
thrown [s\open\src\hotspot\share\interpreter\linkResolver.cpp, line 773]
Event: 3.855 Thread 0x00000208681dc1a0 Exception <a 'sun/nio/fs/WindowsException'{0x000000070f68c980}> (0x000000070f68c980) 
thrown [s\open\src\hotspot\share\prims\jni.cpp, line 519]
Event: 3.856 Thread 0x00000208681dc1a0 Exception <a 'sun/nio/fs/WindowsException'{0x000000070f68ed98}> (0x000000070f68ed98) 
thrown [s\open\src\hotspot\share\prims\jni.cpp, line 519]
Event: 3.866 Thread 0x00000208681dc1a0 Exception <a 'sun/nio/fs/WindowsException'{0x000000070f6e9d38}> (0x000000070f6e9d38) 
thrown [s\open\src\hotspot\share\prims\jni.cpp, line 519]
Event: 3.868 Thread 0x00000208681dc1a0 Exception <a 'sun/nio/fs/WindowsException'{0x000000070f6ec5e8}> (0x000000070f6ec5e8) 
thrown [s\open\src\hotspot\share\prims\jni.cpp, line 519]
Event: 3.873 Thread 0x00000208681dc1a0 Exception <a 'java/lang/NoSuchMethodError'{0x000000070f6fb5b0}: 'java.lang.Object java.lang.invoke.DirectMethodHandle$Holder.invokeVirtual(java.lang.Object, java.lang.Object, java.lang.Object)'> (0x000000070f6fb5b0) 
thrown [s\open\src\hotspot\share\interpreter\linkResolver.cpp, line 773]
Event: 3.955 Thread 0x00000208681dc1a0 Exception <a 'sun/nio/fs/WindowsException'{0x0000000711a986b0}> (0x0000000711a986b0) 
thrown [s\open\src\hotspot\share\prims\jni.cpp, line 519]
Event: 4.048 Thread 0x00000208681dc1a0 Exception <a 'sun/nio/fs/WindowsException'{0x00000007118dba78}> (0x00000007118dba78) 
thrown [s\open\src\hotspot\share\prims\jni.cpp, line 519]
Event: 4.091 Thread 0x00000208681dc1a0 Exception <a 'sun/nio/fs/WindowsException'{0x00000007119c7258}> (0x00000007119c7258) 
thrown [s\open\src\hotspot\share\prims\jni.cpp, line 519]
Event: 4.097 Thread 0x00000208681dc1a0 Exception <a 'sun/nio/fs/WindowsException'{0x00000007119ddc60}> (0x00000007119ddc60) 
thrown [s\open\src\hotspot\share\prims\jni.cpp, line 519]
Event: 4.129 Thread 0x00000208681dc1a0 Exception <a 'java/lang/NoSuchMethodError'{0x0000000711678270}: 'java.lang.Object java.lang.invoke.DirectMethodHandle$Holder.invokeStaticInit(java.lang.Object, int, int, int, int)'> (0x0000000711678270) 
thrown [s\open\src\hotspot\share\interpreter\linkResolver.cpp, line 773]
Event: 4.206 Thread 0x00000208681dc1a0 Exception <a 'java/lang/NoSuchMethodError'{0x0000000711715260}: 'java.lang.Object java.lang.invoke.DirectMethodHandle$Holder.invokeStaticInit(java.lang.Object, java.lang.Object, int, int, int, int)'> (0x0000000711715260) 
thrown [s\open\src\hotspot\share\interpreter\linkResolver.cpp, line 773]
Event: 4.580 Thread 0x00000208681dc1a0 Exception <a 'java/lang/ClassNotFoundException'{0x0000000704a39b00}: com/sun/javafx/scene/control/skin/resources/controls> (0x0000000704a39b00) 
thrown [s\open\src\hotspot\share\prims\jni.cpp, line 538]
Event: 4.580 Thread 0x00000208681dc1a0 Exception <a 'java/lang/ClassNotFoundException'{0x0000000704a480f0}: com/sun/javafx/scene/control/skin/resources/controls_en> (0x0000000704a480f0) 
thrown [s\open\src\hotspot\share\prims\jni.cpp, line 538]
Event: 4.581 Thread 0x00000208681dc1a0 Exception <a 'java/lang/ClassNotFoundException'{0x0000000704a498b0}: com/sun/javafx/scene/control/skin/resources/controls_en_GB> (0x0000000704a498b0) 
thrown [s\open\src\hotspot\share\prims\jni.cpp, line 538]
Event: 4.731 Thread 0x00000208681dc1a0 Exception <a 'java/lang/NoSuchMethodError'{0x00000007047fc290}: 'void java.lang.invoke.DirectMethodHandle$Holder.invokeSpecial(java.lang.Object, java.lang.Object, java.lang.Object, java.lang.Object, java.lang.Object, java.lang.Object)'> (0x00000007047fc290) 
thrown [s\open\src\hotspot\share\interpreter\linkResolver.cpp, line 773]
Event: 5.037 Thread 0x00000208681dd6e0 Exception <a 'java/lang/NoSuchMethodError'{0x0000000703f1ad80}: 'java.lang.Object java.lang.invoke.DirectMethodHandle$Holder.invokeStaticInit(java.lang.Object, int)'> (0x0000000703f1ad80) 
thrown [s\open\src\hotspot\share\interpreter\linkResolver.cpp, line 773]
Event: 7.941 Thread 0x00000208681dc1a0 Exception <a 'java/lang/NoSuchMethodError'{0x0000000703dca550}: 'java.lang.Object java.lang.invoke.DirectMethodHandle$Holder.newInvokeSpecial(java.lang.Object, java.lang.Object, int, int, int, int, int, java.lang.Object)'> (0x0000000703dca550) 
thrown [s\open\src\hotspot\share\interpreter\linkResolver.cpp, line 773]
Event: 7.942 Thread 0x00000208681dc1a0 Exception <a 'java/lang/NoSuchMethodError'{0x0000000703ddd2a0}: 'java.lang.Object java.lang.invoke.DirectMethodHandle$Holder.newInvokeSpecial(java.lang.Object, java.lang.Object, java.lang.Object, int, int, int, int, int)'> (0x0000000703ddd2a0) 
thrown [s\open\src\hotspot\share\interpreter\linkResolver.cpp, line 773]
Event: 7.942 Thread 0x00000208681dc1a0 Exception <a 'java/lang/NoSuchMethodError'{0x0000000703de50a0}: 'java.lang.Object java.lang.invoke.Invokers$Holder.linkToTargetMethod(java.lang.Object, java.lang.Object, int, int, int, int, int, java.lang.Object)'> (0x0000000703de50a0) 
thrown [s\open\src\hotspot\share\interpreter\linkResolver.cpp, line 773]

VM Operations (20 events):
Event: 9.815 Executing VM operation: Cleanup done
Event: 10.815 Executing VM operation: Cleanup
Event: 10.815 Executing VM operation: Cleanup done
Event: 11.816 Executing VM operation: Cleanup
Event: 11.816 Executing VM operation: Cleanup done
Event: 12.816 Executing VM operation: Cleanup
Event: 12.816 Executing VM operation: Cleanup done
Event: 13.816 Executing VM operation: Cleanup
Event: 13.816 Executing VM operation: Cleanup done
Event: 14.817 Executing VM operation: Cleanup
Event: 14.817 Executing VM operation: Cleanup done
Event: 15.817 Executing VM operation: Cleanup
Event: 15.817 Executing VM operation: Cleanup done
Event: 16.818 Executing VM operation: Cleanup
Event: 16.818 Executing VM operation: Cleanup done
Event: 17.818 Executing VM operation: Cleanup
Event: 17.818 Executing VM operation: Cleanup done
Event: 18.819 Executing VM operation: Cleanup
Event: 18.819 Executing VM operation: Cleanup done
Event: 60.443 Executing VM operation: Exit

Events (20 events):
Event: 0.828 Thread 0x00000208681db700 Thread added: 0x00000208681db700
Event: 1.052 Thread 0x0000020868f41ad0 Thread added: 0x0000020868f41ad0
Event: 1.150 Thread 0x000002086906ca50 Thread added: 0x000002086906ca50
Event: 1.431 Thread 0x000002086906ca50 Thread exited: 0x000002086906ca50
Event: 1.474 Thread 0x00000208681dac60 Thread added: 0x00000208681dac60
Event: 1.489 Thread 0x0000020868f41ad0 Thread exited: 0x0000020868f41ad0
Event: 1.675 Thread 0x00000208681dcc40 Thread added: 0x00000208681dcc40
Event: 3.830 Thread 0x00000208681dc6f0 Thread added: 0x00000208681dc6f0
Event: 3.865 Thread 0x00000208693c1810 Thread added: 0x00000208693c1810
Event: 3.865 Thread 0x00000208693c0760 Thread added: 0x00000208693c0760
Event: 4.197 Thread 0x00000208693c0760 Thread exited: 0x00000208693c0760
Event: 4.303 Thread 0x00000208693c1da0 Thread added: 0x00000208693c1da0
Event: 5.524 Thread 0x00000208693c1da0 Thread exited: 0x00000208693c1da0
Event: 5.524 Thread 0x00000208693c1810 Thread exited: 0x00000208693c1810
Event: 60.441 Thread 0x00000208697b2550 Thread added: 0x00000208697b2550
Event: 60.442 Thread 0x00000208697b5fc0 Thread added: 0x00000208697b5fc0
Event: 60.442 Thread 0x00000208697b4fd0 Thread added: 0x00000208697b4fd0
Event: 60.442 Thread 0x00000208697b5fc0 Thread exited: 0x00000208697b5fc0
Event: 60.443 Thread 0x00000208697b4fd0 Thread exited: 0x00000208697b4fd0
Event: 60.443 Thread 0x0000020863dd4590 Thread exited: 0x0000020863dd4590


Dynamic libraries:
0x00007ff66f380000 - 0x00007ff66f38e000 	C:\Users\shara\.jdks\openjdk-20.0.1\bin\java.exe
0x00007ffc1a370000 - 0x00007ffc1a568000 	C:\WINDOWS\SYSTEM32\ntdll.dll
0x00007ffc19110000 - 0x00007ffc191cf000 	C:\WINDOWS\System32\KERNEL32.DLL
0x00007ffc17e60000 - 0x00007ffc1813a000 	C:\WINDOWS\System32\KERNELBASE.dll
0x00007ffc182a0000 - 0x00007ffc183a0000 	C:\WINDOWS\System32\ucrtbase.dll
0x00007ffc08830000 - 0x00007ffc08847000 	C:\Users\shara\.jdks\openjdk-20.0.1\bin\jli.dll
0x00007ffc192f0000 - 0x00007ffc1948d000 	C:\WINDOWS\System32\USER32.dll
0x00007ffc183a0000 - 0x00007ffc183c2000 	C:\WINDOWS\System32\win32u.dll
0x00007ffc19070000 - 0x00007ffc1909b000 	C:\WINDOWS\System32\GDI32.dll
0x00007ffc17bd0000 - 0x00007ffc17ce0000 	C:\WINDOWS\System32\gdi32full.dll
0x00007ffc17a80000 - 0x00007ffc17b1d000 	C:\WINDOWS\System32\msvcp_win.dll
0x00007ffc061c0000 - 0x00007ffc061db000 	C:\Users\shara\.jdks\openjdk-20.0.1\bin\VCRUNTIME140.dll
0x00007ffbf0da0000 - 0x00007ffbf103a000 	C:\WINDOWS\WinSxS\amd64_microsoft.windows.common-controls_6595b64144ccf1df_6.0.19041.1110_none_60b5254171f9507e\COMCTL32.dll
0x00007ffc19850000 - 0x00007ffc198ee000 	C:\WINDOWS\System32\msvcrt.dll
0x00007ffc18f00000 - 0x00007ffc18f30000 	C:\WINDOWS\System32\IMM32.DLL
0x00007ffc10d80000 - 0x00007ffc10d8c000 	C:\Users\shara\.jdks\openjdk-20.0.1\bin\vcruntime140_1.dll
0x00007ffbe8400000 - 0x00007ffbe848e000 	C:\Users\shara\.jdks\openjdk-20.0.1\bin\msvcp140.dll
0x00007ffbbc5d0000 - 0x00007ffbbd267000 	C:\Users\shara\.jdks\openjdk-20.0.1\bin\server\jvm.dll
0x00007ffc183d0000 - 0x00007ffc1847e000 	C:\WINDOWS\System32\ADVAPI32.dll
0x00007ffc1a290000 - 0x00007ffc1a32c000 	C:\WINDOWS\System32\sechost.dll
0x00007ffc19a10000 - 0x00007ffc19b36000 	C:\WINDOWS\System32\RPCRT4.dll
0x00007ffc0f4b0000 - 0x00007ffc0f4b9000 	C:\WINDOWS\SYSTEM32\WSOCK32.dll
0x00007ffc190a0000 - 0x00007ffc1910b000 	C:\WINDOWS\System32\WS2_32.dll
0x00007ffbfa700000 - 0x00007ffbfa727000 	C:\WINDOWS\SYSTEM32\WINMM.dll
0x00007ffc0fce0000 - 0x00007ffc0fcea000 	C:\WINDOWS\SYSTEM32\VERSION.dll
0x00007ffc162d0000 - 0x00007ffc162e2000 	C:\WINDOWS\SYSTEM32\kernel.appcore.dll
0x00007ffc10b30000 - 0x00007ffc10b3a000 	C:\Users\shara\.jdks\openjdk-20.0.1\bin\jimage.dll
0x00007ffc15840000 - 0x00007ffc15a24000 	C:\WINDOWS\SYSTEM32\DBGHELP.DLL
0x00007ffc06b00000 - 0x00007ffc06b34000 	C:\WINDOWS\SYSTEM32\dbgcore.DLL
0x00007ffc17dd0000 - 0x00007ffc17e52000 	C:\WINDOWS\System32\bcryptPrimitives.dll
0x00007ffc06250000 - 0x00007ffc0625e000 	C:\Users\shara\.jdks\openjdk-20.0.1\bin\instrument.dll
0x00007ffbf6970000 - 0x00007ffbf6996000 	C:\Users\shara\.jdks\openjdk-20.0.1\bin\java.dll
0x00007ffbe5570000 - 0x00007ffbe5647000 	C:\Users\shara\.jdks\openjdk-20.0.1\bin\jsvml.dll
0x00007ffc19b40000 - 0x00007ffc1a284000 	C:\WINDOWS\System32\SHELL32.dll
0x00007ffc15b20000 - 0x00007ffc162b3000 	C:\WINDOWS\SYSTEM32\windows.storage.dll
0x00007ffc19490000 - 0x00007ffc197e4000 	C:\WINDOWS\System32\combase.dll
0x00007ffc17470000 - 0x00007ffc1749e000 	C:\WINDOWS\SYSTEM32\Wldp.dll
0x00007ffc19230000 - 0x00007ffc192dd000 	C:\WINDOWS\System32\SHCORE.dll
0x00007ffc18710000 - 0x00007ffc18765000 	C:\WINDOWS\System32\shlwapi.dll
0x00007ffc179c0000 - 0x00007ffc179df000 	C:\WINDOWS\SYSTEM32\profapi.dll
0x00007ffbf98d0000 - 0x00007ffbf98e3000 	C:\Users\shara\.jdks\openjdk-20.0.1\bin\net.dll
0x00007ffc0da80000 - 0x00007ffc0db8a000 	C:\WINDOWS\SYSTEM32\WINHTTP.dll
0x00007ffc171d0000 - 0x00007ffc1723a000 	C:\WINDOWS\system32\mswsock.dll
0x00007ffbf95b0000 - 0x00007ffbf95c6000 	C:\Users\shara\.jdks\openjdk-20.0.1\bin\nio.dll
0x00007ffbf31c0000 - 0x00007ffbf31d8000 	C:\Users\shara\.jdks\openjdk-20.0.1\bin\zip.dll
0x00007ffbf1d40000 - 0x00007ffbf1d5a000 	C:\Program Files\JetBrains\IntelliJ IDEA 2022.3.3\bin\breakgen64.dll
0x0000020863f60000 - 0x0000020863f63000 	C:\Users\shara\.openjfx\cache\17.0.2-ea\api-ms-win-core-console-l1-1-0.dll
0x0000020863f70000 - 0x0000020863f73000 	C:\Users\shara\.openjfx\cache\17.0.2-ea\api-ms-win-core-console-l1-2-0.dll
0x0000020863f80000 - 0x0000020863f83000 	C:\Users\shara\.openjfx\cache\17.0.2-ea\api-ms-win-core-datetime-l1-1-0.dll
0x0000020863f90000 - 0x0000020863f93000 	C:\Users\shara\.openjfx\cache\17.0.2-ea\api-ms-win-core-debug-l1-1-0.dll
0x0000020863fa0000 - 0x0000020863fa3000 	C:\Users\shara\.openjfx\cache\17.0.2-ea\api-ms-win-core-errorhandling-l1-1-0.dll
0x0000020863fb0000 - 0x0000020863fb4000 	C:\Users\shara\.openjfx\cache\17.0.2-ea\api-ms-win-core-file-l1-1-0.dll
0x0000020863fc0000 - 0x0000020863fc3000 	C:\Users\shara\.openjfx\cache\17.0.2-ea\api-ms-win-core-file-l1-2-0.dll
0x0000020863fd0000 - 0x0000020863fd3000 	C:\Users\shara\.openjfx\cache\17.0.2-ea\api-ms-win-core-file-l2-1-0.dll
0x0000020863fe0000 - 0x0000020863fe3000 	C:\Users\shara\.openjfx\cache\17.0.2-ea\api-ms-win-core-handle-l1-1-0.dll
0x0000020863ff0000 - 0x0000020863ff3000 	C:\Users\shara\.openjfx\cache\17.0.2-ea\api-ms-win-core-heap-l1-1-0.dll
0x0000020869bd0000 - 0x0000020869bd3000 	C:\Users\shara\.openjfx\cache\17.0.2-ea\api-ms-win-core-interlocked-l1-1-0.dll
0x0000020869be0000 - 0x0000020869be3000 	C:\Users\shara\.openjfx\cache\17.0.2-ea\api-ms-win-core-libraryloader-l1-1-0.dll
0x0000020869bf0000 - 0x0000020869bf3000 	C:\Users\shara\.openjfx\cache\17.0.2-ea\api-ms-win-core-localization-l1-2-0.dll
0x0000020869c00000 - 0x0000020869c03000 	C:\Users\shara\.openjfx\cache\17.0.2-ea\api-ms-win-core-memory-l1-1-0.dll
0x0000020869c10000 - 0x0000020869c13000 	C:\Users\shara\.openjfx\cache\17.0.2-ea\api-ms-win-core-namedpipe-l1-1-0.dll
0x0000020869c20000 - 0x0000020869c23000 	C:\Users\shara\.openjfx\cache\17.0.2-ea\api-ms-win-core-processenvironment-l1-1-0.dll
0x0000020869c30000 - 0x0000020869c33000 	C:\Users\shara\.openjfx\cache\17.0.2-ea\api-ms-win-core-processthreads-l1-1-0.dll
0x0000020869c40000 - 0x0000020869c43000 	C:\Users\shara\.openjfx\cache\17.0.2-ea\api-ms-win-core-processthreads-l1-1-1.dll
0x0000020869c50000 - 0x0000020869c53000 	C:\Users\shara\.openjfx\cache\17.0.2-ea\api-ms-win-core-profile-l1-1-0.dll
0x0000020869c60000 - 0x0000020869c63000 	C:\Users\shara\.openjfx\cache\17.0.2-ea\api-ms-win-core-rtlsupport-l1-1-0.dll
0x0000020869c70000 - 0x0000020869c73000 	C:\Users\shara\.openjfx\cache\17.0.2-ea\api-ms-win-core-string-l1-1-0.dll
0x0000020869c80000 - 0x0000020869c83000 	C:\Users\shara\.openjfx\cache\17.0.2-ea\api-ms-win-core-synch-l1-1-0.dll
0x0000020869c90000 - 0x0000020869c93000 	C:\Users\shara\.openjfx\cache\17.0.2-ea\api-ms-win-core-synch-l1-2-0.dll
0x0000020869ca0000 - 0x0000020869ca3000 	C:\Users\shara\.openjfx\cache\17.0.2-ea\api-ms-win-core-sysinfo-l1-1-0.dll
0x0000020869cb0000 - 0x0000020869cb3000 	C:\Users\shara\.openjfx\cache\17.0.2-ea\api-ms-win-core-timezone-l1-1-0.dll
0x0000020869cc0000 - 0x0000020869cc3000 	C:\Users\shara\.openjfx\cache\17.0.2-ea\api-ms-win-core-util-l1-1-0.dll
0x0000020869cd0000 - 0x0000020869cd3000 	C:\Users\shara\.openjfx\cache\17.0.2-ea\api-ms-win-crt-conio-l1-1-0.dll
0x0000020869ce0000 - 0x0000020869ce4000 	C:\Users\shara\.openjfx\cache\17.0.2-ea\api-ms-win-crt-convert-l1-1-0.dll
0x0000020869cf0000 - 0x0000020869cf3000 	C:\Users\shara\.openjfx\cache\17.0.2-ea\api-ms-win-crt-environment-l1-1-0.dll
0x0000020869d00000 - 0x0000020869d03000 	C:\Users\shara\.openjfx\cache\17.0.2-ea\api-ms-win-crt-filesystem-l1-1-0.dll
0x0000020869d10000 - 0x0000020869d13000 	C:\Users\shara\.openjfx\cache\17.0.2-ea\api-ms-win-crt-heap-l1-1-0.dll
0x0000020869d20000 - 0x0000020869d23000 	C:\Users\shara\.openjfx\cache\17.0.2-ea\api-ms-win-crt-locale-l1-1-0.dll
0x0000020869d30000 - 0x0000020869d35000 	C:\Users\shara\.openjfx\cache\17.0.2-ea\api-ms-win-crt-math-l1-1-0.dll
0x0000020869d40000 - 0x0000020869d45000 	C:\Users\shara\.openjfx\cache\17.0.2-ea\api-ms-win-crt-multibyte-l1-1-0.dll
0x0000020869d50000 - 0x0000020869d60000 	C:\Users\shara\.openjfx\cache\17.0.2-ea\api-ms-win-crt-private-l1-1-0.dll
0x0000020869d60000 - 0x0000020869d63000 	C:\Users\shara\.openjfx\cache\17.0.2-ea\api-ms-win-crt-process-l1-1-0.dll
0x0000020869d70000 - 0x0000020869d74000 	C:\Users\shara\.openjfx\cache\17.0.2-ea\api-ms-win-crt-runtime-l1-1-0.dll
0x0000020869d80000 - 0x0000020869d84000 	C:\Users\shara\.openjfx\cache\17.0.2-ea\api-ms-win-crt-stdio-l1-1-0.dll
0x0000020869d90000 - 0x0000020869d94000 	C:\Users\shara\.openjfx\cache\17.0.2-ea\api-ms-win-crt-string-l1-1-0.dll
0x0000020869da0000 - 0x0000020869da3000 	C:\Users\shara\.openjfx\cache\17.0.2-ea\api-ms-win-crt-time-l1-1-0.dll
0x0000020869db0000 - 0x0000020869db3000 	C:\Users\shara\.openjfx\cache\17.0.2-ea\api-ms-win-crt-utility-l1-1-0.dll
0x00007ffbe53a0000 - 0x00007ffbe549c000 	C:\Users\shara\.openjfx\cache\17.0.2-ea\ucrtbase.dll
0x00007ffbf1970000 - 0x00007ffbf198a000 	C:\Users\shara\.openjfx\cache\17.0.2-ea\vcruntime140.dll
0x00007ffbf3390000 - 0x00007ffbf339c000 	C:\Users\shara\.openjfx\cache\17.0.2-ea\vcruntime140_1.dll
0x00007ffbe5310000 - 0x00007ffbe539d000 	C:\Users\shara\.openjfx\cache\17.0.2-ea\msvcp140.dll
0x00007ffbefcc0000 - 0x00007ffbefcea000 	C:\Users\shara\.openjfx\cache\17.0.2-ea\prism_d3d.dll
0x00007ffbef950000 - 0x00007ffbefb1d000 	C:\WINDOWS\system32\d3d9.dll
0x00007ffc15390000 - 0x00007ffc153bf000 	C:\WINDOWS\SYSTEM32\dwmapi.dll
0x00007ffc150d0000 - 0x00007ffc1516e000 	C:\WINDOWS\system32\uxtheme.dll
0x00007ffbd44c0000 - 0x00007ffbd4668000 	C:\WINDOWS\System32\DriverStore\FileRepository\iigd_dch.inf_amd64_393549dac595e659\igdumdim64.dll
0x00007ffc18f30000 - 0x00007ffc1905a000 	C:\WINDOWS\System32\ole32.dll
0x00007ffb63170000 - 0x00007ffb66d8f000 	C:\WINDOWS\System32\DriverStore\FileRepository\iigd_dch.inf_amd64_393549dac595e659\igd9dxva64.dll
0x00007ffc18480000 - 0x00007ffc1854d000 	C:\WINDOWS\System32\OLEAUT32.dll
0x00007ffc18a90000 - 0x00007ffc18ef8000 	C:\WINDOWS\System32\SETUPAPI.dll
0x00007ffc17ce0000 - 0x00007ffc17d2e000 	C:\WINDOWS\System32\cfgmgr32.dll
0x00007ffc17d30000 - 0x00007ffc17d57000 	C:\WINDOWS\System32\bcrypt.dll
0x00007ffc02c80000 - 0x00007ffc03048000 	C:\WINDOWS\System32\DriverStore\FileRepository\iigd_dch.inf_amd64_393549dac595e659\igdgmm64.dll
0x00007ffbe52c0000 - 0x00007ffbe5302000 	C:\Users\shara\.openjfx\cache\17.0.2-ea\glass.dll
0x00007ffc18930000 - 0x00007ffc18a0a000 	C:\WINDOWS\System32\COMDLG32.dll
0x00007ffc198f0000 - 0x00007ffc19a04000 	C:\WINDOWS\System32\MSCTF.dll
0x00007ffbaae30000 - 0x00007ffbaae57000 	C:\WINDOWS\System32\DriverStore\FileRepository\iigd_dch.inf_amd64_393549dac595e659\igdinfo64.dll
0x00007ffbff690000 - 0x00007ffc02c76000 	C:\WINDOWS\System32\DriverStore\FileRepository\iigd_dch.inf_amd64_393549dac595e659\igc64.dll
0x00007ffc040a0000 - 0x00007ffc040db000 	C:\WINDOWS\SYSTEM32\dxcore.dll
0x00007ffbf1740000 - 0x00007ffbf1754000 	C:\Users\shara\.openjfx\cache\17.0.2-ea\javafx_font.dll
0x00007ffbf7620000 - 0x00007ffbf789f000 	C:\WINDOWS\SYSTEM32\dwrite.dll
0x00007ffc18800000 - 0x00007ffc188a9000 	C:\WINDOWS\System32\clbcatq.dll
0x00007ffc05ab0000 - 0x00007ffc05c64000 	C:\WINDOWS\SYSTEM32\WindowsCodecs.dll
0x00007ffbe57f0000 - 0x00007ffbe582e000 	C:\WINDOWS\system32\dataexchange.dll
0x00007ffc13710000 - 0x00007ffc13973000 	C:\WINDOWS\system32\d3d11.dll
0x00007ffc14340000 - 0x00007ffc14523000 	C:\WINDOWS\system32\dcomp.dll
0x00007ffc16340000 - 0x00007ffc16433000 	C:\WINDOWS\system32\dxgi.dll
0x00007ffc0f6c0000 - 0x00007ffc0f8c0000 	C:\WINDOWS\system32\twinapi.appcore.dll
0x00007ffbefde0000 - 0x00007ffbefe14000 	C:\Program Files\Common Files\Microsoft Shared\Ink\rtscom.dll
0x00007ffbfc6c0000 - 0x00007ffbfc7b9000 	C:\WINDOWS\SYSTEM32\textinputframework.dll
0x00007ffc14960000 - 0x00007ffc14cbe000 	C:\WINDOWS\System32\CoreUIComponents.dll
0x00007ffc14d00000 - 0x00007ffc14df2000 	C:\WINDOWS\System32\CoreMessaging.dll
0x00007ffc16c30000 - 0x00007ffc16c63000 	C:\WINDOWS\SYSTEM32\ntmarta.dll
0x00007ffc140a0000 - 0x00007ffc141f4000 	C:\WINDOWS\SYSTEM32\wintypes.dll
0x00007ffc13a80000 - 0x00007ffc14040000 	C:\WINDOWS\SYSTEM32\d2d1.dll
0x00007ffc04a00000 - 0x00007ffc050f6000 	C:\WINDOWS\SYSTEM32\D3D10Warp.dll
0x00007ffc16f10000 - 0x00007ffc16fdb000 	C:\WINDOWS\SYSTEM32\DNSAPI.dll
0x00007ffc16ec0000 - 0x00007ffc16efc000 	C:\WINDOWS\SYSTEM32\IPHLPAPI.DLL

dbghelp: loaded successfully - version: 4.0.5 - missing functions: none
symbol engine: initialized successfully - sym options: 0x614 - pdb path: .;C:\Users\shara\.jdks\openjdk-20.0.1\bin;C:\WINDOWS\SYSTEM32;C:\WINDOWS\WinSxS\amd64_microsoft.windows.common-controls_6595b64144ccf1df_6.0.19041.1110_none_60b5254171f9507e;C:\Users\shara\.jdks\openjdk-20.0.1\bin\server;C:\Program Files\JetBrains\IntelliJ IDEA 2022.3.3\bin;C:\Users\shara\.openjfx\cache\17.0.2-ea;C:\WINDOWS\System32\DriverStore\FileRepository\iigd_dch.inf_amd64_393549dac595e659;C:\Program Files\Common Files\Microsoft Shared\Ink

VM Arguments:
jvm_args: -javaagent:C:\Program Files\JetBrains\IntelliJ IDEA 2022.3.3\lib\idea_rt.jar=60867:C:\Program Files\JetBrains\IntelliJ IDEA 2022.3.3\bin -Dfile.encoding=UTF-8 -Dsun.stdout.encoding=UTF-8 -Dsun.stderr.encoding=UTF-8 --module-path=C:\Users\shara\.m2\repository\org\openjfx\javafx-fxml\17.0.2\javafx-fxml-17.0.2-win.jar;C:\Users\shara\.m2\repository\org\openjfx\javafx-graphics\17.0.2\javafx-graphics-17.0.2-win.jar;C:\Users\shara\.m2\repository\org\openjfx\javafx-base\17.0.2\javafx-base-17.0.2-win.jar;C:\Users\shara\IdeaProjects\Demo\target\classes;C:\Users\shara\.m2\repository\org\openjfx\javafx-controls\17.0.2\javafx-controls-17.0.2-win.jar -Djdk.module.main=sample.demo 
java_command: sample.demo/sample.demo.HelloApplication
java_class_path (initial): C:\Users\shara\.m2\repository\org\openjfx\javafx-controls\17.0.2\javafx-controls-17.0.2.jar;C:\Users\shara\.m2\repository\org\openjfx\javafx-graphics\17.0.2\javafx-graphics-17.0.2.jar;C:\Users\shara\.m2\repository\org\openjfx\javafx-base\17.0.2\javafx-base-17.0.2.jar;C:\Users\shara\.m2\repository\org\openjfx\javafx-fxml\17.0.2\javafx-fxml-17.0.2.jar;C:\Users\shara\.m2\repository\com\mysql\mysql-connector-j\8.0.33\mysql-connector-j-8.0.33.jar;C:\Users\shara\.m2\repository\com\google\protobuf\protobuf-java\3.21.9\protobuf-java-3.21.9.jar
Launcher Type: SUN_STANDARD

[Global flags]
     intx CICompilerCount                          = 4                                         {product} {ergonomic}
     uint ConcGCThreads                            = 2                                         {product} {ergonomic}
     uint G1ConcRefinementThreads                  = 8                                         {product} {ergonomic}
   size_t G1HeapRegionSize                         = 2097152                                   {product} {ergonomic}
    uintx GCDrainStackTargetSize                   = 64                                        {product} {ergonomic}
   size_t InitialHeapSize                          = 266338304                                 {product} {ergonomic}
   size_t MarkStackSize                            = 4194304                                   {product} {ergonomic}
   size_t MaxHeapSize                              = 4261412864                                {product} {ergonomic}
   size_t MaxNewSize                               = 2556428288                                {product} {ergonomic}
   size_t MinHeapDeltaBytes                        = 2097152                                   {product} {ergonomic}
   size_t MinHeapSize                              = 8388608                                   {product} {ergonomic}
    uintx NonNMethodCodeHeapSize                   = 5839372                                {pd product} {ergonomic}
    uintx NonProfiledCodeHeapSize                  = 122909434                              {pd product} {ergonomic}
    uintx ProfiledCodeHeapSize                     = 122909434                              {pd product} {ergonomic}
    uintx ReservedCodeCacheSize                    = 251658240                              {pd product} {ergonomic}
     bool SegmentedCodeCache                       = true                                      {product} {ergonomic}
   size_t SoftMaxHeapSize                          = 4261412864                             {manageable} {ergonomic}
     bool UseCompressedClassPointers               = true                           {product lp64_product} {ergonomic}
     bool UseCompressedOops                        = true                           {product lp64_product} {ergonomic}
     bool UseG1GC                                  = true                                      {product} {ergonomic}
     bool UseLargePagesIndividualAllocation        = false                                  {pd product} {ergonomic}

Logging:
Log output configuration:
 #0: stdout all=off uptime,level,tags foldmultilines=false
 #1: stderr all=off uptime,level,tags foldmultilines=false

Environment Variables:
PATH=C:\Users\shara\Downloads\CUserssharaDownloadsWINDOWS.X64_193000_db_home\bin;C:\Program Files\Java\jdk-11.0.2\bin;C:\WINDOWS\system32;C:\WINDOWS;C:\WINDOWS\System32\Wbem;C:\WINDOWS\System32\WindowsPowerShell\v1.0\;C:\WINDOWS\System32\OpenSSH\;C:\Program Files\Git\cmd;C:\Program Files\Git\mingw64\bin;C:\Program Files\Git\usr\bin;C:\wamp64\bin\php\php7.3.12;C:\Program Files\dotnet\;C:\Program Files\MySQL\MySQL Shell 8.0\bin\;C:\Users\shara\AppData\Local\Microsoft\WindowsApps;;C:\Program Files\JetBrains\IntelliJ IDEA Community Edition 2020.2.3\bin;;C:\Users\shara\.dotnet\tools;C:\Program Files\JetBrains\IntelliJ IDEA 2022.3.3\bin;
USERNAME=shara
OS=Windows_NT
PROCESSOR_IDENTIFIER=Intel64 Family 6 Model 142 Stepping 12, GenuineIntel
TMP=C:\Users\shara\AppData\Local\Temp
TEMP=C:\Users\shara\AppData\Local\Temp




---------------  S Y S T E M  ---------------

OS:
 Windows 10 , 64 bit Build 19041 (10.0.19041.2788)
OS uptime: 55 days 4:31 hours

CPU: total 8 (initial active 8) (4 cores per cpu, 2 threads per core) family 6 model 142 stepping 12 microcode 0xc6, cx8, cmov, fxsr, ht, mmx, 3dnowpref, sse, sse2, sse3, ssse3, sse4.1, sse4.2, popcnt, lzcnt, tsc, tscinvbit, avx, avx2, aes, erms, clmul, bmi1, bmi2, adx, fma, vzeroupper, clflush, clflushopt, rdtscp, f16c

Memory: 4k page, system-wide physical 16254M (3562M free)
TotalPageFile size 35486M (AvailPageFile size 5181M)
current process WorkingSet (physical memory assigned to process): 190M, peak: 216M
current process commit charge ("private bytes"): 240M, peak: 431M

vm_info: OpenJDK 64-Bit Server VM (20.0.1+9-29) for windows-amd64 JRE (20.0.1+9-29), built on 2023-03-07T13:56:11Z by "mach5one" with MS VC++ 17.1 (VS2022)

END.
