#
# A fatal error has been detected by the Java Runtime Environment:
#
#  EXCEPTION_ACCESS_VIOLATION (0xc0000005) at pc=0x00007ffbf0586ab7, pid=27852, tid=32372
#
# JRE version: OpenJDK Runtime Environment (20.0.1+9) (build 20.0.1+9-29)
# Java VM: OpenJDK 64-Bit Server VM (20.0.1+9-29, mixed mode, sharing, tiered, compressed oops, compressed class ptrs, g1 gc, windows-amd64)
# Problematic frame:
# C  [glass.dll+0x26ab7]
#
# No core dump will be written. Minidumps are not enabled by default on client versions of Windows
#
# If you would like to submit a bug report, please visit:
#   https://bugreport.java.com/bugreport/crash.jsp
#

---------------  S U M M A R Y ------------

Command Line: -javaagent:C:\Program Files\JetBrains\IntelliJ IDEA 2022.3.3\lib\idea_rt.jar=65465:C:\Program Files\JetBrains\IntelliJ IDEA 2022.3.3\bin -Dfile.encoding=UTF-8 -Dsun.stdout.encoding=UTF-8 -Dsun.stderr.encoding=UTF-8 --module-path=C:\Users\shara\.m2\repository\org\openjfx\javafx-graphics\17.0.2\javafx-graphics-17.0.2-win.jar;C:\Users\shara\.m2\repository\org\openjfx\javafx-base\17.0.2\javafx-base-17.0.2-win.jar;C:\Users\shara\.m2\repository\org\openjfx\javafx-controls\17.0.2\javafx-controls-17.0.2-win.jar;C:\Users\shara\.m2\repository\org\openjfx\javafx-fxml\17.0.2\javafx-fxml-17.0.2-win.jar;C:\Users\shara\IdeaProjects\Demo\target\classes -Djdk.module.main=sample.demo sample.demo/sample.demo.HelloApplication

Host: Intel(R) Core(TM) i7-8565U CPU @ 1.80GHz, 8 cores, 15G,  Windows 10 , 64 bit Build 19041 (10.0.19041.2788)
Time: Thu Jun  8 16:32:53 2023 Russia TZ 2 Standard Time elapsed time: 935.659297 seconds (0d 0h 15m 35s)

---------------  T H R E A D  ---------------

Current thread (0x0000024155c05e40):  VMThread "VM Thread" [stack: 0x000000fb66200000,0x000000fb66300000] [id=32372]

Stack: [0x000000fb66200000,0x000000fb66300000],  sp=0x000000fb662ff000,  free space=1020k
Native frames: (J=compiled Java code, j=interpreted, Vv=VM code, C=native code)
C  [glass.dll+0x26ab7]


siginfo: EXCEPTION_ACCESS_VIOLATION (0xc0000005), reading address 0x0000000000000000


Registers:
RAX=0x0000000000000000, RBX=0x0000024155c09830, RCX=0x0000024155c05e40, RDX=0x000000fb662ff000
RSP=0x000000fb662ff000, RBP=0x000002415b0c17c8, RSI=0x000002415b0c17a0, RDI=0x00006c56486e8ed2
R8 =0x0000000000010002, R9 =0x00006c56486e8ed2, R10=0x0000000000008000, R11=0x000000fb662fef90
R12=0x00007ffbf0584384, R13=0x00007ffb6aa6ea90, R14=0x000000fb662ff0f8, R15=0x000002415b0c17a0
RIP=0x00007ffbf0586ab7, EFLAGS=0x0000000000010202


Register to memory mapping:

RIP=0x00007ffbf0586ab7 glass.dll
RAX=0x0 is NULL
RBX=0x0000024155c09830 is a global jni handle
RCX=0x0000024155c05e40 points into unknown readable memory: 0x00007ffb6a897080 | 80 70 89 6a fb 7f 00 00
RDX=0x000000fb662ff000 points into unknown readable memory: 0x0000000000000000 | 00 00 00 00 00 00 00 00
RSP=0x000000fb662ff000 points into unknown readable memory: 0x0000000000000000 | 00 00 00 00 00 00 00 00
RBP=0x000002415b0c17c8 points into unknown readable memory: 0x00006c56486e8ed2 | d2 8e 6e 48 56 6c 00 00
RSI=0x000002415b0c17a0 points into unknown readable memory: 0xffefad36b21e8ed3 | d3 8e 1e b2 36 ad ef ff
RDI=0x00006c56486e8ed2 is an unknown value
R8 =0x0000000000010002 is an unknown value
R9 =0x00006c56486e8ed2 is an unknown value
R10=0x0000000000008000 is an unknown value
R11=0x000000fb662fef90 points into unknown readable memory: 0x000002415b0c17a0 | a0 17 0c 5b 41 02 00 00
R12=0x00007ffbf0584384 glass.dll
R13=0x00007ffb6aa6ea90 jvm.dll
R14=0x000000fb662ff0f8 points into unknown readable memory: 0x000000fb662ff0e0 | e0 f0 2f 66 fb 00 00 00
R15=0x000002415b0c17a0 points into unknown readable memory: 0xffefad36b21e8ed3 | d3 8e 1e b2 36 ad ef ff


Top of Stack: (sp=0x000000fb662ff000)
0x000000fb662ff000:   0000000000000000 000002415b0c17a0
0x000000fb662ff010:   00007ffb6aa6ea90 00007ffbf0584384
0x000000fb662ff020:   000002415b0c17a8 00007ffc182b42d6
0x000000fb662ff030:   00006c56486e8ed2 0000024100000000
0x000000fb662ff040:   000002415b0c17c8 000002415b0c17a0
0x000000fb662ff050:   fffffffffffffffe 0000000000000000
0x000000fb662ff060:   0000000000000001 00007ffbf0560000
0x000000fb662ff070:   000000fb662ff0e8 00007ffc182b41fb
0x000000fb662ff080:   0000000000000000 000000fb662ff0f8
0x000000fb662ff090:   000000fb662ff3c0 00007ffc18390e40
0x000000fb662ff0a0:   0000000000000001 00007ffc182b41b4
0x000000fb662ff0b0:   0000000000000000 0000000000000001
0x000000fb662ff0c0:   00007ffb00000001 000000fb662ff0e8
0x000000fb662ff0d0:   0000000000000000 00007ffbf0584211
0x000000fb662ff0e0:   00007ffbf059a138 00007ffc00000002
0x000000fb662ff0f0:   0000000000000002 000000fb662ff0e0
0x000000fb662ff100:   0000000000000000 00007ffc1a389993
0x000000fb662ff110:   0000000000000000 00007ffbf0584336
0x000000fb662ff120:   0000000000000001 0000000000000000
0x000000fb662ff130:   0000000000000000 0000000000000001
0x000000fb662ff140:   0000000000000000 0000000000000000
0x000000fb662ff150:   0000000000000001 00004f58551b8bf2
0x000000fb662ff160:   00007ffbf0560000 000000007ffe0384
0x000000fb662ff170:   0000000000000000 00007ffc1a389a1d
0x000000fb662ff180:   00007ffbf0560000 0000000000000000
0x000000fb662ff190:   0000000000000001 000000007ffe0385
0x000000fb662ff1a0:   0000000002360fb8 000000fb662ff3c0
0x000000fb662ff1b0:   00004f5800000000 0000000000000014
0x000000fb662ff1c0:   0000000000000000 00007ffbf0584384
0x000000fb662ff1d0:   00000000000003d8 000002415ac66e40
0x000000fb662ff1e0:   0000024155bf8700 00007ffc1a3cdcec
0x000000fb662ff1f0:   000002415ac67a00 00007ffbf0560000 

Instructions: (pc=0x00007ffbf0586ab7)
0x00007ffbf05869b7:   8b 4d 58 e8 01 cf ff ff 48 8b 4d 60 e8 f8 ce ff
0x00007ffbf05869c7:   ff 48 8b 95 80 00 00 00 48 8b 8d 18 01 00 00 e8
0x00007ffbf05869d7:   c6 c3 ff ff 33 d2 33 c9 e8 3c e1 ff ff 90 48 89
0x00007ffbf05869e7:   54 24 10 55 48 83 ec 20 48 8b ea 48 b8 00 00 00
0x00007ffbf05869f7:   00 00 00 00 00 48 83 c4 20 5d c3 cc 40 55 48 8b
0x00007ffbf0586a07:   ea 48 8b 01 33 c9 81 38 05 00 00 c0 0f 94 c1 8b
0x00007ffbf0586a17:   c1 5d c3 cc 40 55 48 83 ec 20 48 8b ea 8a 4d 40
0x00007ffbf0586a27:   48 83 c4 20 5d e9 f7 d2 ff ff cc 40 55 48 83 ec
0x00007ffbf0586a37:   20 48 8b ea 8a 4d 20 e8 e5 d2 ff ff 90 48 83 c4
0x00007ffbf0586a47:   20 5d c3 cc 40 55 48 83 ec 20 48 8b ea 48 83 c4
0x00007ffbf0586a57:   20 5d e9 46 d1 ff ff cc 40 55 48 83 ec 30 48 8b
0x00007ffbf0586a67:   ea 48 8b 01 8b 10 48 89 4c 24 28 89 54 24 20 4c
0x00007ffbf0586a77:   8d 0d e7 d5 ff ff 4c 8b 45 70 8b 55 68 48 8b 4d
0x00007ffbf0586a87:   60 e8 87 d0 ff ff 90 48 83 c4 30 5d c3 cc cc cc
0x00007ffbf0586a97:   cc cc cc cc cc cc cc cc cc 40 53 48 83 ec 20 48
0x00007ffbf0586aa7:   8b 1d 83 30 01 00 48 85 db 74 16 e8 09 8b ff ff
0x00007ffbf0586ab7:   4c 8b 00 48 8b d3 48 8b c8 41 ff 90 b0 00 00 00
0x00007ffbf0586ac7:   90 48 83 c4 20 5b c3 cc cc 40 53 48 83 ec 20 48
0x00007ffbf0586ad7:   8b 1d fb 31 01 00 48 85 db 74 57 b8 ff ff ff ff
0x00007ffbf0586ae7:   f0 0f c1 43 10 83 f8 01 75 3d 48 85 db 74 38 48
0x00007ffbf0586af7:   8b 0b 48 85 c9 74 0d ff 15 a4 07 00 00 48 c7 03
0x00007ffbf0586b07:   00 00 00 00 48 8b 4b 08 48 85 c9 74 0d e8 a7 cd
0x00007ffbf0586b17:   ff ff 48 c7 43 08 00 00 00 00 ba 18 00 00 00 48
0x00007ffbf0586b27:   8b cb e8 92 cd ff ff 48 c7 05 9f 31 01 00 00 00
0x00007ffbf0586b37:   00 00 48 83 c4 20 5b c3 cc 40 53 48 83 ec 20 48
0x00007ffbf0586b47:   8b 1d 6b 31 01 00 48 85 db 74 57 b8 ff ff ff ff
0x00007ffbf0586b57:   f0 0f c1 43 10 83 f8 01 75 3d 48 85 db 74 38 48
0x00007ffbf0586b67:   8b 0b 48 85 c9 74 0d ff 15 34 07 00 00 48 c7 03
0x00007ffbf0586b77:   00 00 00 00 48 8b 4b 08 48 85 c9 74 0d e8 37 cd
0x00007ffbf0586b87:   ff ff 48 c7 43 08 00 00 00 00 ba 18 00 00 00 48
0x00007ffbf0586b97:   8b cb e8 22 cd ff ff 48 c7 05 0f 31 01 00 00 00
0x00007ffbf0586ba7:   00 00 48 83 c4 20 5b c3 cc 40 53 48 83 ec 20 48 


Stack slot to memory mapping:
stack at sp + 0 slots: 0x0 is NULL
stack at sp + 1 slots: 0x000002415b0c17a0 points into unknown readable memory: 0xffefad36b21e8ed3 | d3 8e 1e b2 36 ad ef ff
stack at sp + 2 slots: 0x00007ffb6aa6ea90 jvm.dll
stack at sp + 3 slots: 0x00007ffbf0584384 glass.dll
stack at sp + 4 slots: 0x000002415b0c17a8 points into unknown readable memory: 0x00006c56486e8ed2 | d2 8e 6e 48 56 6c 00 00
stack at sp + 5 slots: 0x00007ffc182b42d6 ucrtbase.dll
stack at sp + 6 slots: 0x00006c56486e8ed2 is an unknown value
stack at sp + 7 slots: 0x0000024100000000 is an unknown value

VM_Operation (0x000000fb675ff260): Exit, mode: safepoint, requested by thread 0x000002415b902a70


---------------  P R O C E S S  ---------------

Threads class SMR info:
_java_thread_list=0x000002415bb44180, length=20, elements={
0x00000241366bbd60, 0x0000024155c220f0, 0x0000024155c23090, 0x0000024155c26aa0,
0x0000024155c2a500, 0x0000024155c2c190, 0x0000024155c324f0, 0x0000024155c2f430,
0x000002415a09edf0, 0x000002415ac2e070, 0x000002415ac2e5c0, 0x000002415b35e4e0,
0x000002415a9a7270, 0x000002415a1f0a80, 0x000002415b434010, 0x000002415b434560,
0x000002415b900fe0, 0x000002415b901530, 0x000002415b900540, 0x000002415b902a70
}

Java Threads: ( => current thread )
  0x00000241366bbd60 JavaThread "main" [_thread_blocked, id=23824, stack(0x000000fb65c00000,0x000000fb65d00000)]
  0x0000024155c220f0 JavaThread "Reference Handler" daemon [_thread_blocked, id=23104, stack(0x000000fb66300000,0x000000fb66400000)]
  0x0000024155c23090 JavaThread "Finalizer" daemon [_thread_blocked, id=33244, stack(0x000000fb66400000,0x000000fb66500000)]
  0x0000024155c26aa0 JavaThread "Attach Listener" daemon [_thread_blocked, id=12208, stack(0x000000fb66600000,0x000000fb66700000)]
  0x0000024155c2a500 JavaThread "Service Thread" daemon [_thread_blocked, id=33424, stack(0x000000fb66700000,0x000000fb66800000)]
  0x0000024155c2c190 JavaThread "Monitor Deflation Thread" daemon [_thread_blocked, id=31996, stack(0x000000fb66800000,0x000000fb66900000)]
  0x0000024155c324f0 JavaThread "C2 CompilerThread0" daemon [_thread_blocked, id=30192, stack(0x000000fb66900000,0x000000fb66a00000)]
  0x0000024155c2f430 JavaThread "C1 CompilerThread0" daemon [_thread_blocked, id=31032, stack(0x000000fb66a00000,0x000000fb66b00000)]
  0x000002415a09edf0 JavaThread "Common-Cleaner" daemon [_thread_blocked, id=29196, stack(0x000000fb66b00000,0x000000fb66c00000)]
  0x000002415ac2e070 JavaThread "Monitor Ctrl-Break" daemon [_thread_in_native, id=26732, stack(0x000000fb66e00000,0x000000fb66f00000)]
  0x000002415ac2e5c0 JavaThread "Notification Thread" daemon [_thread_blocked, id=10740, stack(0x000000fb66f00000,0x000000fb67000000)]
  0x000002415b35e4e0 JavaThread "QuantumRenderer-0" daemon [_thread_blocked, id=7604, stack(0x000000fb67100000,0x000000fb67200000)]
  0x000002415a9a7270 JavaThread "InvokeLaterDispatcher" daemon [_thread_blocked, id=27328, stack(0x000000fb67200000,0x000000fb67300000)]
  0x000002415a1f0a80 JavaThread "JavaFX Application Thread" [_thread_in_native, id=33260, stack(0x000000fb66d00000,0x000000fb66e00000)]
  0x000002415b434010 JavaThread "Thread-1" daemon [_thread_in_native, id=18016, stack(0x000000fb67600000,0x000000fb67700000)]
  0x000002415b434560 JavaThread "JavaFX-Launcher" [_thread_blocked, id=15248, stack(0x000000fb67700000,0x000000fb67800000)]
  0x000002415b900fe0 JavaThread "Prism Font Disposer" daemon [_thread_blocked, id=21492, stack(0x000000fb68100000,0x000000fb68200000)]
  0x000002415b901530 JavaThread "Cleaner-0" daemon [_thread_blocked, id=27724, stack(0x000000fb68200000,0x000000fb68300000)]
  0x000002415b900540 JavaThread "mysql-cj-abandoned-connection-cleanup" daemon [_thread_blocked, id=12140, stack(0x000000fb68700000,0x000000fb68800000)]
  0x000002415b902a70 JavaThread "SIGINT handler" daemon [_thread_blocked, id=22312, stack(0x000000fb67500000,0x000000fb67600000)]

Other Threads:
=>0x0000024155c05e40 VMThread "VM Thread" [stack: 0x000000fb66200000,0x000000fb66300000] [id=32372]
  0x0000024136729f20 WorkerThread "GC Thread#0" [stack: 0x000000fb65d00000,0x000000fb65e00000] [id=14880]
  0x000002415b9d1ff0 WorkerThread "GC Thread#1" [stack: 0x000000fb67800000,0x000000fb67900000] [id=10352]
  0x000002415b8b6550 WorkerThread "GC Thread#2" [stack: 0x000000fb67900000,0x000000fb67a00000] [id=14216]
  0x000002415b8b6c20 WorkerThread "GC Thread#3" [stack: 0x000000fb67a00000,0x000000fb67b00000] [id=14368]
  0x0000024155c3b470 WorkerThread "GC Thread#4" [stack: 0x000000fb67b00000,0x000000fb67c00000] [id=11136]
  0x0000024155c3b1a0 WorkerThread "GC Thread#5" [stack: 0x000000fb67c00000,0x000000fb67d00000] [id=25984]
  0x0000024155c3c820 WorkerThread "GC Thread#6" [stack: 0x000000fb66c00000,0x000000fb66d00000] [id=27384]
  0x0000024155c3c280 WorkerThread "GC Thread#7" [stack: 0x000000fb68600000,0x000000fb68700000] [id=31672]
  0x000002413673add0 ConcurrentGCThread "G1 Main Marker" terminated
  0x000002413673cfb0 WorkerThread "G1 Conc#0" [stack: 0x000000fb65f00000,0x000000fb66000000] [id=20364]
  0x000002415abbd8b0 WorkerThread "G1 Conc#1" [stack: 0x000000fb68a00000,0x000000fb68b00000] [id=14848]
  0x0000024155ac1140 ConcurrentGCThread "G1 Refine#0" terminated
  0x0000024155ac1890 ConcurrentGCThread "G1 Service" terminated

Threads with active compile tasks:

VM state: at safepoint (shutting down)

VM Mutex/Monitor currently owned by a thread:  ([mutex/lock_event])
[0x00000241366b6690] Threads_lock - owner thread: 0x0000024155c05e40
[0x00000241366b9540] Heap_lock - owner thread: 0x000002415b902a70

Heap address: 0x0000000702000000, size: 4064 MB, Compressed Oops mode: Zero based, Oop shift amount: 3

CDS archive(s) mapped at: [0x0000000800000000-0x0000000800c60000-0x0000000800c60000), size 12976128, SharedBaseAddress: 0x0000000800000000, ArchiveRelocationMode: 0.
Compressed class space mapped at: 0x0000000801000000-0x0000000841000000, reserved size: 1073741824
Narrow klass base: 0x0000000800000000, Narrow klass shift: 0, Narrow klass range: 0x100000000

GC Precious Log:
 CardTable entry size: 512
 Card Set container configuration: InlinePtr #cards 4 size 8 Array Of Cards #cards 16 size 48 Howl #buckets 8 coarsen threshold 3686 Howl Bitmap #cards 512 size 80 coarsen threshold 460 Card regions per heap region 1 cards per card region 4096
 CPUs: 8 total, 8 available
 Memory: 16254M
 Large Page Support: Disabled
 NUMA Support: Disabled
 Compressed Oops: Enabled (Zero based)
 Heap Region Size: 2M
 Heap Min Capacity: 8M
 Heap Initial Capacity: 254M
 Heap Max Capacity: 4064M
 Pre-touch: Disabled
 Parallel Workers: 8
 Concurrent Workers: 2
 Concurrent Refinement Workers: 8
 Periodic GC: Disabled

Heap:
 garbage-first heap   total 61440K, used 23369K [0x0000000702000000, 0x0000000800000000)
  region size 2048K, 11 young (22528K), 6 survivors (12288K)
 Metaspace       used 25706K, committed 26048K, reserved 1114112K
  class space    used 3387K, committed 3520K, reserved 1048576K

Heap Regions: E=young(eden), S=young(survivor), O=old, HS=humongous(starts), HC=humongous(continues), CS=collection set, F=free, OA=open archive, CA=closed archive, TAMS=top-at-mark-start, PB=parsable bottom
|   0|0x0000000702000000, 0x0000000702000000, 0x0000000702200000|  0%| F|  |TAMS 0x0000000702000000| PB 0x0000000702000000| Untracked 
|   1|0x0000000702200000, 0x00000007023ec600, 0x0000000702400000| 96%| O|  |TAMS 0x0000000702200000| PB 0x0000000702200000| Untracked 
|   2|0x0000000702400000, 0x0000000702600000, 0x0000000702600000|100%|HS|  |TAMS 0x0000000702400000| PB 0x0000000702400000| Complete 
|   3|0x0000000702600000, 0x0000000702600000, 0x0000000702800000|  0%| F|  |TAMS 0x0000000702600000| PB 0x0000000702600000| Untracked 
|   4|0x0000000702800000, 0x0000000702800000, 0x0000000702a00000|  0%| F|  |TAMS 0x0000000702800000| PB 0x0000000702800000| Untracked 
|   5|0x0000000702a00000, 0x0000000702a00000, 0x0000000702c00000|  0%| F|  |TAMS 0x0000000702a00000| PB 0x0000000702a00000| Untracked 
|   6|0x0000000702c00000, 0x0000000702c00000, 0x0000000702e00000|  0%| F|  |TAMS 0x0000000702c00000| PB 0x0000000702c00000| Untracked 
|   7|0x0000000702e00000, 0x0000000702e00000, 0x0000000703000000|  0%| F|  |TAMS 0x0000000702e00000| PB 0x0000000702e00000| Untracked 
|   8|0x0000000703000000, 0x0000000703000000, 0x0000000703200000|  0%| F|  |TAMS 0x0000000703000000| PB 0x0000000703000000| Untracked 
|   9|0x0000000703200000, 0x0000000703200000, 0x0000000703400000|  0%| F|  |TAMS 0x0000000703200000| PB 0x0000000703200000| Untracked 
|  10|0x0000000703400000, 0x0000000703400000, 0x0000000703600000|  0%| F|  |TAMS 0x0000000703400000| PB 0x0000000703400000| Untracked 
|  11|0x0000000703600000, 0x0000000703600000, 0x0000000703800000|  0%| F|  |TAMS 0x0000000703600000| PB 0x0000000703600000| Untracked 
|  12|0x0000000703800000, 0x0000000703800000, 0x0000000703a00000|  0%| F|  |TAMS 0x0000000703800000| PB 0x0000000703800000| Untracked 
|  13|0x0000000703a00000, 0x0000000703a00000, 0x0000000703c00000|  0%| F|  |TAMS 0x0000000703a00000| PB 0x0000000703a00000| Untracked 
|  14|0x0000000703c00000, 0x0000000703c00000, 0x0000000703e00000|  0%| F|  |TAMS 0x0000000703c00000| PB 0x0000000703c00000| Untracked 
|  15|0x0000000703e00000, 0x0000000703e00000, 0x0000000704000000|  0%| F|  |TAMS 0x0000000703e00000| PB 0x0000000703e00000| Untracked 
|  16|0x0000000704000000, 0x0000000704000000, 0x0000000704200000|  0%| F|  |TAMS 0x0000000704000000| PB 0x0000000704000000| Untracked 
|  17|0x0000000704200000, 0x0000000704200000, 0x0000000704400000|  0%| F|  |TAMS 0x0000000704200000| PB 0x0000000704200000| Untracked 
|  18|0x0000000704400000, 0x0000000704400000, 0x0000000704600000|  0%| F|  |TAMS 0x0000000704400000| PB 0x0000000704400000| Untracked 
|  19|0x0000000704600000, 0x000000070462e9a0, 0x0000000704800000|  9%| E|  |TAMS 0x0000000704600000| PB 0x0000000704600000| Complete 
|  20|0x0000000704800000, 0x0000000704a00000, 0x0000000704a00000|100%| E|CS|TAMS 0x0000000704800000| PB 0x0000000704800000| Complete 
|  21|0x0000000704a00000, 0x0000000704c00000, 0x0000000704c00000|100%| E|CS|TAMS 0x0000000704a00000| PB 0x0000000704a00000| Complete 
|  22|0x0000000704c00000, 0x0000000704e00000, 0x0000000704e00000|100%| E|CS|TAMS 0x0000000704c00000| PB 0x0000000704c00000| Complete 
| 108|0x000000070f800000, 0x000000070f8e6000, 0x000000070fa00000| 44%| S|CS|TAMS 0x000000070f800000| PB 0x000000070f800000| Complete 
| 109|0x000000070fa00000, 0x000000070fc00000, 0x000000070fc00000|100%| S|CS|TAMS 0x000000070fa00000| PB 0x000000070fa00000| Complete 
| 110|0x000000070fc00000, 0x000000070fe00000, 0x000000070fe00000|100%| S|CS|TAMS 0x000000070fc00000| PB 0x000000070fc00000| Complete 
| 111|0x000000070fe00000, 0x0000000710000000, 0x0000000710000000|100%| S|CS|TAMS 0x000000070fe00000| PB 0x000000070fe00000| Complete 
| 112|0x0000000710000000, 0x0000000710200000, 0x0000000710200000|100%| S|CS|TAMS 0x0000000710000000| PB 0x0000000710000000| Complete 
| 113|0x0000000710200000, 0x0000000710400000, 0x0000000710400000|100%| S|CS|TAMS 0x0000000710200000| PB 0x0000000710200000| Complete 
| 126|0x0000000711c00000, 0x0000000711e00000, 0x0000000711e00000|100%| E|CS|TAMS 0x0000000711c00000| PB 0x0000000711c00000| Complete 

Card table byte_map: [0x000002414e2a0000,0x000002414ea90000] _byte_map_base: 0x000002414aa90000

Marking Bits: (CMBitMap*) 0x000002413672a550
 Bits: [0x000002414f280000, 0x0000024153200000)

Polling page: 0x0000024135e90000

Metaspace:

Usage:
  Non-class:     21.80 MB used.
      Class:      3.31 MB used.
       Both:     25.10 MB used.

Virtual space:
  Non-class space:       64.00 MB reserved,      22.00 MB ( 34%) committed,  1 nodes.
      Class space:        1.00 GB reserved,       3.44 MB ( <1%) committed,  1 nodes.
             Both:        1.06 GB reserved,      25.44 MB (  2%) committed. 

Chunk freelists:
   Non-Class:  1.81 MB
       Class:  512.00 KB
        Both:  2.31 MB

MaxMetaspaceSize: unlimited
CompressedClassSpaceSize: 1.00 GB
Initial GC threshold: 21.00 MB
Current GC threshold: 35.31 MB
CDS: on
MetaspaceReclaimPolicy: balanced
 - commit_granule_bytes: 65536.
 - commit_granule_words: 8192.
 - virtual_space_node_default_size: 8388608.
 - enlarge_chunks_in_place: 1.
 - new_chunks_are_fully_committed: 0.
 - uncommit_free_chunks: 1.
 - use_allocation_guard: 0.


Internal statistics:

num_allocs_failed_limit: 3.
num_arena_births: 416.
num_arena_deaths: 0.
num_vsnodes_births: 2.
num_vsnodes_deaths: 0.
num_space_committed: 407.
num_space_uncommitted: 0.
num_chunks_returned_to_freelist: 3.
num_chunks_taken_from_freelist: 1177.
num_chunk_merges: 0.
num_chunk_splits: 788.
num_chunks_enlarged: 572.
num_inconsistent_stats: 0.

CodeHeap 'non-profiled nmethods': size=120000Kb used=1942Kb max_used=1942Kb free=118057Kb
 bounds [0x0000024146250000, 0x00000241464c0000, 0x000002414d780000]
CodeHeap 'profiled nmethods': size=120000Kb used=8101Kb max_used=8101Kb free=111898Kb
 bounds [0x000002413e780000, 0x000002413ef70000, 0x0000024145cb0000]
CodeHeap 'non-nmethods': size=5760Kb used=1963Kb max_used=2014Kb free=3796Kb
 bounds [0x0000024145cb0000, 0x0000024145f20000, 0x0000024146250000]
 total_blobs=5108 nmethods=4213 adapters=805
 compilation: enabled
              stopped_count=0, restarted_count=0
 full_count=0

Compilation events (20 events):
Event: 391.184 Thread 0x0000024155c2f430 4207   !   3       jdk.internal.loader.URLClassPath::checkURL (16 bytes)
Event: 391.184 Thread 0x0000024155c2f430 nmethod 4207 0x000002413ef63890 code [0x000002413ef63a20, 0x000002413ef63be0]
Event: 411.189 Thread 0x0000024155c2f430 4208   !   3       jdk.internal.loader.BuiltinClassLoader::findResource (154 bytes)
Event: 411.190 Thread 0x0000024155c2f430 nmethod 4208 0x000002413ef63c90 code [0x000002413ef64000, 0x000002413ef65480]
Event: 411.190 Thread 0x0000024155c2f430 4209       3       jdk.internal.loader.BuiltinClassLoader::findResourceOnClassPath (41 bytes)
Event: 411.191 Thread 0x0000024155c2f430 nmethod 4209 0x000002413ef65c90 code [0x000002413ef65e60, 0x000002413ef66260]
Event: 481.205 Thread 0x0000024155c2f430 4210   !   3       java.util.concurrent.locks.LockSupport::parkNanos (56 bytes)
Event: 481.205 Thread 0x0000024155c2f430 nmethod 4210 0x000002413ef66390 code [0x000002413ef66560, 0x000002413ef66990]
Event: 621.247 Thread 0x0000024155c2f430 4211       3       java.lang.ClassLoader::getResource (41 bytes)
Event: 621.247 Thread 0x0000024155c2f430 nmethod 4211 0x000002413ef66b90 code [0x000002413ef66d80, 0x000002413ef67378]
Event: 661.258 Thread 0x0000024155c2f430 4212       3       jdk.internal.misc.Unsafe::putIntOpaque (9 bytes)
Event: 661.258 Thread 0x0000024155c2f430 nmethod 4212 0x000002413ef67590 code [0x000002413ef67720, 0x000002413ef67838]
Event: 756.280 Thread 0x0000024155c2f430 4214       3       java.util.concurrent.locks.AbstractQueuedSynchronizer$Node::clearStatus (12 bytes)
Event: 756.280 Thread 0x0000024155c2f430 nmethod 4214 0x000002413ef67910 code [0x000002413ef67aa0, 0x000002413ef67c38]
Event: 756.280 Thread 0x0000024155c2f430 4215   !   3       java.util.concurrent.locks.AbstractQueuedSynchronizer::tryInitializeHead (66 bytes)
Event: 756.280 Thread 0x0000024155c2f430 nmethod 4215 0x000002413ef67d10 code [0x000002413ef67ee0, 0x000002413ef684e0]
Event: 786.294 Thread 0x0000024155c2f430 4216   !   3       java.util.concurrent.locks.AbstractQueuedSynchronizer$ConditionObject::newConditionNode (78 bytes)
Event: 786.295 Thread 0x0000024155c2f430 nmethod 4216 0x000002413ef68690 code [0x000002413ef688c0, 0x000002413ef690b8]
Event: 786.295 Thread 0x0000024155c2f430 4217       3       java.util.concurrent.locks.AbstractQueuedSynchronizer$ConditionNode::<init> (5 bytes)
Event: 786.295 Thread 0x0000024155c2f430 nmethod 4217 0x000002413ef69390 code [0x000002413ef69520, 0x000002413ef696e8]

GC Heap History (6 events):
Event: 0.734 GC heap before
{Heap before GC invocations=0 (full 0):
 garbage-first heap   total 260096K, used 20480K [0x0000000702000000, 0x0000000800000000)
  region size 2048K, 11 young (22528K), 0 survivors (0K)
 Metaspace       used 5124K, committed 5376K, reserved 1114112K
  class space    used 594K, committed 704K, reserved 1048576K
}
Event: 0.737 GC heap after
{Heap after GC invocations=1 (full 0):
 garbage-first heap   total 260096K, used 2967K [0x0000000702000000, 0x0000000800000000)
  region size 2048K, 2 young (4096K), 2 survivors (4096K)
 Metaspace       used 5124K, committed 5376K, reserved 1114112K
  class space    used 594K, committed 704K, reserved 1048576K
}
Event: 3.120 GC heap before
{Heap before GC invocations=1 (full 0):
 garbage-first heap   total 260096K, used 39831K [0x0000000702000000, 0x0000000800000000)
  region size 2048K, 20 young (40960K), 2 survivors (4096K)
 Metaspace       used 15201K, committed 15616K, reserved 1114112K
  class space    used 2081K, committed 2240K, reserved 1048576K
}
Event: 3.127 GC heap after
{Heap after GC invocations=2 (full 0):
 garbage-first heap   total 260096K, used 10161K [0x0000000702000000, 0x0000000800000000)
  region size 2048K, 3 young (6144K), 3 survivors (6144K)
 Metaspace       used 15201K, committed 15616K, reserved 1114112K
  class space    used 2081K, committed 2240K, reserved 1048576K
}
Event: 36.256 GC heap before
{Heap before GC invocations=2 (full 0):
 garbage-first heap   total 260096K, used 34737K [0x0000000702000000, 0x0000000800000000)
  region size 2048K, 16 young (32768K), 3 survivors (6144K)
 Metaspace       used 21220K, committed 21504K, reserved 1114112K
  class space    used 2873K, committed 3008K, reserved 1048576K
}
Event: 36.265 GC heap after
{Heap after GC invocations=3 (full 0):
 garbage-first heap   total 260096K, used 15177K [0x0000000702000000, 0x0000000800000000)
  region size 2048K, 6 young (12288K), 6 survivors (12288K)
 Metaspace       used 21220K, committed 21504K, reserved 1114112K
  class space    used 2873K, committed 3008K, reserved 1048576K
}

Dll operation events (20 events):
Event: 0.462 Loaded shared library C:\Users\shara\.openjfx\cache\17.0.2-ea\api-ms-win-crt-heap-l1-1-0.dll
Event: 0.465 Loaded shared library C:\Users\shara\.openjfx\cache\17.0.2-ea\api-ms-win-crt-locale-l1-1-0.dll
Event: 0.468 Loaded shared library C:\Users\shara\.openjfx\cache\17.0.2-ea\api-ms-win-crt-math-l1-1-0.dll
Event: 0.472 Loaded shared library C:\Users\shara\.openjfx\cache\17.0.2-ea\api-ms-win-crt-multibyte-l1-1-0.dll
Event: 0.477 Loaded shared library C:\Users\shara\.openjfx\cache\17.0.2-ea\api-ms-win-crt-private-l1-1-0.dll
Event: 0.481 Loaded shared library C:\Users\shara\.openjfx\cache\17.0.2-ea\api-ms-win-crt-process-l1-1-0.dll
Event: 0.485 Loaded shared library C:\Users\shara\.openjfx\cache\17.0.2-ea\api-ms-win-crt-runtime-l1-1-0.dll
Event: 0.503 Loaded shared library C:\Users\shara\.openjfx\cache\17.0.2-ea\api-ms-win-crt-stdio-l1-1-0.dll
Event: 0.509 Loaded shared library C:\Users\shara\.openjfx\cache\17.0.2-ea\api-ms-win-crt-string-l1-1-0.dll
Event: 0.513 Loaded shared library C:\Users\shara\.openjfx\cache\17.0.2-ea\api-ms-win-crt-time-l1-1-0.dll
Event: 0.516 Loaded shared library C:\Users\shara\.openjfx\cache\17.0.2-ea\api-ms-win-crt-utility-l1-1-0.dll
Event: 0.534 Loaded shared library C:\Users\shara\.openjfx\cache\17.0.2-ea\ucrtbase.dll
Event: 0.540 Loaded shared library C:\Users\shara\.openjfx\cache\17.0.2-ea\vcruntime140.dll
Event: 0.544 Loaded shared library C:\Users\shara\.openjfx\cache\17.0.2-ea\vcruntime140_1.dll
Event: 0.554 Loaded shared library C:\Users\shara\.openjfx\cache\17.0.2-ea\msvcp140.dll
Event: 0.596 Loaded shared library C:\Users\shara\.openjfx\cache\17.0.2-ea\prism_d3d.dll
Event: 0.630 Loaded shared library C:\Users\shara\.openjfx\cache\17.0.2-ea\glass.dll
Event: 0.727 Loaded shared library C:\Users\shara\.jdks\openjdk-20.0.1\bin\jimage.dll
Event: 0.873 Loaded shared library C:\Users\shara\.openjfx\cache\17.0.2-ea\javafx_font.dll
Event: 36.233 Loaded shared library C:\Users\shara\.jdks\openjdk-20.0.1\bin\sunmscapi.dll

Deoptimization events (20 events):
Event: 36.540 Thread 0x000002415a1f0a80 Uncommon trap: trap_request=0xffffff45 fr.pc=0x00000241462a3994 relative=0x0000000000000474
Event: 36.540 Thread 0x000002415a1f0a80 Uncommon trap: reason=unstable_if action=reinterpret pc=0x00000241462a3994 method=java.lang.AbstractStringBuilder.inflateIfNeededFor(Ljava/lang/String;)V @ 14 c2
Event: 36.540 Thread 0x000002415a1f0a80 DEOPT PACKING pc=0x00000241462a3994 sp=0x000000fb66df80a0
Event: 36.540 Thread 0x000002415a1f0a80 DEOPT UNPACKING pc=0x0000024145d19d22 sp=0x000000fb66df7f98 mode 2
Event: 36.540 Thread 0x000002415a1f0a80 Uncommon trap: trap_request=0xffffff45 fr.pc=0x00000241463fdd1c relative=0x00000000000003fc
Event: 36.540 Thread 0x000002415a1f0a80 Uncommon trap: reason=unstable_if action=reinterpret pc=0x00000241463fdd1c method=java.lang.AbstractStringBuilder.isLatin1()Z @ 10 c2
Event: 36.540 Thread 0x000002415a1f0a80 DEOPT PACKING pc=0x00000241463fdd1c sp=0x000000fb66df8090
Event: 36.540 Thread 0x000002415a1f0a80 DEOPT UNPACKING pc=0x0000024145d19d22 sp=0x000000fb66df7fe0 mode 2
Event: 36.546 Thread 0x000002415a1f0a80 Uncommon trap: trap_request=0xffffff45 fr.pc=0x00000241463d446c relative=0x000000000000006c
Event: 36.546 Thread 0x000002415a1f0a80 Uncommon trap: reason=unstable_if action=reinterpret pc=0x00000241463d446c method=java.lang.AbstractStringBuilder.isLatin1()Z @ 10 c2
Event: 36.546 Thread 0x000002415a1f0a80 DEOPT PACKING pc=0x00000241463d446c sp=0x000000fb66df8390
Event: 36.546 Thread 0x000002415a1f0a80 DEOPT UNPACKING pc=0x0000024145d19d22 sp=0x000000fb66df8320 mode 2
Event: 37.268 Thread 0x000002415a1f0a80 Uncommon trap: trap_request=0xffffff45 fr.pc=0x0000024146305108 relative=0x0000000000000ac8
Event: 37.268 Thread 0x000002415a1f0a80 Uncommon trap: reason=unstable_if action=reinterpret pc=0x0000024146305108 method=java.util.WeakHashMap.expungeStaleEntries()V @ 66 c2
Event: 37.268 Thread 0x000002415a1f0a80 DEOPT PACKING pc=0x0000024146305108 sp=0x000000fb66df6ce0
Event: 37.268 Thread 0x000002415a1f0a80 DEOPT UNPACKING pc=0x0000024145d19d22 sp=0x000000fb66df6c60 mode 2
Event: 38.010 Thread 0x000002415a1f0a80 Uncommon trap: trap_request=0xffffffc6 fr.pc=0x00000241463d2790 relative=0x0000000000000670
Event: 38.010 Thread 0x000002415a1f0a80 Uncommon trap: reason=bimorphic_or_optimized_type_check action=maybe_recompile pc=0x00000241463d2790 method=com.sun.javafx.event.EventHandlerManager.dispatchCapturingEvent(Ljavafx/event/Event;)Ljavafx/event/Event; @ 1 c2
Event: 38.010 Thread 0x000002415a1f0a80 DEOPT PACKING pc=0x00000241463d2790 sp=0x000000fb66df8b80
Event: 38.010 Thread 0x000002415a1f0a80 DEOPT UNPACKING pc=0x0000024145d19d22 sp=0x000000fb66df8b28 mode 2

Classes loaded (20 events):
Event: 36.530 Loading class java/util/TimerTask
Event: 36.530 Loading class java/util/TimerTask done
Event: 36.532 Loading class java/util/RegularEnumSet$EnumSetIterator
Event: 36.532 Loading class java/util/RegularEnumSet$EnumSetIterator done
Event: 36.543 Loading class java/lang/StringIndexOutOfBoundsException
Event: 36.543 Loading class java/lang/StringIndexOutOfBoundsException done
Event: 36.545 Loading class java/util/concurrent/atomic/AtomicReferenceFieldUpdater
Event: 36.546 Loading class java/util/concurrent/atomic/AtomicReferenceFieldUpdater done
Event: 36.546 Loading class java/util/concurrent/atomic/AtomicReferenceFieldUpdater$AtomicReferenceFieldUpdaterImpl
Event: 36.546 Loading class java/util/concurrent/atomic/AtomicReferenceFieldUpdater$AtomicReferenceFieldUpdaterImpl done
Event: 36.546 Loading class java/util/concurrent/atomic/AtomicReferenceFieldUpdater$AtomicReferenceFieldUpdaterImpl$1
Event: 36.546 Loading class java/util/concurrent/atomic/AtomicReferenceFieldUpdater$AtomicReferenceFieldUpdaterImpl$1 done
Event: 36.546 Loading class sun/reflect/misc/ReflectUtil
Event: 36.546 Loading class sun/reflect/misc/ReflectUtil done
Event: 36.546 Loading class java/lang/Throwable$WrappedPrintStream
Event: 36.546 Loading class java/lang/Throwable$PrintStreamOrWriter
Event: 36.546 Loading class java/lang/Throwable$PrintStreamOrWriter done
Event: 36.546 Loading class java/lang/Throwable$WrappedPrintStream done
Event: 935.311 Loading class jdk/internal/misc/Signal$1
Event: 935.311 Loading class jdk/internal/misc/Signal$1 done

Classes unloaded (0 events):
No events

Classes redefined (0 events):
No events

Internal exceptions (20 events):
Event: 3.099 Thread 0x000002415a1f0a80 Exception <a 'java/lang/ClassNotFoundException'{0x000000070f6da068}: com/sun/javafx/scene/control/skin/resources/controls_en> (0x000000070f6da068) 
thrown [s\open\src\hotspot\share\prims\jni.cpp, line 538]
Event: 3.099 Thread 0x000002415a1f0a80 Exception <a 'java/lang/ClassNotFoundException'{0x000000070f6db828}: com/sun/javafx/scene/control/skin/resources/controls_en_GB> (0x000000070f6db828) 
thrown [s\open\src\hotspot\share\prims\jni.cpp, line 538]
Event: 3.218 Thread 0x000002415a1f0a80 Exception <a 'java/lang/NoSuchMethodError'{0x00000007119386c0}: 'void java.lang.invoke.DirectMethodHandle$Holder.invokeSpecial(java.lang.Object, java.lang.Object, java.lang.Object, java.lang.Object, java.lang.Object, java.lang.Object)'> (0x00000007119386c0) 
thrown [s\open\src\hotspot\share\interpreter\linkResolver.cpp, line 773]
Event: 4.881 Thread 0x000002415b35e4e0 Exception <a 'java/lang/NoSuchMethodError'{0x00000007110357a8}: 'java.lang.Object java.lang.invoke.DirectMethodHandle$Holder.invokeStaticInit(java.lang.Object, int)'> (0x00000007110357a8) 
thrown [s\open\src\hotspot\share\interpreter\linkResolver.cpp, line 773]
Event: 25.595 Thread 0x000002415a1f0a80 Exception <a 'java/lang/NoSuchMethodError'{0x0000000710c25a38}: 'java.lang.Object java.lang.invoke.DirectMethodHandle$Holder.newInvokeSpecial(java.lang.Object, java.lang.Object, int, int, int, int, int, java.lang.Object)'> (0x0000000710c25a38) 
thrown [s\open\src\hotspot\share\interpreter\linkResolver.cpp, line 773]
Event: 25.597 Thread 0x000002415a1f0a80 Exception <a 'java/lang/NoSuchMethodError'{0x0000000710c38788}: 'java.lang.Object java.lang.invoke.DirectMethodHandle$Holder.newInvokeSpecial(java.lang.Object, java.lang.Object, java.lang.Object, int, int, int, int, int)'> (0x0000000710c38788) 
thrown [s\open\src\hotspot\share\interpreter\linkResolver.cpp, line 773]
Event: 25.597 Thread 0x000002415a1f0a80 Exception <a 'java/lang/NoSuchMethodError'{0x0000000710c40588}: 'java.lang.Object java.lang.invoke.Invokers$Holder.linkToTargetMethod(java.lang.Object, java.lang.Object, int, int, int, int, int, java.lang.Object)'> (0x0000000710c40588) 
thrown [s\open\src\hotspot\share\interpreter\linkResolver.cpp, line 773]
Event: 36.089 Thread 0x000002415a1f0a80 Exception <a 'sun/nio/fs/WindowsException'{0x0000000710d4c7e0}> (0x0000000710d4c7e0) 
thrown [s\open\src\hotspot\share\prims\jni.cpp, line 519]
Event: 36.106 Thread 0x000002415a1f0a80 Exception <a 'java/lang/NoSuchMethodError'{0x0000000710a23eb8}: 'java.lang.Object java.lang.invoke.DirectMethodHandle$Holder.invokeInterface(java.lang.Object, java.lang.Object)'> (0x0000000710a23eb8) 
thrown [s\open\src\hotspot\share\interpreter\linkResolver.cpp, line 773]
Event: 36.109 Thread 0x000002415a1f0a80 Exception <a 'sun/nio/fs/WindowsException'{0x0000000710a2e2e0}> (0x0000000710a2e2e0) 
thrown [s\open\src\hotspot\share\prims\jni.cpp, line 519]
Event: 36.109 Thread 0x000002415a1f0a80 Exception <a 'sun/nio/fs/WindowsException'{0x0000000710a31158}> (0x0000000710a31158) 
thrown [s\open\src\hotspot\share\prims\jni.cpp, line 519]
Event: 36.116 Thread 0x000002415a1f0a80 Exception <a 'sun/nio/fs/WindowsException'{0x0000000710a8c610}> (0x0000000710a8c610) 
thrown [s\open\src\hotspot\share\prims\jni.cpp, line 519]
Event: 36.117 Thread 0x000002415a1f0a80 Exception <a 'sun/nio/fs/WindowsException'{0x0000000710a8f480}> (0x0000000710a8f480) 
thrown [s\open\src\hotspot\share\prims\jni.cpp, line 519]
Event: 36.121 Thread 0x000002415a1f0a80 Exception <a 'java/lang/NoSuchMethodError'{0x0000000710aa5490}: 'java.lang.Object java.lang.invoke.DirectMethodHandle$Holder.invokeVirtual(java.lang.Object, java.lang.Object, java.lang.Object)'> (0x0000000710aa5490) 
thrown [s\open\src\hotspot\share\interpreter\linkResolver.cpp, line 773]
Event: 36.168 Thread 0x000002415a1f0a80 Exception <a 'sun/nio/fs/WindowsException'{0x000000071099dec8}> (0x000000071099dec8) 
thrown [s\open\src\hotspot\share\prims\jni.cpp, line 519]
Event: 36.220 Thread 0x000002415a1f0a80 Exception <a 'sun/nio/fs/WindowsException'{0x00000007107e3b68}> (0x00000007107e3b68) 
thrown [s\open\src\hotspot\share\prims\jni.cpp, line 519]
Event: 36.255 Thread 0x000002415a1f0a80 Exception <a 'sun/nio/fs/WindowsException'{0x00000007104f9b98}> (0x00000007104f9b98) 
thrown [s\open\src\hotspot\share\prims\jni.cpp, line 519]
Event: 36.268 Thread 0x000002415a1f0a80 Exception <a 'sun/nio/fs/WindowsException'{0x0000000711c0ac18}> (0x0000000711c0ac18) 
thrown [s\open\src\hotspot\share\prims\jni.cpp, line 519]
Event: 36.292 Thread 0x000002415a1f0a80 Exception <a 'java/lang/NoSuchMethodError'{0x0000000711ca6b10}: 'java.lang.Object java.lang.invoke.DirectMethodHandle$Holder.invokeStaticInit(java.lang.Object, int, int, int, int)'> (0x0000000711ca6b10) 
thrown [s\open\src\hotspot\share\interpreter\linkResolver.cpp, line 773]
Event: 36.342 Thread 0x000002415a1f0a80 Exception <a 'java/lang/NoSuchMethodError'{0x0000000704c425c8}: 'java.lang.Object java.lang.invoke.DirectMethodHandle$Holder.invokeStaticInit(java.lang.Object, java.lang.Object, int, int, int, int)'> (0x0000000704c425c8) 
thrown [s\open\src\hotspot\share\interpreter\linkResolver.cpp, line 773]

VM Operations (20 events):
Event: 36.269 Executing VM operation: HandshakeAllThreads done
Event: 36.271 Executing VM operation: G1PauseRemark
Event: 36.273 Executing VM operation: G1PauseRemark done
Event: 36.273 Executing VM operation: G1PauseCleanup
Event: 36.274 Executing VM operation: G1PauseCleanup done
Event: 36.280 Executing VM operation: HandshakeAllThreads
Event: 36.280 Executing VM operation: HandshakeAllThreads done
Event: 36.480 Executing VM operation: HandshakeAllThreads
Event: 36.480 Executing VM operation: HandshakeAllThreads done
Event: 37.480 Executing VM operation: Cleanup
Event: 37.480 Executing VM operation: Cleanup done
Event: 38.480 Executing VM operation: Cleanup
Event: 38.480 Executing VM operation: Cleanup done
Event: 39.480 Executing VM operation: Cleanup
Event: 39.480 Executing VM operation: Cleanup done
Event: 46.483 Executing VM operation: Cleanup
Event: 46.483 Executing VM operation: Cleanup done
Event: 626.733 Executing VM operation: Cleanup
Event: 626.733 Executing VM operation: Cleanup done
Event: 935.314 Executing VM operation: Exit

Events (20 events):
Event: 3.206 Thread 0x0000024161682870 Thread added: 0x0000024161682870
Event: 4.161 Thread 0x0000024161682870 Thread exited: 0x0000024161682870
Event: 4.193 Thread 0x000002416163c810 Thread exited: 0x000002416163c810
Event: 4.815 Thread 0x00000241618988d0 Thread added: 0x00000241618988d0
Event: 4.821 Thread 0x000002415b7db3f0 Thread added: 0x000002415b7db3f0
Event: 5.001 Thread 0x000002415b7db3f0 Thread exited: 0x000002415b7db3f0
Event: 5.194 Thread 0x00000241618988d0 Thread exited: 0x00000241618988d0
Event: 7.867 Thread 0x0000024161f07a30 Thread added: 0x0000024161f07a30
Event: 8.515 Thread 0x0000024161f07a30 Thread exited: 0x0000024161f07a30
Event: 36.087 Thread 0x000002415b900540 Thread added: 0x000002415b900540
Event: 36.114 Thread 0x0000024161983830 Thread added: 0x0000024161983830
Event: 36.398 Thread 0x0000024161577860 Thread added: 0x0000024161577860
Event: 37.269 Thread 0x0000024161577860 Thread exited: 0x0000024161577860
Event: 37.269 Thread 0x0000024161983830 Thread exited: 0x0000024161983830
Event: 935.312 Thread 0x000002415b902a70 Thread added: 0x000002415b902a70
Event: 935.312 Thread 0x000002415b903510 Thread added: 0x000002415b903510
Event: 935.312 Thread 0x000002415b903a60 Thread added: 0x000002415b903a60
Event: 935.312 Thread 0x000002415b903510 Thread exited: 0x000002415b903510
Event: 935.313 Thread 0x000002415b903a60 Thread exited: 0x000002415b903a60
Event: 935.314 Thread 0x0000024155c25dc0 Thread exited: 0x0000024155c25dc0


Dynamic libraries:
0x00007ff7309f0000 - 0x00007ff7309fe000 	C:\Users\shara\.jdks\openjdk-20.0.1\bin\java.exe
0x00007ffc1a370000 - 0x00007ffc1a568000 	C:\WINDOWS\SYSTEM32\ntdll.dll
0x00007ffc19110000 - 0x00007ffc191cf000 	C:\WINDOWS\System32\KERNEL32.DLL
0x00007ffc17e60000 - 0x00007ffc1813a000 	C:\WINDOWS\System32\KERNELBASE.dll
0x00007ffc182a0000 - 0x00007ffc183a0000 	C:\WINDOWS\System32\ucrtbase.dll
0x00007ffbe5740000 - 0x00007ffbe5757000 	C:\Users\shara\.jdks\openjdk-20.0.1\bin\jli.dll
0x00007ffc192f0000 - 0x00007ffc1948d000 	C:\WINDOWS\System32\USER32.dll
0x00007ffc183a0000 - 0x00007ffc183c2000 	C:\WINDOWS\System32\win32u.dll
0x00007ffc19070000 - 0x00007ffc1909b000 	C:\WINDOWS\System32\GDI32.dll
0x00007ffc17bd0000 - 0x00007ffc17ce0000 	C:\WINDOWS\System32\gdi32full.dll
0x00007ffc17a80000 - 0x00007ffc17b1d000 	C:\WINDOWS\System32\msvcp_win.dll
0x00007ffbe5720000 - 0x00007ffbe573b000 	C:\Users\shara\.jdks\openjdk-20.0.1\bin\VCRUNTIME140.dll
0x00007ffbf0da0000 - 0x00007ffbf103a000 	C:\WINDOWS\WinSxS\amd64_microsoft.windows.common-controls_6595b64144ccf1df_6.0.19041.1110_none_60b5254171f9507e\COMCTL32.dll
0x00007ffc19850000 - 0x00007ffc198ee000 	C:\WINDOWS\System32\msvcrt.dll
0x00007ffc18f00000 - 0x00007ffc18f30000 	C:\WINDOWS\System32\IMM32.DLL
0x00007ffbf1040000 - 0x00007ffbf104c000 	C:\Users\shara\.jdks\openjdk-20.0.1\bin\vcruntime140_1.dll
0x00007ffbd85c0000 - 0x00007ffbd864e000 	C:\Users\shara\.jdks\openjdk-20.0.1\bin\msvcp140.dll
0x00007ffb69e80000 - 0x00007ffb6ab17000 	C:\Users\shara\.jdks\openjdk-20.0.1\bin\server\jvm.dll
0x00007ffc183d0000 - 0x00007ffc1847e000 	C:\WINDOWS\System32\ADVAPI32.dll
0x00007ffc1a290000 - 0x00007ffc1a32c000 	C:\WINDOWS\System32\sechost.dll
0x00007ffc19a10000 - 0x00007ffc19b36000 	C:\WINDOWS\System32\RPCRT4.dll
0x00007ffc0f4b0000 - 0x00007ffc0f4b9000 	C:\WINDOWS\SYSTEM32\WSOCK32.dll
0x00007ffc190a0000 - 0x00007ffc1910b000 	C:\WINDOWS\System32\WS2_32.dll
0x00007ffbfa700000 - 0x00007ffbfa727000 	C:\WINDOWS\SYSTEM32\WINMM.dll
0x00007ffc0fce0000 - 0x00007ffc0fcea000 	C:\WINDOWS\SYSTEM32\VERSION.dll
0x00007ffc162d0000 - 0x00007ffc162e2000 	C:\WINDOWS\SYSTEM32\kernel.appcore.dll
0x00007ffbf0cc0000 - 0x00007ffbf0cca000 	C:\Users\shara\.jdks\openjdk-20.0.1\bin\jimage.dll
0x00007ffc15840000 - 0x00007ffc15a24000 	C:\WINDOWS\SYSTEM32\DBGHELP.DLL
0x00007ffc06b00000 - 0x00007ffc06b34000 	C:\WINDOWS\SYSTEM32\dbgcore.DLL
0x00007ffc17dd0000 - 0x00007ffc17e52000 	C:\WINDOWS\System32\bcryptPrimitives.dll
0x00007ffc10b30000 - 0x00007ffc10b3e000 	C:\Users\shara\.jdks\openjdk-20.0.1\bin\instrument.dll
0x00007ffbe5620000 - 0x00007ffbe5646000 	C:\Users\shara\.jdks\openjdk-20.0.1\bin\java.dll
0x00007ffba1240000 - 0x00007ffba1317000 	C:\Users\shara\.jdks\openjdk-20.0.1\bin\jsvml.dll
0x00007ffc19b40000 - 0x00007ffc1a284000 	C:\WINDOWS\System32\SHELL32.dll
0x00007ffc15b20000 - 0x00007ffc162b3000 	C:\WINDOWS\SYSTEM32\windows.storage.dll
0x00007ffc19490000 - 0x00007ffc197e4000 	C:\WINDOWS\System32\combase.dll
0x00007ffc17470000 - 0x00007ffc1749e000 	C:\WINDOWS\SYSTEM32\Wldp.dll
0x00007ffc19230000 - 0x00007ffc192dd000 	C:\WINDOWS\System32\SHCORE.dll
0x00007ffc18710000 - 0x00007ffc18765000 	C:\WINDOWS\System32\shlwapi.dll
0x00007ffc179c0000 - 0x00007ffc179df000 	C:\WINDOWS\SYSTEM32\profapi.dll
0x00007ffbe5700000 - 0x00007ffbe5713000 	C:\Users\shara\.jdks\openjdk-20.0.1\bin\net.dll
0x00007ffc0da80000 - 0x00007ffc0db8a000 	C:\WINDOWS\SYSTEM32\WINHTTP.dll
0x00007ffc171d0000 - 0x00007ffc1723a000 	C:\WINDOWS\system32\mswsock.dll
0x00007ffbe5600000 - 0x00007ffbe5616000 	C:\Users\shara\.jdks\openjdk-20.0.1\bin\nio.dll
0x00007ffbe5260000 - 0x00007ffbe5278000 	C:\Users\shara\.jdks\openjdk-20.0.1\bin\zip.dll
0x00007ffc08820000 - 0x00007ffc0883a000 	C:\Program Files\JetBrains\IntelliJ IDEA 2022.3.3\bin\breakgen64.dll
0x0000024155db0000 - 0x0000024155db3000 	C:\Users\shara\.openjfx\cache\17.0.2-ea\api-ms-win-core-console-l1-1-0.dll
0x0000024155dc0000 - 0x0000024155dc3000 	C:\Users\shara\.openjfx\cache\17.0.2-ea\api-ms-win-core-console-l1-2-0.dll
0x0000024155dd0000 - 0x0000024155dd3000 	C:\Users\shara\.openjfx\cache\17.0.2-ea\api-ms-win-core-datetime-l1-1-0.dll
0x0000024155de0000 - 0x0000024155de3000 	C:\Users\shara\.openjfx\cache\17.0.2-ea\api-ms-win-core-debug-l1-1-0.dll
0x0000024155df0000 - 0x0000024155df3000 	C:\Users\shara\.openjfx\cache\17.0.2-ea\api-ms-win-core-errorhandling-l1-1-0.dll
0x0000024155e00000 - 0x0000024155e04000 	C:\Users\shara\.openjfx\cache\17.0.2-ea\api-ms-win-core-file-l1-1-0.dll
0x0000024155e10000 - 0x0000024155e13000 	C:\Users\shara\.openjfx\cache\17.0.2-ea\api-ms-win-core-file-l1-2-0.dll
0x0000024155e20000 - 0x0000024155e23000 	C:\Users\shara\.openjfx\cache\17.0.2-ea\api-ms-win-core-file-l2-1-0.dll
0x0000024155e30000 - 0x0000024155e33000 	C:\Users\shara\.openjfx\cache\17.0.2-ea\api-ms-win-core-handle-l1-1-0.dll
0x0000024155e40000 - 0x0000024155e43000 	C:\Users\shara\.openjfx\cache\17.0.2-ea\api-ms-win-core-heap-l1-1-0.dll
0x0000024155e50000 - 0x0000024155e53000 	C:\Users\shara\.openjfx\cache\17.0.2-ea\api-ms-win-core-interlocked-l1-1-0.dll
0x0000024155e60000 - 0x0000024155e63000 	C:\Users\shara\.openjfx\cache\17.0.2-ea\api-ms-win-core-libraryloader-l1-1-0.dll
0x0000024155e70000 - 0x0000024155e73000 	C:\Users\shara\.openjfx\cache\17.0.2-ea\api-ms-win-core-localization-l1-2-0.dll
0x0000024155e80000 - 0x0000024155e83000 	C:\Users\shara\.openjfx\cache\17.0.2-ea\api-ms-win-core-memory-l1-1-0.dll
0x0000024155e90000 - 0x0000024155e93000 	C:\Users\shara\.openjfx\cache\17.0.2-ea\api-ms-win-core-namedpipe-l1-1-0.dll
0x0000024155ea0000 - 0x0000024155ea3000 	C:\Users\shara\.openjfx\cache\17.0.2-ea\api-ms-win-core-processenvironment-l1-1-0.dll
0x0000024155eb0000 - 0x0000024155eb3000 	C:\Users\shara\.openjfx\cache\17.0.2-ea\api-ms-win-core-processthreads-l1-1-0.dll
0x0000024155ec0000 - 0x0000024155ec3000 	C:\Users\shara\.openjfx\cache\17.0.2-ea\api-ms-win-core-processthreads-l1-1-1.dll
0x0000024155ed0000 - 0x0000024155ed3000 	C:\Users\shara\.openjfx\cache\17.0.2-ea\api-ms-win-core-profile-l1-1-0.dll
0x0000024155ee0000 - 0x0000024155ee3000 	C:\Users\shara\.openjfx\cache\17.0.2-ea\api-ms-win-core-rtlsupport-l1-1-0.dll
0x0000024155ef0000 - 0x0000024155ef3000 	C:\Users\shara\.openjfx\cache\17.0.2-ea\api-ms-win-core-string-l1-1-0.dll
0x0000024155f00000 - 0x0000024155f03000 	C:\Users\shara\.openjfx\cache\17.0.2-ea\api-ms-win-core-synch-l1-1-0.dll
0x0000024155f10000 - 0x0000024155f13000 	C:\Users\shara\.openjfx\cache\17.0.2-ea\api-ms-win-core-synch-l1-2-0.dll
0x0000024155f20000 - 0x0000024155f23000 	C:\Users\shara\.openjfx\cache\17.0.2-ea\api-ms-win-core-sysinfo-l1-1-0.dll
0x0000024155f30000 - 0x0000024155f33000 	C:\Users\shara\.openjfx\cache\17.0.2-ea\api-ms-win-core-timezone-l1-1-0.dll
0x0000024155f40000 - 0x0000024155f43000 	C:\Users\shara\.openjfx\cache\17.0.2-ea\api-ms-win-core-util-l1-1-0.dll
0x0000024155f50000 - 0x0000024155f53000 	C:\Users\shara\.openjfx\cache\17.0.2-ea\api-ms-win-crt-conio-l1-1-0.dll
0x0000024155f60000 - 0x0000024155f64000 	C:\Users\shara\.openjfx\cache\17.0.2-ea\api-ms-win-crt-convert-l1-1-0.dll
0x0000024155f70000 - 0x0000024155f73000 	C:\Users\shara\.openjfx\cache\17.0.2-ea\api-ms-win-crt-environment-l1-1-0.dll
0x0000024155f80000 - 0x0000024155f83000 	C:\Users\shara\.openjfx\cache\17.0.2-ea\api-ms-win-crt-filesystem-l1-1-0.dll
0x0000024155f90000 - 0x0000024155f93000 	C:\Users\shara\.openjfx\cache\17.0.2-ea\api-ms-win-crt-heap-l1-1-0.dll
0x0000024155fa0000 - 0x0000024155fa3000 	C:\Users\shara\.openjfx\cache\17.0.2-ea\api-ms-win-crt-locale-l1-1-0.dll
0x0000024155fb0000 - 0x0000024155fb5000 	C:\Users\shara\.openjfx\cache\17.0.2-ea\api-ms-win-crt-math-l1-1-0.dll
0x0000024155fc0000 - 0x0000024155fc5000 	C:\Users\shara\.openjfx\cache\17.0.2-ea\api-ms-win-crt-multibyte-l1-1-0.dll
0x0000024155fd0000 - 0x0000024155fe0000 	C:\Users\shara\.openjfx\cache\17.0.2-ea\api-ms-win-crt-private-l1-1-0.dll
0x0000024155fe0000 - 0x0000024155fe3000 	C:\Users\shara\.openjfx\cache\17.0.2-ea\api-ms-win-crt-process-l1-1-0.dll
0x0000024155ff0000 - 0x0000024155ff4000 	C:\Users\shara\.openjfx\cache\17.0.2-ea\api-ms-win-crt-runtime-l1-1-0.dll
0x000002415be30000 - 0x000002415be34000 	C:\Users\shara\.openjfx\cache\17.0.2-ea\api-ms-win-crt-stdio-l1-1-0.dll
0x000002415be40000 - 0x000002415be44000 	C:\Users\shara\.openjfx\cache\17.0.2-ea\api-ms-win-crt-string-l1-1-0.dll
0x000002415bd00000 - 0x000002415bd03000 	C:\Users\shara\.openjfx\cache\17.0.2-ea\api-ms-win-crt-time-l1-1-0.dll
0x000002415bd10000 - 0x000002415bd13000 	C:\Users\shara\.openjfx\cache\17.0.2-ea\api-ms-win-crt-utility-l1-1-0.dll
0x00007ffbe5410000 - 0x00007ffbe550c000 	C:\Users\shara\.openjfx\cache\17.0.2-ea\ucrtbase.dll
0x00007ffbf98d0000 - 0x00007ffbf98ea000 	C:\Users\shara\.openjfx\cache\17.0.2-ea\vcruntime140.dll
0x00007ffc061c0000 - 0x00007ffc061cc000 	C:\Users\shara\.openjfx\cache\17.0.2-ea\vcruntime140_1.dll
0x00007ffbe8400000 - 0x00007ffbe848d000 	C:\Users\shara\.openjfx\cache\17.0.2-ea\msvcp140.dll
0x00007ffbf6970000 - 0x00007ffbf699a000 	C:\Users\shara\.openjfx\cache\17.0.2-ea\prism_d3d.dll
0x00007ffbef950000 - 0x00007ffbefb1d000 	C:\WINDOWS\system32\d3d9.dll
0x00007ffc15390000 - 0x00007ffc153bf000 	C:\WINDOWS\SYSTEM32\dwmapi.dll
0x00007ffc150d0000 - 0x00007ffc1516e000 	C:\WINDOWS\system32\uxtheme.dll
0x00007ffbd44c0000 - 0x00007ffbd4668000 	C:\WINDOWS\System32\DriverStore\FileRepository\iigd_dch.inf_amd64_393549dac595e659\igdumdim64.dll
0x00007ffc18f30000 - 0x00007ffc1905a000 	C:\WINDOWS\System32\ole32.dll
0x00007ffb77930000 - 0x00007ffb7b54f000 	C:\WINDOWS\System32\DriverStore\FileRepository\iigd_dch.inf_amd64_393549dac595e659\igd9dxva64.dll
0x00007ffc18480000 - 0x00007ffc1854d000 	C:\WINDOWS\System32\OLEAUT32.dll
0x00007ffc18a90000 - 0x00007ffc18ef8000 	C:\WINDOWS\System32\SETUPAPI.dll
0x00007ffc17ce0000 - 0x00007ffc17d2e000 	C:\WINDOWS\System32\cfgmgr32.dll
0x00007ffc17d30000 - 0x00007ffc17d57000 	C:\WINDOWS\System32\bcrypt.dll
0x00007ffc02c80000 - 0x00007ffc03048000 	C:\WINDOWS\System32\DriverStore\FileRepository\iigd_dch.inf_amd64_393549dac595e659\igdgmm64.dll
0x00007ffbf0560000 - 0x00007ffbf05a2000 	C:\Users\shara\.openjfx\cache\17.0.2-ea\glass.dll
0x00007ffc18930000 - 0x00007ffc18a0a000 	C:\WINDOWS\System32\COMDLG32.dll
0x00007ffc198f0000 - 0x00007ffc19a04000 	C:\WINDOWS\System32\MSCTF.dll
0x00007ffbaae30000 - 0x00007ffbaae57000 	C:\WINDOWS\System32\DriverStore\FileRepository\iigd_dch.inf_amd64_393549dac595e659\igdinfo64.dll
0x00007ffbff690000 - 0x00007ffc02c76000 	C:\WINDOWS\System32\DriverStore\FileRepository\iigd_dch.inf_amd64_393549dac595e659\igc64.dll
0x00007ffc040a0000 - 0x00007ffc040db000 	C:\WINDOWS\SYSTEM32\dxcore.dll
0x00007ffbf95b0000 - 0x00007ffbf95c4000 	C:\Users\shara\.openjfx\cache\17.0.2-ea\javafx_font.dll
0x00007ffbf7620000 - 0x00007ffbf789f000 	C:\WINDOWS\SYSTEM32\dwrite.dll
0x00007ffc18800000 - 0x00007ffc188a9000 	C:\WINDOWS\System32\clbcatq.dll
0x00007ffc05ab0000 - 0x00007ffc05c64000 	C:\WINDOWS\SYSTEM32\WindowsCodecs.dll
0x00007ffbe57f0000 - 0x00007ffbe582e000 	C:\WINDOWS\system32\dataexchange.dll
0x00007ffc13710000 - 0x00007ffc13973000 	C:\WINDOWS\system32\d3d11.dll
0x00007ffc14340000 - 0x00007ffc14523000 	C:\WINDOWS\system32\dcomp.dll
0x00007ffc16340000 - 0x00007ffc16433000 	C:\WINDOWS\system32\dxgi.dll
0x00007ffc0f6c0000 - 0x00007ffc0f8c0000 	C:\WINDOWS\system32\twinapi.appcore.dll
0x00007ffbefde0000 - 0x00007ffbefe14000 	C:\Program Files\Common Files\Microsoft Shared\Ink\rtscom.dll
0x00007ffbfc6c0000 - 0x00007ffbfc7b9000 	C:\WINDOWS\SYSTEM32\textinputframework.dll
0x00007ffc14960000 - 0x00007ffc14cbe000 	C:\WINDOWS\System32\CoreUIComponents.dll
0x00007ffc14d00000 - 0x00007ffc14df2000 	C:\WINDOWS\System32\CoreMessaging.dll
0x00007ffc16c30000 - 0x00007ffc16c63000 	C:\WINDOWS\SYSTEM32\ntmarta.dll
0x00007ffc140a0000 - 0x00007ffc141f4000 	C:\WINDOWS\SYSTEM32\wintypes.dll
0x00007ffc13a80000 - 0x00007ffc14040000 	C:\WINDOWS\SYSTEM32\d2d1.dll
0x00007ffc04a00000 - 0x00007ffc050f6000 	C:\WINDOWS\SYSTEM32\D3D10Warp.dll
0x00007ffc16f10000 - 0x00007ffc16fdb000 	C:\WINDOWS\SYSTEM32\DNSAPI.dll
0x00007ffc16ec0000 - 0x00007ffc16efc000 	C:\WINDOWS\SYSTEM32\IPHLPAPI.DLL

dbghelp: loaded successfully - version: 4.0.5 - missing functions: none
symbol engine: initialized successfully - sym options: 0x614 - pdb path: .;C:\Users\shara\.jdks\openjdk-20.0.1\bin;C:\WINDOWS\SYSTEM32;C:\WINDOWS\WinSxS\amd64_microsoft.windows.common-controls_6595b64144ccf1df_6.0.19041.1110_none_60b5254171f9507e;C:\Users\shara\.jdks\openjdk-20.0.1\bin\server;C:\Program Files\JetBrains\IntelliJ IDEA 2022.3.3\bin;C:\Users\shara\.openjfx\cache\17.0.2-ea;C:\WINDOWS\System32\DriverStore\FileRepository\iigd_dch.inf_amd64_393549dac595e659;C:\Program Files\Common Files\Microsoft Shared\Ink

VM Arguments:
jvm_args: -javaagent:C:\Program Files\JetBrains\IntelliJ IDEA 2022.3.3\lib\idea_rt.jar=65465:C:\Program Files\JetBrains\IntelliJ IDEA 2022.3.3\bin -Dfile.encoding=UTF-8 -Dsun.stdout.encoding=UTF-8 -Dsun.stderr.encoding=UTF-8 --module-path=C:\Users\shara\.m2\repository\org\openjfx\javafx-graphics\17.0.2\javafx-graphics-17.0.2-win.jar;C:\Users\shara\.m2\repository\org\openjfx\javafx-base\17.0.2\javafx-base-17.0.2-win.jar;C:\Users\shara\.m2\repository\org\openjfx\javafx-controls\17.0.2\javafx-controls-17.0.2-win.jar;C:\Users\shara\.m2\repository\org\openjfx\javafx-fxml\17.0.2\javafx-fxml-17.0.2-win.jar;C:\Users\shara\IdeaProjects\Demo\target\classes -Djdk.module.main=sample.demo 
java_command: sample.demo/sample.demo.HelloApplication
java_class_path (initial): C:\Users\shara\.m2\repository\org\openjfx\javafx-controls\17.0.2\javafx-controls-17.0.2.jar;C:\Users\shara\.m2\repository\org\openjfx\javafx-graphics\17.0.2\javafx-graphics-17.0.2.jar;C:\Users\shara\.m2\repository\org\openjfx\javafx-base\17.0.2\javafx-base-17.0.2.jar;C:\Users\shara\.m2\repository\org\openjfx\javafx-fxml\17.0.2\javafx-fxml-17.0.2.jar;C:\Users\shara\.m2\repository\com\mysql\mysql-connector-j\8.0.33\mysql-connector-j-8.0.33.jar;C:\Users\shara\.m2\repository\com\google\protobuf\protobuf-java\3.21.9\protobuf-java-3.21.9.jar
Launcher Type: SUN_STANDARD

[Global flags]
     intx CICompilerCount                          = 4                                         {product} {ergonomic}
     uint ConcGCThreads                            = 2                                         {product} {ergonomic}
     uint G1ConcRefinementThreads                  = 8                                         {product} {ergonomic}
   size_t G1HeapRegionSize                         = 2097152                                   {product} {ergonomic}
    uintx GCDrainStackTargetSize                   = 64                                        {product} {ergonomic}
   size_t InitialHeapSize                          = 266338304                                 {product} {ergonomic}
   size_t MarkStackSize                            = 4194304                                   {product} {ergonomic}
   size_t MaxHeapSize                              = 4261412864                                {product} {ergonomic}
   size_t MaxNewSize                               = 2556428288                                {product} {ergonomic}
   size_t MinHeapDeltaBytes                        = 2097152                                   {product} {ergonomic}
   size_t MinHeapSize                              = 8388608                                   {product} {ergonomic}
    uintx NonNMethodCodeHeapSize                   = 5839372                                {pd product} {ergonomic}
    uintx NonProfiledCodeHeapSize                  = 122909434                              {pd product} {ergonomic}
    uintx ProfiledCodeHeapSize                     = 122909434                              {pd product} {ergonomic}
    uintx ReservedCodeCacheSize                    = 251658240                              {pd product} {ergonomic}
     bool SegmentedCodeCache                       = true                                      {product} {ergonomic}
   size_t SoftMaxHeapSize                          = 4261412864                             {manageable} {ergonomic}
     bool UseCompressedClassPointers               = true                           {product lp64_product} {ergonomic}
     bool UseCompressedOops                        = true                           {product lp64_product} {ergonomic}
     bool UseG1GC                                  = true                                      {product} {ergonomic}
     bool UseLargePagesIndividualAllocation        = false                                  {pd product} {ergonomic}

Logging:
Log output configuration:
 #0: stdout all=off uptime,level,tags foldmultilines=false
 #1: stderr all=off uptime,level,tags foldmultilines=false

Environment Variables:
PATH=C:\Users\shara\Downloads\CUserssharaDownloadsWINDOWS.X64_193000_db_home\bin;C:\Program Files\Java\jdk-11.0.2\bin;C:\WINDOWS\system32;C:\WINDOWS;C:\WINDOWS\System32\Wbem;C:\WINDOWS\System32\WindowsPowerShell\v1.0\;C:\WINDOWS\System32\OpenSSH\;C:\Program Files\Git\cmd;C:\Program Files\Git\mingw64\bin;C:\Program Files\Git\usr\bin;C:\wamp64\bin\php\php7.3.12;C:\Program Files\dotnet\;C:\Program Files\MySQL\MySQL Shell 8.0\bin\;C:\Users\shara\AppData\Local\Microsoft\WindowsApps;;C:\Program Files\JetBrains\IntelliJ IDEA Community Edition 2020.2.3\bin;;C:\Users\shara\.dotnet\tools;C:\Program Files\JetBrains\IntelliJ IDEA 2022.3.3\bin;
USERNAME=shara
OS=Windows_NT
PROCESSOR_IDENTIFIER=Intel64 Family 6 Model 142 Stepping 12, GenuineIntel
TMP=C:\Users\shara\AppData\Local\Temp
TEMP=C:\Users\shara\AppData\Local\Temp




---------------  S Y S T E M  ---------------

OS:
 Windows 10 , 64 bit Build 19041 (10.0.19041.2788)
OS uptime: 52 days 21:21 hours

CPU: total 8 (initial active 8) (4 cores per cpu, 2 threads per core) family 6 model 142 stepping 12 microcode 0xc6, cx8, cmov, fxsr, ht, mmx, 3dnowpref, sse, sse2, sse3, ssse3, sse4.1, sse4.2, popcnt, lzcnt, tsc, tscinvbit, avx, avx2, aes, erms, clmul, bmi1, bmi2, adx, fma, vzeroupper, clflush, clflushopt, rdtscp, f16c

Memory: 4k page, system-wide physical 16254M (4377M free)
TotalPageFile size 31337M (AvailPageFile size 3933M)
current process WorkingSet (physical memory assigned to process): 152M, peak: 220M
current process commit charge ("private bytes"): 244M, peak: 463M

vm_info: OpenJDK 64-Bit Server VM (20.0.1+9-29) for windows-amd64 JRE (20.0.1+9-29), built on 2023-03-07T13:56:11Z by "mach5one" with MS VC++ 17.1 (VS2022)

END.
