#
# A fatal error has been detected by the Java Runtime Environment:
#
#  EXCEPTION_ACCESS_VIOLATION (0xc0000005) at pc=0x00007ffbe8416ab7, pid=17084, tid=11212
#
# JRE version: OpenJDK Runtime Environment (20.0.1+9) (build 20.0.1+9-29)
# Java VM: OpenJDK 64-Bit Server VM (20.0.1+9-29, mixed mode, sharing, tiered, compressed oops, compressed class ptrs, g1 gc, windows-amd64)
# Problematic frame:
# C  [glass.dll+0x26ab7]
#
# No core dump will be written. Minidumps are not enabled by default on client versions of Windows
#
# If you would like to submit a bug report, please visit:
#   https://bugreport.java.com/bugreport/crash.jsp
#

---------------  S U M M A R Y ------------

Command Line: -javaagent:C:\Program Files\JetBrains\IntelliJ IDEA 2022.3.3\lib\idea_rt.jar=53183:C:\Program Files\JetBrains\IntelliJ IDEA 2022.3.3\bin -Dfile.encoding=UTF-8 -Dsun.stdout.encoding=UTF-8 -Dsun.stderr.encoding=UTF-8 --module-path=C:\Users\shara\.m2\repository\org\openjfx\javafx-base\17.0.2\javafx-base-17.0.2-win.jar;C:\Users\shara\.m2\repository\org\openjfx\javafx-controls\17.0.2\javafx-controls-17.0.2-win.jar;C:\Users\shara\.m2\repository\org\openjfx\javafx-graphics\17.0.2\javafx-graphics-17.0.2-win.jar;C:\Users\shara\.m2\repository\org\openjfx\javafx-fxml\17.0.2\javafx-fxml-17.0.2-win.jar;C:\Users\shara\IdeaProjects\Demo\target\classes -Djdk.module.main=sample.demo sample.demo/sample.demo.HelloApplication

Host: Intel(R) Core(TM) i7-8565U CPU @ 1.80GHz, 8 cores, 15G,  Windows 10 , 64 bit Build 19041 (10.0.19041.2788)
Time: Mon Jun  5 19:44:11 2023 Russia TZ 2 Standard Time elapsed time: 16.258078 seconds (0d 0h 0m 16s)

---------------  T H R E A D  ---------------

Current thread (0x000001e9a6ca3de0):  VMThread "VM Thread" [stack: 0x000000a26fa00000,0x000000a26fb00000] [id=11212]

Stack: [0x000000a26fa00000,0x000000a26fb00000],  sp=0x000000a26faff150,  free space=1020k
Native frames: (J=compiled Java code, j=interpreted, Vv=VM code, C=native code)
C  [glass.dll+0x26ab7]


siginfo: EXCEPTION_ACCESS_VIOLATION (0xc0000005), reading address 0x0000000000000000


Registers:
RAX=0x0000000000000000, RBX=0x000001e9a6cacfa8, RCX=0x000001e9a6ca3de0, RDX=0x000000a26faff150
RSP=0x000000a26faff150, RBP=0x000001e9abf96418, RSI=0x000001e9abf963f0, RDI=0x000084e01131c033
R8 =0x0000000000010002, R9 =0x000084e01131c033, R10=0x0000000000008000, R11=0x000000a26faff0e0
R12=0x00007ffbe8414384, R13=0x00007ffba21dea90, R14=0x000000a26faff248, R15=0x000001e9abf963f0
RIP=0x00007ffbe8416ab7, EFLAGS=0x0000000000010206


Register to memory mapping:

RIP=0x00007ffbe8416ab7 glass.dll
RAX=0x0 is NULL
RBX=0x000001e9a6cacfa8 is a global jni handle
RCX=0x000001e9a6ca3de0 points into unknown readable memory: 0x00007ffba2007080 | 80 70 00 a2 fb 7f 00 00
RDX=0x000000a26faff150 points into unknown readable memory: 0x0000000000000000 | 00 00 00 00 00 00 00 00
RSP=0x000000a26faff150 points into unknown readable memory: 0x0000000000000000 | 00 00 00 00 00 00 00 00
RBP=0x000001e9abf96418 points into unknown readable memory: 0x000084e01131c033 | 33 c0 31 11 e0 84 00 00
RSI=0x000001e9abf963f0 points into unknown readable memory: 0xf4e084e3eeee823a | 3a 82 ee ee e3 84 e0 f4
RDI=0x000084e01131c033 is an unknown value
R8 =0x0000000000010002 is an unknown value
R9 =0x000084e01131c033 is an unknown value
R10=0x0000000000008000 is an unknown value
R11=0x000000a26faff0e0 points into unknown readable memory: 0x000001e9abf963f0 | f0 63 f9 ab e9 01 00 00
R12=0x00007ffbe8414384 glass.dll
R13=0x00007ffba21dea90 jvm.dll
R14=0x000000a26faff248 points into unknown readable memory: 0x000000a26faff230 | 30 f2 af 6f a2 00 00 00
R15=0x000001e9abf963f0 points into unknown readable memory: 0xf4e084e3eeee823a | 3a 82 ee ee e3 84 e0 f4


Top of Stack: (sp=0x000000a26faff150)
0x000000a26faff150:   0000000000000000 000001e9abf963f0
0x000000a26faff160:   00007ffba21dea90 00007ffbe8414384
0x000000a26faff170:   000001e9abf963f8 00007ffc182b42d6
0x000000a26faff180:   000084e01131c033 000001e900000000
0x000000a26faff190:   000001e9abf96418 000001e9abf963f0
0x000000a26faff1a0:   fffffffffffffffe 0000000000000000
0x000000a26faff1b0:   0000000000000001 00007ffbe83f0000
0x000000a26faff1c0:   000000a26faff238 00007ffc182b41fb
0x000000a26faff1d0:   0000000000000000 000000a26faff248
0x000000a26faff1e0:   000000a26faff510 00007ffc18390e40
0x000000a26faff1f0:   0000000000000001 00007ffc182b41b4
0x000000a26faff200:   0000000000000000 0000000000000001
0x000000a26faff210:   00007ffb00000001 000000a26faff238
0x000000a26faff220:   0000000000000000 00007ffbe8414211
0x000000a26faff230:   00007ffbe842a138 00007ffc00000002
0x000000a26faff240:   0000000000000002 000000a26faff230
0x000000a26faff250:   0000000000000000 00007ffc1a389993
0x000000a26faff260:   0000000000000000 00007ffbe8414336
0x000000a26faff270:   0000000000000001 0000000000000000
0x000000a26faff280:   0000000000000000 0000000000000001
0x000000a26faff290:   0000000000000000 0000000000000000
0x000000a26faff2a0:   0000000000000001 00000e616aa09917
0x000000a26faff2b0:   00007ffbe83f0000 000000007ffe0384
0x000000a26faff2c0:   0000000000000000 00007ffc1a389a1d
0x000000a26faff2d0:   00007ffbe83f0000 0000000000000000
0x000000a26faff2e0:   0000000000000001 000000007ffe0385
0x000000a26faff2f0:   0000000002360fb8 000000a26faff510
0x000000a26faff300:   00000e6100000000 0000000000000014
0x000000a26faff310:   0000000000000000 00007ffbe8414384
0x000000a26faff320:   00000000000003d8 000001e9abc10e20
0x000000a26faff330:   000001e9a6c96700 00007ffc1a3cdcec
0x000000a26faff340:   000001e9abc10cd0 00007ffbe83f0000 

Instructions: (pc=0x00007ffbe8416ab7)
0x00007ffbe84169b7:   8b 4d 58 e8 01 cf ff ff 48 8b 4d 60 e8 f8 ce ff
0x00007ffbe84169c7:   ff 48 8b 95 80 00 00 00 48 8b 8d 18 01 00 00 e8
0x00007ffbe84169d7:   c6 c3 ff ff 33 d2 33 c9 e8 3c e1 ff ff 90 48 89
0x00007ffbe84169e7:   54 24 10 55 48 83 ec 20 48 8b ea 48 b8 00 00 00
0x00007ffbe84169f7:   00 00 00 00 00 48 83 c4 20 5d c3 cc 40 55 48 8b
0x00007ffbe8416a07:   ea 48 8b 01 33 c9 81 38 05 00 00 c0 0f 94 c1 8b
0x00007ffbe8416a17:   c1 5d c3 cc 40 55 48 83 ec 20 48 8b ea 8a 4d 40
0x00007ffbe8416a27:   48 83 c4 20 5d e9 f7 d2 ff ff cc 40 55 48 83 ec
0x00007ffbe8416a37:   20 48 8b ea 8a 4d 20 e8 e5 d2 ff ff 90 48 83 c4
0x00007ffbe8416a47:   20 5d c3 cc 40 55 48 83 ec 20 48 8b ea 48 83 c4
0x00007ffbe8416a57:   20 5d e9 46 d1 ff ff cc 40 55 48 83 ec 30 48 8b
0x00007ffbe8416a67:   ea 48 8b 01 8b 10 48 89 4c 24 28 89 54 24 20 4c
0x00007ffbe8416a77:   8d 0d e7 d5 ff ff 4c 8b 45 70 8b 55 68 48 8b 4d
0x00007ffbe8416a87:   60 e8 87 d0 ff ff 90 48 83 c4 30 5d c3 cc cc cc
0x00007ffbe8416a97:   cc cc cc cc cc cc cc cc cc 40 53 48 83 ec 20 48
0x00007ffbe8416aa7:   8b 1d 83 30 01 00 48 85 db 74 16 e8 09 8b ff ff
0x00007ffbe8416ab7:   4c 8b 00 48 8b d3 48 8b c8 41 ff 90 b0 00 00 00
0x00007ffbe8416ac7:   90 48 83 c4 20 5b c3 cc cc 40 53 48 83 ec 20 48
0x00007ffbe8416ad7:   8b 1d fb 31 01 00 48 85 db 74 57 b8 ff ff ff ff
0x00007ffbe8416ae7:   f0 0f c1 43 10 83 f8 01 75 3d 48 85 db 74 38 48
0x00007ffbe8416af7:   8b 0b 48 85 c9 74 0d ff 15 a4 07 00 00 48 c7 03
0x00007ffbe8416b07:   00 00 00 00 48 8b 4b 08 48 85 c9 74 0d e8 a7 cd
0x00007ffbe8416b17:   ff ff 48 c7 43 08 00 00 00 00 ba 18 00 00 00 48
0x00007ffbe8416b27:   8b cb e8 92 cd ff ff 48 c7 05 9f 31 01 00 00 00
0x00007ffbe8416b37:   00 00 48 83 c4 20 5b c3 cc 40 53 48 83 ec 20 48
0x00007ffbe8416b47:   8b 1d 6b 31 01 00 48 85 db 74 57 b8 ff ff ff ff
0x00007ffbe8416b57:   f0 0f c1 43 10 83 f8 01 75 3d 48 85 db 74 38 48
0x00007ffbe8416b67:   8b 0b 48 85 c9 74 0d ff 15 34 07 00 00 48 c7 03
0x00007ffbe8416b77:   00 00 00 00 48 8b 4b 08 48 85 c9 74 0d e8 37 cd
0x00007ffbe8416b87:   ff ff 48 c7 43 08 00 00 00 00 ba 18 00 00 00 48
0x00007ffbe8416b97:   8b cb e8 22 cd ff ff 48 c7 05 0f 31 01 00 00 00
0x00007ffbe8416ba7:   00 00 48 83 c4 20 5b c3 cc 40 53 48 83 ec 20 48 


Stack slot to memory mapping:
stack at sp + 0 slots: 0x0 is NULL
stack at sp + 1 slots: 0x000001e9abf963f0 points into unknown readable memory: 0xf4e084e3eeee823a | 3a 82 ee ee e3 84 e0 f4
stack at sp + 2 slots: 0x00007ffba21dea90 jvm.dll
stack at sp + 3 slots: 0x00007ffbe8414384 glass.dll
stack at sp + 4 slots: 0x000001e9abf963f8 points into unknown readable memory: 0x000084e01131c033 | 33 c0 31 11 e0 84 00 00
stack at sp + 5 slots: 0x00007ffc182b42d6 ucrtbase.dll
stack at sp + 6 slots: 0x000084e01131c033 is an unknown value
stack at sp + 7 slots: 0x000001e900000000 is an unknown value

VM_Operation (0x000000a271eff100): Exit, mode: safepoint, requested by thread 0x000001e9ac56f620


---------------  P R O C E S S  ---------------

Threads class SMR info:
_java_thread_list=0x000001e9ac50c450, length=19, elements={
0x000001e98774b350, 0x000001e9a6cc0570, 0x000001e9a6cc10b0, 0x000001e9a6cc49e0,
0x000001e9a6cc5bc0, 0x000001e9a6ccacd0, 0x000001e9a6cd7bc0, 0x000001e9a6cd8ce0,
0x000001e9ab0c16b0, 0x000001e9abdf4aa0, 0x000001e9abcbbf10, 0x000001e9ac3ac6c0,
0x000001e9ac01fb00, 0x000001e9ac0ed320, 0x000001e9ac38dd60, 0x000001e9ac3a2be0,
0x000001e9ac56e0e0, 0x000001e9ac56f0d0, 0x000001e9ac56f620
}

Java Threads: ( => current thread )
  0x000001e98774b350 JavaThread "main" [_thread_blocked, id=12372, stack(0x000000a26f400000,0x000000a26f500000)]
  0x000001e9a6cc0570 JavaThread "Reference Handler" daemon [_thread_blocked, id=29072, stack(0x000000a26fb00000,0x000000a26fc00000)]
  0x000001e9a6cc10b0 JavaThread "Finalizer" daemon [_thread_blocked, id=32500, stack(0x000000a26fc00000,0x000000a26fd00000)]
  0x000001e9a6cc49e0 JavaThread "Attach Listener" daemon [_thread_blocked, id=12080, stack(0x000000a26fe00000,0x000000a26ff00000)]
  0x000001e9a6cc5bc0 JavaThread "Service Thread" daemon [_thread_blocked, id=28308, stack(0x000000a26ff00000,0x000000a270000000)]
  0x000001e9a6ccacd0 JavaThread "Monitor Deflation Thread" daemon [_thread_blocked, id=24152, stack(0x000000a270000000,0x000000a270100000)]
  0x000001e9a6cd7bc0 JavaThread "C2 CompilerThread0" daemon [_thread_blocked, id=10736, stack(0x000000a270100000,0x000000a270200000)]
  0x000001e9a6cd8ce0 JavaThread "C1 CompilerThread0" daemon [_thread_blocked, id=28056, stack(0x000000a270200000,0x000000a270300000)]
  0x000001e9ab0c16b0 JavaThread "Common-Cleaner" daemon [_thread_blocked, id=25364, stack(0x000000a270300000,0x000000a270400000)]
  0x000001e9abdf4aa0 JavaThread "Monitor Ctrl-Break" daemon [_thread_in_native, id=26228, stack(0x000000a270600000,0x000000a270700000)]
  0x000001e9abcbbf10 JavaThread "Notification Thread" daemon [_thread_blocked, id=20532, stack(0x000000a270700000,0x000000a270800000)]
  0x000001e9ac3ac6c0 JavaThread "QuantumRenderer-0" daemon [_thread_blocked, id=11132, stack(0x000000a270900000,0x000000a270a00000)]
  0x000001e9ac01fb00 JavaThread "InvokeLaterDispatcher" daemon [_thread_blocked, id=32276, stack(0x000000a270a00000,0x000000a270b00000)]
  0x000001e9ac0ed320 JavaThread "JavaFX Application Thread" [_thread_in_native, id=23568, stack(0x000000a270b00000,0x000000a270c00000)]
  0x000001e9ac38dd60 JavaThread "Thread-1" daemon [_thread_in_native, id=17728, stack(0x000000a270f00000,0x000000a271000000)]
  0x000001e9ac3a2be0 JavaThread "JavaFX-Launcher" [_thread_blocked, id=11768, stack(0x000000a271000000,0x000000a271100000)]
  0x000001e9ac56e0e0 JavaThread "Prism Font Disposer" daemon [_thread_blocked, id=12228, stack(0x000000a271900000,0x000000a271a00000)]
  0x000001e9ac56f0d0 JavaThread "Cleaner-0" daemon [_thread_blocked, id=30972, stack(0x000000a271a00000,0x000000a271b00000)]
  0x000001e9ac56f620 JavaThread "SIGINT handler" daemon [_thread_blocked, id=27224, stack(0x000000a271e00000,0x000000a271f00000)]

Other Threads:
=>0x000001e9a6ca3de0 VMThread "VM Thread" [stack: 0x000000a26fa00000,0x000000a26fb00000] [id=11212]
  0x000001e9877b9700 WorkerThread "GC Thread#0" [stack: 0x000000a26f500000,0x000000a26f600000] [id=26348]
  0x000001e9ac73c6e0 WorkerThread "GC Thread#1" [stack: 0x000000a271100000,0x000000a271200000] [id=25636]
  0x000001e9abdc6ed0 WorkerThread "GC Thread#2" [stack: 0x000000a271200000,0x000000a271300000] [id=26632]
  0x000001e9abfd8e90 WorkerThread "GC Thread#3" [stack: 0x000000a271300000,0x000000a271400000] [id=19916]
  0x000001e9ac610f30 WorkerThread "GC Thread#4" [stack: 0x000000a271400000,0x000000a271500000] [id=7696]
  0x000001e9ac360100 WorkerThread "GC Thread#5" [stack: 0x000000a271500000,0x000000a271600000] [id=32428]
  0x000001e9ac35f890 WorkerThread "GC Thread#6" [stack: 0x000000a270400000,0x000000a270500000] [id=10496]
  0x000001e9ac360970 WorkerThread "GC Thread#7" [stack: 0x000000a271d00000,0x000000a271e00000] [id=32624]
  0x000001e9877ca5b0 ConcurrentGCThread "G1 Main Marker" terminated
  0x000001e9877cc790 WorkerThread "G1 Conc#0" [stack: 0x000000a26f700000,0x000000a26f800000] [id=30556]
  0x000001e9a6b61540 ConcurrentGCThread "G1 Refine#0" terminated
  0x000001e9a6b62da0 ConcurrentGCThread "G1 Service" terminated

Threads with active compile tasks:

VM state: at safepoint (shutting down)

VM Mutex/Monitor currently owned by a thread:  ([mutex/lock_event])
[0x000001e9877463d0] Threads_lock - owner thread: 0x000001e9a6ca3de0
[0x000001e9877488f0] Heap_lock - owner thread: 0x000001e9ac56f620

Heap address: 0x0000000702000000, size: 4064 MB, Compressed Oops mode: Zero based, Oop shift amount: 3

CDS archive(s) mapped at: [0x0000000800000000-0x0000000800c60000-0x0000000800c60000), size 12976128, SharedBaseAddress: 0x0000000800000000, ArchiveRelocationMode: 0.
Compressed class space mapped at: 0x0000000801000000-0x0000000841000000, reserved size: 1073741824
Narrow klass base: 0x0000000800000000, Narrow klass shift: 0, Narrow klass range: 0x100000000

GC Precious Log:
 CardTable entry size: 512
 Card Set container configuration: InlinePtr #cards 4 size 8 Array Of Cards #cards 16 size 48 Howl #buckets 8 coarsen threshold 3686 Howl Bitmap #cards 512 size 80 coarsen threshold 460 Card regions per heap region 1 cards per card region 4096
 CPUs: 8 total, 8 available
 Memory: 16254M
 Large Page Support: Disabled
 NUMA Support: Disabled
 Compressed Oops: Enabled (Zero based)
 Heap Region Size: 2M
 Heap Min Capacity: 8M
 Heap Initial Capacity: 254M
 Heap Max Capacity: 4064M
 Pre-touch: Disabled
 Parallel Workers: 8
 Concurrent Workers: 2
 Concurrent Refinement Workers: 8
 Periodic GC: Disabled

Heap:
 garbage-first heap   total 260096K, used 24482K [0x0000000702000000, 0x0000000800000000)
  region size 2048K, 10 young (20480K), 3 survivors (6144K)
 Metaspace       used 17579K, committed 17984K, reserved 1114112K
  class space    used 2514K, committed 2688K, reserved 1048576K

Heap Regions: E=young(eden), S=young(survivor), O=old, HS=humongous(starts), HC=humongous(continues), CS=collection set, F=free, OA=open archive, CA=closed archive, TAMS=top-at-mark-start, PB=parsable bottom
|   0|0x0000000702000000, 0x0000000702200000, 0x0000000702200000|100%|HS|  |TAMS 0x0000000702000000| PB 0x0000000702000000| Complete 
|   1|0x0000000702200000, 0x00000007023e8800, 0x0000000702400000| 95%| O|  |TAMS 0x0000000702200000| PB 0x0000000702200000| Untracked 
|   2|0x0000000702400000, 0x0000000702600000, 0x0000000702600000|100%|HS|  |TAMS 0x0000000702400000| PB 0x0000000702400000| Complete 
|   3|0x0000000702600000, 0x0000000702600000, 0x0000000702800000|  0%| F|  |TAMS 0x0000000702600000| PB 0x0000000702600000| Untracked 
|   4|0x0000000702800000, 0x0000000702800000, 0x0000000702a00000|  0%| F|  |TAMS 0x0000000702800000| PB 0x0000000702800000| Untracked 
|   5|0x0000000702a00000, 0x0000000702a00000, 0x0000000702c00000|  0%| F|  |TAMS 0x0000000702a00000| PB 0x0000000702a00000| Untracked 
|   6|0x0000000702c00000, 0x0000000702c00000, 0x0000000702e00000|  0%| F|  |TAMS 0x0000000702c00000| PB 0x0000000702c00000| Untracked 
|   7|0x0000000702e00000, 0x0000000702e00000, 0x0000000703000000|  0%| F|  |TAMS 0x0000000702e00000| PB 0x0000000702e00000| Untracked 
|   8|0x0000000703000000, 0x0000000703000000, 0x0000000703200000|  0%| F|  |TAMS 0x0000000703000000| PB 0x0000000703000000| Untracked 
|   9|0x0000000703200000, 0x0000000703200000, 0x0000000703400000|  0%| F|  |TAMS 0x0000000703200000| PB 0x0000000703200000| Untracked 
|  10|0x0000000703400000, 0x0000000703400000, 0x0000000703600000|  0%| F|  |TAMS 0x0000000703400000| PB 0x0000000703400000| Untracked 
|  11|0x0000000703600000, 0x0000000703600000, 0x0000000703800000|  0%| F|  |TAMS 0x0000000703600000| PB 0x0000000703600000| Untracked 
|  12|0x0000000703800000, 0x0000000703800000, 0x0000000703a00000|  0%| F|  |TAMS 0x0000000703800000| PB 0x0000000703800000| Untracked 
|  13|0x0000000703a00000, 0x0000000703a00000, 0x0000000703c00000|  0%| F|  |TAMS 0x0000000703a00000| PB 0x0000000703a00000| Untracked 
|  14|0x0000000703c00000, 0x0000000703c00000, 0x0000000703e00000|  0%| F|  |TAMS 0x0000000703c00000| PB 0x0000000703c00000| Untracked 
|  15|0x0000000703e00000, 0x0000000703e00000, 0x0000000704000000|  0%| F|  |TAMS 0x0000000703e00000| PB 0x0000000703e00000| Untracked 
|  16|0x0000000704000000, 0x0000000704000000, 0x0000000704200000|  0%| F|  |TAMS 0x0000000704000000| PB 0x0000000704000000| Untracked 
|  17|0x0000000704200000, 0x0000000704200000, 0x0000000704400000|  0%| F|  |TAMS 0x0000000704200000| PB 0x0000000704200000| Untracked 
|  18|0x0000000704400000, 0x0000000704400000, 0x0000000704600000|  0%| F|  |TAMS 0x0000000704400000| PB 0x0000000704400000| Untracked 
|  19|0x0000000704600000, 0x0000000704600000, 0x0000000704800000|  0%| F|  |TAMS 0x0000000704600000| PB 0x0000000704600000| Untracked 
|  20|0x0000000704800000, 0x0000000704800000, 0x0000000704a00000|  0%| F|  |TAMS 0x0000000704800000| PB 0x0000000704800000| Untracked 
|  21|0x0000000704a00000, 0x0000000704a00000, 0x0000000704c00000|  0%| F|  |TAMS 0x0000000704a00000| PB 0x0000000704a00000| Untracked 
|  22|0x0000000704c00000, 0x0000000704c00000, 0x0000000704e00000|  0%| F|  |TAMS 0x0000000704c00000| PB 0x0000000704c00000| Untracked 
|  23|0x0000000704e00000, 0x0000000704e00000, 0x0000000705000000|  0%| F|  |TAMS 0x0000000704e00000| PB 0x0000000704e00000| Untracked 
|  24|0x0000000705000000, 0x0000000705000000, 0x0000000705200000|  0%| F|  |TAMS 0x0000000705000000| PB 0x0000000705000000| Untracked 
|  25|0x0000000705200000, 0x0000000705200000, 0x0000000705400000|  0%| F|  |TAMS 0x0000000705200000| PB 0x0000000705200000| Untracked 
|  26|0x0000000705400000, 0x0000000705400000, 0x0000000705600000|  0%| F|  |TAMS 0x0000000705400000| PB 0x0000000705400000| Untracked 
|  27|0x0000000705600000, 0x0000000705600000, 0x0000000705800000|  0%| F|  |TAMS 0x0000000705600000| PB 0x0000000705600000| Untracked 
|  28|0x0000000705800000, 0x0000000705800000, 0x0000000705a00000|  0%| F|  |TAMS 0x0000000705800000| PB 0x0000000705800000| Untracked 
|  29|0x0000000705a00000, 0x0000000705a00000, 0x0000000705c00000|  0%| F|  |TAMS 0x0000000705a00000| PB 0x0000000705a00000| Untracked 
|  30|0x0000000705c00000, 0x0000000705c00000, 0x0000000705e00000|  0%| F|  |TAMS 0x0000000705c00000| PB 0x0000000705c00000| Untracked 
|  31|0x0000000705e00000, 0x0000000705e00000, 0x0000000706000000|  0%| F|  |TAMS 0x0000000705e00000| PB 0x0000000705e00000| Untracked 
|  32|0x0000000706000000, 0x0000000706000000, 0x0000000706200000|  0%| F|  |TAMS 0x0000000706000000| PB 0x0000000706000000| Untracked 
|  33|0x0000000706200000, 0x0000000706200000, 0x0000000706400000|  0%| F|  |TAMS 0x0000000706200000| PB 0x0000000706200000| Untracked 
|  34|0x0000000706400000, 0x0000000706400000, 0x0000000706600000|  0%| F|  |TAMS 0x0000000706400000| PB 0x0000000706400000| Untracked 
|  35|0x0000000706600000, 0x0000000706600000, 0x0000000706800000|  0%| F|  |TAMS 0x0000000706600000| PB 0x0000000706600000| Untracked 
|  36|0x0000000706800000, 0x0000000706800000, 0x0000000706a00000|  0%| F|  |TAMS 0x0000000706800000| PB 0x0000000706800000| Untracked 
|  37|0x0000000706a00000, 0x0000000706a00000, 0x0000000706c00000|  0%| F|  |TAMS 0x0000000706a00000| PB 0x0000000706a00000| Untracked 
|  38|0x0000000706c00000, 0x0000000706c00000, 0x0000000706e00000|  0%| F|  |TAMS 0x0000000706c00000| PB 0x0000000706c00000| Untracked 
|  39|0x0000000706e00000, 0x0000000706e00000, 0x0000000707000000|  0%| F|  |TAMS 0x0000000706e00000| PB 0x0000000706e00000| Untracked 
|  40|0x0000000707000000, 0x0000000707000000, 0x0000000707200000|  0%| F|  |TAMS 0x0000000707000000| PB 0x0000000707000000| Untracked 
|  41|0x0000000707200000, 0x0000000707200000, 0x0000000707400000|  0%| F|  |TAMS 0x0000000707200000| PB 0x0000000707200000| Untracked 
|  42|0x0000000707400000, 0x0000000707400000, 0x0000000707600000|  0%| F|  |TAMS 0x0000000707400000| PB 0x0000000707400000| Untracked 
|  43|0x0000000707600000, 0x0000000707600000, 0x0000000707800000|  0%| F|  |TAMS 0x0000000707600000| PB 0x0000000707600000| Untracked 
|  44|0x0000000707800000, 0x0000000707800000, 0x0000000707a00000|  0%| F|  |TAMS 0x0000000707800000| PB 0x0000000707800000| Untracked 
|  45|0x0000000707a00000, 0x0000000707a00000, 0x0000000707c00000|  0%| F|  |TAMS 0x0000000707a00000| PB 0x0000000707a00000| Untracked 
|  46|0x0000000707c00000, 0x0000000707c00000, 0x0000000707e00000|  0%| F|  |TAMS 0x0000000707c00000| PB 0x0000000707c00000| Untracked 
|  47|0x0000000707e00000, 0x0000000707e00000, 0x0000000708000000|  0%| F|  |TAMS 0x0000000707e00000| PB 0x0000000707e00000| Untracked 
|  48|0x0000000708000000, 0x0000000708000000, 0x0000000708200000|  0%| F|  |TAMS 0x0000000708000000| PB 0x0000000708000000| Untracked 
|  49|0x0000000708200000, 0x0000000708200000, 0x0000000708400000|  0%| F|  |TAMS 0x0000000708200000| PB 0x0000000708200000| Untracked 
|  50|0x0000000708400000, 0x0000000708400000, 0x0000000708600000|  0%| F|  |TAMS 0x0000000708400000| PB 0x0000000708400000| Untracked 
|  51|0x0000000708600000, 0x0000000708600000, 0x0000000708800000|  0%| F|  |TAMS 0x0000000708600000| PB 0x0000000708600000| Untracked 
|  52|0x0000000708800000, 0x0000000708800000, 0x0000000708a00000|  0%| F|  |TAMS 0x0000000708800000| PB 0x0000000708800000| Untracked 
|  53|0x0000000708a00000, 0x0000000708a00000, 0x0000000708c00000|  0%| F|  |TAMS 0x0000000708a00000| PB 0x0000000708a00000| Untracked 
|  54|0x0000000708c00000, 0x0000000708c00000, 0x0000000708e00000|  0%| F|  |TAMS 0x0000000708c00000| PB 0x0000000708c00000| Untracked 
|  55|0x0000000708e00000, 0x0000000708e00000, 0x0000000709000000|  0%| F|  |TAMS 0x0000000708e00000| PB 0x0000000708e00000| Untracked 
|  56|0x0000000709000000, 0x0000000709000000, 0x0000000709200000|  0%| F|  |TAMS 0x0000000709000000| PB 0x0000000709000000| Untracked 
|  57|0x0000000709200000, 0x0000000709200000, 0x0000000709400000|  0%| F|  |TAMS 0x0000000709200000| PB 0x0000000709200000| Untracked 
|  58|0x0000000709400000, 0x0000000709400000, 0x0000000709600000|  0%| F|  |TAMS 0x0000000709400000| PB 0x0000000709400000| Untracked 
|  59|0x0000000709600000, 0x0000000709600000, 0x0000000709800000|  0%| F|  |TAMS 0x0000000709600000| PB 0x0000000709600000| Untracked 
|  60|0x0000000709800000, 0x0000000709800000, 0x0000000709a00000|  0%| F|  |TAMS 0x0000000709800000| PB 0x0000000709800000| Untracked 
|  61|0x0000000709a00000, 0x0000000709a00000, 0x0000000709c00000|  0%| F|  |TAMS 0x0000000709a00000| PB 0x0000000709a00000| Untracked 
|  62|0x0000000709c00000, 0x0000000709c00000, 0x0000000709e00000|  0%| F|  |TAMS 0x0000000709c00000| PB 0x0000000709c00000| Untracked 
|  63|0x0000000709e00000, 0x0000000709e00000, 0x000000070a000000|  0%| F|  |TAMS 0x0000000709e00000| PB 0x0000000709e00000| Untracked 
|  64|0x000000070a000000, 0x000000070a000000, 0x000000070a200000|  0%| F|  |TAMS 0x000000070a000000| PB 0x000000070a000000| Untracked 
|  65|0x000000070a200000, 0x000000070a200000, 0x000000070a400000|  0%| F|  |TAMS 0x000000070a200000| PB 0x000000070a200000| Untracked 
|  66|0x000000070a400000, 0x000000070a400000, 0x000000070a600000|  0%| F|  |TAMS 0x000000070a400000| PB 0x000000070a400000| Untracked 
|  67|0x000000070a600000, 0x000000070a600000, 0x000000070a800000|  0%| F|  |TAMS 0x000000070a600000| PB 0x000000070a600000| Untracked 
|  68|0x000000070a800000, 0x000000070a800000, 0x000000070aa00000|  0%| F|  |TAMS 0x000000070a800000| PB 0x000000070a800000| Untracked 
|  69|0x000000070aa00000, 0x000000070aa00000, 0x000000070ac00000|  0%| F|  |TAMS 0x000000070aa00000| PB 0x000000070aa00000| Untracked 
|  70|0x000000070ac00000, 0x000000070ac00000, 0x000000070ae00000|  0%| F|  |TAMS 0x000000070ac00000| PB 0x000000070ac00000| Untracked 
|  71|0x000000070ae00000, 0x000000070ae00000, 0x000000070b000000|  0%| F|  |TAMS 0x000000070ae00000| PB 0x000000070ae00000| Untracked 
|  72|0x000000070b000000, 0x000000070b000000, 0x000000070b200000|  0%| F|  |TAMS 0x000000070b000000| PB 0x000000070b000000| Untracked 
|  73|0x000000070b200000, 0x000000070b200000, 0x000000070b400000|  0%| F|  |TAMS 0x000000070b200000| PB 0x000000070b200000| Untracked 
|  74|0x000000070b400000, 0x000000070b400000, 0x000000070b600000|  0%| F|  |TAMS 0x000000070b400000| PB 0x000000070b400000| Untracked 
|  75|0x000000070b600000, 0x000000070b600000, 0x000000070b800000|  0%| F|  |TAMS 0x000000070b600000| PB 0x000000070b600000| Untracked 
|  76|0x000000070b800000, 0x000000070b800000, 0x000000070ba00000|  0%| F|  |TAMS 0x000000070b800000| PB 0x000000070b800000| Untracked 
|  77|0x000000070ba00000, 0x000000070ba00000, 0x000000070bc00000|  0%| F|  |TAMS 0x000000070ba00000| PB 0x000000070ba00000| Untracked 
|  78|0x000000070bc00000, 0x000000070bc00000, 0x000000070be00000|  0%| F|  |TAMS 0x000000070bc00000| PB 0x000000070bc00000| Untracked 
|  79|0x000000070be00000, 0x000000070be00000, 0x000000070c000000|  0%| F|  |TAMS 0x000000070be00000| PB 0x000000070be00000| Untracked 
|  80|0x000000070c000000, 0x000000070c000000, 0x000000070c200000|  0%| F|  |TAMS 0x000000070c000000| PB 0x000000070c000000| Untracked 
|  81|0x000000070c200000, 0x000000070c200000, 0x000000070c400000|  0%| F|  |TAMS 0x000000070c200000| PB 0x000000070c200000| Untracked 
|  82|0x000000070c400000, 0x000000070c400000, 0x000000070c600000|  0%| F|  |TAMS 0x000000070c400000| PB 0x000000070c400000| Untracked 
|  83|0x000000070c600000, 0x000000070c600000, 0x000000070c800000|  0%| F|  |TAMS 0x000000070c600000| PB 0x000000070c600000| Untracked 
|  84|0x000000070c800000, 0x000000070c800000, 0x000000070ca00000|  0%| F|  |TAMS 0x000000070c800000| PB 0x000000070c800000| Untracked 
|  85|0x000000070ca00000, 0x000000070ca00000, 0x000000070cc00000|  0%| F|  |TAMS 0x000000070ca00000| PB 0x000000070ca00000| Untracked 
|  86|0x000000070cc00000, 0x000000070cc00000, 0x000000070ce00000|  0%| F|  |TAMS 0x000000070cc00000| PB 0x000000070cc00000| Untracked 
|  87|0x000000070ce00000, 0x000000070ce00000, 0x000000070d000000|  0%| F|  |TAMS 0x000000070ce00000| PB 0x000000070ce00000| Untracked 
|  88|0x000000070d000000, 0x000000070d000000, 0x000000070d200000|  0%| F|  |TAMS 0x000000070d000000| PB 0x000000070d000000| Untracked 
|  89|0x000000070d200000, 0x000000070d200000, 0x000000070d400000|  0%| F|  |TAMS 0x000000070d200000| PB 0x000000070d200000| Untracked 
|  90|0x000000070d400000, 0x000000070d400000, 0x000000070d600000|  0%| F|  |TAMS 0x000000070d400000| PB 0x000000070d400000| Untracked 
|  91|0x000000070d600000, 0x000000070d600000, 0x000000070d800000|  0%| F|  |TAMS 0x000000070d600000| PB 0x000000070d600000| Untracked 
|  92|0x000000070d800000, 0x000000070d800000, 0x000000070da00000|  0%| F|  |TAMS 0x000000070d800000| PB 0x000000070d800000| Untracked 
|  93|0x000000070da00000, 0x000000070da00000, 0x000000070dc00000|  0%| F|  |TAMS 0x000000070da00000| PB 0x000000070da00000| Untracked 
|  94|0x000000070dc00000, 0x000000070dc00000, 0x000000070de00000|  0%| F|  |TAMS 0x000000070dc00000| PB 0x000000070dc00000| Untracked 
|  95|0x000000070de00000, 0x000000070de00000, 0x000000070e000000|  0%| F|  |TAMS 0x000000070de00000| PB 0x000000070de00000| Untracked 
|  96|0x000000070e000000, 0x000000070e000000, 0x000000070e200000|  0%| F|  |TAMS 0x000000070e000000| PB 0x000000070e000000| Untracked 
|  97|0x000000070e200000, 0x000000070e200000, 0x000000070e400000|  0%| F|  |TAMS 0x000000070e200000| PB 0x000000070e200000| Untracked 
|  98|0x000000070e400000, 0x000000070e400000, 0x000000070e600000|  0%| F|  |TAMS 0x000000070e400000| PB 0x000000070e400000| Untracked 
|  99|0x000000070e600000, 0x000000070e600000, 0x000000070e800000|  0%| F|  |TAMS 0x000000070e600000| PB 0x000000070e600000| Untracked 
| 100|0x000000070e800000, 0x000000070e800000, 0x000000070ea00000|  0%| F|  |TAMS 0x000000070e800000| PB 0x000000070e800000| Untracked 
| 101|0x000000070ea00000, 0x000000070ea00000, 0x000000070ec00000|  0%| F|  |TAMS 0x000000070ea00000| PB 0x000000070ea00000| Untracked 
| 102|0x000000070ec00000, 0x000000070ec00000, 0x000000070ee00000|  0%| F|  |TAMS 0x000000070ec00000| PB 0x000000070ec00000| Untracked 
| 103|0x000000070ee00000, 0x000000070f000000, 0x000000070f000000|100%| S|CS|TAMS 0x000000070ee00000| PB 0x000000070ee00000| Complete 
| 104|0x000000070f000000, 0x000000070f200000, 0x000000070f200000|100%| S|CS|TAMS 0x000000070f000000| PB 0x000000070f000000| Complete 
| 105|0x000000070f200000, 0x000000070f400000, 0x000000070f400000|100%| S|CS|TAMS 0x000000070f200000| PB 0x000000070f200000| Complete 
| 106|0x000000070f400000, 0x000000070f400000, 0x000000070f600000|  0%| F|  |TAMS 0x000000070f400000| PB 0x000000070f400000| Untracked 
| 107|0x000000070f600000, 0x000000070f600000, 0x000000070f800000|  0%| F|  |TAMS 0x000000070f600000| PB 0x000000070f600000| Untracked 
| 108|0x000000070f800000, 0x000000070f800000, 0x000000070fa00000|  0%| F|  |TAMS 0x000000070f800000| PB 0x000000070f800000| Untracked 
| 109|0x000000070fa00000, 0x000000070fa00000, 0x000000070fc00000|  0%| F|  |TAMS 0x000000070fa00000| PB 0x000000070fa00000| Untracked 
| 110|0x000000070fc00000, 0x000000070fc00000, 0x000000070fe00000|  0%| F|  |TAMS 0x000000070fc00000| PB 0x000000070fc00000| Untracked 
| 111|0x000000070fe00000, 0x000000070fe00000, 0x0000000710000000|  0%| F|  |TAMS 0x000000070fe00000| PB 0x000000070fe00000| Untracked 
| 112|0x0000000710000000, 0x0000000710000000, 0x0000000710200000|  0%| F|  |TAMS 0x0000000710000000| PB 0x0000000710000000| Untracked 
| 113|0x0000000710200000, 0x0000000710200000, 0x0000000710400000|  0%| F|  |TAMS 0x0000000710200000| PB 0x0000000710200000| Untracked 
| 114|0x0000000710400000, 0x0000000710400000, 0x0000000710600000|  0%| F|  |TAMS 0x0000000710400000| PB 0x0000000710400000| Untracked 
| 115|0x0000000710600000, 0x0000000710600000, 0x0000000710800000|  0%| F|  |TAMS 0x0000000710600000| PB 0x0000000710600000| Untracked 
| 116|0x0000000710800000, 0x0000000710800000, 0x0000000710a00000|  0%| F|  |TAMS 0x0000000710800000| PB 0x0000000710800000| Untracked 
| 117|0x0000000710a00000, 0x0000000710a00000, 0x0000000710c00000|  0%| F|  |TAMS 0x0000000710a00000| PB 0x0000000710a00000| Untracked 
| 118|0x0000000710c00000, 0x0000000710c00000, 0x0000000710e00000|  0%| F|  |TAMS 0x0000000710c00000| PB 0x0000000710c00000| Untracked 
| 119|0x0000000710e00000, 0x0000000710e00000, 0x0000000711000000|  0%| F|  |TAMS 0x0000000710e00000| PB 0x0000000710e00000| Untracked 
| 120|0x0000000711000000, 0x00000007111e62d0, 0x0000000711200000| 94%| E|  |TAMS 0x0000000711000000| PB 0x0000000711000000| Complete 
| 121|0x0000000711200000, 0x0000000711400000, 0x0000000711400000|100%| E|CS|TAMS 0x0000000711200000| PB 0x0000000711200000| Complete 
| 122|0x0000000711400000, 0x0000000711600000, 0x0000000711600000|100%| E|CS|TAMS 0x0000000711400000| PB 0x0000000711400000| Complete 
| 123|0x0000000711600000, 0x0000000711800000, 0x0000000711800000|100%| E|CS|TAMS 0x0000000711600000| PB 0x0000000711600000| Complete 
| 124|0x0000000711800000, 0x0000000711a00000, 0x0000000711a00000|100%| E|CS|TAMS 0x0000000711800000| PB 0x0000000711800000| Complete 
| 125|0x0000000711a00000, 0x0000000711c00000, 0x0000000711c00000|100%| E|CS|TAMS 0x0000000711a00000| PB 0x0000000711a00000| Complete 
| 126|0x0000000711c00000, 0x0000000711e00000, 0x0000000711e00000|100%| E|CS|TAMS 0x0000000711c00000| PB 0x0000000711c00000| Complete 

Card table byte_map: [0x000001e99f330000,0x000001e99fb20000] _byte_map_base: 0x000001e99bb20000

Marking Bits: (CMBitMap*) 0x000001e9877b9d30
 Bits: [0x000001e9a0310000, 0x000001e9a4290000)

Polling page: 0x000001e985660000

Metaspace:

Usage:
  Non-class:     14.71 MB used.
      Class:      2.46 MB used.
       Both:     17.17 MB used.

Virtual space:
  Non-class space:       64.00 MB reserved,      14.94 MB ( 23%) committed,  1 nodes.
      Class space:        1.00 GB reserved,       2.62 MB ( <1%) committed,  1 nodes.
             Both:        1.06 GB reserved,      17.56 MB (  2%) committed. 

Chunk freelists:
   Non-Class:  816.00 KB
       Class:  1.37 MB
        Both:  2.17 MB

MaxMetaspaceSize: unlimited
CompressedClassSpaceSize: 1.00 GB
Initial GC threshold: 21.00 MB
Current GC threshold: 21.00 MB
CDS: on
MetaspaceReclaimPolicy: balanced
 - commit_granule_bytes: 65536.
 - commit_granule_words: 8192.
 - virtual_space_node_default_size: 8388608.
 - enlarge_chunks_in_place: 1.
 - new_chunks_are_fully_committed: 0.
 - uncommit_free_chunks: 1.
 - use_allocation_guard: 0.


Internal statistics:

num_allocs_failed_limit: 0.
num_arena_births: 388.
num_arena_deaths: 0.
num_vsnodes_births: 2.
num_vsnodes_deaths: 0.
num_space_committed: 281.
num_space_uncommitted: 0.
num_chunks_returned_to_freelist: 0.
num_chunks_taken_from_freelist: 973.
num_chunk_merges: 0.
num_chunk_splits: 657.
num_chunks_enlarged: 471.
num_inconsistent_stats: 0.

CodeHeap 'non-profiled nmethods': size=120000Kb used=1300Kb max_used=1300Kb free=118700Kb
 bounds [0x000001e9972e0000, 0x000001e997550000, 0x000001e99e810000]
CodeHeap 'profiled nmethods': size=120000Kb used=5550Kb max_used=5550Kb free=114449Kb
 bounds [0x000001e98f810000, 0x000001e98fd80000, 0x000001e996d40000]
CodeHeap 'non-nmethods': size=5760Kb used=1859Kb max_used=1931Kb free=3900Kb
 bounds [0x000001e996d40000, 0x000001e996fb0000, 0x000001e9972e0000]
 total_blobs=3733 nmethods=2917 adapters=726
 compilation: enabled
              stopped_count=0, restarted_count=0
 full_count=0

Compilation events (20 events):
Event: 6.181 Thread 0x000001e9a6cd7bc0 2912       4       com.sun.javafx.geom.RectBounds::deriveWithNewBounds (96 bytes)
Event: 6.183 Thread 0x000001e9a6cd7bc0 nmethod 2912 0x000001e997424690 code [0x000001e997424800, 0x000001e997424940]
Event: 6.189 Thread 0x000001e9a6cd7bc0 2913       4       java.lang.ThreadLocal::get (47 bytes)
Event: 6.191 Thread 0x000001e9a6cd7bc0 nmethod 2913 0x000001e997424a90 code [0x000001e997424c20, 0x000001e997424dc0]
Event: 6.237 Thread 0x000001e9a6cd8ce0 2915       3       javafx.beans.property.SimpleBooleanProperty::<init> (10 bytes)
Event: 6.237 Thread 0x000001e9a6cd8ce0 nmethod 2915 0x000001e98fd77810 code [0x000001e98fd779e0, 0x000001e98fd77e90]
Event: 6.237 Thread 0x000001e9a6cd8ce0 2914       3       javafx.beans.property.ReadOnlyBooleanWrapper::<init> (5 bytes)
Event: 6.238 Thread 0x000001e9a6cd8ce0 nmethod 2914 0x000001e98fd78010 code [0x000001e98fd781e0, 0x000001e98fd786f0]
Event: 6.261 Thread 0x000001e9a6cd8ce0 2916       3       com.sun.glass.ui.View::notifyMouse (221 bytes)
Event: 6.263 Thread 0x000001e9a6cd8ce0 nmethod 2916 0x000001e98fd78890 code [0x000001e98fd78b80, 0x000001e98fd79fc8]
Event: 6.263 Thread 0x000001e9a6cd8ce0 2917       3       com.sun.glass.ui.Window::handleMouseEvent (26 bytes)
Event: 6.263 Thread 0x000001e9a6cd8ce0 nmethod 2917 0x000001e98fd7a610 code [0x000001e98fd7a7a0, 0x000001e98fd7a950]
Event: 6.263 Thread 0x000001e9a6cd8ce0 2918       3       com.sun.javafx.tk.quantum.GlassViewEventHandler$$Lambda$316/0x00000008011dd8a0::<init> (10 bytes)
Event: 6.263 Thread 0x000001e9a6cd8ce0 nmethod 2918 0x000001e98fd7aa10 code [0x000001e98fd7aba0, 0x000001e98fd7ad60]
Event: 7.014 Thread 0x000001e9a6cd8ce0 2919       3       java.lang.Math::toRadians (6 bytes)
Event: 7.014 Thread 0x000001e9a6cd8ce0 nmethod 2919 0x000001e98fd7ae10 code [0x000001e98fd7afc0, 0x000001e98fd7b0b8]
Event: 7.061 Thread 0x000001e9a6cd8ce0 2920       3       com.sun.javafx.scene.input.PickResultChooser::computePoint (55 bytes)
Event: 7.062 Thread 0x000001e9a6cd8ce0 nmethod 2920 0x000001e98fd7b190 code [0x000001e98fd7b320, 0x000001e98fd7b5d0]
Event: 7.062 Thread 0x000001e9a6cd8ce0 2921       3       com.sun.javafx.scene.input.PickResultChooser::offer (13 bytes)
Event: 7.062 Thread 0x000001e9a6cd8ce0 nmethod 2921 0x000001e98fd7b790 code [0x000001e98fd7b920, 0x000001e98fd7ba80]

GC Heap History (4 events):
Event: 0.652 GC heap before
{Heap before GC invocations=0 (full 0):
 garbage-first heap   total 260096K, used 20480K [0x0000000702000000, 0x0000000800000000)
  region size 2048K, 11 young (22528K), 0 survivors (0K)
 Metaspace       used 5115K, committed 5376K, reserved 1114112K
  class space    used 594K, committed 704K, reserved 1048576K
}
Event: 0.655 GC heap after
{Heap after GC invocations=1 (full 0):
 garbage-first heap   total 260096K, used 2773K [0x0000000702000000, 0x0000000800000000)
  region size 2048K, 2 young (4096K), 2 survivors (4096K)
 Metaspace       used 5115K, committed 5376K, reserved 1114112K
  class space    used 594K, committed 704K, reserved 1048576K
}
Event: 5.006 GC heap before
{Heap before GC invocations=1 (full 0):
 garbage-first heap   total 260096K, used 41685K [0x0000000702000000, 0x0000000800000000)
  region size 2048K, 21 young (43008K), 2 survivors (4096K)
 Metaspace       used 15707K, committed 16064K, reserved 1114112K
  class space    used 2157K, committed 2304K, reserved 1048576K
}
Event: 5.013 GC heap after
{Heap after GC invocations=2 (full 0):
 garbage-first heap   total 260096K, used 10146K [0x0000000702000000, 0x0000000800000000)
  region size 2048K, 3 young (6144K), 3 survivors (6144K)
 Metaspace       used 15707K, committed 16064K, reserved 1114112K
  class space    used 2157K, committed 2304K, reserved 1048576K
}

Dll operation events (20 events):
Event: 0.400 Loaded shared library C:\Users\shara\.openjfx\cache\17.0.2-ea\api-ms-win-crt-filesystem-l1-1-0.dll
Event: 0.402 Loaded shared library C:\Users\shara\.openjfx\cache\17.0.2-ea\api-ms-win-crt-heap-l1-1-0.dll
Event: 0.405 Loaded shared library C:\Users\shara\.openjfx\cache\17.0.2-ea\api-ms-win-crt-locale-l1-1-0.dll
Event: 0.408 Loaded shared library C:\Users\shara\.openjfx\cache\17.0.2-ea\api-ms-win-crt-math-l1-1-0.dll
Event: 0.412 Loaded shared library C:\Users\shara\.openjfx\cache\17.0.2-ea\api-ms-win-crt-multibyte-l1-1-0.dll
Event: 0.416 Loaded shared library C:\Users\shara\.openjfx\cache\17.0.2-ea\api-ms-win-crt-private-l1-1-0.dll
Event: 0.419 Loaded shared library C:\Users\shara\.openjfx\cache\17.0.2-ea\api-ms-win-crt-process-l1-1-0.dll
Event: 0.422 Loaded shared library C:\Users\shara\.openjfx\cache\17.0.2-ea\api-ms-win-crt-runtime-l1-1-0.dll
Event: 0.426 Loaded shared library C:\Users\shara\.openjfx\cache\17.0.2-ea\api-ms-win-crt-stdio-l1-1-0.dll
Event: 0.429 Loaded shared library C:\Users\shara\.openjfx\cache\17.0.2-ea\api-ms-win-crt-string-l1-1-0.dll
Event: 0.432 Loaded shared library C:\Users\shara\.openjfx\cache\17.0.2-ea\api-ms-win-crt-time-l1-1-0.dll
Event: 0.435 Loaded shared library C:\Users\shara\.openjfx\cache\17.0.2-ea\api-ms-win-crt-utility-l1-1-0.dll
Event: 0.453 Loaded shared library C:\Users\shara\.openjfx\cache\17.0.2-ea\ucrtbase.dll
Event: 0.458 Loaded shared library C:\Users\shara\.openjfx\cache\17.0.2-ea\vcruntime140.dll
Event: 0.461 Loaded shared library C:\Users\shara\.openjfx\cache\17.0.2-ea\vcruntime140_1.dll
Event: 0.470 Loaded shared library C:\Users\shara\.openjfx\cache\17.0.2-ea\msvcp140.dll
Event: 0.511 Loaded shared library C:\Users\shara\.openjfx\cache\17.0.2-ea\prism_d3d.dll
Event: 0.543 Loaded shared library C:\Users\shara\.openjfx\cache\17.0.2-ea\glass.dll
Event: 0.643 Loaded shared library C:\Users\shara\.jdks\openjdk-20.0.1\bin\jimage.dll
Event: 0.857 Loaded shared library C:\Users\shara\.openjfx\cache\17.0.2-ea\javafx_font.dll

Deoptimization events (20 events):
Event: 5.019 Thread 0x000001e9ac0ed320 Uncommon trap: trap_request=0xffffffde fr.pc=0x000001e9973b9360 relative=0x0000000000002160
Event: 5.019 Thread 0x000001e9ac0ed320 Uncommon trap: reason=class_check action=maybe_recompile pc=0x000001e9973b9360 method=com.sun.javafx.css.StyleMap.getCascadingStyles()Ljava/util/Map; @ 77 c2
Event: 5.019 Thread 0x000001e9ac0ed320 DEOPT PACKING pc=0x000001e9973b9360 sp=0x000000a270bf9740
Event: 5.019 Thread 0x000001e9ac0ed320 DEOPT UNPACKING pc=0x000001e996da9d22 sp=0x000000a270bf9728 mode 2
Event: 5.198 Thread 0x000001e9ac0ed320 Uncommon trap: trap_request=0xffffff45 fr.pc=0x000001e997340ccc relative=0x00000000000004ac
Event: 5.198 Thread 0x000001e9ac0ed320 Uncommon trap: reason=unstable_if action=reinterpret pc=0x000001e997340ccc method=java.lang.String.substring(II)Ljava/lang/String; @ 31 c2
Event: 5.198 Thread 0x000001e9ac0ed320 DEOPT PACKING pc=0x000001e997340ccc sp=0x000000a270bf9ea0
Event: 5.198 Thread 0x000001e9ac0ed320 DEOPT UNPACKING pc=0x000001e996da9d22 sp=0x000000a270bf9e70 mode 2
Event: 5.198 Thread 0x000001e9ac0ed320 Uncommon trap: trap_request=0xffffff45 fr.pc=0x000001e9973c8024 relative=0x0000000000000124
Event: 5.198 Thread 0x000001e9ac0ed320 Uncommon trap: reason=unstable_if action=reinterpret pc=0x000001e9973c8024 method=java.lang.StringConcatHelper.prepend(J[BLjava/lang/String;)J @ 13 c2
Event: 5.198 Thread 0x000001e9ac0ed320 DEOPT PACKING pc=0x000001e9973c8024 sp=0x000000a270bf9c80
Event: 5.198 Thread 0x000001e9ac0ed320 DEOPT UNPACKING pc=0x000001e996da9d22 sp=0x000000a270bf9c30 mode 2
Event: 5.198 Thread 0x000001e9ac0ed320 Uncommon trap: trap_request=0xffffff45 fr.pc=0x000001e997325068 relative=0x00000000000000e8
Event: 5.198 Thread 0x000001e9ac0ed320 Uncommon trap: reason=unstable_if action=reinterpret pc=0x000001e997325068 method=java.lang.String.getBytes([BIB)V @ 5 c2
Event: 5.198 Thread 0x000001e9ac0ed320 DEOPT PACKING pc=0x000001e997325068 sp=0x000000a270bf9be0
Event: 5.198 Thread 0x000001e9ac0ed320 DEOPT UNPACKING pc=0x000001e996da9d22 sp=0x000000a270bf9ba8 mode 2
Event: 5.309 Thread 0x000001e9ac3ac6c0 Uncommon trap: trap_request=0xffffff45 fr.pc=0x000001e9973c2830 relative=0x0000000000000410
Event: 5.309 Thread 0x000001e9ac3ac6c0 Uncommon trap: reason=unstable_if action=reinterpret pc=0x000001e9973c2830 method=com.sun.marlin.MaskMarlinAlphaConsumer.setAndClearRelativeAlphas([IIII)V @ 69 c2
Event: 5.309 Thread 0x000001e9ac3ac6c0 DEOPT PACKING pc=0x000001e9973c2830 sp=0x000000a2709fd8f0
Event: 5.309 Thread 0x000001e9ac3ac6c0 DEOPT UNPACKING pc=0x000001e996da9d22 sp=0x000000a2709fd828 mode 2

Classes loaded (20 events):
Event: 4.889 Loading class java/lang/reflect/WildcardType done
Event: 4.889 Loading class sun/reflect/generics/reflectiveObjects/WildcardTypeImpl done
Event: 5.102 Loading class java/lang/FdLibm$Hypot
Event: 5.102 Loading class java/lang/FdLibm$Hypot done
Event: 5.102 Loading class java/lang/FdLibm
Event: 5.102 Loading class java/lang/FdLibm done
Event: 5.195 Loading class java/text/BreakIterator
Event: 5.196 Loading class java/text/BreakIterator done
Event: 5.196 Loading class sun/util/locale/provider/BreakIteratorProviderImpl
Event: 5.196 Loading class sun/util/locale/provider/BreakIteratorProviderImpl done
Event: 5.197 Loading class sun/util/locale/provider/BreakIteratorProviderImpl$GraphemeBreakIterator
Event: 5.197 Loading class sun/util/locale/provider/BreakIteratorProviderImpl$GraphemeBreakIterator done
Event: 5.197 Loading class java/text/StringCharacterIterator
Event: 5.197 Loading class java/text/StringCharacterIterator done
Event: 5.198 Loading class sun/util/locale/provider/BreakIteratorProviderImpl$CharacterIteratorCharSequence
Event: 5.198 Loading class sun/util/locale/provider/BreakIteratorProviderImpl$CharacterIteratorCharSequence done
Event: 5.198 Loading class java/text/BreakIterator$BreakIteratorCache
Event: 5.198 Loading class java/text/BreakIterator$BreakIteratorCache done
Event: 15.906 Loading class jdk/internal/misc/Signal$1
Event: 15.906 Loading class jdk/internal/misc/Signal$1 done

Classes unloaded (0 events):
No events

Classes redefined (0 events):
No events

Internal exceptions (20 events):
Event: 0.962 Thread 0x000001e9ac0ed320 Exception <a 'java/lang/NoSuchMethodError'{0x0000000710ee8f50}: 'void java.lang.invoke.DirectMethodHandle$Holder.invokeSpecial(java.lang.Object, java.lang.Object, double)'> (0x0000000710ee8f50) 
thrown [s\open\src\hotspot\share\interpreter\linkResolver.cpp, line 773]
Event: 0.963 Thread 0x000001e9ac0ed320 Exception <a 'java/lang/NoSuchMethodError'{0x0000000710eefe68}: 'void java.lang.invoke.DelegatingMethodHandle$Holder.reinvoke_L(java.lang.Object, java.lang.Object, double)'> (0x0000000710eefe68) 
thrown [s\open\src\hotspot\share\interpreter\linkResolver.cpp, line 773]
Event: 0.970 Thread 0x000001e9ac0ed320 Exception <a 'java/lang/NoSuchMethodError'{0x0000000710f194e8}: 'void java.lang.invoke.DirectMethodHandle$Holder.invokeSpecial(java.lang.Object, java.lang.Object, int)'> (0x0000000710f194e8) 
thrown [s\open\src\hotspot\share\interpreter\linkResolver.cpp, line 773]
Event: 0.971 Thread 0x000001e9ac0ed320 Exception <a 'java/lang/NoSuchMethodError'{0x0000000710f1d720}: 'int java.lang.invoke.DirectMethodHandle$Holder.invokeSpecial(java.lang.Object, java.lang.Object, java.lang.Object, int)'> (0x0000000710f1d720) 
thrown [s\open\src\hotspot\share\interpreter\linkResolver.cpp, line 773]
Event: 0.971 Thread 0x000001e9ac0ed320 Exception <a 'java/lang/NoSuchMethodError'{0x0000000710f275f8}: 'void java.lang.invoke.DelegatingMethodHandle$Holder.reinvoke_L(java.lang.Object, java.lang.Object, int)'> (0x0000000710f275f8) 
thrown [s\open\src\hotspot\share\interpreter\linkResolver.cpp, line 773]
Event: 1.005 Thread 0x000001e9ac0ed320 Implicit null exception at 0x000001e997357a20 to 0x000001e997357cbc
Event: 1.073 Thread 0x000001e9ac0ed320 Implicit null exception at 0x000001e997350512 to 0x000001e997350b88
Event: 1.143 Thread 0x000001e9ac0ed320 Exception <a 'java/lang/IncompatibleClassChangeError'{0x000000071025ff48}: Found class java.lang.Object, but interface was expected> (0x000000071025ff48) 
thrown [s\open\src\hotspot\share\interpreter\linkResolver.cpp, line 840]
Event: 1.191 Thread 0x000001e9ac0ed320 Exception <a 'java/lang/NoSuchMethodError'{0x0000000710383fd0}: 'int java.lang.invoke.DirectMethodHandle$Holder.invokeSpecial(java.lang.Object, java.lang.Object, int)'> (0x0000000710383fd0) 
thrown [s\open\src\hotspot\share\interpreter\linkResolver.cpp, line 773]
Event: 1.209 Thread 0x000001e9ac0ed320 Exception <a 'java/lang/NoSuchMethodError'{0x0000000710005798}: 'java.lang.Object java.lang.invoke.DirectMethodHandle$Holder.newInvokeSpecial(java.lang.Object, java.lang.Object, int)'> (0x0000000710005798) 
thrown [s\open\src\hotspot\share\interpreter\linkResolver.cpp, line 773]
Event: 1.233 Thread 0x000001e9ac3ac6c0 Exception <a 'java/lang/NoSuchMethodError'{0x00000007100df030}: 'int java.lang.invoke.DirectMethodHandle$Holder.invokeStaticInit(java.lang.Object, java.lang.Object)'> (0x00000007100df030) 
thrown [s\open\src\hotspot\share\interpreter\linkResolver.cpp, line 773]
Event: 2.438 Thread 0x000001e9ac0ed320 Exception <a 'java/lang/NoSuchMethodError'{0x000000070fd10660}: 'long java.lang.invoke.DirectMethodHandle$Holder.invokeStatic(java.lang.Object, java.lang.Object, java.lang.Object)'> (0x000000070fd10660) 
thrown [s\open\src\hotspot\share\interpreter\linkResolver.cpp, line 773]
Event: 2.438 Thread 0x000001e9ac0ed320 Exception <a 'java/lang/NoSuchMethodError'{0x000000070fd13a30}: 'long java.lang.invoke.DirectMethodHandle$Holder.invokeStaticInit(java.lang.Object, java.lang.Object, java.lang.Object)'> (0x000000070fd13a30) 
thrown [s\open\src\hotspot\share\interpreter\linkResolver.cpp, line 773]
Event: 2.440 Thread 0x000001e9ac0ed320 Exception <a 'java/lang/NoSuchMethodError'{0x000000070fd2ba88}: 'java.lang.Object java.lang.invoke.DirectMethodHandle$Holder.newInvokeSpecial(java.lang.Object, java.lang.Object, long)'> (0x000000070fd2ba88) 
thrown [s\open\src\hotspot\share\interpreter\linkResolver.cpp, line 773]
Event: 2.440 Thread 0x000001e9ac0ed320 Exception <a 'java/lang/NoSuchMethodError'{0x000000070fd2f380}: 'java.lang.Object java.lang.invoke.Invokers$Holder.linkToTargetMethod(java.lang.Object, long, java.lang.Object)'> (0x000000070fd2f380) 
thrown [s\open\src\hotspot\share\interpreter\linkResolver.cpp, line 773]
Event: 4.961 Thread 0x000001e9ac0ed320 Exception <a 'java/lang/ClassNotFoundException'{0x000000070f77c5b8}: com/sun/javafx/scene/control/skin/resources/controls> (0x000000070f77c5b8) 
thrown [s\open\src\hotspot\share\prims\jni.cpp, line 538]
Event: 4.963 Thread 0x000001e9ac0ed320 Exception <a 'java/lang/ClassNotFoundException'{0x000000070f78b378}: com/sun/javafx/scene/control/skin/resources/controls_en> (0x000000070f78b378) 
thrown [s\open\src\hotspot\share\prims\jni.cpp, line 538]
Event: 4.963 Thread 0x000001e9ac0ed320 Exception <a 'java/lang/ClassNotFoundException'{0x000000070f78cb38}: com/sun/javafx/scene/control/skin/resources/controls_en_GB> (0x000000070f78cb38) 
thrown [s\open\src\hotspot\share\prims\jni.cpp, line 538]
Event: 5.074 Thread 0x000001e9ac0ed320 Exception <a 'java/lang/NoSuchMethodError'{0x0000000711bf6848}: 'void java.lang.invoke.DirectMethodHandle$Holder.invokeSpecial(java.lang.Object, java.lang.Object, java.lang.Object, java.lang.Object, java.lang.Object, java.lang.Object)'> (0x0000000711bf6848) 
thrown [s\open\src\hotspot\share\interpreter\linkResolver.cpp, line 773]
Event: 5.302 Thread 0x000001e9ac3ac6c0 Exception <a 'java/lang/NoSuchMethodError'{0x00000007112b2018}: 'java.lang.Object java.lang.invoke.DirectMethodHandle$Holder.invokeStaticInit(java.lang.Object, int)'> (0x00000007112b2018) 
thrown [s\open\src\hotspot\share\interpreter\linkResolver.cpp, line 773]

VM Operations (20 events):
Event: 0.861 Executing VM operation: HandshakeAllThreads done
Event: 1.138 Executing VM operation: ICBufferFull
Event: 1.138 Executing VM operation: ICBufferFull done
Event: 2.138 Executing VM operation: Cleanup
Event: 2.138 Executing VM operation: Cleanup done
Event: 3.138 Executing VM operation: Cleanup
Event: 3.138 Executing VM operation: Cleanup done
Event: 4.138 Executing VM operation: Cleanup
Event: 4.139 Executing VM operation: Cleanup done
Event: 4.974 Executing VM operation: HandshakeAllThreads
Event: 4.974 Executing VM operation: HandshakeAllThreads done
Event: 5.006 Executing VM operation: G1CollectForAllocation
Event: 5.013 Executing VM operation: G1CollectForAllocation done
Event: 5.225 Executing VM operation: ICBufferFull
Event: 5.225 Executing VM operation: ICBufferFull done
Event: 6.226 Executing VM operation: Cleanup
Event: 6.226 Executing VM operation: Cleanup done
Event: 9.227 Executing VM operation: Cleanup
Event: 9.227 Executing VM operation: Cleanup done
Event: 15.908 Executing VM operation: Exit

Events (20 events):
Event: 0.187 Thread 0x000001e9abcbbf10 Thread added: 0x000001e9abcbbf10
Event: 0.502 Thread 0x000001e9ac3ac6c0 Thread added: 0x000001e9ac3ac6c0
Event: 0.545 Thread 0x000001e9ac01fb00 Thread added: 0x000001e9ac01fb00
Event: 0.548 Thread 0x000001e9ac0ed320 Thread added: 0x000001e9ac0ed320
Event: 0.613 Thread 0x000001e9ac38dd60 Thread added: 0x000001e9ac38dd60
Event: 0.616 Thread 0x000001e9ac3a2be0 Thread added: 0x000001e9ac3a2be0
Event: 1.132 Thread 0x000001e9ac56e0e0 Thread added: 0x000001e9ac56e0e0
Event: 1.287 Thread 0x000001e9ac56f0d0 Thread added: 0x000001e9ac56f0d0
Event: 1.302 Thread 0x000001e9ab1f3b20 Thread exited: 0x000001e9ab1f3b20
Event: 1.656 Thread 0x000001e9ab1f3590 Thread exited: 0x000001e9ab1f3590
Event: 5.014 Thread 0x000001e9ac8fd8b0 Thread added: 0x000001e9ac8fd8b0
Event: 5.061 Thread 0x000001e9ac8e0a20 Thread added: 0x000001e9ac8e0a20
Event: 5.725 Thread 0x000001e9ac8e0a20 Thread exited: 0x000001e9ac8e0a20
Event: 5.725 Thread 0x000001e9ac8fd8b0 Thread exited: 0x000001e9ac8fd8b0
Event: 15.906 Thread 0x000001e9ac56f620 Thread added: 0x000001e9ac56f620
Event: 15.907 Thread 0x000001e9ac56eb80 Thread added: 0x000001e9ac56eb80
Event: 15.907 Thread 0x000001e9ac56fb70 Thread added: 0x000001e9ac56fb70
Event: 15.907 Thread 0x000001e9ac56eb80 Thread exited: 0x000001e9ac56eb80
Event: 15.908 Thread 0x000001e9ac56fb70 Thread exited: 0x000001e9ac56fb70
Event: 15.908 Thread 0x000001e9a6cc3ea0 Thread exited: 0x000001e9a6cc3ea0


Dynamic libraries:
0x00007ff697b30000 - 0x00007ff697b3e000 	C:\Users\shara\.jdks\openjdk-20.0.1\bin\java.exe
0x00007ffc1a370000 - 0x00007ffc1a568000 	C:\WINDOWS\SYSTEM32\ntdll.dll
0x00007ffc19110000 - 0x00007ffc191cf000 	C:\WINDOWS\System32\KERNEL32.DLL
0x00007ffc17e60000 - 0x00007ffc1813a000 	C:\WINDOWS\System32\KERNELBASE.dll
0x00007ffc182a0000 - 0x00007ffc183a0000 	C:\WINDOWS\System32\ucrtbase.dll
0x00007ffc08830000 - 0x00007ffc08847000 	C:\Users\shara\.jdks\openjdk-20.0.1\bin\jli.dll
0x00007ffc192f0000 - 0x00007ffc1948d000 	C:\WINDOWS\System32\USER32.dll
0x00007ffc183a0000 - 0x00007ffc183c2000 	C:\WINDOWS\System32\win32u.dll
0x00007ffc19070000 - 0x00007ffc1909b000 	C:\WINDOWS\System32\GDI32.dll
0x00007ffc17bd0000 - 0x00007ffc17ce0000 	C:\WINDOWS\System32\gdi32full.dll
0x00007ffc17a80000 - 0x00007ffc17b1d000 	C:\WINDOWS\System32\msvcp_win.dll
0x00007ffc06200000 - 0x00007ffc0621b000 	C:\Users\shara\.jdks\openjdk-20.0.1\bin\VCRUNTIME140.dll
0x00007ffbf0da0000 - 0x00007ffbf103a000 	C:\WINDOWS\WinSxS\amd64_microsoft.windows.common-controls_6595b64144ccf1df_6.0.19041.1110_none_60b5254171f9507e\COMCTL32.dll
0x00007ffc19850000 - 0x00007ffc198ee000 	C:\WINDOWS\System32\msvcrt.dll
0x00007ffc18f00000 - 0x00007ffc18f30000 	C:\WINDOWS\System32\IMM32.DLL
0x00007ffc10b30000 - 0x00007ffc10b3c000 	C:\Users\shara\.jdks\openjdk-20.0.1\bin\vcruntime140_1.dll
0x00007ffbe56d0000 - 0x00007ffbe575e000 	C:\Users\shara\.jdks\openjdk-20.0.1\bin\msvcp140.dll
0x00007ffba15f0000 - 0x00007ffba2287000 	C:\Users\shara\.jdks\openjdk-20.0.1\bin\server\jvm.dll
0x00007ffc183d0000 - 0x00007ffc1847e000 	C:\WINDOWS\System32\ADVAPI32.dll
0x00007ffc1a290000 - 0x00007ffc1a32c000 	C:\WINDOWS\System32\sechost.dll
0x00007ffc19a10000 - 0x00007ffc19b36000 	C:\WINDOWS\System32\RPCRT4.dll
0x00007ffc0f4b0000 - 0x00007ffc0f4b9000 	C:\WINDOWS\SYSTEM32\WSOCK32.dll
0x00007ffc190a0000 - 0x00007ffc1910b000 	C:\WINDOWS\System32\WS2_32.dll
0x00007ffbfa700000 - 0x00007ffbfa727000 	C:\WINDOWS\SYSTEM32\WINMM.dll
0x00007ffc0fce0000 - 0x00007ffc0fcea000 	C:\WINDOWS\SYSTEM32\VERSION.dll
0x00007ffc162d0000 - 0x00007ffc162e2000 	C:\WINDOWS\SYSTEM32\kernel.appcore.dll
0x00007ffc08820000 - 0x00007ffc0882a000 	C:\Users\shara\.jdks\openjdk-20.0.1\bin\jimage.dll
0x00007ffc15840000 - 0x00007ffc15a24000 	C:\WINDOWS\SYSTEM32\DBGHELP.DLL
0x00007ffc06b00000 - 0x00007ffc06b34000 	C:\WINDOWS\SYSTEM32\dbgcore.DLL
0x00007ffc17dd0000 - 0x00007ffc17e52000 	C:\WINDOWS\System32\bcryptPrimitives.dll
0x00007ffc06250000 - 0x00007ffc0625e000 	C:\Users\shara\.jdks\openjdk-20.0.1\bin\instrument.dll
0x00007ffbf31b0000 - 0x00007ffbf31d6000 	C:\Users\shara\.jdks\openjdk-20.0.1\bin\java.dll
0x00007ffbe55f0000 - 0x00007ffbe56c7000 	C:\Users\shara\.jdks\openjdk-20.0.1\bin\jsvml.dll
0x00007ffc19b40000 - 0x00007ffc1a284000 	C:\WINDOWS\System32\SHELL32.dll
0x00007ffc15b20000 - 0x00007ffc162b3000 	C:\WINDOWS\SYSTEM32\windows.storage.dll
0x00007ffc19490000 - 0x00007ffc197e4000 	C:\WINDOWS\System32\combase.dll
0x00007ffc17470000 - 0x00007ffc1749e000 	C:\WINDOWS\SYSTEM32\Wldp.dll
0x00007ffc19230000 - 0x00007ffc192dd000 	C:\WINDOWS\System32\SHCORE.dll
0x00007ffc18710000 - 0x00007ffc18765000 	C:\WINDOWS\System32\shlwapi.dll
0x00007ffc179c0000 - 0x00007ffc179df000 	C:\WINDOWS\SYSTEM32\profapi.dll
0x00007ffbf95b0000 - 0x00007ffbf95c3000 	C:\Users\shara\.jdks\openjdk-20.0.1\bin\net.dll
0x00007ffc0da80000 - 0x00007ffc0db8a000 	C:\WINDOWS\SYSTEM32\WINHTTP.dll
0x00007ffc171d0000 - 0x00007ffc1723a000 	C:\WINDOWS\system32\mswsock.dll
0x00007ffbf2b50000 - 0x00007ffbf2b66000 	C:\Users\shara\.jdks\openjdk-20.0.1\bin\nio.dll
0x00007ffbf2b30000 - 0x00007ffbf2b48000 	C:\Users\shara\.jdks\openjdk-20.0.1\bin\zip.dll
0x00007ffbf2b10000 - 0x00007ffbf2b2a000 	C:\Program Files\JetBrains\IntelliJ IDEA 2022.3.3\bin\breakgen64.dll
0x000001e9a6e30000 - 0x000001e9a6e33000 	C:\Users\shara\.openjfx\cache\17.0.2-ea\api-ms-win-core-console-l1-1-0.dll
0x000001e9a6e40000 - 0x000001e9a6e43000 	C:\Users\shara\.openjfx\cache\17.0.2-ea\api-ms-win-core-console-l1-2-0.dll
0x000001e9a6f90000 - 0x000001e9a6f93000 	C:\Users\shara\.openjfx\cache\17.0.2-ea\api-ms-win-core-datetime-l1-1-0.dll
0x000001e9a6e50000 - 0x000001e9a6e53000 	C:\Users\shara\.openjfx\cache\17.0.2-ea\api-ms-win-core-debug-l1-1-0.dll
0x000001e9a6e60000 - 0x000001e9a6e63000 	C:\Users\shara\.openjfx\cache\17.0.2-ea\api-ms-win-core-errorhandling-l1-1-0.dll
0x000001e9a6e70000 - 0x000001e9a6e74000 	C:\Users\shara\.openjfx\cache\17.0.2-ea\api-ms-win-core-file-l1-1-0.dll
0x000001e9a6e80000 - 0x000001e9a6e83000 	C:\Users\shara\.openjfx\cache\17.0.2-ea\api-ms-win-core-file-l1-2-0.dll
0x000001e9a6e90000 - 0x000001e9a6e93000 	C:\Users\shara\.openjfx\cache\17.0.2-ea\api-ms-win-core-file-l2-1-0.dll
0x000001e9a6ea0000 - 0x000001e9a6ea3000 	C:\Users\shara\.openjfx\cache\17.0.2-ea\api-ms-win-core-handle-l1-1-0.dll
0x000001e9a6eb0000 - 0x000001e9a6eb3000 	C:\Users\shara\.openjfx\cache\17.0.2-ea\api-ms-win-core-heap-l1-1-0.dll
0x000001e9a6ec0000 - 0x000001e9a6ec3000 	C:\Users\shara\.openjfx\cache\17.0.2-ea\api-ms-win-core-interlocked-l1-1-0.dll
0x000001e9a6ed0000 - 0x000001e9a6ed3000 	C:\Users\shara\.openjfx\cache\17.0.2-ea\api-ms-win-core-libraryloader-l1-1-0.dll
0x000001e9a6ee0000 - 0x000001e9a6ee3000 	C:\Users\shara\.openjfx\cache\17.0.2-ea\api-ms-win-core-localization-l1-2-0.dll
0x000001e9a6ef0000 - 0x000001e9a6ef3000 	C:\Users\shara\.openjfx\cache\17.0.2-ea\api-ms-win-core-memory-l1-1-0.dll
0x000001e9a6f00000 - 0x000001e9a6f03000 	C:\Users\shara\.openjfx\cache\17.0.2-ea\api-ms-win-core-namedpipe-l1-1-0.dll
0x000001e9a6f10000 - 0x000001e9a6f13000 	C:\Users\shara\.openjfx\cache\17.0.2-ea\api-ms-win-core-processenvironment-l1-1-0.dll
0x000001e9a6f20000 - 0x000001e9a6f23000 	C:\Users\shara\.openjfx\cache\17.0.2-ea\api-ms-win-core-processthreads-l1-1-0.dll
0x000001e9a6f30000 - 0x000001e9a6f33000 	C:\Users\shara\.openjfx\cache\17.0.2-ea\api-ms-win-core-processthreads-l1-1-1.dll
0x000001e9a6f40000 - 0x000001e9a6f43000 	C:\Users\shara\.openjfx\cache\17.0.2-ea\api-ms-win-core-profile-l1-1-0.dll
0x000001e9a6f50000 - 0x000001e9a6f53000 	C:\Users\shara\.openjfx\cache\17.0.2-ea\api-ms-win-core-rtlsupport-l1-1-0.dll
0x000001e9a6f60000 - 0x000001e9a6f63000 	C:\Users\shara\.openjfx\cache\17.0.2-ea\api-ms-win-core-string-l1-1-0.dll
0x000001e9a6f70000 - 0x000001e9a6f73000 	C:\Users\shara\.openjfx\cache\17.0.2-ea\api-ms-win-core-synch-l1-1-0.dll
0x000001e9a6f80000 - 0x000001e9a6f83000 	C:\Users\shara\.openjfx\cache\17.0.2-ea\api-ms-win-core-synch-l1-2-0.dll
0x000001e9a6fa0000 - 0x000001e9a6fa3000 	C:\Users\shara\.openjfx\cache\17.0.2-ea\api-ms-win-core-sysinfo-l1-1-0.dll
0x000001e9a6fb0000 - 0x000001e9a6fb3000 	C:\Users\shara\.openjfx\cache\17.0.2-ea\api-ms-win-core-timezone-l1-1-0.dll
0x000001e9a6fc0000 - 0x000001e9a6fc3000 	C:\Users\shara\.openjfx\cache\17.0.2-ea\api-ms-win-core-util-l1-1-0.dll
0x000001e9a6fd0000 - 0x000001e9a6fd3000 	C:\Users\shara\.openjfx\cache\17.0.2-ea\api-ms-win-crt-conio-l1-1-0.dll
0x000001e9a6fe0000 - 0x000001e9a6fe4000 	C:\Users\shara\.openjfx\cache\17.0.2-ea\api-ms-win-crt-convert-l1-1-0.dll
0x000001e9a6ff0000 - 0x000001e9a6ff3000 	C:\Users\shara\.openjfx\cache\17.0.2-ea\api-ms-win-crt-environment-l1-1-0.dll
0x000001e9acbd0000 - 0x000001e9acbd3000 	C:\Users\shara\.openjfx\cache\17.0.2-ea\api-ms-win-crt-filesystem-l1-1-0.dll
0x000001e9acbe0000 - 0x000001e9acbe3000 	C:\Users\shara\.openjfx\cache\17.0.2-ea\api-ms-win-crt-heap-l1-1-0.dll
0x000001e9acbf0000 - 0x000001e9acbf3000 	C:\Users\shara\.openjfx\cache\17.0.2-ea\api-ms-win-crt-locale-l1-1-0.dll
0x000001e9acc00000 - 0x000001e9acc05000 	C:\Users\shara\.openjfx\cache\17.0.2-ea\api-ms-win-crt-math-l1-1-0.dll
0x000001e9acd30000 - 0x000001e9acd35000 	C:\Users\shara\.openjfx\cache\17.0.2-ea\api-ms-win-crt-multibyte-l1-1-0.dll
0x000001e9acd40000 - 0x000001e9acd50000 	C:\Users\shara\.openjfx\cache\17.0.2-ea\api-ms-win-crt-private-l1-1-0.dll
0x000001e9acd50000 - 0x000001e9acd53000 	C:\Users\shara\.openjfx\cache\17.0.2-ea\api-ms-win-crt-process-l1-1-0.dll
0x000001e9acd60000 - 0x000001e9acd64000 	C:\Users\shara\.openjfx\cache\17.0.2-ea\api-ms-win-crt-runtime-l1-1-0.dll
0x000001e9acd70000 - 0x000001e9acd74000 	C:\Users\shara\.openjfx\cache\17.0.2-ea\api-ms-win-crt-stdio-l1-1-0.dll
0x000001e9acd80000 - 0x000001e9acd84000 	C:\Users\shara\.openjfx\cache\17.0.2-ea\api-ms-win-crt-string-l1-1-0.dll
0x000001e9acd90000 - 0x000001e9acd93000 	C:\Users\shara\.openjfx\cache\17.0.2-ea\api-ms-win-crt-time-l1-1-0.dll
0x000001e9aced0000 - 0x000001e9aced3000 	C:\Users\shara\.openjfx\cache\17.0.2-ea\api-ms-win-crt-utility-l1-1-0.dll
0x00007ffbd2450000 - 0x00007ffbd254c000 	C:\Users\shara\.openjfx\cache\17.0.2-ea\ucrtbase.dll
0x00007ffbf2480000 - 0x00007ffbf249a000 	C:\Users\shara\.openjfx\cache\17.0.2-ea\vcruntime140.dll
0x00007ffbf31a0000 - 0x00007ffbf31ac000 	C:\Users\shara\.openjfx\cache\17.0.2-ea\vcruntime140_1.dll
0x00007ffbd85c0000 - 0x00007ffbd864d000 	C:\Users\shara\.openjfx\cache\17.0.2-ea\msvcp140.dll
0x00007ffbf2450000 - 0x00007ffbf247a000 	C:\Users\shara\.openjfx\cache\17.0.2-ea\prism_d3d.dll
0x00007ffbef950000 - 0x00007ffbefb1d000 	C:\WINDOWS\system32\d3d9.dll
0x00007ffc15390000 - 0x00007ffc153bf000 	C:\WINDOWS\SYSTEM32\dwmapi.dll
0x00007ffc150d0000 - 0x00007ffc1516e000 	C:\WINDOWS\system32\uxtheme.dll
0x00007ffbcd210000 - 0x00007ffbcd3b8000 	C:\WINDOWS\System32\DriverStore\FileRepository\iigd_dch.inf_amd64_393549dac595e659\igdumdim64.dll
0x00007ffc18f30000 - 0x00007ffc1905a000 	C:\WINDOWS\System32\ole32.dll
0x00007ffb6d310000 - 0x00007ffb70f2f000 	C:\WINDOWS\System32\DriverStore\FileRepository\iigd_dch.inf_amd64_393549dac595e659\igd9dxva64.dll
0x00007ffc18480000 - 0x00007ffc1854d000 	C:\WINDOWS\System32\OLEAUT32.dll
0x00007ffc18a90000 - 0x00007ffc18ef8000 	C:\WINDOWS\System32\SETUPAPI.dll
0x00007ffc17ce0000 - 0x00007ffc17d2e000 	C:\WINDOWS\System32\cfgmgr32.dll
0x00007ffc17d30000 - 0x00007ffc17d57000 	C:\WINDOWS\System32\bcrypt.dll
0x00007ffc02c80000 - 0x00007ffc03048000 	C:\WINDOWS\System32\DriverStore\FileRepository\iigd_dch.inf_amd64_393549dac595e659\igdgmm64.dll
0x00007ffbe83f0000 - 0x00007ffbe8432000 	C:\Users\shara\.openjfx\cache\17.0.2-ea\glass.dll
0x00007ffc18930000 - 0x00007ffc18a0a000 	C:\WINDOWS\System32\COMDLG32.dll
0x00007ffc198f0000 - 0x00007ffc19a04000 	C:\WINDOWS\System32\MSCTF.dll
0x00007ffbaae30000 - 0x00007ffbaae57000 	C:\WINDOWS\System32\DriverStore\FileRepository\iigd_dch.inf_amd64_393549dac595e659\igdinfo64.dll
0x00007ffbff690000 - 0x00007ffc02c76000 	C:\WINDOWS\System32\DriverStore\FileRepository\iigd_dch.inf_amd64_393549dac595e659\igc64.dll
0x00007ffc040a0000 - 0x00007ffc040db000 	C:\WINDOWS\SYSTEM32\dxcore.dll
0x00007ffbf2430000 - 0x00007ffbf2444000 	C:\Users\shara\.openjfx\cache\17.0.2-ea\javafx_font.dll
0x00007ffbf7620000 - 0x00007ffbf789f000 	C:\WINDOWS\SYSTEM32\dwrite.dll
0x00007ffc18800000 - 0x00007ffc188a9000 	C:\WINDOWS\System32\clbcatq.dll
0x00007ffc05ab0000 - 0x00007ffc05c64000 	C:\WINDOWS\SYSTEM32\WindowsCodecs.dll
0x00007ffbe57f0000 - 0x00007ffbe582e000 	C:\WINDOWS\system32\dataexchange.dll
0x00007ffc13710000 - 0x00007ffc13973000 	C:\WINDOWS\system32\d3d11.dll
0x00007ffc14340000 - 0x00007ffc14523000 	C:\WINDOWS\system32\dcomp.dll
0x00007ffc16340000 - 0x00007ffc16433000 	C:\WINDOWS\system32\dxgi.dll
0x00007ffc0f6c0000 - 0x00007ffc0f8c0000 	C:\WINDOWS\system32\twinapi.appcore.dll
0x00007ffbe8370000 - 0x00007ffbe83a4000 	C:\Program Files\Common Files\Microsoft Shared\Ink\rtscom.dll
0x00007ffbfc6c0000 - 0x00007ffbfc7b9000 	C:\WINDOWS\SYSTEM32\textinputframework.dll
0x00007ffc14960000 - 0x00007ffc14cbe000 	C:\WINDOWS\System32\CoreUIComponents.dll
0x00007ffc14d00000 - 0x00007ffc14df2000 	C:\WINDOWS\System32\CoreMessaging.dll
0x00007ffc16c30000 - 0x00007ffc16c63000 	C:\WINDOWS\SYSTEM32\ntmarta.dll
0x00007ffc140a0000 - 0x00007ffc141f4000 	C:\WINDOWS\SYSTEM32\wintypes.dll
0x00007ffc13a80000 - 0x00007ffc14040000 	C:\WINDOWS\SYSTEM32\d2d1.dll
0x00007ffc04a00000 - 0x00007ffc050f6000 	C:\WINDOWS\SYSTEM32\D3D10Warp.dll

dbghelp: loaded successfully - version: 4.0.5 - missing functions: none
symbol engine: initialized successfully - sym options: 0x614 - pdb path: .;C:\Users\shara\.jdks\openjdk-20.0.1\bin;C:\WINDOWS\SYSTEM32;C:\WINDOWS\WinSxS\amd64_microsoft.windows.common-controls_6595b64144ccf1df_6.0.19041.1110_none_60b5254171f9507e;C:\Users\shara\.jdks\openjdk-20.0.1\bin\server;C:\Program Files\JetBrains\IntelliJ IDEA 2022.3.3\bin;C:\Users\shara\.openjfx\cache\17.0.2-ea;C:\WINDOWS\System32\DriverStore\FileRepository\iigd_dch.inf_amd64_393549dac595e659;C:\Program Files\Common Files\Microsoft Shared\Ink

VM Arguments:
jvm_args: -javaagent:C:\Program Files\JetBrains\IntelliJ IDEA 2022.3.3\lib\idea_rt.jar=53183:C:\Program Files\JetBrains\IntelliJ IDEA 2022.3.3\bin -Dfile.encoding=UTF-8 -Dsun.stdout.encoding=UTF-8 -Dsun.stderr.encoding=UTF-8 --module-path=C:\Users\shara\.m2\repository\org\openjfx\javafx-base\17.0.2\javafx-base-17.0.2-win.jar;C:\Users\shara\.m2\repository\org\openjfx\javafx-controls\17.0.2\javafx-controls-17.0.2-win.jar;C:\Users\shara\.m2\repository\org\openjfx\javafx-graphics\17.0.2\javafx-graphics-17.0.2-win.jar;C:\Users\shara\.m2\repository\org\openjfx\javafx-fxml\17.0.2\javafx-fxml-17.0.2-win.jar;C:\Users\shara\IdeaProjects\Demo\target\classes -Djdk.module.main=sample.demo 
java_command: sample.demo/sample.demo.HelloApplication
java_class_path (initial): C:\Users\shara\.m2\repository\org\openjfx\javafx-controls\17.0.2\javafx-controls-17.0.2.jar;C:\Users\shara\.m2\repository\org\openjfx\javafx-graphics\17.0.2\javafx-graphics-17.0.2.jar;C:\Users\shara\.m2\repository\org\openjfx\javafx-base\17.0.2\javafx-base-17.0.2.jar;C:\Users\shara\.m2\repository\org\openjfx\javafx-fxml\17.0.2\javafx-fxml-17.0.2.jar
Launcher Type: SUN_STANDARD

[Global flags]
     intx CICompilerCount                          = 4                                         {product} {ergonomic}
     uint ConcGCThreads                            = 2                                         {product} {ergonomic}
     uint G1ConcRefinementThreads                  = 8                                         {product} {ergonomic}
   size_t G1HeapRegionSize                         = 2097152                                   {product} {ergonomic}
    uintx GCDrainStackTargetSize                   = 64                                        {product} {ergonomic}
   size_t InitialHeapSize                          = 266338304                                 {product} {ergonomic}
   size_t MarkStackSize                            = 4194304                                   {product} {ergonomic}
   size_t MaxHeapSize                              = 4261412864                                {product} {ergonomic}
   size_t MaxNewSize                               = 2556428288                                {product} {ergonomic}
   size_t MinHeapDeltaBytes                        = 2097152                                   {product} {ergonomic}
   size_t MinHeapSize                              = 8388608                                   {product} {ergonomic}
    uintx NonNMethodCodeHeapSize                   = 5839372                                {pd product} {ergonomic}
    uintx NonProfiledCodeHeapSize                  = 122909434                              {pd product} {ergonomic}
    uintx ProfiledCodeHeapSize                     = 122909434                              {pd product} {ergonomic}
    uintx ReservedCodeCacheSize                    = 251658240                              {pd product} {ergonomic}
     bool SegmentedCodeCache                       = true                                      {product} {ergonomic}
   size_t SoftMaxHeapSize                          = 4261412864                             {manageable} {ergonomic}
     bool UseCompressedClassPointers               = true                           {product lp64_product} {ergonomic}
     bool UseCompressedOops                        = true                           {product lp64_product} {ergonomic}
     bool UseG1GC                                  = true                                      {product} {ergonomic}
     bool UseLargePagesIndividualAllocation        = false                                  {pd product} {ergonomic}

Logging:
Log output configuration:
 #0: stdout all=off uptime,level,tags foldmultilines=false
 #1: stderr all=off uptime,level,tags foldmultilines=false

Environment Variables:
PATH=C:\Users\shara\Downloads\CUserssharaDownloadsWINDOWS.X64_193000_db_home\bin;C:\Program Files\Java\jdk-11.0.2\bin;C:\WINDOWS\system32;C:\WINDOWS;C:\WINDOWS\System32\Wbem;C:\WINDOWS\System32\WindowsPowerShell\v1.0\;C:\WINDOWS\System32\OpenSSH\;C:\Program Files\Git\cmd;C:\Program Files\Git\mingw64\bin;C:\Program Files\Git\usr\bin;C:\wamp64\bin\php\php7.3.12;C:\Program Files\dotnet\;C:\Program Files\MySQL\MySQL Shell 8.0\bin\;C:\Users\shara\AppData\Local\Microsoft\WindowsApps;;C:\Program Files\JetBrains\IntelliJ IDEA Community Edition 2020.2.3\bin;;C:\Users\shara\.dotnet\tools;C:\Program Files\JetBrains\IntelliJ IDEA 2022.3.3\bin;
USERNAME=shara
OS=Windows_NT
PROCESSOR_IDENTIFIER=Intel64 Family 6 Model 142 Stepping 12, GenuineIntel
TMP=C:\Users\shara\AppData\Local\Temp
TEMP=C:\Users\shara\AppData\Local\Temp




---------------  S Y S T E M  ---------------

OS:
 Windows 10 , 64 bit Build 19041 (10.0.19041.2788)
OS uptime: 50 days 0:33 hours

CPU: total 8 (initial active 8) (4 cores per cpu, 2 threads per core) family 6 model 142 stepping 12 microcode 0xc6, cx8, cmov, fxsr, ht, mmx, 3dnowpref, sse, sse2, sse3, ssse3, sse4.1, sse4.2, popcnt, lzcnt, tsc, tscinvbit, avx, avx2, aes, erms, clmul, bmi1, bmi2, adx, fma, vzeroupper, clflush, clflushopt, rdtscp, f16c

Memory: 4k page, system-wide physical 16254M (3515M free)
TotalPageFile size 32239M (AvailPageFile size 3440M)
current process WorkingSet (physical memory assigned to process): 186M, peak: 210M
current process commit charge ("private bytes"): 430M, peak: 452M

vm_info: OpenJDK 64-Bit Server VM (20.0.1+9-29) for windows-amd64 JRE (20.0.1+9-29), built on 2023-03-07T13:56:11Z by "mach5one" with MS VC++ 17.1 (VS2022)

END.
