#
# A fatal error has been detected by the Java Runtime Environment:
#
#  EXCEPTION_ACCESS_VIOLATION (0xc0000005) at pc=0x00007ffbe5bd6ab7, pid=16140, tid=28028
#
# JRE version: OpenJDK Runtime Environment (20.0.1+9) (build 20.0.1+9-29)
# Java VM: OpenJDK 64-Bit Server VM (20.0.1+9-29, mixed mode, sharing, tiered, compressed oops, compressed class ptrs, g1 gc, windows-amd64)
# Problematic frame:
# C  [glass.dll+0x26ab7]
#
# No core dump will be written. Minidumps are not enabled by default on client versions of Windows
#
# If you would like to submit a bug report, please visit:
#   https://bugreport.java.com/bugreport/crash.jsp
#

---------------  S U M M A R Y ------------

Command Line: -javaagent:C:\Program Files\JetBrains\IntelliJ IDEA 2022.3.3\lib\idea_rt.jar=52408:C:\Program Files\JetBrains\IntelliJ IDEA 2022.3.3\bin -Dfile.encoding=UTF-8 -Dsun.stdout.encoding=UTF-8 -Dsun.stderr.encoding=UTF-8 --module-path=C:\Users\shara\.m2\repository\org\openjfx\javafx-graphics\17.0.2\javafx-graphics-17.0.2-win.jar;C:\Users\shara\.m2\repository\org\openjfx\javafx-base\17.0.2\javafx-base-17.0.2-win.jar;C:\Users\shara\.m2\repository\org\openjfx\javafx-controls\17.0.2\javafx-controls-17.0.2-win.jar;C:\Users\shara\.m2\repository\org\openjfx\javafx-fxml\17.0.2\javafx-fxml-17.0.2-win.jar;C:\Users\shara\IdeaProjects\Demo\target\classes -Djdk.module.main=sample.demo sample.demo/sample.demo.HelloApplication

Host: Intel(R) Core(TM) i7-8565U CPU @ 1.80GHz, 8 cores, 15G,  Windows 10 , 64 bit Build 19041 (10.0.19041.2788)
Time: Mon Jun  5 19:15:12 2023 Russia TZ 2 Standard Time elapsed time: 27.813324 seconds (0d 0h 0m 27s)

---------------  T H R E A D  ---------------

Current thread (0x000001f161642450):  VMThread "VM Thread" [stack: 0x000000a413400000,0x000000a413500000] [id=28028]

Stack: [0x000000a413400000,0x000000a413500000],  sp=0x000000a4134ff2f0,  free space=1020k
Native frames: (J=compiled Java code, j=interpreted, Vv=VM code, C=native code)
C  [glass.dll+0x26ab7]


siginfo: EXCEPTION_ACCESS_VIOLATION (0xc0000005), reading address 0x0000000000000000


Registers:
RAX=0x0000000000000000, RBX=0x000001f161649100, RCX=0x000001f161642450, RDX=0x000000a4134ff2f0
RSP=0x000000a4134ff2f0, RBP=0x000001f165dcb418, RSI=0x000001f165dcb3f0, RDI=0x0000dcf56d97f8ff
R8 =0x0000000000010002, R9 =0x0000dcf56d97f8ff, R10=0x0000000000008000, R11=0x000000a4134ff280
R12=0x00007ffbe5bd4384, R13=0x00007ffba21dea90, R14=0x000000a4134ff3e8, R15=0x000001f165dcb3f0
RIP=0x00007ffbe5bd6ab7, EFLAGS=0x0000000000010206


Register to memory mapping:

RIP=0x00007ffbe5bd6ab7 glass.dll
RAX=0x0 is NULL
RBX=0x000001f161649100 is a global jni handle
RCX=0x000001f161642450 points into unknown readable memory: 0x00007ffba2007080 | 80 70 00 a2 fb 7f 00 00
RDX=0x000000a4134ff2f0 points into unknown readable memory: 0x0000000000000000 | 00 00 00 00 00 00 00 00
RSP=0x000000a4134ff2f0 points into unknown readable memory: 0x0000000000000000 | 00 00 00 00 00 00 00 00
RBP=0x000001f165dcb418 points into unknown readable memory: 0x0000dcf56d97f8ff | ff f8 97 6d f5 dc 00 00
RSI=0x000001f165dcb3f0 points into unknown readable memory: 0x0000e3089f4967b1 | b1 67 49 9f 08 e3 00 00
RDI=0x0000dcf56d97f8ff is an unknown value
R8 =0x0000000000010002 is an unknown value
R9 =0x0000dcf56d97f8ff is an unknown value
R10=0x0000000000008000 is an unknown value
R11=0x000000a4134ff280 points into unknown readable memory: 0x000001f165dcb3f0 | f0 b3 dc 65 f1 01 00 00
R12=0x00007ffbe5bd4384 glass.dll
R13=0x00007ffba21dea90 jvm.dll
R14=0x000000a4134ff3e8 points into unknown readable memory: 0x000000a4134ff3d0 | d0 f3 4f 13 a4 00 00 00
R15=0x000001f165dcb3f0 points into unknown readable memory: 0x0000e3089f4967b1 | b1 67 49 9f 08 e3 00 00


Top of Stack: (sp=0x000000a4134ff2f0)
0x000000a4134ff2f0:   0000000000000000 000001f165dcb3f0
0x000000a4134ff300:   00007ffba21dea90 00007ffbe5bd4384
0x000000a4134ff310:   000001f165dcb3f8 00007ffc182b42d6
0x000000a4134ff320:   0000dcf56d97f8ff 000001f100000000
0x000000a4134ff330:   000001f165dcb418 000001f165dcb3f0
0x000000a4134ff340:   fffffffffffffffe 0000000000000000
0x000000a4134ff350:   0000000000000001 00007ffbe5bb0000
0x000000a4134ff360:   000000a4134ff3d8 00007ffc182b41fb
0x000000a4134ff370:   0000000000000000 000000a4134ff3e8
0x000000a4134ff380:   000000a4134ff6b0 00007ffc18390e40
0x000000a4134ff390:   0000000000000001 00007ffc182b41b4
0x000000a4134ff3a0:   0000000000000000 0000000000000001
0x000000a4134ff3b0:   00007ffb00000001 000000a4134ff3d8
0x000000a4134ff3c0:   0000000000000000 00007ffbe5bd4211
0x000000a4134ff3d0:   00007ffbe5bea138 00007ffc00000002
0x000000a4134ff3e0:   0000000000000002 000000a4134ff3d0
0x000000a4134ff3f0:   0000000000000000 00007ffc1a389993
0x000000a4134ff400:   0000000000000000 00007ffbe5bd4336
0x000000a4134ff410:   0000000000000001 0000000000000000
0x000000a4134ff420:   0000000000000000 0000000000000001
0x000000a4134ff430:   0000000000000000 0000000000000000
0x000000a4134ff440:   0000000000000001 0000379069b6c2f3
0x000000a4134ff450:   00007ffbe5bb0000 000000007ffe0384
0x000000a4134ff460:   0000000000000000 00007ffc1a389a1d
0x000000a4134ff470:   00007ffbe5bb0000 0000000000000000
0x000000a4134ff480:   0000000000000001 000000007ffe0385
0x000000a4134ff490:   0000000002360fb8 000000a4134ff6b0
0x000000a4134ff4a0:   0000379000000000 0000000000000014
0x000000a4134ff4b0:   0000000000000000 00007ffbe5bd4384
0x000000a4134ff4c0:   00000000000003d8 000001f16634bd50
0x000000a4134ff4d0:   000001f161634d00 00007ffc1a3cdcec
0x000000a4134ff4e0:   000001f16634b3b0 00007ffbe5bb0000 

Instructions: (pc=0x00007ffbe5bd6ab7)
0x00007ffbe5bd69b7:   8b 4d 58 e8 01 cf ff ff 48 8b 4d 60 e8 f8 ce ff
0x00007ffbe5bd69c7:   ff 48 8b 95 80 00 00 00 48 8b 8d 18 01 00 00 e8
0x00007ffbe5bd69d7:   c6 c3 ff ff 33 d2 33 c9 e8 3c e1 ff ff 90 48 89
0x00007ffbe5bd69e7:   54 24 10 55 48 83 ec 20 48 8b ea 48 b8 00 00 00
0x00007ffbe5bd69f7:   00 00 00 00 00 48 83 c4 20 5d c3 cc 40 55 48 8b
0x00007ffbe5bd6a07:   ea 48 8b 01 33 c9 81 38 05 00 00 c0 0f 94 c1 8b
0x00007ffbe5bd6a17:   c1 5d c3 cc 40 55 48 83 ec 20 48 8b ea 8a 4d 40
0x00007ffbe5bd6a27:   48 83 c4 20 5d e9 f7 d2 ff ff cc 40 55 48 83 ec
0x00007ffbe5bd6a37:   20 48 8b ea 8a 4d 20 e8 e5 d2 ff ff 90 48 83 c4
0x00007ffbe5bd6a47:   20 5d c3 cc 40 55 48 83 ec 20 48 8b ea 48 83 c4
0x00007ffbe5bd6a57:   20 5d e9 46 d1 ff ff cc 40 55 48 83 ec 30 48 8b
0x00007ffbe5bd6a67:   ea 48 8b 01 8b 10 48 89 4c 24 28 89 54 24 20 4c
0x00007ffbe5bd6a77:   8d 0d e7 d5 ff ff 4c 8b 45 70 8b 55 68 48 8b 4d
0x00007ffbe5bd6a87:   60 e8 87 d0 ff ff 90 48 83 c4 30 5d c3 cc cc cc
0x00007ffbe5bd6a97:   cc cc cc cc cc cc cc cc cc 40 53 48 83 ec 20 48
0x00007ffbe5bd6aa7:   8b 1d 83 30 01 00 48 85 db 74 16 e8 09 8b ff ff
0x00007ffbe5bd6ab7:   4c 8b 00 48 8b d3 48 8b c8 41 ff 90 b0 00 00 00
0x00007ffbe5bd6ac7:   90 48 83 c4 20 5b c3 cc cc 40 53 48 83 ec 20 48
0x00007ffbe5bd6ad7:   8b 1d fb 31 01 00 48 85 db 74 57 b8 ff ff ff ff
0x00007ffbe5bd6ae7:   f0 0f c1 43 10 83 f8 01 75 3d 48 85 db 74 38 48
0x00007ffbe5bd6af7:   8b 0b 48 85 c9 74 0d ff 15 a4 07 00 00 48 c7 03
0x00007ffbe5bd6b07:   00 00 00 00 48 8b 4b 08 48 85 c9 74 0d e8 a7 cd
0x00007ffbe5bd6b17:   ff ff 48 c7 43 08 00 00 00 00 ba 18 00 00 00 48
0x00007ffbe5bd6b27:   8b cb e8 92 cd ff ff 48 c7 05 9f 31 01 00 00 00
0x00007ffbe5bd6b37:   00 00 48 83 c4 20 5b c3 cc 40 53 48 83 ec 20 48
0x00007ffbe5bd6b47:   8b 1d 6b 31 01 00 48 85 db 74 57 b8 ff ff ff ff
0x00007ffbe5bd6b57:   f0 0f c1 43 10 83 f8 01 75 3d 48 85 db 74 38 48
0x00007ffbe5bd6b67:   8b 0b 48 85 c9 74 0d ff 15 34 07 00 00 48 c7 03
0x00007ffbe5bd6b77:   00 00 00 00 48 8b 4b 08 48 85 c9 74 0d e8 37 cd
0x00007ffbe5bd6b87:   ff ff 48 c7 43 08 00 00 00 00 ba 18 00 00 00 48
0x00007ffbe5bd6b97:   8b cb e8 22 cd ff ff 48 c7 05 0f 31 01 00 00 00
0x00007ffbe5bd6ba7:   00 00 48 83 c4 20 5b c3 cc 40 53 48 83 ec 20 48 


Stack slot to memory mapping:
stack at sp + 0 slots: 0x0 is NULL
stack at sp + 1 slots: 0x000001f165dcb3f0 points into unknown readable memory: 0x0000e3089f4967b1 | b1 67 49 9f 08 e3 00 00
stack at sp + 2 slots: 0x00007ffba21dea90 jvm.dll
stack at sp + 3 slots: 0x00007ffbe5bd4384 glass.dll
stack at sp + 4 slots: 0x000001f165dcb3f8 points into unknown readable memory: 0x0000dcf56d97f8ff | ff f8 97 6d f5 dc 00 00
stack at sp + 5 slots: 0x00007ffc182b42d6 ucrtbase.dll
stack at sp + 6 slots: 0x0000dcf56d97f8ff is an unknown value
stack at sp + 7 slots: 0x000001f100000000 is an unknown value

VM_Operation (0x000000a4159fefb0): Exit, mode: safepoint, requested by thread 0x000001f166c8ecc0


---------------  P R O C E S S  ---------------

Threads class SMR info:
_java_thread_list=0x000001f166498120, length=20, elements={
0x000001f1420fb350, 0x000001f161662650, 0x000001f161663450, 0x000001f161664250,
0x000001f161666020, 0x000001f161669a80, 0x000001f16166b3d0, 0x000001f16166f540,
0x000001f161671ed0, 0x000001f16588d050, 0x000001f1663d3440, 0x000001f16633d3a0,
0x000001f166478b40, 0x000001f166931020, 0x000001f1669a7710, 0x000001f166a83ba0,
0x000001f167067ec0, 0x000001f166c90200, 0x000001f166c911f0, 0x000001f166c8ecc0
}

Java Threads: ( => current thread )
  0x000001f1420fb350 JavaThread "main" [_thread_blocked, id=14548, stack(0x000000a412e00000,0x000000a412f00000)]
  0x000001f161662650 JavaThread "Reference Handler" daemon [_thread_blocked, id=18356, stack(0x000000a413500000,0x000000a413600000)]
  0x000001f161663450 JavaThread "Finalizer" daemon [_thread_blocked, id=16720, stack(0x000000a413600000,0x000000a413700000)]
  0x000001f161664250 JavaThread "Signal Dispatcher" daemon [_thread_blocked, id=19552, stack(0x000000a413700000,0x000000a413800000)]
  0x000001f161666020 JavaThread "Attach Listener" daemon [_thread_blocked, id=14908, stack(0x000000a413800000,0x000000a413900000)]
  0x000001f161669a80 JavaThread "Service Thread" daemon [_thread_blocked, id=32620, stack(0x000000a413900000,0x000000a413a00000)]
  0x000001f16166b3d0 JavaThread "Monitor Deflation Thread" daemon [_thread_blocked, id=14100, stack(0x000000a413a00000,0x000000a413b00000)]
  0x000001f16166f540 JavaThread "C2 CompilerThread0" daemon [_thread_blocked, id=32260, stack(0x000000a413b00000,0x000000a413c00000)]
  0x000001f161671ed0 JavaThread "C1 CompilerThread0" daemon [_thread_blocked, id=27404, stack(0x000000a413c00000,0x000000a413d00000)]
  0x000001f16588d050 JavaThread "Common-Cleaner" daemon [_thread_blocked, id=32524, stack(0x000000a413d00000,0x000000a413e00000)]
  0x000001f1663d3440 JavaThread "Monitor Ctrl-Break" daemon [_thread_in_native, id=32496, stack(0x000000a414000000,0x000000a414100000)]
  0x000001f16633d3a0 JavaThread "Notification Thread" daemon [_thread_blocked, id=1444, stack(0x000000a414100000,0x000000a414200000)]
  0x000001f166478b40 JavaThread "QuantumRenderer-0" daemon [_thread_blocked, id=27712, stack(0x000000a414300000,0x000000a414400000)]
  0x000001f166931020 JavaThread "InvokeLaterDispatcher" daemon [_thread_blocked, id=22904, stack(0x000000a414400000,0x000000a414500000)]
  0x000001f1669a7710 JavaThread "JavaFX Application Thread" [_thread_in_native, id=25692, stack(0x000000a414500000,0x000000a414600000)]
  0x000001f166a83ba0 JavaThread "Thread-1" daemon [_thread_in_native, id=8980, stack(0x000000a414900000,0x000000a414a00000)]
  0x000001f167067ec0 JavaThread "JavaFX-Launcher" [_thread_blocked, id=31900, stack(0x000000a414a00000,0x000000a414b00000)]
  0x000001f166c90200 JavaThread "Prism Font Disposer" daemon [_thread_blocked, id=30292, stack(0x000000a413f00000,0x000000a414000000)]
  0x000001f166c911f0 JavaThread "Cleaner-0" daemon [_thread_blocked, id=26564, stack(0x000000a415300000,0x000000a415400000)]
  0x000001f166c8ecc0 JavaThread "SIGINT handler" daemon [_thread_blocked, id=27328, stack(0x000000a415900000,0x000000a415a00000)]

Other Threads:
=>0x000001f161642450 VMThread "VM Thread" [stack: 0x000000a413400000,0x000000a413500000] [id=28028]
  0x000001f142169700 WorkerThread "GC Thread#0" [stack: 0x000000a412f00000,0x000000a413000000] [id=26936]
  0x000001f166b88350 WorkerThread "GC Thread#1" [stack: 0x000000a414b00000,0x000000a414c00000] [id=28688]
  0x000001f166a958d0 WorkerThread "GC Thread#2" [stack: 0x000000a414c00000,0x000000a414d00000] [id=17844]
  0x000001f166ab0710 WorkerThread "GC Thread#3" [stack: 0x000000a414d00000,0x000000a414e00000] [id=29824]
  0x000001f166b6c6f0 WorkerThread "GC Thread#4" [stack: 0x000000a414e00000,0x000000a414f00000] [id=29544]
  0x000001f166b6c150 WorkerThread "GC Thread#5" [stack: 0x000000a414f00000,0x000000a415000000] [id=31396]
  0x000001f166b6c9c0 WorkerThread "GC Thread#6" [stack: 0x000000a415700000,0x000000a415800000] [id=20736]
  0x000001f166b6d500 WorkerThread "GC Thread#7" [stack: 0x000000a415800000,0x000000a415900000] [id=12228]
  0x000001f14217a5b0 ConcurrentGCThread "G1 Main Marker" terminated
  0x000001f14217c790 WorkerThread "G1 Conc#0" [stack: 0x000000a413100000,0x000000a413200000] [id=10824]
  0x000001f1421ce630 ConcurrentGCThread "G1 Refine#0" terminated
  0x000001f1615002a0 ConcurrentGCThread "G1 Service" terminated

Threads with active compile tasks:

VM state: at safepoint (shutting down)

VM Mutex/Monitor currently owned by a thread:  ([mutex/lock_event])
[0x000001f1420f6bb0] Threads_lock - owner thread: 0x000001f161642450
[0x000001f1420f7d20] Heap_lock - owner thread: 0x000001f166c8ecc0

Heap address: 0x0000000702000000, size: 4064 MB, Compressed Oops mode: Zero based, Oop shift amount: 3

CDS archive(s) mapped at: [0x0000000800000000-0x0000000800c60000-0x0000000800c60000), size 12976128, SharedBaseAddress: 0x0000000800000000, ArchiveRelocationMode: 0.
Compressed class space mapped at: 0x0000000801000000-0x0000000841000000, reserved size: 1073741824
Narrow klass base: 0x0000000800000000, Narrow klass shift: 0, Narrow klass range: 0x100000000

GC Precious Log:
 CardTable entry size: 512
 Card Set container configuration: InlinePtr #cards 4 size 8 Array Of Cards #cards 16 size 48 Howl #buckets 8 coarsen threshold 3686 Howl Bitmap #cards 512 size 80 coarsen threshold 460 Card regions per heap region 1 cards per card region 4096
 CPUs: 8 total, 8 available
 Memory: 16254M
 Large Page Support: Disabled
 NUMA Support: Disabled
 Compressed Oops: Enabled (Zero based)
 Heap Region Size: 2M
 Heap Min Capacity: 8M
 Heap Initial Capacity: 254M
 Heap Max Capacity: 4064M
 Pre-touch: Disabled
 Parallel Workers: 8
 Concurrent Workers: 2
 Concurrent Refinement Workers: 8
 Periodic GC: Disabled

Heap:
 garbage-first heap   total 260096K, used 24474K [0x0000000702000000, 0x0000000800000000)
  region size 2048K, 11 young (22528K), 3 survivors (6144K)
 Metaspace       used 17587K, committed 17920K, reserved 1114112K
  class space    used 2516K, committed 2624K, reserved 1048576K

Heap Regions: E=young(eden), S=young(survivor), O=old, HS=humongous(starts), HC=humongous(continues), CS=collection set, F=free, OA=open archive, CA=closed archive, TAMS=top-at-mark-start, PB=parsable bottom
|   0|0x0000000702000000, 0x0000000702200000, 0x0000000702200000|100%|HS|  |TAMS 0x0000000702000000| PB 0x0000000702000000| Complete 
|   1|0x0000000702200000, 0x00000007023e6800, 0x0000000702400000| 95%| O|  |TAMS 0x0000000702200000| PB 0x0000000702200000| Untracked 
|   2|0x0000000702400000, 0x0000000702600000, 0x0000000702600000|100%|HS|  |TAMS 0x0000000702400000| PB 0x0000000702400000| Complete 
|   3|0x0000000702600000, 0x0000000702600000, 0x0000000702800000|  0%| F|  |TAMS 0x0000000702600000| PB 0x0000000702600000| Untracked 
|   4|0x0000000702800000, 0x0000000702800000, 0x0000000702a00000|  0%| F|  |TAMS 0x0000000702800000| PB 0x0000000702800000| Untracked 
|   5|0x0000000702a00000, 0x0000000702a00000, 0x0000000702c00000|  0%| F|  |TAMS 0x0000000702a00000| PB 0x0000000702a00000| Untracked 
|   6|0x0000000702c00000, 0x0000000702c00000, 0x0000000702e00000|  0%| F|  |TAMS 0x0000000702c00000| PB 0x0000000702c00000| Untracked 
|   7|0x0000000702e00000, 0x0000000702e00000, 0x0000000703000000|  0%| F|  |TAMS 0x0000000702e00000| PB 0x0000000702e00000| Untracked 
|   8|0x0000000703000000, 0x0000000703000000, 0x0000000703200000|  0%| F|  |TAMS 0x0000000703000000| PB 0x0000000703000000| Untracked 
|   9|0x0000000703200000, 0x0000000703200000, 0x0000000703400000|  0%| F|  |TAMS 0x0000000703200000| PB 0x0000000703200000| Untracked 
|  10|0x0000000703400000, 0x0000000703400000, 0x0000000703600000|  0%| F|  |TAMS 0x0000000703400000| PB 0x0000000703400000| Untracked 
|  11|0x0000000703600000, 0x0000000703600000, 0x0000000703800000|  0%| F|  |TAMS 0x0000000703600000| PB 0x0000000703600000| Untracked 
|  12|0x0000000703800000, 0x0000000703800000, 0x0000000703a00000|  0%| F|  |TAMS 0x0000000703800000| PB 0x0000000703800000| Untracked 
|  13|0x0000000703a00000, 0x0000000703a00000, 0x0000000703c00000|  0%| F|  |TAMS 0x0000000703a00000| PB 0x0000000703a00000| Untracked 
|  14|0x0000000703c00000, 0x0000000703c00000, 0x0000000703e00000|  0%| F|  |TAMS 0x0000000703c00000| PB 0x0000000703c00000| Untracked 
|  15|0x0000000703e00000, 0x0000000703e00000, 0x0000000704000000|  0%| F|  |TAMS 0x0000000703e00000| PB 0x0000000703e00000| Untracked 
|  16|0x0000000704000000, 0x0000000704000000, 0x0000000704200000|  0%| F|  |TAMS 0x0000000704000000| PB 0x0000000704000000| Untracked 
|  17|0x0000000704200000, 0x0000000704200000, 0x0000000704400000|  0%| F|  |TAMS 0x0000000704200000| PB 0x0000000704200000| Untracked 
|  18|0x0000000704400000, 0x0000000704400000, 0x0000000704600000|  0%| F|  |TAMS 0x0000000704400000| PB 0x0000000704400000| Untracked 
|  19|0x0000000704600000, 0x0000000704600000, 0x0000000704800000|  0%| F|  |TAMS 0x0000000704600000| PB 0x0000000704600000| Untracked 
|  20|0x0000000704800000, 0x0000000704800000, 0x0000000704a00000|  0%| F|  |TAMS 0x0000000704800000| PB 0x0000000704800000| Untracked 
|  21|0x0000000704a00000, 0x0000000704a00000, 0x0000000704c00000|  0%| F|  |TAMS 0x0000000704a00000| PB 0x0000000704a00000| Untracked 
|  22|0x0000000704c00000, 0x0000000704c00000, 0x0000000704e00000|  0%| F|  |TAMS 0x0000000704c00000| PB 0x0000000704c00000| Untracked 
|  23|0x0000000704e00000, 0x0000000704e00000, 0x0000000705000000|  0%| F|  |TAMS 0x0000000704e00000| PB 0x0000000704e00000| Untracked 
|  24|0x0000000705000000, 0x0000000705000000, 0x0000000705200000|  0%| F|  |TAMS 0x0000000705000000| PB 0x0000000705000000| Untracked 
|  25|0x0000000705200000, 0x0000000705200000, 0x0000000705400000|  0%| F|  |TAMS 0x0000000705200000| PB 0x0000000705200000| Untracked 
|  26|0x0000000705400000, 0x0000000705400000, 0x0000000705600000|  0%| F|  |TAMS 0x0000000705400000| PB 0x0000000705400000| Untracked 
|  27|0x0000000705600000, 0x0000000705600000, 0x0000000705800000|  0%| F|  |TAMS 0x0000000705600000| PB 0x0000000705600000| Untracked 
|  28|0x0000000705800000, 0x0000000705800000, 0x0000000705a00000|  0%| F|  |TAMS 0x0000000705800000| PB 0x0000000705800000| Untracked 
|  29|0x0000000705a00000, 0x0000000705a00000, 0x0000000705c00000|  0%| F|  |TAMS 0x0000000705a00000| PB 0x0000000705a00000| Untracked 
|  30|0x0000000705c00000, 0x0000000705c00000, 0x0000000705e00000|  0%| F|  |TAMS 0x0000000705c00000| PB 0x0000000705c00000| Untracked 
|  31|0x0000000705e00000, 0x0000000705e00000, 0x0000000706000000|  0%| F|  |TAMS 0x0000000705e00000| PB 0x0000000705e00000| Untracked 
|  32|0x0000000706000000, 0x0000000706000000, 0x0000000706200000|  0%| F|  |TAMS 0x0000000706000000| PB 0x0000000706000000| Untracked 
|  33|0x0000000706200000, 0x0000000706200000, 0x0000000706400000|  0%| F|  |TAMS 0x0000000706200000| PB 0x0000000706200000| Untracked 
|  34|0x0000000706400000, 0x0000000706400000, 0x0000000706600000|  0%| F|  |TAMS 0x0000000706400000| PB 0x0000000706400000| Untracked 
|  35|0x0000000706600000, 0x0000000706600000, 0x0000000706800000|  0%| F|  |TAMS 0x0000000706600000| PB 0x0000000706600000| Untracked 
|  36|0x0000000706800000, 0x0000000706800000, 0x0000000706a00000|  0%| F|  |TAMS 0x0000000706800000| PB 0x0000000706800000| Untracked 
|  37|0x0000000706a00000, 0x0000000706a00000, 0x0000000706c00000|  0%| F|  |TAMS 0x0000000706a00000| PB 0x0000000706a00000| Untracked 
|  38|0x0000000706c00000, 0x0000000706c00000, 0x0000000706e00000|  0%| F|  |TAMS 0x0000000706c00000| PB 0x0000000706c00000| Untracked 
|  39|0x0000000706e00000, 0x0000000706e00000, 0x0000000707000000|  0%| F|  |TAMS 0x0000000706e00000| PB 0x0000000706e00000| Untracked 
|  40|0x0000000707000000, 0x0000000707000000, 0x0000000707200000|  0%| F|  |TAMS 0x0000000707000000| PB 0x0000000707000000| Untracked 
|  41|0x0000000707200000, 0x0000000707200000, 0x0000000707400000|  0%| F|  |TAMS 0x0000000707200000| PB 0x0000000707200000| Untracked 
|  42|0x0000000707400000, 0x0000000707400000, 0x0000000707600000|  0%| F|  |TAMS 0x0000000707400000| PB 0x0000000707400000| Untracked 
|  43|0x0000000707600000, 0x0000000707600000, 0x0000000707800000|  0%| F|  |TAMS 0x0000000707600000| PB 0x0000000707600000| Untracked 
|  44|0x0000000707800000, 0x0000000707800000, 0x0000000707a00000|  0%| F|  |TAMS 0x0000000707800000| PB 0x0000000707800000| Untracked 
|  45|0x0000000707a00000, 0x0000000707a00000, 0x0000000707c00000|  0%| F|  |TAMS 0x0000000707a00000| PB 0x0000000707a00000| Untracked 
|  46|0x0000000707c00000, 0x0000000707c00000, 0x0000000707e00000|  0%| F|  |TAMS 0x0000000707c00000| PB 0x0000000707c00000| Untracked 
|  47|0x0000000707e00000, 0x0000000707e00000, 0x0000000708000000|  0%| F|  |TAMS 0x0000000707e00000| PB 0x0000000707e00000| Untracked 
|  48|0x0000000708000000, 0x0000000708000000, 0x0000000708200000|  0%| F|  |TAMS 0x0000000708000000| PB 0x0000000708000000| Untracked 
|  49|0x0000000708200000, 0x0000000708200000, 0x0000000708400000|  0%| F|  |TAMS 0x0000000708200000| PB 0x0000000708200000| Untracked 
|  50|0x0000000708400000, 0x0000000708400000, 0x0000000708600000|  0%| F|  |TAMS 0x0000000708400000| PB 0x0000000708400000| Untracked 
|  51|0x0000000708600000, 0x0000000708600000, 0x0000000708800000|  0%| F|  |TAMS 0x0000000708600000| PB 0x0000000708600000| Untracked 
|  52|0x0000000708800000, 0x0000000708800000, 0x0000000708a00000|  0%| F|  |TAMS 0x0000000708800000| PB 0x0000000708800000| Untracked 
|  53|0x0000000708a00000, 0x0000000708a00000, 0x0000000708c00000|  0%| F|  |TAMS 0x0000000708a00000| PB 0x0000000708a00000| Untracked 
|  54|0x0000000708c00000, 0x0000000708c00000, 0x0000000708e00000|  0%| F|  |TAMS 0x0000000708c00000| PB 0x0000000708c00000| Untracked 
|  55|0x0000000708e00000, 0x0000000708e00000, 0x0000000709000000|  0%| F|  |TAMS 0x0000000708e00000| PB 0x0000000708e00000| Untracked 
|  56|0x0000000709000000, 0x0000000709000000, 0x0000000709200000|  0%| F|  |TAMS 0x0000000709000000| PB 0x0000000709000000| Untracked 
|  57|0x0000000709200000, 0x0000000709200000, 0x0000000709400000|  0%| F|  |TAMS 0x0000000709200000| PB 0x0000000709200000| Untracked 
|  58|0x0000000709400000, 0x0000000709400000, 0x0000000709600000|  0%| F|  |TAMS 0x0000000709400000| PB 0x0000000709400000| Untracked 
|  59|0x0000000709600000, 0x0000000709600000, 0x0000000709800000|  0%| F|  |TAMS 0x0000000709600000| PB 0x0000000709600000| Untracked 
|  60|0x0000000709800000, 0x0000000709800000, 0x0000000709a00000|  0%| F|  |TAMS 0x0000000709800000| PB 0x0000000709800000| Untracked 
|  61|0x0000000709a00000, 0x0000000709a00000, 0x0000000709c00000|  0%| F|  |TAMS 0x0000000709a00000| PB 0x0000000709a00000| Untracked 
|  62|0x0000000709c00000, 0x0000000709c00000, 0x0000000709e00000|  0%| F|  |TAMS 0x0000000709c00000| PB 0x0000000709c00000| Untracked 
|  63|0x0000000709e00000, 0x0000000709e00000, 0x000000070a000000|  0%| F|  |TAMS 0x0000000709e00000| PB 0x0000000709e00000| Untracked 
|  64|0x000000070a000000, 0x000000070a000000, 0x000000070a200000|  0%| F|  |TAMS 0x000000070a000000| PB 0x000000070a000000| Untracked 
|  65|0x000000070a200000, 0x000000070a200000, 0x000000070a400000|  0%| F|  |TAMS 0x000000070a200000| PB 0x000000070a200000| Untracked 
|  66|0x000000070a400000, 0x000000070a400000, 0x000000070a600000|  0%| F|  |TAMS 0x000000070a400000| PB 0x000000070a400000| Untracked 
|  67|0x000000070a600000, 0x000000070a600000, 0x000000070a800000|  0%| F|  |TAMS 0x000000070a600000| PB 0x000000070a600000| Untracked 
|  68|0x000000070a800000, 0x000000070a800000, 0x000000070aa00000|  0%| F|  |TAMS 0x000000070a800000| PB 0x000000070a800000| Untracked 
|  69|0x000000070aa00000, 0x000000070aa00000, 0x000000070ac00000|  0%| F|  |TAMS 0x000000070aa00000| PB 0x000000070aa00000| Untracked 
|  70|0x000000070ac00000, 0x000000070ac00000, 0x000000070ae00000|  0%| F|  |TAMS 0x000000070ac00000| PB 0x000000070ac00000| Untracked 
|  71|0x000000070ae00000, 0x000000070ae00000, 0x000000070b000000|  0%| F|  |TAMS 0x000000070ae00000| PB 0x000000070ae00000| Untracked 
|  72|0x000000070b000000, 0x000000070b000000, 0x000000070b200000|  0%| F|  |TAMS 0x000000070b000000| PB 0x000000070b000000| Untracked 
|  73|0x000000070b200000, 0x000000070b200000, 0x000000070b400000|  0%| F|  |TAMS 0x000000070b200000| PB 0x000000070b200000| Untracked 
|  74|0x000000070b400000, 0x000000070b400000, 0x000000070b600000|  0%| F|  |TAMS 0x000000070b400000| PB 0x000000070b400000| Untracked 
|  75|0x000000070b600000, 0x000000070b600000, 0x000000070b800000|  0%| F|  |TAMS 0x000000070b600000| PB 0x000000070b600000| Untracked 
|  76|0x000000070b800000, 0x000000070b800000, 0x000000070ba00000|  0%| F|  |TAMS 0x000000070b800000| PB 0x000000070b800000| Untracked 
|  77|0x000000070ba00000, 0x000000070ba00000, 0x000000070bc00000|  0%| F|  |TAMS 0x000000070ba00000| PB 0x000000070ba00000| Untracked 
|  78|0x000000070bc00000, 0x000000070bc00000, 0x000000070be00000|  0%| F|  |TAMS 0x000000070bc00000| PB 0x000000070bc00000| Untracked 
|  79|0x000000070be00000, 0x000000070be00000, 0x000000070c000000|  0%| F|  |TAMS 0x000000070be00000| PB 0x000000070be00000| Untracked 
|  80|0x000000070c000000, 0x000000070c000000, 0x000000070c200000|  0%| F|  |TAMS 0x000000070c000000| PB 0x000000070c000000| Untracked 
|  81|0x000000070c200000, 0x000000070c200000, 0x000000070c400000|  0%| F|  |TAMS 0x000000070c200000| PB 0x000000070c200000| Untracked 
|  82|0x000000070c400000, 0x000000070c400000, 0x000000070c600000|  0%| F|  |TAMS 0x000000070c400000| PB 0x000000070c400000| Untracked 
|  83|0x000000070c600000, 0x000000070c600000, 0x000000070c800000|  0%| F|  |TAMS 0x000000070c600000| PB 0x000000070c600000| Untracked 
|  84|0x000000070c800000, 0x000000070c800000, 0x000000070ca00000|  0%| F|  |TAMS 0x000000070c800000| PB 0x000000070c800000| Untracked 
|  85|0x000000070ca00000, 0x000000070ca00000, 0x000000070cc00000|  0%| F|  |TAMS 0x000000070ca00000| PB 0x000000070ca00000| Untracked 
|  86|0x000000070cc00000, 0x000000070cc00000, 0x000000070ce00000|  0%| F|  |TAMS 0x000000070cc00000| PB 0x000000070cc00000| Untracked 
|  87|0x000000070ce00000, 0x000000070ce00000, 0x000000070d000000|  0%| F|  |TAMS 0x000000070ce00000| PB 0x000000070ce00000| Untracked 
|  88|0x000000070d000000, 0x000000070d000000, 0x000000070d200000|  0%| F|  |TAMS 0x000000070d000000| PB 0x000000070d000000| Untracked 
|  89|0x000000070d200000, 0x000000070d200000, 0x000000070d400000|  0%| F|  |TAMS 0x000000070d200000| PB 0x000000070d200000| Untracked 
|  90|0x000000070d400000, 0x000000070d400000, 0x000000070d600000|  0%| F|  |TAMS 0x000000070d400000| PB 0x000000070d400000| Untracked 
|  91|0x000000070d600000, 0x000000070d600000, 0x000000070d800000|  0%| F|  |TAMS 0x000000070d600000| PB 0x000000070d600000| Untracked 
|  92|0x000000070d800000, 0x000000070d800000, 0x000000070da00000|  0%| F|  |TAMS 0x000000070d800000| PB 0x000000070d800000| Untracked 
|  93|0x000000070da00000, 0x000000070da00000, 0x000000070dc00000|  0%| F|  |TAMS 0x000000070da00000| PB 0x000000070da00000| Untracked 
|  94|0x000000070dc00000, 0x000000070dc00000, 0x000000070de00000|  0%| F|  |TAMS 0x000000070dc00000| PB 0x000000070dc00000| Untracked 
|  95|0x000000070de00000, 0x000000070de00000, 0x000000070e000000|  0%| F|  |TAMS 0x000000070de00000| PB 0x000000070de00000| Untracked 
|  96|0x000000070e000000, 0x000000070e000000, 0x000000070e200000|  0%| F|  |TAMS 0x000000070e000000| PB 0x000000070e000000| Untracked 
|  97|0x000000070e200000, 0x000000070e200000, 0x000000070e400000|  0%| F|  |TAMS 0x000000070e200000| PB 0x000000070e200000| Untracked 
|  98|0x000000070e400000, 0x000000070e400000, 0x000000070e600000|  0%| F|  |TAMS 0x000000070e400000| PB 0x000000070e400000| Untracked 
|  99|0x000000070e600000, 0x000000070e600000, 0x000000070e800000|  0%| F|  |TAMS 0x000000070e600000| PB 0x000000070e600000| Untracked 
| 100|0x000000070e800000, 0x000000070e800000, 0x000000070ea00000|  0%| F|  |TAMS 0x000000070e800000| PB 0x000000070e800000| Untracked 
| 101|0x000000070ea00000, 0x000000070ea00000, 0x000000070ec00000|  0%| F|  |TAMS 0x000000070ea00000| PB 0x000000070ea00000| Untracked 
| 102|0x000000070ec00000, 0x000000070ec00000, 0x000000070ee00000|  0%| F|  |TAMS 0x000000070ec00000| PB 0x000000070ec00000| Untracked 
| 103|0x000000070ee00000, 0x000000070ee00000, 0x000000070f000000|  0%| F|  |TAMS 0x000000070ee00000| PB 0x000000070ee00000| Untracked 
| 104|0x000000070f000000, 0x000000070f200000, 0x000000070f200000|100%| S|CS|TAMS 0x000000070f000000| PB 0x000000070f000000| Complete 
| 105|0x000000070f200000, 0x000000070f400000, 0x000000070f400000|100%| S|CS|TAMS 0x000000070f200000| PB 0x000000070f200000| Complete 
| 106|0x000000070f400000, 0x000000070f600000, 0x000000070f600000|100%| S|CS|TAMS 0x000000070f400000| PB 0x000000070f400000| Complete 
| 107|0x000000070f600000, 0x000000070f600000, 0x000000070f800000|  0%| F|  |TAMS 0x000000070f600000| PB 0x000000070f600000| Untracked 
| 108|0x000000070f800000, 0x000000070f800000, 0x000000070fa00000|  0%| F|  |TAMS 0x000000070f800000| PB 0x000000070f800000| Untracked 
| 109|0x000000070fa00000, 0x000000070fa00000, 0x000000070fc00000|  0%| F|  |TAMS 0x000000070fa00000| PB 0x000000070fa00000| Untracked 
| 110|0x000000070fc00000, 0x000000070fc00000, 0x000000070fe00000|  0%| F|  |TAMS 0x000000070fc00000| PB 0x000000070fc00000| Untracked 
| 111|0x000000070fe00000, 0x000000070fe00000, 0x0000000710000000|  0%| F|  |TAMS 0x000000070fe00000| PB 0x000000070fe00000| Untracked 
| 112|0x0000000710000000, 0x0000000710000000, 0x0000000710200000|  0%| F|  |TAMS 0x0000000710000000| PB 0x0000000710000000| Untracked 
| 113|0x0000000710200000, 0x0000000710200000, 0x0000000710400000|  0%| F|  |TAMS 0x0000000710200000| PB 0x0000000710200000| Untracked 
| 114|0x0000000710400000, 0x0000000710400000, 0x0000000710600000|  0%| F|  |TAMS 0x0000000710400000| PB 0x0000000710400000| Untracked 
| 115|0x0000000710600000, 0x0000000710600000, 0x0000000710800000|  0%| F|  |TAMS 0x0000000710600000| PB 0x0000000710600000| Untracked 
| 116|0x0000000710800000, 0x0000000710800000, 0x0000000710a00000|  0%| F|  |TAMS 0x0000000710800000| PB 0x0000000710800000| Untracked 
| 117|0x0000000710a00000, 0x0000000710a00000, 0x0000000710c00000|  0%| F|  |TAMS 0x0000000710a00000| PB 0x0000000710a00000| Untracked 
| 118|0x0000000710c00000, 0x0000000710c00000, 0x0000000710e00000|  0%| F|  |TAMS 0x0000000710c00000| PB 0x0000000710c00000| Untracked 
| 119|0x0000000710e00000, 0x0000000710f8d070, 0x0000000711000000| 77%| E|  |TAMS 0x0000000710e00000| PB 0x0000000710e00000| Complete 
| 120|0x0000000711000000, 0x0000000711200000, 0x0000000711200000|100%| E|CS|TAMS 0x0000000711000000| PB 0x0000000711000000| Complete 
| 121|0x0000000711200000, 0x0000000711400000, 0x0000000711400000|100%| E|  |TAMS 0x0000000711200000| PB 0x0000000711200000| Complete 
| 122|0x0000000711400000, 0x0000000711600000, 0x0000000711600000|100%| E|CS|TAMS 0x0000000711400000| PB 0x0000000711400000| Complete 
| 123|0x0000000711600000, 0x0000000711800000, 0x0000000711800000|100%| E|CS|TAMS 0x0000000711600000| PB 0x0000000711600000| Complete 
| 124|0x0000000711800000, 0x0000000711a00000, 0x0000000711a00000|100%| E|CS|TAMS 0x0000000711800000| PB 0x0000000711800000| Complete 
| 125|0x0000000711a00000, 0x0000000711c00000, 0x0000000711c00000|100%| E|CS|TAMS 0x0000000711a00000| PB 0x0000000711a00000| Complete 
| 126|0x0000000711c00000, 0x0000000711e00000, 0x0000000711e00000|100%| E|CS|TAMS 0x0000000711c00000| PB 0x0000000711c00000| Complete 

Card table byte_map: [0x000001f159ce0000,0x000001f15a4d0000] _byte_map_base: 0x000001f1564d0000

Marking Bits: (CMBitMap*) 0x000001f142169d30
 Bits: [0x000001f15acc0000, 0x000001f15ec40000)

Polling page: 0x000001f1418d0000

Metaspace:

Usage:
  Non-class:     14.72 MB used.
      Class:      2.46 MB used.
       Both:     17.18 MB used.

Virtual space:
  Non-class space:       64.00 MB reserved,      14.94 MB ( 23%) committed,  1 nodes.
      Class space:        1.00 GB reserved,       2.56 MB ( <1%) committed,  1 nodes.
             Both:        1.06 GB reserved,      17.50 MB (  2%) committed. 

Chunk freelists:
   Non-Class:  784.00 KB
       Class:  1.38 MB
        Both:  2.14 MB

MaxMetaspaceSize: unlimited
CompressedClassSpaceSize: 1.00 GB
Initial GC threshold: 21.00 MB
Current GC threshold: 21.00 MB
CDS: on
MetaspaceReclaimPolicy: balanced
 - commit_granule_bytes: 65536.
 - commit_granule_words: 8192.
 - virtual_space_node_default_size: 8388608.
 - enlarge_chunks_in_place: 1.
 - new_chunks_are_fully_committed: 0.
 - uncommit_free_chunks: 1.
 - use_allocation_guard: 0.


Internal statistics:

num_allocs_failed_limit: 0.
num_arena_births: 404.
num_arena_deaths: 0.
num_vsnodes_births: 2.
num_vsnodes_deaths: 0.
num_space_committed: 280.
num_space_uncommitted: 0.
num_chunks_returned_to_freelist: 0.
num_chunks_taken_from_freelist: 993.
num_chunk_merges: 0.
num_chunk_splits: 662.
num_chunks_enlarged: 477.
num_inconsistent_stats: 0.

CodeHeap 'non-profiled nmethods': size=120000Kb used=1338Kb max_used=1338Kb free=118661Kb
 bounds [0x000001f151c90000, 0x000001f151f00000, 0x000001f1591c0000]
CodeHeap 'profiled nmethods': size=120000Kb used=5619Kb max_used=5619Kb free=114381Kb
 bounds [0x000001f14a1c0000, 0x000001f14a740000, 0x000001f1516f0000]
CodeHeap 'non-nmethods': size=5760Kb used=1862Kb max_used=1913Kb free=3897Kb
 bounds [0x000001f1516f0000, 0x000001f151960000, 0x000001f151c90000]
 total_blobs=3791 nmethods=2972 adapters=729
 compilation: enabled
              stopped_count=0, restarted_count=0
 full_count=0

Compilation events (20 events):
Event: 24.119 Thread 0x000001f161671ed0 2966       3       com.sun.javafx.tk.quantum.GlassViewEventHandler::handleMouseEvent (108 bytes)
Event: 24.120 Thread 0x000001f161671ed0 nmethod 2966 0x000001f14a731a90 code [0x000001f14a731c80, 0x000001f14a7322f8]
Event: 24.120 Thread 0x000001f161671ed0 2967       3       com.sun.javafx.tk.quantum.GlassViewEventHandler$$Lambda$316/0x00000008011dcee0::<init> (10 bytes)
Event: 24.120 Thread 0x000001f161671ed0 nmethod 2967 0x000001f14a732590 code [0x000001f14a732720, 0x000001f14a7328e0]
Event: 24.120 Thread 0x000001f161671ed0 2968       3       com.sun.javafx.tk.quantum.GlassViewEventHandler$$Lambda$316/0x00000008011dcee0::get (8 bytes)
Event: 24.120 Thread 0x000001f161671ed0 nmethod 2968 0x000001f14a732990 code [0x000001f14a732ba0, 0x000001f14a7331c0]
Event: 24.120 Thread 0x000001f161671ed0 2969       3       com.sun.javafx.tk.quantum.GlassViewEventHandler::lambda$handleMouseEvent$2 (18 bytes)
Event: 24.120 Thread 0x000001f161671ed0 nmethod 2969 0x000001f14a733510 code [0x000001f14a733720, 0x000001f14a733cd0]
Event: 24.120 Thread 0x000001f161671ed0 2970       3       java.util.EnumMap$Values::iterator (12 bytes)
Event: 24.121 Thread 0x000001f161671ed0 nmethod 2970 0x000001f14a733f90 code [0x000001f14a734140, 0x000001f14a7344a0]
Event: 24.455 Thread 0x000001f161671ed0 2971       3       javafx.scene.Scene$TargetWrapper::clear (12 bytes)
Event: 24.456 Thread 0x000001f161671ed0 nmethod 2971 0x000001f14a734610 code [0x000001f14a7347a0, 0x000001f14a7349a8]
Event: 24.464 Thread 0x000001f161671ed0 2972       3       javafx.scene.Scene$MouseHandler::clearPDREventTargets (55 bytes)
Event: 24.464 Thread 0x000001f161671ed0 nmethod 2972 0x000001f14a734a90 code [0x000001f14a734c80, 0x000001f14a735328]
Event: 24.760 Thread 0x000001f161671ed0 2974   !   3       javafx.scene.Node::intersectsBounds (1005 bytes)
Event: 24.760 Thread 0x000001f16166f540 2973       4       javafx.scene.Node::intersects (47 bytes)
Event: 24.762 Thread 0x000001f16166f540 nmethod 2973 0x000001f151dde590 code [0x000001f151dde740, 0x000001f151dde928]
Event: 24.762 Thread 0x000001f161671ed0 nmethod 2974 0x000001f14a735510 code [0x000001f14a735bc0, 0x000001f14a739830]
Event: 24.775 Thread 0x000001f161671ed0 2975       3       javafx.scene.Node::getLocalBounds (162 bytes)
Event: 24.776 Thread 0x000001f161671ed0 nmethod 2975 0x000001f14a73aa90 code [0x000001f14a73ade0, 0x000001f14a73c658]

GC Heap History (4 events):
Event: 1.012 GC heap before
{Heap before GC invocations=0 (full 0):
 garbage-first heap   total 260096K, used 20480K [0x0000000702000000, 0x0000000800000000)
  region size 2048K, 11 young (22528K), 0 survivors (0K)
 Metaspace       used 5234K, committed 5440K, reserved 1114112K
  class space    used 609K, committed 704K, reserved 1048576K
}
Event: 1.016 GC heap after
{Heap after GC invocations=1 (full 0):
 garbage-first heap   total 260096K, used 2602K [0x0000000702000000, 0x0000000800000000)
  region size 2048K, 2 young (4096K), 2 survivors (4096K)
 Metaspace       used 5234K, committed 5440K, reserved 1114112K
  class space    used 609K, committed 704K, reserved 1048576K
}
Event: 7.954 GC heap before
{Heap before GC invocations=1 (full 0):
 garbage-first heap   total 260096K, used 39466K [0x0000000702000000, 0x0000000800000000)
  region size 2048K, 20 young (40960K), 2 survivors (4096K)
 Metaspace       used 15397K, committed 15744K, reserved 1114112K
  class space    used 2101K, committed 2240K, reserved 1048576K
}
Event: 7.963 GC heap after
{Heap after GC invocations=2 (full 0):
 garbage-first heap   total 260096K, used 10138K [0x0000000702000000, 0x0000000800000000)
  region size 2048K, 3 young (6144K), 3 survivors (6144K)
 Metaspace       used 15397K, committed 15744K, reserved 1114112K
  class space    used 2101K, committed 2240K, reserved 1048576K
}

Dll operation events (20 events):
Event: 0.622 Loaded shared library C:\Users\shara\.openjfx\cache\17.0.2-ea\api-ms-win-crt-filesystem-l1-1-0.dll
Event: 0.627 Loaded shared library C:\Users\shara\.openjfx\cache\17.0.2-ea\api-ms-win-crt-heap-l1-1-0.dll
Event: 0.632 Loaded shared library C:\Users\shara\.openjfx\cache\17.0.2-ea\api-ms-win-crt-locale-l1-1-0.dll
Event: 0.638 Loaded shared library C:\Users\shara\.openjfx\cache\17.0.2-ea\api-ms-win-crt-math-l1-1-0.dll
Event: 0.642 Loaded shared library C:\Users\shara\.openjfx\cache\17.0.2-ea\api-ms-win-crt-multibyte-l1-1-0.dll
Event: 0.648 Loaded shared library C:\Users\shara\.openjfx\cache\17.0.2-ea\api-ms-win-crt-private-l1-1-0.dll
Event: 0.652 Loaded shared library C:\Users\shara\.openjfx\cache\17.0.2-ea\api-ms-win-crt-process-l1-1-0.dll
Event: 0.657 Loaded shared library C:\Users\shara\.openjfx\cache\17.0.2-ea\api-ms-win-crt-runtime-l1-1-0.dll
Event: 0.663 Loaded shared library C:\Users\shara\.openjfx\cache\17.0.2-ea\api-ms-win-crt-stdio-l1-1-0.dll
Event: 0.667 Loaded shared library C:\Users\shara\.openjfx\cache\17.0.2-ea\api-ms-win-crt-string-l1-1-0.dll
Event: 0.672 Loaded shared library C:\Users\shara\.openjfx\cache\17.0.2-ea\api-ms-win-crt-time-l1-1-0.dll
Event: 0.677 Loaded shared library C:\Users\shara\.openjfx\cache\17.0.2-ea\api-ms-win-crt-utility-l1-1-0.dll
Event: 0.702 Loaded shared library C:\Users\shara\.openjfx\cache\17.0.2-ea\ucrtbase.dll
Event: 0.709 Loaded shared library C:\Users\shara\.openjfx\cache\17.0.2-ea\vcruntime140.dll
Event: 0.714 Loaded shared library C:\Users\shara\.openjfx\cache\17.0.2-ea\vcruntime140_1.dll
Event: 0.729 Loaded shared library C:\Users\shara\.openjfx\cache\17.0.2-ea\msvcp140.dll
Event: 0.791 Loaded shared library C:\Users\shara\.openjfx\cache\17.0.2-ea\prism_d3d.dll
Event: 0.842 Loaded shared library C:\Users\shara\.openjfx\cache\17.0.2-ea\glass.dll
Event: 0.996 Loaded shared library C:\Users\shara\.jdks\openjdk-20.0.1\bin\jimage.dll
Event: 1.296 Loaded shared library C:\Users\shara\.openjfx\cache\17.0.2-ea\javafx_font.dll

Deoptimization events (20 events):
Event: 22.375 Thread 0x000001f1669a7710 Uncommon trap: trap_request=0xffffffde fr.pc=0x000001f151dd1bd8 relative=0x0000000000000478
Event: 22.375 Thread 0x000001f1669a7710 Uncommon trap: reason=class_check action=maybe_recompile pc=0x000001f151dd1bd8 method=javafx.scene.Node.updateLocalToParentTransform()V @ 11 c2
Event: 22.375 Thread 0x000001f1669a7710 DEOPT PACKING pc=0x000001f151dd1bd8 sp=0x000000a4145f80c0
Event: 22.375 Thread 0x000001f1669a7710 DEOPT UNPACKING pc=0x000001f151759d22 sp=0x000000a4145f8058 mode 2
Event: 22.383 Thread 0x000001f1669a7710 Uncommon trap: trap_request=0xffffffde fr.pc=0x000001f151dd1bd8 relative=0x0000000000000478
Event: 22.383 Thread 0x000001f1669a7710 Uncommon trap: reason=class_check action=maybe_recompile pc=0x000001f151dd1bd8 method=javafx.scene.Node.updateLocalToParentTransform()V @ 11 c2
Event: 22.383 Thread 0x000001f1669a7710 DEOPT PACKING pc=0x000001f151dd1bd8 sp=0x000000a4145f80c0
Event: 22.383 Thread 0x000001f1669a7710 DEOPT UNPACKING pc=0x000001f151759d22 sp=0x000000a4145f8058 mode 2
Event: 22.383 Thread 0x000001f1669a7710 Uncommon trap: trap_request=0xffffffde fr.pc=0x000001f151dd1bd8 relative=0x0000000000000478
Event: 22.383 Thread 0x000001f1669a7710 Uncommon trap: reason=class_check action=maybe_recompile pc=0x000001f151dd1bd8 method=javafx.scene.Node.updateLocalToParentTransform()V @ 11 c2
Event: 22.383 Thread 0x000001f1669a7710 DEOPT PACKING pc=0x000001f151dd1bd8 sp=0x000000a4145f9090
Event: 22.383 Thread 0x000001f1669a7710 DEOPT UNPACKING pc=0x000001f151759d22 sp=0x000000a4145f9020 mode 2
Event: 24.743 Thread 0x000001f1669a7710 Uncommon trap: trap_request=0xffffff45 fr.pc=0x000001f151dd68b8 relative=0x0000000000000c58
Event: 24.743 Thread 0x000001f1669a7710 Uncommon trap: reason=unstable_if action=reinterpret pc=0x000001f151dd68b8 method=javafx.scene.Node$MiscProperties.getEffect()Ljavafx/scene/effect/Effect; @ 4 c2
Event: 24.743 Thread 0x000001f1669a7710 DEOPT PACKING pc=0x000001f151dd68b8 sp=0x000000a4145f8ec0
Event: 24.743 Thread 0x000001f1669a7710 DEOPT UNPACKING pc=0x000001f151759d22 sp=0x000000a4145f8c38 mode 2
Event: 24.743 Thread 0x000001f1669a7710 Uncommon trap: trap_request=0xffffff45 fr.pc=0x000001f151dd4e6c relative=0x000000000000060c
Event: 24.743 Thread 0x000001f1669a7710 Uncommon trap: reason=unstable_if action=reinterpret pc=0x000001f151dd4e6c method=javafx.scene.Node$MiscProperties.getEffect()Ljavafx/scene/effect/Effect; @ 4 c2
Event: 24.743 Thread 0x000001f1669a7710 DEOPT PACKING pc=0x000001f151dd4e6c sp=0x000000a4145f8c00
Event: 24.744 Thread 0x000001f1669a7710 DEOPT UNPACKING pc=0x000001f151759d22 sp=0x000000a4145f8b00 mode 2

Classes loaded (20 events):
Event: 7.866 Loading class java/lang/reflect/WildcardType done
Event: 7.866 Loading class sun/reflect/generics/reflectiveObjects/WildcardTypeImpl done
Event: 8.087 Loading class java/lang/FdLibm$Hypot
Event: 8.087 Loading class java/lang/FdLibm$Hypot done
Event: 8.087 Loading class java/lang/FdLibm
Event: 8.087 Loading class java/lang/FdLibm done
Event: 8.184 Loading class java/text/BreakIterator
Event: 8.184 Loading class java/text/BreakIterator done
Event: 8.184 Loading class sun/util/locale/provider/BreakIteratorProviderImpl
Event: 8.186 Loading class sun/util/locale/provider/BreakIteratorProviderImpl done
Event: 8.187 Loading class sun/util/locale/provider/BreakIteratorProviderImpl$GraphemeBreakIterator
Event: 8.187 Loading class sun/util/locale/provider/BreakIteratorProviderImpl$GraphemeBreakIterator done
Event: 8.187 Loading class java/text/StringCharacterIterator
Event: 8.187 Loading class java/text/StringCharacterIterator done
Event: 8.187 Loading class sun/util/locale/provider/BreakIteratorProviderImpl$CharacterIteratorCharSequence
Event: 8.187 Loading class sun/util/locale/provider/BreakIteratorProviderImpl$CharacterIteratorCharSequence done
Event: 8.187 Loading class java/text/BreakIterator$BreakIteratorCache
Event: 8.187 Loading class java/text/BreakIterator$BreakIteratorCache done
Event: 27.461 Loading class jdk/internal/misc/Signal$1
Event: 27.461 Loading class jdk/internal/misc/Signal$1 done

Classes unloaded (0 events):
No events

Classes redefined (0 events):
No events

Internal exceptions (20 events):
Event: 1.540 Thread 0x000001f1669a7710 Implicit null exception at 0x000001f151d15da0 to 0x000001f151d16038
Event: 1.540 Thread 0x000001f1669a7710 Implicit null exception at 0x000001f151d16620 to 0x000001f151d168a8
Event: 1.541 Thread 0x000001f1669a7710 Implicit null exception at 0x000001f151cb1f20 to 0x000001f151cb1f9d
Event: 1.641 Thread 0x000001f1669a7710 Implicit null exception at 0x000001f151d05f12 to 0x000001f151d06588
Event: 1.748 Thread 0x000001f1669a7710 Exception <a 'java/lang/IncompatibleClassChangeError'{0x00000007109d3388}: Found class java.lang.Object, but interface was expected> (0x00000007109d3388) 
thrown [s\open\src\hotspot\share\interpreter\linkResolver.cpp, line 840]
Event: 1.810 Thread 0x000001f1669a7710 Exception <a 'java/lang/NoSuchMethodError'{0x00000007102f8240}: 'int java.lang.invoke.DirectMethodHandle$Holder.invokeSpecial(java.lang.Object, java.lang.Object, int)'> (0x00000007102f8240) 
thrown [s\open\src\hotspot\share\interpreter\linkResolver.cpp, line 773]
Event: 1.835 Thread 0x000001f1669a7710 Exception <a 'java/lang/NoSuchMethodError'{0x0000000710379d20}: 'java.lang.Object java.lang.invoke.DirectMethodHandle$Holder.newInvokeSpecial(java.lang.Object, java.lang.Object, int)'> (0x0000000710379d20) 
thrown [s\open\src\hotspot\share\interpreter\linkResolver.cpp, line 773]
Event: 1.869 Thread 0x000001f166478b40 Exception <a 'java/lang/NoSuchMethodError'{0x0000000710051298}: 'int java.lang.invoke.DirectMethodHandle$Holder.invokeStaticInit(java.lang.Object, java.lang.Object)'> (0x0000000710051298) 
thrown [s\open\src\hotspot\share\interpreter\linkResolver.cpp, line 773]
Event: 3.586 Thread 0x000001f1669a7710 Exception <a 'java/lang/NoSuchMethodError'{0x000000070fc56518}: 'long java.lang.invoke.DirectMethodHandle$Holder.invokeStatic(java.lang.Object, java.lang.Object, java.lang.Object)'> (0x000000070fc56518) 
thrown [s\open\src\hotspot\share\interpreter\linkResolver.cpp, line 773]
Event: 3.586 Thread 0x000001f1669a7710 Exception <a 'java/lang/NoSuchMethodError'{0x000000070fc598e8}: 'long java.lang.invoke.DirectMethodHandle$Holder.invokeStaticInit(java.lang.Object, java.lang.Object, java.lang.Object)'> (0x000000070fc598e8) 
thrown [s\open\src\hotspot\share\interpreter\linkResolver.cpp, line 773]
Event: 3.588 Thread 0x000001f1669a7710 Exception <a 'java/lang/NoSuchMethodError'{0x000000070fc71bb8}: 'java.lang.Object java.lang.invoke.DirectMethodHandle$Holder.newInvokeSpecial(java.lang.Object, java.lang.Object, long)'> (0x000000070fc71bb8) 
thrown [s\open\src\hotspot\share\interpreter\linkResolver.cpp, line 773]
Event: 3.589 Thread 0x000001f1669a7710 Exception <a 'java/lang/NoSuchMethodError'{0x000000070fc754b0}: 'java.lang.Object java.lang.invoke.Invokers$Holder.linkToTargetMethod(java.lang.Object, long, java.lang.Object)'> (0x000000070fc754b0) 
thrown [s\open\src\hotspot\share\interpreter\linkResolver.cpp, line 773]
Event: 7.931 Thread 0x000001f1669a7710 Exception <a 'java/lang/ClassNotFoundException'{0x000000070f663328}: com/sun/javafx/scene/control/skin/resources/controls> (0x000000070f663328) 
thrown [s\open\src\hotspot\share\prims\jni.cpp, line 538]
Event: 7.932 Thread 0x000001f1669a7710 Exception <a 'java/lang/ClassNotFoundException'{0x000000070f6cddf8}: com/sun/javafx/scene/control/skin/resources/controls_en> (0x000000070f6cddf8) 
thrown [s\open\src\hotspot\share\prims\jni.cpp, line 538]
Event: 7.932 Thread 0x000001f1669a7710 Exception <a 'java/lang/ClassNotFoundException'{0x000000070f6cf5b8}: com/sun/javafx/scene/control/skin/resources/controls_en_GB> (0x000000070f6cf5b8) 
thrown [s\open\src\hotspot\share\prims\jni.cpp, line 538]
Event: 8.056 Thread 0x000001f1669a7710 Exception <a 'java/lang/NoSuchMethodError'{0x00000007119203b8}: 'void java.lang.invoke.DirectMethodHandle$Holder.invokeSpecial(java.lang.Object, java.lang.Object, java.lang.Object, java.lang.Object, java.lang.Object, java.lang.Object)'> (0x00000007119203b8) 
thrown [s\open\src\hotspot\share\interpreter\linkResolver.cpp, line 773]
Event: 8.291 Thread 0x000001f166478b40 Exception <a 'java/lang/NoSuchMethodError'{0x00000007113cb2d0}: 'java.lang.Object java.lang.invoke.DirectMethodHandle$Holder.invokeStaticInit(java.lang.Object, int)'> (0x00000007113cb2d0) 
thrown [s\open\src\hotspot\share\interpreter\linkResolver.cpp, line 773]
Event: 22.352 Thread 0x000001f1669a7710 Exception <a 'java/lang/NoSuchMethodError'{0x00000007111d74c0}: 'java.lang.Object java.lang.invoke.DirectMethodHandle$Holder.newInvokeSpecial(java.lang.Object, java.lang.Object, int, int, int, int, int, java.lang.Object)'> (0x00000007111d74c0) 
thrown [s\open\src\hotspot\share\interpreter\linkResolver.cpp, line 773]
Event: 22.353 Thread 0x000001f1669a7710 Exception <a 'java/lang/NoSuchMethodError'{0x00000007111ea210}: 'java.lang.Object java.lang.invoke.DirectMethodHandle$Holder.newInvokeSpecial(java.lang.Object, java.lang.Object, java.lang.Object, int, int, int, int, int)'> (0x00000007111ea210) 
thrown [s\open\src\hotspot\share\interpreter\linkResolver.cpp, line 773]
Event: 22.353 Thread 0x000001f1669a7710 Exception <a 'java/lang/NoSuchMethodError'{0x00000007111f2010}: 'java.lang.Object java.lang.invoke.Invokers$Holder.linkToTargetMethod(java.lang.Object, java.lang.Object, int, int, int, int, int, java.lang.Object)'> (0x00000007111f2010) 
thrown [s\open\src\hotspot\share\interpreter\linkResolver.cpp, line 773]

VM Operations (20 events):
Event: 7.944 Executing VM operation: Cleanup done
Event: 7.954 Executing VM operation: G1CollectForAllocation
Event: 7.963 Executing VM operation: G1CollectForAllocation done
Event: 8.277 Executing VM operation: ICBufferFull
Event: 8.277 Executing VM operation: ICBufferFull done
Event: 10.277 Executing VM operation: Cleanup
Event: 10.277 Executing VM operation: Cleanup done
Event: 20.281 Executing VM operation: Cleanup
Event: 20.281 Executing VM operation: Cleanup done
Event: 21.281 Executing VM operation: Cleanup
Event: 21.281 Executing VM operation: Cleanup done
Event: 22.281 Executing VM operation: Cleanup
Event: 22.282 Executing VM operation: Cleanup done
Event: 23.282 Executing VM operation: Cleanup
Event: 23.282 Executing VM operation: Cleanup done
Event: 24.282 Executing VM operation: Cleanup
Event: 24.282 Executing VM operation: Cleanup done
Event: 25.282 Executing VM operation: Cleanup
Event: 25.282 Executing VM operation: Cleanup done
Event: 27.463 Executing VM operation: Exit

Events (20 events):
Event: 0.310 Thread 0x000001f1663d3440 Thread added: 0x000001f1663d3440
Event: 0.310 Thread 0x000001f16633d3a0 Thread added: 0x000001f16633d3a0
Event: 0.779 Thread 0x000001f166478b40 Thread added: 0x000001f166478b40
Event: 0.845 Thread 0x000001f166931020 Thread added: 0x000001f166931020
Event: 0.850 Thread 0x000001f1669a7710 Thread added: 0x000001f1669a7710
Event: 0.944 Thread 0x000001f166a83ba0 Thread added: 0x000001f166a83ba0
Event: 0.953 Thread 0x000001f167067ec0 Thread added: 0x000001f167067ec0
Event: 1.611 Thread 0x000001f165985b30 Thread exited: 0x000001f165985b30
Event: 1.736 Thread 0x000001f166c90200 Thread added: 0x000001f166c90200
Event: 1.957 Thread 0x000001f166c911f0 Thread added: 0x000001f166c911f0
Event: 2.839 Thread 0x000001f165939620 Thread exited: 0x000001f165939620
Event: 7.975 Thread 0x000001f1660e1ac0 Thread added: 0x000001f1660e1ac0
Event: 8.050 Thread 0x000001f165c4f9f0 Thread added: 0x000001f165c4f9f0
Event: 13.359 Thread 0x000001f165c4f9f0 Thread exited: 0x000001f165c4f9f0
Event: 18.353 Thread 0x000001f1660e1ac0 Thread exited: 0x000001f1660e1ac0
Event: 27.462 Thread 0x000001f166c8ecc0 Thread added: 0x000001f166c8ecc0
Event: 27.462 Thread 0x000001f166c8f760 Thread added: 0x000001f166c8f760
Event: 27.462 Thread 0x000001f166c90ca0 Thread added: 0x000001f166c90ca0
Event: 27.462 Thread 0x000001f166c8f760 Thread exited: 0x000001f166c8f760
Event: 27.463 Thread 0x000001f166c90ca0 Thread exited: 0x000001f166c90ca0


Dynamic libraries:
0x00007ff697b30000 - 0x00007ff697b3e000 	C:\Users\shara\.jdks\openjdk-20.0.1\bin\java.exe
0x00007ffc1a370000 - 0x00007ffc1a568000 	C:\WINDOWS\SYSTEM32\ntdll.dll
0x00007ffc19110000 - 0x00007ffc191cf000 	C:\WINDOWS\System32\KERNEL32.DLL
0x00007ffc17e60000 - 0x00007ffc1813a000 	C:\WINDOWS\System32\KERNELBASE.dll
0x00007ffc182a0000 - 0x00007ffc183a0000 	C:\WINDOWS\System32\ucrtbase.dll
0x00007ffc08830000 - 0x00007ffc08847000 	C:\Users\shara\.jdks\openjdk-20.0.1\bin\jli.dll
0x00007ffc192f0000 - 0x00007ffc1948d000 	C:\WINDOWS\System32\USER32.dll
0x00007ffc183a0000 - 0x00007ffc183c2000 	C:\WINDOWS\System32\win32u.dll
0x00007ffc19070000 - 0x00007ffc1909b000 	C:\WINDOWS\System32\GDI32.dll
0x00007ffc17bd0000 - 0x00007ffc17ce0000 	C:\WINDOWS\System32\gdi32full.dll
0x00007ffc17a80000 - 0x00007ffc17b1d000 	C:\WINDOWS\System32\msvcp_win.dll
0x00007ffc06200000 - 0x00007ffc0621b000 	C:\Users\shara\.jdks\openjdk-20.0.1\bin\VCRUNTIME140.dll
0x00007ffbf0da0000 - 0x00007ffbf103a000 	C:\WINDOWS\WinSxS\amd64_microsoft.windows.common-controls_6595b64144ccf1df_6.0.19041.1110_none_60b5254171f9507e\COMCTL32.dll
0x00007ffc19850000 - 0x00007ffc198ee000 	C:\WINDOWS\System32\msvcrt.dll
0x00007ffc18f00000 - 0x00007ffc18f30000 	C:\WINDOWS\System32\IMM32.DLL
0x00007ffc10b30000 - 0x00007ffc10b3c000 	C:\Users\shara\.jdks\openjdk-20.0.1\bin\vcruntime140_1.dll
0x00007ffbe56d0000 - 0x00007ffbe575e000 	C:\Users\shara\.jdks\openjdk-20.0.1\bin\msvcp140.dll
0x00007ffba15f0000 - 0x00007ffba2287000 	C:\Users\shara\.jdks\openjdk-20.0.1\bin\server\jvm.dll
0x00007ffc183d0000 - 0x00007ffc1847e000 	C:\WINDOWS\System32\ADVAPI32.dll
0x00007ffc1a290000 - 0x00007ffc1a32c000 	C:\WINDOWS\System32\sechost.dll
0x00007ffc19a10000 - 0x00007ffc19b36000 	C:\WINDOWS\System32\RPCRT4.dll
0x00007ffc0f4b0000 - 0x00007ffc0f4b9000 	C:\WINDOWS\SYSTEM32\WSOCK32.dll
0x00007ffc190a0000 - 0x00007ffc1910b000 	C:\WINDOWS\System32\WS2_32.dll
0x00007ffbfa700000 - 0x00007ffbfa727000 	C:\WINDOWS\SYSTEM32\WINMM.dll
0x00007ffc0fce0000 - 0x00007ffc0fcea000 	C:\WINDOWS\SYSTEM32\VERSION.dll
0x00007ffc162d0000 - 0x00007ffc162e2000 	C:\WINDOWS\SYSTEM32\kernel.appcore.dll
0x00007ffc08820000 - 0x00007ffc0882a000 	C:\Users\shara\.jdks\openjdk-20.0.1\bin\jimage.dll
0x00007ffc15840000 - 0x00007ffc15a24000 	C:\WINDOWS\SYSTEM32\DBGHELP.DLL
0x00007ffc06b00000 - 0x00007ffc06b34000 	C:\WINDOWS\SYSTEM32\dbgcore.DLL
0x00007ffc17dd0000 - 0x00007ffc17e52000 	C:\WINDOWS\System32\bcryptPrimitives.dll
0x00007ffc08790000 - 0x00007ffc0879e000 	C:\Users\shara\.jdks\openjdk-20.0.1\bin\instrument.dll
0x00007ffbf31b0000 - 0x00007ffbf31d6000 	C:\Users\shara\.jdks\openjdk-20.0.1\bin\java.dll
0x00007ffbe5550000 - 0x00007ffbe5627000 	C:\Users\shara\.jdks\openjdk-20.0.1\bin\jsvml.dll
0x00007ffc19b40000 - 0x00007ffc1a284000 	C:\WINDOWS\System32\SHELL32.dll
0x00007ffc15b20000 - 0x00007ffc162b3000 	C:\WINDOWS\SYSTEM32\windows.storage.dll
0x00007ffc19490000 - 0x00007ffc197e4000 	C:\WINDOWS\System32\combase.dll
0x00007ffc17470000 - 0x00007ffc1749e000 	C:\WINDOWS\SYSTEM32\Wldp.dll
0x00007ffc19230000 - 0x00007ffc192dd000 	C:\WINDOWS\System32\SHCORE.dll
0x00007ffc18710000 - 0x00007ffc18765000 	C:\WINDOWS\System32\shlwapi.dll
0x00007ffc179c0000 - 0x00007ffc179df000 	C:\WINDOWS\SYSTEM32\profapi.dll
0x00007ffbf95b0000 - 0x00007ffbf95c3000 	C:\Users\shara\.jdks\openjdk-20.0.1\bin\net.dll
0x00007ffc0da80000 - 0x00007ffc0db8a000 	C:\WINDOWS\SYSTEM32\WINHTTP.dll
0x00007ffc171d0000 - 0x00007ffc1723a000 	C:\WINDOWS\system32\mswsock.dll
0x00007ffbf2b50000 - 0x00007ffbf2b66000 	C:\Users\shara\.jdks\openjdk-20.0.1\bin\nio.dll
0x00007ffbf2b30000 - 0x00007ffbf2b48000 	C:\Users\shara\.jdks\openjdk-20.0.1\bin\zip.dll
0x00007ffbf2b10000 - 0x00007ffbf2b2a000 	C:\Program Files\JetBrains\IntelliJ IDEA 2022.3.3\bin\breakgen64.dll
0x000001f1673d0000 - 0x000001f1673d3000 	C:\Users\shara\.openjfx\cache\17.0.2-ea\api-ms-win-core-console-l1-1-0.dll
0x000001f1673e0000 - 0x000001f1673e3000 	C:\Users\shara\.openjfx\cache\17.0.2-ea\api-ms-win-core-console-l1-2-0.dll
0x000001f1673f0000 - 0x000001f1673f3000 	C:\Users\shara\.openjfx\cache\17.0.2-ea\api-ms-win-core-datetime-l1-1-0.dll
0x000001f167400000 - 0x000001f167403000 	C:\Users\shara\.openjfx\cache\17.0.2-ea\api-ms-win-core-debug-l1-1-0.dll
0x000001f167410000 - 0x000001f167413000 	C:\Users\shara\.openjfx\cache\17.0.2-ea\api-ms-win-core-errorhandling-l1-1-0.dll
0x000001f167420000 - 0x000001f167424000 	C:\Users\shara\.openjfx\cache\17.0.2-ea\api-ms-win-core-file-l1-1-0.dll
0x000001f167430000 - 0x000001f167433000 	C:\Users\shara\.openjfx\cache\17.0.2-ea\api-ms-win-core-file-l1-2-0.dll
0x000001f167440000 - 0x000001f167443000 	C:\Users\shara\.openjfx\cache\17.0.2-ea\api-ms-win-core-file-l2-1-0.dll
0x000001f167450000 - 0x000001f167453000 	C:\Users\shara\.openjfx\cache\17.0.2-ea\api-ms-win-core-handle-l1-1-0.dll
0x000001f167460000 - 0x000001f167463000 	C:\Users\shara\.openjfx\cache\17.0.2-ea\api-ms-win-core-heap-l1-1-0.dll
0x000001f167470000 - 0x000001f167473000 	C:\Users\shara\.openjfx\cache\17.0.2-ea\api-ms-win-core-interlocked-l1-1-0.dll
0x000001f167800000 - 0x000001f167803000 	C:\Users\shara\.openjfx\cache\17.0.2-ea\api-ms-win-core-libraryloader-l1-1-0.dll
0x000001f167810000 - 0x000001f167813000 	C:\Users\shara\.openjfx\cache\17.0.2-ea\api-ms-win-core-localization-l1-2-0.dll
0x000001f167820000 - 0x000001f167823000 	C:\Users\shara\.openjfx\cache\17.0.2-ea\api-ms-win-core-memory-l1-1-0.dll
0x000001f167480000 - 0x000001f167483000 	C:\Users\shara\.openjfx\cache\17.0.2-ea\api-ms-win-core-namedpipe-l1-1-0.dll
0x000001f167490000 - 0x000001f167493000 	C:\Users\shara\.openjfx\cache\17.0.2-ea\api-ms-win-core-processenvironment-l1-1-0.dll
0x000001f1674a0000 - 0x000001f1674a3000 	C:\Users\shara\.openjfx\cache\17.0.2-ea\api-ms-win-core-processthreads-l1-1-0.dll
0x000001f1674b0000 - 0x000001f1674b3000 	C:\Users\shara\.openjfx\cache\17.0.2-ea\api-ms-win-core-processthreads-l1-1-1.dll
0x000001f1674c0000 - 0x000001f1674c3000 	C:\Users\shara\.openjfx\cache\17.0.2-ea\api-ms-win-core-profile-l1-1-0.dll
0x000001f1674d0000 - 0x000001f1674d3000 	C:\Users\shara\.openjfx\cache\17.0.2-ea\api-ms-win-core-rtlsupport-l1-1-0.dll
0x000001f1674e0000 - 0x000001f1674e3000 	C:\Users\shara\.openjfx\cache\17.0.2-ea\api-ms-win-core-string-l1-1-0.dll
0x000001f1674f0000 - 0x000001f1674f3000 	C:\Users\shara\.openjfx\cache\17.0.2-ea\api-ms-win-core-synch-l1-1-0.dll
0x000001f167500000 - 0x000001f167503000 	C:\Users\shara\.openjfx\cache\17.0.2-ea\api-ms-win-core-synch-l1-2-0.dll
0x000001f167510000 - 0x000001f167513000 	C:\Users\shara\.openjfx\cache\17.0.2-ea\api-ms-win-core-sysinfo-l1-1-0.dll
0x000001f167520000 - 0x000001f167523000 	C:\Users\shara\.openjfx\cache\17.0.2-ea\api-ms-win-core-timezone-l1-1-0.dll
0x000001f167530000 - 0x000001f167533000 	C:\Users\shara\.openjfx\cache\17.0.2-ea\api-ms-win-core-util-l1-1-0.dll
0x000001f167540000 - 0x000001f167543000 	C:\Users\shara\.openjfx\cache\17.0.2-ea\api-ms-win-crt-conio-l1-1-0.dll
0x000001f167550000 - 0x000001f167554000 	C:\Users\shara\.openjfx\cache\17.0.2-ea\api-ms-win-crt-convert-l1-1-0.dll
0x000001f167560000 - 0x000001f167563000 	C:\Users\shara\.openjfx\cache\17.0.2-ea\api-ms-win-crt-environment-l1-1-0.dll
0x000001f167570000 - 0x000001f167573000 	C:\Users\shara\.openjfx\cache\17.0.2-ea\api-ms-win-crt-filesystem-l1-1-0.dll
0x000001f167580000 - 0x000001f167583000 	C:\Users\shara\.openjfx\cache\17.0.2-ea\api-ms-win-crt-heap-l1-1-0.dll
0x000001f167590000 - 0x000001f167593000 	C:\Users\shara\.openjfx\cache\17.0.2-ea\api-ms-win-crt-locale-l1-1-0.dll
0x000001f167830000 - 0x000001f167835000 	C:\Users\shara\.openjfx\cache\17.0.2-ea\api-ms-win-crt-math-l1-1-0.dll
0x000001f167840000 - 0x000001f167845000 	C:\Users\shara\.openjfx\cache\17.0.2-ea\api-ms-win-crt-multibyte-l1-1-0.dll
0x000001f167850000 - 0x000001f167860000 	C:\Users\shara\.openjfx\cache\17.0.2-ea\api-ms-win-crt-private-l1-1-0.dll
0x000001f167860000 - 0x000001f167863000 	C:\Users\shara\.openjfx\cache\17.0.2-ea\api-ms-win-crt-process-l1-1-0.dll
0x000001f167870000 - 0x000001f167874000 	C:\Users\shara\.openjfx\cache\17.0.2-ea\api-ms-win-crt-runtime-l1-1-0.dll
0x000001f167880000 - 0x000001f167884000 	C:\Users\shara\.openjfx\cache\17.0.2-ea\api-ms-win-crt-stdio-l1-1-0.dll
0x000001f1675a0000 - 0x000001f1675a4000 	C:\Users\shara\.openjfx\cache\17.0.2-ea\api-ms-win-crt-string-l1-1-0.dll
0x000001f1676e0000 - 0x000001f1676e3000 	C:\Users\shara\.openjfx\cache\17.0.2-ea\api-ms-win-crt-time-l1-1-0.dll
0x000001f1676f0000 - 0x000001f1676f3000 	C:\Users\shara\.openjfx\cache\17.0.2-ea\api-ms-win-crt-utility-l1-1-0.dll
0x00007ffbe5300000 - 0x00007ffbe53fc000 	C:\Users\shara\.openjfx\cache\17.0.2-ea\ucrtbase.dll
0x00007ffbf2480000 - 0x00007ffbf249a000 	C:\Users\shara\.openjfx\cache\17.0.2-ea\vcruntime140.dll
0x00007ffbf3390000 - 0x00007ffbf339c000 	C:\Users\shara\.openjfx\cache\17.0.2-ea\vcruntime140_1.dll
0x00007ffbe5270000 - 0x00007ffbe52fd000 	C:\Users\shara\.openjfx\cache\17.0.2-ea\msvcp140.dll
0x00007ffbf2450000 - 0x00007ffbf247a000 	C:\Users\shara\.openjfx\cache\17.0.2-ea\prism_d3d.dll
0x00007ffbef950000 - 0x00007ffbefb1d000 	C:\WINDOWS\system32\d3d9.dll
0x00007ffc15390000 - 0x00007ffc153bf000 	C:\WINDOWS\SYSTEM32\dwmapi.dll
0x00007ffc150d0000 - 0x00007ffc1516e000 	C:\WINDOWS\system32\uxtheme.dll
0x00007ffbcd210000 - 0x00007ffbcd3b8000 	C:\WINDOWS\System32\DriverStore\FileRepository\iigd_dch.inf_amd64_393549dac595e659\igdumdim64.dll
0x00007ffc18f30000 - 0x00007ffc1905a000 	C:\WINDOWS\System32\ole32.dll
0x00007ffb6d310000 - 0x00007ffb70f2f000 	C:\WINDOWS\System32\DriverStore\FileRepository\iigd_dch.inf_amd64_393549dac595e659\igd9dxva64.dll
0x00007ffc18480000 - 0x00007ffc1854d000 	C:\WINDOWS\System32\OLEAUT32.dll
0x00007ffc18a90000 - 0x00007ffc18ef8000 	C:\WINDOWS\System32\SETUPAPI.dll
0x00007ffc17ce0000 - 0x00007ffc17d2e000 	C:\WINDOWS\System32\cfgmgr32.dll
0x00007ffc17d30000 - 0x00007ffc17d57000 	C:\WINDOWS\System32\bcrypt.dll
0x00007ffc02c80000 - 0x00007ffc03048000 	C:\WINDOWS\System32\DriverStore\FileRepository\iigd_dch.inf_amd64_393549dac595e659\igdgmm64.dll
0x00007ffbe5bb0000 - 0x00007ffbe5bf2000 	C:\Users\shara\.openjfx\cache\17.0.2-ea\glass.dll
0x00007ffc18930000 - 0x00007ffc18a0a000 	C:\WINDOWS\System32\COMDLG32.dll
0x00007ffc198f0000 - 0x00007ffc19a04000 	C:\WINDOWS\System32\MSCTF.dll
0x00007ffbaae30000 - 0x00007ffbaae57000 	C:\WINDOWS\System32\DriverStore\FileRepository\iigd_dch.inf_amd64_393549dac595e659\igdinfo64.dll
0x00007ffbff690000 - 0x00007ffc02c76000 	C:\WINDOWS\System32\DriverStore\FileRepository\iigd_dch.inf_amd64_393549dac595e659\igc64.dll
0x00007ffc040a0000 - 0x00007ffc040db000 	C:\WINDOWS\SYSTEM32\dxcore.dll
0x00007ffbf2430000 - 0x00007ffbf2444000 	C:\Users\shara\.openjfx\cache\17.0.2-ea\javafx_font.dll
0x00007ffbf7620000 - 0x00007ffbf789f000 	C:\WINDOWS\SYSTEM32\dwrite.dll
0x00007ffc18800000 - 0x00007ffc188a9000 	C:\WINDOWS\System32\clbcatq.dll
0x00007ffc05ab0000 - 0x00007ffc05c64000 	C:\WINDOWS\SYSTEM32\WindowsCodecs.dll
0x00007ffbe57f0000 - 0x00007ffbe582e000 	C:\WINDOWS\system32\dataexchange.dll
0x00007ffc13710000 - 0x00007ffc13973000 	C:\WINDOWS\system32\d3d11.dll
0x00007ffc14340000 - 0x00007ffc14523000 	C:\WINDOWS\system32\dcomp.dll
0x00007ffc16340000 - 0x00007ffc16433000 	C:\WINDOWS\system32\dxgi.dll
0x00007ffc0f6c0000 - 0x00007ffc0f8c0000 	C:\WINDOWS\system32\twinapi.appcore.dll
0x00007ffbe8370000 - 0x00007ffbe83a4000 	C:\Program Files\Common Files\Microsoft Shared\Ink\rtscom.dll
0x00007ffbfc6c0000 - 0x00007ffbfc7b9000 	C:\WINDOWS\SYSTEM32\textinputframework.dll
0x00007ffc14960000 - 0x00007ffc14cbe000 	C:\WINDOWS\System32\CoreUIComponents.dll
0x00007ffc14d00000 - 0x00007ffc14df2000 	C:\WINDOWS\System32\CoreMessaging.dll
0x00007ffc16c30000 - 0x00007ffc16c63000 	C:\WINDOWS\SYSTEM32\ntmarta.dll
0x00007ffc140a0000 - 0x00007ffc141f4000 	C:\WINDOWS\SYSTEM32\wintypes.dll
0x00007ffc13a80000 - 0x00007ffc14040000 	C:\WINDOWS\SYSTEM32\d2d1.dll
0x00007ffc04a00000 - 0x00007ffc050f6000 	C:\WINDOWS\SYSTEM32\D3D10Warp.dll

dbghelp: loaded successfully - version: 4.0.5 - missing functions: none
symbol engine: initialized successfully - sym options: 0x614 - pdb path: .;C:\Users\shara\.jdks\openjdk-20.0.1\bin;C:\WINDOWS\SYSTEM32;C:\WINDOWS\WinSxS\amd64_microsoft.windows.common-controls_6595b64144ccf1df_6.0.19041.1110_none_60b5254171f9507e;C:\Users\shara\.jdks\openjdk-20.0.1\bin\server;C:\Program Files\JetBrains\IntelliJ IDEA 2022.3.3\bin;C:\Users\shara\.openjfx\cache\17.0.2-ea;C:\WINDOWS\System32\DriverStore\FileRepository\iigd_dch.inf_amd64_393549dac595e659;C:\Program Files\Common Files\Microsoft Shared\Ink

VM Arguments:
jvm_args: -javaagent:C:\Program Files\JetBrains\IntelliJ IDEA 2022.3.3\lib\idea_rt.jar=52408:C:\Program Files\JetBrains\IntelliJ IDEA 2022.3.3\bin -Dfile.encoding=UTF-8 -Dsun.stdout.encoding=UTF-8 -Dsun.stderr.encoding=UTF-8 --module-path=C:\Users\shara\.m2\repository\org\openjfx\javafx-graphics\17.0.2\javafx-graphics-17.0.2-win.jar;C:\Users\shara\.m2\repository\org\openjfx\javafx-base\17.0.2\javafx-base-17.0.2-win.jar;C:\Users\shara\.m2\repository\org\openjfx\javafx-controls\17.0.2\javafx-controls-17.0.2-win.jar;C:\Users\shara\.m2\repository\org\openjfx\javafx-fxml\17.0.2\javafx-fxml-17.0.2-win.jar;C:\Users\shara\IdeaProjects\Demo\target\classes -Djdk.module.main=sample.demo 
java_command: sample.demo/sample.demo.HelloApplication
java_class_path (initial): C:\Users\shara\.m2\repository\org\openjfx\javafx-controls\17.0.2\javafx-controls-17.0.2.jar;C:\Users\shara\.m2\repository\org\openjfx\javafx-graphics\17.0.2\javafx-graphics-17.0.2.jar;C:\Users\shara\.m2\repository\org\openjfx\javafx-base\17.0.2\javafx-base-17.0.2.jar;C:\Users\shara\.m2\repository\org\openjfx\javafx-fxml\17.0.2\javafx-fxml-17.0.2.jar
Launcher Type: SUN_STANDARD

[Global flags]
     intx CICompilerCount                          = 4                                         {product} {ergonomic}
     uint ConcGCThreads                            = 2                                         {product} {ergonomic}
     uint G1ConcRefinementThreads                  = 8                                         {product} {ergonomic}
   size_t G1HeapRegionSize                         = 2097152                                   {product} {ergonomic}
    uintx GCDrainStackTargetSize                   = 64                                        {product} {ergonomic}
   size_t InitialHeapSize                          = 266338304                                 {product} {ergonomic}
   size_t MarkStackSize                            = 4194304                                   {product} {ergonomic}
   size_t MaxHeapSize                              = 4261412864                                {product} {ergonomic}
   size_t MaxNewSize                               = 2556428288                                {product} {ergonomic}
   size_t MinHeapDeltaBytes                        = 2097152                                   {product} {ergonomic}
   size_t MinHeapSize                              = 8388608                                   {product} {ergonomic}
    uintx NonNMethodCodeHeapSize                   = 5839372                                {pd product} {ergonomic}
    uintx NonProfiledCodeHeapSize                  = 122909434                              {pd product} {ergonomic}
    uintx ProfiledCodeHeapSize                     = 122909434                              {pd product} {ergonomic}
    uintx ReservedCodeCacheSize                    = 251658240                              {pd product} {ergonomic}
     bool SegmentedCodeCache                       = true                                      {product} {ergonomic}
   size_t SoftMaxHeapSize                          = 4261412864                             {manageable} {ergonomic}
     bool UseCompressedClassPointers               = true                           {product lp64_product} {ergonomic}
     bool UseCompressedOops                        = true                           {product lp64_product} {ergonomic}
     bool UseG1GC                                  = true                                      {product} {ergonomic}
     bool UseLargePagesIndividualAllocation        = false                                  {pd product} {ergonomic}

Logging:
Log output configuration:
 #0: stdout all=off uptime,level,tags foldmultilines=false
 #1: stderr all=off uptime,level,tags foldmultilines=false

Environment Variables:
PATH=C:\Users\shara\Downloads\CUserssharaDownloadsWINDOWS.X64_193000_db_home\bin;C:\Program Files\Java\jdk-11.0.2\bin;C:\WINDOWS\system32;C:\WINDOWS;C:\WINDOWS\System32\Wbem;C:\WINDOWS\System32\WindowsPowerShell\v1.0\;C:\WINDOWS\System32\OpenSSH\;C:\Program Files\Git\cmd;C:\Program Files\Git\mingw64\bin;C:\Program Files\Git\usr\bin;C:\wamp64\bin\php\php7.3.12;C:\Program Files\dotnet\;C:\Program Files\MySQL\MySQL Shell 8.0\bin\;C:\Users\shara\AppData\Local\Microsoft\WindowsApps;;C:\Program Files\JetBrains\IntelliJ IDEA Community Edition 2020.2.3\bin;;C:\Users\shara\.dotnet\tools;C:\Program Files\JetBrains\IntelliJ IDEA 2022.3.3\bin;
USERNAME=shara
OS=Windows_NT
PROCESSOR_IDENTIFIER=Intel64 Family 6 Model 142 Stepping 12, GenuineIntel
TMP=C:\Users\shara\AppData\Local\Temp
TEMP=C:\Users\shara\AppData\Local\Temp




---------------  S Y S T E M  ---------------

OS:
 Windows 10 , 64 bit Build 19041 (10.0.19041.2788)
OS uptime: 50 days 0:04 hours

CPU: total 8 (initial active 8) (4 cores per cpu, 2 threads per core) family 6 model 142 stepping 12 microcode 0xc6, cx8, cmov, fxsr, ht, mmx, 3dnowpref, sse, sse2, sse3, ssse3, sse4.1, sse4.2, popcnt, lzcnt, tsc, tscinvbit, avx, avx2, aes, erms, clmul, bmi1, bmi2, adx, fma, vzeroupper, clflush, clflushopt, rdtscp, f16c

Memory: 4k page, system-wide physical 16254M (3344M free)
TotalPageFile size 32239M (AvailPageFile size 3802M)
current process WorkingSet (physical memory assigned to process): 184M, peak: 214M
current process commit charge ("private bytes"): 425M, peak: 458M

vm_info: OpenJDK 64-Bit Server VM (20.0.1+9-29) for windows-amd64 JRE (20.0.1+9-29), built on 2023-03-07T13:56:11Z by "mach5one" with MS VC++ 17.1 (VS2022)

END.
