#
# A fatal error has been detected by the Java Runtime Environment:
#
#  EXCEPTION_ACCESS_VIOLATION (0xc0000005) at pc=0x00007ff860f46ab7, pid=25116, tid=19832
#
# JRE version: OpenJDK Runtime Environment (20.0.1+9) (build 20.0.1+9-29)
# Java VM: OpenJDK 64-Bit Server VM (20.0.1+9-29, mixed mode, sharing, tiered, compressed oops, compressed class ptrs, g1 gc, windows-amd64)
# Problematic frame:
# C  [glass.dll+0x26ab7]
#
# No core dump will be written. Minidumps are not enabled by default on client versions of Windows
#
# If you would like to submit a bug report, please visit:
#   https://bugreport.java.com/bugreport/crash.jsp
#

---------------  S U M M A R Y ------------

Command Line: -javaagent:C:\Program Files\JetBrains\IntelliJ IDEA 2022.3.3\lib\idea_rt.jar=56593:C:\Program Files\JetBrains\IntelliJ IDEA 2022.3.3\bin -Dfile.encoding=UTF-8 -Dsun.stdout.encoding=UTF-8 -Dsun.stderr.encoding=UTF-8 --module-path=C:\Users\shara\.m2\repository\org\openjfx\javafx-controls\17.0.2\javafx-controls-17.0.2-win.jar;C:\Users\shara\IdeaProjects\Demo\target\classes;C:\Users\shara\.m2\repository\org\openjfx\javafx-fxml\17.0.2\javafx-fxml-17.0.2-win.jar;C:\Users\shara\.m2\repository\org\openjfx\javafx-base\17.0.2\javafx-base-17.0.2-win.jar;C:\Users\shara\.m2\repository\org\openjfx\javafx-graphics\17.0.2\javafx-graphics-17.0.2-win.jar -Djdk.module.main=sample.demo sample.demo/sample.demo.HelloApplication

Host: Intel(R) Core(TM) i7-8565U CPU @ 1.80GHz, 8 cores, 15G,  Windows 10 , 64 bit Build 19041 (10.0.19041.3031)
Time: Sun Jun 25 21:05:36 2023 Russia TZ 2 Standard Time elapsed time: 140.766005 seconds (0d 0h 2m 20s)

---------------  T H R E A D  ---------------

Current thread (0x0000018e524e3570):  VMThread "VM Thread" [stack: 0x0000001a48100000,0x0000001a48200000] [id=19832]

Stack: [0x0000001a48100000,0x0000001a48200000],  sp=0x0000001a481fef20,  free space=1019k
Native frames: (J=compiled Java code, j=interpreted, Vv=VM code, C=native code)
C  [glass.dll+0x26ab7]


siginfo: EXCEPTION_ACCESS_VIOLATION (0xc0000005), reading address 0x0000000000000000


Registers:
RAX=0x0000000000000000, RBX=0x0000018e524e9238, RCX=0x0000018e524e3570, RDX=0x0000001a481fef20
RSP=0x0000001a481fef20, RBP=0x0000018e574430a8, RSI=0x0000018e57443080, RDI=0x0000dc67dd8a0271
R8 =0x0000000000010002, R9 =0x0000dc67dd8a0271, R10=0x0000000000008000, R11=0x0000001a481feeb0
R12=0x00007ff860f44384, R13=0x00007ff8463fea90, R14=0x0000001a481ff018, R15=0x0000018e57443080
RIP=0x00007ff860f46ab7, EFLAGS=0x0000000000010206


Register to memory mapping:

RIP=0x00007ff860f46ab7 glass.dll
RAX=0x0 is NULL
RBX=0x0000018e524e9238 is a global jni handle
RCX=0x0000018e524e3570 points into unknown readable memory: 0x00007ff846227080 | 80 70 22 46 f8 7f 00 00
RDX=0x0000001a481fef20 points into unknown readable memory: 0x0000000000000000 | 00 00 00 00 00 00 00 00
RSP=0x0000001a481fef20 points into unknown readable memory: 0x0000000000000000 | 00 00 00 00 00 00 00 00
RBP=0x0000018e574430a8 points into unknown readable memory: 0x0000dc67dd8a0271 | 71 02 8a dd 67 dc 00 00
RSI=0x0000018e57443080 points into unknown readable memory: 0x7d38dc67227ac399 | 99 c3 7a 22 67 dc 38 7d
RDI=0x0000dc67dd8a0271 is an unknown value
R8 =0x0000000000010002 is an unknown value
R9 =0x0000dc67dd8a0271 is an unknown value
R10=0x0000000000008000 is an unknown value
R11=0x0000001a481feeb0 points into unknown readable memory: 0x0000018e57443080 | 80 30 44 57 8e 01 00 00
R12=0x00007ff860f44384 glass.dll
R13=0x00007ff8463fea90 jvm.dll
R14=0x0000001a481ff018 points into unknown readable memory: 0x0000001a481ff000 | 00 f0 1f 48 1a 00 00 00
R15=0x0000018e57443080 points into unknown readable memory: 0x7d38dc67227ac399 | 99 c3 7a 22 67 dc 38 7d


Top of Stack: (sp=0x0000001a481fef20)
0x0000001a481fef20:   0000000000000000 0000018e57443080
0x0000001a481fef30:   00007ff8463fea90 00007ff860f44384
0x0000001a481fef40:   0000018e57443088 00007ff88ec142d6
0x0000001a481fef50:   0000dc67dd8a0271 0000018e00000000
0x0000001a481fef60:   0000018e574430a8 0000018e57443080
0x0000001a481fef70:   fffffffffffffffe 0000000000000000
0x0000001a481fef80:   0000000000000001 00007ff860f20000
0x0000001a481fef90:   0000001a481ff008 00007ff88ec141fb
0x0000001a481fefa0:   0000000000000000 0000001a481ff018
0x0000001a481fefb0:   0000001a481ff2e0 00007ff88ecf0e40
0x0000001a481fefc0:   0000000000000001 00007ff88ec141b4
0x0000001a481fefd0:   0000000000000000 0000000000000001
0x0000001a481fefe0:   00007ff800000001 0000001a481ff008
0x0000001a481feff0:   0000000000000000 00007ff860f44211
0x0000001a481ff000:   00007ff860f5a138 00007ff800000002
0x0000001a481ff010:   0000000000000002 0000001a481ff000
0x0000001a481ff020:   0000000000000000 00007ff890e09993
0x0000001a481ff030:   0000000000000000 00007ff860f44336
0x0000001a481ff040:   0000000000000001 0000000000000000
0x0000001a481ff050:   0000000000000000 0000000000000001
0x0000001a481ff060:   0000000000000000 0000000000000000
0x0000001a481ff070:   0000000000000001 00009cb661ea0ad1
0x0000001a481ff080:   00007ff860f20000 000000007ffe0384
0x0000001a481ff090:   0000000000000000 00007ff890e09a1d
0x0000001a481ff0a0:   00007ff860f20000 0000000000000000
0x0000001a481ff0b0:   0000000000000001 000000007ffe0385
0x0000001a481ff0c0:   0000000002360fb8 0000001a481ff2e0
0x0000001a481ff0d0:   00009cb600000000 0000000000000014
0x0000001a481ff0e0:   0000000000000000 00007ff860f44384
0x0000001a481ff0f0:   00000000000003d8 0000018e5744c8d0
0x0000001a481ff100:   0000018e524d7e00 00007ff890e4dd3c
0x0000001a481ff110:   0000018e5744dce0 00007ff860f20000 

Instructions: (pc=0x00007ff860f46ab7)
0x00007ff860f469b7:   8b 4d 58 e8 01 cf ff ff 48 8b 4d 60 e8 f8 ce ff
0x00007ff860f469c7:   ff 48 8b 95 80 00 00 00 48 8b 8d 18 01 00 00 e8
0x00007ff860f469d7:   c6 c3 ff ff 33 d2 33 c9 e8 3c e1 ff ff 90 48 89
0x00007ff860f469e7:   54 24 10 55 48 83 ec 20 48 8b ea 48 b8 00 00 00
0x00007ff860f469f7:   00 00 00 00 00 48 83 c4 20 5d c3 cc 40 55 48 8b
0x00007ff860f46a07:   ea 48 8b 01 33 c9 81 38 05 00 00 c0 0f 94 c1 8b
0x00007ff860f46a17:   c1 5d c3 cc 40 55 48 83 ec 20 48 8b ea 8a 4d 40
0x00007ff860f46a27:   48 83 c4 20 5d e9 f7 d2 ff ff cc 40 55 48 83 ec
0x00007ff860f46a37:   20 48 8b ea 8a 4d 20 e8 e5 d2 ff ff 90 48 83 c4
0x00007ff860f46a47:   20 5d c3 cc 40 55 48 83 ec 20 48 8b ea 48 83 c4
0x00007ff860f46a57:   20 5d e9 46 d1 ff ff cc 40 55 48 83 ec 30 48 8b
0x00007ff860f46a67:   ea 48 8b 01 8b 10 48 89 4c 24 28 89 54 24 20 4c
0x00007ff860f46a77:   8d 0d e7 d5 ff ff 4c 8b 45 70 8b 55 68 48 8b 4d
0x00007ff860f46a87:   60 e8 87 d0 ff ff 90 48 83 c4 30 5d c3 cc cc cc
0x00007ff860f46a97:   cc cc cc cc cc cc cc cc cc 40 53 48 83 ec 20 48
0x00007ff860f46aa7:   8b 1d 83 30 01 00 48 85 db 74 16 e8 09 8b ff ff
0x00007ff860f46ab7:   4c 8b 00 48 8b d3 48 8b c8 41 ff 90 b0 00 00 00
0x00007ff860f46ac7:   90 48 83 c4 20 5b c3 cc cc 40 53 48 83 ec 20 48
0x00007ff860f46ad7:   8b 1d fb 31 01 00 48 85 db 74 57 b8 ff ff ff ff
0x00007ff860f46ae7:   f0 0f c1 43 10 83 f8 01 75 3d 48 85 db 74 38 48
0x00007ff860f46af7:   8b 0b 48 85 c9 74 0d ff 15 a4 07 00 00 48 c7 03
0x00007ff860f46b07:   00 00 00 00 48 8b 4b 08 48 85 c9 74 0d e8 a7 cd
0x00007ff860f46b17:   ff ff 48 c7 43 08 00 00 00 00 ba 18 00 00 00 48
0x00007ff860f46b27:   8b cb e8 92 cd ff ff 48 c7 05 9f 31 01 00 00 00
0x00007ff860f46b37:   00 00 48 83 c4 20 5b c3 cc 40 53 48 83 ec 20 48
0x00007ff860f46b47:   8b 1d 6b 31 01 00 48 85 db 74 57 b8 ff ff ff ff
0x00007ff860f46b57:   f0 0f c1 43 10 83 f8 01 75 3d 48 85 db 74 38 48
0x00007ff860f46b67:   8b 0b 48 85 c9 74 0d ff 15 34 07 00 00 48 c7 03
0x00007ff860f46b77:   00 00 00 00 48 8b 4b 08 48 85 c9 74 0d e8 37 cd
0x00007ff860f46b87:   ff ff 48 c7 43 08 00 00 00 00 ba 18 00 00 00 48
0x00007ff860f46b97:   8b cb e8 22 cd ff ff 48 c7 05 0f 31 01 00 00 00
0x00007ff860f46ba7:   00 00 48 83 c4 20 5b c3 cc 40 53 48 83 ec 20 48 


Stack slot to memory mapping:
stack at sp + 0 slots: 0x0 is NULL
stack at sp + 1 slots: 0x0000018e57443080 points into unknown readable memory: 0x7d38dc67227ac399 | 99 c3 7a 22 67 dc 38 7d
stack at sp + 2 slots: 0x00007ff8463fea90 jvm.dll
stack at sp + 3 slots: 0x00007ff860f44384 glass.dll
stack at sp + 4 slots: 0x0000018e57443088 points into unknown readable memory: 0x0000dc67dd8a0271 | 71 02 8a dd 67 dc 00 00
stack at sp + 5 slots: 0x00007ff88ec142d6 ucrtbase.dll
stack at sp + 6 slots: 0x0000dc67dd8a0271 is an unknown value
stack at sp + 7 slots: 0x0000018e00000000 is an unknown value

VM_Operation (0x0000001a492ff000): Exit, mode: safepoint, requested by thread 0x0000018e5783f530


---------------  P R O C E S S  ---------------

Threads class SMR info:
_java_thread_list=0x0000018e57880d70, length=21, elements={
0x0000018e32f89aa0, 0x0000018e52503920, 0x0000018e525048c0, 0x0000018e52505ae0,
0x0000018e525087e0, 0x0000018e5250e7a0, 0x0000018e5250c270, 0x0000018e52515410,
0x0000018e5251dda0, 0x0000018e5250cd10, 0x0000018e5250b280, 0x0000018e5250d7b0,
0x0000018e5250b7d0, 0x0000018e5250e250, 0x0000018e5250bd20, 0x0000018e5250d260,
0x0000018e5250dd00, 0x0000018e5783bac0, 0x0000018e5783aad0, 0x0000018e5783e540,
0x0000018e5783f530
}

Java Threads: ( => current thread )
  0x0000018e32f89aa0 JavaThread "main" [_thread_blocked, id=24536, stack(0x0000001a47b00000,0x0000001a47c00000)]
  0x0000018e52503920 JavaThread "Reference Handler" daemon [_thread_blocked, id=5040, stack(0x0000001a48200000,0x0000001a48300000)]
  0x0000018e525048c0 JavaThread "Finalizer" daemon [_thread_blocked, id=23760, stack(0x0000001a48300000,0x0000001a48400000)]
  0x0000018e52505ae0 JavaThread "Signal Dispatcher" daemon [_thread_blocked, id=14992, stack(0x0000001a48400000,0x0000001a48500000)]
  0x0000018e525087e0 JavaThread "Attach Listener" daemon [_thread_blocked, id=1512, stack(0x0000001a48500000,0x0000001a48600000)]
  0x0000018e5250e7a0 JavaThread "Service Thread" daemon [_thread_blocked, id=25356, stack(0x0000001a48600000,0x0000001a48700000)]
  0x0000018e5250c270 JavaThread "Monitor Deflation Thread" daemon [_thread_blocked, id=25540, stack(0x0000001a48700000,0x0000001a48800000)]
  0x0000018e52515410 JavaThread "C2 CompilerThread0" daemon [_thread_blocked, id=24064, stack(0x0000001a48800000,0x0000001a48900000)]
  0x0000018e5251dda0 JavaThread "C1 CompilerThread0" daemon [_thread_blocked, id=16756, stack(0x0000001a48900000,0x0000001a48a00000)]
  0x0000018e5250cd10 JavaThread "Common-Cleaner" daemon [_thread_blocked, id=24540, stack(0x0000001a48a00000,0x0000001a48b00000)]
  0x0000018e5250b280 JavaThread "Monitor Ctrl-Break" daemon [_thread_in_native, id=22760, stack(0x0000001a48d00000,0x0000001a48e00000)]
  0x0000018e5250d7b0 JavaThread "Notification Thread" daemon [_thread_blocked, id=22948, stack(0x0000001a48e00000,0x0000001a48f00000)]
  0x0000018e5250b7d0 JavaThread "QuantumRenderer-0" daemon [_thread_blocked, id=10256, stack(0x0000001a49000000,0x0000001a49100000)]
  0x0000018e5250e250 JavaThread "InvokeLaterDispatcher" daemon [_thread_blocked, id=10980, stack(0x0000001a48b00000,0x0000001a48c00000)]
  0x0000018e5250bd20 JavaThread "JavaFX Application Thread" [_thread_in_native, id=16060, stack(0x0000001a48c00000,0x0000001a48d00000)]
  0x0000018e5250d260 JavaThread "Thread-1" daemon [_thread_in_native, id=22920, stack(0x0000001a49400000,0x0000001a49500000)]
  0x0000018e5250dd00 JavaThread "JavaFX-Launcher" [_thread_blocked, id=4488, stack(0x0000001a49600000,0x0000001a49700000)]
  0x0000018e5783bac0 JavaThread "Prism Font Disposer" daemon [_thread_blocked, id=12068, stack(0x0000001a4a000000,0x0000001a4a100000)]
  0x0000018e5783aad0 JavaThread "Cleaner-0" daemon [_thread_blocked, id=5568, stack(0x0000001a4a100000,0x0000001a4a200000)]
  0x0000018e5783e540 JavaThread "mysql-cj-abandoned-connection-cleanup" daemon [_thread_blocked, id=20956, stack(0x0000001a4a400000,0x0000001a4a500000)]
  0x0000018e5783f530 JavaThread "SIGINT handler" daemon [_thread_blocked, id=8508, stack(0x0000001a49200000,0x0000001a49300000)]

Other Threads:
=>0x0000018e524e3570 VMThread "VM Thread" [stack: 0x0000001a48100000,0x0000001a48200000] [id=19832]
  0x0000018e32ffac80 WorkerThread "GC Thread#0" [stack: 0x0000001a47c00000,0x0000001a47d00000] [id=21892]
  0x0000018e5771d740 WorkerThread "GC Thread#1" [stack: 0x0000001a49700000,0x0000001a49800000] [id=21364]
  0x0000018e576daa60 WorkerThread "GC Thread#2" [stack: 0x0000001a49800000,0x0000001a49900000] [id=23888]
  0x0000018e577a8120 WorkerThread "GC Thread#3" [stack: 0x0000001a49900000,0x0000001a49a00000] [id=11576]
  0x0000018e57707120 WorkerThread "GC Thread#4" [stack: 0x0000001a49a00000,0x0000001a49b00000] [id=12900]
  0x0000018e577076c0 WorkerThread "GC Thread#5" [stack: 0x0000001a49b00000,0x0000001a49c00000] [id=24300]
  0x0000018e577073f0 WorkerThread "GC Thread#6" [stack: 0x0000001a4a500000,0x0000001a4a600000] [id=18464]
  0x0000018e57705aa0 WorkerThread "GC Thread#7" [stack: 0x0000001a4a600000,0x0000001a4a700000] [id=24524]
  0x0000018e3300bb30 ConcurrentGCThread "G1 Main Marker" terminated
  0x0000018e3300c560 WorkerThread "G1 Conc#0" [stack: 0x0000001a47e00000,0x0000001a47f00000] [id=6600]
  0x0000018e57705d70 WorkerThread "G1 Conc#1" [stack: 0x0000001a4a800000,0x0000001a4a900000] [id=25380]
  0x0000018e523a0540 ConcurrentGCThread "G1 Refine#0" terminated
  0x0000018e523a0fe0 ConcurrentGCThread "G1 Service" terminated

Threads with active compile tasks:

VM state: at safepoint (shutting down)

VM Mutex/Monitor currently owned by a thread:  ([mutex/lock_event])
[0x0000018e32f84fa0] Threads_lock - owner thread: 0x0000018e524e3570
[0x0000018e32f88000] Heap_lock - owner thread: 0x0000018e5783f530

Heap address: 0x0000000702000000, size: 4064 MB, Compressed Oops mode: Zero based, Oop shift amount: 3

CDS archive(s) mapped at: [0x0000000800000000-0x0000000800c60000-0x0000000800c60000), size 12976128, SharedBaseAddress: 0x0000000800000000, ArchiveRelocationMode: 0.
Compressed class space mapped at: 0x0000000801000000-0x0000000841000000, reserved size: 1073741824
Narrow klass base: 0x0000000800000000, Narrow klass shift: 0, Narrow klass range: 0x100000000

GC Precious Log:
 CardTable entry size: 512
 Card Set container configuration: InlinePtr #cards 4 size 8 Array Of Cards #cards 16 size 48 Howl #buckets 8 coarsen threshold 3686 Howl Bitmap #cards 512 size 80 coarsen threshold 460 Card regions per heap region 1 cards per card region 4096
 CPUs: 8 total, 8 available
 Memory: 16254M
 Large Page Support: Disabled
 NUMA Support: Disabled
 Compressed Oops: Enabled (Zero based)
 Heap Region Size: 2M
 Heap Min Capacity: 8M
 Heap Initial Capacity: 254M
 Heap Max Capacity: 4064M
 Pre-touch: Disabled
 Parallel Workers: 8
 Concurrent Workers: 2
 Concurrent Refinement Workers: 8
 Periodic GC: Disabled

Heap:
 garbage-first heap   total 55296K, used 27365K [0x0000000702000000, 0x0000000800000000)
  region size 2048K, 7 young (14336K), 2 survivors (4096K)
 Metaspace       used 26280K, committed 26688K, reserved 1114112K
  class space    used 3448K, committed 3648K, reserved 1048576K

Heap Regions: E=young(eden), S=young(survivor), O=old, HS=humongous(starts), HC=humongous(continues), CS=collection set, F=free, OA=open archive, CA=closed archive, TAMS=top-at-mark-start, PB=parsable bottom
|   0|0x0000000702000000, 0x0000000702200000, 0x0000000702200000|100%|HS|  |TAMS 0x0000000702000000| PB 0x0000000702000000| Complete 
|   1|0x0000000702200000, 0x0000000702400000, 0x0000000702400000|100%| O|  |TAMS 0x0000000702200000| PB 0x0000000702200000| Untracked 
|   2|0x0000000702400000, 0x0000000702410200, 0x0000000702600000|  3%| O|  |TAMS 0x0000000702400000| PB 0x0000000702400000| Complete 
|   3|0x0000000702600000, 0x0000000702800000, 0x0000000702800000|100%| O|  |TAMS 0x0000000702600000| PB 0x0000000702600000| Untracked 
|   4|0x0000000702800000, 0x0000000702a00000, 0x0000000702a00000|100%| O|  |TAMS 0x0000000702800000| PB 0x0000000702800000| Untracked 
|   5|0x0000000702a00000, 0x0000000702c00000, 0x0000000702c00000|100%| O|  |TAMS 0x0000000702a00000| PB 0x0000000702a00000| Untracked 
|   6|0x0000000702c00000, 0x0000000702e00000, 0x0000000702e00000|100%| O|  |TAMS 0x0000000702c00000| PB 0x0000000702c00000| Untracked 
|   7|0x0000000702e00000, 0x0000000702ea9400, 0x0000000703000000| 33%| O|  |TAMS 0x0000000702e00000| PB 0x0000000702e00000| Untracked 
|   8|0x0000000703000000, 0x0000000703200000, 0x0000000703200000|100%|HS|  |TAMS 0x0000000703000000| PB 0x0000000703000000| Complete 
|   9|0x0000000703200000, 0x0000000703400000, 0x0000000703400000|100%| S|CS|TAMS 0x0000000703200000| PB 0x0000000703200000| Complete 
|  10|0x0000000703400000, 0x0000000703600000, 0x0000000703600000|100%| S|CS|TAMS 0x0000000703400000| PB 0x0000000703400000| Complete 
|  11|0x0000000703600000, 0x0000000703600000, 0x0000000703800000|  0%| F|  |TAMS 0x0000000703600000| PB 0x0000000703600000| Untracked 
|  12|0x0000000703800000, 0x0000000703800000, 0x0000000703a00000|  0%| F|  |TAMS 0x0000000703800000| PB 0x0000000703800000| Untracked 
|  13|0x0000000703a00000, 0x0000000703a00000, 0x0000000703c00000|  0%| F|  |TAMS 0x0000000703a00000| PB 0x0000000703a00000| Untracked 
|  14|0x0000000703c00000, 0x0000000703c00000, 0x0000000703e00000|  0%| F|  |TAMS 0x0000000703c00000| PB 0x0000000703c00000| Untracked 
|  15|0x0000000703e00000, 0x0000000703e00000, 0x0000000704000000|  0%| F|  |TAMS 0x0000000703e00000| PB 0x0000000703e00000| Untracked 
|  16|0x0000000704000000, 0x0000000704000000, 0x0000000704200000|  0%| F|  |TAMS 0x0000000704000000| PB 0x0000000704000000| Untracked 
|  17|0x0000000704200000, 0x0000000704200000, 0x0000000704400000|  0%| F|  |TAMS 0x0000000704200000| PB 0x0000000704200000| Untracked 
|  18|0x0000000704400000, 0x0000000704400000, 0x0000000704600000|  0%| F|  |TAMS 0x0000000704400000| PB 0x0000000704400000| Untracked 
|  19|0x0000000704600000, 0x0000000704600000, 0x0000000704800000|  0%| F|  |TAMS 0x0000000704600000| PB 0x0000000704600000| Untracked 
|  20|0x0000000704800000, 0x0000000704800000, 0x0000000704a00000|  0%| F|  |TAMS 0x0000000704800000| PB 0x0000000704800000| Untracked 
|  21|0x0000000704a00000, 0x0000000704a00000, 0x0000000704c00000|  0%| F|  |TAMS 0x0000000704a00000| PB 0x0000000704a00000| Untracked 
| 118|0x0000000710c00000, 0x0000000710de27c0, 0x0000000710e00000| 94%| E|  |TAMS 0x0000000710c00000| PB 0x0000000710c00000| Complete 
| 119|0x0000000710e00000, 0x0000000711000000, 0x0000000711000000|100%| E|CS|TAMS 0x0000000710e00000| PB 0x0000000710e00000| Complete 
| 120|0x0000000711000000, 0x0000000711200000, 0x0000000711200000|100%| E|CS|TAMS 0x0000000711000000| PB 0x0000000711000000| Complete 
| 121|0x0000000711200000, 0x0000000711400000, 0x0000000711400000|100%| E|CS|TAMS 0x0000000711200000| PB 0x0000000711200000| Complete 
| 126|0x0000000711c00000, 0x0000000711e00000, 0x0000000711e00000|100%| E|CS|TAMS 0x0000000711c00000| PB 0x0000000711c00000| Complete 

Card table byte_map: [0x0000018e4ab80000,0x0000018e4b370000] _byte_map_base: 0x0000018e47370000

Marking Bits: (CMBitMap*) 0x0000018e32ffb2b0
 Bits: [0x0000018e4bb60000, 0x0000018e4fae0000)

Polling page: 0x0000018e32760000

Metaspace:

Usage:
  Non-class:     22.30 MB used.
      Class:      3.37 MB used.
       Both:     25.66 MB used.

Virtual space:
  Non-class space:       64.00 MB reserved,      22.50 MB ( 35%) committed,  1 nodes.
      Class space:        1.00 GB reserved,       3.56 MB ( <1%) committed,  1 nodes.
             Both:        1.06 GB reserved,      26.06 MB (  2%) committed. 

Chunk freelists:
   Non-Class:  1.53 MB
       Class:  424.00 KB
        Both:  1.95 MB

MaxMetaspaceSize: unlimited
CompressedClassSpaceSize: 1.00 GB
Initial GC threshold: 21.00 MB
Current GC threshold: 35.25 MB
CDS: on
MetaspaceReclaimPolicy: balanced
 - commit_granule_bytes: 65536.
 - commit_granule_words: 8192.
 - virtual_space_node_default_size: 8388608.
 - enlarge_chunks_in_place: 1.
 - new_chunks_are_fully_committed: 0.
 - uncommit_free_chunks: 1.
 - use_allocation_guard: 0.


Internal statistics:

num_allocs_failed_limit: 3.
num_arena_births: 424.
num_arena_deaths: 0.
num_vsnodes_births: 2.
num_vsnodes_deaths: 0.
num_space_committed: 417.
num_space_uncommitted: 0.
num_chunks_returned_to_freelist: 3.
num_chunks_taken_from_freelist: 1196.
num_chunk_merges: 3.
num_chunk_splits: 808.
num_chunks_enlarged: 588.
num_inconsistent_stats: 0.

CodeHeap 'non-profiled nmethods': size=120000Kb used=2085Kb max_used=2085Kb free=117914Kb
 bounds [0x0000018e42b20000, 0x0000018e42d90000, 0x0000018e4a050000]
CodeHeap 'profiled nmethods': size=120000Kb used=8889Kb max_used=8889Kb free=111110Kb
 bounds [0x0000018e3b050000, 0x0000018e3b900000, 0x0000018e42580000]
CodeHeap 'non-nmethods': size=5760Kb used=1972Kb max_used=2026Kb free=3787Kb
 bounds [0x0000018e42580000, 0x0000018e427f0000, 0x0000018e42b20000]
 total_blobs=5512 nmethods=4606 adapters=815
 compilation: enabled
              stopped_count=0, restarted_count=0
 full_count=0

Compilation events (20 events):
Event: 15.005 Thread 0x0000018e5251dda0 4599       3       com.sun.javafx.stage.WindowCloseRequestHandler::dispatchBubblingEvent (23 bytes)
Event: 15.005 Thread 0x0000018e5251dda0 nmethod 4599 0x0000018e3b8fb690 code [0x0000018e3b8fb840, 0x0000018e3b8fbc18]
Event: 15.005 Thread 0x0000018e5251dda0 4600       3       com.sun.javafx.event.BasicEventDispatcher::dispatchBubblingEvent (2 bytes)
Event: 15.005 Thread 0x0000018e5251dda0 nmethod 4600 0x0000018e3b8fbd90 code [0x0000018e3b8fbf20, 0x0000018e3b8fc030]
Event: 15.085 Thread 0x0000018e5251dda0 4601       3       com.sun.javafx.scene.KeyboardShortcutsHandler::dispatchBubblingEvent (60 bytes)
Event: 15.086 Thread 0x0000018e5251dda0 nmethod 4601 0x0000018e3b8fc110 code [0x0000018e3b8fc2e0, 0x0000018e3b8fc9e0]
Event: 47.190 Thread 0x0000018e5251dda0 4602       3       jdk.internal.misc.Unsafe::putReferenceOpaque (9 bytes)
Event: 47.190 Thread 0x0000018e5251dda0 nmethod 4602 0x0000018e3b8fcb10 code [0x0000018e3b8fcca0, 0x0000018e3b8fce08]
Event: 86.571 Thread 0x0000018e52515410 4603       4       com.sun.javafx.tk.quantum.QuantumToolkit::postPulse (133 bytes)
Event: 86.576 Thread 0x0000018e52515410 nmethod 4603 0x0000018e42d28590 code [0x0000018e42d28740, 0x0000018e42d289d0]
Event: 86.843 Thread 0x0000018e52515410 4604       4       com.sun.javafx.tk.quantum.QuantumToolkit$$Lambda$81/0x000000080103be90::run (8 bytes)
Event: 86.847 Thread 0x0000018e52515410 nmethod 4604 0x0000018e42d28c90 code [0x0000018e42d28e60, 0x0000018e42d29158]
Event: 87.199 Thread 0x0000018e5251dda0 4605       3       jdk.internal.loader.URLClassPath$JarLoader::findResource (18 bytes)
Event: 87.199 Thread 0x0000018e5251dda0 nmethod 4605 0x0000018e3b8fce90 code [0x0000018e3b8fd040, 0x0000018e3b8fd230]
Event: 121.646 Thread 0x0000018e5251dda0 4606       3       java.util.concurrent.locks.AbstractQueuedSynchronizer$ConditionObject::canReacquire (38 bytes)
Event: 121.646 Thread 0x0000018e5251dda0 nmethod 4606 0x0000018e3b8fd310 code [0x0000018e3b8fd4c0, 0x0000018e3b8fd868]
Event: 122.204 Thread 0x0000018e5251dda0 4607       3       jdk.internal.module.Resources::toPackageName (39 bytes)
Event: 122.205 Thread 0x0000018e5251dda0 nmethod 4607 0x0000018e3b8fda10 code [0x0000018e3b8fdc20, 0x0000018e3b8fe2b0]
Event: 140.426 Thread 0x0000018e5251dda0 4608       1       java.util.logging.LogManager$LoggerContext::getOwner (5 bytes)
Event: 140.426 Thread 0x0000018e5251dda0 nmethod 4608 0x0000018e42d29490 code [0x0000018e42d29600, 0x0000018e42d296d0]

GC Heap History (8 events):
Event: 0.889 GC heap before
{Heap before GC invocations=0 (full 0):
 garbage-first heap   total 260096K, used 20480K [0x0000000702000000, 0x0000000800000000)
  region size 2048K, 11 young (22528K), 0 survivors (0K)
 Metaspace       used 5120K, committed 5376K, reserved 1114112K
  class space    used 594K, committed 704K, reserved 1048576K
}
Event: 0.892 GC heap after
{Heap after GC invocations=1 (full 0):
 garbage-first heap   total 260096K, used 2921K [0x0000000702000000, 0x0000000800000000)
  region size 2048K, 2 young (4096K), 2 survivors (4096K)
 Metaspace       used 5120K, committed 5376K, reserved 1114112K
  class space    used 594K, committed 704K, reserved 1048576K
}
Event: 6.012 GC heap before
{Heap before GC invocations=1 (full 0):
 garbage-first heap   total 260096K, used 39785K [0x0000000702000000, 0x0000000800000000)
  region size 2048K, 20 young (40960K), 2 survivors (4096K)
 Metaspace       used 15582K, committed 16000K, reserved 1114112K
  class space    used 2037K, committed 2240K, reserved 1048576K
}
Event: 6.022 GC heap after
{Heap after GC invocations=2 (full 0):
 garbage-first heap   total 260096K, used 10304K [0x0000000702000000, 0x0000000800000000)
  region size 2048K, 3 young (6144K), 3 survivors (6144K)
 Metaspace       used 15582K, committed 16000K, reserved 1114112K
  class space    used 2037K, committed 2240K, reserved 1048576K
}
Event: 6.484 GC heap before
{Heap before GC invocations=2 (full 0):
 garbage-first heap   total 260096K, used 18496K [0x0000000702000000, 0x0000000800000000)
  region size 2048K, 8 young (16384K), 3 survivors (6144K)
 Metaspace       used 21170K, committed 21504K, reserved 1114112K
  class space    used 2680K, committed 2880K, reserved 1048576K
}
Event: 6.490 GC heap after
{Heap after GC invocations=3 (full 0):
 garbage-first heap   total 260096K, used 12352K [0x0000000702000000, 0x0000000800000000)
  region size 2048K, 4 young (8192K), 4 survivors (8192K)
 Metaspace       used 21170K, committed 21504K, reserved 1114112K
  class space    used 2680K, committed 2880K, reserved 1048576K
}
Event: 7.166 GC heap before
{Heap before GC invocations=4 (full 0):
 garbage-first heap   total 55296K, used 34880K [0x0000000702000000, 0x0000000800000000)
  region size 2048K, 16 young (32768K), 4 survivors (8192K)
 Metaspace       used 25259K, committed 25664K, reserved 1114112K
  class space    used 3381K, committed 3584K, reserved 1048576K
}
Event: 7.178 GC heap after
{Heap after GC invocations=5 (full 0):
 garbage-first heap   total 55296K, used 17125K [0x0000000702000000, 0x0000000800000000)
  region size 2048K, 2 young (4096K), 2 survivors (4096K)
 Metaspace       used 25259K, committed 25664K, reserved 1114112K
  class space    used 3381K, committed 3584K, reserved 1048576K
}

Dll operation events (20 events):
Event: 0.497 Loaded shared library C:\Users\shara\.openjfx\cache\17.0.2-ea\api-ms-win-crt-heap-l1-1-0.dll
Event: 0.500 Loaded shared library C:\Users\shara\.openjfx\cache\17.0.2-ea\api-ms-win-crt-locale-l1-1-0.dll
Event: 0.503 Loaded shared library C:\Users\shara\.openjfx\cache\17.0.2-ea\api-ms-win-crt-math-l1-1-0.dll
Event: 0.509 Loaded shared library C:\Users\shara\.openjfx\cache\17.0.2-ea\api-ms-win-crt-multibyte-l1-1-0.dll
Event: 0.513 Loaded shared library C:\Users\shara\.openjfx\cache\17.0.2-ea\api-ms-win-crt-private-l1-1-0.dll
Event: 0.517 Loaded shared library C:\Users\shara\.openjfx\cache\17.0.2-ea\api-ms-win-crt-process-l1-1-0.dll
Event: 0.521 Loaded shared library C:\Users\shara\.openjfx\cache\17.0.2-ea\api-ms-win-crt-runtime-l1-1-0.dll
Event: 0.524 Loaded shared library C:\Users\shara\.openjfx\cache\17.0.2-ea\api-ms-win-crt-stdio-l1-1-0.dll
Event: 0.527 Loaded shared library C:\Users\shara\.openjfx\cache\17.0.2-ea\api-ms-win-crt-string-l1-1-0.dll
Event: 0.530 Loaded shared library C:\Users\shara\.openjfx\cache\17.0.2-ea\api-ms-win-crt-time-l1-1-0.dll
Event: 0.534 Loaded shared library C:\Users\shara\.openjfx\cache\17.0.2-ea\api-ms-win-crt-utility-l1-1-0.dll
Event: 0.549 Loaded shared library C:\Users\shara\.openjfx\cache\17.0.2-ea\ucrtbase.dll
Event: 0.553 Loaded shared library C:\Users\shara\.openjfx\cache\17.0.2-ea\vcruntime140.dll
Event: 0.556 Loaded shared library C:\Users\shara\.openjfx\cache\17.0.2-ea\vcruntime140_1.dll
Event: 0.564 Loaded shared library C:\Users\shara\.openjfx\cache\17.0.2-ea\msvcp140.dll
Event: 0.619 Loaded shared library C:\Users\shara\.openjfx\cache\17.0.2-ea\prism_d3d.dll
Event: 0.728 Loaded shared library C:\Users\shara\.openjfx\cache\17.0.2-ea\glass.dll
Event: 0.876 Loaded shared library C:\Users\shara\.jdks\openjdk-20.0.1\bin\jimage.dll
Event: 1.093 Loaded shared library C:\Users\shara\.openjfx\cache\17.0.2-ea\javafx_font.dll
Event: 6.320 Loaded shared library C:\Users\shara\.jdks\openjdk-20.0.1\bin\sunmscapi.dll

Deoptimization events (20 events):
Event: 11.589 Thread 0x0000018e5250bd20 DEOPT PACKING pc=0x0000018e42d1394c sp=0x0000001a48cf91f0
Event: 11.589 Thread 0x0000018e5250bd20 DEOPT UNPACKING pc=0x0000018e425e9d22 sp=0x0000001a48cf90b8 mode 2
Event: 11.597 Thread 0x0000018e5250bd20 Uncommon trap: trap_request=0xffffffde fr.pc=0x0000018e42d1394c relative=0x0000000000000e8c
Event: 11.597 Thread 0x0000018e5250bd20 Uncommon trap: reason=class_check action=maybe_recompile pc=0x0000018e42d1394c method=javafx.scene.Node.intersectsBounds(Lcom/sun/javafx/geom/PickRay;)D @ 867 c2
Event: 11.597 Thread 0x0000018e5250bd20 DEOPT PACKING pc=0x0000018e42d1394c sp=0x0000001a48cf91f0
Event: 11.597 Thread 0x0000018e5250bd20 DEOPT UNPACKING pc=0x0000018e425e9d22 sp=0x0000001a48cf90b8 mode 2
Event: 12.142 Thread 0x0000018e5250bd20 Uncommon trap: trap_request=0xffffffde fr.pc=0x0000018e42d1394c relative=0x0000000000000e8c
Event: 12.142 Thread 0x0000018e5250bd20 Uncommon trap: reason=class_check action=maybe_recompile pc=0x0000018e42d1394c method=javafx.scene.Node.intersectsBounds(Lcom/sun/javafx/geom/PickRay;)D @ 867 c2
Event: 12.142 Thread 0x0000018e5250bd20 DEOPT PACKING pc=0x0000018e42d1394c sp=0x0000001a48cf9330
Event: 12.142 Thread 0x0000018e5250bd20 DEOPT UNPACKING pc=0x0000018e425e9d22 sp=0x0000001a48cf91f8 mode 2
Event: 12.149 Thread 0x0000018e5250bd20 Uncommon trap: trap_request=0xffffffde fr.pc=0x0000018e42d1394c relative=0x0000000000000e8c
Event: 12.149 Thread 0x0000018e5250bd20 Uncommon trap: reason=class_check action=maybe_recompile pc=0x0000018e42d1394c method=javafx.scene.Node.intersectsBounds(Lcom/sun/javafx/geom/PickRay;)D @ 867 c2
Event: 12.149 Thread 0x0000018e5250bd20 DEOPT PACKING pc=0x0000018e42d1394c sp=0x0000001a48cf9330
Event: 12.149 Thread 0x0000018e5250bd20 DEOPT UNPACKING pc=0x0000018e425e9d22 sp=0x0000001a48cf91f8 mode 2
Event: 12.720 Thread 0x0000018e5250b7d0 DEOPT PACKING pc=0x0000018e3b860903 sp=0x0000001a490fe210
Event: 12.720 Thread 0x0000018e5250b7d0 DEOPT UNPACKING pc=0x0000018e425ea4c2 sp=0x0000001a490fd6c0 mode 0
Event: 12.755 Thread 0x0000018e5250b7d0 DEOPT PACKING pc=0x0000018e3b3ee9c9 sp=0x0000001a490fd900
Event: 12.755 Thread 0x0000018e5250b7d0 DEOPT UNPACKING pc=0x0000018e425ea4c2 sp=0x0000001a490fcd38 mode 0
Event: 12.764 Thread 0x0000018e5250b7d0 DEOPT PACKING pc=0x0000018e3b860903 sp=0x0000001a490fd770
Event: 12.764 Thread 0x0000018e5250b7d0 DEOPT UNPACKING pc=0x0000018e425ea4c2 sp=0x0000001a490fcc20 mode 0

Classes loaded (20 events):
Event: 7.031 Loading class java/text/BreakIterator
Event: 7.032 Loading class java/text/BreakIterator done
Event: 7.032 Loading class sun/util/locale/provider/BreakIteratorProviderImpl
Event: 7.032 Loading class sun/util/locale/provider/BreakIteratorProviderImpl done
Event: 7.033 Loading class sun/util/locale/provider/BreakIteratorProviderImpl$GraphemeBreakIterator
Event: 7.033 Loading class sun/util/locale/provider/BreakIteratorProviderImpl$GraphemeBreakIterator done
Event: 7.033 Loading class java/text/StringCharacterIterator
Event: 7.033 Loading class java/text/StringCharacterIterator done
Event: 7.033 Loading class sun/util/locale/provider/BreakIteratorProviderImpl$CharacterIteratorCharSequence
Event: 7.033 Loading class sun/util/locale/provider/BreakIteratorProviderImpl$CharacterIteratorCharSequence done
Event: 7.033 Loading class java/text/BreakIterator$BreakIteratorCache
Event: 7.033 Loading class java/text/BreakIterator$BreakIteratorCache done
Event: 7.178 Loading class sun/security/ssl/Alert
Event: 7.180 Loading class sun/security/ssl/Alert done
Event: 7.181 Loading class sun/security/ssl/Alert$AlertConsumer
Event: 7.181 Loading class sun/security/ssl/Alert$AlertConsumer done
Event: 7.181 Loading class sun/security/ssl/Alert$Level
Event: 7.181 Loading class sun/security/ssl/Alert$Level done
Event: 140.425 Loading class jdk/internal/misc/Signal$1
Event: 140.425 Loading class jdk/internal/misc/Signal$1 done

Classes unloaded (0 events):
No events

Classes redefined (0 events):
No events

Internal exceptions (20 events):
Event: 5.974 Thread 0x0000018e5250bd20 Exception <a 'sun/nio/fs/WindowsException'{0x000000070f6dcc98}> (0x000000070f6dcc98) 
thrown [s\open\src\hotspot\share\prims\jni.cpp, line 519]
Event: 5.976 Thread 0x0000018e5250bd20 Exception <a 'sun/nio/fs/WindowsException'{0x000000070f6df300}> (0x000000070f6df300) 
thrown [s\open\src\hotspot\share\prims\jni.cpp, line 519]
Event: 5.989 Thread 0x0000018e5250bd20 Exception <a 'sun/nio/fs/WindowsException'{0x000000070f73abd0}> (0x000000070f73abd0) 
thrown [s\open\src\hotspot\share\prims\jni.cpp, line 519]
Event: 5.991 Thread 0x0000018e5250bd20 Exception <a 'sun/nio/fs/WindowsException'{0x000000070f73d628}> (0x000000070f73d628) 
thrown [s\open\src\hotspot\share\prims\jni.cpp, line 519]
Event: 5.996 Thread 0x0000018e5250bd20 Exception <a 'java/lang/NoSuchMethodError'{0x000000070f74c5f0}: 'java.lang.Object java.lang.invoke.DirectMethodHandle$Holder.invokeVirtual(java.lang.Object, java.lang.Object, java.lang.Object)'> (0x000000070f74c5f0) 
thrown [s\open\src\hotspot\share\interpreter\linkResolver.cpp, line 773]
Event: 6.084 Thread 0x0000018e5250bd20 Exception <a 'sun/nio/fs/WindowsException'{0x0000000711ae9398}> (0x0000000711ae9398) 
thrown [s\open\src\hotspot\share\prims\jni.cpp, line 519]
Event: 6.164 Thread 0x0000018e5250bd20 Exception <a 'sun/nio/fs/WindowsException'{0x000000071192db00}> (0x000000071192db00) 
thrown [s\open\src\hotspot\share\prims\jni.cpp, line 519]
Event: 6.204 Thread 0x0000018e5250bd20 Exception <a 'sun/nio/fs/WindowsException'{0x0000000711620068}> (0x0000000711620068) 
thrown [s\open\src\hotspot\share\prims\jni.cpp, line 519]
Event: 6.212 Thread 0x0000018e5250bd20 Exception <a 'sun/nio/fs/WindowsException'{0x0000000711634b88}> (0x0000000711634b88) 
thrown [s\open\src\hotspot\share\prims\jni.cpp, line 519]
Event: 6.245 Thread 0x0000018e5250bd20 Exception <a 'java/lang/NoSuchMethodError'{0x00000007116cec48}: 'java.lang.Object java.lang.invoke.DirectMethodHandle$Holder.invokeStaticInit(java.lang.Object, int, int, int, int)'> (0x00000007116cec48) 
thrown [s\open\src\hotspot\share\interpreter\linkResolver.cpp, line 773]
Event: 6.293 Thread 0x0000018e5250bd20 Exception <a 'java/lang/NoSuchMethodError'{0x000000071178b098}: 'java.lang.Object java.lang.invoke.DirectMethodHandle$Holder.invokeStaticInit(java.lang.Object, java.lang.Object, int, int, int, int)'> (0x000000071178b098) 
thrown [s\open\src\hotspot\share\interpreter\linkResolver.cpp, line 773]
Event: 6.740 Thread 0x0000018e5250bd20 Exception <a 'java/lang/ClassNotFoundException'{0x00000007049b5bb0}: com/sun/javafx/scene/control/skin/resources/controls> (0x00000007049b5bb0) 
thrown [s\open\src\hotspot\share\prims\jni.cpp, line 538]
Event: 6.741 Thread 0x0000018e5250bd20 Exception <a 'java/lang/ClassNotFoundException'{0x00000007049c41a0}: com/sun/javafx/scene/control/skin/resources/controls_en> (0x00000007049c41a0) 
thrown [s\open\src\hotspot\share\prims\jni.cpp, line 538]
Event: 6.741 Thread 0x0000018e5250bd20 Exception <a 'java/lang/ClassNotFoundException'{0x00000007049c5960}: com/sun/javafx/scene/control/skin/resources/controls_en_GB> (0x00000007049c5960) 
thrown [s\open\src\hotspot\share\prims\jni.cpp, line 538]
Event: 6.921 Thread 0x0000018e5250bd20 Exception <a 'java/lang/NoSuchMethodError'{0x00000007041b1970}: 'void java.lang.invoke.DirectMethodHandle$Holder.invokeSpecial(java.lang.Object, java.lang.Object, java.lang.Object, java.lang.Object, java.lang.Object, java.lang.Object)'> (0x00000007041b1970) 
thrown [s\open\src\hotspot\share\interpreter\linkResolver.cpp, line 773]
Event: 7.409 Thread 0x0000018e5250b7d0 Exception <a 'java/lang/NoSuchMethodError'{0x0000000710f1aec0}: 'java.lang.Object java.lang.invoke.DirectMethodHandle$Holder.invokeStaticInit(java.lang.Object, int)'> (0x0000000710f1aec0) 
thrown [s\open\src\hotspot\share\interpreter\linkResolver.cpp, line 773]
Event: 9.646 Thread 0x0000018e5250bd20 Exception <a 'java/lang/NoSuchMethodError'{0x00000007111dc408}: 'java.lang.Object java.lang.invoke.DirectMethodHandle$Holder.newInvokeSpecial(java.lang.Object, java.lang.Object, java.lang.Object, double, double, double, double, int, int, int, int, int, int, int, int, int)'> (0x00000007111dc408) 
thrown [s\open\src\hotspot\share\interpreter\linkResolver.cpp, line 773]
Event: 11.170 Thread 0x0000018e5250bd20 Exception <a 'java/lang/NoSuchMethodError'{0x0000000710c1d798}: 'java.lang.Object java.lang.invoke.DirectMethodHandle$Holder.newInvokeSpecial(java.lang.Object, java.lang.Object, int, int, int, int, int, java.lang.Object)'> (0x0000000710c1d798) 
thrown [s\open\src\hotspot\share\interpreter\linkResolver.cpp, line 773]
Event: 11.173 Thread 0x0000018e5250bd20 Exception <a 'java/lang/NoSuchMethodError'{0x0000000710c304e8}: 'java.lang.Object java.lang.invoke.DirectMethodHandle$Holder.newInvokeSpecial(java.lang.Object, java.lang.Object, java.lang.Object, int, int, int, int, int)'> (0x0000000710c304e8) 
thrown [s\open\src\hotspot\share\interpreter\linkResolver.cpp, line 773]
Event: 11.174 Thread 0x0000018e5250bd20 Exception <a 'java/lang/NoSuchMethodError'{0x0000000710c382e8}: 'java.lang.Object java.lang.invoke.Invokers$Holder.linkToTargetMethod(java.lang.Object, java.lang.Object, int, int, int, int, int, java.lang.Object)'> (0x0000000710c382e8) 
thrown [s\open\src\hotspot\share\interpreter\linkResolver.cpp, line 773]

VM Operations (20 events):
Event: 6.871 Executing VM operation: ICBufferFull done
Event: 7.089 Executing VM operation: ICBufferFull
Event: 7.089 Executing VM operation: ICBufferFull done
Event: 7.166 Executing VM operation: G1CollectForAllocation
Event: 7.178 Executing VM operation: G1CollectForAllocation done
Event: 7.347 Executing VM operation: ICBufferFull
Event: 7.347 Executing VM operation: ICBufferFull done
Event: 8.347 Executing VM operation: Cleanup
Event: 8.347 Executing VM operation: Cleanup done
Event: 9.348 Executing VM operation: Cleanup
Event: 9.348 Executing VM operation: Cleanup done
Event: 10.349 Executing VM operation: Cleanup
Event: 10.349 Executing VM operation: Cleanup done
Event: 11.350 Executing VM operation: Cleanup
Event: 11.350 Executing VM operation: Cleanup done
Event: 12.351 Executing VM operation: Cleanup
Event: 12.351 Executing VM operation: Cleanup done
Event: 13.351 Executing VM operation: Cleanup
Event: 13.351 Executing VM operation: Cleanup done
Event: 140.427 Executing VM operation: Exit

Events (20 events):
Event: 1.444 Thread 0x0000018e5783bac0 Thread added: 0x0000018e5783bac0
Event: 1.643 Thread 0x0000018e5783aad0 Thread added: 0x0000018e5783aad0
Event: 2.581 Thread 0x0000018e5790d8b0 Thread exited: 0x0000018e5790d8b0
Event: 2.597 Thread 0x0000018e578cc5c0 Thread exited: 0x0000018e578cc5c0
Event: 4.574 Thread 0x0000018e5839bb40 Thread added: 0x0000018e5839bb40
Event: 4.908 Thread 0x0000018e5839bb40 Thread exited: 0x0000018e5839bb40
Event: 5.153 Thread 0x0000018e5839bb40 Thread added: 0x0000018e5839bb40
Event: 5.310 Thread 0x0000018e5839bb40 Thread exited: 0x0000018e5839bb40
Event: 5.865 Thread 0x0000018e5839bb40 Thread added: 0x0000018e5839bb40
Event: 5.948 Thread 0x0000018e5783e540 Thread added: 0x0000018e5783e540
Event: 6.407 Thread 0x0000018e5ce7c700 Thread added: 0x0000018e5ce7c700
Event: 8.021 Thread 0x0000018e5ce7c700 Thread exited: 0x0000018e5ce7c700
Event: 8.021 Thread 0x0000018e5839bb40 Thread exited: 0x0000018e5839bb40
Event: 12.755 Thread 0x0000018e56bbab80 Thread added: 0x0000018e56bbab80
Event: 15.005 Thread 0x0000018e56bbab80 Thread exited: 0x0000018e56bbab80
Event: 140.425 Thread 0x0000018e5783f530 Thread added: 0x0000018e5783f530
Event: 140.426 Thread 0x0000018e5783fa80 Thread added: 0x0000018e5783fa80
Event: 140.426 Thread 0x0000018e57841a60 Thread added: 0x0000018e57841a60
Event: 140.426 Thread 0x0000018e57841a60 Thread exited: 0x0000018e57841a60
Event: 140.427 Thread 0x0000018e5783fa80 Thread exited: 0x0000018e5783fa80


Dynamic libraries:
0x00007ff6dca50000 - 0x00007ff6dca5e000 	C:\Users\shara\.jdks\openjdk-20.0.1\bin\java.exe
0x00007ff890df0000 - 0x00007ff890fe8000 	C:\WINDOWS\SYSTEM32\ntdll.dll
0x00007ff88fb30000 - 0x00007ff88fbef000 	C:\WINDOWS\System32\KERNEL32.DLL
0x00007ff88e4d0000 - 0x00007ff88e7c6000 	C:\WINDOWS\System32\KERNELBASE.dll
0x00007ff88ec00000 - 0x00007ff88ed00000 	C:\WINDOWS\System32\ucrtbase.dll
0x00007ff888fa0000 - 0x00007ff888fb7000 	C:\Users\shara\.jdks\openjdk-20.0.1\bin\jli.dll
0x00007ff890b70000 - 0x00007ff890d0d000 	C:\WINDOWS\System32\USER32.dll
0x00007ff88ed00000 - 0x00007ff88ed22000 	C:\WINDOWS\System32\win32u.dll
0x00007ff8909c0000 - 0x00007ff8909ec000 	C:\WINDOWS\System32\GDI32.dll
0x00007ff88eae0000 - 0x00007ff88ebf5000 	C:\WINDOWS\System32\gdi32full.dll
0x00007ff88e7d0000 - 0x00007ff88e86d000 	C:\WINDOWS\System32\msvcp_win.dll
0x00007ff873270000 - 0x00007ff87328b000 	C:\Users\shara\.jdks\openjdk-20.0.1\bin\VCRUNTIME140.dll
0x00007ff88db80000 - 0x00007ff88de1a000 	C:\WINDOWS\WinSxS\amd64_microsoft.windows.common-controls_6595b64144ccf1df_6.0.19041.1110_none_60b5254171f9507e\COMCTL32.dll
0x00007ff890030000 - 0x00007ff8900ce000 	C:\WINDOWS\System32\msvcrt.dll
0x00007ff88ff70000 - 0x00007ff88ffa0000 	C:\WINDOWS\System32\IMM32.DLL
0x00007ff888f90000 - 0x00007ff888f9c000 	C:\Users\shara\.jdks\openjdk-20.0.1\bin\vcruntime140_1.dll
0x00007ff853b00000 - 0x00007ff853b8e000 	C:\Users\shara\.jdks\openjdk-20.0.1\bin\msvcp140.dll
0x00007ff845810000 - 0x00007ff8464a7000 	C:\Users\shara\.jdks\openjdk-20.0.1\bin\server\jvm.dll
0x00007ff88fbf0000 - 0x00007ff88fc9f000 	C:\WINDOWS\System32\ADVAPI32.dll
0x00007ff890d10000 - 0x00007ff890dac000 	C:\WINDOWS\System32\sechost.dll
0x00007ff88f920000 - 0x00007ff88fa46000 	C:\WINDOWS\System32\RPCRT4.dll
0x00007ff887660000 - 0x00007ff887669000 	C:\WINDOWS\SYSTEM32\WSOCK32.dll
0x00007ff88ffc0000 - 0x00007ff89002b000 	C:\WINDOWS\System32\WS2_32.dll
0x00007ff8704e0000 - 0x00007ff870507000 	C:\WINDOWS\SYSTEM32\WINMM.dll
0x00007ff884e70000 - 0x00007ff884e7a000 	C:\WINDOWS\SYSTEM32\VERSION.dll
0x00007ff88c6a0000 - 0x00007ff88c6b2000 	C:\WINDOWS\SYSTEM32\kernel.appcore.dll
0x00007ff888f20000 - 0x00007ff888f2a000 	C:\Users\shara\.jdks\openjdk-20.0.1\bin\jimage.dll
0x00007ff88df50000 - 0x00007ff88e134000 	C:\WINDOWS\SYSTEM32\DBGHELP.DLL
0x00007ff88de40000 - 0x00007ff88de74000 	C:\WINDOWS\SYSTEM32\dbgcore.DLL
0x00007ff88e870000 - 0x00007ff88e8f2000 	C:\WINDOWS\System32\bcryptPrimitives.dll
0x00007ff873230000 - 0x00007ff87323e000 	C:\Users\shara\.jdks\openjdk-20.0.1\bin\instrument.dll
0x00007ff873240000 - 0x00007ff873266000 	C:\Users\shara\.jdks\openjdk-20.0.1\bin\java.dll
0x00007ff84dc80000 - 0x00007ff84dd57000 	C:\Users\shara\.jdks\openjdk-20.0.1\bin\jsvml.dll
0x00007ff88efb0000 - 0x00007ff88f6f4000 	C:\WINDOWS\System32\SHELL32.dll
0x00007ff88b860000 - 0x00007ff88bff3000 	C:\WINDOWS\SYSTEM32\windows.storage.dll
0x00007ff8900d0000 - 0x00007ff890424000 	C:\WINDOWS\System32\combase.dll
0x00007ff88d7f0000 - 0x00007ff88d81e000 	C:\WINDOWS\SYSTEM32\Wldp.dll
0x00007ff8909f0000 - 0x00007ff890a9d000 	C:\WINDOWS\System32\SHCORE.dll
0x00007ff88ef50000 - 0x00007ff88efa5000 	C:\WINDOWS\System32\shlwapi.dll
0x00007ff88e410000 - 0x00007ff88e42f000 	C:\WINDOWS\SYSTEM32\profapi.dll
0x00007ff873210000 - 0x00007ff873223000 	C:\Users\shara\.jdks\openjdk-20.0.1\bin\net.dll
0x00007ff883090000 - 0x00007ff88319a000 	C:\WINDOWS\SYSTEM32\WINHTTP.dll
0x00007ff88d510000 - 0x00007ff88d57a000 	C:\WINDOWS\system32\mswsock.dll
0x00007ff872070000 - 0x00007ff872086000 	C:\Users\shara\.jdks\openjdk-20.0.1\bin\nio.dll
0x00007ff871d90000 - 0x00007ff871da8000 	C:\Users\shara\.jdks\openjdk-20.0.1\bin\zip.dll
0x00007ff870030000 - 0x00007ff87004a000 	C:\Program Files\JetBrains\IntelliJ IDEA 2022.3.3\bin\breakgen64.dll
0x0000018e52690000 - 0x0000018e52693000 	C:\Users\shara\.openjfx\cache\17.0.2-ea\api-ms-win-core-console-l1-1-0.dll
0x0000018e526a0000 - 0x0000018e526a3000 	C:\Users\shara\.openjfx\cache\17.0.2-ea\api-ms-win-core-console-l1-2-0.dll
0x0000018e526b0000 - 0x0000018e526b3000 	C:\Users\shara\.openjfx\cache\17.0.2-ea\api-ms-win-core-datetime-l1-1-0.dll
0x0000018e526c0000 - 0x0000018e526c3000 	C:\Users\shara\.openjfx\cache\17.0.2-ea\api-ms-win-core-debug-l1-1-0.dll
0x0000018e526d0000 - 0x0000018e526d3000 	C:\Users\shara\.openjfx\cache\17.0.2-ea\api-ms-win-core-errorhandling-l1-1-0.dll
0x0000018e526e0000 - 0x0000018e526e4000 	C:\Users\shara\.openjfx\cache\17.0.2-ea\api-ms-win-core-file-l1-1-0.dll
0x0000018e526f0000 - 0x0000018e526f3000 	C:\Users\shara\.openjfx\cache\17.0.2-ea\api-ms-win-core-file-l1-2-0.dll
0x0000018e52700000 - 0x0000018e52703000 	C:\Users\shara\.openjfx\cache\17.0.2-ea\api-ms-win-core-file-l2-1-0.dll
0x0000018e52710000 - 0x0000018e52713000 	C:\Users\shara\.openjfx\cache\17.0.2-ea\api-ms-win-core-handle-l1-1-0.dll
0x0000018e52720000 - 0x0000018e52723000 	C:\Users\shara\.openjfx\cache\17.0.2-ea\api-ms-win-core-heap-l1-1-0.dll
0x0000018e52730000 - 0x0000018e52733000 	C:\Users\shara\.openjfx\cache\17.0.2-ea\api-ms-win-core-interlocked-l1-1-0.dll
0x0000018e52740000 - 0x0000018e52743000 	C:\Users\shara\.openjfx\cache\17.0.2-ea\api-ms-win-core-libraryloader-l1-1-0.dll
0x0000018e52750000 - 0x0000018e52753000 	C:\Users\shara\.openjfx\cache\17.0.2-ea\api-ms-win-core-localization-l1-2-0.dll
0x0000018e52760000 - 0x0000018e52763000 	C:\Users\shara\.openjfx\cache\17.0.2-ea\api-ms-win-core-memory-l1-1-0.dll
0x0000018e52770000 - 0x0000018e52773000 	C:\Users\shara\.openjfx\cache\17.0.2-ea\api-ms-win-core-namedpipe-l1-1-0.dll
0x0000018e52780000 - 0x0000018e52783000 	C:\Users\shara\.openjfx\cache\17.0.2-ea\api-ms-win-core-processenvironment-l1-1-0.dll
0x0000018e52790000 - 0x0000018e52793000 	C:\Users\shara\.openjfx\cache\17.0.2-ea\api-ms-win-core-processthreads-l1-1-0.dll
0x0000018e527a0000 - 0x0000018e527a3000 	C:\Users\shara\.openjfx\cache\17.0.2-ea\api-ms-win-core-processthreads-l1-1-1.dll
0x0000018e527b0000 - 0x0000018e527b3000 	C:\Users\shara\.openjfx\cache\17.0.2-ea\api-ms-win-core-profile-l1-1-0.dll
0x0000018e527c0000 - 0x0000018e527c3000 	C:\Users\shara\.openjfx\cache\17.0.2-ea\api-ms-win-core-rtlsupport-l1-1-0.dll
0x0000018e527d0000 - 0x0000018e527d3000 	C:\Users\shara\.openjfx\cache\17.0.2-ea\api-ms-win-core-string-l1-1-0.dll
0x0000018e527e0000 - 0x0000018e527e3000 	C:\Users\shara\.openjfx\cache\17.0.2-ea\api-ms-win-core-synch-l1-1-0.dll
0x0000018e527f0000 - 0x0000018e527f3000 	C:\Users\shara\.openjfx\cache\17.0.2-ea\api-ms-win-core-synch-l1-2-0.dll
0x0000018e583d0000 - 0x0000018e583d3000 	C:\Users\shara\.openjfx\cache\17.0.2-ea\api-ms-win-core-sysinfo-l1-1-0.dll
0x0000018e583e0000 - 0x0000018e583e3000 	C:\Users\shara\.openjfx\cache\17.0.2-ea\api-ms-win-core-timezone-l1-1-0.dll
0x0000018e583f0000 - 0x0000018e583f3000 	C:\Users\shara\.openjfx\cache\17.0.2-ea\api-ms-win-core-util-l1-1-0.dll
0x0000018e58400000 - 0x0000018e58403000 	C:\Users\shara\.openjfx\cache\17.0.2-ea\api-ms-win-crt-conio-l1-1-0.dll
0x0000018e58410000 - 0x0000018e58414000 	C:\Users\shara\.openjfx\cache\17.0.2-ea\api-ms-win-crt-convert-l1-1-0.dll
0x0000018e58420000 - 0x0000018e58423000 	C:\Users\shara\.openjfx\cache\17.0.2-ea\api-ms-win-crt-environment-l1-1-0.dll
0x0000018e58430000 - 0x0000018e58433000 	C:\Users\shara\.openjfx\cache\17.0.2-ea\api-ms-win-crt-filesystem-l1-1-0.dll
0x0000018e58440000 - 0x0000018e58443000 	C:\Users\shara\.openjfx\cache\17.0.2-ea\api-ms-win-crt-heap-l1-1-0.dll
0x0000018e58450000 - 0x0000018e58453000 	C:\Users\shara\.openjfx\cache\17.0.2-ea\api-ms-win-crt-locale-l1-1-0.dll
0x0000018e58460000 - 0x0000018e58465000 	C:\Users\shara\.openjfx\cache\17.0.2-ea\api-ms-win-crt-math-l1-1-0.dll
0x0000018e58470000 - 0x0000018e58475000 	C:\Users\shara\.openjfx\cache\17.0.2-ea\api-ms-win-crt-multibyte-l1-1-0.dll
0x0000018e58480000 - 0x0000018e58490000 	C:\Users\shara\.openjfx\cache\17.0.2-ea\api-ms-win-crt-private-l1-1-0.dll
0x0000018e58490000 - 0x0000018e58493000 	C:\Users\shara\.openjfx\cache\17.0.2-ea\api-ms-win-crt-process-l1-1-0.dll
0x0000018e584a0000 - 0x0000018e584a4000 	C:\Users\shara\.openjfx\cache\17.0.2-ea\api-ms-win-crt-runtime-l1-1-0.dll
0x0000018e584b0000 - 0x0000018e584b4000 	C:\Users\shara\.openjfx\cache\17.0.2-ea\api-ms-win-crt-stdio-l1-1-0.dll
0x0000018e584c0000 - 0x0000018e584c4000 	C:\Users\shara\.openjfx\cache\17.0.2-ea\api-ms-win-crt-string-l1-1-0.dll
0x0000018e584d0000 - 0x0000018e584d3000 	C:\Users\shara\.openjfx\cache\17.0.2-ea\api-ms-win-crt-time-l1-1-0.dll
0x0000018e584e0000 - 0x0000018e584e3000 	C:\Users\shara\.openjfx\cache\17.0.2-ea\api-ms-win-crt-utility-l1-1-0.dll
0x00007ff84a680000 - 0x00007ff84a77c000 	C:\Users\shara\.openjfx\cache\17.0.2-ea\ucrtbase.dll
0x00007ff86e910000 - 0x00007ff86e92a000 	C:\Users\shara\.openjfx\cache\17.0.2-ea\vcruntime140.dll
0x00007ff8722d0000 - 0x00007ff8722dc000 	C:\Users\shara\.openjfx\cache\17.0.2-ea\vcruntime140_1.dll
0x00007ff84df20000 - 0x00007ff84dfad000 	C:\Users\shara\.openjfx\cache\17.0.2-ea\msvcp140.dll
0x00007ff86bc40000 - 0x00007ff86bc6a000 	C:\Users\shara\.openjfx\cache\17.0.2-ea\prism_d3d.dll
0x00007ff8739f0000 - 0x00007ff873bbd000 	C:\WINDOWS\system32\d3d9.dll
0x00007ff88b2c0000 - 0x00007ff88b2ef000 	C:\WINDOWS\SYSTEM32\dwmapi.dll
0x00007ff88b0e0000 - 0x00007ff88b17e000 	C:\WINDOWS\system32\uxtheme.dll
0x00007ff8492c0000 - 0x00007ff849468000 	C:\WINDOWS\System32\DriverStore\FileRepository\iigd_dch.inf_amd64_393549dac595e659\igdumdim64.dll
0x00007ff88fdb0000 - 0x00007ff88feda000 	C:\WINDOWS\System32\ole32.dll
0x00007fffd45e0000 - 0x00007fffd81ff000 	C:\WINDOWS\System32\DriverStore\FileRepository\iigd_dch.inf_amd64_393549dac595e659\igd9dxva64.dll
0x00007ff890aa0000 - 0x00007ff890b6d000 	C:\WINDOWS\System32\OLEAUT32.dll
0x00007ff890550000 - 0x00007ff8909b8000 	C:\WINDOWS\System32\SETUPAPI.dll
0x00007ff88e900000 - 0x00007ff88e94e000 	C:\WINDOWS\System32\cfgmgr32.dll
0x00007ff88e950000 - 0x00007ff88e977000 	C:\WINDOWS\System32\bcrypt.dll
0x00007ff87f390000 - 0x00007ff87f758000 	C:\WINDOWS\System32\DriverStore\FileRepository\iigd_dch.inf_amd64_393549dac595e659\igdgmm64.dll
0x00007ff860f20000 - 0x00007ff860f62000 	C:\Users\shara\.openjfx\cache\17.0.2-ea\glass.dll
0x00007ff88ee50000 - 0x00007ff88ef2a000 	C:\WINDOWS\System32\COMDLG32.dll
0x00007ff890430000 - 0x00007ff890544000 	C:\WINDOWS\System32\MSCTF.dll
0x00007ff82de50000 - 0x00007ff82de77000 	C:\WINDOWS\System32\DriverStore\FileRepository\iigd_dch.inf_amd64_393549dac595e659\igdinfo64.dll
0x00007ff87bda0000 - 0x00007ff87f386000 	C:\WINDOWS\System32\DriverStore\FileRepository\iigd_dch.inf_amd64_393549dac595e659\igc64.dll
0x00007ff8805b0000 - 0x00007ff8805eb000 	C:\WINDOWS\SYSTEM32\dxcore.dll
0x00007ff86dda0000 - 0x00007ff86ddb4000 	C:\Users\shara\.openjfx\cache\17.0.2-ea\javafx_font.dll
0x00007ff874bb0000 - 0x00007ff874e2f000 	C:\WINDOWS\SYSTEM32\dwrite.dll
0x00007ff88fca0000 - 0x00007ff88fd49000 	C:\WINDOWS\System32\clbcatq.dll
0x00007ff885b00000 - 0x00007ff885cb4000 	C:\WINDOWS\SYSTEM32\WindowsCodecs.dll
0x00007ff85a950000 - 0x00007ff85a98e000 	C:\WINDOWS\system32\dataexchange.dll
0x00007ff8896b0000 - 0x00007ff889913000 	C:\WINDOWS\system32\d3d11.dll
0x00007ff88a1c0000 - 0x00007ff88a3a3000 	C:\WINDOWS\system32\dcomp.dll
0x00007ff88c710000 - 0x00007ff88c803000 	C:\WINDOWS\system32\dxgi.dll
0x00007ff887a80000 - 0x00007ff887c87000 	C:\WINDOWS\system32\twinapi.appcore.dll
0x00007ff8616a0000 - 0x00007ff8616d4000 	C:\Program Files\Common Files\Microsoft Shared\Ink\rtscom.dll
0x00007ff878690000 - 0x00007ff878789000 	C:\WINDOWS\SYSTEM32\textinputframework.dll
0x00007ff88a880000 - 0x00007ff88abde000 	C:\WINDOWS\System32\CoreUIComponents.dll
0x00007ff88abe0000 - 0x00007ff88acd2000 	C:\WINDOWS\System32\CoreMessaging.dll
0x00007ff88e220000 - 0x00007ff88e253000 	C:\WINDOWS\SYSTEM32\ntmarta.dll
0x00007ff88a040000 - 0x00007ff88a194000 	C:\WINDOWS\SYSTEM32\wintypes.dll
0x00007ff889a20000 - 0x00007ff889fe0000 	C:\WINDOWS\SYSTEM32\d2d1.dll
0x00007ff881c50000 - 0x00007ff882346000 	C:\WINDOWS\SYSTEM32\D3D10Warp.dll
0x00007ff88d250000 - 0x00007ff88d31a000 	C:\WINDOWS\SYSTEM32\DNSAPI.dll
0x00007ff88d200000 - 0x00007ff88d23c000 	C:\WINDOWS\SYSTEM32\IPHLPAPI.DLL

dbghelp: loaded successfully - version: 4.0.5 - missing functions: none
symbol engine: initialized successfully - sym options: 0x614 - pdb path: .;C:\Users\shara\.jdks\openjdk-20.0.1\bin;C:\WINDOWS\SYSTEM32;C:\WINDOWS\WinSxS\amd64_microsoft.windows.common-controls_6595b64144ccf1df_6.0.19041.1110_none_60b5254171f9507e;C:\Users\shara\.jdks\openjdk-20.0.1\bin\server;C:\Program Files\JetBrains\IntelliJ IDEA 2022.3.3\bin;C:\Users\shara\.openjfx\cache\17.0.2-ea;C:\WINDOWS\System32\DriverStore\FileRepository\iigd_dch.inf_amd64_393549dac595e659;C:\Program Files\Common Files\Microsoft Shared\Ink

VM Arguments:
jvm_args: -javaagent:C:\Program Files\JetBrains\IntelliJ IDEA 2022.3.3\lib\idea_rt.jar=56593:C:\Program Files\JetBrains\IntelliJ IDEA 2022.3.3\bin -Dfile.encoding=UTF-8 -Dsun.stdout.encoding=UTF-8 -Dsun.stderr.encoding=UTF-8 --module-path=C:\Users\shara\.m2\repository\org\openjfx\javafx-controls\17.0.2\javafx-controls-17.0.2-win.jar;C:\Users\shara\IdeaProjects\Demo\target\classes;C:\Users\shara\.m2\repository\org\openjfx\javafx-fxml\17.0.2\javafx-fxml-17.0.2-win.jar;C:\Users\shara\.m2\repository\org\openjfx\javafx-base\17.0.2\javafx-base-17.0.2-win.jar;C:\Users\shara\.m2\repository\org\openjfx\javafx-graphics\17.0.2\javafx-graphics-17.0.2-win.jar -Djdk.module.main=sample.demo 
java_command: sample.demo/sample.demo.HelloApplication
java_class_path (initial): C:\Users\shara\.m2\repository\org\openjfx\javafx-controls\17.0.2\javafx-controls-17.0.2.jar;C:\Users\shara\.m2\repository\org\openjfx\javafx-graphics\17.0.2\javafx-graphics-17.0.2.jar;C:\Users\shara\.m2\repository\org\openjfx\javafx-base\17.0.2\javafx-base-17.0.2.jar;C:\Users\shara\.m2\repository\org\openjfx\javafx-fxml\17.0.2\javafx-fxml-17.0.2.jar;C:\Users\shara\.m2\repository\com\mysql\mysql-connector-j\8.0.33\mysql-connector-j-8.0.33.jar;C:\Users\shara\.m2\repository\com\google\protobuf\protobuf-java\3.21.9\protobuf-java-3.21.9.jar
Launcher Type: SUN_STANDARD

[Global flags]
     intx CICompilerCount                          = 4                                         {product} {ergonomic}
     uint ConcGCThreads                            = 2                                         {product} {ergonomic}
     uint G1ConcRefinementThreads                  = 8                                         {product} {ergonomic}
   size_t G1HeapRegionSize                         = 2097152                                   {product} {ergonomic}
    uintx GCDrainStackTargetSize                   = 64                                        {product} {ergonomic}
   size_t InitialHeapSize                          = 266338304                                 {product} {ergonomic}
   size_t MarkStackSize                            = 4194304                                   {product} {ergonomic}
   size_t MaxHeapSize                              = 4261412864                                {product} {ergonomic}
   size_t MaxNewSize                               = 2556428288                                {product} {ergonomic}
   size_t MinHeapDeltaBytes                        = 2097152                                   {product} {ergonomic}
   size_t MinHeapSize                              = 8388608                                   {product} {ergonomic}
    uintx NonNMethodCodeHeapSize                   = 5839372                                {pd product} {ergonomic}
    uintx NonProfiledCodeHeapSize                  = 122909434                              {pd product} {ergonomic}
    uintx ProfiledCodeHeapSize                     = 122909434                              {pd product} {ergonomic}
    uintx ReservedCodeCacheSize                    = 251658240                              {pd product} {ergonomic}
     bool SegmentedCodeCache                       = true                                      {product} {ergonomic}
   size_t SoftMaxHeapSize                          = 4261412864                             {manageable} {ergonomic}
     bool UseCompressedClassPointers               = true                           {product lp64_product} {ergonomic}
     bool UseCompressedOops                        = true                           {product lp64_product} {ergonomic}
     bool UseG1GC                                  = true                                      {product} {ergonomic}
     bool UseLargePagesIndividualAllocation        = false                                  {pd product} {ergonomic}

Logging:
Log output configuration:
 #0: stdout all=off uptime,level,tags foldmultilines=false
 #1: stderr all=off uptime,level,tags foldmultilines=false

Environment Variables:
PATH=C:\Users\shara\Downloads\CUserssharaDownloadsWINDOWS.X64_193000_db_home\bin;C:\Program Files\Java\jdk-11.0.2\bin;C:\WINDOWS\system32;C:\WINDOWS;C:\WINDOWS\System32\Wbem;C:\WINDOWS\System32\WindowsPowerShell\v1.0\;C:\WINDOWS\System32\OpenSSH\;C:\Program Files\Git\cmd;C:\Program Files\Git\mingw64\bin;C:\Program Files\Git\usr\bin;C:\wamp64\bin\php\php7.3.12;C:\Program Files\dotnet\;C:\Program Files\MySQL\MySQL Shell 8.0\bin\;C:\Users\shara\AppData\Local\Microsoft\WindowsApps;;C:\Program Files\JetBrains\IntelliJ IDEA Community Edition 2020.2.3\bin;;C:\Users\shara\.dotnet\tools;C:\Program Files\JetBrains\IntelliJ IDEA 2022.3.3\bin;
USERNAME=shara
OS=Windows_NT
PROCESSOR_IDENTIFIER=Intel64 Family 6 Model 142 Stepping 12, GenuineIntel
TMP=C:\Users\shara\AppData\Local\Temp
TEMP=C:\Users\shara\AppData\Local\Temp




---------------  S Y S T E M  ---------------

OS:
 Windows 10 , 64 bit Build 19041 (10.0.19041.3031)
OS uptime: 3 days 12:45 hours

CPU: total 8 (initial active 8) (4 cores per cpu, 2 threads per core) family 6 model 142 stepping 12 microcode 0xc6, cx8, cmov, fxsr, ht, mmx, 3dnowpref, sse, sse2, sse3, ssse3, sse4.1, sse4.2, popcnt, lzcnt, tsc, tscinvbit, avx, avx2, aes, erms, clmul, bmi1, bmi2, adx, fma, vzeroupper, clflush, clflushopt, rdtscp, f16c

Memory: 4k page, system-wide physical 16254M (6138M free)
TotalPageFile size 32638M (AvailPageFile size 14317M)
current process WorkingSet (physical memory assigned to process): 208M, peak: 238M
current process commit charge ("private bytes"): 242M, peak: 430M

vm_info: OpenJDK 64-Bit Server VM (20.0.1+9-29) for windows-amd64 JRE (20.0.1+9-29), built on 2023-03-07T13:56:11Z by "mach5one" with MS VC++ 17.1 (VS2022)

END.
