#
# A fatal error has been detected by the Java Runtime Environment:
#
#  EXCEPTION_ACCESS_VIOLATION (0xc0000005) at pc=0x00007ffbe5736ab7, pid=12252, tid=26192
#
# JRE version: OpenJDK Runtime Environment (20.0.1+9) (build 20.0.1+9-29)
# Java VM: OpenJDK 64-Bit Server VM (20.0.1+9-29, mixed mode, sharing, tiered, compressed oops, compressed class ptrs, g1 gc, windows-amd64)
# Problematic frame:
# C  [glass.dll+0x26ab7]
#
# No core dump will be written. Minidumps are not enabled by default on client versions of Windows
#
# If you would like to submit a bug report, please visit:
#   https://bugreport.java.com/bugreport/crash.jsp
#

---------------  S U M M A R Y ------------

Command Line: -javaagent:C:\Program Files\JetBrains\IntelliJ IDEA 2022.3.3\lib\idea_rt.jar=59444:C:\Program Files\JetBrains\IntelliJ IDEA 2022.3.3\bin -Dfile.encoding=UTF-8 -Dsun.stdout.encoding=UTF-8 -Dsun.stderr.encoding=UTF-8 --module-path=C:\Users\shara\.m2\repository\org\openjfx\javafx-graphics\17.0.2\javafx-graphics-17.0.2-win.jar;C:\Users\shara\IdeaProjects\Demo\target\classes;C:\Users\shara\.m2\repository\org\openjfx\javafx-controls\17.0.2\javafx-controls-17.0.2-win.jar;C:\Users\shara\.m2\repository\org\openjfx\javafx-base\17.0.2\javafx-base-17.0.2-win.jar;C:\Users\shara\.m2\repository\org\openjfx\javafx-fxml\17.0.2\javafx-fxml-17.0.2-win.jar -Djdk.module.main=sample.demo sample.demo/sample.demo.HelloApplication

Host: Intel(R) Core(TM) i7-8565U CPU @ 1.80GHz, 8 cores, 15G,  Windows 10 , 64 bit Build 19041 (10.0.19041.2788)
Time: Wed Jun  7 17:24:29 2023 Russia TZ 2 Standard Time elapsed time: 55.023462 seconds (0d 0h 0m 55s)

---------------  T H R E A D  ---------------

Current thread (0x000001f141802450):  VMThread "VM Thread" [stack: 0x000000daa8000000,0x000000daa8100000] [id=26192]

Stack: [0x000000daa8000000,0x000000daa8100000],  sp=0x000000daa80ff280,  free space=1020k
Native frames: (J=compiled Java code, j=interpreted, Vv=VM code, C=native code)
C  [glass.dll+0x26ab7]


siginfo: EXCEPTION_ACCESS_VIOLATION (0xc0000005), reading address 0x0000000000000000


Registers:
RAX=0x0000000000000000, RBX=0x000001f1418078b8, RCX=0x000001f141802450, RDX=0x000000daa80ff280
RSP=0x000000daa80ff280, RBP=0x000001f146732658, RSI=0x000001f146732630, RDI=0x0000b2cb805c7e68
R8 =0x0000000000010002, R9 =0x0000b2cb805c7e68, R10=0x0000000000008000, R11=0x000000daa80ff210
R12=0x00007ffbe5734384, R13=0x00007ffba21dea90, R14=0x000000daa80ff378, R15=0x000001f146732630
RIP=0x00007ffbe5736ab7, EFLAGS=0x0000000000010206


Register to memory mapping:

RIP=0x00007ffbe5736ab7 glass.dll
RAX=0x0 is NULL
RBX=0x000001f1418078b8 is a global jni handle
RCX=0x000001f141802450 points into unknown readable memory: 0x00007ffba2007080 | 80 70 00 a2 fb 7f 00 00
RDX=0x000000daa80ff280 points into unknown readable memory: 0x0000000000000000 | 00 00 00 00 00 00 00 00
RSP=0x000000daa80ff280 points into unknown readable memory: 0x0000000000000000 | 00 00 00 00 00 00 00 00
RBP=0x000001f146732658 points into unknown readable memory: 0x0000b2cb805c7e68 | 68 7e 5c 80 cb b2 00 00
RSI=0x000001f146732630 points into unknown readable memory: 0x733e2ecb8023858d | 8d 85 23 80 cb 2e 3e 73
RDI=0x0000b2cb805c7e68 is an unknown value
R8 =0x0000000000010002 is an unknown value
R9 =0x0000b2cb805c7e68 is an unknown value
R10=0x0000000000008000 is an unknown value
R11=0x000000daa80ff210 points into unknown readable memory: 0x000001f146732630 | 30 26 73 46 f1 01 00 00
R12=0x00007ffbe5734384 glass.dll
R13=0x00007ffba21dea90 jvm.dll
R14=0x000000daa80ff378 points into unknown readable memory: 0x000000daa80ff360 | 60 f3 0f a8 da 00 00 00
R15=0x000001f146732630 points into unknown readable memory: 0x733e2ecb8023858d | 8d 85 23 80 cb 2e 3e 73


Top of Stack: (sp=0x000000daa80ff280)
0x000000daa80ff280:   0000000000000000 000001f146732630
0x000000daa80ff290:   00007ffba21dea90 00007ffbe5734384
0x000000daa80ff2a0:   000001f146732638 00007ffc182b42d6
0x000000daa80ff2b0:   0000b2cb805c7e68 000001f100000000
0x000000daa80ff2c0:   000001f146732658 000001f146732630
0x000000daa80ff2d0:   fffffffffffffffe 0000000000000000
0x000000daa80ff2e0:   0000000000000001 00007ffbe5710000
0x000000daa80ff2f0:   000000daa80ff368 00007ffc182b41fb
0x000000daa80ff300:   0000000000000000 000000daa80ff378
0x000000daa80ff310:   000000daa80ff640 00007ffc18390e40
0x000000daa80ff320:   0000000000000001 00007ffc182b41b4
0x000000daa80ff330:   0000000000000000 0000000000000001
0x000000daa80ff340:   00007ffb00000001 000000daa80ff368
0x000000daa80ff350:   0000000000000000 00007ffbe5734211
0x000000daa80ff360:   00007ffbe574a138 00007ffc00000002
0x000000daa80ff370:   0000000000000002 000000daa80ff360
0x000000daa80ff380:   0000000000000000 00007ffc1a389993
0x000000daa80ff390:   0000000000000000 00007ffbe5734336
0x000000daa80ff3a0:   0000000000000001 0000000000000000
0x000000daa80ff3b0:   0000000000000000 0000000000000001
0x000000daa80ff3c0:   0000000000000000 0000000000000000
0x000000daa80ff3d0:   0000000000000001 0000097fac73b36d
0x000000daa80ff3e0:   00007ffbe5710000 000000007ffe0384
0x000000daa80ff3f0:   0000000000000000 00007ffc1a389a1d
0x000000daa80ff400:   00007ffbe5710000 0000000000000000
0x000000daa80ff410:   0000000000000001 000000007ffe0385
0x000000daa80ff420:   0000000002360fb8 000000daa80ff640
0x000000daa80ff430:   0000097f00000000 0000000000000014
0x000000daa80ff440:   0000000000000000 00007ffbe5734384
0x000000daa80ff450:   00000000000003d8 000001f145f20470
0x000000daa80ff460:   000001f1417f4d00 00007ffc1a3cdcec
0x000000daa80ff470:   000001f145f21750 00007ffbe5710000 

Instructions: (pc=0x00007ffbe5736ab7)
0x00007ffbe57369b7:   8b 4d 58 e8 01 cf ff ff 48 8b 4d 60 e8 f8 ce ff
0x00007ffbe57369c7:   ff 48 8b 95 80 00 00 00 48 8b 8d 18 01 00 00 e8
0x00007ffbe57369d7:   c6 c3 ff ff 33 d2 33 c9 e8 3c e1 ff ff 90 48 89
0x00007ffbe57369e7:   54 24 10 55 48 83 ec 20 48 8b ea 48 b8 00 00 00
0x00007ffbe57369f7:   00 00 00 00 00 48 83 c4 20 5d c3 cc 40 55 48 8b
0x00007ffbe5736a07:   ea 48 8b 01 33 c9 81 38 05 00 00 c0 0f 94 c1 8b
0x00007ffbe5736a17:   c1 5d c3 cc 40 55 48 83 ec 20 48 8b ea 8a 4d 40
0x00007ffbe5736a27:   48 83 c4 20 5d e9 f7 d2 ff ff cc 40 55 48 83 ec
0x00007ffbe5736a37:   20 48 8b ea 8a 4d 20 e8 e5 d2 ff ff 90 48 83 c4
0x00007ffbe5736a47:   20 5d c3 cc 40 55 48 83 ec 20 48 8b ea 48 83 c4
0x00007ffbe5736a57:   20 5d e9 46 d1 ff ff cc 40 55 48 83 ec 30 48 8b
0x00007ffbe5736a67:   ea 48 8b 01 8b 10 48 89 4c 24 28 89 54 24 20 4c
0x00007ffbe5736a77:   8d 0d e7 d5 ff ff 4c 8b 45 70 8b 55 68 48 8b 4d
0x00007ffbe5736a87:   60 e8 87 d0 ff ff 90 48 83 c4 30 5d c3 cc cc cc
0x00007ffbe5736a97:   cc cc cc cc cc cc cc cc cc 40 53 48 83 ec 20 48
0x00007ffbe5736aa7:   8b 1d 83 30 01 00 48 85 db 74 16 e8 09 8b ff ff
0x00007ffbe5736ab7:   4c 8b 00 48 8b d3 48 8b c8 41 ff 90 b0 00 00 00
0x00007ffbe5736ac7:   90 48 83 c4 20 5b c3 cc cc 40 53 48 83 ec 20 48
0x00007ffbe5736ad7:   8b 1d fb 31 01 00 48 85 db 74 57 b8 ff ff ff ff
0x00007ffbe5736ae7:   f0 0f c1 43 10 83 f8 01 75 3d 48 85 db 74 38 48
0x00007ffbe5736af7:   8b 0b 48 85 c9 74 0d ff 15 a4 07 00 00 48 c7 03
0x00007ffbe5736b07:   00 00 00 00 48 8b 4b 08 48 85 c9 74 0d e8 a7 cd
0x00007ffbe5736b17:   ff ff 48 c7 43 08 00 00 00 00 ba 18 00 00 00 48
0x00007ffbe5736b27:   8b cb e8 92 cd ff ff 48 c7 05 9f 31 01 00 00 00
0x00007ffbe5736b37:   00 00 48 83 c4 20 5b c3 cc 40 53 48 83 ec 20 48
0x00007ffbe5736b47:   8b 1d 6b 31 01 00 48 85 db 74 57 b8 ff ff ff ff
0x00007ffbe5736b57:   f0 0f c1 43 10 83 f8 01 75 3d 48 85 db 74 38 48
0x00007ffbe5736b67:   8b 0b 48 85 c9 74 0d ff 15 34 07 00 00 48 c7 03
0x00007ffbe5736b77:   00 00 00 00 48 8b 4b 08 48 85 c9 74 0d e8 37 cd
0x00007ffbe5736b87:   ff ff 48 c7 43 08 00 00 00 00 ba 18 00 00 00 48
0x00007ffbe5736b97:   8b cb e8 22 cd ff ff 48 c7 05 0f 31 01 00 00 00
0x00007ffbe5736ba7:   00 00 48 83 c4 20 5b c3 cc 40 53 48 83 ec 20 48 


Stack slot to memory mapping:
stack at sp + 0 slots: 0x0 is NULL
stack at sp + 1 slots: 0x000001f146732630 points into unknown readable memory: 0x733e2ecb8023858d | 8d 85 23 80 cb 2e 3e 73
stack at sp + 2 slots: 0x00007ffba21dea90 jvm.dll
stack at sp + 3 slots: 0x00007ffbe5734384 glass.dll
stack at sp + 4 slots: 0x000001f146732638 points into unknown readable memory: 0x0000b2cb805c7e68 | 68 7e 5c 80 cb b2 00 00
stack at sp + 5 slots: 0x00007ffc182b42d6 ucrtbase.dll
stack at sp + 6 slots: 0x0000b2cb805c7e68 is an unknown value
stack at sp + 7 slots: 0x000001f100000000 is an unknown value

VM_Operation (0x000000daa8aff030): Exit, mode: safepoint, requested by thread 0x000001f146edd730


---------------  P R O C E S S  ---------------

Threads class SMR info:
_java_thread_list=0x000001f14657aa90, length=20, elements={
0x000001f1202cb350, 0x000001f14181ede0, 0x000001f14181fbe0, 0x000001f1418231c0,
0x000001f141823d00, 0x000001f141827f00, 0x000001f14182c980, 0x000001f1418327d0,
0x000001f141835900, 0x000001f14182aef0, 0x000001f14182d420, 0x000001f14182a450,
0x000001f14182d970, 0x000001f14182b440, 0x000001f14182a9a0, 0x000001f14182b990,
0x000001f14182bee0, 0x000001f14182c430, 0x000001f146edf710, 0x000001f146edd730
}

Java Threads: ( => current thread )
  0x000001f1202cb350 JavaThread "main" [_thread_blocked, id=14516, stack(0x000000daa7a00000,0x000000daa7b00000)]
  0x000001f14181ede0 JavaThread "Reference Handler" daemon [_thread_blocked, id=33416, stack(0x000000daa8100000,0x000000daa8200000)]
  0x000001f14181fbe0 JavaThread "Finalizer" daemon [_thread_blocked, id=25396, stack(0x000000daa8200000,0x000000daa8300000)]
  0x000001f1418231c0 JavaThread "Signal Dispatcher" daemon [_thread_blocked, id=10136, stack(0x000000daa8300000,0x000000daa8400000)]
  0x000001f141823d00 JavaThread "Attach Listener" daemon [_thread_blocked, id=7868, stack(0x000000daa8400000,0x000000daa8500000)]
  0x000001f141827f00 JavaThread "Service Thread" daemon [_thread_blocked, id=15800, stack(0x000000daa8500000,0x000000daa8600000)]
  0x000001f14182c980 JavaThread "Monitor Deflation Thread" daemon [_thread_blocked, id=12780, stack(0x000000daa8600000,0x000000daa8700000)]
  0x000001f1418327d0 JavaThread "C2 CompilerThread0" daemon [_thread_blocked, id=28620, stack(0x000000daa8700000,0x000000daa8800000)]
  0x000001f141835900 JavaThread "C1 CompilerThread0" daemon [_thread_blocked, id=9328, stack(0x000000daa8800000,0x000000daa8900000)]
  0x000001f14182aef0 JavaThread "Common-Cleaner" daemon [_thread_blocked, id=14900, stack(0x000000daa8900000,0x000000daa8a00000)]
  0x000001f14182d420 JavaThread "Monitor Ctrl-Break" daemon [_thread_in_native, id=25624, stack(0x000000daa8c00000,0x000000daa8d00000)]
  0x000001f14182a450 JavaThread "Notification Thread" daemon [_thread_blocked, id=15344, stack(0x000000daa8d00000,0x000000daa8e00000)]
  0x000001f14182d970 JavaThread "QuantumRenderer-0" daemon [_thread_blocked, id=30808, stack(0x000000daa8f00000,0x000000daa9000000)]
  0x000001f14182b440 JavaThread "InvokeLaterDispatcher" daemon [_thread_blocked, id=11708, stack(0x000000daa9000000,0x000000daa9100000)]
  0x000001f14182a9a0 JavaThread "JavaFX Application Thread" [_thread_in_native, id=20432, stack(0x000000daa9100000,0x000000daa9200000)]
  0x000001f14182b990 JavaThread "JavaFX-Launcher" [_thread_blocked, id=28648, stack(0x000000daa9500000,0x000000daa9600000)]
  0x000001f14182bee0 JavaThread "Thread-2" daemon [_thread_in_native, id=8236, stack(0x000000daa9400000,0x000000daa9500000)]
  0x000001f14182c430 JavaThread "Prism Font Disposer" daemon [_thread_blocked, id=10668, stack(0x000000daa9e00000,0x000000daa9f00000)]
  0x000001f146edf710 JavaThread "Cleaner-0" daemon [_thread_blocked, id=29996, stack(0x000000daa9f00000,0x000000daaa000000)]
  0x000001f146edd730 JavaThread "SIGINT handler" daemon [_thread_blocked, id=15052, stack(0x000000daa8a00000,0x000000daa8b00000)]

Other Threads:
=>0x000001f141802450 VMThread "VM Thread" [stack: 0x000000daa8000000,0x000000daa8100000] [id=26192]
  0x000001f120339700 WorkerThread "GC Thread#0" [stack: 0x000000daa7b00000,0x000000daa7c00000] [id=17500]
  0x000001f1469e6c80 WorkerThread "GC Thread#1" [stack: 0x000000daa9600000,0x000000daa9700000] [id=8304]
  0x000001f1469fb660 WorkerThread "GC Thread#2" [stack: 0x000000daa9700000,0x000000daa9800000] [id=17560]
  0x000001f146a3b2b0 WorkerThread "GC Thread#3" [stack: 0x000000daa9800000,0x000000daa9900000] [id=20028]
  0x000001f146ac2650 WorkerThread "GC Thread#4" [stack: 0x000000daa9900000,0x000000daa9a00000] [id=8128]
  0x000001f146ac2bf0 WorkerThread "GC Thread#5" [stack: 0x000000daa9a00000,0x000000daa9b00000] [id=23288]
  0x000001f146ac2ec0 WorkerThread "GC Thread#6" [stack: 0x000000daaa400000,0x000000daaa500000] [id=31900]
  0x000001f146ac1570 WorkerThread "GC Thread#7" [stack: 0x000000daaa500000,0x000000daaa600000] [id=26268]
  0x000001f12034a5b0 ConcurrentGCThread "G1 Main Marker" terminated
  0x000001f12034c790 WorkerThread "G1 Conc#0" [stack: 0x000000daa7d00000,0x000000daa7e00000] [id=28508]
  0x000001f12039e630 ConcurrentGCThread "G1 Refine#0" terminated
  0x000001f1416c02a0 ConcurrentGCThread "G1 Service" terminated

Threads with active compile tasks:

VM state: at safepoint (shutting down)

VM Mutex/Monitor currently owned by a thread:  ([mutex/lock_event])
[0x000001f1202c7930] Threads_lock - owner thread: 0x000001f141802450
[0x000001f1202c7b70] Heap_lock - owner thread: 0x000001f146edd730

Heap address: 0x0000000702000000, size: 4064 MB, Compressed Oops mode: Zero based, Oop shift amount: 3

CDS archive(s) mapped at: [0x0000000800000000-0x0000000800c60000-0x0000000800c60000), size 12976128, SharedBaseAddress: 0x0000000800000000, ArchiveRelocationMode: 0.
Compressed class space mapped at: 0x0000000801000000-0x0000000841000000, reserved size: 1073741824
Narrow klass base: 0x0000000800000000, Narrow klass shift: 0, Narrow klass range: 0x100000000

GC Precious Log:
 CardTable entry size: 512
 Card Set container configuration: InlinePtr #cards 4 size 8 Array Of Cards #cards 16 size 48 Howl #buckets 8 coarsen threshold 3686 Howl Bitmap #cards 512 size 80 coarsen threshold 460 Card regions per heap region 1 cards per card region 4096
 CPUs: 8 total, 8 available
 Memory: 16254M
 Large Page Support: Disabled
 NUMA Support: Disabled
 Compressed Oops: Enabled (Zero based)
 Heap Region Size: 2M
 Heap Min Capacity: 8M
 Heap Initial Capacity: 254M
 Heap Max Capacity: 4064M
 Pre-touch: Disabled
 Parallel Workers: 8
 Concurrent Workers: 2
 Concurrent Refinement Workers: 8
 Periodic GC: Disabled

Heap:
 garbage-first heap   total 260096K, used 26452K [0x0000000702000000, 0x0000000800000000)
  region size 2048K, 11 young (22528K), 3 survivors (6144K)
 Metaspace       used 17647K, committed 18048K, reserved 1114112K
  class space    used 2521K, committed 2688K, reserved 1048576K

Heap Regions: E=young(eden), S=young(survivor), O=old, HS=humongous(starts), HC=humongous(continues), CS=collection set, F=free, OA=open archive, CA=closed archive, TAMS=top-at-mark-start, PB=parsable bottom
|   0|0x0000000702000000, 0x0000000702200000, 0x0000000702200000|100%|HS|  |TAMS 0x0000000702000000| PB 0x0000000702000000| Complete 
|   1|0x0000000702200000, 0x00000007023d5200, 0x0000000702400000| 91%| O|  |TAMS 0x0000000702200000| PB 0x0000000702200000| Untracked 
|   2|0x0000000702400000, 0x0000000702600000, 0x0000000702600000|100%|HS|  |TAMS 0x0000000702400000| PB 0x0000000702400000| Complete 
|   3|0x0000000702600000, 0x0000000702600000, 0x0000000702800000|  0%| F|  |TAMS 0x0000000702600000| PB 0x0000000702600000| Untracked 
|   4|0x0000000702800000, 0x0000000702800000, 0x0000000702a00000|  0%| F|  |TAMS 0x0000000702800000| PB 0x0000000702800000| Untracked 
|   5|0x0000000702a00000, 0x0000000702a00000, 0x0000000702c00000|  0%| F|  |TAMS 0x0000000702a00000| PB 0x0000000702a00000| Untracked 
|   6|0x0000000702c00000, 0x0000000702c00000, 0x0000000702e00000|  0%| F|  |TAMS 0x0000000702c00000| PB 0x0000000702c00000| Untracked 
|   7|0x0000000702e00000, 0x0000000702e00000, 0x0000000703000000|  0%| F|  |TAMS 0x0000000702e00000| PB 0x0000000702e00000| Untracked 
|   8|0x0000000703000000, 0x0000000703000000, 0x0000000703200000|  0%| F|  |TAMS 0x0000000703000000| PB 0x0000000703000000| Untracked 
|   9|0x0000000703200000, 0x0000000703200000, 0x0000000703400000|  0%| F|  |TAMS 0x0000000703200000| PB 0x0000000703200000| Untracked 
|  10|0x0000000703400000, 0x0000000703400000, 0x0000000703600000|  0%| F|  |TAMS 0x0000000703400000| PB 0x0000000703400000| Untracked 
|  11|0x0000000703600000, 0x0000000703600000, 0x0000000703800000|  0%| F|  |TAMS 0x0000000703600000| PB 0x0000000703600000| Untracked 
|  12|0x0000000703800000, 0x0000000703800000, 0x0000000703a00000|  0%| F|  |TAMS 0x0000000703800000| PB 0x0000000703800000| Untracked 
|  13|0x0000000703a00000, 0x0000000703a00000, 0x0000000703c00000|  0%| F|  |TAMS 0x0000000703a00000| PB 0x0000000703a00000| Untracked 
|  14|0x0000000703c00000, 0x0000000703c00000, 0x0000000703e00000|  0%| F|  |TAMS 0x0000000703c00000| PB 0x0000000703c00000| Untracked 
|  15|0x0000000703e00000, 0x0000000703e00000, 0x0000000704000000|  0%| F|  |TAMS 0x0000000703e00000| PB 0x0000000703e00000| Untracked 
|  16|0x0000000704000000, 0x0000000704000000, 0x0000000704200000|  0%| F|  |TAMS 0x0000000704000000| PB 0x0000000704000000| Untracked 
|  17|0x0000000704200000, 0x0000000704200000, 0x0000000704400000|  0%| F|  |TAMS 0x0000000704200000| PB 0x0000000704200000| Untracked 
|  18|0x0000000704400000, 0x0000000704400000, 0x0000000704600000|  0%| F|  |TAMS 0x0000000704400000| PB 0x0000000704400000| Untracked 
|  19|0x0000000704600000, 0x0000000704600000, 0x0000000704800000|  0%| F|  |TAMS 0x0000000704600000| PB 0x0000000704600000| Untracked 
|  20|0x0000000704800000, 0x0000000704800000, 0x0000000704a00000|  0%| F|  |TAMS 0x0000000704800000| PB 0x0000000704800000| Untracked 
|  21|0x0000000704a00000, 0x0000000704a00000, 0x0000000704c00000|  0%| F|  |TAMS 0x0000000704a00000| PB 0x0000000704a00000| Untracked 
|  22|0x0000000704c00000, 0x0000000704c00000, 0x0000000704e00000|  0%| F|  |TAMS 0x0000000704c00000| PB 0x0000000704c00000| Untracked 
|  23|0x0000000704e00000, 0x0000000704e00000, 0x0000000705000000|  0%| F|  |TAMS 0x0000000704e00000| PB 0x0000000704e00000| Untracked 
|  24|0x0000000705000000, 0x0000000705000000, 0x0000000705200000|  0%| F|  |TAMS 0x0000000705000000| PB 0x0000000705000000| Untracked 
|  25|0x0000000705200000, 0x0000000705200000, 0x0000000705400000|  0%| F|  |TAMS 0x0000000705200000| PB 0x0000000705200000| Untracked 
|  26|0x0000000705400000, 0x0000000705400000, 0x0000000705600000|  0%| F|  |TAMS 0x0000000705400000| PB 0x0000000705400000| Untracked 
|  27|0x0000000705600000, 0x0000000705600000, 0x0000000705800000|  0%| F|  |TAMS 0x0000000705600000| PB 0x0000000705600000| Untracked 
|  28|0x0000000705800000, 0x0000000705800000, 0x0000000705a00000|  0%| F|  |TAMS 0x0000000705800000| PB 0x0000000705800000| Untracked 
|  29|0x0000000705a00000, 0x0000000705a00000, 0x0000000705c00000|  0%| F|  |TAMS 0x0000000705a00000| PB 0x0000000705a00000| Untracked 
|  30|0x0000000705c00000, 0x0000000705c00000, 0x0000000705e00000|  0%| F|  |TAMS 0x0000000705c00000| PB 0x0000000705c00000| Untracked 
|  31|0x0000000705e00000, 0x0000000705e00000, 0x0000000706000000|  0%| F|  |TAMS 0x0000000705e00000| PB 0x0000000705e00000| Untracked 
|  32|0x0000000706000000, 0x0000000706000000, 0x0000000706200000|  0%| F|  |TAMS 0x0000000706000000| PB 0x0000000706000000| Untracked 
|  33|0x0000000706200000, 0x0000000706200000, 0x0000000706400000|  0%| F|  |TAMS 0x0000000706200000| PB 0x0000000706200000| Untracked 
|  34|0x0000000706400000, 0x0000000706400000, 0x0000000706600000|  0%| F|  |TAMS 0x0000000706400000| PB 0x0000000706400000| Untracked 
|  35|0x0000000706600000, 0x0000000706600000, 0x0000000706800000|  0%| F|  |TAMS 0x0000000706600000| PB 0x0000000706600000| Untracked 
|  36|0x0000000706800000, 0x0000000706800000, 0x0000000706a00000|  0%| F|  |TAMS 0x0000000706800000| PB 0x0000000706800000| Untracked 
|  37|0x0000000706a00000, 0x0000000706a00000, 0x0000000706c00000|  0%| F|  |TAMS 0x0000000706a00000| PB 0x0000000706a00000| Untracked 
|  38|0x0000000706c00000, 0x0000000706c00000, 0x0000000706e00000|  0%| F|  |TAMS 0x0000000706c00000| PB 0x0000000706c00000| Untracked 
|  39|0x0000000706e00000, 0x0000000706e00000, 0x0000000707000000|  0%| F|  |TAMS 0x0000000706e00000| PB 0x0000000706e00000| Untracked 
|  40|0x0000000707000000, 0x0000000707000000, 0x0000000707200000|  0%| F|  |TAMS 0x0000000707000000| PB 0x0000000707000000| Untracked 
|  41|0x0000000707200000, 0x0000000707200000, 0x0000000707400000|  0%| F|  |TAMS 0x0000000707200000| PB 0x0000000707200000| Untracked 
|  42|0x0000000707400000, 0x0000000707400000, 0x0000000707600000|  0%| F|  |TAMS 0x0000000707400000| PB 0x0000000707400000| Untracked 
|  43|0x0000000707600000, 0x0000000707600000, 0x0000000707800000|  0%| F|  |TAMS 0x0000000707600000| PB 0x0000000707600000| Untracked 
|  44|0x0000000707800000, 0x0000000707800000, 0x0000000707a00000|  0%| F|  |TAMS 0x0000000707800000| PB 0x0000000707800000| Untracked 
|  45|0x0000000707a00000, 0x0000000707a00000, 0x0000000707c00000|  0%| F|  |TAMS 0x0000000707a00000| PB 0x0000000707a00000| Untracked 
|  46|0x0000000707c00000, 0x0000000707c00000, 0x0000000707e00000|  0%| F|  |TAMS 0x0000000707c00000| PB 0x0000000707c00000| Untracked 
|  47|0x0000000707e00000, 0x0000000707e00000, 0x0000000708000000|  0%| F|  |TAMS 0x0000000707e00000| PB 0x0000000707e00000| Untracked 
|  48|0x0000000708000000, 0x0000000708000000, 0x0000000708200000|  0%| F|  |TAMS 0x0000000708000000| PB 0x0000000708000000| Untracked 
|  49|0x0000000708200000, 0x0000000708200000, 0x0000000708400000|  0%| F|  |TAMS 0x0000000708200000| PB 0x0000000708200000| Untracked 
|  50|0x0000000708400000, 0x0000000708400000, 0x0000000708600000|  0%| F|  |TAMS 0x0000000708400000| PB 0x0000000708400000| Untracked 
|  51|0x0000000708600000, 0x0000000708600000, 0x0000000708800000|  0%| F|  |TAMS 0x0000000708600000| PB 0x0000000708600000| Untracked 
|  52|0x0000000708800000, 0x0000000708800000, 0x0000000708a00000|  0%| F|  |TAMS 0x0000000708800000| PB 0x0000000708800000| Untracked 
|  53|0x0000000708a00000, 0x0000000708a00000, 0x0000000708c00000|  0%| F|  |TAMS 0x0000000708a00000| PB 0x0000000708a00000| Untracked 
|  54|0x0000000708c00000, 0x0000000708c00000, 0x0000000708e00000|  0%| F|  |TAMS 0x0000000708c00000| PB 0x0000000708c00000| Untracked 
|  55|0x0000000708e00000, 0x0000000708e00000, 0x0000000709000000|  0%| F|  |TAMS 0x0000000708e00000| PB 0x0000000708e00000| Untracked 
|  56|0x0000000709000000, 0x0000000709000000, 0x0000000709200000|  0%| F|  |TAMS 0x0000000709000000| PB 0x0000000709000000| Untracked 
|  57|0x0000000709200000, 0x0000000709200000, 0x0000000709400000|  0%| F|  |TAMS 0x0000000709200000| PB 0x0000000709200000| Untracked 
|  58|0x0000000709400000, 0x0000000709400000, 0x0000000709600000|  0%| F|  |TAMS 0x0000000709400000| PB 0x0000000709400000| Untracked 
|  59|0x0000000709600000, 0x0000000709600000, 0x0000000709800000|  0%| F|  |TAMS 0x0000000709600000| PB 0x0000000709600000| Untracked 
|  60|0x0000000709800000, 0x0000000709800000, 0x0000000709a00000|  0%| F|  |TAMS 0x0000000709800000| PB 0x0000000709800000| Untracked 
|  61|0x0000000709a00000, 0x0000000709a00000, 0x0000000709c00000|  0%| F|  |TAMS 0x0000000709a00000| PB 0x0000000709a00000| Untracked 
|  62|0x0000000709c00000, 0x0000000709c00000, 0x0000000709e00000|  0%| F|  |TAMS 0x0000000709c00000| PB 0x0000000709c00000| Untracked 
|  63|0x0000000709e00000, 0x0000000709e00000, 0x000000070a000000|  0%| F|  |TAMS 0x0000000709e00000| PB 0x0000000709e00000| Untracked 
|  64|0x000000070a000000, 0x000000070a000000, 0x000000070a200000|  0%| F|  |TAMS 0x000000070a000000| PB 0x000000070a000000| Untracked 
|  65|0x000000070a200000, 0x000000070a200000, 0x000000070a400000|  0%| F|  |TAMS 0x000000070a200000| PB 0x000000070a200000| Untracked 
|  66|0x000000070a400000, 0x000000070a400000, 0x000000070a600000|  0%| F|  |TAMS 0x000000070a400000| PB 0x000000070a400000| Untracked 
|  67|0x000000070a600000, 0x000000070a600000, 0x000000070a800000|  0%| F|  |TAMS 0x000000070a600000| PB 0x000000070a600000| Untracked 
|  68|0x000000070a800000, 0x000000070a800000, 0x000000070aa00000|  0%| F|  |TAMS 0x000000070a800000| PB 0x000000070a800000| Untracked 
|  69|0x000000070aa00000, 0x000000070aa00000, 0x000000070ac00000|  0%| F|  |TAMS 0x000000070aa00000| PB 0x000000070aa00000| Untracked 
|  70|0x000000070ac00000, 0x000000070ac00000, 0x000000070ae00000|  0%| F|  |TAMS 0x000000070ac00000| PB 0x000000070ac00000| Untracked 
|  71|0x000000070ae00000, 0x000000070ae00000, 0x000000070b000000|  0%| F|  |TAMS 0x000000070ae00000| PB 0x000000070ae00000| Untracked 
|  72|0x000000070b000000, 0x000000070b000000, 0x000000070b200000|  0%| F|  |TAMS 0x000000070b000000| PB 0x000000070b000000| Untracked 
|  73|0x000000070b200000, 0x000000070b200000, 0x000000070b400000|  0%| F|  |TAMS 0x000000070b200000| PB 0x000000070b200000| Untracked 
|  74|0x000000070b400000, 0x000000070b400000, 0x000000070b600000|  0%| F|  |TAMS 0x000000070b400000| PB 0x000000070b400000| Untracked 
|  75|0x000000070b600000, 0x000000070b600000, 0x000000070b800000|  0%| F|  |TAMS 0x000000070b600000| PB 0x000000070b600000| Untracked 
|  76|0x000000070b800000, 0x000000070b800000, 0x000000070ba00000|  0%| F|  |TAMS 0x000000070b800000| PB 0x000000070b800000| Untracked 
|  77|0x000000070ba00000, 0x000000070ba00000, 0x000000070bc00000|  0%| F|  |TAMS 0x000000070ba00000| PB 0x000000070ba00000| Untracked 
|  78|0x000000070bc00000, 0x000000070bc00000, 0x000000070be00000|  0%| F|  |TAMS 0x000000070bc00000| PB 0x000000070bc00000| Untracked 
|  79|0x000000070be00000, 0x000000070be00000, 0x000000070c000000|  0%| F|  |TAMS 0x000000070be00000| PB 0x000000070be00000| Untracked 
|  80|0x000000070c000000, 0x000000070c000000, 0x000000070c200000|  0%| F|  |TAMS 0x000000070c000000| PB 0x000000070c000000| Untracked 
|  81|0x000000070c200000, 0x000000070c200000, 0x000000070c400000|  0%| F|  |TAMS 0x000000070c200000| PB 0x000000070c200000| Untracked 
|  82|0x000000070c400000, 0x000000070c400000, 0x000000070c600000|  0%| F|  |TAMS 0x000000070c400000| PB 0x000000070c400000| Untracked 
|  83|0x000000070c600000, 0x000000070c600000, 0x000000070c800000|  0%| F|  |TAMS 0x000000070c600000| PB 0x000000070c600000| Untracked 
|  84|0x000000070c800000, 0x000000070c800000, 0x000000070ca00000|  0%| F|  |TAMS 0x000000070c800000| PB 0x000000070c800000| Untracked 
|  85|0x000000070ca00000, 0x000000070ca00000, 0x000000070cc00000|  0%| F|  |TAMS 0x000000070ca00000| PB 0x000000070ca00000| Untracked 
|  86|0x000000070cc00000, 0x000000070cc00000, 0x000000070ce00000|  0%| F|  |TAMS 0x000000070cc00000| PB 0x000000070cc00000| Untracked 
|  87|0x000000070ce00000, 0x000000070ce00000, 0x000000070d000000|  0%| F|  |TAMS 0x000000070ce00000| PB 0x000000070ce00000| Untracked 
|  88|0x000000070d000000, 0x000000070d000000, 0x000000070d200000|  0%| F|  |TAMS 0x000000070d000000| PB 0x000000070d000000| Untracked 
|  89|0x000000070d200000, 0x000000070d200000, 0x000000070d400000|  0%| F|  |TAMS 0x000000070d200000| PB 0x000000070d200000| Untracked 
|  90|0x000000070d400000, 0x000000070d400000, 0x000000070d600000|  0%| F|  |TAMS 0x000000070d400000| PB 0x000000070d400000| Untracked 
|  91|0x000000070d600000, 0x000000070d600000, 0x000000070d800000|  0%| F|  |TAMS 0x000000070d600000| PB 0x000000070d600000| Untracked 
|  92|0x000000070d800000, 0x000000070d800000, 0x000000070da00000|  0%| F|  |TAMS 0x000000070d800000| PB 0x000000070d800000| Untracked 
|  93|0x000000070da00000, 0x000000070da00000, 0x000000070dc00000|  0%| F|  |TAMS 0x000000070da00000| PB 0x000000070da00000| Untracked 
|  94|0x000000070dc00000, 0x000000070dc00000, 0x000000070de00000|  0%| F|  |TAMS 0x000000070dc00000| PB 0x000000070dc00000| Untracked 
|  95|0x000000070de00000, 0x000000070de00000, 0x000000070e000000|  0%| F|  |TAMS 0x000000070de00000| PB 0x000000070de00000| Untracked 
|  96|0x000000070e000000, 0x000000070e000000, 0x000000070e200000|  0%| F|  |TAMS 0x000000070e000000| PB 0x000000070e000000| Untracked 
|  97|0x000000070e200000, 0x000000070e200000, 0x000000070e400000|  0%| F|  |TAMS 0x000000070e200000| PB 0x000000070e200000| Untracked 
|  98|0x000000070e400000, 0x000000070e400000, 0x000000070e600000|  0%| F|  |TAMS 0x000000070e400000| PB 0x000000070e400000| Untracked 
|  99|0x000000070e600000, 0x000000070e600000, 0x000000070e800000|  0%| F|  |TAMS 0x000000070e600000| PB 0x000000070e600000| Untracked 
| 100|0x000000070e800000, 0x000000070e800000, 0x000000070ea00000|  0%| F|  |TAMS 0x000000070e800000| PB 0x000000070e800000| Untracked 
| 101|0x000000070ea00000, 0x000000070ea00000, 0x000000070ec00000|  0%| F|  |TAMS 0x000000070ea00000| PB 0x000000070ea00000| Untracked 
| 102|0x000000070ec00000, 0x000000070ec00000, 0x000000070ee00000|  0%| F|  |TAMS 0x000000070ec00000| PB 0x000000070ec00000| Untracked 
| 103|0x000000070ee00000, 0x000000070f000000, 0x000000070f000000|100%| S|CS|TAMS 0x000000070ee00000| PB 0x000000070ee00000| Complete 
| 104|0x000000070f000000, 0x000000070f200000, 0x000000070f200000|100%| S|CS|TAMS 0x000000070f000000| PB 0x000000070f000000| Complete 
| 105|0x000000070f200000, 0x000000070f400000, 0x000000070f400000|100%| S|CS|TAMS 0x000000070f200000| PB 0x000000070f200000| Complete 
| 106|0x000000070f400000, 0x000000070f400000, 0x000000070f600000|  0%| F|  |TAMS 0x000000070f400000| PB 0x000000070f400000| Untracked 
| 107|0x000000070f600000, 0x000000070f600000, 0x000000070f800000|  0%| F|  |TAMS 0x000000070f600000| PB 0x000000070f600000| Untracked 
| 108|0x000000070f800000, 0x000000070f800000, 0x000000070fa00000|  0%| F|  |TAMS 0x000000070f800000| PB 0x000000070f800000| Untracked 
| 109|0x000000070fa00000, 0x000000070fa00000, 0x000000070fc00000|  0%| F|  |TAMS 0x000000070fa00000| PB 0x000000070fa00000| Untracked 
| 110|0x000000070fc00000, 0x000000070fc00000, 0x000000070fe00000|  0%| F|  |TAMS 0x000000070fc00000| PB 0x000000070fc00000| Untracked 
| 111|0x000000070fe00000, 0x000000070fe00000, 0x0000000710000000|  0%| F|  |TAMS 0x000000070fe00000| PB 0x000000070fe00000| Untracked 
| 112|0x0000000710000000, 0x0000000710000000, 0x0000000710200000|  0%| F|  |TAMS 0x0000000710000000| PB 0x0000000710000000| Untracked 
| 113|0x0000000710200000, 0x0000000710200000, 0x0000000710400000|  0%| F|  |TAMS 0x0000000710200000| PB 0x0000000710200000| Untracked 
| 114|0x0000000710400000, 0x0000000710400000, 0x0000000710600000|  0%| F|  |TAMS 0x0000000710400000| PB 0x0000000710400000| Untracked 
| 115|0x0000000710600000, 0x0000000710600000, 0x0000000710800000|  0%| F|  |TAMS 0x0000000710600000| PB 0x0000000710600000| Untracked 
| 116|0x0000000710800000, 0x0000000710800000, 0x0000000710a00000|  0%| F|  |TAMS 0x0000000710800000| PB 0x0000000710800000| Untracked 
| 117|0x0000000710a00000, 0x0000000710a00000, 0x0000000710c00000|  0%| F|  |TAMS 0x0000000710a00000| PB 0x0000000710a00000| Untracked 
| 118|0x0000000710c00000, 0x0000000710c00000, 0x0000000710e00000|  0%| F|  |TAMS 0x0000000710c00000| PB 0x0000000710c00000| Untracked 
| 119|0x0000000710e00000, 0x0000000710e2e960, 0x0000000711000000|  9%| E|  |TAMS 0x0000000710e00000| PB 0x0000000710e00000| Complete 
| 120|0x0000000711000000, 0x0000000711200000, 0x0000000711200000|100%| E|CS|TAMS 0x0000000711000000| PB 0x0000000711000000| Complete 
| 121|0x0000000711200000, 0x0000000711400000, 0x0000000711400000|100%| E|CS|TAMS 0x0000000711200000| PB 0x0000000711200000| Complete 
| 122|0x0000000711400000, 0x0000000711600000, 0x0000000711600000|100%| E|CS|TAMS 0x0000000711400000| PB 0x0000000711400000| Complete 
| 123|0x0000000711600000, 0x0000000711800000, 0x0000000711800000|100%| E|CS|TAMS 0x0000000711600000| PB 0x0000000711600000| Complete 
| 124|0x0000000711800000, 0x0000000711a00000, 0x0000000711a00000|100%| E|CS|TAMS 0x0000000711800000| PB 0x0000000711800000| Complete 
| 125|0x0000000711a00000, 0x0000000711c00000, 0x0000000711c00000|100%| E|CS|TAMS 0x0000000711a00000| PB 0x0000000711a00000| Complete 
| 126|0x0000000711c00000, 0x0000000711e00000, 0x0000000711e00000|100%| E|CS|TAMS 0x0000000711c00000| PB 0x0000000711c00000| Complete 

Card table byte_map: [0x000001f139df0000,0x000001f13a5e0000] _byte_map_base: 0x000001f1365e0000

Marking Bits: (CMBitMap*) 0x000001f120339d30
 Bits: [0x000001f13add0000, 0x000001f13ed50000)

Polling page: 0x000001f120170000

Metaspace:

Usage:
  Non-class:     14.77 MB used.
      Class:      2.46 MB used.
       Both:     17.23 MB used.

Virtual space:
  Non-class space:       64.00 MB reserved,      15.00 MB ( 23%) committed,  1 nodes.
      Class space:        1.00 GB reserved,       2.62 MB ( <1%) committed,  1 nodes.
             Both:        1.06 GB reserved,      17.62 MB (  2%) committed. 

Chunk freelists:
   Non-Class:  752.00 KB
       Class:  1.37 MB
        Both:  2.10 MB

MaxMetaspaceSize: unlimited
CompressedClassSpaceSize: 1.00 GB
Initial GC threshold: 21.00 MB
Current GC threshold: 21.00 MB
CDS: on
MetaspaceReclaimPolicy: balanced
 - commit_granule_bytes: 65536.
 - commit_granule_words: 8192.
 - virtual_space_node_default_size: 8388608.
 - enlarge_chunks_in_place: 1.
 - new_chunks_are_fully_committed: 0.
 - uncommit_free_chunks: 1.
 - use_allocation_guard: 0.


Internal statistics:

num_allocs_failed_limit: 0.
num_arena_births: 396.
num_arena_deaths: 0.
num_vsnodes_births: 2.
num_vsnodes_deaths: 0.
num_space_committed: 282.
num_space_uncommitted: 0.
num_chunks_returned_to_freelist: 0.
num_chunks_taken_from_freelist: 984.
num_chunk_merges: 0.
num_chunk_splits: 656.
num_chunks_enlarged: 474.
num_inconsistent_stats: 0.

CodeHeap 'non-profiled nmethods': size=120000Kb used=1390Kb max_used=1390Kb free=118609Kb
 bounds [0x000001f131660000, 0x000001f1318d0000, 0x000001f138b90000]
CodeHeap 'profiled nmethods': size=120000Kb used=5768Kb max_used=5768Kb free=114231Kb
 bounds [0x000001f129b90000, 0x000001f12a140000, 0x000001f1310c0000]
CodeHeap 'non-nmethods': size=5760Kb used=1867Kb max_used=1929Kb free=3892Kb
 bounds [0x000001f1310c0000, 0x000001f131330000, 0x000001f131660000]
 total_blobs=3844 nmethods=3022 adapters=732
 compilation: enabled
              stopped_count=0, restarted_count=0
 full_count=0

Compilation events (20 events):
Event: 18.627 Thread 0x000001f141835900 3014       3       com.sun.javafx.scene.EnteredExitedHandler::dispatchBubblingEvent (204 bytes)
Event: 18.628 Thread 0x000001f141835900 nmethod 3014 0x000001f12a12d610 code [0x000001f12a12da20, 0x000001f12a12ffb0]
Event: 18.651 Thread 0x000001f141835900 3015       3       javafx.scene.input.ScrollEvent::getEventType (5 bytes)
Event: 18.651 Thread 0x000001f141835900 nmethod 3015 0x000001f12a130810 code [0x000001f12a1309a0, 0x000001f12a130b88]
Event: 18.651 Thread 0x000001f141835900 3016       3       javafx.scene.input.GestureEvent::getEventType (5 bytes)
Event: 18.651 Thread 0x000001f141835900 nmethod 3016 0x000001f12a130c90 code [0x000001f12a130e20, 0x000001f12a130fa8]
Event: 18.675 Thread 0x000001f1418327d0 3017       4       javafx.scene.Node::updateLocalToParentTransform (442 bytes)
Event: 18.675 Thread 0x000001f141835900 3018       3       javafx.scene.input.MouseEvent::copyFor (17 bytes)
Event: 18.675 Thread 0x000001f141835900 nmethod 3018 0x000001f12a131090 code [0x000001f12a131220, 0x000001f12a131450]
Event: 18.680 Thread 0x000001f1418327d0 nmethod 3017 0x000001f1317b9810 code [0x000001f1317b9a80, 0x000001f1317ba210]
Event: 18.907 Thread 0x000001f141835900 3019       3       com.sun.javafx.geom.Vec3d::normalize (38 bytes)
Event: 18.907 Thread 0x000001f141835900 nmethod 3019 0x000001f12a131590 code [0x000001f12a131740, 0x000001f12a1318c0]
Event: 18.915 Thread 0x000001f1418327d0 3020       4       java.util.EnumMap$EnumMapIterator::hasNext (64 bytes)
Event: 18.916 Thread 0x000001f1418327d0 nmethod 3020 0x000001f1317ba810 code [0x000001f1317ba980, 0x000001f1317baae8]
Event: 19.051 Thread 0x000001f141835900 3021       3       com.sun.javafx.scene.KeyboardShortcutsHandler::dispatchBubblingEvent (60 bytes)
Event: 19.051 Thread 0x000001f141835900 nmethod 3021 0x000001f12a131990 code [0x000001f12a131b60, 0x000001f12a132260]
Event: 19.075 Thread 0x000001f1418327d0 3022       4       javafx.scene.Node::localToScene (21 bytes)
Event: 19.080 Thread 0x000001f1418327d0 nmethod 3022 0x000001f1317bac10 code [0x000001f1317bade0, 0x000001f1317bb2b0]
Event: 54.677 Thread 0x000001f141835900 3023       1       java.util.concurrent.atomic.AtomicInteger::get (5 bytes)
Event: 54.677 Thread 0x000001f141835900 nmethod 3023 0x000001f1317bb790 code [0x000001f1317bb900, 0x000001f1317bb9c8]

GC Heap History (4 events):
Event: 0.613 GC heap before
{Heap before GC invocations=0 (full 0):
 garbage-first heap   total 260096K, used 20480K [0x0000000702000000, 0x0000000800000000)
  region size 2048K, 11 young (22528K), 0 survivors (0K)
 Metaspace       used 5238K, committed 5440K, reserved 1114112K
  class space    used 608K, committed 704K, reserved 1048576K
}
Event: 0.615 GC heap after
{Heap after GC invocations=1 (full 0):
 garbage-first heap   total 260096K, used 2687K [0x0000000702000000, 0x0000000800000000)
  region size 2048K, 2 young (4096K), 2 survivors (4096K)
 Metaspace       used 5238K, committed 5440K, reserved 1114112K
  class space    used 608K, committed 704K, reserved 1048576K
}
Event: 6.264 GC heap before
{Heap before GC invocations=1 (full 0):
 garbage-first heap   total 260096K, used 43647K [0x0000000702000000, 0x0000000800000000)
  region size 2048K, 21 young (43008K), 2 survivors (4096K)
 Metaspace       used 15793K, committed 16128K, reserved 1114112K
  class space    used 2181K, committed 2304K, reserved 1048576K
}
Event: 6.273 GC heap after
{Heap after GC invocations=2 (full 0):
 garbage-first heap   total 260096K, used 10068K [0x0000000702000000, 0x0000000800000000)
  region size 2048K, 3 young (6144K), 3 survivors (6144K)
 Metaspace       used 15793K, committed 16128K, reserved 1114112K
  class space    used 2181K, committed 2304K, reserved 1048576K
}

Dll operation events (20 events):
Event: 0.374 Loaded shared library C:\Users\shara\.openjfx\cache\17.0.2-ea\api-ms-win-crt-filesystem-l1-1-0.dll
Event: 0.376 Loaded shared library C:\Users\shara\.openjfx\cache\17.0.2-ea\api-ms-win-crt-heap-l1-1-0.dll
Event: 0.379 Loaded shared library C:\Users\shara\.openjfx\cache\17.0.2-ea\api-ms-win-crt-locale-l1-1-0.dll
Event: 0.382 Loaded shared library C:\Users\shara\.openjfx\cache\17.0.2-ea\api-ms-win-crt-math-l1-1-0.dll
Event: 0.385 Loaded shared library C:\Users\shara\.openjfx\cache\17.0.2-ea\api-ms-win-crt-multibyte-l1-1-0.dll
Event: 0.389 Loaded shared library C:\Users\shara\.openjfx\cache\17.0.2-ea\api-ms-win-crt-private-l1-1-0.dll
Event: 0.392 Loaded shared library C:\Users\shara\.openjfx\cache\17.0.2-ea\api-ms-win-crt-process-l1-1-0.dll
Event: 0.394 Loaded shared library C:\Users\shara\.openjfx\cache\17.0.2-ea\api-ms-win-crt-runtime-l1-1-0.dll
Event: 0.397 Loaded shared library C:\Users\shara\.openjfx\cache\17.0.2-ea\api-ms-win-crt-stdio-l1-1-0.dll
Event: 0.400 Loaded shared library C:\Users\shara\.openjfx\cache\17.0.2-ea\api-ms-win-crt-string-l1-1-0.dll
Event: 0.403 Loaded shared library C:\Users\shara\.openjfx\cache\17.0.2-ea\api-ms-win-crt-time-l1-1-0.dll
Event: 0.406 Loaded shared library C:\Users\shara\.openjfx\cache\17.0.2-ea\api-ms-win-crt-utility-l1-1-0.dll
Event: 0.421 Loaded shared library C:\Users\shara\.openjfx\cache\17.0.2-ea\ucrtbase.dll
Event: 0.425 Loaded shared library C:\Users\shara\.openjfx\cache\17.0.2-ea\vcruntime140.dll
Event: 0.428 Loaded shared library C:\Users\shara\.openjfx\cache\17.0.2-ea\vcruntime140_1.dll
Event: 0.437 Loaded shared library C:\Users\shara\.openjfx\cache\17.0.2-ea\msvcp140.dll
Event: 0.470 Loaded shared library C:\Users\shara\.openjfx\cache\17.0.2-ea\prism_d3d.dll
Event: 0.504 Loaded shared library C:\Users\shara\.openjfx\cache\17.0.2-ea\glass.dll
Event: 0.602 Loaded shared library C:\Users\shara\.jdks\openjdk-20.0.1\bin\jimage.dll
Event: 0.795 Loaded shared library C:\Users\shara\.openjfx\cache\17.0.2-ea\javafx_font.dll

Deoptimization events (20 events):
Event: 6.590 Thread 0x000001f14182d970 DEOPT PACKING pc=0x000001f129f2e303 sp=0x000000daa8ffdec0
Event: 6.590 Thread 0x000001f14182d970 DEOPT UNPACKING pc=0x000001f13112a4c2 sp=0x000000daa8ffd370 mode 0
Event: 6.613 Thread 0x000001f14182d970 DEOPT PACKING pc=0x000001f129f2e303 sp=0x000000daa8ffdec0
Event: 6.613 Thread 0x000001f14182d970 DEOPT UNPACKING pc=0x000001f13112a4c2 sp=0x000000daa8ffd370 mode 0
Event: 18.515 Thread 0x000001f14182a9a0 Uncommon trap: trap_request=0xffffffde fr.pc=0x000001f1317ae2d8 relative=0x0000000000000478
Event: 18.515 Thread 0x000001f14182a9a0 Uncommon trap: reason=class_check action=maybe_recompile pc=0x000001f1317ae2d8 method=javafx.scene.Node.updateLocalToParentTransform()V @ 11 c2
Event: 18.515 Thread 0x000001f14182a9a0 DEOPT PACKING pc=0x000001f1317ae2d8 sp=0x000000daa91f84f0
Event: 18.515 Thread 0x000001f14182a9a0 DEOPT UNPACKING pc=0x000001f131129d22 sp=0x000000daa91f8488 mode 2
Event: 18.579 Thread 0x000001f14182a9a0 Uncommon trap: trap_request=0xffffffde fr.pc=0x000001f1317ae2d8 relative=0x0000000000000478
Event: 18.579 Thread 0x000001f14182a9a0 Uncommon trap: reason=class_check action=maybe_recompile pc=0x000001f1317ae2d8 method=javafx.scene.Node.updateLocalToParentTransform()V @ 11 c2
Event: 18.579 Thread 0x000001f14182a9a0 DEOPT PACKING pc=0x000001f1317ae2d8 sp=0x000000daa91f84f0
Event: 18.579 Thread 0x000001f14182a9a0 DEOPT UNPACKING pc=0x000001f131129d22 sp=0x000000daa91f8488 mode 2
Event: 18.619 Thread 0x000001f14182a9a0 Uncommon trap: trap_request=0xffffffde fr.pc=0x000001f1317ae2d8 relative=0x0000000000000478
Event: 18.619 Thread 0x000001f14182a9a0 Uncommon trap: reason=class_check action=maybe_recompile pc=0x000001f1317ae2d8 method=javafx.scene.Node.updateLocalToParentTransform()V @ 11 c2
Event: 18.619 Thread 0x000001f14182a9a0 DEOPT PACKING pc=0x000001f1317ae2d8 sp=0x000000daa91f84f0
Event: 18.619 Thread 0x000001f14182a9a0 DEOPT UNPACKING pc=0x000001f131129d22 sp=0x000000daa91f8488 mode 2
Event: 18.651 Thread 0x000001f14182a9a0 Uncommon trap: trap_request=0xffffffde fr.pc=0x000001f1317ae2d8 relative=0x0000000000000478
Event: 18.651 Thread 0x000001f14182a9a0 Uncommon trap: reason=class_check action=maybe_recompile pc=0x000001f1317ae2d8 method=javafx.scene.Node.updateLocalToParentTransform()V @ 11 c2
Event: 18.651 Thread 0x000001f14182a9a0 DEOPT PACKING pc=0x000001f1317ae2d8 sp=0x000000daa91f84f0
Event: 18.651 Thread 0x000001f14182a9a0 DEOPT UNPACKING pc=0x000001f131129d22 sp=0x000000daa91f8488 mode 2

Classes loaded (20 events):
Event: 6.131 Loading class java/lang/reflect/WildcardType done
Event: 6.131 Loading class sun/reflect/generics/reflectiveObjects/WildcardTypeImpl done
Event: 6.361 Loading class java/lang/FdLibm$Hypot
Event: 6.361 Loading class java/lang/FdLibm$Hypot done
Event: 6.361 Loading class java/lang/FdLibm
Event: 6.361 Loading class java/lang/FdLibm done
Event: 6.453 Loading class java/text/BreakIterator
Event: 6.453 Loading class java/text/BreakIterator done
Event: 6.453 Loading class sun/util/locale/provider/BreakIteratorProviderImpl
Event: 6.453 Loading class sun/util/locale/provider/BreakIteratorProviderImpl done
Event: 6.454 Loading class sun/util/locale/provider/BreakIteratorProviderImpl$GraphemeBreakIterator
Event: 6.454 Loading class sun/util/locale/provider/BreakIteratorProviderImpl$GraphemeBreakIterator done
Event: 6.454 Loading class java/text/StringCharacterIterator
Event: 6.454 Loading class java/text/StringCharacterIterator done
Event: 6.454 Loading class sun/util/locale/provider/BreakIteratorProviderImpl$CharacterIteratorCharSequence
Event: 6.455 Loading class sun/util/locale/provider/BreakIteratorProviderImpl$CharacterIteratorCharSequence done
Event: 6.455 Loading class java/text/BreakIterator$BreakIteratorCache
Event: 6.455 Loading class java/text/BreakIterator$BreakIteratorCache done
Event: 54.676 Loading class jdk/internal/misc/Signal$1
Event: 54.676 Loading class jdk/internal/misc/Signal$1 done

Classes unloaded (0 events):
No events

Classes redefined (0 events):
No events

Internal exceptions (20 events):
Event: 0.911 Thread 0x000001f14182a9a0 Exception <a 'java/lang/NoSuchMethodError'{0x0000000710ee1568}: 'int java.lang.invoke.DirectMethodHandle$Holder.invokeSpecial(java.lang.Object, java.lang.Object, java.lang.Object, int)'> (0x0000000710ee1568) 
thrown [s\open\src\hotspot\share\interpreter\linkResolver.cpp, line 773]
Event: 0.912 Thread 0x000001f14182a9a0 Exception <a 'java/lang/NoSuchMethodError'{0x0000000710eeb698}: 'void java.lang.invoke.DelegatingMethodHandle$Holder.reinvoke_L(java.lang.Object, java.lang.Object, int)'> (0x0000000710eeb698) 
thrown [s\open\src\hotspot\share\interpreter\linkResolver.cpp, line 773]
Event: 0.943 Thread 0x000001f14182a9a0 Implicit null exception at 0x000001f1316d91a0 to 0x000001f1316d9438
Event: 0.944 Thread 0x000001f14182a9a0 Implicit null exception at 0x000001f1316d7ea0 to 0x000001f1316d82b4
Event: 0.944 Thread 0x000001f14182a9a0 Implicit null exception at 0x000001f13167da20 to 0x000001f13167dbf4
Event: 0.997 Thread 0x000001f14182a9a0 Implicit null exception at 0x000001f1316d3e12 to 0x000001f1316d44e0
Event: 1.072 Thread 0x000001f14182a9a0 Exception <a 'java/lang/IncompatibleClassChangeError'{0x0000000710202718}: Found class java.lang.Object, but interface was expected> (0x0000000710202718) 
thrown [s\open\src\hotspot\share\interpreter\linkResolver.cpp, line 840]
Event: 1.110 Thread 0x000001f14182a9a0 Exception <a 'java/lang/NoSuchMethodError'{0x0000000710327140}: 'int java.lang.invoke.DirectMethodHandle$Holder.invokeSpecial(java.lang.Object, java.lang.Object, int)'> (0x0000000710327140) 
thrown [s\open\src\hotspot\share\interpreter\linkResolver.cpp, line 773]
Event: 1.126 Thread 0x000001f14182a9a0 Exception <a 'java/lang/NoSuchMethodError'{0x00000007103a86e8}: 'java.lang.Object java.lang.invoke.DirectMethodHandle$Holder.newInvokeSpecial(java.lang.Object, java.lang.Object, int)'> (0x00000007103a86e8) 
thrown [s\open\src\hotspot\share\interpreter\linkResolver.cpp, line 773]
Event: 1.146 Thread 0x000001f14182d970 Exception <a 'java/lang/NoSuchMethodError'{0x000000071004f658}: 'int java.lang.invoke.DirectMethodHandle$Holder.invokeStaticInit(java.lang.Object, java.lang.Object)'> (0x000000071004f658) 
thrown [s\open\src\hotspot\share\interpreter\linkResolver.cpp, line 773]
Event: 3.556 Thread 0x000001f14182a9a0 Exception <a 'java/lang/NoSuchMethodError'{0x000000070fc70098}: 'long java.lang.invoke.DirectMethodHandle$Holder.invokeStatic(java.lang.Object, java.lang.Object, java.lang.Object)'> (0x000000070fc70098) 
thrown [s\open\src\hotspot\share\interpreter\linkResolver.cpp, line 773]
Event: 3.557 Thread 0x000001f14182a9a0 Exception <a 'java/lang/NoSuchMethodError'{0x000000070fc73468}: 'long java.lang.invoke.DirectMethodHandle$Holder.invokeStaticInit(java.lang.Object, java.lang.Object, java.lang.Object)'> (0x000000070fc73468) 
thrown [s\open\src\hotspot\share\interpreter\linkResolver.cpp, line 773]
Event: 3.558 Thread 0x000001f14182a9a0 Exception <a 'java/lang/NoSuchMethodError'{0x000000070fc8b4c0}: 'java.lang.Object java.lang.invoke.DirectMethodHandle$Holder.newInvokeSpecial(java.lang.Object, java.lang.Object, long)'> (0x000000070fc8b4c0) 
thrown [s\open\src\hotspot\share\interpreter\linkResolver.cpp, line 773]
Event: 3.558 Thread 0x000001f14182a9a0 Exception <a 'java/lang/NoSuchMethodError'{0x000000070fc8edb8}: 'java.lang.Object java.lang.invoke.Invokers$Holder.linkToTargetMethod(java.lang.Object, long, java.lang.Object)'> (0x000000070fc8edb8) 
thrown [s\open\src\hotspot\share\interpreter\linkResolver.cpp, line 773]
Event: 6.202 Thread 0x000001f14182a9a0 Exception <a 'java/lang/ClassNotFoundException'{0x000000070f70b628}: com/sun/javafx/scene/control/skin/resources/controls> (0x000000070f70b628) 
thrown [s\open\src\hotspot\share\prims\jni.cpp, line 538]
Event: 6.203 Thread 0x000001f14182a9a0 Exception <a 'java/lang/ClassNotFoundException'{0x000000070f719c18}: com/sun/javafx/scene/control/skin/resources/controls_en> (0x000000070f719c18) 
thrown [s\open\src\hotspot\share\prims\jni.cpp, line 538]
Event: 6.203 Thread 0x000001f14182a9a0 Exception <a 'java/lang/ClassNotFoundException'{0x000000070f71b3d8}: com/sun/javafx/scene/control/skin/resources/controls_en_GB> (0x000000070f71b3d8) 
thrown [s\open\src\hotspot\share\prims\jni.cpp, line 538]
Event: 6.339 Thread 0x000001f14182a9a0 Exception <a 'java/lang/NoSuchMethodError'{0x0000000711b84988}: 'void java.lang.invoke.DirectMethodHandle$Holder.invokeSpecial(java.lang.Object, java.lang.Object, java.lang.Object, java.lang.Object, java.lang.Object, java.lang.Object)'> (0x0000000711b84988) 
thrown [s\open\src\hotspot\share\interpreter\linkResolver.cpp, line 773]
Event: 6.556 Thread 0x000001f14182d970 Exception <a 'java/lang/NoSuchMethodError'{0x0000000711235c70}: 'java.lang.Object java.lang.invoke.DirectMethodHandle$Holder.invokeStaticInit(java.lang.Object, int)'> (0x0000000711235c70) 
thrown [s\open\src\hotspot\share\interpreter\linkResolver.cpp, line 773]
Event: 16.420 Thread 0x000001f14182a9a0 Exception <a 'java/lang/NoSuchMethodError'{0x0000000711086628}: 'java.lang.Object java.lang.invoke.DirectMethodHandle$Holder.newInvokeSpecial(java.lang.Object, java.lang.Object, java.lang.Object, double, double, double, double, int, int, int, int, int, int, int, int, int)'> (0x0000000711086628) 
thrown [s\open\src\hotspot\share\interpreter\linkResolver.cpp, line 773]

VM Operations (20 events):
Event: 6.273 Executing VM operation: G1CollectForAllocation done
Event: 6.472 Executing VM operation: ICBufferFull
Event: 6.472 Executing VM operation: ICBufferFull done
Event: 7.473 Executing VM operation: Cleanup
Event: 7.473 Executing VM operation: Cleanup done
Event: 8.473 Executing VM operation: Cleanup
Event: 8.473 Executing VM operation: Cleanup done
Event: 9.473 Executing VM operation: Cleanup
Event: 9.474 Executing VM operation: Cleanup done
Event: 12.474 Executing VM operation: Cleanup
Event: 12.475 Executing VM operation: Cleanup done
Event: 16.476 Executing VM operation: Cleanup
Event: 16.476 Executing VM operation: Cleanup done
Event: 17.476 Executing VM operation: Cleanup
Event: 17.476 Executing VM operation: Cleanup done
Event: 19.477 Executing VM operation: Cleanup
Event: 19.477 Executing VM operation: Cleanup done
Event: 20.477 Executing VM operation: Cleanup
Event: 20.477 Executing VM operation: Cleanup done
Event: 54.677 Executing VM operation: Exit

Events (20 events):
Event: 0.191 Thread 0x000001f14182d420 Thread added: 0x000001f14182d420
Event: 0.191 Thread 0x000001f14182a450 Thread added: 0x000001f14182a450
Event: 0.463 Thread 0x000001f14182d970 Thread added: 0x000001f14182d970
Event: 0.506 Thread 0x000001f14182b440 Thread added: 0x000001f14182b440
Event: 0.511 Thread 0x000001f14182a9a0 Thread added: 0x000001f14182a9a0
Event: 0.520 Thread 0x000001f145db65d0 Thread exited: 0x000001f145db65d0
Event: 0.579 Thread 0x000001f14182b990 Thread added: 0x000001f14182b990
Event: 0.580 Thread 0x000001f14182bee0 Thread added: 0x000001f14182bee0
Event: 1.065 Thread 0x000001f14182c430 Thread added: 0x000001f14182c430
Event: 1.202 Thread 0x000001f146edf710 Thread added: 0x000001f146edf710
Event: 2.500 Thread 0x000001f145dae020 Thread exited: 0x000001f145dae020
Event: 6.175 Thread 0x000001f146e31ff0 Thread added: 0x000001f146e31ff0
Event: 6.284 Thread 0x000001f14657ca60 Thread added: 0x000001f14657ca60
Event: 6.899 Thread 0x000001f146e31ff0 Thread exited: 0x000001f146e31ff0
Event: 6.899 Thread 0x000001f14657ca60 Thread exited: 0x000001f14657ca60
Event: 54.676 Thread 0x000001f146edd730 Thread added: 0x000001f146edd730
Event: 54.676 Thread 0x000001f146edb200 Thread added: 0x000001f146edb200
Event: 54.676 Thread 0x000001f146eddc80 Thread added: 0x000001f146eddc80
Event: 54.677 Thread 0x000001f146edb200 Thread exited: 0x000001f146edb200
Event: 54.677 Thread 0x000001f146eddc80 Thread exited: 0x000001f146eddc80


Dynamic libraries:
0x00007ff796ea0000 - 0x00007ff796eae000 	C:\Users\shara\.jdks\openjdk-20.0.1\bin\java.exe
0x00007ffc1a370000 - 0x00007ffc1a568000 	C:\WINDOWS\SYSTEM32\ntdll.dll
0x00007ffc19110000 - 0x00007ffc191cf000 	C:\WINDOWS\System32\KERNEL32.DLL
0x00007ffc17e60000 - 0x00007ffc1813a000 	C:\WINDOWS\System32\KERNELBASE.dll
0x00007ffc182a0000 - 0x00007ffc183a0000 	C:\WINDOWS\System32\ucrtbase.dll
0x00007ffbefde0000 - 0x00007ffbefdf7000 	C:\Users\shara\.jdks\openjdk-20.0.1\bin\jli.dll
0x00007ffc192f0000 - 0x00007ffc1948d000 	C:\WINDOWS\System32\USER32.dll
0x00007ffc183a0000 - 0x00007ffc183c2000 	C:\WINDOWS\System32\win32u.dll
0x00007ffc19070000 - 0x00007ffc1909b000 	C:\WINDOWS\System32\GDI32.dll
0x00007ffc17bd0000 - 0x00007ffc17ce0000 	C:\WINDOWS\System32\gdi32full.dll
0x00007ffc17a80000 - 0x00007ffc17b1d000 	C:\WINDOWS\System32\msvcp_win.dll
0x00007ffbefcd0000 - 0x00007ffbefceb000 	C:\Users\shara\.jdks\openjdk-20.0.1\bin\VCRUNTIME140.dll
0x00007ffbf0da0000 - 0x00007ffbf103a000 	C:\WINDOWS\WinSxS\amd64_microsoft.windows.common-controls_6595b64144ccf1df_6.0.19041.1110_none_60b5254171f9507e\COMCTL32.dll
0x00007ffc19850000 - 0x00007ffc198ee000 	C:\WINDOWS\System32\msvcrt.dll
0x00007ffc18f00000 - 0x00007ffc18f30000 	C:\WINDOWS\System32\IMM32.DLL
0x00007ffbf1b40000 - 0x00007ffbf1b4c000 	C:\Users\shara\.jdks\openjdk-20.0.1\bin\vcruntime140_1.dll
0x00007ffbdc120000 - 0x00007ffbdc1ae000 	C:\Users\shara\.jdks\openjdk-20.0.1\bin\msvcp140.dll
0x00007ffba15f0000 - 0x00007ffba2287000 	C:\Users\shara\.jdks\openjdk-20.0.1\bin\server\jvm.dll
0x00007ffc183d0000 - 0x00007ffc1847e000 	C:\WINDOWS\System32\ADVAPI32.dll
0x00007ffc1a290000 - 0x00007ffc1a32c000 	C:\WINDOWS\System32\sechost.dll
0x00007ffc19a10000 - 0x00007ffc19b36000 	C:\WINDOWS\System32\RPCRT4.dll
0x00007ffc0f4b0000 - 0x00007ffc0f4b9000 	C:\WINDOWS\SYSTEM32\WSOCK32.dll
0x00007ffc190a0000 - 0x00007ffc1910b000 	C:\WINDOWS\System32\WS2_32.dll
0x00007ffbfa700000 - 0x00007ffbfa727000 	C:\WINDOWS\SYSTEM32\WINMM.dll
0x00007ffc0fce0000 - 0x00007ffc0fcea000 	C:\WINDOWS\SYSTEM32\VERSION.dll
0x00007ffc162d0000 - 0x00007ffc162e2000 	C:\WINDOWS\SYSTEM32\kernel.appcore.dll
0x00007ffbf1a20000 - 0x00007ffbf1a2a000 	C:\Users\shara\.jdks\openjdk-20.0.1\bin\jimage.dll
0x00007ffc15840000 - 0x00007ffc15a24000 	C:\WINDOWS\SYSTEM32\DBGHELP.DLL
0x00007ffc06b00000 - 0x00007ffc06b34000 	C:\WINDOWS\SYSTEM32\dbgcore.DLL
0x00007ffc17dd0000 - 0x00007ffc17e52000 	C:\WINDOWS\System32\bcryptPrimitives.dll
0x00007ffc10b30000 - 0x00007ffc10b3e000 	C:\Users\shara\.jdks\openjdk-20.0.1\bin\instrument.dll
0x00007ffbe9070000 - 0x00007ffbe9096000 	C:\Users\shara\.jdks\openjdk-20.0.1\bin\java.dll
0x00007ffbd2470000 - 0x00007ffbd2547000 	C:\Users\shara\.jdks\openjdk-20.0.1\bin\jsvml.dll
0x00007ffc19b40000 - 0x00007ffc1a284000 	C:\WINDOWS\System32\SHELL32.dll
0x00007ffc15b20000 - 0x00007ffc162b3000 	C:\WINDOWS\SYSTEM32\windows.storage.dll
0x00007ffc19490000 - 0x00007ffc197e4000 	C:\WINDOWS\System32\combase.dll
0x00007ffc17470000 - 0x00007ffc1749e000 	C:\WINDOWS\SYSTEM32\Wldp.dll
0x00007ffc19230000 - 0x00007ffc192dd000 	C:\WINDOWS\System32\SHCORE.dll
0x00007ffc18710000 - 0x00007ffc18765000 	C:\WINDOWS\System32\shlwapi.dll
0x00007ffc179c0000 - 0x00007ffc179df000 	C:\WINDOWS\SYSTEM32\profapi.dll
0x00007ffbefcb0000 - 0x00007ffbefcc3000 	C:\Users\shara\.jdks\openjdk-20.0.1\bin\net.dll
0x00007ffc0da80000 - 0x00007ffc0db8a000 	C:\WINDOWS\SYSTEM32\WINHTTP.dll
0x00007ffc171d0000 - 0x00007ffc1723a000 	C:\WINDOWS\system32\mswsock.dll
0x00007ffbed0e0000 - 0x00007ffbed0f6000 	C:\Users\shara\.jdks\openjdk-20.0.1\bin\nio.dll
0x00007ffbebf10000 - 0x00007ffbebf28000 	C:\Users\shara\.jdks\openjdk-20.0.1\bin\zip.dll
0x00007ffc08830000 - 0x00007ffc0884a000 	C:\Program Files\JetBrains\IntelliJ IDEA 2022.3.3\bin\breakgen64.dll
0x000001f1203e0000 - 0x000001f1203e3000 	C:\Users\shara\.openjfx\cache\17.0.2-ea\api-ms-win-core-console-l1-1-0.dll
0x000001f141980000 - 0x000001f141983000 	C:\Users\shara\.openjfx\cache\17.0.2-ea\api-ms-win-core-console-l1-2-0.dll
0x000001f141990000 - 0x000001f141993000 	C:\Users\shara\.openjfx\cache\17.0.2-ea\api-ms-win-core-datetime-l1-1-0.dll
0x000001f1419a0000 - 0x000001f1419a3000 	C:\Users\shara\.openjfx\cache\17.0.2-ea\api-ms-win-core-debug-l1-1-0.dll
0x000001f1419b0000 - 0x000001f1419b3000 	C:\Users\shara\.openjfx\cache\17.0.2-ea\api-ms-win-core-errorhandling-l1-1-0.dll
0x000001f1419c0000 - 0x000001f1419c4000 	C:\Users\shara\.openjfx\cache\17.0.2-ea\api-ms-win-core-file-l1-1-0.dll
0x000001f1419d0000 - 0x000001f1419d3000 	C:\Users\shara\.openjfx\cache\17.0.2-ea\api-ms-win-core-file-l1-2-0.dll
0x000001f1419e0000 - 0x000001f1419e3000 	C:\Users\shara\.openjfx\cache\17.0.2-ea\api-ms-win-core-file-l2-1-0.dll
0x000001f1419f0000 - 0x000001f1419f3000 	C:\Users\shara\.openjfx\cache\17.0.2-ea\api-ms-win-core-handle-l1-1-0.dll
0x000001f141a00000 - 0x000001f141a03000 	C:\Users\shara\.openjfx\cache\17.0.2-ea\api-ms-win-core-heap-l1-1-0.dll
0x000001f141a10000 - 0x000001f141a13000 	C:\Users\shara\.openjfx\cache\17.0.2-ea\api-ms-win-core-interlocked-l1-1-0.dll
0x000001f141a20000 - 0x000001f141a23000 	C:\Users\shara\.openjfx\cache\17.0.2-ea\api-ms-win-core-libraryloader-l1-1-0.dll
0x000001f141a30000 - 0x000001f141a33000 	C:\Users\shara\.openjfx\cache\17.0.2-ea\api-ms-win-core-localization-l1-2-0.dll
0x000001f141a40000 - 0x000001f141a43000 	C:\Users\shara\.openjfx\cache\17.0.2-ea\api-ms-win-core-memory-l1-1-0.dll
0x000001f141a50000 - 0x000001f141a53000 	C:\Users\shara\.openjfx\cache\17.0.2-ea\api-ms-win-core-namedpipe-l1-1-0.dll
0x000001f141a60000 - 0x000001f141a63000 	C:\Users\shara\.openjfx\cache\17.0.2-ea\api-ms-win-core-processenvironment-l1-1-0.dll
0x000001f141a70000 - 0x000001f141a73000 	C:\Users\shara\.openjfx\cache\17.0.2-ea\api-ms-win-core-processthreads-l1-1-0.dll
0x000001f141a80000 - 0x000001f141a83000 	C:\Users\shara\.openjfx\cache\17.0.2-ea\api-ms-win-core-processthreads-l1-1-1.dll
0x000001f141a90000 - 0x000001f141a93000 	C:\Users\shara\.openjfx\cache\17.0.2-ea\api-ms-win-core-profile-l1-1-0.dll
0x000001f141aa0000 - 0x000001f141aa3000 	C:\Users\shara\.openjfx\cache\17.0.2-ea\api-ms-win-core-rtlsupport-l1-1-0.dll
0x000001f141ab0000 - 0x000001f141ab3000 	C:\Users\shara\.openjfx\cache\17.0.2-ea\api-ms-win-core-string-l1-1-0.dll
0x000001f141ac0000 - 0x000001f141ac3000 	C:\Users\shara\.openjfx\cache\17.0.2-ea\api-ms-win-core-synch-l1-1-0.dll
0x000001f141ad0000 - 0x000001f141ad3000 	C:\Users\shara\.openjfx\cache\17.0.2-ea\api-ms-win-core-synch-l1-2-0.dll
0x000001f141ae0000 - 0x000001f141ae3000 	C:\Users\shara\.openjfx\cache\17.0.2-ea\api-ms-win-core-sysinfo-l1-1-0.dll
0x000001f141af0000 - 0x000001f141af3000 	C:\Users\shara\.openjfx\cache\17.0.2-ea\api-ms-win-core-timezone-l1-1-0.dll
0x000001f141b00000 - 0x000001f141b03000 	C:\Users\shara\.openjfx\cache\17.0.2-ea\api-ms-win-core-util-l1-1-0.dll
0x000001f141b10000 - 0x000001f141b13000 	C:\Users\shara\.openjfx\cache\17.0.2-ea\api-ms-win-crt-conio-l1-1-0.dll
0x000001f141b20000 - 0x000001f141b24000 	C:\Users\shara\.openjfx\cache\17.0.2-ea\api-ms-win-crt-convert-l1-1-0.dll
0x000001f141b30000 - 0x000001f141b33000 	C:\Users\shara\.openjfx\cache\17.0.2-ea\api-ms-win-crt-environment-l1-1-0.dll
0x000001f141b40000 - 0x000001f141b43000 	C:\Users\shara\.openjfx\cache\17.0.2-ea\api-ms-win-crt-filesystem-l1-1-0.dll
0x000001f141b50000 - 0x000001f141b53000 	C:\Users\shara\.openjfx\cache\17.0.2-ea\api-ms-win-crt-heap-l1-1-0.dll
0x000001f141b60000 - 0x000001f141b63000 	C:\Users\shara\.openjfx\cache\17.0.2-ea\api-ms-win-crt-locale-l1-1-0.dll
0x000001f141b70000 - 0x000001f141b75000 	C:\Users\shara\.openjfx\cache\17.0.2-ea\api-ms-win-crt-math-l1-1-0.dll
0x000001f141b80000 - 0x000001f141b85000 	C:\Users\shara\.openjfx\cache\17.0.2-ea\api-ms-win-crt-multibyte-l1-1-0.dll
0x000001f141b90000 - 0x000001f141ba0000 	C:\Users\shara\.openjfx\cache\17.0.2-ea\api-ms-win-crt-private-l1-1-0.dll
0x000001f141ba0000 - 0x000001f141ba3000 	C:\Users\shara\.openjfx\cache\17.0.2-ea\api-ms-win-crt-process-l1-1-0.dll
0x000001f141bb0000 - 0x000001f141bb4000 	C:\Users\shara\.openjfx\cache\17.0.2-ea\api-ms-win-crt-runtime-l1-1-0.dll
0x000001f141bc0000 - 0x000001f141bc4000 	C:\Users\shara\.openjfx\cache\17.0.2-ea\api-ms-win-crt-stdio-l1-1-0.dll
0x000001f141bd0000 - 0x000001f141bd4000 	C:\Users\shara\.openjfx\cache\17.0.2-ea\api-ms-win-crt-string-l1-1-0.dll
0x000001f141be0000 - 0x000001f141be3000 	C:\Users\shara\.openjfx\cache\17.0.2-ea\api-ms-win-crt-time-l1-1-0.dll
0x000001f141bf0000 - 0x000001f141bf3000 	C:\Users\shara\.openjfx\cache\17.0.2-ea\api-ms-win-crt-utility-l1-1-0.dll
0x00007ffbe51f0000 - 0x00007ffbe52ec000 	C:\Users\shara\.openjfx\cache\17.0.2-ea\ucrtbase.dll
0x00007ffc061c0000 - 0x00007ffc061da000 	C:\Users\shara\.openjfx\cache\17.0.2-ea\vcruntime140.dll
0x00007ffc08790000 - 0x00007ffc0879c000 	C:\Users\shara\.openjfx\cache\17.0.2-ea\vcruntime140_1.dll
0x00007ffbe5580000 - 0x00007ffbe560d000 	C:\Users\shara\.openjfx\cache\17.0.2-ea\msvcp140.dll
0x00007ffbf1e90000 - 0x00007ffbf1eba000 	C:\Users\shara\.openjfx\cache\17.0.2-ea\prism_d3d.dll
0x00007ffbef950000 - 0x00007ffbefb1d000 	C:\WINDOWS\system32\d3d9.dll
0x00007ffc15390000 - 0x00007ffc153bf000 	C:\WINDOWS\SYSTEM32\dwmapi.dll
0x00007ffc150d0000 - 0x00007ffc1516e000 	C:\WINDOWS\system32\uxtheme.dll
0x00007ffbd44c0000 - 0x00007ffbd4668000 	C:\WINDOWS\System32\DriverStore\FileRepository\iigd_dch.inf_amd64_393549dac595e659\igdumdim64.dll
0x00007ffc18f30000 - 0x00007ffc1905a000 	C:\WINDOWS\System32\ole32.dll
0x00007ffb77930000 - 0x00007ffb7b54f000 	C:\WINDOWS\System32\DriverStore\FileRepository\iigd_dch.inf_amd64_393549dac595e659\igd9dxva64.dll
0x00007ffc18480000 - 0x00007ffc1854d000 	C:\WINDOWS\System32\OLEAUT32.dll
0x00007ffc18a90000 - 0x00007ffc18ef8000 	C:\WINDOWS\System32\SETUPAPI.dll
0x00007ffc17ce0000 - 0x00007ffc17d2e000 	C:\WINDOWS\System32\cfgmgr32.dll
0x00007ffc17d30000 - 0x00007ffc17d57000 	C:\WINDOWS\System32\bcrypt.dll
0x00007ffc02c80000 - 0x00007ffc03048000 	C:\WINDOWS\System32\DriverStore\FileRepository\iigd_dch.inf_amd64_393549dac595e659\igdgmm64.dll
0x00007ffbe5710000 - 0x00007ffbe5752000 	C:\Users\shara\.openjfx\cache\17.0.2-ea\glass.dll
0x00007ffc18930000 - 0x00007ffc18a0a000 	C:\WINDOWS\System32\COMDLG32.dll
0x00007ffc198f0000 - 0x00007ffc19a04000 	C:\WINDOWS\System32\MSCTF.dll
0x00007ffbaae30000 - 0x00007ffbaae57000 	C:\WINDOWS\System32\DriverStore\FileRepository\iigd_dch.inf_amd64_393549dac595e659\igdinfo64.dll
0x00007ffbff690000 - 0x00007ffc02c76000 	C:\WINDOWS\System32\DriverStore\FileRepository\iigd_dch.inf_amd64_393549dac595e659\igc64.dll
0x00007ffc040a0000 - 0x00007ffc040db000 	C:\WINDOWS\SYSTEM32\dxcore.dll
0x00007ffbf98d0000 - 0x00007ffbf98e4000 	C:\Users\shara\.openjfx\cache\17.0.2-ea\javafx_font.dll
0x00007ffbf7620000 - 0x00007ffbf789f000 	C:\WINDOWS\SYSTEM32\dwrite.dll
0x00007ffc18800000 - 0x00007ffc188a9000 	C:\WINDOWS\System32\clbcatq.dll
0x00007ffc05ab0000 - 0x00007ffc05c64000 	C:\WINDOWS\SYSTEM32\WindowsCodecs.dll
0x00007ffbe57f0000 - 0x00007ffbe582e000 	C:\WINDOWS\system32\dataexchange.dll
0x00007ffc13710000 - 0x00007ffc13973000 	C:\WINDOWS\system32\d3d11.dll
0x00007ffc14340000 - 0x00007ffc14523000 	C:\WINDOWS\system32\dcomp.dll
0x00007ffc16340000 - 0x00007ffc16433000 	C:\WINDOWS\system32\dxgi.dll
0x00007ffc0f6c0000 - 0x00007ffc0f8c0000 	C:\WINDOWS\system32\twinapi.appcore.dll
0x00007ffbe8370000 - 0x00007ffbe83a4000 	C:\Program Files\Common Files\Microsoft Shared\Ink\rtscom.dll
0x00007ffbfc6c0000 - 0x00007ffbfc7b9000 	C:\WINDOWS\SYSTEM32\textinputframework.dll
0x00007ffc14960000 - 0x00007ffc14cbe000 	C:\WINDOWS\System32\CoreUIComponents.dll
0x00007ffc14d00000 - 0x00007ffc14df2000 	C:\WINDOWS\System32\CoreMessaging.dll
0x00007ffc16c30000 - 0x00007ffc16c63000 	C:\WINDOWS\SYSTEM32\ntmarta.dll
0x00007ffc140a0000 - 0x00007ffc141f4000 	C:\WINDOWS\SYSTEM32\wintypes.dll
0x00007ffc13a80000 - 0x00007ffc14040000 	C:\WINDOWS\SYSTEM32\d2d1.dll
0x00007ffc04a00000 - 0x00007ffc050f6000 	C:\WINDOWS\SYSTEM32\D3D10Warp.dll

dbghelp: loaded successfully - version: 4.0.5 - missing functions: none
symbol engine: initialized successfully - sym options: 0x614 - pdb path: .;C:\Users\shara\.jdks\openjdk-20.0.1\bin;C:\WINDOWS\SYSTEM32;C:\WINDOWS\WinSxS\amd64_microsoft.windows.common-controls_6595b64144ccf1df_6.0.19041.1110_none_60b5254171f9507e;C:\Users\shara\.jdks\openjdk-20.0.1\bin\server;C:\Program Files\JetBrains\IntelliJ IDEA 2022.3.3\bin;C:\Users\shara\.openjfx\cache\17.0.2-ea;C:\WINDOWS\System32\DriverStore\FileRepository\iigd_dch.inf_amd64_393549dac595e659;C:\Program Files\Common Files\Microsoft Shared\Ink

VM Arguments:
jvm_args: -javaagent:C:\Program Files\JetBrains\IntelliJ IDEA 2022.3.3\lib\idea_rt.jar=59444:C:\Program Files\JetBrains\IntelliJ IDEA 2022.3.3\bin -Dfile.encoding=UTF-8 -Dsun.stdout.encoding=UTF-8 -Dsun.stderr.encoding=UTF-8 --module-path=C:\Users\shara\.m2\repository\org\openjfx\javafx-graphics\17.0.2\javafx-graphics-17.0.2-win.jar;C:\Users\shara\IdeaProjects\Demo\target\classes;C:\Users\shara\.m2\repository\org\openjfx\javafx-controls\17.0.2\javafx-controls-17.0.2-win.jar;C:\Users\shara\.m2\repository\org\openjfx\javafx-base\17.0.2\javafx-base-17.0.2-win.jar;C:\Users\shara\.m2\repository\org\openjfx\javafx-fxml\17.0.2\javafx-fxml-17.0.2-win.jar -Djdk.module.main=sample.demo 
java_command: sample.demo/sample.demo.HelloApplication
java_class_path (initial): C:\Users\shara\.m2\repository\org\openjfx\javafx-controls\17.0.2\javafx-controls-17.0.2.jar;C:\Users\shara\.m2\repository\org\openjfx\javafx-graphics\17.0.2\javafx-graphics-17.0.2.jar;C:\Users\shara\.m2\repository\org\openjfx\javafx-base\17.0.2\javafx-base-17.0.2.jar;C:\Users\shara\.m2\repository\org\openjfx\javafx-fxml\17.0.2\javafx-fxml-17.0.2.jar
Launcher Type: SUN_STANDARD

[Global flags]
     intx CICompilerCount                          = 4                                         {product} {ergonomic}
     uint ConcGCThreads                            = 2                                         {product} {ergonomic}
     uint G1ConcRefinementThreads                  = 8                                         {product} {ergonomic}
   size_t G1HeapRegionSize                         = 2097152                                   {product} {ergonomic}
    uintx GCDrainStackTargetSize                   = 64                                        {product} {ergonomic}
   size_t InitialHeapSize                          = 266338304                                 {product} {ergonomic}
   size_t MarkStackSize                            = 4194304                                   {product} {ergonomic}
   size_t MaxHeapSize                              = 4261412864                                {product} {ergonomic}
   size_t MaxNewSize                               = 2556428288                                {product} {ergonomic}
   size_t MinHeapDeltaBytes                        = 2097152                                   {product} {ergonomic}
   size_t MinHeapSize                              = 8388608                                   {product} {ergonomic}
    uintx NonNMethodCodeHeapSize                   = 5839372                                {pd product} {ergonomic}
    uintx NonProfiledCodeHeapSize                  = 122909434                              {pd product} {ergonomic}
    uintx ProfiledCodeHeapSize                     = 122909434                              {pd product} {ergonomic}
    uintx ReservedCodeCacheSize                    = 251658240                              {pd product} {ergonomic}
     bool SegmentedCodeCache                       = true                                      {product} {ergonomic}
   size_t SoftMaxHeapSize                          = 4261412864                             {manageable} {ergonomic}
     bool UseCompressedClassPointers               = true                           {product lp64_product} {ergonomic}
     bool UseCompressedOops                        = true                           {product lp64_product} {ergonomic}
     bool UseG1GC                                  = true                                      {product} {ergonomic}
     bool UseLargePagesIndividualAllocation        = false                                  {pd product} {ergonomic}

Logging:
Log output configuration:
 #0: stdout all=off uptime,level,tags foldmultilines=false
 #1: stderr all=off uptime,level,tags foldmultilines=false

Environment Variables:
PATH=C:\Users\shara\Downloads\CUserssharaDownloadsWINDOWS.X64_193000_db_home\bin;C:\Program Files\Java\jdk-11.0.2\bin;C:\WINDOWS\system32;C:\WINDOWS;C:\WINDOWS\System32\Wbem;C:\WINDOWS\System32\WindowsPowerShell\v1.0\;C:\WINDOWS\System32\OpenSSH\;C:\Program Files\Git\cmd;C:\Program Files\Git\mingw64\bin;C:\Program Files\Git\usr\bin;C:\wamp64\bin\php\php7.3.12;C:\Program Files\dotnet\;C:\Program Files\MySQL\MySQL Shell 8.0\bin\;C:\Users\shara\AppData\Local\Microsoft\WindowsApps;;C:\Program Files\JetBrains\IntelliJ IDEA Community Edition 2020.2.3\bin;;C:\Users\shara\.dotnet\tools;C:\Program Files\JetBrains\IntelliJ IDEA 2022.3.3\bin;
USERNAME=shara
OS=Windows_NT
PROCESSOR_IDENTIFIER=Intel64 Family 6 Model 142 Stepping 12, GenuineIntel
TMP=C:\Users\shara\AppData\Local\Temp
TEMP=C:\Users\shara\AppData\Local\Temp




---------------  S Y S T E M  ---------------

OS:
 Windows 10 , 64 bit Build 19041 (10.0.19041.2788)
OS uptime: 51 days 22:13 hours

CPU: total 8 (initial active 8) (4 cores per cpu, 2 threads per core) family 6 model 142 stepping 12 microcode 0xc6, cx8, cmov, fxsr, ht, mmx, 3dnowpref, sse, sse2, sse3, ssse3, sse4.1, sse4.2, popcnt, lzcnt, tsc, tscinvbit, avx, avx2, aes, erms, clmul, bmi1, bmi2, adx, fma, vzeroupper, clflush, clflushopt, rdtscp, f16c

Memory: 4k page, system-wide physical 16254M (4769M free)
TotalPageFile size 32109M (AvailPageFile size 5443M)
current process WorkingSet (physical memory assigned to process): 186M, peak: 235M
current process commit charge ("private bytes"): 426M, peak: 476M

vm_info: OpenJDK 64-Bit Server VM (20.0.1+9-29) for windows-amd64 JRE (20.0.1+9-29), built on 2023-03-07T13:56:11Z by "mach5one" with MS VC++ 17.1 (VS2022)

END.
