#
# A fatal error has been detected by the Java Runtime Environment:
#
#  EXCEPTION_ACCESS_VIOLATION (0xc0000005) at pc=0x00007ff860f46ab7, pid=19192, tid=21528
#
# JRE version: OpenJDK Runtime Environment (20.0.1+9) (build 20.0.1+9-29)
# Java VM: OpenJDK 64-Bit Server VM (20.0.1+9-29, mixed mode, sharing, tiered, compressed oops, compressed class ptrs, g1 gc, windows-amd64)
# Problematic frame:
# C  [glass.dll+0x26ab7]
#
# No core dump will be written. Minidumps are not enabled by default on client versions of Windows
#
# If you would like to submit a bug report, please visit:
#   https://bugreport.java.com/bugreport/crash.jsp
#

---------------  S U M M A R Y ------------

Command Line: -javaagent:C:\Program Files\JetBrains\IntelliJ IDEA 2022.3.3\lib\idea_rt.jar=53365:C:\Program Files\JetBrains\IntelliJ IDEA 2022.3.3\bin -Dfile.encoding=UTF-8 -Dsun.stdout.encoding=UTF-8 -Dsun.stderr.encoding=UTF-8 --module-path=C:\Users\shara\.m2\repository\org\openjfx\javafx-base\17.0.2\javafx-base-17.0.2-win.jar;C:\Users\shara\.m2\repository\org\openjfx\javafx-fxml\17.0.2\javafx-fxml-17.0.2-win.jar;C:\Users\shara\.m2\repository\org\openjfx\javafx-controls\17.0.2\javafx-controls-17.0.2-win.jar;C:\Users\shara\.m2\repository\org\openjfx\javafx-graphics\17.0.2\javafx-graphics-17.0.2-win.jar;C:\Users\shara\IdeaProjects\Demo\target\classes -Djdk.module.main=sample.demo sample.demo/sample.demo.HelloApplication

Host: Intel(R) Core(TM) i7-8565U CPU @ 1.80GHz, 8 cores, 15G,  Windows 10 , 64 bit Build 19041 (10.0.19041.3031)
Time: Sun Jun 25 12:33:17 2023 Russia TZ 2 Standard Time elapsed time: 1138.216870 seconds (0d 0h 18m 58s)

---------------  T H R E A D  ---------------

Current thread (0x0000017fb3555e40):  VMThread "VM Thread" [stack: 0x0000004052600000,0x0000004052700000] [id=21528]

Stack: [0x0000004052600000,0x0000004052700000],  sp=0x00000040526fef00,  free space=1019k
Native frames: (J=compiled Java code, j=interpreted, Vv=VM code, C=native code)
C  [glass.dll+0x26ab7]


siginfo: EXCEPTION_ACCESS_VIOLATION (0xc0000005), reading address 0x0000000000000000


Registers:
RAX=0x0000000000000000, RBX=0x0000017fb355b878, RCX=0x0000017fb3555e40, RDX=0x00000040526fef00
RSP=0x00000040526fef00, RBP=0x0000017fb8ea8f38, RSI=0x0000017fb8ea8f10, RDI=0x0000ff49c7aa7c0b
R8 =0x0000000000010002, R9 =0x0000ff49c7aa7c0b, R10=0x0000000000008000, R11=0x00000040526fee90
R12=0x00007ff860f44384, R13=0x00007ff8463fea90, R14=0x00000040526feff8, R15=0x0000017fb8ea8f10
RIP=0x00007ff860f46ab7, EFLAGS=0x0000000000010202


Register to memory mapping:

RIP=0x00007ff860f46ab7 glass.dll
RAX=0x0 is NULL
RBX=0x0000017fb355b878 is a global jni handle
RCX=0x0000017fb3555e40 points into unknown readable memory: 0x00007ff846227080 | 80 70 22 46 f8 7f 00 00
RDX=0x00000040526fef00 points into unknown readable memory: 0x0000000000000000 | 00 00 00 00 00 00 00 00
RSP=0x00000040526fef00 points into unknown readable memory: 0x0000000000000000 | 00 00 00 00 00 00 00 00
RBP=0x0000017fb8ea8f38 points into unknown readable memory: 0x0000ff49c7aa7c0b | 0b 7c aa c7 49 ff 00 00
RSI=0x0000017fb8ea8f10 points into unknown readable memory: 0x03ff3c4e665e9c0b | 0b 9c 5e 66 4e 3c ff 03
RDI=0x0000ff49c7aa7c0b is an unknown value
R8 =0x0000000000010002 is an unknown value
R9 =0x0000ff49c7aa7c0b is an unknown value
R10=0x0000000000008000 is an unknown value
R11=0x00000040526fee90 points into unknown readable memory: 0x0000017fb8ea8f10 | 10 8f ea b8 7f 01 00 00
R12=0x00007ff860f44384 glass.dll
R13=0x00007ff8463fea90 jvm.dll
R14=0x00000040526feff8 points into unknown readable memory: 0x00000040526fefe0 | e0 ef 6f 52 40 00 00 00
R15=0x0000017fb8ea8f10 points into unknown readable memory: 0x03ff3c4e665e9c0b | 0b 9c 5e 66 4e 3c ff 03


Top of Stack: (sp=0x00000040526fef00)
0x00000040526fef00:   0000000000000000 0000017fb8ea8f10
0x00000040526fef10:   00007ff8463fea90 00007ff860f44384
0x00000040526fef20:   0000017fb8ea8f18 00007ff88ec142d6
0x00000040526fef30:   0000ff49c7aa7c0b 0000017f00000000
0x00000040526fef40:   0000017fb8ea8f38 0000017fb8ea8f10
0x00000040526fef50:   fffffffffffffffe 0000000000000000
0x00000040526fef60:   0000000000000001 00007ff860f20000
0x00000040526fef70:   00000040526fefe8 00007ff88ec141fb
0x00000040526fef80:   0000000000000000 00000040526feff8
0x00000040526fef90:   00000040526ff2c0 00007ff88ecf0e40
0x00000040526fefa0:   0000000000000001 00007ff88ec141b4
0x00000040526fefb0:   0000000000000000 0000000000000001
0x00000040526fefc0:   00007ff800000001 00000040526fefe8
0x00000040526fefd0:   0000000000000000 00007ff860f44211
0x00000040526fefe0:   00007ff860f5a138 00007ff800000002
0x00000040526feff0:   0000000000000002 00000040526fefe0
0x00000040526ff000:   0000000000000000 00007ff890e09993
0x00000040526ff010:   0000000000000000 00007ff860f44336
0x00000040526ff020:   0000000000000001 0000000000000000
0x00000040526ff030:   0000000000000000 0000000000000001
0x00000040526ff040:   0000000000000000 0000000000000000
0x00000040526ff050:   0000000000000001 00003ace33c6042f
0x00000040526ff060:   00007ff860f20000 000000007ffe0384
0x00000040526ff070:   0000000000000000 00007ff890e09a1d
0x00000040526ff080:   00007ff860f20000 0000000000000000
0x00000040526ff090:   0000000000000001 000000007ffe0385
0x00000040526ff0a0:   0000000002360fb8 00000040526ff2c0
0x00000040526ff0b0:   00003ace00000000 0000000000000014
0x00000040526ff0c0:   0000000000000000 00007ff860f44384
0x00000040526ff0d0:   00000000000003d8 0000017fb8eb3cb0
0x00000040526ff0e0:   0000017fb3548e00 00007ff890e4dd3c
0x00000040526ff0f0:   0000017fb8eb2270 00007ff860f20000 

Instructions: (pc=0x00007ff860f46ab7)
0x00007ff860f469b7:   8b 4d 58 e8 01 cf ff ff 48 8b 4d 60 e8 f8 ce ff
0x00007ff860f469c7:   ff 48 8b 95 80 00 00 00 48 8b 8d 18 01 00 00 e8
0x00007ff860f469d7:   c6 c3 ff ff 33 d2 33 c9 e8 3c e1 ff ff 90 48 89
0x00007ff860f469e7:   54 24 10 55 48 83 ec 20 48 8b ea 48 b8 00 00 00
0x00007ff860f469f7:   00 00 00 00 00 48 83 c4 20 5d c3 cc 40 55 48 8b
0x00007ff860f46a07:   ea 48 8b 01 33 c9 81 38 05 00 00 c0 0f 94 c1 8b
0x00007ff860f46a17:   c1 5d c3 cc 40 55 48 83 ec 20 48 8b ea 8a 4d 40
0x00007ff860f46a27:   48 83 c4 20 5d e9 f7 d2 ff ff cc 40 55 48 83 ec
0x00007ff860f46a37:   20 48 8b ea 8a 4d 20 e8 e5 d2 ff ff 90 48 83 c4
0x00007ff860f46a47:   20 5d c3 cc 40 55 48 83 ec 20 48 8b ea 48 83 c4
0x00007ff860f46a57:   20 5d e9 46 d1 ff ff cc 40 55 48 83 ec 30 48 8b
0x00007ff860f46a67:   ea 48 8b 01 8b 10 48 89 4c 24 28 89 54 24 20 4c
0x00007ff860f46a77:   8d 0d e7 d5 ff ff 4c 8b 45 70 8b 55 68 48 8b 4d
0x00007ff860f46a87:   60 e8 87 d0 ff ff 90 48 83 c4 30 5d c3 cc cc cc
0x00007ff860f46a97:   cc cc cc cc cc cc cc cc cc 40 53 48 83 ec 20 48
0x00007ff860f46aa7:   8b 1d 83 30 01 00 48 85 db 74 16 e8 09 8b ff ff
0x00007ff860f46ab7:   4c 8b 00 48 8b d3 48 8b c8 41 ff 90 b0 00 00 00
0x00007ff860f46ac7:   90 48 83 c4 20 5b c3 cc cc 40 53 48 83 ec 20 48
0x00007ff860f46ad7:   8b 1d fb 31 01 00 48 85 db 74 57 b8 ff ff ff ff
0x00007ff860f46ae7:   f0 0f c1 43 10 83 f8 01 75 3d 48 85 db 74 38 48
0x00007ff860f46af7:   8b 0b 48 85 c9 74 0d ff 15 a4 07 00 00 48 c7 03
0x00007ff860f46b07:   00 00 00 00 48 8b 4b 08 48 85 c9 74 0d e8 a7 cd
0x00007ff860f46b17:   ff ff 48 c7 43 08 00 00 00 00 ba 18 00 00 00 48
0x00007ff860f46b27:   8b cb e8 92 cd ff ff 48 c7 05 9f 31 01 00 00 00
0x00007ff860f46b37:   00 00 48 83 c4 20 5b c3 cc 40 53 48 83 ec 20 48
0x00007ff860f46b47:   8b 1d 6b 31 01 00 48 85 db 74 57 b8 ff ff ff ff
0x00007ff860f46b57:   f0 0f c1 43 10 83 f8 01 75 3d 48 85 db 74 38 48
0x00007ff860f46b67:   8b 0b 48 85 c9 74 0d ff 15 34 07 00 00 48 c7 03
0x00007ff860f46b77:   00 00 00 00 48 8b 4b 08 48 85 c9 74 0d e8 37 cd
0x00007ff860f46b87:   ff ff 48 c7 43 08 00 00 00 00 ba 18 00 00 00 48
0x00007ff860f46b97:   8b cb e8 22 cd ff ff 48 c7 05 0f 31 01 00 00 00
0x00007ff860f46ba7:   00 00 48 83 c4 20 5b c3 cc 40 53 48 83 ec 20 48 


Stack slot to memory mapping:
stack at sp + 0 slots: 0x0 is NULL
stack at sp + 1 slots: 0x0000017fb8ea8f10 points into unknown readable memory: 0x03ff3c4e665e9c0b | 0b 9c 5e 66 4e 3c ff 03
stack at sp + 2 slots: 0x00007ff8463fea90 jvm.dll
stack at sp + 3 slots: 0x00007ff860f44384 glass.dll
stack at sp + 4 slots: 0x0000017fb8ea8f18 points into unknown readable memory: 0x0000ff49c7aa7c0b | 0b 7c aa c7 49 ff 00 00
stack at sp + 5 slots: 0x00007ff88ec142d6 ucrtbase.dll
stack at sp + 6 slots: 0x0000ff49c7aa7c0b is an unknown value
stack at sp + 7 slots: 0x0000017f00000000 is an unknown value

VM_Operation (0x0000004053afeea0): Exit, mode: safepoint, requested by thread 0x0000017fb9269830


---------------  P R O C E S S  ---------------

Threads class SMR info:
_java_thread_list=0x0000017fb82bb9d0, length=21, elements={
0x0000017f94009aa0, 0x0000017fb3576920, 0x0000017fb35778c0, 0x0000017fb3578bc0,
0x0000017fb357b8c0, 0x0000017fb357e310, 0x0000017fb357f000, 0x0000017fb3584790,
0x0000017fb358d120, 0x0000017fb353e100, 0x0000017fb7c876d0, 0x0000017fb7b9e080,
0x0000017fb894c750, 0x0000017fb8ea9440, 0x0000017fb894b110, 0x0000017fb8984590,
0x0000017fb837cec0, 0x0000017fb9267850, 0x0000017fb9268840, 0x0000017fb92692e0,
0x0000017fb9269830
}

Java Threads: ( => current thread )
  0x0000017f94009aa0 JavaThread "main" [_thread_blocked, id=9512, stack(0x0000004052000000,0x0000004052100000)]
  0x0000017fb3576920 JavaThread "Reference Handler" daemon [_thread_blocked, id=5312, stack(0x0000004052700000,0x0000004052800000)]
  0x0000017fb35778c0 JavaThread "Finalizer" daemon [_thread_blocked, id=16616, stack(0x0000004052800000,0x0000004052900000)]
  0x0000017fb3578bc0 JavaThread "Signal Dispatcher" daemon [_thread_blocked, id=16400, stack(0x0000004052900000,0x0000004052a00000)]
  0x0000017fb357b8c0 JavaThread "Attach Listener" daemon [_thread_blocked, id=21708, stack(0x0000004052a00000,0x0000004052b00000)]
  0x0000017fb357e310 JavaThread "Service Thread" daemon [_thread_blocked, id=17876, stack(0x0000004052b00000,0x0000004052c00000)]
  0x0000017fb357f000 JavaThread "Monitor Deflation Thread" daemon [_thread_blocked, id=18452, stack(0x0000004052c00000,0x0000004052d00000)]
  0x0000017fb3584790 JavaThread "C2 CompilerThread0" daemon [_thread_blocked, id=2008, stack(0x0000004052d00000,0x0000004052e00000)]
  0x0000017fb358d120 JavaThread "C1 CompilerThread0" daemon [_thread_blocked, id=15788, stack(0x0000004052e00000,0x0000004052f00000)]
  0x0000017fb353e100 JavaThread "Common-Cleaner" daemon [_thread_blocked, id=9600, stack(0x0000004052f00000,0x0000004053000000)]
  0x0000017fb7c876d0 JavaThread "Monitor Ctrl-Break" daemon [_thread_in_native, id=600, stack(0x0000004053200000,0x0000004053300000)]
  0x0000017fb7b9e080 JavaThread "Notification Thread" daemon [_thread_blocked, id=11868, stack(0x0000004053300000,0x0000004053400000)]
  0x0000017fb894c750 JavaThread "QuantumRenderer-0" daemon [_thread_blocked, id=19744, stack(0x0000004053500000,0x0000004053600000)]
  0x0000017fb8ea9440 JavaThread "InvokeLaterDispatcher" daemon [_thread_blocked, id=8712, stack(0x0000004053600000,0x0000004053700000)]
  0x0000017fb894b110 JavaThread "JavaFX Application Thread" [_thread_in_native, id=21096, stack(0x0000004053700000,0x0000004053800000)]
  0x0000017fb8984590 JavaThread "Thread-1" daemon [_thread_in_native, id=7936, stack(0x0000004053000000,0x0000004053100000)]
  0x0000017fb837cec0 JavaThread "JavaFX-Launcher" [_thread_blocked, id=23028, stack(0x0000004053100000,0x0000004053200000)]
  0x0000017fb9267850 JavaThread "Prism Font Disposer" daemon [_thread_blocked, id=4616, stack(0x0000004054500000,0x0000004054600000)]
  0x0000017fb9268840 JavaThread "Cleaner-0" daemon [_thread_blocked, id=20040, stack(0x0000004054600000,0x0000004054700000)]
  0x0000017fb92692e0 JavaThread "mysql-cj-abandoned-connection-cleanup" daemon [_thread_blocked, id=728, stack(0x0000004054a00000,0x0000004054b00000)]
  0x0000017fb9269830 JavaThread "SIGINT handler" daemon [_thread_blocked, id=6784, stack(0x0000004053a00000,0x0000004053b00000)]

Other Threads:
=>0x0000017fb3555e40 VMThread "VM Thread" [stack: 0x0000004052600000,0x0000004052700000] [id=21528]
  0x0000017f9407ac80 WorkerThread "GC Thread#0" [stack: 0x0000004052100000,0x0000004052200000] [id=17092]
  0x0000017fb8ef7270 WorkerThread "GC Thread#1" [stack: 0x0000004053b00000,0x0000004053c00000] [id=15384]
  0x0000017fb8998990 WorkerThread "GC Thread#2" [stack: 0x0000004053c00000,0x0000004053d00000] [id=21364]
  0x0000017fb8ee7f30 WorkerThread "GC Thread#3" [stack: 0x0000004053d00000,0x0000004053e00000] [id=16628]
  0x0000017fb898fd50 WorkerThread "GC Thread#4" [stack: 0x0000004053e00000,0x0000004053f00000] [id=3576]
  0x0000017fb8700d60 WorkerThread "GC Thread#5" [stack: 0x0000004053f00000,0x0000004054000000] [id=7112]
  0x0000017fb87015d0 WorkerThread "GC Thread#6" [stack: 0x0000004054b00000,0x0000004054c00000] [id=18400]
  0x0000017fb8700a90 WorkerThread "GC Thread#7" [stack: 0x0000004054c00000,0x0000004054d00000] [id=22728]
  0x0000017f9408c340 ConcurrentGCThread "G1 Main Marker" terminated
  0x0000017f9408dd20 WorkerThread "G1 Conc#0" [stack: 0x0000004052300000,0x0000004052400000] [id=12376]
  0x0000017fb87018a0 WorkerThread "G1 Conc#1" [stack: 0x0000004054d00000,0x0000004054e00000] [id=21176]
  0x0000017f940de680 ConcurrentGCThread "G1 Refine#0" terminated
  0x0000017fb34116a0 ConcurrentGCThread "G1 Service" terminated

Threads with active compile tasks:

VM state: at safepoint (shutting down)

VM Mutex/Monitor currently owned by a thread:  ([mutex/lock_event])
[0x0000017f94004b20] Threads_lock - owner thread: 0x0000017fb3555e40
[0x0000017f94006860] Heap_lock - owner thread: 0x0000017fb9269830

Heap address: 0x0000000702000000, size: 4064 MB, Compressed Oops mode: Zero based, Oop shift amount: 3

CDS archive(s) mapped at: [0x0000000800000000-0x0000000800c60000-0x0000000800c60000), size 12976128, SharedBaseAddress: 0x0000000800000000, ArchiveRelocationMode: 0.
Compressed class space mapped at: 0x0000000801000000-0x0000000841000000, reserved size: 1073741824
Narrow klass base: 0x0000000800000000, Narrow klass shift: 0, Narrow klass range: 0x100000000

GC Precious Log:
 CardTable entry size: 512
 Card Set container configuration: InlinePtr #cards 4 size 8 Array Of Cards #cards 16 size 48 Howl #buckets 8 coarsen threshold 3686 Howl Bitmap #cards 512 size 80 coarsen threshold 460 Card regions per heap region 1 cards per card region 4096
 CPUs: 8 total, 8 available
 Memory: 16254M
 Large Page Support: Disabled
 NUMA Support: Disabled
 Compressed Oops: Enabled (Zero based)
 Heap Region Size: 2M
 Heap Min Capacity: 8M
 Heap Initial Capacity: 254M
 Heap Max Capacity: 4064M
 Pre-touch: Disabled
 Parallel Workers: 8
 Concurrent Workers: 2
 Concurrent Refinement Workers: 8
 Periodic GC: Disabled

Heap:
 garbage-first heap   total 55296K, used 37234K [0x0000000702000000, 0x0000000800000000)
  region size 2048K, 12 young (24576K), 2 survivors (4096K)
 Metaspace       used 26699K, committed 27136K, reserved 1114112K
  class space    used 3456K, committed 3648K, reserved 1048576K

Heap Regions: E=young(eden), S=young(survivor), O=old, HS=humongous(starts), HC=humongous(continues), CS=collection set, F=free, OA=open archive, CA=closed archive, TAMS=top-at-mark-start, PB=parsable bottom
|   0|0x0000000702000000, 0x0000000702200000, 0x0000000702200000|100%|HS|  |TAMS 0x0000000702000000| PB 0x0000000702000000| Complete 
|   1|0x0000000702200000, 0x00000007023ff600, 0x0000000702400000| 99%| O|  |TAMS 0x0000000702200000| PB 0x0000000702200000| Untracked 
|   2|0x0000000702400000, 0x0000000702600000, 0x0000000702600000|100%| O|  |TAMS 0x0000000702400000| PB 0x0000000702400000| Untracked 
|   3|0x0000000702600000, 0x0000000702800000, 0x0000000702800000|100%| O|  |TAMS 0x0000000702600000| PB 0x0000000702600000| Untracked 
|   4|0x0000000702800000, 0x0000000702a00000, 0x0000000702a00000|100%| O|  |TAMS 0x0000000702800000| PB 0x0000000702800000| Untracked 
|   5|0x0000000702a00000, 0x0000000702c00000, 0x0000000702c00000|100%| O|  |TAMS 0x0000000702a00000| PB 0x0000000702a00000| Untracked 
|   6|0x0000000702c00000, 0x0000000702c5d400, 0x0000000702e00000| 18%| O|  |TAMS 0x0000000702c00000| PB 0x0000000702c00000| Untracked 
|   7|0x0000000702e00000, 0x0000000703000000, 0x0000000703000000|100%|HS|  |TAMS 0x0000000702e00000| PB 0x0000000702e00000| Complete 
|   8|0x0000000703000000, 0x0000000703000000, 0x0000000703200000|  0%| F|  |TAMS 0x0000000703000000| PB 0x0000000703000000| Untracked 
|   9|0x0000000703200000, 0x0000000703400000, 0x0000000703400000|100%| S|CS|TAMS 0x0000000703200000| PB 0x0000000703200000| Complete 
|  10|0x0000000703400000, 0x0000000703600000, 0x0000000703600000|100%| S|CS|TAMS 0x0000000703400000| PB 0x0000000703400000| Complete 
|  11|0x0000000703600000, 0x0000000703600000, 0x0000000703800000|  0%| F|  |TAMS 0x0000000703600000| PB 0x0000000703600000| Untracked 
|  12|0x0000000703800000, 0x0000000703800000, 0x0000000703a00000|  0%| F|  |TAMS 0x0000000703800000| PB 0x0000000703800000| Untracked 
|  13|0x0000000703a00000, 0x0000000703a00000, 0x0000000703c00000|  0%| F|  |TAMS 0x0000000703a00000| PB 0x0000000703a00000| Untracked 
|  14|0x0000000703c00000, 0x0000000703c00000, 0x0000000703e00000|  0%| F|  |TAMS 0x0000000703c00000| PB 0x0000000703c00000| Untracked 
|  15|0x0000000703e00000, 0x0000000703e00000, 0x0000000704000000|  0%| F|  |TAMS 0x0000000703e00000| PB 0x0000000703e00000| Untracked 
|  16|0x0000000704000000, 0x0000000704000000, 0x0000000704200000|  0%| F|  |TAMS 0x0000000704000000| PB 0x0000000704000000| Untracked 
|  17|0x0000000704200000, 0x00000007042297a0, 0x0000000704400000|  8%| E|  |TAMS 0x0000000704200000| PB 0x0000000704200000| Complete 
|  18|0x0000000704400000, 0x0000000704600000, 0x0000000704600000|100%| E|CS|TAMS 0x0000000704400000| PB 0x0000000704400000| Complete 
|  19|0x0000000704600000, 0x0000000704800000, 0x0000000704800000|100%| E|CS|TAMS 0x0000000704600000| PB 0x0000000704600000| Complete 
|  20|0x0000000704800000, 0x0000000704a00000, 0x0000000704a00000|100%| E|CS|TAMS 0x0000000704800000| PB 0x0000000704800000| Complete 
| 117|0x0000000710a00000, 0x0000000710c00000, 0x0000000710c00000|100%| E|CS|TAMS 0x0000000710a00000| PB 0x0000000710a00000| Complete 
| 118|0x0000000710c00000, 0x0000000710e00000, 0x0000000710e00000|100%| E|CS|TAMS 0x0000000710c00000| PB 0x0000000710c00000| Complete 
| 119|0x0000000710e00000, 0x0000000711000000, 0x0000000711000000|100%| E|CS|TAMS 0x0000000710e00000| PB 0x0000000710e00000| Complete 
| 120|0x0000000711000000, 0x0000000711200000, 0x0000000711200000|100%| E|CS|TAMS 0x0000000711000000| PB 0x0000000711000000| Complete 
| 121|0x0000000711200000, 0x0000000711400000, 0x0000000711400000|100%| E|CS|TAMS 0x0000000711200000| PB 0x0000000711200000| Complete 
| 126|0x0000000711c00000, 0x0000000711e00000, 0x0000000711e00000|100%| E|CS|TAMS 0x0000000711c00000| PB 0x0000000711c00000| Complete 

Card table byte_map: [0x0000017fabbf0000,0x0000017fac3e0000] _byte_map_base: 0x0000017fa83e0000

Marking Bits: (CMBitMap*) 0x0000017f9407b2b0
 Bits: [0x0000017facbd0000, 0x0000017fb0b50000)

Polling page: 0x0000017f91fb0000

Metaspace:

Usage:
  Non-class:     22.70 MB used.
      Class:      3.38 MB used.
       Both:     26.07 MB used.

Virtual space:
  Non-class space:       64.00 MB reserved,      22.94 MB ( 36%) committed,  1 nodes.
      Class space:        1.00 GB reserved,       3.56 MB ( <1%) committed,  1 nodes.
             Both:        1.06 GB reserved,      26.50 MB (  2%) committed. 

Chunk freelists:
   Non-Class:  976.00 KB
       Class:  416.00 KB
        Both:  1.36 MB

MaxMetaspaceSize: unlimited
CompressedClassSpaceSize: 1.00 GB
Initial GC threshold: 21.00 MB
Current GC threshold: 35.25 MB
CDS: on
MetaspaceReclaimPolicy: balanced
 - commit_granule_bytes: 65536.
 - commit_granule_words: 8192.
 - virtual_space_node_default_size: 8388608.
 - enlarge_chunks_in_place: 1.
 - new_chunks_are_fully_committed: 0.
 - uncommit_free_chunks: 1.
 - use_allocation_guard: 0.


Internal statistics:

num_allocs_failed_limit: 3.
num_arena_births: 432.
num_arena_deaths: 0.
num_vsnodes_births: 2.
num_vsnodes_deaths: 0.
num_space_committed: 424.
num_space_uncommitted: 0.
num_chunks_returned_to_freelist: 3.
num_chunks_taken_from_freelist: 1204.
num_chunk_merges: 0.
num_chunk_splits: 826.
num_chunks_enlarged: 607.
num_inconsistent_stats: 0.

CodeHeap 'non-profiled nmethods': size=120000Kb used=2474Kb max_used=2474Kb free=117525Kb
 bounds [0x0000017fa3ba0000, 0x0000017fa3e10000, 0x0000017fab0d0000]
CodeHeap 'profiled nmethods': size=120000Kb used=10549Kb max_used=10549Kb free=109450Kb
 bounds [0x0000017f9c0d0000, 0x0000017f9cb20000, 0x0000017fa3600000]
CodeHeap 'non-nmethods': size=5760Kb used=1982Kb max_used=2054Kb free=3777Kb
 bounds [0x0000017fa3600000, 0x0000017fa3870000, 0x0000017fa3ba0000]
 total_blobs=6026 nmethods=5115 adapters=819
 compilation: enabled
              stopped_count=0, restarted_count=0
 full_count=0

Compilation events (20 events):
Event: 1023.593 Thread 0x0000017fb358d120 5108       3       jdk.internal.loader.URLClassPath::findResource (38 bytes)
Event: 1023.594 Thread 0x0000017fb358d120 nmethod 5108 0x0000017f9cb1af10 code [0x0000017f9cb1b0c0, 0x0000017f9cb1b408]
Event: 1078.610 Thread 0x0000017fb358d120 5109       3       java.util.concurrent.TimeUnit::toNanos (45 bytes)
Event: 1078.610 Thread 0x0000017fb358d120 nmethod 5109 0x0000017f9cb1b590 code [0x0000017f9cb1b740, 0x0000017f9cb1b9b8]
Event: 1083.611 Thread 0x0000017fb358d120 5111       3       java.util.concurrent.locks.AbstractQueuedSynchronizer$ConditionObject::await (207 bytes)
Event: 1083.613 Thread 0x0000017fb358d120 nmethod 5111 0x0000017f9cb1ba90 code [0x0000017f9cb1bd60, 0x0000017f9cb1cc80]
Event: 1083.613 Thread 0x0000017fb358d120 5110       3       java.lang.ref.ReferenceQueue::await (15 bytes)
Event: 1083.613 Thread 0x0000017fb358d120 nmethod 5110 0x0000017f9cb1d290 code [0x0000017f9cb1d420, 0x0000017f9cb1d5c0]
Event: 1108.615 Thread 0x0000017fb3584790 5112   !   4       java.util.zip.ZipFile::getEntry (59 bytes)
Event: 1108.638 Thread 0x0000017fb3584790 nmethod 5112 0x0000017fa3e06e10 code [0x0000017fa3e07000, 0x0000017fa3e080a0]
Event: 1113.617 Thread 0x0000017fb3584790 5113       4       java.util.jar.JarFile::getEntry (35 bytes)
Event: 1113.622 Thread 0x0000017fb3584790 nmethod 5113 0x0000017fa3e08c90 code [0x0000017fa3e08e60, 0x0000017fa3e09470]
Event: 1132.313 Thread 0x0000017fb3584790 5114       4       com.sun.javafx.event.CompositeEventHandler::find (44 bytes)
Event: 1132.314 Thread 0x0000017fb3584790 nmethod 5114 0x0000017fa3e09790 code [0x0000017fa3e09900, 0x0000017fa3e09a38]
Event: 1135.937 Thread 0x0000017fb3584790 5115       4       javafx.scene.Scene$ClickCounter::moved (52 bytes)
Event: 1135.940 Thread 0x0000017fb3584790 nmethod 5115 0x0000017fa3e09b90 code [0x0000017fa3e09d60, 0x0000017fa3e09fa0]
Event: 1136.018 Thread 0x0000017fb3584790 5116       4       com.sun.javafx.event.CompositeEventDispatcher::dispatchBubblingEvent (35 bytes)
Event: 1136.020 Thread 0x0000017fb3584790 nmethod 5116 0x0000017fa3e0a190 code [0x0000017fa3e0a300, 0x0000017fa3e0a408]
Event: 1137.873 Thread 0x0000017fb358d120 5117       1       java.util.logging.LogManager$LoggerContext::getOwner (5 bytes)
Event: 1137.873 Thread 0x0000017fb358d120 nmethod 5117 0x0000017fa3e0a590 code [0x0000017fa3e0a700, 0x0000017fa3e0a7d0]

GC Heap History (8 events):
Event: 0.784 GC heap before
{Heap before GC invocations=0 (full 0):
 garbage-first heap   total 260096K, used 20480K [0x0000000702000000, 0x0000000800000000)
  region size 2048K, 11 young (22528K), 0 survivors (0K)
 Metaspace       used 5124K, committed 5376K, reserved 1114112K
  class space    used 593K, committed 704K, reserved 1048576K
}
Event: 0.788 GC heap after
{Heap after GC invocations=1 (full 0):
 garbage-first heap   total 260096K, used 2914K [0x0000000702000000, 0x0000000800000000)
  region size 2048K, 2 young (4096K), 2 survivors (4096K)
 Metaspace       used 5124K, committed 5376K, reserved 1114112K
  class space    used 593K, committed 704K, reserved 1048576K
}
Event: 17.382 GC heap before
{Heap before GC invocations=1 (full 0):
 garbage-first heap   total 260096K, used 41826K [0x0000000702000000, 0x0000000800000000)
  region size 2048K, 20 young (40960K), 2 survivors (4096K)
 Metaspace       used 15465K, committed 15936K, reserved 1114112K
  class space    used 2007K, committed 2240K, reserved 1048576K
}
Event: 17.390 GC heap after
{Heap after GC invocations=2 (full 0):
 garbage-first heap   total 260096K, used 10237K [0x0000000702000000, 0x0000000800000000)
  region size 2048K, 3 young (6144K), 3 survivors (6144K)
 Metaspace       used 15465K, committed 15936K, reserved 1114112K
  class space    used 2007K, committed 2240K, reserved 1048576K
}
Event: 17.757 GC heap before
{Heap before GC invocations=2 (full 0):
 garbage-first heap   total 260096K, used 18429K [0x0000000702000000, 0x0000000800000000)
  region size 2048K, 8 young (16384K), 3 survivors (6144K)
 Metaspace       used 21158K, committed 21504K, reserved 1114112K
  class space    used 2653K, committed 2816K, reserved 1048576K
}
Event: 17.764 GC heap after
{Heap after GC invocations=3 (full 0):
 garbage-first heap   total 260096K, used 12544K [0x0000000702000000, 0x0000000800000000)
  region size 2048K, 5 young (10240K), 5 survivors (10240K)
 Metaspace       used 21158K, committed 21504K, reserved 1114112K
  class space    used 2653K, committed 2816K, reserved 1048576K
}
Event: 18.354 GC heap before
{Heap before GC invocations=4 (full 0):
 garbage-first heap   total 55296K, used 35072K [0x0000000702000000, 0x0000000800000000)
  region size 2048K, 16 young (32768K), 5 survivors (10240K)
 Metaspace       used 25528K, committed 25984K, reserved 1114112K
  class space    used 3385K, committed 3584K, reserved 1048576K
}
Event: 18.367 GC heap after
{Heap after GC invocations=5 (full 0):
 garbage-first heap   total 55296K, used 16754K [0x0000000702000000, 0x0000000800000000)
  region size 2048K, 2 young (4096K), 2 survivors (4096K)
 Metaspace       used 25528K, committed 25984K, reserved 1114112K
  class space    used 3385K, committed 3584K, reserved 1048576K
}

Dll operation events (20 events):
Event: 0.489 Loaded shared library C:\Users\shara\.openjfx\cache\17.0.2-ea\api-ms-win-crt-heap-l1-1-0.dll
Event: 0.493 Loaded shared library C:\Users\shara\.openjfx\cache\17.0.2-ea\api-ms-win-crt-locale-l1-1-0.dll
Event: 0.496 Loaded shared library C:\Users\shara\.openjfx\cache\17.0.2-ea\api-ms-win-crt-math-l1-1-0.dll
Event: 0.499 Loaded shared library C:\Users\shara\.openjfx\cache\17.0.2-ea\api-ms-win-crt-multibyte-l1-1-0.dll
Event: 0.503 Loaded shared library C:\Users\shara\.openjfx\cache\17.0.2-ea\api-ms-win-crt-private-l1-1-0.dll
Event: 0.509 Loaded shared library C:\Users\shara\.openjfx\cache\17.0.2-ea\api-ms-win-crt-process-l1-1-0.dll
Event: 0.514 Loaded shared library C:\Users\shara\.openjfx\cache\17.0.2-ea\api-ms-win-crt-runtime-l1-1-0.dll
Event: 0.518 Loaded shared library C:\Users\shara\.openjfx\cache\17.0.2-ea\api-ms-win-crt-stdio-l1-1-0.dll
Event: 0.523 Loaded shared library C:\Users\shara\.openjfx\cache\17.0.2-ea\api-ms-win-crt-string-l1-1-0.dll
Event: 0.527 Loaded shared library C:\Users\shara\.openjfx\cache\17.0.2-ea\api-ms-win-crt-time-l1-1-0.dll
Event: 0.530 Loaded shared library C:\Users\shara\.openjfx\cache\17.0.2-ea\api-ms-win-crt-utility-l1-1-0.dll
Event: 0.548 Loaded shared library C:\Users\shara\.openjfx\cache\17.0.2-ea\ucrtbase.dll
Event: 0.553 Loaded shared library C:\Users\shara\.openjfx\cache\17.0.2-ea\vcruntime140.dll
Event: 0.558 Loaded shared library C:\Users\shara\.openjfx\cache\17.0.2-ea\vcruntime140_1.dll
Event: 0.568 Loaded shared library C:\Users\shara\.openjfx\cache\17.0.2-ea\msvcp140.dll
Event: 0.613 Loaded shared library C:\Users\shara\.openjfx\cache\17.0.2-ea\prism_d3d.dll
Event: 0.663 Loaded shared library C:\Users\shara\.openjfx\cache\17.0.2-ea\glass.dll
Event: 0.778 Loaded shared library C:\Users\shara\.jdks\openjdk-20.0.1\bin\jimage.dll
Event: 0.933 Loaded shared library C:\Users\shara\.openjfx\cache\17.0.2-ea\javafx_font.dll
Event: 17.706 Loaded shared library C:\Users\shara\.jdks\openjdk-20.0.1\bin\sunmscapi.dll

Deoptimization events (20 events):
Event: 98.693 Thread 0x0000017fb894b110 Uncommon trap: trap_request=0xffffffbe fr.pc=0x0000017fa3dc261c relative=0x0000000000001ddc
Event: 98.693 Thread 0x0000017fb894b110 Uncommon trap: reason=profile_predicate action=maybe_recompile pc=0x0000017fa3dc261c method=javafx.scene.CssStyleHelper.transitionToState(Ljavafx/scene/Node;)V @ 287 c2
Event: 98.693 Thread 0x0000017fb894b110 DEOPT PACKING pc=0x0000017fa3dc261c sp=0x00000040537f8d70
Event: 98.693 Thread 0x0000017fb894b110 DEOPT UNPACKING pc=0x0000017fa3669d22 sp=0x00000040537f8cf8 mode 2
Event: 98.695 Thread 0x0000017fb894b110 Uncommon trap: trap_request=0xffffffbe fr.pc=0x0000017fa3dc261c relative=0x0000000000001ddc
Event: 98.695 Thread 0x0000017fb894b110 Uncommon trap: reason=profile_predicate action=maybe_recompile pc=0x0000017fa3dc261c method=javafx.scene.CssStyleHelper.transitionToState(Ljavafx/scene/Node;)V @ 287 c2
Event: 98.695 Thread 0x0000017fb894b110 DEOPT PACKING pc=0x0000017fa3dc261c sp=0x00000040537f8d70
Event: 98.695 Thread 0x0000017fb894b110 DEOPT UNPACKING pc=0x0000017fa3669d22 sp=0x00000040537f8cf8 mode 2
Event: 99.771 Thread 0x0000017fb894b110 Uncommon trap: trap_request=0xffffff45 fr.pc=0x0000017fa3c951dc relative=0x000000000000029c
Event: 99.771 Thread 0x0000017fb894b110 Uncommon trap: reason=unstable_if action=reinterpret pc=0x0000017fa3c951dc method=com.sun.javafx.event.EventHandlerManager.dispatchCapturingEvent(Ljavafx/event/EventType;Ljavafx/event/Event;)Ljavafx/event/Event; @ 22 c2
Event: 99.771 Thread 0x0000017fb894b110 DEOPT PACKING pc=0x0000017fa3c951dc sp=0x00000040537f96d0
Event: 99.772 Thread 0x0000017fb894b110 DEOPT UNPACKING pc=0x0000017fa3669d22 sp=0x00000040537f9670 mode 2
Event: 101.042 Thread 0x0000017fb894b110 Uncommon trap: trap_request=0xffffffe4 fr.pc=0x0000017fa3c93e30 relative=0x00000000000000b0
Event: 101.042 Thread 0x0000017fb894b110 Uncommon trap: reason=range_check action=make_not_entrant pc=0x0000017fa3c93e30 method=java.util.Objects.checkIndex(II)I @ 3 c2
Event: 101.042 Thread 0x0000017fb894b110 DEOPT PACKING pc=0x0000017fa3c93e30 sp=0x00000040537f9300
Event: 101.042 Thread 0x0000017fb894b110 DEOPT UNPACKING pc=0x0000017fa3669d22 sp=0x00000040537f91c0 mode 2
Event: 107.275 Thread 0x0000017fb894b110 Uncommon trap: trap_request=0xffffff45 fr.pc=0x0000017fa3db5400 relative=0x0000000000000f20
Event: 107.275 Thread 0x0000017fb894b110 Uncommon trap: reason=unstable_if action=reinterpret pc=0x0000017fa3db5400 method=javafx.scene.Node.intersectsBounds(Lcom/sun/javafx/geom/PickRay;)D @ 902 c2
Event: 107.275 Thread 0x0000017fb894b110 DEOPT PACKING pc=0x0000017fa3db5400 sp=0x00000040537f9200
Event: 107.275 Thread 0x0000017fb894b110 DEOPT UNPACKING pc=0x0000017fa3669d22 sp=0x00000040537f90d8 mode 2

Classes loaded (20 events):
Event: 18.297 Loading class sun/util/locale/provider/BreakIteratorProviderImpl$GraphemeBreakIterator
Event: 18.298 Loading class sun/util/locale/provider/BreakIteratorProviderImpl$GraphemeBreakIterator done
Event: 18.298 Loading class java/text/StringCharacterIterator
Event: 18.298 Loading class java/text/StringCharacterIterator done
Event: 18.298 Loading class sun/util/locale/provider/BreakIteratorProviderImpl$CharacterIteratorCharSequence
Event: 18.298 Loading class sun/util/locale/provider/BreakIteratorProviderImpl$CharacterIteratorCharSequence done
Event: 18.298 Loading class java/text/BreakIterator$BreakIteratorCache
Event: 18.298 Loading class java/text/BreakIterator$BreakIteratorCache done
Event: 18.367 Loading class sun/security/ssl/Alert
Event: 18.368 Loading class sun/security/ssl/Alert done
Event: 18.368 Loading class sun/security/ssl/Alert$AlertConsumer
Event: 18.368 Loading class sun/security/ssl/Alert$AlertConsumer done
Event: 18.368 Loading class sun/security/ssl/Alert$Level
Event: 18.368 Loading class sun/security/ssl/Alert$Level done
Event: 101.043 Loading class java/lang/Throwable$WrappedPrintStream
Event: 101.043 Loading class java/lang/Throwable$PrintStreamOrWriter
Event: 101.043 Loading class java/lang/Throwable$PrintStreamOrWriter done
Event: 101.043 Loading class java/lang/Throwable$WrappedPrintStream done
Event: 1137.871 Loading class jdk/internal/misc/Signal$1
Event: 1137.871 Loading class jdk/internal/misc/Signal$1 done

Classes unloaded (0 events):
No events

Classes redefined (0 events):
No events

Internal exceptions (20 events):
Event: 17.396 Thread 0x0000017fb894b110 Exception <a 'sun/nio/fs/WindowsException'{0x0000000711c97fd0}> (0x0000000711c97fd0) 
thrown [s\open\src\hotspot\share\prims\jni.cpp, line 519]
Event: 17.397 Thread 0x0000017fb894b110 Exception <a 'sun/nio/fs/WindowsException'{0x0000000711c9a630}> (0x0000000711c9a630) 
thrown [s\open\src\hotspot\share\prims\jni.cpp, line 519]
Event: 17.403 Thread 0x0000017fb894b110 Exception <a 'java/lang/NoSuchMethodError'{0x0000000711ca95f8}: 'java.lang.Object java.lang.invoke.DirectMethodHandle$Holder.invokeVirtual(java.lang.Object, java.lang.Object, java.lang.Object)'> (0x0000000711ca95f8) 
thrown [s\open\src\hotspot\share\interpreter\linkResolver.cpp, line 773]
Event: 17.462 Thread 0x0000017fb894b110 Exception <a 'sun/nio/fs/WindowsException'{0x0000000711b9c550}> (0x0000000711b9c550) 
thrown [s\open\src\hotspot\share\prims\jni.cpp, line 519]
Event: 17.556 Thread 0x0000017fb894b110 Exception <a 'sun/nio/fs/WindowsException'{0x00000007119df330}> (0x00000007119df330) 
thrown [s\open\src\hotspot\share\prims\jni.cpp, line 519]
Event: 17.591 Thread 0x0000017fb894b110 Exception <a 'sun/nio/fs/WindowsException'{0x00000007116cade8}> (0x00000007116cade8) 
thrown [s\open\src\hotspot\share\prims\jni.cpp, line 519]
Event: 17.597 Thread 0x0000017fb894b110 Exception <a 'sun/nio/fs/WindowsException'{0x00000007116df908}> (0x00000007116df908) 
thrown [s\open\src\hotspot\share\prims\jni.cpp, line 519]
Event: 17.624 Thread 0x0000017fb894b110 Exception <a 'java/lang/NoSuchMethodError'{0x0000000711779c28}: 'java.lang.Object java.lang.invoke.DirectMethodHandle$Holder.invokeStaticInit(java.lang.Object, int, int, int, int)'> (0x0000000711779c28) 
thrown [s\open\src\hotspot\share\interpreter\linkResolver.cpp, line 773]
Event: 17.687 Thread 0x0000017fb894b110 Exception <a 'java/lang/NoSuchMethodError'{0x0000000711436318}: 'java.lang.Object java.lang.invoke.DirectMethodHandle$Holder.invokeStaticInit(java.lang.Object, java.lang.Object, int, int, int, int)'> (0x0000000711436318) 
thrown [s\open\src\hotspot\share\interpreter\linkResolver.cpp, line 773]
Event: 18.032 Thread 0x0000017fb894b110 Exception <a 'java/lang/ClassNotFoundException'{0x0000000704486a68}: com/sun/javafx/scene/control/skin/resources/controls> (0x0000000704486a68) 
thrown [s\open\src\hotspot\share\prims\jni.cpp, line 538]
Event: 18.033 Thread 0x0000017fb894b110 Exception <a 'java/lang/ClassNotFoundException'{0x0000000704495058}: com/sun/javafx/scene/control/skin/resources/controls_en> (0x0000000704495058) 
thrown [s\open\src\hotspot\share\prims\jni.cpp, line 538]
Event: 18.033 Thread 0x0000017fb894b110 Exception <a 'java/lang/ClassNotFoundException'{0x0000000704496818}: com/sun/javafx/scene/control/skin/resources/controls_en_GB> (0x0000000704496818) 
thrown [s\open\src\hotspot\share\prims\jni.cpp, line 538]
Event: 18.199 Thread 0x0000017fb894b110 Exception <a 'java/lang/NoSuchMethodError'{0x0000000703f9b770}: 'void java.lang.invoke.DirectMethodHandle$Holder.invokeSpecial(java.lang.Object, java.lang.Object, java.lang.Object, java.lang.Object, java.lang.Object, java.lang.Object)'> (0x0000000703f9b770) 
thrown [s\open\src\hotspot\share\interpreter\linkResolver.cpp, line 773]
Event: 18.368 Thread 0x0000017fb92692e0 Implicit null exception at 0x0000017fa3c94220 to 0x0000017fa3c942c4
Event: 18.729 Thread 0x0000017fb894c750 Exception <a 'java/lang/NoSuchMethodError'{0x0000000710df5a98}: 'java.lang.Object java.lang.invoke.DirectMethodHandle$Holder.invokeStaticInit(java.lang.Object, int)'> (0x0000000710df5a98) 
thrown [s\open\src\hotspot\share\interpreter\linkResolver.cpp, line 773]
Event: 98.378 Thread 0x0000017fb894b110 Exception <a 'java/lang/NoSuchMethodError'{0x000000070481cf60}: 'java.lang.Object java.lang.invoke.DirectMethodHandle$Holder.newInvokeSpecial(java.lang.Object, java.lang.Object, java.lang.Object, double, double, double, double, int, int, int, int, int, int, int, int, int)'> (0x000000070481cf60) 
thrown [s\open\src\hotspot\share\interpreter\linkResolver.cpp, line 773]
Event: 99.773 Thread 0x0000017fb894b110 Exception <a 'java/lang/NoSuchMethodError'{0x0000000704622ed8}: 'java.lang.Object java.lang.invoke.DirectMethodHandle$Holder.newInvokeSpecial(java.lang.Object, java.lang.Object, double, java.lang.Object, int)'> (0x0000000704622ed8) 
thrown [s\open\src\hotspot\share\interpreter\linkResolver.cpp, line 773]
Event: 100.035 Thread 0x0000017fb894b110 Exception <a 'java/lang/NoSuchMethodError'{0x00000007046c7338}: 'java.lang.Object java.lang.invoke.DirectMethodHandle$Holder.newInvokeSpecial(java.lang.Object, java.lang.Object, int, int, int, int, int, java.lang.Object)'> (0x00000007046c7338) 
thrown [s\open\src\hotspot\share\interpreter\linkResolver.cpp, line 773]
Event: 100.036 Thread 0x0000017fb894b110 Exception <a 'java/lang/NoSuchMethodError'{0x00000007046da2f8}: 'java.lang.Object java.lang.invoke.DirectMethodHandle$Holder.newInvokeSpecial(java.lang.Object, java.lang.Object, java.lang.Object, int, int, int, int, int)'> (0x00000007046da2f8) 
thrown [s\open\src\hotspot\share\interpreter\linkResolver.cpp, line 773]
Event: 100.036 Thread 0x0000017fb894b110 Exception <a 'java/lang/NoSuchMethodError'{0x00000007046e20f8}: 'java.lang.Object java.lang.invoke.Invokers$Holder.linkToTargetMethod(java.lang.Object, java.lang.Object, int, int, int, int, int, java.lang.Object)'> (0x00000007046e20f8) 
thrown [s\open\src\hotspot\share\interpreter\linkResolver.cpp, line 773]

VM Operations (20 events):
Event: 101.608 Executing VM operation: Cleanup done
Event: 102.608 Executing VM operation: Cleanup
Event: 102.608 Executing VM operation: Cleanup done
Event: 105.609 Executing VM operation: Cleanup
Event: 105.609 Executing VM operation: Cleanup done
Event: 107.610 Executing VM operation: Cleanup
Event: 107.611 Executing VM operation: Cleanup done
Event: 108.611 Executing VM operation: Cleanup
Event: 108.611 Executing VM operation: Cleanup done
Event: 109.613 Executing VM operation: Cleanup
Event: 109.613 Executing VM operation: Cleanup done
Event: 603.847 Executing VM operation: Cleanup
Event: 603.847 Executing VM operation: Cleanup done
Event: 1089.062 Executing VM operation: Cleanup
Event: 1089.062 Executing VM operation: Cleanup done
Event: 1119.076 Executing VM operation: Cleanup
Event: 1119.076 Executing VM operation: Cleanup done
Event: 1136.084 Executing VM operation: Cleanup
Event: 1136.084 Executing VM operation: Cleanup done
Event: 1137.875 Executing VM operation: Exit

Events (20 events):
Event: 2.189 Thread 0x0000017fb8fd97e0 Thread exited: 0x0000017fb8fd97e0
Event: 2.189 Thread 0x0000017fb8b289f0 Thread exited: 0x0000017fb8b289f0
Event: 9.114 Thread 0x0000017fb905ff20 Thread added: 0x0000017fb905ff20
Event: 9.274 Thread 0x0000017fb905ff20 Thread exited: 0x0000017fb905ff20
Event: 17.292 Thread 0x0000017fb83f26f0 Thread added: 0x0000017fb83f26f0
Event: 17.352 Thread 0x0000017fb92692e0 Thread added: 0x0000017fb92692e0
Event: 17.780 Thread 0x0000017fb792d970 Thread added: 0x0000017fb792d970
Event: 19.650 Thread 0x0000017fb792d970 Thread exited: 0x0000017fb792d970
Event: 19.818 Thread 0x0000017fb83f26f0 Thread exited: 0x0000017fb83f26f0
Event: 20.957 Thread 0x0000017fc4559990 Thread added: 0x0000017fc4559990
Event: 21.332 Thread 0x0000017fc4559990 Thread exited: 0x0000017fc4559990
Event: 98.411 Thread 0x0000017fbf13d400 Thread added: 0x0000017fbf13d400
Event: 98.626 Thread 0x0000017fbf13d400 Thread exited: 0x0000017fbf13d400
Event: 104.659 Thread 0x0000017fbf6f5b00 Thread added: 0x0000017fbf6f5b00
Event: 106.955 Thread 0x0000017fbf6f5b00 Thread exited: 0x0000017fbf6f5b00
Event: 1137.872 Thread 0x0000017fb9269830 Thread added: 0x0000017fb9269830
Event: 1137.872 Thread 0x0000017fb92682f0 Thread added: 0x0000017fb92682f0
Event: 1137.873 Thread 0x0000017fb9269d80 Thread added: 0x0000017fb9269d80
Event: 1137.873 Thread 0x0000017fb9269d80 Thread exited: 0x0000017fb9269d80
Event: 1137.875 Thread 0x0000017fb92682f0 Thread exited: 0x0000017fb92682f0


Dynamic libraries:
0x00007ff6dca50000 - 0x00007ff6dca5e000 	C:\Users\shara\.jdks\openjdk-20.0.1\bin\java.exe
0x00007ff890df0000 - 0x00007ff890fe8000 	C:\WINDOWS\SYSTEM32\ntdll.dll
0x00007ff88fb30000 - 0x00007ff88fbef000 	C:\WINDOWS\System32\KERNEL32.DLL
0x00007ff88e4d0000 - 0x00007ff88e7c6000 	C:\WINDOWS\System32\KERNELBASE.dll
0x00007ff88ec00000 - 0x00007ff88ed00000 	C:\WINDOWS\System32\ucrtbase.dll
0x00007ff888fa0000 - 0x00007ff888fb7000 	C:\Users\shara\.jdks\openjdk-20.0.1\bin\jli.dll
0x00007ff890b70000 - 0x00007ff890d0d000 	C:\WINDOWS\System32\USER32.dll
0x00007ff88ed00000 - 0x00007ff88ed22000 	C:\WINDOWS\System32\win32u.dll
0x00007ff8909c0000 - 0x00007ff8909ec000 	C:\WINDOWS\System32\GDI32.dll
0x00007ff88eae0000 - 0x00007ff88ebf5000 	C:\WINDOWS\System32\gdi32full.dll
0x00007ff88e7d0000 - 0x00007ff88e86d000 	C:\WINDOWS\System32\msvcp_win.dll
0x00007ff873270000 - 0x00007ff87328b000 	C:\Users\shara\.jdks\openjdk-20.0.1\bin\VCRUNTIME140.dll
0x00007ff88db80000 - 0x00007ff88de1a000 	C:\WINDOWS\WinSxS\amd64_microsoft.windows.common-controls_6595b64144ccf1df_6.0.19041.1110_none_60b5254171f9507e\COMCTL32.dll
0x00007ff890030000 - 0x00007ff8900ce000 	C:\WINDOWS\System32\msvcrt.dll
0x00007ff88ff70000 - 0x00007ff88ffa0000 	C:\WINDOWS\System32\IMM32.DLL
0x00007ff888f90000 - 0x00007ff888f9c000 	C:\Users\shara\.jdks\openjdk-20.0.1\bin\vcruntime140_1.dll
0x00007ff853b00000 - 0x00007ff853b8e000 	C:\Users\shara\.jdks\openjdk-20.0.1\bin\msvcp140.dll
0x00007ff845810000 - 0x00007ff8464a7000 	C:\Users\shara\.jdks\openjdk-20.0.1\bin\server\jvm.dll
0x00007ff88fbf0000 - 0x00007ff88fc9f000 	C:\WINDOWS\System32\ADVAPI32.dll
0x00007ff890d10000 - 0x00007ff890dac000 	C:\WINDOWS\System32\sechost.dll
0x00007ff88f920000 - 0x00007ff88fa46000 	C:\WINDOWS\System32\RPCRT4.dll
0x00007ff887660000 - 0x00007ff887669000 	C:\WINDOWS\SYSTEM32\WSOCK32.dll
0x00007ff88ffc0000 - 0x00007ff89002b000 	C:\WINDOWS\System32\WS2_32.dll
0x00007ff8704e0000 - 0x00007ff870507000 	C:\WINDOWS\SYSTEM32\WINMM.dll
0x00007ff884e70000 - 0x00007ff884e7a000 	C:\WINDOWS\SYSTEM32\VERSION.dll
0x00007ff88c6a0000 - 0x00007ff88c6b2000 	C:\WINDOWS\SYSTEM32\kernel.appcore.dll
0x00007ff888f20000 - 0x00007ff888f2a000 	C:\Users\shara\.jdks\openjdk-20.0.1\bin\jimage.dll
0x00007ff88df50000 - 0x00007ff88e134000 	C:\WINDOWS\SYSTEM32\DBGHELP.DLL
0x00007ff88de40000 - 0x00007ff88de74000 	C:\WINDOWS\SYSTEM32\dbgcore.DLL
0x00007ff88e870000 - 0x00007ff88e8f2000 	C:\WINDOWS\System32\bcryptPrimitives.dll
0x00007ff875580000 - 0x00007ff87558e000 	C:\Users\shara\.jdks\openjdk-20.0.1\bin\instrument.dll
0x00007ff86e900000 - 0x00007ff86e926000 	C:\Users\shara\.jdks\openjdk-20.0.1\bin\java.dll
0x00007ff84a6a0000 - 0x00007ff84a777000 	C:\Users\shara\.jdks\openjdk-20.0.1\bin\jsvml.dll
0x00007ff88efb0000 - 0x00007ff88f6f4000 	C:\WINDOWS\System32\SHELL32.dll
0x00007ff88b860000 - 0x00007ff88bff3000 	C:\WINDOWS\SYSTEM32\windows.storage.dll
0x00007ff8900d0000 - 0x00007ff890424000 	C:\WINDOWS\System32\combase.dll
0x00007ff88d7f0000 - 0x00007ff88d81e000 	C:\WINDOWS\SYSTEM32\Wldp.dll
0x00007ff8909f0000 - 0x00007ff890a9d000 	C:\WINDOWS\System32\SHCORE.dll
0x00007ff88ef50000 - 0x00007ff88efa5000 	C:\WINDOWS\System32\shlwapi.dll
0x00007ff88e410000 - 0x00007ff88e42f000 	C:\WINDOWS\SYSTEM32\profapi.dll
0x00007ff873250000 - 0x00007ff873263000 	C:\Users\shara\.jdks\openjdk-20.0.1\bin\net.dll
0x00007ff883090000 - 0x00007ff88319a000 	C:\WINDOWS\SYSTEM32\WINHTTP.dll
0x00007ff88d510000 - 0x00007ff88d57a000 	C:\WINDOWS\system32\mswsock.dll
0x00007ff871d90000 - 0x00007ff871da6000 	C:\Users\shara\.jdks\openjdk-20.0.1\bin\nio.dll
0x00007ff86dde0000 - 0x00007ff86ddf8000 	C:\Users\shara\.jdks\openjdk-20.0.1\bin\zip.dll
0x00007ff86ddc0000 - 0x00007ff86ddda000 	C:\Program Files\JetBrains\IntelliJ IDEA 2022.3.3\bin\breakgen64.dll
0x0000017f92020000 - 0x0000017f92023000 	C:\Users\shara\.openjfx\cache\17.0.2-ea\api-ms-win-core-console-l1-1-0.dll
0x0000017f93fb0000 - 0x0000017f93fb3000 	C:\Users\shara\.openjfx\cache\17.0.2-ea\api-ms-win-core-console-l1-2-0.dll
0x0000017f93fc0000 - 0x0000017f93fc3000 	C:\Users\shara\.openjfx\cache\17.0.2-ea\api-ms-win-core-datetime-l1-1-0.dll
0x0000017f93fd0000 - 0x0000017f93fd3000 	C:\Users\shara\.openjfx\cache\17.0.2-ea\api-ms-win-core-debug-l1-1-0.dll
0x0000017fb36d0000 - 0x0000017fb36d3000 	C:\Users\shara\.openjfx\cache\17.0.2-ea\api-ms-win-core-errorhandling-l1-1-0.dll
0x0000017fb36e0000 - 0x0000017fb36e4000 	C:\Users\shara\.openjfx\cache\17.0.2-ea\api-ms-win-core-file-l1-1-0.dll
0x0000017fb36f0000 - 0x0000017fb36f3000 	C:\Users\shara\.openjfx\cache\17.0.2-ea\api-ms-win-core-file-l1-2-0.dll
0x0000017fb3700000 - 0x0000017fb3703000 	C:\Users\shara\.openjfx\cache\17.0.2-ea\api-ms-win-core-file-l2-1-0.dll
0x0000017fb3710000 - 0x0000017fb3713000 	C:\Users\shara\.openjfx\cache\17.0.2-ea\api-ms-win-core-handle-l1-1-0.dll
0x0000017fb3720000 - 0x0000017fb3723000 	C:\Users\shara\.openjfx\cache\17.0.2-ea\api-ms-win-core-heap-l1-1-0.dll
0x0000017fb3730000 - 0x0000017fb3733000 	C:\Users\shara\.openjfx\cache\17.0.2-ea\api-ms-win-core-interlocked-l1-1-0.dll
0x0000017fb3740000 - 0x0000017fb3743000 	C:\Users\shara\.openjfx\cache\17.0.2-ea\api-ms-win-core-libraryloader-l1-1-0.dll
0x0000017fb3750000 - 0x0000017fb3753000 	C:\Users\shara\.openjfx\cache\17.0.2-ea\api-ms-win-core-localization-l1-2-0.dll
0x0000017fb3760000 - 0x0000017fb3763000 	C:\Users\shara\.openjfx\cache\17.0.2-ea\api-ms-win-core-memory-l1-1-0.dll
0x0000017fb3770000 - 0x0000017fb3773000 	C:\Users\shara\.openjfx\cache\17.0.2-ea\api-ms-win-core-namedpipe-l1-1-0.dll
0x0000017fb3780000 - 0x0000017fb3783000 	C:\Users\shara\.openjfx\cache\17.0.2-ea\api-ms-win-core-processenvironment-l1-1-0.dll
0x0000017fb3790000 - 0x0000017fb3793000 	C:\Users\shara\.openjfx\cache\17.0.2-ea\api-ms-win-core-processthreads-l1-1-0.dll
0x0000017fb37a0000 - 0x0000017fb37a3000 	C:\Users\shara\.openjfx\cache\17.0.2-ea\api-ms-win-core-processthreads-l1-1-1.dll
0x0000017fb37b0000 - 0x0000017fb37b3000 	C:\Users\shara\.openjfx\cache\17.0.2-ea\api-ms-win-core-profile-l1-1-0.dll
0x0000017fb37c0000 - 0x0000017fb37c3000 	C:\Users\shara\.openjfx\cache\17.0.2-ea\api-ms-win-core-rtlsupport-l1-1-0.dll
0x0000017fb37d0000 - 0x0000017fb37d3000 	C:\Users\shara\.openjfx\cache\17.0.2-ea\api-ms-win-core-string-l1-1-0.dll
0x0000017fb37e0000 - 0x0000017fb37e3000 	C:\Users\shara\.openjfx\cache\17.0.2-ea\api-ms-win-core-synch-l1-1-0.dll
0x0000017fb37f0000 - 0x0000017fb37f3000 	C:\Users\shara\.openjfx\cache\17.0.2-ea\api-ms-win-core-synch-l1-2-0.dll
0x0000017fb93d0000 - 0x0000017fb93d3000 	C:\Users\shara\.openjfx\cache\17.0.2-ea\api-ms-win-core-sysinfo-l1-1-0.dll
0x0000017fb93e0000 - 0x0000017fb93e3000 	C:\Users\shara\.openjfx\cache\17.0.2-ea\api-ms-win-core-timezone-l1-1-0.dll
0x0000017fb93f0000 - 0x0000017fb93f3000 	C:\Users\shara\.openjfx\cache\17.0.2-ea\api-ms-win-core-util-l1-1-0.dll
0x0000017fb9400000 - 0x0000017fb9403000 	C:\Users\shara\.openjfx\cache\17.0.2-ea\api-ms-win-crt-conio-l1-1-0.dll
0x0000017fb9410000 - 0x0000017fb9414000 	C:\Users\shara\.openjfx\cache\17.0.2-ea\api-ms-win-crt-convert-l1-1-0.dll
0x0000017fb9420000 - 0x0000017fb9423000 	C:\Users\shara\.openjfx\cache\17.0.2-ea\api-ms-win-crt-environment-l1-1-0.dll
0x0000017fb9430000 - 0x0000017fb9433000 	C:\Users\shara\.openjfx\cache\17.0.2-ea\api-ms-win-crt-filesystem-l1-1-0.dll
0x0000017fb9440000 - 0x0000017fb9443000 	C:\Users\shara\.openjfx\cache\17.0.2-ea\api-ms-win-crt-heap-l1-1-0.dll
0x0000017fb9450000 - 0x0000017fb9453000 	C:\Users\shara\.openjfx\cache\17.0.2-ea\api-ms-win-crt-locale-l1-1-0.dll
0x0000017fb9460000 - 0x0000017fb9465000 	C:\Users\shara\.openjfx\cache\17.0.2-ea\api-ms-win-crt-math-l1-1-0.dll
0x0000017fb9470000 - 0x0000017fb9475000 	C:\Users\shara\.openjfx\cache\17.0.2-ea\api-ms-win-crt-multibyte-l1-1-0.dll
0x0000017fb9480000 - 0x0000017fb9490000 	C:\Users\shara\.openjfx\cache\17.0.2-ea\api-ms-win-crt-private-l1-1-0.dll
0x0000017fb95b0000 - 0x0000017fb95b3000 	C:\Users\shara\.openjfx\cache\17.0.2-ea\api-ms-win-crt-process-l1-1-0.dll
0x0000017fb95c0000 - 0x0000017fb95c4000 	C:\Users\shara\.openjfx\cache\17.0.2-ea\api-ms-win-crt-runtime-l1-1-0.dll
0x0000017fb95d0000 - 0x0000017fb95d4000 	C:\Users\shara\.openjfx\cache\17.0.2-ea\api-ms-win-crt-stdio-l1-1-0.dll
0x0000017fb95e0000 - 0x0000017fb95e4000 	C:\Users\shara\.openjfx\cache\17.0.2-ea\api-ms-win-crt-string-l1-1-0.dll
0x0000017fb95f0000 - 0x0000017fb95f3000 	C:\Users\shara\.openjfx\cache\17.0.2-ea\api-ms-win-crt-time-l1-1-0.dll
0x0000017fb9600000 - 0x0000017fb9603000 	C:\Users\shara\.openjfx\cache\17.0.2-ea\api-ms-win-crt-utility-l1-1-0.dll
0x00007ff848880000 - 0x00007ff84897c000 	C:\Users\shara\.openjfx\cache\17.0.2-ea\ucrtbase.dll
0x00007ff86dda0000 - 0x00007ff86ddba000 	C:\Users\shara\.openjfx\cache\17.0.2-ea\vcruntime140.dll
0x00007ff872380000 - 0x00007ff87238c000 	C:\Users\shara\.openjfx\cache\17.0.2-ea\vcruntime140_1.dll
0x00007ff84df20000 - 0x00007ff84dfad000 	C:\Users\shara\.openjfx\cache\17.0.2-ea\msvcp140.dll
0x00007ff86bc40000 - 0x00007ff86bc6a000 	C:\Users\shara\.openjfx\cache\17.0.2-ea\prism_d3d.dll
0x00007ff8739f0000 - 0x00007ff873bbd000 	C:\WINDOWS\system32\d3d9.dll
0x00007ff88b2c0000 - 0x00007ff88b2ef000 	C:\WINDOWS\SYSTEM32\dwmapi.dll
0x00007ff88b0e0000 - 0x00007ff88b17e000 	C:\WINDOWS\system32\uxtheme.dll
0x00007fffdc930000 - 0x00007fffdcad8000 	C:\WINDOWS\System32\DriverStore\FileRepository\iigd_dch.inf_amd64_393549dac595e659\igdumdim64.dll
0x00007ff88fdb0000 - 0x00007ff88feda000 	C:\WINDOWS\System32\ole32.dll
0x00007fffd45e0000 - 0x00007fffd81ff000 	C:\WINDOWS\System32\DriverStore\FileRepository\iigd_dch.inf_amd64_393549dac595e659\igd9dxva64.dll
0x00007ff890aa0000 - 0x00007ff890b6d000 	C:\WINDOWS\System32\OLEAUT32.dll
0x00007ff890550000 - 0x00007ff8909b8000 	C:\WINDOWS\System32\SETUPAPI.dll
0x00007ff88e900000 - 0x00007ff88e94e000 	C:\WINDOWS\System32\cfgmgr32.dll
0x00007ff88e950000 - 0x00007ff88e977000 	C:\WINDOWS\System32\bcrypt.dll
0x00007ff87f390000 - 0x00007ff87f758000 	C:\WINDOWS\System32\DriverStore\FileRepository\iigd_dch.inf_amd64_393549dac595e659\igdgmm64.dll
0x00007ff860f20000 - 0x00007ff860f62000 	C:\Users\shara\.openjfx\cache\17.0.2-ea\glass.dll
0x00007ff88ee50000 - 0x00007ff88ef2a000 	C:\WINDOWS\System32\COMDLG32.dll
0x00007ff890430000 - 0x00007ff890544000 	C:\WINDOWS\System32\MSCTF.dll
0x00007ff82de50000 - 0x00007ff82de77000 	C:\WINDOWS\System32\DriverStore\FileRepository\iigd_dch.inf_amd64_393549dac595e659\igdinfo64.dll
0x00007ff87bda0000 - 0x00007ff87f386000 	C:\WINDOWS\System32\DriverStore\FileRepository\iigd_dch.inf_amd64_393549dac595e659\igc64.dll
0x00007ff8805b0000 - 0x00007ff8805eb000 	C:\WINDOWS\SYSTEM32\dxcore.dll
0x00007ff86dc50000 - 0x00007ff86dc64000 	C:\Users\shara\.openjfx\cache\17.0.2-ea\javafx_font.dll
0x00007ff874bb0000 - 0x00007ff874e2f000 	C:\WINDOWS\SYSTEM32\dwrite.dll
0x00007ff88fca0000 - 0x00007ff88fd49000 	C:\WINDOWS\System32\clbcatq.dll
0x00007ff885b00000 - 0x00007ff885cb4000 	C:\WINDOWS\SYSTEM32\WindowsCodecs.dll
0x00007ff85a950000 - 0x00007ff85a98e000 	C:\WINDOWS\system32\dataexchange.dll
0x00007ff8896b0000 - 0x00007ff889913000 	C:\WINDOWS\system32\d3d11.dll
0x00007ff88a1c0000 - 0x00007ff88a3a3000 	C:\WINDOWS\system32\dcomp.dll
0x00007ff88c710000 - 0x00007ff88c803000 	C:\WINDOWS\system32\dxgi.dll
0x00007ff887a80000 - 0x00007ff887c87000 	C:\WINDOWS\system32\twinapi.appcore.dll
0x00007ff8616a0000 - 0x00007ff8616d4000 	C:\Program Files\Common Files\Microsoft Shared\Ink\rtscom.dll
0x00007ff878690000 - 0x00007ff878789000 	C:\WINDOWS\SYSTEM32\textinputframework.dll
0x00007ff88a880000 - 0x00007ff88abde000 	C:\WINDOWS\System32\CoreUIComponents.dll
0x00007ff88abe0000 - 0x00007ff88acd2000 	C:\WINDOWS\System32\CoreMessaging.dll
0x00007ff88e220000 - 0x00007ff88e253000 	C:\WINDOWS\SYSTEM32\ntmarta.dll
0x00007ff88a040000 - 0x00007ff88a194000 	C:\WINDOWS\SYSTEM32\wintypes.dll
0x00007ff889a20000 - 0x00007ff889fe0000 	C:\WINDOWS\SYSTEM32\d2d1.dll
0x00007ff881c50000 - 0x00007ff882346000 	C:\WINDOWS\SYSTEM32\D3D10Warp.dll
0x00007ff88d250000 - 0x00007ff88d31a000 	C:\WINDOWS\SYSTEM32\DNSAPI.dll
0x00007ff88d200000 - 0x00007ff88d23c000 	C:\WINDOWS\SYSTEM32\IPHLPAPI.DLL

dbghelp: loaded successfully - version: 4.0.5 - missing functions: none
symbol engine: initialized successfully - sym options: 0x614 - pdb path: .;C:\Users\shara\.jdks\openjdk-20.0.1\bin;C:\WINDOWS\SYSTEM32;C:\WINDOWS\WinSxS\amd64_microsoft.windows.common-controls_6595b64144ccf1df_6.0.19041.1110_none_60b5254171f9507e;C:\Users\shara\.jdks\openjdk-20.0.1\bin\server;C:\Program Files\JetBrains\IntelliJ IDEA 2022.3.3\bin;C:\Users\shara\.openjfx\cache\17.0.2-ea;C:\WINDOWS\System32\DriverStore\FileRepository\iigd_dch.inf_amd64_393549dac595e659;C:\Program Files\Common Files\Microsoft Shared\Ink

VM Arguments:
jvm_args: -javaagent:C:\Program Files\JetBrains\IntelliJ IDEA 2022.3.3\lib\idea_rt.jar=53365:C:\Program Files\JetBrains\IntelliJ IDEA 2022.3.3\bin -Dfile.encoding=UTF-8 -Dsun.stdout.encoding=UTF-8 -Dsun.stderr.encoding=UTF-8 --module-path=C:\Users\shara\.m2\repository\org\openjfx\javafx-base\17.0.2\javafx-base-17.0.2-win.jar;C:\Users\shara\.m2\repository\org\openjfx\javafx-fxml\17.0.2\javafx-fxml-17.0.2-win.jar;C:\Users\shara\.m2\repository\org\openjfx\javafx-controls\17.0.2\javafx-controls-17.0.2-win.jar;C:\Users\shara\.m2\repository\org\openjfx\javafx-graphics\17.0.2\javafx-graphics-17.0.2-win.jar;C:\Users\shara\IdeaProjects\Demo\target\classes -Djdk.module.main=sample.demo 
java_command: sample.demo/sample.demo.HelloApplication
java_class_path (initial): C:\Users\shara\.m2\repository\org\openjfx\javafx-controls\17.0.2\javafx-controls-17.0.2.jar;C:\Users\shara\.m2\repository\org\openjfx\javafx-graphics\17.0.2\javafx-graphics-17.0.2.jar;C:\Users\shara\.m2\repository\org\openjfx\javafx-base\17.0.2\javafx-base-17.0.2.jar;C:\Users\shara\.m2\repository\org\openjfx\javafx-fxml\17.0.2\javafx-fxml-17.0.2.jar;C:\Users\shara\.m2\repository\com\mysql\mysql-connector-j\8.0.33\mysql-connector-j-8.0.33.jar;C:\Users\shara\.m2\repository\com\google\protobuf\protobuf-java\3.21.9\protobuf-java-3.21.9.jar
Launcher Type: SUN_STANDARD

[Global flags]
     intx CICompilerCount                          = 4                                         {product} {ergonomic}
     uint ConcGCThreads                            = 2                                         {product} {ergonomic}
     uint G1ConcRefinementThreads                  = 8                                         {product} {ergonomic}
   size_t G1HeapRegionSize                         = 2097152                                   {product} {ergonomic}
    uintx GCDrainStackTargetSize                   = 64                                        {product} {ergonomic}
   size_t InitialHeapSize                          = 266338304                                 {product} {ergonomic}
   size_t MarkStackSize                            = 4194304                                   {product} {ergonomic}
   size_t MaxHeapSize                              = 4261412864                                {product} {ergonomic}
   size_t MaxNewSize                               = 2556428288                                {product} {ergonomic}
   size_t MinHeapDeltaBytes                        = 2097152                                   {product} {ergonomic}
   size_t MinHeapSize                              = 8388608                                   {product} {ergonomic}
    uintx NonNMethodCodeHeapSize                   = 5839372                                {pd product} {ergonomic}
    uintx NonProfiledCodeHeapSize                  = 122909434                              {pd product} {ergonomic}
    uintx ProfiledCodeHeapSize                     = 122909434                              {pd product} {ergonomic}
    uintx ReservedCodeCacheSize                    = 251658240                              {pd product} {ergonomic}
     bool SegmentedCodeCache                       = true                                      {product} {ergonomic}
   size_t SoftMaxHeapSize                          = 4261412864                             {manageable} {ergonomic}
     bool UseCompressedClassPointers               = true                           {product lp64_product} {ergonomic}
     bool UseCompressedOops                        = true                           {product lp64_product} {ergonomic}
     bool UseG1GC                                  = true                                      {product} {ergonomic}
     bool UseLargePagesIndividualAllocation        = false                                  {pd product} {ergonomic}

Logging:
Log output configuration:
 #0: stdout all=off uptime,level,tags foldmultilines=false
 #1: stderr all=off uptime,level,tags foldmultilines=false

Environment Variables:
PATH=C:\Users\shara\Downloads\CUserssharaDownloadsWINDOWS.X64_193000_db_home\bin;C:\Program Files\Java\jdk-11.0.2\bin;C:\WINDOWS\system32;C:\WINDOWS;C:\WINDOWS\System32\Wbem;C:\WINDOWS\System32\WindowsPowerShell\v1.0\;C:\WINDOWS\System32\OpenSSH\;C:\Program Files\Git\cmd;C:\Program Files\Git\mingw64\bin;C:\Program Files\Git\usr\bin;C:\wamp64\bin\php\php7.3.12;C:\Program Files\dotnet\;C:\Program Files\MySQL\MySQL Shell 8.0\bin\;C:\Users\shara\AppData\Local\Microsoft\WindowsApps;;C:\Program Files\JetBrains\IntelliJ IDEA Community Edition 2020.2.3\bin;;C:\Users\shara\.dotnet\tools;C:\Program Files\JetBrains\IntelliJ IDEA 2022.3.3\bin;
USERNAME=shara
OS=Windows_NT
PROCESSOR_IDENTIFIER=Intel64 Family 6 Model 142 Stepping 12, GenuineIntel
TMP=C:\Users\shara\AppData\Local\Temp
TEMP=C:\Users\shara\AppData\Local\Temp




---------------  S Y S T E M  ---------------

OS:
 Windows 10 , 64 bit Build 19041 (10.0.19041.3031)
OS uptime: 3 days 4:13 hours

CPU: total 8 (initial active 8) (4 cores per cpu, 2 threads per core) family 6 model 142 stepping 12 microcode 0xc6, cx8, cmov, fxsr, ht, mmx, 3dnowpref, sse, sse2, sse3, ssse3, sse4.1, sse4.2, popcnt, lzcnt, tsc, tscinvbit, avx, avx2, aes, erms, clmul, bmi1, bmi2, adx, fma, vzeroupper, clflush, clflushopt, rdtscp, f16c

Memory: 4k page, system-wide physical 16254M (5924M free)
TotalPageFile size 32638M (AvailPageFile size 15523M)
current process WorkingSet (physical memory assigned to process): 179M, peak: 251M
current process commit charge ("private bytes"): 245M, peak: 437M

vm_info: OpenJDK 64-Bit Server VM (20.0.1+9-29) for windows-amd64 JRE (20.0.1+9-29), built on 2023-03-07T13:56:11Z by "mach5one" with MS VC++ 17.1 (VS2022)

END.
