#
# A fatal error has been detected by the Java Runtime Environment:
#
#  EXCEPTION_ACCESS_VIOLATION (0xc0000005) at pc=0x00007ffbf0586ab7, pid=32032, tid=21732
#
# JRE version: OpenJDK Runtime Environment (20.0.1+9) (build 20.0.1+9-29)
# Java VM: OpenJDK 64-Bit Server VM (20.0.1+9-29, mixed mode, sharing, tiered, compressed oops, compressed class ptrs, g1 gc, windows-amd64)
# Problematic frame:
# C  [glass.dll+0x26ab7]
#
# No core dump will be written. Minidumps are not enabled by default on client versions of Windows
#
# If you would like to submit a bug report, please visit:
#   https://bugreport.java.com/bugreport/crash.jsp
#

---------------  S U M M A R Y ------------

Command Line: -javaagent:C:\Program Files\JetBrains\IntelliJ IDEA 2022.3.3\lib\idea_rt.jar=63946:C:\Program Files\JetBrains\IntelliJ IDEA 2022.3.3\bin -Dfile.encoding=UTF-8 -Dsun.stdout.encoding=UTF-8 -Dsun.stderr.encoding=UTF-8 --module-path=C:\Users\shara\.m2\repository\org\openjfx\javafx-fxml\17.0.2\javafx-fxml-17.0.2-win.jar;C:\Users\shara\.m2\repository\org\openjfx\javafx-base\17.0.2\javafx-base-17.0.2-win.jar;C:\Users\shara\IdeaProjects\Demo\target\classes;C:\Users\shara\.m2\repository\org\openjfx\javafx-controls\17.0.2\javafx-controls-17.0.2-win.jar;C:\Users\shara\.m2\repository\org\openjfx\javafx-graphics\17.0.2\javafx-graphics-17.0.2-win.jar -Djdk.module.main=sample.demo sample.demo/sample.demo.HelloApplication

Host: Intel(R) Core(TM) i7-8565U CPU @ 1.80GHz, 8 cores, 15G,  Windows 10 , 64 bit Build 19041 (10.0.19041.2788)
Time: Thu Jun  8 15:30:30 2023 Russia TZ 2 Standard Time elapsed time: 92.503812 seconds (0d 0h 1m 32s)

---------------  T H R E A D  ---------------

Current thread (0x00000286a5006260):  VMThread "VM Thread" [stack: 0x000000ab78a00000,0x000000ab78b00000] [id=21732]

Stack: [0x000000ab78a00000,0x000000ab78b00000],  sp=0x000000ab78aff110,  free space=1020k
Native frames: (J=compiled Java code, j=interpreted, Vv=VM code, C=native code)
C  [glass.dll+0x26ab7]


siginfo: EXCEPTION_ACCESS_VIOLATION (0xc0000005), reading address 0x0000000000000000


Registers:
RAX=0x0000000000000000, RBX=0x00000286a5008ef0, RCX=0x00000286a5006260, RDX=0x000000ab78aff110
RSP=0x000000ab78aff110, RBP=0x00000286aa138128, RSI=0x00000286aa138100, RDI=0x00006ed79feaec87
R8 =0x0000000000010002, R9 =0x00006ed79feaec87, R10=0x0000000000008000, R11=0x000000ab78aff0a0
R12=0x00007ffbf0584384, R13=0x00007ffb6aa6ea90, R14=0x000000ab78aff208, R15=0x00000286aa138100
RIP=0x00007ffbf0586ab7, EFLAGS=0x0000000000010202


Register to memory mapping:

RIP=0x00007ffbf0586ab7 glass.dll
RAX=0x0 is NULL
RBX=0x00000286a5008ef0 is a global jni handle
RCX=0x00000286a5006260 points into unknown readable memory: 0x00007ffb6a897080 | 80 70 89 6a fb 7f 00 00
RDX=0x000000ab78aff110 points into unknown readable memory: 0x0000000000000000 | 00 00 00 00 00 00 00 00
RSP=0x000000ab78aff110 points into unknown readable memory: 0x0000000000000000 | 00 00 00 00 00 00 00 00
RBP=0x00000286aa138128 points into unknown readable memory: 0x00006ed79feaec87 | 87 ec ea 9f d7 6e 00 00
RSI=0x00000286aa138100 points into unknown readable memory: 0x003f932fb3f5a287 | 87 a2 f5 b3 2f 93 3f 00
RDI=0x00006ed79feaec87 is an unknown value
R8 =0x0000000000010002 is an unknown value
R9 =0x00006ed79feaec87 is an unknown value
R10=0x0000000000008000 is an unknown value
R11=0x000000ab78aff0a0 points into unknown readable memory: 0x00000286aa138100 | 00 81 13 aa 86 02 00 00
R12=0x00007ffbf0584384 glass.dll
R13=0x00007ffb6aa6ea90 jvm.dll
R14=0x000000ab78aff208 points into unknown readable memory: 0x000000ab78aff1f0 | f0 f1 af 78 ab 00 00 00
R15=0x00000286aa138100 points into unknown readable memory: 0x003f932fb3f5a287 | 87 a2 f5 b3 2f 93 3f 00


Top of Stack: (sp=0x000000ab78aff110)
0x000000ab78aff110:   0000000000000000 00000286aa138100
0x000000ab78aff120:   00007ffb6aa6ea90 00007ffbf0584384
0x000000ab78aff130:   00000286aa138108 00007ffc182b42d6
0x000000ab78aff140:   00006ed79feaec87 0000028600000000
0x000000ab78aff150:   00000286aa138128 00000286aa138100
0x000000ab78aff160:   fffffffffffffffe 0000000000000000
0x000000ab78aff170:   0000000000000001 00007ffbf0560000
0x000000ab78aff180:   000000ab78aff1f8 00007ffc182b41fb
0x000000ab78aff190:   0000000000000000 000000ab78aff208
0x000000ab78aff1a0:   000000ab78aff4d0 00007ffc18390e40
0x000000ab78aff1b0:   0000000000000001 00007ffc182b41b4
0x000000ab78aff1c0:   0000000000000000 0000000000000001
0x000000ab78aff1d0:   00007ffb00000001 000000ab78aff1f8
0x000000ab78aff1e0:   0000000000000000 00007ffbf0584211
0x000000ab78aff1f0:   00007ffbf059a138 00007ffc00000002
0x000000ab78aff200:   0000000000000002 000000ab78aff1f0
0x000000ab78aff210:   0000000000000000 00007ffc1a389993
0x000000ab78aff220:   0000000000000000 00007ffbf0584336
0x000000ab78aff230:   0000000000000001 0000000000000000
0x000000ab78aff240:   0000000000000000 0000000000000001
0x000000ab78aff250:   0000000000000000 0000000000000000
0x000000ab78aff260:   0000000000000001 00001e11e50a1588
0x000000ab78aff270:   00007ffbf0560000 000000007ffe0384
0x000000ab78aff280:   0000000000000000 00007ffc1a389a1d
0x000000ab78aff290:   00007ffbf0560000 0000000000000000
0x000000ab78aff2a0:   0000000000000001 000000007ffe0385
0x000000ab78aff2b0:   0000000002360fb8 000000ab78aff4d0
0x000000ab78aff2c0:   00001e1100000000 0000000000000014
0x000000ab78aff2d0:   0000000000000000 00007ffbf0584384
0x000000ab78aff2e0:   00000000000003d8 00000286a9c6d350
0x000000ab78aff2f0:   00000286a4ff8b00 00007ffc1a3cdcec
0x000000ab78aff300:   00000286a9c6cae0 00007ffbf0560000 

Instructions: (pc=0x00007ffbf0586ab7)
0x00007ffbf05869b7:   8b 4d 58 e8 01 cf ff ff 48 8b 4d 60 e8 f8 ce ff
0x00007ffbf05869c7:   ff 48 8b 95 80 00 00 00 48 8b 8d 18 01 00 00 e8
0x00007ffbf05869d7:   c6 c3 ff ff 33 d2 33 c9 e8 3c e1 ff ff 90 48 89
0x00007ffbf05869e7:   54 24 10 55 48 83 ec 20 48 8b ea 48 b8 00 00 00
0x00007ffbf05869f7:   00 00 00 00 00 48 83 c4 20 5d c3 cc 40 55 48 8b
0x00007ffbf0586a07:   ea 48 8b 01 33 c9 81 38 05 00 00 c0 0f 94 c1 8b
0x00007ffbf0586a17:   c1 5d c3 cc 40 55 48 83 ec 20 48 8b ea 8a 4d 40
0x00007ffbf0586a27:   48 83 c4 20 5d e9 f7 d2 ff ff cc 40 55 48 83 ec
0x00007ffbf0586a37:   20 48 8b ea 8a 4d 20 e8 e5 d2 ff ff 90 48 83 c4
0x00007ffbf0586a47:   20 5d c3 cc 40 55 48 83 ec 20 48 8b ea 48 83 c4
0x00007ffbf0586a57:   20 5d e9 46 d1 ff ff cc 40 55 48 83 ec 30 48 8b
0x00007ffbf0586a67:   ea 48 8b 01 8b 10 48 89 4c 24 28 89 54 24 20 4c
0x00007ffbf0586a77:   8d 0d e7 d5 ff ff 4c 8b 45 70 8b 55 68 48 8b 4d
0x00007ffbf0586a87:   60 e8 87 d0 ff ff 90 48 83 c4 30 5d c3 cc cc cc
0x00007ffbf0586a97:   cc cc cc cc cc cc cc cc cc 40 53 48 83 ec 20 48
0x00007ffbf0586aa7:   8b 1d 83 30 01 00 48 85 db 74 16 e8 09 8b ff ff
0x00007ffbf0586ab7:   4c 8b 00 48 8b d3 48 8b c8 41 ff 90 b0 00 00 00
0x00007ffbf0586ac7:   90 48 83 c4 20 5b c3 cc cc 40 53 48 83 ec 20 48
0x00007ffbf0586ad7:   8b 1d fb 31 01 00 48 85 db 74 57 b8 ff ff ff ff
0x00007ffbf0586ae7:   f0 0f c1 43 10 83 f8 01 75 3d 48 85 db 74 38 48
0x00007ffbf0586af7:   8b 0b 48 85 c9 74 0d ff 15 a4 07 00 00 48 c7 03
0x00007ffbf0586b07:   00 00 00 00 48 8b 4b 08 48 85 c9 74 0d e8 a7 cd
0x00007ffbf0586b17:   ff ff 48 c7 43 08 00 00 00 00 ba 18 00 00 00 48
0x00007ffbf0586b27:   8b cb e8 92 cd ff ff 48 c7 05 9f 31 01 00 00 00
0x00007ffbf0586b37:   00 00 48 83 c4 20 5b c3 cc 40 53 48 83 ec 20 48
0x00007ffbf0586b47:   8b 1d 6b 31 01 00 48 85 db 74 57 b8 ff ff ff ff
0x00007ffbf0586b57:   f0 0f c1 43 10 83 f8 01 75 3d 48 85 db 74 38 48
0x00007ffbf0586b67:   8b 0b 48 85 c9 74 0d ff 15 34 07 00 00 48 c7 03
0x00007ffbf0586b77:   00 00 00 00 48 8b 4b 08 48 85 c9 74 0d e8 37 cd
0x00007ffbf0586b87:   ff ff 48 c7 43 08 00 00 00 00 ba 18 00 00 00 48
0x00007ffbf0586b97:   8b cb e8 22 cd ff ff 48 c7 05 0f 31 01 00 00 00
0x00007ffbf0586ba7:   00 00 48 83 c4 20 5b c3 cc 40 53 48 83 ec 20 48 


Stack slot to memory mapping:
stack at sp + 0 slots: 0x0 is NULL
stack at sp + 1 slots: 0x00000286aa138100 points into unknown readable memory: 0x003f932fb3f5a287 | 87 a2 f5 b3 2f 93 3f 00
stack at sp + 2 slots: 0x00007ffb6aa6ea90 jvm.dll
stack at sp + 3 slots: 0x00007ffbf0584384 glass.dll
stack at sp + 4 slots: 0x00000286aa138108 points into unknown readable memory: 0x00006ed79feaec87 | 87 ec ea 9f d7 6e 00 00
stack at sp + 5 slots: 0x00007ffc182b42d6 ucrtbase.dll
stack at sp + 6 slots: 0x00006ed79feaec87 is an unknown value
stack at sp + 7 slots: 0x0000028600000000 is an unknown value

VM_Operation (0x000000ab79dff030): Exit, mode: safepoint, requested by thread 0x00000286aa6ae1c0


---------------  P R O C E S S  ---------------

Threads class SMR info:
_java_thread_list=0x00000286b1d5b8d0, length=20, elements={
0x0000028683afb350, 0x00000286a5022450, 0x00000286a5023250, 0x00000286a50242d0,
0x00000286a5025e20, 0x00000286a5029880, 0x00000286a502bcc0, 0x00000286a5032e00,
0x00000286a503d7a0, 0x00000286a502e1f0, 0x00000286a502ccb0, 0x00000286a502b220,
0x00000286a502b770, 0x00000286a502c210, 0x00000286a502c760, 0x00000286a502d750,
0x00000286a502e740, 0x00000286a502dca0, 0x00000286aa6ab1f0, 0x00000286aa6ae1c0
}

Java Threads: ( => current thread )
  0x0000028683afb350 JavaThread "main" [_thread_blocked, id=27436, stack(0x000000ab78400000,0x000000ab78500000)]
  0x00000286a5022450 JavaThread "Reference Handler" daemon [_thread_blocked, id=1872, stack(0x000000ab78b00000,0x000000ab78c00000)]
  0x00000286a5023250 JavaThread "Finalizer" daemon [_thread_blocked, id=14380, stack(0x000000ab78c00000,0x000000ab78d00000)]
  0x00000286a50242d0 JavaThread "Signal Dispatcher" daemon [_thread_blocked, id=14804, stack(0x000000ab78d00000,0x000000ab78e00000)]
  0x00000286a5025e20 JavaThread "Attach Listener" daemon [_thread_blocked, id=7948, stack(0x000000ab78e00000,0x000000ab78f00000)]
  0x00000286a5029880 JavaThread "Service Thread" daemon [_thread_blocked, id=11256, stack(0x000000ab78f00000,0x000000ab79000000)]
  0x00000286a502bcc0 JavaThread "Monitor Deflation Thread" daemon [_thread_blocked, id=25464, stack(0x000000ab79000000,0x000000ab79100000)]
  0x00000286a5032e00 JavaThread "C2 CompilerThread0" daemon [_thread_blocked, id=26348, stack(0x000000ab79100000,0x000000ab79200000)]
  0x00000286a503d7a0 JavaThread "C1 CompilerThread0" daemon [_thread_blocked, id=20740, stack(0x000000ab79200000,0x000000ab79300000)]
  0x00000286a502e1f0 JavaThread "Common-Cleaner" daemon [_thread_blocked, id=17484, stack(0x000000ab79300000,0x000000ab79400000)]
  0x00000286a502ccb0 JavaThread "Monitor Ctrl-Break" daemon [_thread_in_native, id=20752, stack(0x000000ab79600000,0x000000ab79700000)]
  0x00000286a502b220 JavaThread "Notification Thread" daemon [_thread_blocked, id=1920, stack(0x000000ab79700000,0x000000ab79800000)]
  0x00000286a502b770 JavaThread "QuantumRenderer-0" daemon [_thread_blocked, id=3880, stack(0x000000ab79500000,0x000000ab79600000)]
  0x00000286a502c210 JavaThread "InvokeLaterDispatcher" daemon [_thread_blocked, id=31864, stack(0x000000ab79900000,0x000000ab79a00000)]
  0x00000286a502c760 JavaThread "JavaFX Application Thread" [_thread_in_native, id=12376, stack(0x000000ab79a00000,0x000000ab79b00000)]
  0x00000286a502d750 JavaThread "JavaFX-Launcher" [_thread_blocked, id=33108, stack(0x000000ab79f00000,0x000000ab7a000000)]
  0x00000286a502e740 JavaThread "Thread-2" daemon [_thread_in_native, id=33052, stack(0x000000ab79e00000,0x000000ab79f00000)]
  0x00000286a502dca0 JavaThread "Prism Font Disposer" daemon [_thread_blocked, id=2528, stack(0x000000ab7a900000,0x000000ab7aa00000)]
  0x00000286aa6ab1f0 JavaThread "Cleaner-0" daemon [_thread_blocked, id=28364, stack(0x000000ab7aa00000,0x000000ab7ab00000)]
  0x00000286aa6ae1c0 JavaThread "SIGINT handler" daemon [_thread_blocked, id=28688, stack(0x000000ab79d00000,0x000000ab79e00000)]

Other Threads:
=>0x00000286a5006260 VMThread "VM Thread" [stack: 0x000000ab78a00000,0x000000ab78b00000] [id=21732]
  0x0000028683b69700 WorkerThread "GC Thread#0" [stack: 0x000000ab78500000,0x000000ab78600000] [id=29600]
  0x00000286aa3c7720 WorkerThread "GC Thread#1" [stack: 0x000000ab7a000000,0x000000ab7a100000] [id=32596]
  0x00000286aa465420 WorkerThread "GC Thread#2" [stack: 0x000000ab7a100000,0x000000ab7a200000] [id=29960]
  0x00000286aa3ab4d0 WorkerThread "GC Thread#3" [stack: 0x000000ab7a200000,0x000000ab7a300000] [id=26604]
  0x00000286aa3e1a50 WorkerThread "GC Thread#4" [stack: 0x000000ab7a300000,0x000000ab7a400000] [id=9804]
  0x00000286aa3e06a0 WorkerThread "GC Thread#5" [stack: 0x000000ab7a400000,0x000000ab7a500000] [id=33452]
  0x00000286aa3e0970 WorkerThread "GC Thread#6" [stack: 0x000000ab79400000,0x000000ab79500000] [id=31656]
  0x00000286aa3e14b0 WorkerThread "GC Thread#7" [stack: 0x000000ab7ae00000,0x000000ab7af00000] [id=13940]
  0x0000028683b7a5b0 ConcurrentGCThread "G1 Main Marker" terminated
  0x0000028683b7c790 WorkerThread "G1 Conc#0" [stack: 0x000000ab78700000,0x000000ab78800000] [id=28832]
  0x00000286a4ec0540 ConcurrentGCThread "G1 Refine#0" terminated
  0x00000286a4ec0fe0 ConcurrentGCThread "G1 Service" terminated

Threads with active compile tasks:
C2 CompilerThread0    92598 3417   !   4       java.lang.invoke.MemberName::getMethodType (211 bytes)

VM state: at safepoint (shutting down)

VM Mutex/Monitor currently owned by a thread:  ([mutex/lock_event])
[0x0000028683af6e80] Threads_lock - owner thread: 0x00000286a5006260
[0x0000028683af9550] Heap_lock - owner thread: 0x00000286aa6ae1c0

Heap address: 0x0000000702000000, size: 4064 MB, Compressed Oops mode: Zero based, Oop shift amount: 3

CDS archive(s) mapped at: [0x0000000800000000-0x0000000800c60000-0x0000000800c60000), size 12976128, SharedBaseAddress: 0x0000000800000000, ArchiveRelocationMode: 0.
Compressed class space mapped at: 0x0000000801000000-0x0000000841000000, reserved size: 1073741824
Narrow klass base: 0x0000000800000000, Narrow klass shift: 0, Narrow klass range: 0x100000000

GC Precious Log:
 CardTable entry size: 512
 Card Set container configuration: InlinePtr #cards 4 size 8 Array Of Cards #cards 16 size 48 Howl #buckets 8 coarsen threshold 3686 Howl Bitmap #cards 512 size 80 coarsen threshold 460 Card regions per heap region 1 cards per card region 4096
 CPUs: 8 total, 8 available
 Memory: 16254M
 Large Page Support: Disabled
 NUMA Support: Disabled
 Compressed Oops: Enabled (Zero based)
 Heap Region Size: 2M
 Heap Min Capacity: 8M
 Heap Initial Capacity: 254M
 Heap Max Capacity: 4064M
 Pre-touch: Disabled
 Parallel Workers: 8
 Concurrent Workers: 2
 Concurrent Refinement Workers: 8
 Periodic GC: Disabled

Heap:
 garbage-first heap   total 260096K, used 28083K [0x0000000702000000, 0x0000000800000000)
  region size 2048K, 13 young (26624K), 3 survivors (6144K)
 Metaspace       used 17670K, committed 18048K, reserved 1114112K
  class space    used 2508K, committed 2688K, reserved 1048576K

Heap Regions: E=young(eden), S=young(survivor), O=old, HS=humongous(starts), HC=humongous(continues), CS=collection set, F=free, OA=open archive, CA=closed archive, TAMS=top-at-mark-start, PB=parsable bottom
|   0|0x0000000702000000, 0x0000000702200000, 0x0000000702200000|100%|HS|  |TAMS 0x0000000702000000| PB 0x0000000702000000| Complete 
|   1|0x0000000702200000, 0x000000070236ce00, 0x0000000702400000| 71%| O|  |TAMS 0x0000000702200000| PB 0x0000000702200000| Untracked 
|   2|0x0000000702400000, 0x0000000702600000, 0x0000000702600000|100%|HS|  |TAMS 0x0000000702400000| PB 0x0000000702400000| Complete 
|   3|0x0000000702600000, 0x0000000702600000, 0x0000000702800000|  0%| F|  |TAMS 0x0000000702600000| PB 0x0000000702600000| Untracked 
|   4|0x0000000702800000, 0x0000000702800000, 0x0000000702a00000|  0%| F|  |TAMS 0x0000000702800000| PB 0x0000000702800000| Untracked 
|   5|0x0000000702a00000, 0x0000000702a00000, 0x0000000702c00000|  0%| F|  |TAMS 0x0000000702a00000| PB 0x0000000702a00000| Untracked 
|   6|0x0000000702c00000, 0x0000000702c00000, 0x0000000702e00000|  0%| F|  |TAMS 0x0000000702c00000| PB 0x0000000702c00000| Untracked 
|   7|0x0000000702e00000, 0x0000000702e00000, 0x0000000703000000|  0%| F|  |TAMS 0x0000000702e00000| PB 0x0000000702e00000| Untracked 
|   8|0x0000000703000000, 0x0000000703000000, 0x0000000703200000|  0%| F|  |TAMS 0x0000000703000000| PB 0x0000000703000000| Untracked 
|   9|0x0000000703200000, 0x0000000703200000, 0x0000000703400000|  0%| F|  |TAMS 0x0000000703200000| PB 0x0000000703200000| Untracked 
|  10|0x0000000703400000, 0x0000000703400000, 0x0000000703600000|  0%| F|  |TAMS 0x0000000703400000| PB 0x0000000703400000| Untracked 
|  11|0x0000000703600000, 0x0000000703600000, 0x0000000703800000|  0%| F|  |TAMS 0x0000000703600000| PB 0x0000000703600000| Untracked 
|  12|0x0000000703800000, 0x0000000703800000, 0x0000000703a00000|  0%| F|  |TAMS 0x0000000703800000| PB 0x0000000703800000| Untracked 
|  13|0x0000000703a00000, 0x0000000703a00000, 0x0000000703c00000|  0%| F|  |TAMS 0x0000000703a00000| PB 0x0000000703a00000| Untracked 
|  14|0x0000000703c00000, 0x0000000703c00000, 0x0000000703e00000|  0%| F|  |TAMS 0x0000000703c00000| PB 0x0000000703c00000| Untracked 
|  15|0x0000000703e00000, 0x0000000703e00000, 0x0000000704000000|  0%| F|  |TAMS 0x0000000703e00000| PB 0x0000000703e00000| Untracked 
|  16|0x0000000704000000, 0x0000000704000000, 0x0000000704200000|  0%| F|  |TAMS 0x0000000704000000| PB 0x0000000704000000| Untracked 
|  17|0x0000000704200000, 0x0000000704200000, 0x0000000704400000|  0%| F|  |TAMS 0x0000000704200000| PB 0x0000000704200000| Untracked 
|  18|0x0000000704400000, 0x0000000704400000, 0x0000000704600000|  0%| F|  |TAMS 0x0000000704400000| PB 0x0000000704400000| Untracked 
|  19|0x0000000704600000, 0x0000000704600000, 0x0000000704800000|  0%| F|  |TAMS 0x0000000704600000| PB 0x0000000704600000| Untracked 
|  20|0x0000000704800000, 0x0000000704800000, 0x0000000704a00000|  0%| F|  |TAMS 0x0000000704800000| PB 0x0000000704800000| Untracked 
|  21|0x0000000704a00000, 0x0000000704a00000, 0x0000000704c00000|  0%| F|  |TAMS 0x0000000704a00000| PB 0x0000000704a00000| Untracked 
|  22|0x0000000704c00000, 0x0000000704c00000, 0x0000000704e00000|  0%| F|  |TAMS 0x0000000704c00000| PB 0x0000000704c00000| Untracked 
|  23|0x0000000704e00000, 0x0000000704e00000, 0x0000000705000000|  0%| F|  |TAMS 0x0000000704e00000| PB 0x0000000704e00000| Untracked 
|  24|0x0000000705000000, 0x0000000705000000, 0x0000000705200000|  0%| F|  |TAMS 0x0000000705000000| PB 0x0000000705000000| Untracked 
|  25|0x0000000705200000, 0x0000000705200000, 0x0000000705400000|  0%| F|  |TAMS 0x0000000705200000| PB 0x0000000705200000| Untracked 
|  26|0x0000000705400000, 0x0000000705400000, 0x0000000705600000|  0%| F|  |TAMS 0x0000000705400000| PB 0x0000000705400000| Untracked 
|  27|0x0000000705600000, 0x0000000705600000, 0x0000000705800000|  0%| F|  |TAMS 0x0000000705600000| PB 0x0000000705600000| Untracked 
|  28|0x0000000705800000, 0x0000000705800000, 0x0000000705a00000|  0%| F|  |TAMS 0x0000000705800000| PB 0x0000000705800000| Untracked 
|  29|0x0000000705a00000, 0x0000000705a00000, 0x0000000705c00000|  0%| F|  |TAMS 0x0000000705a00000| PB 0x0000000705a00000| Untracked 
|  30|0x0000000705c00000, 0x0000000705c00000, 0x0000000705e00000|  0%| F|  |TAMS 0x0000000705c00000| PB 0x0000000705c00000| Untracked 
|  31|0x0000000705e00000, 0x0000000705e00000, 0x0000000706000000|  0%| F|  |TAMS 0x0000000705e00000| PB 0x0000000705e00000| Untracked 
|  32|0x0000000706000000, 0x0000000706000000, 0x0000000706200000|  0%| F|  |TAMS 0x0000000706000000| PB 0x0000000706000000| Untracked 
|  33|0x0000000706200000, 0x0000000706200000, 0x0000000706400000|  0%| F|  |TAMS 0x0000000706200000| PB 0x0000000706200000| Untracked 
|  34|0x0000000706400000, 0x0000000706400000, 0x0000000706600000|  0%| F|  |TAMS 0x0000000706400000| PB 0x0000000706400000| Untracked 
|  35|0x0000000706600000, 0x0000000706600000, 0x0000000706800000|  0%| F|  |TAMS 0x0000000706600000| PB 0x0000000706600000| Untracked 
|  36|0x0000000706800000, 0x0000000706800000, 0x0000000706a00000|  0%| F|  |TAMS 0x0000000706800000| PB 0x0000000706800000| Untracked 
|  37|0x0000000706a00000, 0x0000000706a00000, 0x0000000706c00000|  0%| F|  |TAMS 0x0000000706a00000| PB 0x0000000706a00000| Untracked 
|  38|0x0000000706c00000, 0x0000000706c00000, 0x0000000706e00000|  0%| F|  |TAMS 0x0000000706c00000| PB 0x0000000706c00000| Untracked 
|  39|0x0000000706e00000, 0x0000000706e00000, 0x0000000707000000|  0%| F|  |TAMS 0x0000000706e00000| PB 0x0000000706e00000| Untracked 
|  40|0x0000000707000000, 0x0000000707000000, 0x0000000707200000|  0%| F|  |TAMS 0x0000000707000000| PB 0x0000000707000000| Untracked 
|  41|0x0000000707200000, 0x0000000707200000, 0x0000000707400000|  0%| F|  |TAMS 0x0000000707200000| PB 0x0000000707200000| Untracked 
|  42|0x0000000707400000, 0x0000000707400000, 0x0000000707600000|  0%| F|  |TAMS 0x0000000707400000| PB 0x0000000707400000| Untracked 
|  43|0x0000000707600000, 0x0000000707600000, 0x0000000707800000|  0%| F|  |TAMS 0x0000000707600000| PB 0x0000000707600000| Untracked 
|  44|0x0000000707800000, 0x0000000707800000, 0x0000000707a00000|  0%| F|  |TAMS 0x0000000707800000| PB 0x0000000707800000| Untracked 
|  45|0x0000000707a00000, 0x0000000707a00000, 0x0000000707c00000|  0%| F|  |TAMS 0x0000000707a00000| PB 0x0000000707a00000| Untracked 
|  46|0x0000000707c00000, 0x0000000707c00000, 0x0000000707e00000|  0%| F|  |TAMS 0x0000000707c00000| PB 0x0000000707c00000| Untracked 
|  47|0x0000000707e00000, 0x0000000707e00000, 0x0000000708000000|  0%| F|  |TAMS 0x0000000707e00000| PB 0x0000000707e00000| Untracked 
|  48|0x0000000708000000, 0x0000000708000000, 0x0000000708200000|  0%| F|  |TAMS 0x0000000708000000| PB 0x0000000708000000| Untracked 
|  49|0x0000000708200000, 0x0000000708200000, 0x0000000708400000|  0%| F|  |TAMS 0x0000000708200000| PB 0x0000000708200000| Untracked 
|  50|0x0000000708400000, 0x0000000708400000, 0x0000000708600000|  0%| F|  |TAMS 0x0000000708400000| PB 0x0000000708400000| Untracked 
|  51|0x0000000708600000, 0x0000000708600000, 0x0000000708800000|  0%| F|  |TAMS 0x0000000708600000| PB 0x0000000708600000| Untracked 
|  52|0x0000000708800000, 0x0000000708800000, 0x0000000708a00000|  0%| F|  |TAMS 0x0000000708800000| PB 0x0000000708800000| Untracked 
|  53|0x0000000708a00000, 0x0000000708a00000, 0x0000000708c00000|  0%| F|  |TAMS 0x0000000708a00000| PB 0x0000000708a00000| Untracked 
|  54|0x0000000708c00000, 0x0000000708c00000, 0x0000000708e00000|  0%| F|  |TAMS 0x0000000708c00000| PB 0x0000000708c00000| Untracked 
|  55|0x0000000708e00000, 0x0000000708e00000, 0x0000000709000000|  0%| F|  |TAMS 0x0000000708e00000| PB 0x0000000708e00000| Untracked 
|  56|0x0000000709000000, 0x0000000709000000, 0x0000000709200000|  0%| F|  |TAMS 0x0000000709000000| PB 0x0000000709000000| Untracked 
|  57|0x0000000709200000, 0x0000000709200000, 0x0000000709400000|  0%| F|  |TAMS 0x0000000709200000| PB 0x0000000709200000| Untracked 
|  58|0x0000000709400000, 0x0000000709400000, 0x0000000709600000|  0%| F|  |TAMS 0x0000000709400000| PB 0x0000000709400000| Untracked 
|  59|0x0000000709600000, 0x0000000709600000, 0x0000000709800000|  0%| F|  |TAMS 0x0000000709600000| PB 0x0000000709600000| Untracked 
|  60|0x0000000709800000, 0x0000000709800000, 0x0000000709a00000|  0%| F|  |TAMS 0x0000000709800000| PB 0x0000000709800000| Untracked 
|  61|0x0000000709a00000, 0x0000000709a00000, 0x0000000709c00000|  0%| F|  |TAMS 0x0000000709a00000| PB 0x0000000709a00000| Untracked 
|  62|0x0000000709c00000, 0x0000000709c00000, 0x0000000709e00000|  0%| F|  |TAMS 0x0000000709c00000| PB 0x0000000709c00000| Untracked 
|  63|0x0000000709e00000, 0x0000000709e00000, 0x000000070a000000|  0%| F|  |TAMS 0x0000000709e00000| PB 0x0000000709e00000| Untracked 
|  64|0x000000070a000000, 0x000000070a000000, 0x000000070a200000|  0%| F|  |TAMS 0x000000070a000000| PB 0x000000070a000000| Untracked 
|  65|0x000000070a200000, 0x000000070a200000, 0x000000070a400000|  0%| F|  |TAMS 0x000000070a200000| PB 0x000000070a200000| Untracked 
|  66|0x000000070a400000, 0x000000070a400000, 0x000000070a600000|  0%| F|  |TAMS 0x000000070a400000| PB 0x000000070a400000| Untracked 
|  67|0x000000070a600000, 0x000000070a600000, 0x000000070a800000|  0%| F|  |TAMS 0x000000070a600000| PB 0x000000070a600000| Untracked 
|  68|0x000000070a800000, 0x000000070a800000, 0x000000070aa00000|  0%| F|  |TAMS 0x000000070a800000| PB 0x000000070a800000| Untracked 
|  69|0x000000070aa00000, 0x000000070aa00000, 0x000000070ac00000|  0%| F|  |TAMS 0x000000070aa00000| PB 0x000000070aa00000| Untracked 
|  70|0x000000070ac00000, 0x000000070ac00000, 0x000000070ae00000|  0%| F|  |TAMS 0x000000070ac00000| PB 0x000000070ac00000| Untracked 
|  71|0x000000070ae00000, 0x000000070ae00000, 0x000000070b000000|  0%| F|  |TAMS 0x000000070ae00000| PB 0x000000070ae00000| Untracked 
|  72|0x000000070b000000, 0x000000070b000000, 0x000000070b200000|  0%| F|  |TAMS 0x000000070b000000| PB 0x000000070b000000| Untracked 
|  73|0x000000070b200000, 0x000000070b200000, 0x000000070b400000|  0%| F|  |TAMS 0x000000070b200000| PB 0x000000070b200000| Untracked 
|  74|0x000000070b400000, 0x000000070b400000, 0x000000070b600000|  0%| F|  |TAMS 0x000000070b400000| PB 0x000000070b400000| Untracked 
|  75|0x000000070b600000, 0x000000070b600000, 0x000000070b800000|  0%| F|  |TAMS 0x000000070b600000| PB 0x000000070b600000| Untracked 
|  76|0x000000070b800000, 0x000000070b800000, 0x000000070ba00000|  0%| F|  |TAMS 0x000000070b800000| PB 0x000000070b800000| Untracked 
|  77|0x000000070ba00000, 0x000000070ba00000, 0x000000070bc00000|  0%| F|  |TAMS 0x000000070ba00000| PB 0x000000070ba00000| Untracked 
|  78|0x000000070bc00000, 0x000000070bc00000, 0x000000070be00000|  0%| F|  |TAMS 0x000000070bc00000| PB 0x000000070bc00000| Untracked 
|  79|0x000000070be00000, 0x000000070be00000, 0x000000070c000000|  0%| F|  |TAMS 0x000000070be00000| PB 0x000000070be00000| Untracked 
|  80|0x000000070c000000, 0x000000070c000000, 0x000000070c200000|  0%| F|  |TAMS 0x000000070c000000| PB 0x000000070c000000| Untracked 
|  81|0x000000070c200000, 0x000000070c200000, 0x000000070c400000|  0%| F|  |TAMS 0x000000070c200000| PB 0x000000070c200000| Untracked 
|  82|0x000000070c400000, 0x000000070c400000, 0x000000070c600000|  0%| F|  |TAMS 0x000000070c400000| PB 0x000000070c400000| Untracked 
|  83|0x000000070c600000, 0x000000070c600000, 0x000000070c800000|  0%| F|  |TAMS 0x000000070c600000| PB 0x000000070c600000| Untracked 
|  84|0x000000070c800000, 0x000000070c800000, 0x000000070ca00000|  0%| F|  |TAMS 0x000000070c800000| PB 0x000000070c800000| Untracked 
|  85|0x000000070ca00000, 0x000000070ca00000, 0x000000070cc00000|  0%| F|  |TAMS 0x000000070ca00000| PB 0x000000070ca00000| Untracked 
|  86|0x000000070cc00000, 0x000000070cc00000, 0x000000070ce00000|  0%| F|  |TAMS 0x000000070cc00000| PB 0x000000070cc00000| Untracked 
|  87|0x000000070ce00000, 0x000000070ce00000, 0x000000070d000000|  0%| F|  |TAMS 0x000000070ce00000| PB 0x000000070ce00000| Untracked 
|  88|0x000000070d000000, 0x000000070d000000, 0x000000070d200000|  0%| F|  |TAMS 0x000000070d000000| PB 0x000000070d000000| Untracked 
|  89|0x000000070d200000, 0x000000070d200000, 0x000000070d400000|  0%| F|  |TAMS 0x000000070d200000| PB 0x000000070d200000| Untracked 
|  90|0x000000070d400000, 0x000000070d400000, 0x000000070d600000|  0%| F|  |TAMS 0x000000070d400000| PB 0x000000070d400000| Untracked 
|  91|0x000000070d600000, 0x000000070d600000, 0x000000070d800000|  0%| F|  |TAMS 0x000000070d600000| PB 0x000000070d600000| Untracked 
|  92|0x000000070d800000, 0x000000070d800000, 0x000000070da00000|  0%| F|  |TAMS 0x000000070d800000| PB 0x000000070d800000| Untracked 
|  93|0x000000070da00000, 0x000000070da00000, 0x000000070dc00000|  0%| F|  |TAMS 0x000000070da00000| PB 0x000000070da00000| Untracked 
|  94|0x000000070dc00000, 0x000000070dc00000, 0x000000070de00000|  0%| F|  |TAMS 0x000000070dc00000| PB 0x000000070dc00000| Untracked 
|  95|0x000000070de00000, 0x000000070de00000, 0x000000070e000000|  0%| F|  |TAMS 0x000000070de00000| PB 0x000000070de00000| Untracked 
|  96|0x000000070e000000, 0x000000070e000000, 0x000000070e200000|  0%| F|  |TAMS 0x000000070e000000| PB 0x000000070e000000| Untracked 
|  97|0x000000070e200000, 0x000000070e200000, 0x000000070e400000|  0%| F|  |TAMS 0x000000070e200000| PB 0x000000070e200000| Untracked 
|  98|0x000000070e400000, 0x000000070e400000, 0x000000070e600000|  0%| F|  |TAMS 0x000000070e400000| PB 0x000000070e400000| Untracked 
|  99|0x000000070e600000, 0x000000070e600000, 0x000000070e800000|  0%| F|  |TAMS 0x000000070e600000| PB 0x000000070e600000| Untracked 
| 100|0x000000070e800000, 0x000000070e800000, 0x000000070ea00000|  0%| F|  |TAMS 0x000000070e800000| PB 0x000000070e800000| Untracked 
| 101|0x000000070ea00000, 0x000000070ea00000, 0x000000070ec00000|  0%| F|  |TAMS 0x000000070ea00000| PB 0x000000070ea00000| Untracked 
| 102|0x000000070ec00000, 0x000000070ec00000, 0x000000070ee00000|  0%| F|  |TAMS 0x000000070ec00000| PB 0x000000070ec00000| Untracked 
| 103|0x000000070ee00000, 0x000000070ee00000, 0x000000070f000000|  0%| F|  |TAMS 0x000000070ee00000| PB 0x000000070ee00000| Untracked 
| 104|0x000000070f000000, 0x000000070f200000, 0x000000070f200000|100%| S|CS|TAMS 0x000000070f000000| PB 0x000000070f000000| Complete 
| 105|0x000000070f200000, 0x000000070f400000, 0x000000070f400000|100%| S|CS|TAMS 0x000000070f200000| PB 0x000000070f200000| Complete 
| 106|0x000000070f400000, 0x000000070f600000, 0x000000070f600000|100%| S|CS|TAMS 0x000000070f400000| PB 0x000000070f400000| Complete 
| 107|0x000000070f600000, 0x000000070f600000, 0x000000070f800000|  0%| F|  |TAMS 0x000000070f600000| PB 0x000000070f600000| Untracked 
| 108|0x000000070f800000, 0x000000070f800000, 0x000000070fa00000|  0%| F|  |TAMS 0x000000070f800000| PB 0x000000070f800000| Untracked 
| 109|0x000000070fa00000, 0x000000070fa00000, 0x000000070fc00000|  0%| F|  |TAMS 0x000000070fa00000| PB 0x000000070fa00000| Untracked 
| 110|0x000000070fc00000, 0x000000070fc00000, 0x000000070fe00000|  0%| F|  |TAMS 0x000000070fc00000| PB 0x000000070fc00000| Untracked 
| 111|0x000000070fe00000, 0x000000070fe00000, 0x0000000710000000|  0%| F|  |TAMS 0x000000070fe00000| PB 0x000000070fe00000| Untracked 
| 112|0x0000000710000000, 0x0000000710000000, 0x0000000710200000|  0%| F|  |TAMS 0x0000000710000000| PB 0x0000000710000000| Untracked 
| 113|0x0000000710200000, 0x0000000710200000, 0x0000000710400000|  0%| F|  |TAMS 0x0000000710200000| PB 0x0000000710200000| Untracked 
| 114|0x0000000710400000, 0x0000000710400000, 0x0000000710600000|  0%| F|  |TAMS 0x0000000710400000| PB 0x0000000710400000| Untracked 
| 115|0x0000000710600000, 0x0000000710600000, 0x0000000710800000|  0%| F|  |TAMS 0x0000000710600000| PB 0x0000000710600000| Untracked 
| 116|0x0000000710800000, 0x0000000710800000, 0x0000000710a00000|  0%| F|  |TAMS 0x0000000710800000| PB 0x0000000710800000| Untracked 
| 117|0x0000000710a00000, 0x0000000710a697a0, 0x0000000710c00000| 20%| E|  |TAMS 0x0000000710a00000| PB 0x0000000710a00000| Complete 
| 118|0x0000000710c00000, 0x0000000710e00000, 0x0000000710e00000|100%| E|CS|TAMS 0x0000000710c00000| PB 0x0000000710c00000| Complete 
| 119|0x0000000710e00000, 0x0000000711000000, 0x0000000711000000|100%| E|CS|TAMS 0x0000000710e00000| PB 0x0000000710e00000| Complete 
| 120|0x0000000711000000, 0x0000000711200000, 0x0000000711200000|100%| E|CS|TAMS 0x0000000711000000| PB 0x0000000711000000| Complete 
| 121|0x0000000711200000, 0x0000000711400000, 0x0000000711400000|100%| E|  |TAMS 0x0000000711200000| PB 0x0000000711200000| Complete 
| 122|0x0000000711400000, 0x0000000711600000, 0x0000000711600000|100%| E|CS|TAMS 0x0000000711400000| PB 0x0000000711400000| Complete 
| 123|0x0000000711600000, 0x0000000711800000, 0x0000000711800000|100%| E|CS|TAMS 0x0000000711600000| PB 0x0000000711600000| Complete 
| 124|0x0000000711800000, 0x0000000711a00000, 0x0000000711a00000|100%| E|CS|TAMS 0x0000000711800000| PB 0x0000000711800000| Complete 
| 125|0x0000000711a00000, 0x0000000711c00000, 0x0000000711c00000|100%| E|CS|TAMS 0x0000000711a00000| PB 0x0000000711a00000| Complete 
| 126|0x0000000711c00000, 0x0000000711e00000, 0x0000000711e00000|100%| E|CS|TAMS 0x0000000711c00000| PB 0x0000000711c00000| Complete 

Card table byte_map: [0x000002869d600000,0x000002869ddf0000] _byte_map_base: 0x0000028699df0000

Marking Bits: (CMBitMap*) 0x0000028683b69d30
 Bits: [0x000002869e5e0000, 0x00000286a2560000)

Polling page: 0x0000028683bd0000

Metaspace:

Usage:
  Non-class:     14.81 MB used.
      Class:      2.45 MB used.
       Both:     17.26 MB used.

Virtual space:
  Non-class space:       64.00 MB reserved,      15.00 MB ( 23%) committed,  1 nodes.
      Class space:        1.00 GB reserved,       2.62 MB ( <1%) committed,  1 nodes.
             Both:        1.06 GB reserved,      17.62 MB (  2%) committed. 

Chunk freelists:
   Non-Class:  524.00 KB
       Class:  1.36 MB
        Both:  1.87 MB

MaxMetaspaceSize: unlimited
CompressedClassSpaceSize: 1.00 GB
Initial GC threshold: 21.00 MB
Current GC threshold: 21.00 MB
CDS: on
MetaspaceReclaimPolicy: balanced
 - commit_granule_bytes: 65536.
 - commit_granule_words: 8192.
 - virtual_space_node_default_size: 8388608.
 - enlarge_chunks_in_place: 1.
 - new_chunks_are_fully_committed: 0.
 - uncommit_free_chunks: 1.
 - use_allocation_guard: 0.


Internal statistics:

num_allocs_failed_limit: 0.
num_arena_births: 412.
num_arena_deaths: 0.
num_vsnodes_births: 2.
num_vsnodes_deaths: 0.
num_space_committed: 282.
num_space_uncommitted: 0.
num_chunks_returned_to_freelist: 0.
num_chunks_taken_from_freelist: 1035.
num_chunk_merges: 0.
num_chunk_splits: 679.
num_chunks_enlarged: 475.
num_inconsistent_stats: 0.

CodeHeap 'non-profiled nmethods': size=120000Kb used=1491Kb max_used=1491Kb free=118508Kb
 bounds [0x0000028694e60000, 0x00000286950d0000, 0x000002869c390000]
CodeHeap 'profiled nmethods': size=120000Kb used=6356Kb max_used=6356Kb free=113643Kb
 bounds [0x000002868d390000, 0x000002868d9d0000, 0x00000286948c0000]
CodeHeap 'non-nmethods': size=5760Kb used=1862Kb max_used=1901Kb free=3897Kb
 bounds [0x00000286948c0000, 0x0000028694b30000, 0x0000028694e60000]
 total_blobs=4238 nmethods=3415 adapters=732
 compilation: enabled
              stopped_count=0, restarted_count=0
 full_count=0

Compilation events (20 events):
Event: 52.891 Thread 0x00000286a503d7a0 nmethod 3408 0x000002868d9c3d90 code [0x000002868d9c3f20, 0x000002868d9c40f8]
Event: 52.954 Thread 0x00000286a503d7a0 3409       1       java.util.stream.Collectors$CollectorImpl::supplier (5 bytes)
Event: 52.954 Thread 0x00000286a503d7a0 nmethod 3409 0x0000028694fd3510 code [0x0000028694fd3680, 0x0000028694fd3750]
Event: 52.954 Thread 0x00000286a503d7a0 3410       1       java.util.stream.Collectors$CollectorImpl::accumulator (5 bytes)
Event: 52.954 Thread 0x00000286a503d7a0 nmethod 3410 0x0000028694fd3810 code [0x0000028694fd3980, 0x0000028694fd3a50]
Event: 52.954 Thread 0x00000286a503d7a0 3411       1       java.util.stream.Collectors$CollectorImpl::combiner (5 bytes)
Event: 52.955 Thread 0x00000286a503d7a0 nmethod 3411 0x0000028694fd3b10 code [0x0000028694fd3c80, 0x0000028694fd3d50]
Event: 52.955 Thread 0x00000286a503d7a0 3412       1       java.util.stream.ReduceOps$Box::get (5 bytes)
Event: 52.955 Thread 0x00000286a503d7a0 nmethod 3412 0x0000028694fd3e10 code [0x0000028694fd3f80, 0x0000028694fd4050]
Event: 53.002 Thread 0x00000286a503d7a0 3414       3       com.sun.javafx.css.BitSet::remove (171 bytes)
Event: 53.003 Thread 0x00000286a503d7a0 nmethod 3414 0x000002868d9c4190 code [0x000002868d9c43a0, 0x000002868d9c4c90]
Event: 53.003 Thread 0x00000286a503d7a0 3413       3       com.sun.javafx.css.PseudoClassState::remove (6 bytes)
Event: 53.003 Thread 0x00000286a503d7a0 nmethod 3413 0x000002868d9c4f10 code [0x000002868d9c50a0, 0x000002868d9c51e0]
Event: 86.489 Thread 0x00000286a5032e00 3415       4       com.sun.javafx.tk.quantum.QuantumToolkit::postPulse (133 bytes)
Event: 86.492 Thread 0x00000286a5032e00 nmethod 3415 0x0000028694fd4110 code [0x0000028694fd42a0, 0x0000028694fd4458]
Event: 86.585 Thread 0x00000286a5032e00 3416       4       com.sun.javafx.tk.quantum.QuantumToolkit$$Lambda$81/0x000000080103c070::run (8 bytes)
Event: 86.588 Thread 0x00000286a5032e00 nmethod 3416 0x0000028694fd4690 code [0x0000028694fd4820, 0x0000028694fd49f8]
Event: 92.153 Thread 0x00000286a503d7a0 3418       1       java.util.concurrent.atomic.AtomicInteger::get (5 bytes)
Event: 92.153 Thread 0x00000286a5032e00 3417   !   4       java.lang.invoke.MemberName::getMethodType (211 bytes)
Event: 92.154 Thread 0x00000286a503d7a0 nmethod 3418 0x0000028694fd4c10 code [0x0000028694fd4d80, 0x0000028694fd4e48]

GC Heap History (4 events):
Event: 0.621 GC heap before
{Heap before GC invocations=0 (full 0):
 garbage-first heap   total 260096K, used 20480K [0x0000000702000000, 0x0000000800000000)
  region size 2048K, 11 young (22528K), 0 survivors (0K)
 Metaspace       used 5110K, committed 5376K, reserved 1114112K
  class space    used 594K, committed 704K, reserved 1048576K
}
Event: 0.624 GC heap after
{Heap after GC invocations=1 (full 0):
 garbage-first heap   total 260096K, used 2831K [0x0000000702000000, 0x0000000800000000)
  region size 2048K, 2 young (4096K), 2 survivors (4096K)
 Metaspace       used 5110K, committed 5376K, reserved 1114112K
  class space    used 594K, committed 704K, reserved 1048576K
}
Event: 3.988 GC heap before
{Heap before GC invocations=1 (full 0):
 garbage-first heap   total 260096K, used 39695K [0x0000000702000000, 0x0000000800000000)
  region size 2048K, 20 young (40960K), 2 survivors (4096K)
 Metaspace       used 15182K, committed 15488K, reserved 1114112K
  class space    used 2080K, committed 2240K, reserved 1048576K
}
Event: 3.996 GC heap after
{Heap after GC invocations=2 (full 0):
 garbage-first heap   total 260096K, used 9651K [0x0000000702000000, 0x0000000800000000)
  region size 2048K, 3 young (6144K), 3 survivors (6144K)
 Metaspace       used 15182K, committed 15488K, reserved 1114112K
  class space    used 2080K, committed 2240K, reserved 1048576K
}

Dll operation events (20 events):
Event: 0.387 Loaded shared library C:\Users\shara\.openjfx\cache\17.0.2-ea\api-ms-win-crt-filesystem-l1-1-0.dll
Event: 0.389 Loaded shared library C:\Users\shara\.openjfx\cache\17.0.2-ea\api-ms-win-crt-heap-l1-1-0.dll
Event: 0.391 Loaded shared library C:\Users\shara\.openjfx\cache\17.0.2-ea\api-ms-win-crt-locale-l1-1-0.dll
Event: 0.394 Loaded shared library C:\Users\shara\.openjfx\cache\17.0.2-ea\api-ms-win-crt-math-l1-1-0.dll
Event: 0.396 Loaded shared library C:\Users\shara\.openjfx\cache\17.0.2-ea\api-ms-win-crt-multibyte-l1-1-0.dll
Event: 0.400 Loaded shared library C:\Users\shara\.openjfx\cache\17.0.2-ea\api-ms-win-crt-private-l1-1-0.dll
Event: 0.403 Loaded shared library C:\Users\shara\.openjfx\cache\17.0.2-ea\api-ms-win-crt-process-l1-1-0.dll
Event: 0.405 Loaded shared library C:\Users\shara\.openjfx\cache\17.0.2-ea\api-ms-win-crt-runtime-l1-1-0.dll
Event: 0.407 Loaded shared library C:\Users\shara\.openjfx\cache\17.0.2-ea\api-ms-win-crt-stdio-l1-1-0.dll
Event: 0.410 Loaded shared library C:\Users\shara\.openjfx\cache\17.0.2-ea\api-ms-win-crt-string-l1-1-0.dll
Event: 0.412 Loaded shared library C:\Users\shara\.openjfx\cache\17.0.2-ea\api-ms-win-crt-time-l1-1-0.dll
Event: 0.416 Loaded shared library C:\Users\shara\.openjfx\cache\17.0.2-ea\api-ms-win-crt-utility-l1-1-0.dll
Event: 0.429 Loaded shared library C:\Users\shara\.openjfx\cache\17.0.2-ea\ucrtbase.dll
Event: 0.435 Loaded shared library C:\Users\shara\.openjfx\cache\17.0.2-ea\vcruntime140.dll
Event: 0.438 Loaded shared library C:\Users\shara\.openjfx\cache\17.0.2-ea\vcruntime140_1.dll
Event: 0.447 Loaded shared library C:\Users\shara\.openjfx\cache\17.0.2-ea\msvcp140.dll
Event: 0.482 Loaded shared library C:\Users\shara\.openjfx\cache\17.0.2-ea\prism_d3d.dll
Event: 0.513 Loaded shared library C:\Users\shara\.openjfx\cache\17.0.2-ea\glass.dll
Event: 0.611 Loaded shared library C:\Users\shara\.jdks\openjdk-20.0.1\bin\jimage.dll
Event: 0.756 Loaded shared library C:\Users\shara\.openjfx\cache\17.0.2-ea\javafx_font.dll

Deoptimization events (20 events):
Event: 4.218 Thread 0x00000286a502c760 Uncommon trap: trap_request=0xffffff45 fr.pc=0x0000028694ea4ee8 relative=0x00000000000000e8
Event: 4.218 Thread 0x00000286a502c760 Uncommon trap: reason=unstable_if action=reinterpret pc=0x0000028694ea4ee8 method=java.lang.String.getBytes([BIB)V @ 5 c2
Event: 4.218 Thread 0x00000286a502c760 DEOPT PACKING pc=0x0000028694ea4ee8 sp=0x000000ab79afa070
Event: 4.218 Thread 0x00000286a502c760 DEOPT UNPACKING pc=0x0000028694929d22 sp=0x000000ab79afa038 mode 2
Event: 12.735 Thread 0x00000286a502b770 DEOPT PACKING pc=0x000002868d6f9693 sp=0x000000ab795fd6e0
Event: 12.735 Thread 0x00000286a502b770 DEOPT UNPACKING pc=0x000002869492a4c2 sp=0x000000ab795fcb00 mode 0
Event: 12.754 Thread 0x00000286a502b770 DEOPT PACKING pc=0x000002868d6f6bb2 sp=0x000000ab795fe0d0
Event: 12.754 Thread 0x00000286a502b770 DEOPT UNPACKING pc=0x000002869492a4c2 sp=0x000000ab795fd560 mode 0
Event: 12.757 Thread 0x00000286a502b770 DEOPT PACKING pc=0x000002868d6f6bb2 sp=0x000000ab795fe0d0
Event: 12.757 Thread 0x00000286a502b770 DEOPT UNPACKING pc=0x000002869492a4c2 sp=0x000000ab795fd560 mode 0
Event: 12.768 Thread 0x00000286a502b770 DEOPT PACKING pc=0x000002868d6f79f1 sp=0x000000ab795fde90
Event: 12.768 Thread 0x00000286a502b770 DEOPT UNPACKING pc=0x000002869492a4c2 sp=0x000000ab795fd340 mode 0
Event: 21.155 Thread 0x00000286a502c760 Uncommon trap: trap_request=0xffffff45 fr.pc=0x0000028694f862e4 relative=0x0000000000000144
Event: 21.155 Thread 0x00000286a502c760 Uncommon trap: reason=unstable_if action=reinterpret pc=0x0000028694f862e4 method=java.lang.ThreadLocal$ThreadLocalMap.getEntry(Ljava/lang/ThreadLocal;)Ljava/lang/ThreadLocal$ThreadLocalMap$Entry; @ 21 c2
Event: 21.155 Thread 0x00000286a502c760 DEOPT PACKING pc=0x0000028694f862e4 sp=0x000000ab79af8b40
Event: 21.155 Thread 0x00000286a502c760 DEOPT UNPACKING pc=0x0000028694929d22 sp=0x000000ab79af8a50 mode 2
Event: 29.777 Thread 0x00000286a502b770 DEOPT PACKING pc=0x000002868d8ffc3a sp=0x000000ab795fd710
Event: 29.777 Thread 0x00000286a502b770 DEOPT UNPACKING pc=0x000002869492a4c2 sp=0x000000ab795fcb48 mode 0
Event: 29.781 Thread 0x00000286a502b770 DEOPT PACKING pc=0x000002868d8ffc3a sp=0x000000ab795fdfb0
Event: 29.782 Thread 0x00000286a502b770 DEOPT UNPACKING pc=0x000002869492a4c2 sp=0x000000ab795fd3e8 mode 0

Classes loaded (20 events):
Event: 4.117 Loading class java/lang/FdLibm
Event: 4.117 Loading class java/lang/FdLibm done
Event: 4.215 Loading class java/text/BreakIterator
Event: 4.215 Loading class java/text/BreakIterator done
Event: 4.216 Loading class sun/util/locale/provider/BreakIteratorProviderImpl
Event: 4.216 Loading class sun/util/locale/provider/BreakIteratorProviderImpl done
Event: 4.217 Loading class sun/util/locale/provider/BreakIteratorProviderImpl$GraphemeBreakIterator
Event: 4.217 Loading class sun/util/locale/provider/BreakIteratorProviderImpl$GraphemeBreakIterator done
Event: 4.217 Loading class java/text/StringCharacterIterator
Event: 4.217 Loading class java/text/StringCharacterIterator done
Event: 4.217 Loading class sun/util/locale/provider/BreakIteratorProviderImpl$CharacterIteratorCharSequence
Event: 4.217 Loading class sun/util/locale/provider/BreakIteratorProviderImpl$CharacterIteratorCharSequence done
Event: 4.218 Loading class java/text/BreakIterator$BreakIteratorCache
Event: 4.218 Loading class java/text/BreakIterator$BreakIteratorCache done
Event: 31.819 Loading class java/lang/Throwable$WrappedPrintStream
Event: 31.819 Loading class java/lang/Throwable$PrintStreamOrWriter
Event: 31.819 Loading class java/lang/Throwable$PrintStreamOrWriter done
Event: 31.819 Loading class java/lang/Throwable$WrappedPrintStream done
Event: 92.152 Loading class jdk/internal/misc/Signal$1
Event: 92.152 Loading class jdk/internal/misc/Signal$1 done

Classes unloaded (0 events):
No events

Classes redefined (0 events):
No events

Internal exceptions (20 events):
Event: 0.988 Thread 0x00000286a502c760 Implicit null exception at 0x0000028694eccb92 to 0x0000028694ecd260
Event: 0.998 Thread 0x00000286a5025e20 Exception <a 'sun/nio/fs/WindowsException'{0x0000000710b076e8}> (0x0000000710b076e8) 
thrown [s\open\src\hotspot\share\prims\jni.cpp, line 519]
Event: 1.069 Thread 0x00000286a502c760 Exception <a 'java/lang/IncompatibleClassChangeError'{0x00000007109947d0}: Found class java.lang.Object, but interface was expected> (0x00000007109947d0) 
thrown [s\open\src\hotspot\share\interpreter\linkResolver.cpp, line 840]
Event: 1.106 Thread 0x00000286a502c760 Exception <a 'java/lang/NoSuchMethodError'{0x00000007102bdfe8}: 'int java.lang.invoke.DirectMethodHandle$Holder.invokeSpecial(java.lang.Object, java.lang.Object, int)'> (0x00000007102bdfe8) 
thrown [s\open\src\hotspot\share\interpreter\linkResolver.cpp, line 773]
Event: 1.121 Thread 0x00000286a502c760 Exception <a 'java/lang/NoSuchMethodError'{0x000000071034d1c0}: 'java.lang.Object java.lang.invoke.DirectMethodHandle$Holder.newInvokeSpecial(java.lang.Object, java.lang.Object, int)'> (0x000000071034d1c0) 
thrown [s\open\src\hotspot\share\interpreter\linkResolver.cpp, line 773]
Event: 1.143 Thread 0x00000286a502b770 Exception <a 'java/lang/NoSuchMethodError'{0x0000000710019b60}: 'int java.lang.invoke.DirectMethodHandle$Holder.invokeStaticInit(java.lang.Object, java.lang.Object)'> (0x0000000710019b60) 
thrown [s\open\src\hotspot\share\interpreter\linkResolver.cpp, line 773]
Event: 2.923 Thread 0x00000286a502c760 Exception <a 'java/lang/NoSuchMethodError'{0x000000070fc41ee0}: 'long java.lang.invoke.DirectMethodHandle$Holder.invokeStatic(java.lang.Object, java.lang.Object, java.lang.Object)'> (0x000000070fc41ee0) 
thrown [s\open\src\hotspot\share\interpreter\linkResolver.cpp, line 773]
Event: 2.923 Thread 0x00000286a502c760 Exception <a 'java/lang/NoSuchMethodError'{0x000000070fc452b0}: 'long java.lang.invoke.DirectMethodHandle$Holder.invokeStaticInit(java.lang.Object, java.lang.Object, java.lang.Object)'> (0x000000070fc452b0) 
thrown [s\open\src\hotspot\share\interpreter\linkResolver.cpp, line 773]
Event: 2.924 Thread 0x00000286a502c760 Exception <a 'java/lang/NoSuchMethodError'{0x000000070fc5d308}: 'java.lang.Object java.lang.invoke.DirectMethodHandle$Holder.newInvokeSpecial(java.lang.Object, java.lang.Object, long)'> (0x000000070fc5d308) 
thrown [s\open\src\hotspot\share\interpreter\linkResolver.cpp, line 773]
Event: 2.924 Thread 0x00000286a502c760 Exception <a 'java/lang/NoSuchMethodError'{0x000000070fc60c00}: 'java.lang.Object java.lang.invoke.Invokers$Holder.linkToTargetMethod(java.lang.Object, long, java.lang.Object)'> (0x000000070fc60c00) 
thrown [s\open\src\hotspot\share\interpreter\linkResolver.cpp, line 773]
Event: 3.965 Thread 0x00000286a502c760 Exception <a 'java/lang/ClassNotFoundException'{0x000000070f6751c0}: com/sun/javafx/scene/control/skin/resources/controls> (0x000000070f6751c0) 
thrown [s\open\src\hotspot\share\prims\jni.cpp, line 538]
Event: 3.966 Thread 0x00000286a502c760 Exception <a 'java/lang/ClassNotFoundException'{0x000000070f6837b0}: com/sun/javafx/scene/control/skin/resources/controls_en> (0x000000070f6837b0) 
thrown [s\open\src\hotspot\share\prims\jni.cpp, line 538]
Event: 3.967 Thread 0x00000286a502c760 Exception <a 'java/lang/ClassNotFoundException'{0x000000070f684f70}: com/sun/javafx/scene/control/skin/resources/controls_en_GB> (0x000000070f684f70) 
thrown [s\open\src\hotspot\share\prims\jni.cpp, line 538]
Event: 4.094 Thread 0x00000286a502c760 Exception <a 'java/lang/NoSuchMethodError'{0x000000071193e348}: 'void java.lang.invoke.DirectMethodHandle$Holder.invokeSpecial(java.lang.Object, java.lang.Object, java.lang.Object, java.lang.Object, java.lang.Object, java.lang.Object)'> (0x000000071193e348) 
thrown [s\open\src\hotspot\share\interpreter\linkResolver.cpp, line 773]
Event: 6.451 Thread 0x00000286a502c760 Exception <a 'java/lang/NoSuchMethodError'{0x00000007112a72e0}: 'java.lang.Object java.lang.invoke.DirectMethodHandle$Holder.newInvokeSpecial(java.lang.Object, java.lang.Object, int, int, int, int, int, java.lang.Object)'> (0x00000007112a72e0) 
thrown [s\open\src\hotspot\share\interpreter\linkResolver.cpp, line 773]
Event: 6.453 Thread 0x00000286a502c760 Exception <a 'java/lang/NoSuchMethodError'{0x00000007112ba030}: 'java.lang.Object java.lang.invoke.DirectMethodHandle$Holder.newInvokeSpecial(java.lang.Object, java.lang.Object, java.lang.Object, int, int, int, int, int)'> (0x00000007112ba030) 
thrown [s\open\src\hotspot\share\interpreter\linkResolver.cpp, line 773]
Event: 6.453 Thread 0x00000286a502c760 Exception <a 'java/lang/NoSuchMethodError'{0x00000007112c1e30}: 'java.lang.Object java.lang.invoke.Invokers$Holder.linkToTargetMethod(java.lang.Object, java.lang.Object, int, int, int, int, int, java.lang.Object)'> (0x00000007112c1e30) 
thrown [s\open\src\hotspot\share\interpreter\linkResolver.cpp, line 773]
Event: 8.427 Thread 0x00000286a502c760 Exception <a 'java/lang/NoSuchMethodError'{0x00000007112e2428}: 'java.lang.Object java.lang.invoke.DirectMethodHandle$Holder.newInvokeSpecial(java.lang.Object, java.lang.Object, java.lang.Object, double, double, double, double, int, int, int, int, int, int, int, int, int)'> (0x00000007112e2428) 
thrown [s\open\src\hotspot\share\interpreter\linkResolver.cpp, line 773]
Event: 12.730 Thread 0x00000286a502b770 Exception <a 'java/lang/NoSuchMethodError'{0x00000007110ab648}: 'java.lang.Object java.lang.invoke.DirectMethodHandle$Holder.invokeStaticInit(java.lang.Object, int)'> (0x00000007110ab648) 
thrown [s\open\src\hotspot\share\interpreter\linkResolver.cpp, line 773]
Event: 21.155 Thread 0x00000286a502c760 Implicit null exception at 0x0000028694f86220 to 0x0000028694f862c4

VM Operations (20 events):
Event: 28.247 Executing VM operation: Cleanup done
Event: 29.247 Executing VM operation: Cleanup
Event: 29.247 Executing VM operation: Cleanup done
Event: 30.248 Executing VM operation: Cleanup
Event: 30.248 Executing VM operation: Cleanup done
Event: 31.248 Executing VM operation: Cleanup
Event: 31.248 Executing VM operation: Cleanup done
Event: 32.248 Executing VM operation: Cleanup
Event: 32.249 Executing VM operation: Cleanup done
Event: 33.249 Executing VM operation: Cleanup
Event: 33.249 Executing VM operation: Cleanup done
Event: 34.249 Executing VM operation: Cleanup
Event: 34.249 Executing VM operation: Cleanup done
Event: 53.257 Executing VM operation: Cleanup
Event: 53.257 Executing VM operation: Cleanup done
Event: 54.257 Executing VM operation: Cleanup
Event: 54.258 Executing VM operation: Cleanup done
Event: 61.260 Executing VM operation: Cleanup
Event: 61.260 Executing VM operation: Cleanup done
Event: 92.154 Executing VM operation: Exit

Events (20 events):
Event: 0.585 Thread 0x00000286a502d750 Thread added: 0x00000286a502d750
Event: 0.585 Thread 0x00000286a502e740 Thread added: 0x00000286a502e740
Event: 0.813 Thread 0x00000286aa57dcc0 Thread added: 0x00000286aa57dcc0
Event: 1.061 Thread 0x00000286a502dca0 Thread added: 0x00000286a502dca0
Event: 1.194 Thread 0x00000286aa6ab1f0 Thread added: 0x00000286aa6ab1f0
Event: 1.994 Thread 0x00000286aa57dcc0 Thread exited: 0x00000286aa57dcc0
Event: 2.010 Thread 0x00000286a95ce0e0 Thread exited: 0x00000286a95ce0e0
Event: 4.034 Thread 0x00000286aa808120 Thread added: 0x00000286aa808120
Event: 4.067 Thread 0x00000286aa8d64d0 Thread added: 0x00000286aa8d64d0
Event: 4.569 Thread 0x00000286aa808120 Thread exited: 0x00000286aa808120
Event: 4.569 Thread 0x00000286aa8d64d0 Thread exited: 0x00000286aa8d64d0
Event: 12.659 Thread 0x00000286b1f70250 Thread added: 0x00000286b1f70250
Event: 12.659 Thread 0x00000286b1f707e0 Thread added: 0x00000286b1f707e0
Event: 12.882 Thread 0x00000286b1f707e0 Thread exited: 0x00000286b1f707e0
Event: 12.882 Thread 0x00000286b1f70250 Thread exited: 0x00000286b1f70250
Event: 92.152 Thread 0x00000286aa6ae1c0 Thread added: 0x00000286aa6ae1c0
Event: 92.152 Thread 0x00000286aa6b0c40 Thread added: 0x00000286aa6b0c40
Event: 92.153 Thread 0x00000286aa6ae710 Thread added: 0x00000286aa6ae710
Event: 92.153 Thread 0x00000286aa6b0c40 Thread exited: 0x00000286aa6b0c40
Event: 92.154 Thread 0x00000286aa6ae710 Thread exited: 0x00000286aa6ae710


Dynamic libraries:
0x00007ff7309f0000 - 0x00007ff7309fe000 	C:\Users\shara\.jdks\openjdk-20.0.1\bin\java.exe
0x00007ffc1a370000 - 0x00007ffc1a568000 	C:\WINDOWS\SYSTEM32\ntdll.dll
0x00007ffc19110000 - 0x00007ffc191cf000 	C:\WINDOWS\System32\KERNEL32.DLL
0x00007ffc17e60000 - 0x00007ffc1813a000 	C:\WINDOWS\System32\KERNELBASE.dll
0x00007ffc182a0000 - 0x00007ffc183a0000 	C:\WINDOWS\System32\ucrtbase.dll
0x00007ffbe5740000 - 0x00007ffbe5757000 	C:\Users\shara\.jdks\openjdk-20.0.1\bin\jli.dll
0x00007ffc192f0000 - 0x00007ffc1948d000 	C:\WINDOWS\System32\USER32.dll
0x00007ffc183a0000 - 0x00007ffc183c2000 	C:\WINDOWS\System32\win32u.dll
0x00007ffc19070000 - 0x00007ffc1909b000 	C:\WINDOWS\System32\GDI32.dll
0x00007ffc17bd0000 - 0x00007ffc17ce0000 	C:\WINDOWS\System32\gdi32full.dll
0x00007ffc17a80000 - 0x00007ffc17b1d000 	C:\WINDOWS\System32\msvcp_win.dll
0x00007ffbe5720000 - 0x00007ffbe573b000 	C:\Users\shara\.jdks\openjdk-20.0.1\bin\VCRUNTIME140.dll
0x00007ffbf0da0000 - 0x00007ffbf103a000 	C:\WINDOWS\WinSxS\amd64_microsoft.windows.common-controls_6595b64144ccf1df_6.0.19041.1110_none_60b5254171f9507e\COMCTL32.dll
0x00007ffc19850000 - 0x00007ffc198ee000 	C:\WINDOWS\System32\msvcrt.dll
0x00007ffc18f00000 - 0x00007ffc18f30000 	C:\WINDOWS\System32\IMM32.DLL
0x00007ffbf1040000 - 0x00007ffbf104c000 	C:\Users\shara\.jdks\openjdk-20.0.1\bin\vcruntime140_1.dll
0x00007ffbd85c0000 - 0x00007ffbd864e000 	C:\Users\shara\.jdks\openjdk-20.0.1\bin\msvcp140.dll
0x00007ffb69e80000 - 0x00007ffb6ab17000 	C:\Users\shara\.jdks\openjdk-20.0.1\bin\server\jvm.dll
0x00007ffc183d0000 - 0x00007ffc1847e000 	C:\WINDOWS\System32\ADVAPI32.dll
0x00007ffc1a290000 - 0x00007ffc1a32c000 	C:\WINDOWS\System32\sechost.dll
0x00007ffc19a10000 - 0x00007ffc19b36000 	C:\WINDOWS\System32\RPCRT4.dll
0x00007ffc0f4b0000 - 0x00007ffc0f4b9000 	C:\WINDOWS\SYSTEM32\WSOCK32.dll
0x00007ffc190a0000 - 0x00007ffc1910b000 	C:\WINDOWS\System32\WS2_32.dll
0x00007ffbfa700000 - 0x00007ffbfa727000 	C:\WINDOWS\SYSTEM32\WINMM.dll
0x00007ffc0fce0000 - 0x00007ffc0fcea000 	C:\WINDOWS\SYSTEM32\VERSION.dll
0x00007ffc162d0000 - 0x00007ffc162e2000 	C:\WINDOWS\SYSTEM32\kernel.appcore.dll
0x00007ffbf0cc0000 - 0x00007ffbf0cca000 	C:\Users\shara\.jdks\openjdk-20.0.1\bin\jimage.dll
0x00007ffc15840000 - 0x00007ffc15a24000 	C:\WINDOWS\SYSTEM32\DBGHELP.DLL
0x00007ffc06b00000 - 0x00007ffc06b34000 	C:\WINDOWS\SYSTEM32\dbgcore.DLL
0x00007ffc17dd0000 - 0x00007ffc17e52000 	C:\WINDOWS\System32\bcryptPrimitives.dll
0x00007ffc10b30000 - 0x00007ffc10b3e000 	C:\Users\shara\.jdks\openjdk-20.0.1\bin\instrument.dll
0x00007ffbe5620000 - 0x00007ffbe5646000 	C:\Users\shara\.jdks\openjdk-20.0.1\bin\java.dll
0x00007ffba1240000 - 0x00007ffba1317000 	C:\Users\shara\.jdks\openjdk-20.0.1\bin\jsvml.dll
0x00007ffc19b40000 - 0x00007ffc1a284000 	C:\WINDOWS\System32\SHELL32.dll
0x00007ffc15b20000 - 0x00007ffc162b3000 	C:\WINDOWS\SYSTEM32\windows.storage.dll
0x00007ffc19490000 - 0x00007ffc197e4000 	C:\WINDOWS\System32\combase.dll
0x00007ffc17470000 - 0x00007ffc1749e000 	C:\WINDOWS\SYSTEM32\Wldp.dll
0x00007ffc19230000 - 0x00007ffc192dd000 	C:\WINDOWS\System32\SHCORE.dll
0x00007ffc18710000 - 0x00007ffc18765000 	C:\WINDOWS\System32\shlwapi.dll
0x00007ffc179c0000 - 0x00007ffc179df000 	C:\WINDOWS\SYSTEM32\profapi.dll
0x00007ffbe5700000 - 0x00007ffbe5713000 	C:\Users\shara\.jdks\openjdk-20.0.1\bin\net.dll
0x00007ffc0da80000 - 0x00007ffc0db8a000 	C:\WINDOWS\SYSTEM32\WINHTTP.dll
0x00007ffc171d0000 - 0x00007ffc1723a000 	C:\WINDOWS\system32\mswsock.dll
0x00007ffbe5600000 - 0x00007ffbe5616000 	C:\Users\shara\.jdks\openjdk-20.0.1\bin\nio.dll
0x00007ffbe5260000 - 0x00007ffbe5278000 	C:\Users\shara\.jdks\openjdk-20.0.1\bin\zip.dll
0x00007ffbf98d0000 - 0x00007ffbf98ea000 	C:\Program Files\JetBrains\IntelliJ IDEA 2022.3.3\bin\breakgen64.dll
0x00000286a51c0000 - 0x00000286a51c3000 	C:\Users\shara\.openjfx\cache\17.0.2-ea\api-ms-win-core-console-l1-1-0.dll
0x00000286a51d0000 - 0x00000286a51d3000 	C:\Users\shara\.openjfx\cache\17.0.2-ea\api-ms-win-core-console-l1-2-0.dll
0x00000286a51e0000 - 0x00000286a51e3000 	C:\Users\shara\.openjfx\cache\17.0.2-ea\api-ms-win-core-datetime-l1-1-0.dll
0x00000286a51f0000 - 0x00000286a51f3000 	C:\Users\shara\.openjfx\cache\17.0.2-ea\api-ms-win-core-debug-l1-1-0.dll
0x00000286a5200000 - 0x00000286a5203000 	C:\Users\shara\.openjfx\cache\17.0.2-ea\api-ms-win-core-errorhandling-l1-1-0.dll
0x00000286a5210000 - 0x00000286a5214000 	C:\Users\shara\.openjfx\cache\17.0.2-ea\api-ms-win-core-file-l1-1-0.dll
0x00000286a5220000 - 0x00000286a5223000 	C:\Users\shara\.openjfx\cache\17.0.2-ea\api-ms-win-core-file-l1-2-0.dll
0x00000286a5230000 - 0x00000286a5233000 	C:\Users\shara\.openjfx\cache\17.0.2-ea\api-ms-win-core-file-l2-1-0.dll
0x00000286a5240000 - 0x00000286a5243000 	C:\Users\shara\.openjfx\cache\17.0.2-ea\api-ms-win-core-handle-l1-1-0.dll
0x00000286a5250000 - 0x00000286a5253000 	C:\Users\shara\.openjfx\cache\17.0.2-ea\api-ms-win-core-heap-l1-1-0.dll
0x00000286a5260000 - 0x00000286a5263000 	C:\Users\shara\.openjfx\cache\17.0.2-ea\api-ms-win-core-interlocked-l1-1-0.dll
0x00000286a5270000 - 0x00000286a5273000 	C:\Users\shara\.openjfx\cache\17.0.2-ea\api-ms-win-core-libraryloader-l1-1-0.dll
0x00000286a5280000 - 0x00000286a5283000 	C:\Users\shara\.openjfx\cache\17.0.2-ea\api-ms-win-core-localization-l1-2-0.dll
0x00000286a5290000 - 0x00000286a5293000 	C:\Users\shara\.openjfx\cache\17.0.2-ea\api-ms-win-core-memory-l1-1-0.dll
0x00000286a52a0000 - 0x00000286a52a3000 	C:\Users\shara\.openjfx\cache\17.0.2-ea\api-ms-win-core-namedpipe-l1-1-0.dll
0x00000286a52b0000 - 0x00000286a52b3000 	C:\Users\shara\.openjfx\cache\17.0.2-ea\api-ms-win-core-processenvironment-l1-1-0.dll
0x00000286a52c0000 - 0x00000286a52c3000 	C:\Users\shara\.openjfx\cache\17.0.2-ea\api-ms-win-core-processthreads-l1-1-0.dll
0x00000286a52d0000 - 0x00000286a52d3000 	C:\Users\shara\.openjfx\cache\17.0.2-ea\api-ms-win-core-processthreads-l1-1-1.dll
0x00000286a52e0000 - 0x00000286a52e3000 	C:\Users\shara\.openjfx\cache\17.0.2-ea\api-ms-win-core-profile-l1-1-0.dll
0x00000286a52f0000 - 0x00000286a52f3000 	C:\Users\shara\.openjfx\cache\17.0.2-ea\api-ms-win-core-rtlsupport-l1-1-0.dll
0x00000286a5300000 - 0x00000286a5303000 	C:\Users\shara\.openjfx\cache\17.0.2-ea\api-ms-win-core-string-l1-1-0.dll
0x00000286a5310000 - 0x00000286a5313000 	C:\Users\shara\.openjfx\cache\17.0.2-ea\api-ms-win-core-synch-l1-1-0.dll
0x00000286a5320000 - 0x00000286a5323000 	C:\Users\shara\.openjfx\cache\17.0.2-ea\api-ms-win-core-synch-l1-2-0.dll
0x00000286a5330000 - 0x00000286a5333000 	C:\Users\shara\.openjfx\cache\17.0.2-ea\api-ms-win-core-sysinfo-l1-1-0.dll
0x00000286a5340000 - 0x00000286a5343000 	C:\Users\shara\.openjfx\cache\17.0.2-ea\api-ms-win-core-timezone-l1-1-0.dll
0x00000286a5350000 - 0x00000286a5353000 	C:\Users\shara\.openjfx\cache\17.0.2-ea\api-ms-win-core-util-l1-1-0.dll
0x00000286a5360000 - 0x00000286a5363000 	C:\Users\shara\.openjfx\cache\17.0.2-ea\api-ms-win-crt-conio-l1-1-0.dll
0x00000286a5370000 - 0x00000286a5374000 	C:\Users\shara\.openjfx\cache\17.0.2-ea\api-ms-win-crt-convert-l1-1-0.dll
0x00000286a5380000 - 0x00000286a5383000 	C:\Users\shara\.openjfx\cache\17.0.2-ea\api-ms-win-crt-environment-l1-1-0.dll
0x00000286a5390000 - 0x00000286a5393000 	C:\Users\shara\.openjfx\cache\17.0.2-ea\api-ms-win-crt-filesystem-l1-1-0.dll
0x00000286a53a0000 - 0x00000286a53a3000 	C:\Users\shara\.openjfx\cache\17.0.2-ea\api-ms-win-crt-heap-l1-1-0.dll
0x00000286a53b0000 - 0x00000286a53b3000 	C:\Users\shara\.openjfx\cache\17.0.2-ea\api-ms-win-crt-locale-l1-1-0.dll
0x00000286a53c0000 - 0x00000286a53c5000 	C:\Users\shara\.openjfx\cache\17.0.2-ea\api-ms-win-crt-math-l1-1-0.dll
0x00000286a53d0000 - 0x00000286a53d5000 	C:\Users\shara\.openjfx\cache\17.0.2-ea\api-ms-win-crt-multibyte-l1-1-0.dll
0x00000286a53e0000 - 0x00000286a53f0000 	C:\Users\shara\.openjfx\cache\17.0.2-ea\api-ms-win-crt-private-l1-1-0.dll
0x00000286a53f0000 - 0x00000286a53f3000 	C:\Users\shara\.openjfx\cache\17.0.2-ea\api-ms-win-crt-process-l1-1-0.dll
0x00000286aafd0000 - 0x00000286aafd4000 	C:\Users\shara\.openjfx\cache\17.0.2-ea\api-ms-win-crt-runtime-l1-1-0.dll
0x00000286aafe0000 - 0x00000286aafe4000 	C:\Users\shara\.openjfx\cache\17.0.2-ea\api-ms-win-crt-stdio-l1-1-0.dll
0x00000286aaff0000 - 0x00000286aaff4000 	C:\Users\shara\.openjfx\cache\17.0.2-ea\api-ms-win-crt-string-l1-1-0.dll
0x00000286ab000000 - 0x00000286ab003000 	C:\Users\shara\.openjfx\cache\17.0.2-ea\api-ms-win-crt-time-l1-1-0.dll
0x00000286ab010000 - 0x00000286ab013000 	C:\Users\shara\.openjfx\cache\17.0.2-ea\api-ms-win-crt-utility-l1-1-0.dll
0x00007ffbd6d30000 - 0x00007ffbd6e2c000 	C:\Users\shara\.openjfx\cache\17.0.2-ea\ucrtbase.dll
0x00007ffbf95b0000 - 0x00007ffbf95ca000 	C:\Users\shara\.openjfx\cache\17.0.2-ea\vcruntime140.dll
0x00007ffbfcc40000 - 0x00007ffbfcc4c000 	C:\Users\shara\.openjfx\cache\17.0.2-ea\vcruntime140_1.dll
0x00007ffbd6ca0000 - 0x00007ffbd6d2d000 	C:\Users\shara\.openjfx\cache\17.0.2-ea\msvcp140.dll
0x00007ffbf31b0000 - 0x00007ffbf31da000 	C:\Users\shara\.openjfx\cache\17.0.2-ea\prism_d3d.dll
0x00007ffbef950000 - 0x00007ffbefb1d000 	C:\WINDOWS\system32\d3d9.dll
0x00007ffc15390000 - 0x00007ffc153bf000 	C:\WINDOWS\SYSTEM32\dwmapi.dll
0x00007ffc150d0000 - 0x00007ffc1516e000 	C:\WINDOWS\system32\uxtheme.dll
0x00007ffbd44c0000 - 0x00007ffbd4668000 	C:\WINDOWS\System32\DriverStore\FileRepository\iigd_dch.inf_amd64_393549dac595e659\igdumdim64.dll
0x00007ffc18f30000 - 0x00007ffc1905a000 	C:\WINDOWS\System32\ole32.dll
0x00007ffb775e0000 - 0x00007ffb7b1ff000 	C:\WINDOWS\System32\DriverStore\FileRepository\iigd_dch.inf_amd64_393549dac595e659\igd9dxva64.dll
0x00007ffc18480000 - 0x00007ffc1854d000 	C:\WINDOWS\System32\OLEAUT32.dll
0x00007ffc18a90000 - 0x00007ffc18ef8000 	C:\WINDOWS\System32\SETUPAPI.dll
0x00007ffc17ce0000 - 0x00007ffc17d2e000 	C:\WINDOWS\System32\cfgmgr32.dll
0x00007ffc17d30000 - 0x00007ffc17d57000 	C:\WINDOWS\System32\bcrypt.dll
0x00007ffc02c80000 - 0x00007ffc03048000 	C:\WINDOWS\System32\DriverStore\FileRepository\iigd_dch.inf_amd64_393549dac595e659\igdgmm64.dll
0x00007ffbf0560000 - 0x00007ffbf05a2000 	C:\Users\shara\.openjfx\cache\17.0.2-ea\glass.dll
0x00007ffc18930000 - 0x00007ffc18a0a000 	C:\WINDOWS\System32\COMDLG32.dll
0x00007ffc198f0000 - 0x00007ffc19a04000 	C:\WINDOWS\System32\MSCTF.dll
0x00007ffbaae30000 - 0x00007ffbaae57000 	C:\WINDOWS\System32\DriverStore\FileRepository\iigd_dch.inf_amd64_393549dac595e659\igdinfo64.dll
0x00007ffbff690000 - 0x00007ffc02c76000 	C:\WINDOWS\System32\DriverStore\FileRepository\iigd_dch.inf_amd64_393549dac595e659\igc64.dll
0x00007ffc040a0000 - 0x00007ffc040db000 	C:\WINDOWS\SYSTEM32\dxcore.dll
0x00007ffbf2b40000 - 0x00007ffbf2b54000 	C:\Users\shara\.openjfx\cache\17.0.2-ea\javafx_font.dll
0x00007ffbf7620000 - 0x00007ffbf789f000 	C:\WINDOWS\SYSTEM32\dwrite.dll
0x00007ffc18800000 - 0x00007ffc188a9000 	C:\WINDOWS\System32\clbcatq.dll
0x00007ffc05ab0000 - 0x00007ffc05c64000 	C:\WINDOWS\SYSTEM32\WindowsCodecs.dll
0x00007ffbe57f0000 - 0x00007ffbe582e000 	C:\WINDOWS\system32\dataexchange.dll
0x00007ffc13710000 - 0x00007ffc13973000 	C:\WINDOWS\system32\d3d11.dll
0x00007ffc14340000 - 0x00007ffc14523000 	C:\WINDOWS\system32\dcomp.dll
0x00007ffc16340000 - 0x00007ffc16433000 	C:\WINDOWS\system32\dxgi.dll
0x00007ffc0f6c0000 - 0x00007ffc0f8c0000 	C:\WINDOWS\system32\twinapi.appcore.dll
0x00007ffbe52c0000 - 0x00007ffbe52f4000 	C:\Program Files\Common Files\Microsoft Shared\Ink\rtscom.dll
0x00007ffbfc6c0000 - 0x00007ffbfc7b9000 	C:\WINDOWS\SYSTEM32\textinputframework.dll
0x00007ffc14960000 - 0x00007ffc14cbe000 	C:\WINDOWS\System32\CoreUIComponents.dll
0x00007ffc14d00000 - 0x00007ffc14df2000 	C:\WINDOWS\System32\CoreMessaging.dll
0x00007ffc16c30000 - 0x00007ffc16c63000 	C:\WINDOWS\SYSTEM32\ntmarta.dll
0x00007ffc140a0000 - 0x00007ffc141f4000 	C:\WINDOWS\SYSTEM32\wintypes.dll
0x00007ffc13a80000 - 0x00007ffc14040000 	C:\WINDOWS\SYSTEM32\d2d1.dll
0x00007ffc04a00000 - 0x00007ffc050f6000 	C:\WINDOWS\SYSTEM32\D3D10Warp.dll

dbghelp: loaded successfully - version: 4.0.5 - missing functions: none
symbol engine: initialized successfully - sym options: 0x614 - pdb path: .;C:\Users\shara\.jdks\openjdk-20.0.1\bin;C:\WINDOWS\SYSTEM32;C:\WINDOWS\WinSxS\amd64_microsoft.windows.common-controls_6595b64144ccf1df_6.0.19041.1110_none_60b5254171f9507e;C:\Users\shara\.jdks\openjdk-20.0.1\bin\server;C:\Program Files\JetBrains\IntelliJ IDEA 2022.3.3\bin;C:\Users\shara\.openjfx\cache\17.0.2-ea;C:\WINDOWS\System32\DriverStore\FileRepository\iigd_dch.inf_amd64_393549dac595e659;C:\Program Files\Common Files\Microsoft Shared\Ink

VM Arguments:
jvm_args: -javaagent:C:\Program Files\JetBrains\IntelliJ IDEA 2022.3.3\lib\idea_rt.jar=63946:C:\Program Files\JetBrains\IntelliJ IDEA 2022.3.3\bin -Dfile.encoding=UTF-8 -Dsun.stdout.encoding=UTF-8 -Dsun.stderr.encoding=UTF-8 --module-path=C:\Users\shara\.m2\repository\org\openjfx\javafx-fxml\17.0.2\javafx-fxml-17.0.2-win.jar;C:\Users\shara\.m2\repository\org\openjfx\javafx-base\17.0.2\javafx-base-17.0.2-win.jar;C:\Users\shara\IdeaProjects\Demo\target\classes;C:\Users\shara\.m2\repository\org\openjfx\javafx-controls\17.0.2\javafx-controls-17.0.2-win.jar;C:\Users\shara\.m2\repository\org\openjfx\javafx-graphics\17.0.2\javafx-graphics-17.0.2-win.jar -Djdk.module.main=sample.demo 
java_command: sample.demo/sample.demo.HelloApplication
java_class_path (initial): C:\Users\shara\.m2\repository\org\openjfx\javafx-controls\17.0.2\javafx-controls-17.0.2.jar;C:\Users\shara\.m2\repository\org\openjfx\javafx-graphics\17.0.2\javafx-graphics-17.0.2.jar;C:\Users\shara\.m2\repository\org\openjfx\javafx-base\17.0.2\javafx-base-17.0.2.jar;C:\Users\shara\.m2\repository\org\openjfx\javafx-fxml\17.0.2\javafx-fxml-17.0.2.jar
Launcher Type: SUN_STANDARD

[Global flags]
     intx CICompilerCount                          = 4                                         {product} {ergonomic}
     uint ConcGCThreads                            = 2                                         {product} {ergonomic}
     uint G1ConcRefinementThreads                  = 8                                         {product} {ergonomic}
   size_t G1HeapRegionSize                         = 2097152                                   {product} {ergonomic}
    uintx GCDrainStackTargetSize                   = 64                                        {product} {ergonomic}
   size_t InitialHeapSize                          = 266338304                                 {product} {ergonomic}
   size_t MarkStackSize                            = 4194304                                   {product} {ergonomic}
   size_t MaxHeapSize                              = 4261412864                                {product} {ergonomic}
   size_t MaxNewSize                               = 2556428288                                {product} {ergonomic}
   size_t MinHeapDeltaBytes                        = 2097152                                   {product} {ergonomic}
   size_t MinHeapSize                              = 8388608                                   {product} {ergonomic}
    uintx NonNMethodCodeHeapSize                   = 5839372                                {pd product} {ergonomic}
    uintx NonProfiledCodeHeapSize                  = 122909434                              {pd product} {ergonomic}
    uintx ProfiledCodeHeapSize                     = 122909434                              {pd product} {ergonomic}
    uintx ReservedCodeCacheSize                    = 251658240                              {pd product} {ergonomic}
     bool SegmentedCodeCache                       = true                                      {product} {ergonomic}
   size_t SoftMaxHeapSize                          = 4261412864                             {manageable} {ergonomic}
     bool UseCompressedClassPointers               = true                           {product lp64_product} {ergonomic}
     bool UseCompressedOops                        = true                           {product lp64_product} {ergonomic}
     bool UseG1GC                                  = true                                      {product} {ergonomic}
     bool UseLargePagesIndividualAllocation        = false                                  {pd product} {ergonomic}

Logging:
Log output configuration:
 #0: stdout all=off uptime,level,tags foldmultilines=false
 #1: stderr all=off uptime,level,tags foldmultilines=false

Environment Variables:
PATH=C:\Users\shara\Downloads\CUserssharaDownloadsWINDOWS.X64_193000_db_home\bin;C:\Program Files\Java\jdk-11.0.2\bin;C:\WINDOWS\system32;C:\WINDOWS;C:\WINDOWS\System32\Wbem;C:\WINDOWS\System32\WindowsPowerShell\v1.0\;C:\WINDOWS\System32\OpenSSH\;C:\Program Files\Git\cmd;C:\Program Files\Git\mingw64\bin;C:\Program Files\Git\usr\bin;C:\wamp64\bin\php\php7.3.12;C:\Program Files\dotnet\;C:\Program Files\MySQL\MySQL Shell 8.0\bin\;C:\Users\shara\AppData\Local\Microsoft\WindowsApps;;C:\Program Files\JetBrains\IntelliJ IDEA Community Edition 2020.2.3\bin;;C:\Users\shara\.dotnet\tools;C:\Program Files\JetBrains\IntelliJ IDEA 2022.3.3\bin;
USERNAME=shara
OS=Windows_NT
PROCESSOR_IDENTIFIER=Intel64 Family 6 Model 142 Stepping 12, GenuineIntel
TMP=C:\Users\shara\AppData\Local\Temp
TEMP=C:\Users\shara\AppData\Local\Temp




---------------  S Y S T E M  ---------------

OS:
 Windows 10 , 64 bit Build 19041 (10.0.19041.2788)
OS uptime: 52 days 20:19 hours

CPU: total 8 (initial active 8) (4 cores per cpu, 2 threads per core) family 6 model 142 stepping 12 microcode 0xc6, cx8, cmov, fxsr, ht, mmx, 3dnowpref, sse, sse2, sse3, ssse3, sse4.1, sse4.2, popcnt, lzcnt, tsc, tscinvbit, avx, avx2, aes, erms, clmul, bmi1, bmi2, adx, fma, vzeroupper, clflush, clflushopt, rdtscp, f16c

Memory: 4k page, system-wide physical 16254M (4001M free)
TotalPageFile size 31337M (AvailPageFile size 4056M)
current process WorkingSet (physical memory assigned to process): 189M, peak: 215M
current process commit charge ("private bytes"): 431M, peak: 457M

vm_info: OpenJDK 64-Bit Server VM (20.0.1+9-29) for windows-amd64 JRE (20.0.1+9-29), built on 2023-03-07T13:56:11Z by "mach5one" with MS VC++ 17.1 (VS2022)

END.
