#
# A fatal error has been detected by the Java Runtime Environment:
#
#  EXCEPTION_ACCESS_VIOLATION (0xc0000005) at pc=0x00007ffbf0586ab7, pid=34120, tid=8156
#
# JRE version: OpenJDK Runtime Environment (20.0.1+9) (build 20.0.1+9-29)
# Java VM: OpenJDK 64-Bit Server VM (20.0.1+9-29, mixed mode, sharing, tiered, compressed oops, compressed class ptrs, g1 gc, windows-amd64)
# Problematic frame:
# C  [glass.dll+0x26ab7]
#
# No core dump will be written. Minidumps are not enabled by default on client versions of Windows
#
# If you would like to submit a bug report, please visit:
#   https://bugreport.java.com/bugreport/crash.jsp
#

---------------  S U M M A R Y ------------

Command Line: -javaagent:C:\Program Files\JetBrains\IntelliJ IDEA 2022.3.3\lib\idea_rt.jar=50418:C:\Program Files\JetBrains\IntelliJ IDEA 2022.3.3\bin -Dfile.encoding=UTF-8 -Dsun.stdout.encoding=UTF-8 -Dsun.stderr.encoding=UTF-8 --module-path=C:\Users\shara\IdeaProjects\Demo\target\classes;C:\Users\shara\.m2\repository\org\openjfx\javafx-fxml\17.0.2\javafx-fxml-17.0.2-win.jar;C:\Users\shara\.m2\repository\org\openjfx\javafx-controls\17.0.2\javafx-controls-17.0.2-win.jar;C:\Users\shara\.m2\repository\org\openjfx\javafx-graphics\17.0.2\javafx-graphics-17.0.2-win.jar;C:\Users\shara\.m2\repository\org\openjfx\javafx-base\17.0.2\javafx-base-17.0.2-win.jar -Djdk.module.main=sample.demo sample.demo/sample.demo.HelloApplication

Host: Intel(R) Core(TM) i7-8565U CPU @ 1.80GHz, 8 cores, 15G,  Windows 10 , 64 bit Build 19041 (10.0.19041.2788)
Time: Mon Jun 12 15:47:15 2023 Russia TZ 2 Standard Time elapsed time: 1099.461327 seconds (0d 0h 18m 19s)

---------------  T H R E A D  ---------------

Current thread (0x000001bc82185830):  VMThread "VM Thread" [stack: 0x000000b32c900000,0x000000b32ca00000] [id=8156]

Stack: [0x000000b32c900000,0x000000b32ca00000],  sp=0x000000b32c9ff360,  free space=1020k
Native frames: (J=compiled Java code, j=interpreted, Vv=VM code, C=native code)
C  [glass.dll+0x26ab7]


siginfo: EXCEPTION_ACCESS_VIOLATION (0xc0000005), reading address 0x0000000000000000


Registers:
RAX=0x0000000000000000, RBX=0x000001bc821894b0, RCX=0x000001bc82185830, RDX=0x000000b32c9ff360
RSP=0x000000b32c9ff360, RBP=0x000001bc86ed5f28, RSI=0x000001bc86ed5f00, RDI=0x00008dcad45b0001
R8 =0x0000000000010002, R9 =0x00008dcad45b0001, R10=0x0000000000008000, R11=0x000000b32c9ff2f0
R12=0x00007ffbf0584384, R13=0x00007ffb7678ea90, R14=0x000000b32c9ff458, R15=0x000001bc86ed5f00
RIP=0x00007ffbf0586ab7, EFLAGS=0x0000000000010202


Register to memory mapping:

RIP=0x00007ffbf0586ab7 glass.dll
RAX=0x0 is NULL
RBX=0x000001bc821894b0 is a global jni handle
RCX=0x000001bc82185830 points into unknown readable memory: 0x00007ffb765b7080 | 80 70 5b 76 fb 7f 00 00
RDX=0x000000b32c9ff360 points into unknown readable memory: 0x0000000000000000 | 00 00 00 00 00 00 00 00
RSP=0x000000b32c9ff360 points into unknown readable memory: 0x0000000000000000 | 00 00 00 00 00 00 00 00
RBP=0x000001bc86ed5f28 points into unknown readable memory: 0x00008dcad45b0001 | 01 00 5b d4 ca 8d 00 00
RSI=0x000001bc86ed5f00 points into unknown readable memory: 0x0000723d34eb7d39 | 39 7d eb 34 3d 72 00 00
RDI=0x00008dcad45b0001 is an unknown value
R8 =0x0000000000010002 is an unknown value
R9 =0x00008dcad45b0001 is an unknown value
R10=0x0000000000008000 is an unknown value
R11=0x000000b32c9ff2f0 points into unknown readable memory: 0x000001bc86ed5f00 | 00 5f ed 86 bc 01 00 00
R12=0x00007ffbf0584384 glass.dll
R13=0x00007ffb7678ea90 jvm.dll
R14=0x000000b32c9ff458 points into unknown readable memory: 0x000000b32c9ff440 | 40 f4 9f 2c b3 00 00 00
R15=0x000001bc86ed5f00 points into unknown readable memory: 0x0000723d34eb7d39 | 39 7d eb 34 3d 72 00 00


Top of Stack: (sp=0x000000b32c9ff360)
0x000000b32c9ff360:   0000000000000000 000001bc86ed5f00
0x000000b32c9ff370:   00007ffb7678ea90 00007ffbf0584384
0x000000b32c9ff380:   000001bc86ed5f08 00007ffc182b42d6
0x000000b32c9ff390:   00008dcad45b0001 000001bc00000000
0x000000b32c9ff3a0:   000001bc86ed5f28 000001bc86ed5f00
0x000000b32c9ff3b0:   fffffffffffffffe 0000000000000000
0x000000b32c9ff3c0:   0000000000000001 00007ffbf0560000
0x000000b32c9ff3d0:   000000b32c9ff448 00007ffc182b41fb
0x000000b32c9ff3e0:   0000000000000000 000000b32c9ff458
0x000000b32c9ff3f0:   000000b32c9ff720 00007ffc18390e40
0x000000b32c9ff400:   0000000000000001 00007ffc182b41b4
0x000000b32c9ff410:   0000000000000000 0000000000000001
0x000000b32c9ff420:   00007ffb00000001 000000b32c9ff448
0x000000b32c9ff430:   0000000000000000 00007ffbf0584211
0x000000b32c9ff440:   00007ffbf059a138 00007ffc00000002
0x000000b32c9ff450:   0000000000000002 000000b32c9ff440
0x000000b32c9ff460:   0000000000000000 00007ffc1a389993
0x000000b32c9ff470:   0000000000000000 00007ffbf0584336
0x000000b32c9ff480:   0000000000000001 0000000000000000
0x000000b32c9ff490:   0000000000000000 0000000000000001
0x000000b32c9ff4a0:   0000000000000000 0000000000000000
0x000000b32c9ff4b0:   0000000000000001 00006e69a3ca8edc
0x000000b32c9ff4c0:   00007ffbf0560000 000000007ffe0384
0x000000b32c9ff4d0:   0000000000000000 00007ffc1a389a1d
0x000000b32c9ff4e0:   00007ffbf0560000 0000000000000000
0x000000b32c9ff4f0:   0000000000000001 000000007ffe0385
0x000000b32c9ff500:   0000000002360fb8 000000b32c9ff720
0x000000b32c9ff510:   00006e6900000000 0000000000000014
0x000000b32c9ff520:   0000000000000000 00007ffbf0584384
0x000000b32c9ff530:   00000000000003d8 000001bc86ec4390
0x000000b32c9ff540:   000001bc82178000 00007ffc1a3cdcec
0x000000b32c9ff550:   000001bc86ec3b20 00007ffbf0560000 

Instructions: (pc=0x00007ffbf0586ab7)
0x00007ffbf05869b7:   8b 4d 58 e8 01 cf ff ff 48 8b 4d 60 e8 f8 ce ff
0x00007ffbf05869c7:   ff 48 8b 95 80 00 00 00 48 8b 8d 18 01 00 00 e8
0x00007ffbf05869d7:   c6 c3 ff ff 33 d2 33 c9 e8 3c e1 ff ff 90 48 89
0x00007ffbf05869e7:   54 24 10 55 48 83 ec 20 48 8b ea 48 b8 00 00 00
0x00007ffbf05869f7:   00 00 00 00 00 48 83 c4 20 5d c3 cc 40 55 48 8b
0x00007ffbf0586a07:   ea 48 8b 01 33 c9 81 38 05 00 00 c0 0f 94 c1 8b
0x00007ffbf0586a17:   c1 5d c3 cc 40 55 48 83 ec 20 48 8b ea 8a 4d 40
0x00007ffbf0586a27:   48 83 c4 20 5d e9 f7 d2 ff ff cc 40 55 48 83 ec
0x00007ffbf0586a37:   20 48 8b ea 8a 4d 20 e8 e5 d2 ff ff 90 48 83 c4
0x00007ffbf0586a47:   20 5d c3 cc 40 55 48 83 ec 20 48 8b ea 48 83 c4
0x00007ffbf0586a57:   20 5d e9 46 d1 ff ff cc 40 55 48 83 ec 30 48 8b
0x00007ffbf0586a67:   ea 48 8b 01 8b 10 48 89 4c 24 28 89 54 24 20 4c
0x00007ffbf0586a77:   8d 0d e7 d5 ff ff 4c 8b 45 70 8b 55 68 48 8b 4d
0x00007ffbf0586a87:   60 e8 87 d0 ff ff 90 48 83 c4 30 5d c3 cc cc cc
0x00007ffbf0586a97:   cc cc cc cc cc cc cc cc cc 40 53 48 83 ec 20 48
0x00007ffbf0586aa7:   8b 1d 83 30 01 00 48 85 db 74 16 e8 09 8b ff ff
0x00007ffbf0586ab7:   4c 8b 00 48 8b d3 48 8b c8 41 ff 90 b0 00 00 00
0x00007ffbf0586ac7:   90 48 83 c4 20 5b c3 cc cc 40 53 48 83 ec 20 48
0x00007ffbf0586ad7:   8b 1d fb 31 01 00 48 85 db 74 57 b8 ff ff ff ff
0x00007ffbf0586ae7:   f0 0f c1 43 10 83 f8 01 75 3d 48 85 db 74 38 48
0x00007ffbf0586af7:   8b 0b 48 85 c9 74 0d ff 15 a4 07 00 00 48 c7 03
0x00007ffbf0586b07:   00 00 00 00 48 8b 4b 08 48 85 c9 74 0d e8 a7 cd
0x00007ffbf0586b17:   ff ff 48 c7 43 08 00 00 00 00 ba 18 00 00 00 48
0x00007ffbf0586b27:   8b cb e8 92 cd ff ff 48 c7 05 9f 31 01 00 00 00
0x00007ffbf0586b37:   00 00 48 83 c4 20 5b c3 cc 40 53 48 83 ec 20 48
0x00007ffbf0586b47:   8b 1d 6b 31 01 00 48 85 db 74 57 b8 ff ff ff ff
0x00007ffbf0586b57:   f0 0f c1 43 10 83 f8 01 75 3d 48 85 db 74 38 48
0x00007ffbf0586b67:   8b 0b 48 85 c9 74 0d ff 15 34 07 00 00 48 c7 03
0x00007ffbf0586b77:   00 00 00 00 48 8b 4b 08 48 85 c9 74 0d e8 37 cd
0x00007ffbf0586b87:   ff ff 48 c7 43 08 00 00 00 00 ba 18 00 00 00 48
0x00007ffbf0586b97:   8b cb e8 22 cd ff ff 48 c7 05 0f 31 01 00 00 00
0x00007ffbf0586ba7:   00 00 48 83 c4 20 5b c3 cc 40 53 48 83 ec 20 48 


Stack slot to memory mapping:
stack at sp + 0 slots: 0x0 is NULL
stack at sp + 1 slots: 0x000001bc86ed5f00 points into unknown readable memory: 0x0000723d34eb7d39 | 39 7d eb 34 3d 72 00 00
stack at sp + 2 slots: 0x00007ffb7678ea90 jvm.dll
stack at sp + 3 slots: 0x00007ffbf0584384 glass.dll
stack at sp + 4 slots: 0x000001bc86ed5f08 points into unknown readable memory: 0x00008dcad45b0001 | 01 00 5b d4 ca 8d 00 00
stack at sp + 5 slots: 0x00007ffc182b42d6 ucrtbase.dll
stack at sp + 6 slots: 0x00008dcad45b0001 is an unknown value
stack at sp + 7 slots: 0x000001bc00000000 is an unknown value

VM_Operation (0x000000b32dcfef30): Exit, mode: safepoint, requested by thread 0x000001bc875b1c10


---------------  P R O C E S S  ---------------

Threads class SMR info:
_java_thread_list=0x000001bc8f88c0f0, length=21, elements={
0x000001bce2abbcb0, 0x000001bc821a1bc0, 0x000001bc821a2b60, 0x000001bc821a4d90,
0x000001bc821a58d0, 0x000001bc821a94d0, 0x000001bc821ad190, 0x000001bc821b2f30,
0x000001bc821bba60, 0x000001bc821ad6e0, 0x000001bc821ac6f0, 0x000001bc821ae6d0,
0x000001bc821ae180, 0x000001bc821adc30, 0x000001bc821ab1b0, 0x000001bc821ab700,
0x000001bc821abc50, 0x000001bc821acc40, 0x000001bc875b7660, 0x000001bc875b2160,
0x000001bc875b1c10
}

Java Threads: ( => current thread )
  0x000001bce2abbcb0 JavaThread "main" [_thread_blocked, id=24164, stack(0x000000b32c300000,0x000000b32c400000)]
  0x000001bc821a1bc0 JavaThread "Reference Handler" daemon [_thread_blocked, id=25000, stack(0x000000b32ca00000,0x000000b32cb00000)]
  0x000001bc821a2b60 JavaThread "Finalizer" daemon [_thread_blocked, id=17128, stack(0x000000b32cb00000,0x000000b32cc00000)]
  0x000001bc821a4d90 JavaThread "Signal Dispatcher" daemon [_thread_blocked, id=30808, stack(0x000000b32cc00000,0x000000b32cd00000)]
  0x000001bc821a58d0 JavaThread "Attach Listener" daemon [_thread_blocked, id=11008, stack(0x000000b32cd00000,0x000000b32ce00000)]
  0x000001bc821a94d0 JavaThread "Service Thread" daemon [_thread_blocked, id=34412, stack(0x000000b32ce00000,0x000000b32cf00000)]
  0x000001bc821ad190 JavaThread "Monitor Deflation Thread" daemon [_thread_blocked, id=17776, stack(0x000000b32cf00000,0x000000b32d000000)]
  0x000001bc821b2f30 JavaThread "C2 CompilerThread0" daemon [_thread_blocked, id=28420, stack(0x000000b32d000000,0x000000b32d100000)]
  0x000001bc821bba60 JavaThread "C1 CompilerThread0" daemon [_thread_blocked, id=2504, stack(0x000000b32d100000,0x000000b32d200000)]
  0x000001bc821ad6e0 JavaThread "Common-Cleaner" daemon [_thread_blocked, id=35244, stack(0x000000b32d200000,0x000000b32d300000)]
  0x000001bc821ac6f0 JavaThread "Monitor Ctrl-Break" daemon [_thread_in_native, id=18344, stack(0x000000b32d500000,0x000000b32d600000)]
  0x000001bc821ae6d0 JavaThread "Notification Thread" daemon [_thread_blocked, id=22836, stack(0x000000b32d600000,0x000000b32d700000)]
  0x000001bc821ae180 JavaThread "QuantumRenderer-0" daemon [_thread_blocked, id=7824, stack(0x000000b32d400000,0x000000b32d500000)]
  0x000001bc821adc30 JavaThread "InvokeLaterDispatcher" daemon [_thread_blocked, id=28396, stack(0x000000b32d800000,0x000000b32d900000)]
  0x000001bc821ab1b0 JavaThread "JavaFX Application Thread" [_thread_in_native, id=34640, stack(0x000000b32d900000,0x000000b32da00000)]
  0x000001bc821ab700 JavaThread "Thread-1" daemon [_thread_in_native, id=32348, stack(0x000000b32dd00000,0x000000b32de00000)]
  0x000001bc821abc50 JavaThread "JavaFX-Launcher" [_thread_blocked, id=35064, stack(0x000000b32de00000,0x000000b32df00000)]
  0x000001bc821acc40 JavaThread "Prism Font Disposer" daemon [_thread_blocked, id=33704, stack(0x000000b32e800000,0x000000b32e900000)]
  0x000001bc875b7660 JavaThread "Cleaner-0" daemon [_thread_blocked, id=17172, stack(0x000000b32e900000,0x000000b32ea00000)]
  0x000001bc875b2160 JavaThread "mysql-cj-abandoned-connection-cleanup" daemon [_thread_blocked, id=16340, stack(0x000000b32d300000,0x000000b32d400000)]
  0x000001bc875b1c10 JavaThread "SIGINT handler" daemon [_thread_blocked, id=22540, stack(0x000000b32dc00000,0x000000b32dd00000)]

Other Threads:
=>0x000001bc82185830 VMThread "VM Thread" [stack: 0x000000b32c900000,0x000000b32ca00000] [id=8156]
  0x000001bce2b2a060 WorkerThread "GC Thread#0" [stack: 0x000000b32c400000,0x000000b32c500000] [id=30496]
  0x000001bc8719eaa0 WorkerThread "GC Thread#1" [stack: 0x000000b32df00000,0x000000b32e000000] [id=32296]
  0x000001bc87266870 WorkerThread "GC Thread#2" [stack: 0x000000b32e000000,0x000000b32e100000] [id=26144]
  0x000001bc87242990 WorkerThread "GC Thread#3" [stack: 0x000000b32e100000,0x000000b32e200000] [id=23152]
  0x000001bc872f9f20 WorkerThread "GC Thread#4" [stack: 0x000000b32e200000,0x000000b32e300000] [id=27864]
  0x000001bc872fa1f0 WorkerThread "GC Thread#5" [stack: 0x000000b32e300000,0x000000b32e400000] [id=34484]
  0x000001bc872fb5a0 WorkerThread "GC Thread#6" [stack: 0x000000b32ef00000,0x000000b32f000000] [id=31996]
  0x000001bc872fa4c0 WorkerThread "GC Thread#7" [stack: 0x000000b32f000000,0x000000b32f100000] [id=428]
  0x000001bce2b3af10 ConcurrentGCThread "G1 Main Marker" terminated
  0x000001bce2b3d0f0 WorkerThread "G1 Conc#0" [stack: 0x000000b32c600000,0x000000b32c700000] [id=33268]
  0x000001bc872fa790 WorkerThread "G1 Conc#1" [stack: 0x000000b32f100000,0x000000b32f200000] [id=34112]
  0x000001bce2b8e590 ConcurrentGCThread "G1 Refine#0" terminated
  0x000001bc820412a0 ConcurrentGCThread "G1 Service" terminated

Threads with active compile tasks:

VM state: at safepoint (shutting down)

VM Mutex/Monitor currently owned by a thread:  ([mutex/lock_event])
[0x000001bce2ab75a0] Threads_lock - owner thread: 0x000001bc82185830
[0x000001bce2ab8560] Heap_lock - owner thread: 0x000001bc875b1c10

Heap address: 0x0000000702000000, size: 4064 MB, Compressed Oops mode: Zero based, Oop shift amount: 3

CDS archive(s) mapped at: [0x0000000800000000-0x0000000800c60000-0x0000000800c60000), size 12976128, SharedBaseAddress: 0x0000000800000000, ArchiveRelocationMode: 0.
Compressed class space mapped at: 0x0000000801000000-0x0000000841000000, reserved size: 1073741824
Narrow klass base: 0x0000000800000000, Narrow klass shift: 0, Narrow klass range: 0x100000000

GC Precious Log:
 CardTable entry size: 512
 Card Set container configuration: InlinePtr #cards 4 size 8 Array Of Cards #cards 16 size 48 Howl #buckets 8 coarsen threshold 3686 Howl Bitmap #cards 512 size 80 coarsen threshold 460 Card regions per heap region 1 cards per card region 4096
 CPUs: 8 total, 8 available
 Memory: 16254M
 Large Page Support: Disabled
 NUMA Support: Disabled
 Compressed Oops: Enabled (Zero based)
 Heap Region Size: 2M
 Heap Min Capacity: 8M
 Heap Initial Capacity: 254M
 Heap Max Capacity: 4064M
 Pre-touch: Disabled
 Parallel Workers: 8
 Concurrent Workers: 2
 Concurrent Refinement Workers: 8
 Periodic GC: Disabled

Heap:
 garbage-first heap   total 55296K, used 40224K [0x0000000702000000, 0x0000000800000000)
  region size 2048K, 13 young (26624K), 2 survivors (4096K)
 Metaspace       used 27102K, committed 27456K, reserved 1114112K
  class space    used 3490K, committed 3648K, reserved 1048576K

Heap Regions: E=young(eden), S=young(survivor), O=old, HS=humongous(starts), HC=humongous(continues), CS=collection set, F=free, OA=open archive, CA=closed archive, TAMS=top-at-mark-start, PB=parsable bottom
|   0|0x0000000702000000, 0x0000000702200000, 0x0000000702200000|100%|HS|  |TAMS 0x0000000702000000| PB 0x0000000702000000| Complete 
|   1|0x0000000702200000, 0x0000000702400000, 0x0000000702400000|100%| O|  |TAMS 0x0000000702200000| PB 0x0000000702200000| Untracked 
|   2|0x0000000702400000, 0x0000000702444a00, 0x0000000702600000| 13%| O|  |TAMS 0x0000000702400000| PB 0x0000000702400000| Complete 
|   3|0x0000000702600000, 0x0000000702800000, 0x0000000702800000|100%| O|  |TAMS 0x0000000702600000| PB 0x0000000702600000| Untracked 
|   4|0x0000000702800000, 0x0000000702a00000, 0x0000000702a00000|100%| O|  |TAMS 0x0000000702800000| PB 0x0000000702800000| Untracked 
|   5|0x0000000702a00000, 0x0000000702c00000, 0x0000000702c00000|100%| O|  |TAMS 0x0000000702a00000| PB 0x0000000702a00000| Untracked 
|   6|0x0000000702c00000, 0x0000000702e00000, 0x0000000702e00000|100%| O|  |TAMS 0x0000000702c00000| PB 0x0000000702c00000| Untracked 
|   7|0x0000000702e00000, 0x0000000702f03600, 0x0000000703000000| 50%| O|  |TAMS 0x0000000702e00000| PB 0x0000000702e00000| Untracked 
|   8|0x0000000703000000, 0x0000000703200000, 0x0000000703200000|100%|HS|  |TAMS 0x0000000703000000| PB 0x0000000703000000| Complete 
|   9|0x0000000703200000, 0x0000000703400000, 0x0000000703400000|100%| S|CS|TAMS 0x0000000703200000| PB 0x0000000703200000| Complete 
|  10|0x0000000703400000, 0x0000000703600000, 0x0000000703600000|100%| S|CS|TAMS 0x0000000703400000| PB 0x0000000703400000| Complete 
|  11|0x0000000703600000, 0x0000000703600000, 0x0000000703800000|  0%| F|  |TAMS 0x0000000703600000| PB 0x0000000703600000| Untracked 
|  12|0x0000000703800000, 0x0000000703800000, 0x0000000703a00000|  0%| F|  |TAMS 0x0000000703800000| PB 0x0000000703800000| Untracked 
|  13|0x0000000703a00000, 0x0000000703a00000, 0x0000000703c00000|  0%| F|  |TAMS 0x0000000703a00000| PB 0x0000000703a00000| Untracked 
|  14|0x0000000703c00000, 0x0000000703c00000, 0x0000000703e00000|  0%| F|  |TAMS 0x0000000703c00000| PB 0x0000000703c00000| Untracked 
|  15|0x0000000703e00000, 0x0000000703e00000, 0x0000000704000000|  0%| F|  |TAMS 0x0000000703e00000| PB 0x0000000703e00000| Untracked 
|  16|0x0000000704000000, 0x0000000704135588, 0x0000000704200000| 60%| E|  |TAMS 0x0000000704000000| PB 0x0000000704000000| Complete 
|  17|0x0000000704200000, 0x0000000704400000, 0x0000000704400000|100%| E|CS|TAMS 0x0000000704200000| PB 0x0000000704200000| Complete 
|  18|0x0000000704400000, 0x0000000704600000, 0x0000000704600000|100%| E|CS|TAMS 0x0000000704400000| PB 0x0000000704400000| Complete 
|  19|0x0000000704600000, 0x0000000704800000, 0x0000000704800000|100%| E|CS|TAMS 0x0000000704600000| PB 0x0000000704600000| Complete 
|  20|0x0000000704800000, 0x0000000704a00000, 0x0000000704a00000|100%| E|CS|TAMS 0x0000000704800000| PB 0x0000000704800000| Complete 
|  21|0x0000000704a00000, 0x0000000704c00000, 0x0000000704c00000|100%| E|CS|TAMS 0x0000000704a00000| PB 0x0000000704a00000| Complete 
| 118|0x0000000710c00000, 0x0000000710e00000, 0x0000000710e00000|100%| E|CS|TAMS 0x0000000710c00000| PB 0x0000000710c00000| Complete 
| 119|0x0000000710e00000, 0x0000000711000000, 0x0000000711000000|100%| E|CS|TAMS 0x0000000710e00000| PB 0x0000000710e00000| Complete 
| 120|0x0000000711000000, 0x0000000711200000, 0x0000000711200000|100%| E|CS|TAMS 0x0000000711000000| PB 0x0000000711000000| Complete 
| 121|0x0000000711200000, 0x0000000711400000, 0x0000000711400000|100%| E|CS|TAMS 0x0000000711200000| PB 0x0000000711200000| Complete 
| 126|0x0000000711c00000, 0x0000000711e00000, 0x0000000711e00000|100%| E|CS|TAMS 0x0000000711c00000| PB 0x0000000711c00000| Complete 

Card table byte_map: [0x000001bcfa6a0000,0x000001bcfae90000] _byte_map_base: 0x000001bcf6e90000

Marking Bits: (CMBitMap*) 0x000001bce2b2a690
 Bits: [0x000001bcfb680000, 0x000001bcff600000)

Polling page: 0x000001bce2290000

Metaspace:

Usage:
  Non-class:     23.06 MB used.
      Class:      3.41 MB used.
       Both:     26.47 MB used.

Virtual space:
  Non-class space:       64.00 MB reserved,      23.25 MB ( 36%) committed,  1 nodes.
      Class space:        1.00 GB reserved,       3.56 MB ( <1%) committed,  1 nodes.
             Both:        1.06 GB reserved,      26.81 MB (  2%) committed. 

Chunk freelists:
   Non-Class:  3.94 MB
       Class:  400.00 KB
        Both:  4.33 MB

MaxMetaspaceSize: unlimited
CompressedClassSpaceSize: 1.00 GB
Initial GC threshold: 21.00 MB
Current GC threshold: 35.25 MB
CDS: on
MetaspaceReclaimPolicy: balanced
 - commit_granule_bytes: 65536.
 - commit_granule_words: 8192.
 - virtual_space_node_default_size: 8388608.
 - enlarge_chunks_in_place: 1.
 - new_chunks_are_fully_committed: 0.
 - uncommit_free_chunks: 1.
 - use_allocation_guard: 0.


Internal statistics:

num_allocs_failed_limit: 3.
num_arena_births: 428.
num_arena_deaths: 0.
num_vsnodes_births: 2.
num_vsnodes_deaths: 0.
num_space_committed: 429.
num_space_uncommitted: 0.
num_chunks_returned_to_freelist: 3.
num_chunks_taken_from_freelist: 1223.
num_chunk_merges: 3.
num_chunk_splits: 830.
num_chunks_enlarged: 608.
num_inconsistent_stats: 0.

CodeHeap 'non-profiled nmethods': size=120000Kb used=2537Kb max_used=2537Kb free=117462Kb
 bounds [0x000001bcf2650000, 0x000001bcf28d0000, 0x000001bcf9b80000]
CodeHeap 'profiled nmethods': size=120000Kb used=10869Kb max_used=10869Kb free=109130Kb
 bounds [0x000001bceab80000, 0x000001bceb620000, 0x000001bcf20b0000]
CodeHeap 'non-nmethods': size=5760Kb used=1976Kb max_used=2030Kb free=3784Kb
 bounds [0x000001bcf20b0000, 0x000001bcf2320000, 0x000001bcf2650000]
 total_blobs=6183 nmethods=5277 adapters=816
 compilation: enabled
              stopped_count=0, restarted_count=0
 full_count=0

Compilation events (20 events):
Event: 800.056 Thread 0x000001bc821b2f30 5270   !   4       java.util.jar.JarFile::checkForSpecialAttributes (163 bytes)
Event: 800.058 Thread 0x000001bc821b2f30 nmethod 5270 0x000001bcf28c5990 code [0x000001bcf28c5b40, 0x000001bcf28c6070]
Event: 840.069 Thread 0x000001bc821b2f30 5271       4       java.util.zip.ZipCoder::hash (36 bytes)
Event: 840.073 Thread 0x000001bc821b2f30 nmethod 5271 0x000001bcf28c6290 code [0x000001bcf28c6420, 0x000001bcf28c6758]
Event: 915.098 Thread 0x000001bc821b2f30 5272       4       java.util.concurrent.locks.AbstractQueuedSynchronizer::release (19 bytes)
Event: 915.099 Thread 0x000001bc821b2f30 nmethod 5272 0x000001bcf28c6a10 code [0x000001bcf28c6ba0, 0x000001bcf28c6db0]
Event: 970.112 Thread 0x000001bc821bba60 5273       3       java.lang.Thread::isSupportedClassLoader (28 bytes)
Event: 970.112 Thread 0x000001bc821bba60 nmethod 5273 0x000001bceb61a710 code [0x000001bceb61a8c0, 0x000001bceb61abd8]
Event: 1010.124 Thread 0x000001bc821bba60 5274       3       jdk.internal.loader.URLClassPath::findResource (38 bytes)
Event: 1010.124 Thread 0x000001bc821bba60 nmethod 5274 0x000001bceb61ac90 code [0x000001bceb61ae40, 0x000001bceb61b188]
Event: 1030.130 Thread 0x000001bc821b2f30 5275       4       jdk.internal.misc.Unsafe::weakCompareAndSetInt (11 bytes)
Event: 1030.130 Thread 0x000001bc821b2f30 nmethod 5275 0x000001bcf28c6f10 code [0x000001bcf28c7080, 0x000001bcf28c7118]
Event: 1035.131 Thread 0x000001bc821b2f30 5276   !   4       java.util.zip.ZipFile::getEntry (59 bytes)
Event: 1035.183 Thread 0x000001bc821b2f30 nmethod 5276 0x000001bcf28c7210 code [0x000001bcf28c7440, 0x000001bcf28c91c0]
Event: 1065.138 Thread 0x000001bc821bba60 5277       3       java.util.concurrent.TimeUnit::toNanos (45 bytes)
Event: 1065.138 Thread 0x000001bc821bba60 nmethod 5277 0x000001bceb61b310 code [0x000001bceb61b4c0, 0x000001bceb61b738]
Event: 1075.140 Thread 0x000001bc821bba60 5279       3       java.util.concurrent.locks.AbstractQueuedSynchronizer$ConditionObject::await (207 bytes)
Event: 1075.141 Thread 0x000001bc821bba60 nmethod 5279 0x000001bceb61b810 code [0x000001bceb61bae0, 0x000001bceb61ca00]
Event: 1075.141 Thread 0x000001bc821bba60 5278       3       java.lang.ref.ReferenceQueue::await (15 bytes)
Event: 1075.141 Thread 0x000001bc821bba60 nmethod 5278 0x000001bceb61d010 code [0x000001bceb61d1a0, 0x000001bceb61d340]

GC Heap History (8 events):
Event: 0.684 GC heap before
{Heap before GC invocations=0 (full 0):
 garbage-first heap   total 260096K, used 20480K [0x0000000702000000, 0x0000000800000000)
  region size 2048K, 11 young (22528K), 0 survivors (0K)
 Metaspace       used 5117K, committed 5376K, reserved 1114112K
  class space    used 594K, committed 704K, reserved 1048576K
}
Event: 0.688 GC heap after
{Heap after GC invocations=1 (full 0):
 garbage-first heap   total 260096K, used 3081K [0x0000000702000000, 0x0000000800000000)
  region size 2048K, 2 young (4096K), 2 survivors (4096K)
 Metaspace       used 5117K, committed 5376K, reserved 1114112K
  class space    used 594K, committed 704K, reserved 1048576K
}
Event: 3.829 GC heap before
{Heap before GC invocations=1 (full 0):
 garbage-first heap   total 260096K, used 41993K [0x0000000702000000, 0x0000000800000000)
  region size 2048K, 20 young (40960K), 2 survivors (4096K)
 Metaspace       used 15430K, committed 15808K, reserved 1114112K
  class space    used 2028K, committed 2240K, reserved 1048576K
}
Event: 3.836 GC heap after
{Heap after GC invocations=2 (full 0):
 garbage-first heap   total 260096K, used 10514K [0x0000000702000000, 0x0000000800000000)
  region size 2048K, 3 young (6144K), 3 survivors (6144K)
 Metaspace       used 15430K, committed 15808K, reserved 1114112K
  class space    used 2028K, committed 2240K, reserved 1048576K
}
Event: 4.229 GC heap before
{Heap before GC invocations=2 (full 0):
 garbage-first heap   total 260096K, used 18706K [0x0000000702000000, 0x0000000800000000)
  region size 2048K, 8 young (16384K), 3 survivors (6144K)
 Metaspace       used 21122K, committed 21504K, reserved 1114112K
  class space    used 2683K, committed 2880K, reserved 1048576K
}
Event: 4.235 GC heap after
{Heap after GC invocations=3 (full 0):
 garbage-first heap   total 260096K, used 12426K [0x0000000702000000, 0x0000000800000000)
  region size 2048K, 4 young (8192K), 4 survivors (8192K)
 Metaspace       used 21122K, committed 21504K, reserved 1114112K
  class space    used 2683K, committed 2880K, reserved 1048576K
}
Event: 4.802 GC heap before
{Heap before GC invocations=4 (full 0):
 garbage-first heap   total 55296K, used 37002K [0x0000000702000000, 0x0000000800000000)
  region size 2048K, 16 young (32768K), 4 survivors (8192K)
 Metaspace       used 25324K, committed 25728K, reserved 1114112K
  class space    used 3381K, committed 3520K, reserved 1048576K
}
Event: 4.816 GC heap after
{Heap after GC invocations=5 (full 0):
 garbage-first heap   total 55296K, used 17696K [0x0000000702000000, 0x0000000800000000)
  region size 2048K, 2 young (4096K), 2 survivors (4096K)
 Metaspace       used 25324K, committed 25728K, reserved 1114112K
  class space    used 3381K, committed 3520K, reserved 1048576K
}

Dll operation events (20 events):
Event: 0.438 Loaded shared library C:\Users\shara\.openjfx\cache\17.0.2-ea\api-ms-win-crt-heap-l1-1-0.dll
Event: 0.441 Loaded shared library C:\Users\shara\.openjfx\cache\17.0.2-ea\api-ms-win-crt-locale-l1-1-0.dll
Event: 0.443 Loaded shared library C:\Users\shara\.openjfx\cache\17.0.2-ea\api-ms-win-crt-math-l1-1-0.dll
Event: 0.446 Loaded shared library C:\Users\shara\.openjfx\cache\17.0.2-ea\api-ms-win-crt-multibyte-l1-1-0.dll
Event: 0.449 Loaded shared library C:\Users\shara\.openjfx\cache\17.0.2-ea\api-ms-win-crt-private-l1-1-0.dll
Event: 0.451 Loaded shared library C:\Users\shara\.openjfx\cache\17.0.2-ea\api-ms-win-crt-process-l1-1-0.dll
Event: 0.454 Loaded shared library C:\Users\shara\.openjfx\cache\17.0.2-ea\api-ms-win-crt-runtime-l1-1-0.dll
Event: 0.458 Loaded shared library C:\Users\shara\.openjfx\cache\17.0.2-ea\api-ms-win-crt-stdio-l1-1-0.dll
Event: 0.461 Loaded shared library C:\Users\shara\.openjfx\cache\17.0.2-ea\api-ms-win-crt-string-l1-1-0.dll
Event: 0.464 Loaded shared library C:\Users\shara\.openjfx\cache\17.0.2-ea\api-ms-win-crt-time-l1-1-0.dll
Event: 0.467 Loaded shared library C:\Users\shara\.openjfx\cache\17.0.2-ea\api-ms-win-crt-utility-l1-1-0.dll
Event: 0.482 Loaded shared library C:\Users\shara\.openjfx\cache\17.0.2-ea\ucrtbase.dll
Event: 0.486 Loaded shared library C:\Users\shara\.openjfx\cache\17.0.2-ea\vcruntime140.dll
Event: 0.490 Loaded shared library C:\Users\shara\.openjfx\cache\17.0.2-ea\vcruntime140_1.dll
Event: 0.499 Loaded shared library C:\Users\shara\.openjfx\cache\17.0.2-ea\msvcp140.dll
Event: 0.535 Loaded shared library C:\Users\shara\.openjfx\cache\17.0.2-ea\prism_d3d.dll
Event: 0.570 Loaded shared library C:\Users\shara\.openjfx\cache\17.0.2-ea\glass.dll
Event: 0.676 Loaded shared library C:\Users\shara\.jdks\openjdk-20.0.1\bin\jimage.dll
Event: 0.821 Loaded shared library C:\Users\shara\.openjfx\cache\17.0.2-ea\javafx_font.dll
Event: 3.988 Loaded shared library C:\Users\shara\.jdks\openjdk-20.0.1\bin\sunmscapi.dll

Deoptimization events (20 events):
Event: 25.272 Thread 0x000001bc821ab1b0 Uncommon trap: trap_request=0xffffffde fr.pc=0x000001bcf265d940 relative=0x00000000000000c0
Event: 25.272 Thread 0x000001bc821ab1b0 Uncommon trap: reason=class_check action=maybe_recompile pc=0x000001bcf265d940 method=java.lang.Character.codePointAt(Ljava/lang/CharSequence;I)I @ 2 c2
Event: 25.272 Thread 0x000001bc821ab1b0 DEOPT PACKING pc=0x000001bcf265d940 sp=0x000000b32d9f8f70
Event: 25.272 Thread 0x000001bc821ab1b0 DEOPT UNPACKING pc=0x000001bcf2119d22 sp=0x000000b32d9f8f08 mode 2
Event: 25.272 Thread 0x000001bc821ab1b0 Uncommon trap: trap_request=0xffffffde fr.pc=0x000001bcf265d940 relative=0x00000000000000c0
Event: 25.272 Thread 0x000001bc821ab1b0 Uncommon trap: reason=class_check action=maybe_recompile pc=0x000001bcf265d940 method=java.lang.Character.codePointAt(Ljava/lang/CharSequence;I)I @ 2 c2
Event: 25.272 Thread 0x000001bc821ab1b0 DEOPT PACKING pc=0x000001bcf265d940 sp=0x000000b32d9f8f70
Event: 25.272 Thread 0x000001bc821ab1b0 DEOPT UNPACKING pc=0x000001bcf2119d22 sp=0x000000b32d9f8f08 mode 2
Event: 25.272 Thread 0x000001bc821ab1b0 Uncommon trap: trap_request=0xffffffde fr.pc=0x000001bcf265d940 relative=0x00000000000000c0
Event: 25.272 Thread 0x000001bc821ab1b0 Uncommon trap: reason=class_check action=maybe_recompile pc=0x000001bcf265d940 method=java.lang.Character.codePointAt(Ljava/lang/CharSequence;I)I @ 2 c2
Event: 25.272 Thread 0x000001bc821ab1b0 DEOPT PACKING pc=0x000001bcf265d940 sp=0x000000b32d9f8f70
Event: 25.272 Thread 0x000001bc821ab1b0 DEOPT UNPACKING pc=0x000001bcf2119d22 sp=0x000000b32d9f8f08 mode 2
Event: 25.272 Thread 0x000001bc821ab1b0 Uncommon trap: trap_request=0xffffffde fr.pc=0x000001bcf265d940 relative=0x00000000000000c0
Event: 25.272 Thread 0x000001bc821ab1b0 Uncommon trap: reason=class_check action=maybe_recompile pc=0x000001bcf265d940 method=java.lang.Character.codePointAt(Ljava/lang/CharSequence;I)I @ 2 c2
Event: 25.272 Thread 0x000001bc821ab1b0 DEOPT PACKING pc=0x000001bcf265d940 sp=0x000000b32d9f8f70
Event: 25.272 Thread 0x000001bc821ab1b0 DEOPT UNPACKING pc=0x000001bcf2119d22 sp=0x000000b32d9f8f08 mode 2
Event: 148.808 Thread 0x000001bc821ab1b0 Uncommon trap: trap_request=0xffffff45 fr.pc=0x000001bcf2873188 relative=0x0000000000000088
Event: 148.808 Thread 0x000001bc821ab1b0 Uncommon trap: reason=unstable_if action=reinterpret pc=0x000001bcf2873188 method=java.lang.Math.round(F)I @ 23 c2
Event: 148.808 Thread 0x000001bc821ab1b0 DEOPT PACKING pc=0x000001bcf2873188 sp=0x000000b32d9f8c40
Event: 148.808 Thread 0x000001bc821ab1b0 DEOPT UNPACKING pc=0x000001bcf2119d22 sp=0x000000b32d9f8bb8 mode 2

Classes loaded (20 events):
Event: 48.193 Loading class java/util/concurrent/atomic/AtomicReferenceFieldUpdater
Event: 48.193 Loading class java/util/concurrent/atomic/AtomicReferenceFieldUpdater done
Event: 48.193 Loading class java/util/concurrent/atomic/AtomicReferenceFieldUpdater$AtomicReferenceFieldUpdaterImpl
Event: 48.193 Loading class java/util/concurrent/atomic/AtomicReferenceFieldUpdater$AtomicReferenceFieldUpdaterImpl done
Event: 48.193 Loading class java/util/concurrent/atomic/AtomicReferenceFieldUpdater$AtomicReferenceFieldUpdaterImpl$1
Event: 48.193 Loading class java/util/concurrent/atomic/AtomicReferenceFieldUpdater$AtomicReferenceFieldUpdaterImpl$1 done
Event: 48.193 Loading class sun/reflect/misc/ReflectUtil
Event: 48.193 Loading class sun/reflect/misc/ReflectUtil done
Event: 48.194 Loading class java/io/PrintWriter
Event: 48.194 Loading class java/io/PrintWriter done
Event: 48.194 Loading class java/io/PrintWriter$1
Event: 48.194 Loading class jdk/internal/access/JavaIOPrintWriterAccess
Event: 48.194 Loading class jdk/internal/access/JavaIOPrintWriterAccess done
Event: 48.194 Loading class java/io/PrintWriter$1 done
Event: 48.194 Loading class java/lang/Throwable$WrappedPrintWriter
Event: 48.194 Loading class java/lang/Throwable$PrintStreamOrWriter
Event: 48.194 Loading class java/lang/Throwable$PrintStreamOrWriter done
Event: 48.194 Loading class java/lang/Throwable$WrappedPrintWriter done
Event: 1099.113 Loading class jdk/internal/misc/Signal$1
Event: 1099.113 Loading class jdk/internal/misc/Signal$1 done

Classes unloaded (0 events):
No events

Classes redefined (0 events):
No events

Internal exceptions (20 events):
Event: 3.797 Thread 0x000001bc821ab1b0 Exception <a 'java/lang/NoSuchMethodError'{0x000000070f6ea730}: 'java.lang.Object java.lang.invoke.DirectMethodHandle$Holder.invokeInterface(java.lang.Object, java.lang.Object)'> (0x000000070f6ea730) 
thrown [s\open\src\hotspot\share\interpreter\linkResolver.cpp, line 773]
Event: 3.800 Thread 0x000001bc821ab1b0 Exception <a 'sun/nio/fs/WindowsException'{0x000000070f6f4798}> (0x000000070f6f4798) 
thrown [s\open\src\hotspot\share\prims\jni.cpp, line 519]
Event: 3.801 Thread 0x000001bc821ab1b0 Exception <a 'sun/nio/fs/WindowsException'{0x000000070f6f6e18}> (0x000000070f6f6e18) 
thrown [s\open\src\hotspot\share\prims\jni.cpp, line 519]
Event: 3.812 Thread 0x000001bc821ab1b0 Exception <a 'sun/nio/fs/WindowsException'{0x000000070f751b08}> (0x000000070f751b08) 
thrown [s\open\src\hotspot\share\prims\jni.cpp, line 519]
Event: 3.813 Thread 0x000001bc821ab1b0 Exception <a 'sun/nio/fs/WindowsException'{0x000000070f7543b8}> (0x000000070f7543b8) 
thrown [s\open\src\hotspot\share\prims\jni.cpp, line 519]
Event: 3.818 Thread 0x000001bc821ab1b0 Exception <a 'java/lang/NoSuchMethodError'{0x000000070f7635c8}: 'java.lang.Object java.lang.invoke.DirectMethodHandle$Holder.invokeVirtual(java.lang.Object, java.lang.Object, java.lang.Object)'> (0x000000070f7635c8) 
thrown [s\open\src\hotspot\share\interpreter\linkResolver.cpp, line 773]
Event: 3.886 Thread 0x000001bc821ab1b0 Exception <a 'sun/nio/fs/WindowsException'{0x0000000711b07e20}> (0x0000000711b07e20) 
thrown [s\open\src\hotspot\share\prims\jni.cpp, line 519]
Event: 3.962 Thread 0x000001bc821ab1b0 Exception <a 'sun/nio/fs/WindowsException'{0x000000071194e0a8}> (0x000000071194e0a8) 
thrown [s\open\src\hotspot\share\prims\jni.cpp, line 519]
Event: 4.026 Thread 0x000001bc821ab1b0 Exception <a 'sun/nio/fs/WindowsException'{0x0000000711663d40}> (0x0000000711663d40) 
thrown [s\open\src\hotspot\share\prims\jni.cpp, line 519]
Event: 4.031 Thread 0x000001bc821ab1b0 Exception <a 'sun/nio/fs/WindowsException'{0x00000007116796a0}> (0x00000007116796a0) 
thrown [s\open\src\hotspot\share\prims\jni.cpp, line 519]
Event: 4.056 Thread 0x000001bc821ab1b0 Exception <a 'java/lang/NoSuchMethodError'{0x0000000711715040}: 'java.lang.Object java.lang.invoke.DirectMethodHandle$Holder.invokeStaticInit(java.lang.Object, int, int, int, int)'> (0x0000000711715040) 
thrown [s\open\src\hotspot\share\interpreter\linkResolver.cpp, line 773]
Event: 4.114 Thread 0x000001bc821ab1b0 Exception <a 'java/lang/NoSuchMethodError'{0x00000007117b45d8}: 'java.lang.Object java.lang.invoke.DirectMethodHandle$Holder.invokeStaticInit(java.lang.Object, java.lang.Object, int, int, int, int)'> (0x00000007117b45d8) 
thrown [s\open\src\hotspot\share\interpreter\linkResolver.cpp, line 773]
Event: 4.420 Thread 0x000001bc821ab1b0 Exception <a 'java/lang/ClassNotFoundException'{0x00000007049af850}: com/sun/javafx/scene/control/skin/resources/controls> (0x00000007049af850) 
thrown [s\open\src\hotspot\share\prims\jni.cpp, line 538]
Event: 4.421 Thread 0x000001bc821ab1b0 Exception <a 'java/lang/ClassNotFoundException'{0x00000007049bde40}: com/sun/javafx/scene/control/skin/resources/controls_en> (0x00000007049bde40) 
thrown [s\open\src\hotspot\share\prims\jni.cpp, line 538]
Event: 4.421 Thread 0x000001bc821ab1b0 Exception <a 'java/lang/ClassNotFoundException'{0x00000007049bf600}: com/sun/javafx/scene/control/skin/resources/controls_en_GB> (0x00000007049bf600) 
thrown [s\open\src\hotspot\share\prims\jni.cpp, line 538]
Event: 4.572 Thread 0x000001bc821ab1b0 Exception <a 'java/lang/NoSuchMethodError'{0x00000007040bfb58}: 'void java.lang.invoke.DirectMethodHandle$Holder.invokeSpecial(java.lang.Object, java.lang.Object, java.lang.Object, java.lang.Object, java.lang.Object, java.lang.Object)'> (0x00000007040bfb58) 
thrown [s\open\src\hotspot\share\interpreter\linkResolver.cpp, line 773]
Event: 6.555 Thread 0x000001bc821ae180 Exception <a 'java/lang/NoSuchMethodError'{0x0000000710eed228}: 'java.lang.Object java.lang.invoke.DirectMethodHandle$Holder.invokeStaticInit(java.lang.Object, int)'> (0x0000000710eed228) 
thrown [s\open\src\hotspot\share\interpreter\linkResolver.cpp, line 773]
Event: 9.662 Thread 0x000001bc821ab1b0 Exception <a 'java/lang/NoSuchMethodError'{0x0000000710c15bc0}: 'java.lang.Object java.lang.invoke.DirectMethodHandle$Holder.newInvokeSpecial(java.lang.Object, java.lang.Object, java.lang.Object, double, double, double, double, int, int, int, int, int, int, int, int, int)'> (0x0000000710c15bc0) 
thrown [s\open\src\hotspot\share\interpreter\linkResolver.cpp, line 773]
Event: 15.857 Thread 0x000001bc821ab1b0 Exception <a 'java/lang/NoSuchMethodError'{0x0000000710d59270}: 'int java.lang.invoke.DirectMethodHandle$Holder.invokeVirtual(java.lang.Object, java.lang.Object)'> (0x0000000710d59270) 
thrown [s\open\src\hotspot\share\interpreter\linkResolver.cpp, line 773]
Event: 15.858 Thread 0x000001bc821ab1b0 Exception <a 'java/lang/NoSuchMethodError'{0x0000000710d5fe40}: 'void java.lang.invoke.DirectMethodHandle$Holder.invokeVirtual(java.lang.Object, java.lang.Object, int)'> (0x0000000710d5fe40) 
thrown [s\open\src\hotspot\share\interpreter\linkResolver.cpp, line 773]

VM Operations (20 events):
Event: 80.884 Executing VM operation: Cleanup done
Event: 82.884 Executing VM operation: Cleanup
Event: 82.885 Executing VM operation: Cleanup done
Event: 87.886 Executing VM operation: Cleanup
Event: 87.886 Executing VM operation: Cleanup done
Event: 90.887 Executing VM operation: Cleanup
Event: 90.888 Executing VM operation: Cleanup done
Event: 92.888 Executing VM operation: Cleanup
Event: 92.888 Executing VM operation: Cleanup done
Event: 107.894 Executing VM operation: Cleanup
Event: 107.894 Executing VM operation: Cleanup done
Event: 149.912 Executing VM operation: Cleanup
Event: 149.912 Executing VM operation: Cleanup done
Event: 510.052 Executing VM operation: Cleanup
Event: 510.052 Executing VM operation: Cleanup done
Event: 590.081 Executing VM operation: Cleanup
Event: 590.081 Executing VM operation: Cleanup done
Event: 1080.288 Executing VM operation: Cleanup
Event: 1080.289 Executing VM operation: Cleanup done
Event: 1099.115 Executing VM operation: Exit

Events (20 events):
Event: 3.776 Thread 0x000001bc875b2160 Thread added: 0x000001bc875b2160
Event: 3.811 Thread 0x000001bc877f1270 Thread added: 0x000001bc877f1270
Event: 3.811 Thread 0x000001bc877f1800 Thread added: 0x000001bc877f1800
Event: 5.477 Thread 0x000001bc877f1800 Thread exited: 0x000001bc877f1800
Event: 5.477 Thread 0x000001bc877f1270 Thread exited: 0x000001bc877f1270
Event: 6.439 Thread 0x000001bc87da99f0 Thread added: 0x000001bc87da99f0
Event: 7.262 Thread 0x000001bc87da99f0 Thread exited: 0x000001bc87da99f0
Event: 18.248 Thread 0x000001bc87dd7740 Thread added: 0x000001bc87dd7740
Event: 18.533 Thread 0x000001bc87dd7740 Thread exited: 0x000001bc87dd7740
Event: 59.241 Thread 0x000001bc87dd7740 Thread added: 0x000001bc87dd7740
Event: 64.266 Thread 0x000001bc87dd7740 Thread exited: 0x000001bc87dd7740
Event: 69.708 Thread 0x000001bc87dd7740 Thread added: 0x000001bc87dd7740
Event: 70.046 Thread 0x000001bc87dd7740 Thread exited: 0x000001bc87dd7740
Event: 72.306 Thread 0x000001bc86d4c880 Thread added: 0x000001bc86d4c880
Event: 72.597 Thread 0x000001bc86d4c880 Thread exited: 0x000001bc86d4c880
Event: 1099.113 Thread 0x000001bc875b1c10 Thread added: 0x000001bc875b1c10
Event: 1099.113 Thread 0x000001bc875b2c00 Thread added: 0x000001bc875b2c00
Event: 1099.113 Thread 0x000001bc875b5bd0 Thread added: 0x000001bc875b5bd0
Event: 1099.114 Thread 0x000001bc875b2c00 Thread exited: 0x000001bc875b2c00
Event: 1099.115 Thread 0x000001bc875b5bd0 Thread exited: 0x000001bc875b5bd0


Dynamic libraries:
0x00007ff7c3c50000 - 0x00007ff7c3c5e000 	C:\Users\shara\.jdks\openjdk-20.0.1\bin\java.exe
0x00007ffc1a370000 - 0x00007ffc1a568000 	C:\WINDOWS\SYSTEM32\ntdll.dll
0x00007ffc19110000 - 0x00007ffc191cf000 	C:\WINDOWS\System32\KERNEL32.DLL
0x00007ffc17e60000 - 0x00007ffc1813a000 	C:\WINDOWS\System32\KERNELBASE.dll
0x00007ffc182a0000 - 0x00007ffc183a0000 	C:\WINDOWS\System32\ucrtbase.dll
0x00007ffbf2090000 - 0x00007ffbf20a7000 	C:\Users\shara\.jdks\openjdk-20.0.1\bin\jli.dll
0x00007ffc192f0000 - 0x00007ffc1948d000 	C:\WINDOWS\System32\USER32.dll
0x00007ffc183a0000 - 0x00007ffc183c2000 	C:\WINDOWS\System32\win32u.dll
0x00007ffc19070000 - 0x00007ffc1909b000 	C:\WINDOWS\System32\GDI32.dll
0x00007ffc17bd0000 - 0x00007ffc17ce0000 	C:\WINDOWS\System32\gdi32full.dll
0x00007ffc17a80000 - 0x00007ffc17b1d000 	C:\WINDOWS\System32\msvcp_win.dll
0x00007ffbf1ea0000 - 0x00007ffbf1ebb000 	C:\Users\shara\.jdks\openjdk-20.0.1\bin\VCRUNTIME140.dll
0x00007ffbf0da0000 - 0x00007ffbf103a000 	C:\WINDOWS\WinSxS\amd64_microsoft.windows.common-controls_6595b64144ccf1df_6.0.19041.1110_none_60b5254171f9507e\COMCTL32.dll
0x00007ffc19850000 - 0x00007ffc198ee000 	C:\WINDOWS\System32\msvcrt.dll
0x00007ffc18f00000 - 0x00007ffc18f30000 	C:\WINDOWS\System32\IMM32.DLL
0x00007ffbf3390000 - 0x00007ffbf339c000 	C:\Users\shara\.jdks\openjdk-20.0.1\bin\vcruntime140_1.dll
0x00007ffbbcfc0000 - 0x00007ffbbd04e000 	C:\Users\shara\.jdks\openjdk-20.0.1\bin\msvcp140.dll
0x00007ffb75ba0000 - 0x00007ffb76837000 	C:\Users\shara\.jdks\openjdk-20.0.1\bin\server\jvm.dll
0x00007ffc183d0000 - 0x00007ffc1847e000 	C:\WINDOWS\System32\ADVAPI32.dll
0x00007ffc1a290000 - 0x00007ffc1a32c000 	C:\WINDOWS\System32\sechost.dll
0x00007ffc19a10000 - 0x00007ffc19b36000 	C:\WINDOWS\System32\RPCRT4.dll
0x00007ffc0f4b0000 - 0x00007ffc0f4b9000 	C:\WINDOWS\SYSTEM32\WSOCK32.dll
0x00007ffc190a0000 - 0x00007ffc1910b000 	C:\WINDOWS\System32\WS2_32.dll
0x00007ffbfa700000 - 0x00007ffbfa727000 	C:\WINDOWS\SYSTEM32\WINMM.dll
0x00007ffc0fce0000 - 0x00007ffc0fcea000 	C:\WINDOWS\SYSTEM32\VERSION.dll
0x00007ffc162d0000 - 0x00007ffc162e2000 	C:\WINDOWS\SYSTEM32\kernel.appcore.dll
0x00007ffbf3140000 - 0x00007ffbf314a000 	C:\Users\shara\.jdks\openjdk-20.0.1\bin\jimage.dll
0x00007ffc15840000 - 0x00007ffc15a24000 	C:\WINDOWS\SYSTEM32\DBGHELP.DLL
0x00007ffc06b00000 - 0x00007ffc06b34000 	C:\WINDOWS\SYSTEM32\dbgcore.DLL
0x00007ffc17dd0000 - 0x00007ffc17e52000 	C:\WINDOWS\System32\bcryptPrimitives.dll
0x00007ffc10d80000 - 0x00007ffc10d8e000 	C:\Users\shara\.jdks\openjdk-20.0.1\bin\instrument.dll
0x00007ffbf16f0000 - 0x00007ffbf1716000 	C:\Users\shara\.jdks\openjdk-20.0.1\bin\java.dll
0x00007ffbbcee0000 - 0x00007ffbbcfb7000 	C:\Users\shara\.jdks\openjdk-20.0.1\bin\jsvml.dll
0x00007ffc19b40000 - 0x00007ffc1a284000 	C:\WINDOWS\System32\SHELL32.dll
0x00007ffc15b20000 - 0x00007ffc162b3000 	C:\WINDOWS\SYSTEM32\windows.storage.dll
0x00007ffc19490000 - 0x00007ffc197e4000 	C:\WINDOWS\System32\combase.dll
0x00007ffc17470000 - 0x00007ffc1749e000 	C:\WINDOWS\SYSTEM32\Wldp.dll
0x00007ffc19230000 - 0x00007ffc192dd000 	C:\WINDOWS\System32\SHCORE.dll
0x00007ffc18710000 - 0x00007ffc18765000 	C:\WINDOWS\System32\shlwapi.dll
0x00007ffc179c0000 - 0x00007ffc179df000 	C:\WINDOWS\SYSTEM32\profapi.dll
0x00007ffbefcb0000 - 0x00007ffbefcc3000 	C:\Users\shara\.jdks\openjdk-20.0.1\bin\net.dll
0x00007ffc0da80000 - 0x00007ffc0db8a000 	C:\WINDOWS\SYSTEM32\WINHTTP.dll
0x00007ffc171d0000 - 0x00007ffc1723a000 	C:\WINDOWS\system32\mswsock.dll
0x00007ffbe9080000 - 0x00007ffbe9096000 	C:\Users\shara\.jdks\openjdk-20.0.1\bin\nio.dll
0x00007ffbe8590000 - 0x00007ffbe85a8000 	C:\Users\shara\.jdks\openjdk-20.0.1\bin\zip.dll
0x00007ffbf95b0000 - 0x00007ffbf95ca000 	C:\Program Files\JetBrains\IntelliJ IDEA 2022.3.3\bin\breakgen64.dll
0x000001bc82340000 - 0x000001bc82343000 	C:\Users\shara\.openjfx\cache\17.0.2-ea\api-ms-win-core-console-l1-1-0.dll
0x000001bc82350000 - 0x000001bc82353000 	C:\Users\shara\.openjfx\cache\17.0.2-ea\api-ms-win-core-console-l1-2-0.dll
0x000001bc82360000 - 0x000001bc82363000 	C:\Users\shara\.openjfx\cache\17.0.2-ea\api-ms-win-core-datetime-l1-1-0.dll
0x000001bc82370000 - 0x000001bc82373000 	C:\Users\shara\.openjfx\cache\17.0.2-ea\api-ms-win-core-debug-l1-1-0.dll
0x000001bc82380000 - 0x000001bc82383000 	C:\Users\shara\.openjfx\cache\17.0.2-ea\api-ms-win-core-errorhandling-l1-1-0.dll
0x000001bc82390000 - 0x000001bc82394000 	C:\Users\shara\.openjfx\cache\17.0.2-ea\api-ms-win-core-file-l1-1-0.dll
0x000001bc823a0000 - 0x000001bc823a3000 	C:\Users\shara\.openjfx\cache\17.0.2-ea\api-ms-win-core-file-l1-2-0.dll
0x000001bc823b0000 - 0x000001bc823b3000 	C:\Users\shara\.openjfx\cache\17.0.2-ea\api-ms-win-core-file-l2-1-0.dll
0x000001bc823c0000 - 0x000001bc823c3000 	C:\Users\shara\.openjfx\cache\17.0.2-ea\api-ms-win-core-handle-l1-1-0.dll
0x000001bc823d0000 - 0x000001bc823d3000 	C:\Users\shara\.openjfx\cache\17.0.2-ea\api-ms-win-core-heap-l1-1-0.dll
0x000001bc823e0000 - 0x000001bc823e3000 	C:\Users\shara\.openjfx\cache\17.0.2-ea\api-ms-win-core-interlocked-l1-1-0.dll
0x000001bc823f0000 - 0x000001bc823f3000 	C:\Users\shara\.openjfx\cache\17.0.2-ea\api-ms-win-core-libraryloader-l1-1-0.dll
0x000001bc87fd0000 - 0x000001bc87fd3000 	C:\Users\shara\.openjfx\cache\17.0.2-ea\api-ms-win-core-localization-l1-2-0.dll
0x000001bc87fe0000 - 0x000001bc87fe3000 	C:\Users\shara\.openjfx\cache\17.0.2-ea\api-ms-win-core-memory-l1-1-0.dll
0x000001bc87ff0000 - 0x000001bc87ff3000 	C:\Users\shara\.openjfx\cache\17.0.2-ea\api-ms-win-core-namedpipe-l1-1-0.dll
0x000001bc88000000 - 0x000001bc88003000 	C:\Users\shara\.openjfx\cache\17.0.2-ea\api-ms-win-core-processenvironment-l1-1-0.dll
0x000001bc88010000 - 0x000001bc88013000 	C:\Users\shara\.openjfx\cache\17.0.2-ea\api-ms-win-core-processthreads-l1-1-0.dll
0x000001bc88020000 - 0x000001bc88023000 	C:\Users\shara\.openjfx\cache\17.0.2-ea\api-ms-win-core-processthreads-l1-1-1.dll
0x000001bc88030000 - 0x000001bc88033000 	C:\Users\shara\.openjfx\cache\17.0.2-ea\api-ms-win-core-profile-l1-1-0.dll
0x000001bc88040000 - 0x000001bc88043000 	C:\Users\shara\.openjfx\cache\17.0.2-ea\api-ms-win-core-rtlsupport-l1-1-0.dll
0x000001bc88050000 - 0x000001bc88053000 	C:\Users\shara\.openjfx\cache\17.0.2-ea\api-ms-win-core-string-l1-1-0.dll
0x000001bc88060000 - 0x000001bc88063000 	C:\Users\shara\.openjfx\cache\17.0.2-ea\api-ms-win-core-synch-l1-1-0.dll
0x000001bc88070000 - 0x000001bc88073000 	C:\Users\shara\.openjfx\cache\17.0.2-ea\api-ms-win-core-synch-l1-2-0.dll
0x000001bc88080000 - 0x000001bc88083000 	C:\Users\shara\.openjfx\cache\17.0.2-ea\api-ms-win-core-sysinfo-l1-1-0.dll
0x000001bc88090000 - 0x000001bc88093000 	C:\Users\shara\.openjfx\cache\17.0.2-ea\api-ms-win-core-timezone-l1-1-0.dll
0x000001bc880a0000 - 0x000001bc880a3000 	C:\Users\shara\.openjfx\cache\17.0.2-ea\api-ms-win-core-util-l1-1-0.dll
0x000001bc880b0000 - 0x000001bc880b3000 	C:\Users\shara\.openjfx\cache\17.0.2-ea\api-ms-win-crt-conio-l1-1-0.dll
0x000001bc880c0000 - 0x000001bc880c4000 	C:\Users\shara\.openjfx\cache\17.0.2-ea\api-ms-win-crt-convert-l1-1-0.dll
0x000001bc880d0000 - 0x000001bc880d3000 	C:\Users\shara\.openjfx\cache\17.0.2-ea\api-ms-win-crt-environment-l1-1-0.dll
0x000001bc880e0000 - 0x000001bc880e3000 	C:\Users\shara\.openjfx\cache\17.0.2-ea\api-ms-win-crt-filesystem-l1-1-0.dll
0x000001bc880f0000 - 0x000001bc880f3000 	C:\Users\shara\.openjfx\cache\17.0.2-ea\api-ms-win-crt-heap-l1-1-0.dll
0x000001bc88100000 - 0x000001bc88103000 	C:\Users\shara\.openjfx\cache\17.0.2-ea\api-ms-win-crt-locale-l1-1-0.dll
0x000001bc88110000 - 0x000001bc88115000 	C:\Users\shara\.openjfx\cache\17.0.2-ea\api-ms-win-crt-math-l1-1-0.dll
0x000001bc88120000 - 0x000001bc88125000 	C:\Users\shara\.openjfx\cache\17.0.2-ea\api-ms-win-crt-multibyte-l1-1-0.dll
0x000001bc88130000 - 0x000001bc88140000 	C:\Users\shara\.openjfx\cache\17.0.2-ea\api-ms-win-crt-private-l1-1-0.dll
0x000001bc88140000 - 0x000001bc88143000 	C:\Users\shara\.openjfx\cache\17.0.2-ea\api-ms-win-crt-process-l1-1-0.dll
0x000001bc88150000 - 0x000001bc88154000 	C:\Users\shara\.openjfx\cache\17.0.2-ea\api-ms-win-crt-runtime-l1-1-0.dll
0x000001bc88160000 - 0x000001bc88164000 	C:\Users\shara\.openjfx\cache\17.0.2-ea\api-ms-win-crt-stdio-l1-1-0.dll
0x000001bc88170000 - 0x000001bc88174000 	C:\Users\shara\.openjfx\cache\17.0.2-ea\api-ms-win-crt-string-l1-1-0.dll
0x000001bc88180000 - 0x000001bc88183000 	C:\Users\shara\.openjfx\cache\17.0.2-ea\api-ms-win-crt-time-l1-1-0.dll
0x000001bc88190000 - 0x000001bc88193000 	C:\Users\shara\.openjfx\cache\17.0.2-ea\api-ms-win-crt-utility-l1-1-0.dll
0x00007ffbd6be0000 - 0x00007ffbd6cdc000 	C:\Users\shara\.openjfx\cache\17.0.2-ea\ucrtbase.dll
0x00007ffbf31c0000 - 0x00007ffbf31da000 	C:\Users\shara\.openjfx\cache\17.0.2-ea\vcruntime140.dll
0x00007ffbf74a0000 - 0x00007ffbf74ac000 	C:\Users\shara\.openjfx\cache\17.0.2-ea\vcruntime140_1.dll
0x00007ffbe53a0000 - 0x00007ffbe542d000 	C:\Users\shara\.openjfx\cache\17.0.2-ea\msvcp140.dll
0x00007ffbf2470000 - 0x00007ffbf249a000 	C:\Users\shara\.openjfx\cache\17.0.2-ea\prism_d3d.dll
0x00007ffbef950000 - 0x00007ffbefb1d000 	C:\WINDOWS\system32\d3d9.dll
0x00007ffc15390000 - 0x00007ffc153bf000 	C:\WINDOWS\SYSTEM32\dwmapi.dll
0x00007ffc150d0000 - 0x00007ffc1516e000 	C:\WINDOWS\system32\uxtheme.dll
0x00007ffbd1100000 - 0x00007ffbd12a8000 	C:\WINDOWS\System32\DriverStore\FileRepository\iigd_dch.inf_amd64_393549dac595e659\igdumdim64.dll
0x00007ffc18f30000 - 0x00007ffc1905a000 	C:\WINDOWS\System32\ole32.dll
0x00007ffb76cc0000 - 0x00007ffb7a8df000 	C:\WINDOWS\System32\DriverStore\FileRepository\iigd_dch.inf_amd64_393549dac595e659\igd9dxva64.dll
0x00007ffc18480000 - 0x00007ffc1854d000 	C:\WINDOWS\System32\OLEAUT32.dll
0x00007ffc18a90000 - 0x00007ffc18ef8000 	C:\WINDOWS\System32\SETUPAPI.dll
0x00007ffc17ce0000 - 0x00007ffc17d2e000 	C:\WINDOWS\System32\cfgmgr32.dll
0x00007ffc17d30000 - 0x00007ffc17d57000 	C:\WINDOWS\System32\bcrypt.dll
0x00007ffc02c80000 - 0x00007ffc03048000 	C:\WINDOWS\System32\DriverStore\FileRepository\iigd_dch.inf_amd64_393549dac595e659\igdgmm64.dll
0x00007ffbf0560000 - 0x00007ffbf05a2000 	C:\Users\shara\.openjfx\cache\17.0.2-ea\glass.dll
0x00007ffc18930000 - 0x00007ffc18a0a000 	C:\WINDOWS\System32\COMDLG32.dll
0x00007ffc198f0000 - 0x00007ffc19a04000 	C:\WINDOWS\System32\MSCTF.dll
0x00007ffbaae30000 - 0x00007ffbaae57000 	C:\WINDOWS\System32\DriverStore\FileRepository\iigd_dch.inf_amd64_393549dac595e659\igdinfo64.dll
0x00007ffbff690000 - 0x00007ffc02c76000 	C:\WINDOWS\System32\DriverStore\FileRepository\iigd_dch.inf_amd64_393549dac595e659\igc64.dll
0x00007ffc040a0000 - 0x00007ffc040db000 	C:\WINDOWS\SYSTEM32\dxcore.dll
0x00007ffbf29b0000 - 0x00007ffbf29c4000 	C:\Users\shara\.openjfx\cache\17.0.2-ea\javafx_font.dll
0x00007ffbf7620000 - 0x00007ffbf789f000 	C:\WINDOWS\SYSTEM32\dwrite.dll
0x00007ffc18800000 - 0x00007ffc188a9000 	C:\WINDOWS\System32\clbcatq.dll
0x00007ffc05ab0000 - 0x00007ffc05c64000 	C:\WINDOWS\SYSTEM32\WindowsCodecs.dll
0x00007ffbe57f0000 - 0x00007ffbe582e000 	C:\WINDOWS\system32\dataexchange.dll
0x00007ffc13710000 - 0x00007ffc13973000 	C:\WINDOWS\system32\d3d11.dll
0x00007ffc14340000 - 0x00007ffc14523000 	C:\WINDOWS\system32\dcomp.dll
0x00007ffc16340000 - 0x00007ffc16433000 	C:\WINDOWS\system32\dxgi.dll
0x00007ffc0f6c0000 - 0x00007ffc0f8c0000 	C:\WINDOWS\system32\twinapi.appcore.dll
0x00007ffbe8450000 - 0x00007ffbe8484000 	C:\Program Files\Common Files\Microsoft Shared\Ink\rtscom.dll
0x00007ffbfc6c0000 - 0x00007ffbfc7b9000 	C:\WINDOWS\SYSTEM32\textinputframework.dll
0x00007ffc14960000 - 0x00007ffc14cbe000 	C:\WINDOWS\System32\CoreUIComponents.dll
0x00007ffc14d00000 - 0x00007ffc14df2000 	C:\WINDOWS\System32\CoreMessaging.dll
0x00007ffc16c30000 - 0x00007ffc16c63000 	C:\WINDOWS\SYSTEM32\ntmarta.dll
0x00007ffc140a0000 - 0x00007ffc141f4000 	C:\WINDOWS\SYSTEM32\wintypes.dll
0x00007ffc13a80000 - 0x00007ffc14040000 	C:\WINDOWS\SYSTEM32\d2d1.dll
0x00007ffc04a00000 - 0x00007ffc050f6000 	C:\WINDOWS\SYSTEM32\D3D10Warp.dll
0x00007ffc16f10000 - 0x00007ffc16fdb000 	C:\WINDOWS\SYSTEM32\DNSAPI.dll
0x00007ffc16ec0000 - 0x00007ffc16efc000 	C:\WINDOWS\SYSTEM32\IPHLPAPI.DLL

dbghelp: loaded successfully - version: 4.0.5 - missing functions: none
symbol engine: initialized successfully - sym options: 0x614 - pdb path: .;C:\Users\shara\.jdks\openjdk-20.0.1\bin;C:\WINDOWS\SYSTEM32;C:\WINDOWS\WinSxS\amd64_microsoft.windows.common-controls_6595b64144ccf1df_6.0.19041.1110_none_60b5254171f9507e;C:\Users\shara\.jdks\openjdk-20.0.1\bin\server;C:\Program Files\JetBrains\IntelliJ IDEA 2022.3.3\bin;C:\Users\shara\.openjfx\cache\17.0.2-ea;C:\WINDOWS\System32\DriverStore\FileRepository\iigd_dch.inf_amd64_393549dac595e659;C:\Program Files\Common Files\Microsoft Shared\Ink

VM Arguments:
jvm_args: -javaagent:C:\Program Files\JetBrains\IntelliJ IDEA 2022.3.3\lib\idea_rt.jar=50418:C:\Program Files\JetBrains\IntelliJ IDEA 2022.3.3\bin -Dfile.encoding=UTF-8 -Dsun.stdout.encoding=UTF-8 -Dsun.stderr.encoding=UTF-8 --module-path=C:\Users\shara\IdeaProjects\Demo\target\classes;C:\Users\shara\.m2\repository\org\openjfx\javafx-fxml\17.0.2\javafx-fxml-17.0.2-win.jar;C:\Users\shara\.m2\repository\org\openjfx\javafx-controls\17.0.2\javafx-controls-17.0.2-win.jar;C:\Users\shara\.m2\repository\org\openjfx\javafx-graphics\17.0.2\javafx-graphics-17.0.2-win.jar;C:\Users\shara\.m2\repository\org\openjfx\javafx-base\17.0.2\javafx-base-17.0.2-win.jar -Djdk.module.main=sample.demo 
java_command: sample.demo/sample.demo.HelloApplication
java_class_path (initial): C:\Users\shara\.m2\repository\org\openjfx\javafx-controls\17.0.2\javafx-controls-17.0.2.jar;C:\Users\shara\.m2\repository\org\openjfx\javafx-graphics\17.0.2\javafx-graphics-17.0.2.jar;C:\Users\shara\.m2\repository\org\openjfx\javafx-base\17.0.2\javafx-base-17.0.2.jar;C:\Users\shara\.m2\repository\org\openjfx\javafx-fxml\17.0.2\javafx-fxml-17.0.2.jar;C:\Users\shara\.m2\repository\com\mysql\mysql-connector-j\8.0.33\mysql-connector-j-8.0.33.jar;C:\Users\shara\.m2\repository\com\google\protobuf\protobuf-java\3.21.9\protobuf-java-3.21.9.jar
Launcher Type: SUN_STANDARD

[Global flags]
     intx CICompilerCount                          = 4                                         {product} {ergonomic}
     uint ConcGCThreads                            = 2                                         {product} {ergonomic}
     uint G1ConcRefinementThreads                  = 8                                         {product} {ergonomic}
   size_t G1HeapRegionSize                         = 2097152                                   {product} {ergonomic}
    uintx GCDrainStackTargetSize                   = 64                                        {product} {ergonomic}
   size_t InitialHeapSize                          = 266338304                                 {product} {ergonomic}
   size_t MarkStackSize                            = 4194304                                   {product} {ergonomic}
   size_t MaxHeapSize                              = 4261412864                                {product} {ergonomic}
   size_t MaxNewSize                               = 2556428288                                {product} {ergonomic}
   size_t MinHeapDeltaBytes                        = 2097152                                   {product} {ergonomic}
   size_t MinHeapSize                              = 8388608                                   {product} {ergonomic}
    uintx NonNMethodCodeHeapSize                   = 5839372                                {pd product} {ergonomic}
    uintx NonProfiledCodeHeapSize                  = 122909434                              {pd product} {ergonomic}
    uintx ProfiledCodeHeapSize                     = 122909434                              {pd product} {ergonomic}
    uintx ReservedCodeCacheSize                    = 251658240                              {pd product} {ergonomic}
     bool SegmentedCodeCache                       = true                                      {product} {ergonomic}
   size_t SoftMaxHeapSize                          = 4261412864                             {manageable} {ergonomic}
     bool UseCompressedClassPointers               = true                           {product lp64_product} {ergonomic}
     bool UseCompressedOops                        = true                           {product lp64_product} {ergonomic}
     bool UseG1GC                                  = true                                      {product} {ergonomic}
     bool UseLargePagesIndividualAllocation        = false                                  {pd product} {ergonomic}

Logging:
Log output configuration:
 #0: stdout all=off uptime,level,tags foldmultilines=false
 #1: stderr all=off uptime,level,tags foldmultilines=false

Environment Variables:
PATH=C:\Users\shara\Downloads\CUserssharaDownloadsWINDOWS.X64_193000_db_home\bin;C:\Program Files\Java\jdk-11.0.2\bin;C:\WINDOWS\system32;C:\WINDOWS;C:\WINDOWS\System32\Wbem;C:\WINDOWS\System32\WindowsPowerShell\v1.0\;C:\WINDOWS\System32\OpenSSH\;C:\Program Files\Git\cmd;C:\Program Files\Git\mingw64\bin;C:\Program Files\Git\usr\bin;C:\wamp64\bin\php\php7.3.12;C:\Program Files\dotnet\;C:\Program Files\MySQL\MySQL Shell 8.0\bin\;C:\Users\shara\AppData\Local\Microsoft\WindowsApps;;C:\Program Files\JetBrains\IntelliJ IDEA Community Edition 2020.2.3\bin;;C:\Users\shara\.dotnet\tools;C:\Program Files\JetBrains\IntelliJ IDEA 2022.3.3\bin;
USERNAME=shara
OS=Windows_NT
PROCESSOR_IDENTIFIER=Intel64 Family 6 Model 142 Stepping 12, GenuineIntel
TMP=C:\Users\shara\AppData\Local\Temp
TEMP=C:\Users\shara\AppData\Local\Temp




---------------  S Y S T E M  ---------------

OS:
 Windows 10 , 64 bit Build 19041 (10.0.19041.2788)
OS uptime: 56 days 20:36 hours

CPU: total 8 (initial active 8) (4 cores per cpu, 2 threads per core) family 6 model 142 stepping 12 microcode 0xc6, cx8, cmov, fxsr, ht, mmx, 3dnowpref, sse, sse2, sse3, ssse3, sse4.1, sse4.2, popcnt, lzcnt, tsc, tscinvbit, avx, avx2, aes, erms, clmul, bmi1, bmi2, adx, fma, vzeroupper, clflush, clflushopt, rdtscp, f16c

Memory: 4k page, system-wide physical 16254M (4620M free)
TotalPageFile size 36469M (AvailPageFile size 4786M)
current process WorkingSet (physical memory assigned to process): 190M, peak: 253M
current process commit charge ("private bytes"): 248M, peak: 433M

vm_info: OpenJDK 64-Bit Server VM (20.0.1+9-29) for windows-amd64 JRE (20.0.1+9-29), built on 2023-03-07T13:56:11Z by "mach5one" with MS VC++ 17.1 (VS2022)

END.
