#
# A fatal error has been detected by the Java Runtime Environment:
#
#  EXCEPTION_ACCESS_VIOLATION (0xc0000005) at pc=0x00007ffbe5a56ab7, pid=30164, tid=22184
#
# JRE version: OpenJDK Runtime Environment (20.0.1+9) (build 20.0.1+9-29)
# Java VM: OpenJDK 64-Bit Server VM (20.0.1+9-29, mixed mode, sharing, tiered, compressed oops, compressed class ptrs, g1 gc, windows-amd64)
# Problematic frame:
# C  [glass.dll+0x26ab7]
#
# No core dump will be written. Minidumps are not enabled by default on client versions of Windows
#
# If you would like to submit a bug report, please visit:
#   https://bugreport.java.com/bugreport/crash.jsp
#

---------------  S U M M A R Y ------------

Command Line: -javaagent:C:\Program Files\JetBrains\IntelliJ IDEA 2022.3.3\lib\idea_rt.jar=59289:C:\Program Files\JetBrains\IntelliJ IDEA 2022.3.3\bin -Dfile.encoding=UTF-8 -Dsun.stdout.encoding=UTF-8 -Dsun.stderr.encoding=UTF-8 --module-path=C:\Users\shara\.m2\repository\org\openjfx\javafx-graphics\17.0.2\javafx-graphics-17.0.2-win.jar;C:\Users\shara\IdeaProjects\Demo\target\classes;C:\Users\shara\.m2\repository\org\openjfx\javafx-controls\17.0.2\javafx-controls-17.0.2-win.jar;C:\Users\shara\.m2\repository\org\openjfx\javafx-base\17.0.2\javafx-base-17.0.2-win.jar;C:\Users\shara\.m2\repository\org\openjfx\javafx-fxml\17.0.2\javafx-fxml-17.0.2-win.jar -Djdk.module.main=sample.demo sample.demo/sample.demo.HelloApplication

Host: Intel(R) Core(TM) i7-8565U CPU @ 1.80GHz, 8 cores, 15G,  Windows 10 , 64 bit Build 19041 (10.0.19041.2788)
Time: Wed Jun  7 17:17:57 2023 Russia TZ 2 Standard Time elapsed time: 11.252602 seconds (0d 0h 0m 11s)

---------------  T H R E A D  ---------------

Current thread (0x000002d376adec90):  VMThread "VM Thread" [stack: 0x000000f9f5600000,0x000000f9f5700000] [id=22184]

Stack: [0x000000f9f5600000,0x000000f9f5700000],  sp=0x000000f9f56fef70,  free space=1019k
Native frames: (J=compiled Java code, j=interpreted, Vv=VM code, C=native code)
C  [glass.dll+0x26ab7]


siginfo: EXCEPTION_ACCESS_VIOLATION (0xc0000005), reading address 0x0000000000000000


Registers:
RAX=0x0000000000000000, RBX=0x000002d376ae1928, RCX=0x000002d376adec90, RDX=0x000000f9f56fef70
RSP=0x000000f9f56fef70, RBP=0x000002d37b79f408, RSI=0x000002d37b79f3e0, RDI=0x0000970620cea1a1
R8 =0x0000000000010002, R9 =0x0000970620cea1a1, R10=0x0000000000008000, R11=0x000000f9f56fef00
R12=0x00007ffbe5a54384, R13=0x00007ffba21dea90, R14=0x000000f9f56ff068, R15=0x000002d37b79f3e0
RIP=0x00007ffbe5a56ab7, EFLAGS=0x0000000000010202


Register to memory mapping:

RIP=0x00007ffbe5a56ab7 glass.dll
RAX=0x0 is NULL
RBX=0x000002d376ae1928 is a global jni handle
RCX=0x000002d376adec90 points into unknown readable memory: 0x00007ffba2007080 | 80 70 00 a2 fb 7f 00 00
RDX=0x000000f9f56fef70 points into unknown readable memory: 0x0000000000000000 | 00 00 00 00 00 00 00 00
RSP=0x000000f9f56fef70 points into unknown readable memory: 0x0000000000000000 | 00 00 00 00 00 00 00 00
RBP=0x000002d37b79f408 points into unknown readable memory: 0x0000970620cea1a1 | a1 a1 ce 20 06 97 00 00
RSI=0x000002d37b79f3e0 points into unknown readable memory: 0xcb4aea3e20ce5e56 | 56 5e ce 20 3e ea 4a cb
RDI=0x0000970620cea1a1 is an unknown value
R8 =0x0000000000010002 is an unknown value
R9 =0x0000970620cea1a1 is an unknown value
R10=0x0000000000008000 is an unknown value
R11=0x000000f9f56fef00 points into unknown readable memory: 0x000002d37b79f3e0 | e0 f3 79 7b d3 02 00 00
R12=0x00007ffbe5a54384 glass.dll
R13=0x00007ffba21dea90 jvm.dll
R14=0x000000f9f56ff068 points into unknown readable memory: 0x000000f9f56ff050 | 50 f0 6f f5 f9 00 00 00
R15=0x000002d37b79f3e0 points into unknown readable memory: 0xcb4aea3e20ce5e56 | 56 5e ce 20 3e ea 4a cb


Top of Stack: (sp=0x000000f9f56fef70)
0x000000f9f56fef70:   0000000000000000 000002d37b79f3e0
0x000000f9f56fef80:   00007ffba21dea90 00007ffbe5a54384
0x000000f9f56fef90:   000002d37b79f3e8 00007ffc182b42d6
0x000000f9f56fefa0:   0000970620cea1a1 000002d300000000
0x000000f9f56fefb0:   000002d37b79f408 000002d37b79f3e0
0x000000f9f56fefc0:   fffffffffffffffe 0000000000000000
0x000000f9f56fefd0:   0000000000000001 00007ffbe5a30000
0x000000f9f56fefe0:   000000f9f56ff058 00007ffc182b41fb
0x000000f9f56feff0:   0000000000000000 000000f9f56ff068
0x000000f9f56ff000:   000000f9f56ff330 00007ffc18390e40
0x000000f9f56ff010:   0000000000000001 00007ffc182b41b4
0x000000f9f56ff020:   0000000000000000 0000000000000001
0x000000f9f56ff030:   00007ffb00000001 000000f9f56ff058
0x000000f9f56ff040:   0000000000000000 00007ffbe5a54211
0x000000f9f56ff050:   00007ffbe5a6a138 00007ffc00000002
0x000000f9f56ff060:   0000000000000002 000000f9f56ff050
0x000000f9f56ff070:   0000000000000000 00007ffc1a389993
0x000000f9f56ff080:   0000000000000000 00007ffbe5a54336
0x000000f9f56ff090:   0000000000000001 0000000000000000
0x000000f9f56ff0a0:   0000000000000000 0000000000000001
0x000000f9f56ff0b0:   0000000000000000 0000000000000000
0x000000f9f56ff0c0:   0000000000000001 0000c4f72e7b1e21
0x000000f9f56ff0d0:   00007ffbe5a30000 000000007ffe0384
0x000000f9f56ff0e0:   0000000000000000 00007ffc1a389a1d
0x000000f9f56ff0f0:   00007ffbe5a30000 0000000000000000
0x000000f9f56ff100:   0000000000000001 000000007ffe0385
0x000000f9f56ff110:   0000000002360fb8 000000f9f56ff330
0x000000f9f56ff120:   0000c4f700000000 0000000000000014
0x000000f9f56ff130:   0000000000000000 00007ffbe5a54384
0x000000f9f56ff140:   00000000000003d8 000002d37b027680
0x000000f9f56ff150:   000002d376ad1500 00007ffc1a3cdcec
0x000000f9f56ff160:   000002d37b0272d0 00007ffbe5a30000 

Instructions: (pc=0x00007ffbe5a56ab7)
0x00007ffbe5a569b7:   8b 4d 58 e8 01 cf ff ff 48 8b 4d 60 e8 f8 ce ff
0x00007ffbe5a569c7:   ff 48 8b 95 80 00 00 00 48 8b 8d 18 01 00 00 e8
0x00007ffbe5a569d7:   c6 c3 ff ff 33 d2 33 c9 e8 3c e1 ff ff 90 48 89
0x00007ffbe5a569e7:   54 24 10 55 48 83 ec 20 48 8b ea 48 b8 00 00 00
0x00007ffbe5a569f7:   00 00 00 00 00 48 83 c4 20 5d c3 cc 40 55 48 8b
0x00007ffbe5a56a07:   ea 48 8b 01 33 c9 81 38 05 00 00 c0 0f 94 c1 8b
0x00007ffbe5a56a17:   c1 5d c3 cc 40 55 48 83 ec 20 48 8b ea 8a 4d 40
0x00007ffbe5a56a27:   48 83 c4 20 5d e9 f7 d2 ff ff cc 40 55 48 83 ec
0x00007ffbe5a56a37:   20 48 8b ea 8a 4d 20 e8 e5 d2 ff ff 90 48 83 c4
0x00007ffbe5a56a47:   20 5d c3 cc 40 55 48 83 ec 20 48 8b ea 48 83 c4
0x00007ffbe5a56a57:   20 5d e9 46 d1 ff ff cc 40 55 48 83 ec 30 48 8b
0x00007ffbe5a56a67:   ea 48 8b 01 8b 10 48 89 4c 24 28 89 54 24 20 4c
0x00007ffbe5a56a77:   8d 0d e7 d5 ff ff 4c 8b 45 70 8b 55 68 48 8b 4d
0x00007ffbe5a56a87:   60 e8 87 d0 ff ff 90 48 83 c4 30 5d c3 cc cc cc
0x00007ffbe5a56a97:   cc cc cc cc cc cc cc cc cc 40 53 48 83 ec 20 48
0x00007ffbe5a56aa7:   8b 1d 83 30 01 00 48 85 db 74 16 e8 09 8b ff ff
0x00007ffbe5a56ab7:   4c 8b 00 48 8b d3 48 8b c8 41 ff 90 b0 00 00 00
0x00007ffbe5a56ac7:   90 48 83 c4 20 5b c3 cc cc 40 53 48 83 ec 20 48
0x00007ffbe5a56ad7:   8b 1d fb 31 01 00 48 85 db 74 57 b8 ff ff ff ff
0x00007ffbe5a56ae7:   f0 0f c1 43 10 83 f8 01 75 3d 48 85 db 74 38 48
0x00007ffbe5a56af7:   8b 0b 48 85 c9 74 0d ff 15 a4 07 00 00 48 c7 03
0x00007ffbe5a56b07:   00 00 00 00 48 8b 4b 08 48 85 c9 74 0d e8 a7 cd
0x00007ffbe5a56b17:   ff ff 48 c7 43 08 00 00 00 00 ba 18 00 00 00 48
0x00007ffbe5a56b27:   8b cb e8 92 cd ff ff 48 c7 05 9f 31 01 00 00 00
0x00007ffbe5a56b37:   00 00 48 83 c4 20 5b c3 cc 40 53 48 83 ec 20 48
0x00007ffbe5a56b47:   8b 1d 6b 31 01 00 48 85 db 74 57 b8 ff ff ff ff
0x00007ffbe5a56b57:   f0 0f c1 43 10 83 f8 01 75 3d 48 85 db 74 38 48
0x00007ffbe5a56b67:   8b 0b 48 85 c9 74 0d ff 15 34 07 00 00 48 c7 03
0x00007ffbe5a56b77:   00 00 00 00 48 8b 4b 08 48 85 c9 74 0d e8 37 cd
0x00007ffbe5a56b87:   ff ff 48 c7 43 08 00 00 00 00 ba 18 00 00 00 48
0x00007ffbe5a56b97:   8b cb e8 22 cd ff ff 48 c7 05 0f 31 01 00 00 00
0x00007ffbe5a56ba7:   00 00 48 83 c4 20 5b c3 cc 40 53 48 83 ec 20 48 


Stack slot to memory mapping:
stack at sp + 0 slots: 0x0 is NULL
stack at sp + 1 slots: 0x000002d37b79f3e0 points into unknown readable memory: 0xcb4aea3e20ce5e56 | 56 5e ce 20 3e ea 4a cb
stack at sp + 2 slots: 0x00007ffba21dea90 jvm.dll
stack at sp + 3 slots: 0x00007ffbe5a54384 glass.dll
stack at sp + 4 slots: 0x000002d37b79f3e8 points into unknown readable memory: 0x0000970620cea1a1 | a1 a1 ce 20 06 97 00 00
stack at sp + 5 slots: 0x00007ffc182b42d6 ucrtbase.dll
stack at sp + 6 slots: 0x0000970620cea1a1 is an unknown value
stack at sp + 7 slots: 0x000002d300000000 points into unknown readable memory: 0x0000000000000000 | 00 00 00 00 00 00 00 00

VM_Operation (0x000000f9f60fee30): Exit, mode: safepoint, requested by thread 0x000002d37c030e60


---------------  P R O C E S S  ---------------

Threads class SMR info:
_java_thread_list=0x000002d37be6abb0, length=20, elements={
0x000002d35754b350, 0x000002d376afae80, 0x000002d376afbc80, 0x000002d376afcd00,
0x000002d376afe850, 0x000002d376b022b0, 0x000002d376b05190, 0x000002d376b13840,
0x000002d376b18ea0, 0x000002d376b056e0, 0x000002d376b041a0, 0x000002d376b046f0,
0x000002d376b066d0, 0x000002d376b04c40, 0x000002d376b07170, 0x000002d376b05c30,
0x000002d376b06c20, 0x000002d376b03c50, 0x000002d37c031e50, 0x000002d37c030e60
}

Java Threads: ( => current thread )
  0x000002d35754b350 JavaThread "main" [_thread_blocked, id=29152, stack(0x000000f9f5000000,0x000000f9f5100000)]
  0x000002d376afae80 JavaThread "Reference Handler" daemon [_thread_blocked, id=30616, stack(0x000000f9f5700000,0x000000f9f5800000)]
  0x000002d376afbc80 JavaThread "Finalizer" daemon [_thread_blocked, id=6812, stack(0x000000f9f5800000,0x000000f9f5900000)]
  0x000002d376afcd00 JavaThread "Signal Dispatcher" daemon [_thread_blocked, id=8236, stack(0x000000f9f5900000,0x000000f9f5a00000)]
  0x000002d376afe850 JavaThread "Attach Listener" daemon [_thread_blocked, id=28648, stack(0x000000f9f5a00000,0x000000f9f5b00000)]
  0x000002d376b022b0 JavaThread "Service Thread" daemon [_thread_blocked, id=28616, stack(0x000000f9f5b00000,0x000000f9f5c00000)]
  0x000002d376b05190 JavaThread "Monitor Deflation Thread" daemon [_thread_blocked, id=8304, stack(0x000000f9f5c00000,0x000000f9f5d00000)]
  0x000002d376b13840 JavaThread "C2 CompilerThread0" daemon [_thread_blocked, id=17560, stack(0x000000f9f5d00000,0x000000f9f5e00000)]
  0x000002d376b18ea0 JavaThread "C1 CompilerThread0" daemon [_thread_blocked, id=20028, stack(0x000000f9f5e00000,0x000000f9f5f00000)]
  0x000002d376b056e0 JavaThread "Common-Cleaner" daemon [_thread_blocked, id=8128, stack(0x000000f9f5f00000,0x000000f9f6000000)]
  0x000002d376b041a0 JavaThread "Monitor Ctrl-Break" daemon [_thread_in_native, id=13016, stack(0x000000f9f6200000,0x000000f9f6300000)]
  0x000002d376b046f0 JavaThread "Notification Thread" daemon [_thread_blocked, id=33172, stack(0x000000f9f6300000,0x000000f9f6400000)]
  0x000002d376b066d0 JavaThread "QuantumRenderer-0" daemon [_thread_blocked, id=30700, stack(0x000000f9f6500000,0x000000f9f6600000)]
  0x000002d376b04c40 JavaThread "InvokeLaterDispatcher" daemon [_thread_blocked, id=17936, stack(0x000000f9f6600000,0x000000f9f6700000)]
  0x000002d376b07170 JavaThread "JavaFX Application Thread" [_thread_in_native, id=10668, stack(0x000000f9f6700000,0x000000f9f6800000)]
  0x000002d376b05c30 JavaThread "Thread-1" daemon [_thread_in_native, id=33784, stack(0x000000f9f6100000,0x000000f9f6200000)]
  0x000002d376b06c20 JavaThread "JavaFX-Launcher" [_thread_blocked, id=25488, stack(0x000000f9f6b00000,0x000000f9f6c00000)]
  0x000002d376b03c50 JavaThread "Prism Font Disposer" daemon [_thread_blocked, id=19268, stack(0x000000f9f7500000,0x000000f9f7600000)]
  0x000002d37c031e50 JavaThread "Cleaner-0" daemon [_thread_blocked, id=32836, stack(0x000000f9f7600000,0x000000f9f7700000)]
  0x000002d37c030e60 JavaThread "SIGINT handler" daemon [_thread_blocked, id=26736, stack(0x000000f9f6000000,0x000000f9f6100000)]

Other Threads:
=>0x000002d376adec90 VMThread "VM Thread" [stack: 0x000000f9f5600000,0x000000f9f5700000] [id=22184]
  0x000002d3575b9700 WorkerThread "GC Thread#0" [stack: 0x000000f9f5100000,0x000000f9f5200000] [id=28936]
  0x000002d37ba7c410 WorkerThread "GC Thread#1" [stack: 0x000000f9f6c00000,0x000000f9f6d00000] [id=28004]
  0x000002d37bb3f590 WorkerThread "GC Thread#2" [stack: 0x000000f9f6d00000,0x000000f9f6e00000] [id=11344]
  0x000002d37bb3f860 WorkerThread "GC Thread#3" [stack: 0x000000f9f6e00000,0x000000f9f6f00000] [id=5896]
  0x000002d37bb3fb30 WorkerThread "GC Thread#4" [stack: 0x000000f9f6f00000,0x000000f9f7000000] [id=27352]
  0x000002d37bb54f20 WorkerThread "GC Thread#5" [stack: 0x000000f9f7000000,0x000000f9f7100000] [id=13908]
  0x000002d37bb565a0 WorkerThread "GC Thread#6" [stack: 0x000000f9f7900000,0x000000f9f7a00000] [id=29484]
  0x000002d37bb55a60 WorkerThread "GC Thread#7" [stack: 0x000000f9f7a00000,0x000000f9f7b00000] [id=15352]
  0x000002d3575ca5b0 ConcurrentGCThread "G1 Main Marker" terminated
  0x000002d3575cc790 WorkerThread "G1 Conc#0" [stack: 0x000000f9f5300000,0x000000f9f5400000] [id=11708]
  0x000002d376999070 ConcurrentGCThread "G1 Refine#0" terminated
  0x000002d376999a20 ConcurrentGCThread "G1 Service" terminated

Threads with active compile tasks:

VM state: at safepoint (shutting down)

VM Mutex/Monitor currently owned by a thread:  ([mutex/lock_event])
[0x000002d357545e30] Threads_lock - owner thread: 0x000002d376adec90
[0x000002d357548230] Heap_lock - owner thread: 0x000002d37c030e60

Heap address: 0x0000000702000000, size: 4064 MB, Compressed Oops mode: Zero based, Oop shift amount: 3

CDS archive(s) mapped at: [0x0000000800000000-0x0000000800c60000-0x0000000800c60000), size 12976128, SharedBaseAddress: 0x0000000800000000, ArchiveRelocationMode: 0.
Compressed class space mapped at: 0x0000000801000000-0x0000000841000000, reserved size: 1073741824
Narrow klass base: 0x0000000800000000, Narrow klass shift: 0, Narrow klass range: 0x100000000

GC Precious Log:
 CardTable entry size: 512
 Card Set container configuration: InlinePtr #cards 4 size 8 Array Of Cards #cards 16 size 48 Howl #buckets 8 coarsen threshold 3686 Howl Bitmap #cards 512 size 80 coarsen threshold 460 Card regions per heap region 1 cards per card region 4096
 CPUs: 8 total, 8 available
 Memory: 16254M
 Large Page Support: Disabled
 NUMA Support: Disabled
 Compressed Oops: Enabled (Zero based)
 Heap Region Size: 2M
 Heap Min Capacity: 8M
 Heap Initial Capacity: 254M
 Heap Max Capacity: 4064M
 Pre-touch: Disabled
 Parallel Workers: 8
 Concurrent Workers: 2
 Concurrent Refinement Workers: 8
 Periodic GC: Disabled

Heap:
 garbage-first heap   total 260096K, used 24608K [0x0000000702000000, 0x0000000800000000)
  region size 2048K, 10 young (20480K), 3 survivors (6144K)
 Metaspace       used 17683K, committed 18048K, reserved 1114112K
  class space    used 2524K, committed 2688K, reserved 1048576K

Heap Regions: E=young(eden), S=young(survivor), O=old, HS=humongous(starts), HC=humongous(continues), CS=collection set, F=free, OA=open archive, CA=closed archive, TAMS=top-at-mark-start, PB=parsable bottom
|   0|0x0000000702000000, 0x0000000702200000, 0x0000000702200000|100%|HS|  |TAMS 0x0000000702000000| PB 0x0000000702000000| Complete 
|   1|0x0000000702200000, 0x0000000702400000, 0x0000000702400000|100%| O|  |TAMS 0x0000000702200000| PB 0x0000000702200000| Untracked 
|   2|0x0000000702400000, 0x0000000702408200, 0x0000000702600000|  1%| O|  |TAMS 0x0000000702400000| PB 0x0000000702400000| Untracked 
|   3|0x0000000702600000, 0x0000000702800000, 0x0000000702800000|100%|HS|  |TAMS 0x0000000702600000| PB 0x0000000702600000| Complete 
|   4|0x0000000702800000, 0x0000000702800000, 0x0000000702a00000|  0%| F|  |TAMS 0x0000000702800000| PB 0x0000000702800000| Untracked 
|   5|0x0000000702a00000, 0x0000000702a00000, 0x0000000702c00000|  0%| F|  |TAMS 0x0000000702a00000| PB 0x0000000702a00000| Untracked 
|   6|0x0000000702c00000, 0x0000000702c00000, 0x0000000702e00000|  0%| F|  |TAMS 0x0000000702c00000| PB 0x0000000702c00000| Untracked 
|   7|0x0000000702e00000, 0x0000000702e00000, 0x0000000703000000|  0%| F|  |TAMS 0x0000000702e00000| PB 0x0000000702e00000| Untracked 
|   8|0x0000000703000000, 0x0000000703000000, 0x0000000703200000|  0%| F|  |TAMS 0x0000000703000000| PB 0x0000000703000000| Untracked 
|   9|0x0000000703200000, 0x0000000703200000, 0x0000000703400000|  0%| F|  |TAMS 0x0000000703200000| PB 0x0000000703200000| Untracked 
|  10|0x0000000703400000, 0x0000000703400000, 0x0000000703600000|  0%| F|  |TAMS 0x0000000703400000| PB 0x0000000703400000| Untracked 
|  11|0x0000000703600000, 0x0000000703600000, 0x0000000703800000|  0%| F|  |TAMS 0x0000000703600000| PB 0x0000000703600000| Untracked 
|  12|0x0000000703800000, 0x0000000703800000, 0x0000000703a00000|  0%| F|  |TAMS 0x0000000703800000| PB 0x0000000703800000| Untracked 
|  13|0x0000000703a00000, 0x0000000703a00000, 0x0000000703c00000|  0%| F|  |TAMS 0x0000000703a00000| PB 0x0000000703a00000| Untracked 
|  14|0x0000000703c00000, 0x0000000703c00000, 0x0000000703e00000|  0%| F|  |TAMS 0x0000000703c00000| PB 0x0000000703c00000| Untracked 
|  15|0x0000000703e00000, 0x0000000703e00000, 0x0000000704000000|  0%| F|  |TAMS 0x0000000703e00000| PB 0x0000000703e00000| Untracked 
|  16|0x0000000704000000, 0x0000000704000000, 0x0000000704200000|  0%| F|  |TAMS 0x0000000704000000| PB 0x0000000704000000| Untracked 
|  17|0x0000000704200000, 0x0000000704200000, 0x0000000704400000|  0%| F|  |TAMS 0x0000000704200000| PB 0x0000000704200000| Untracked 
|  18|0x0000000704400000, 0x0000000704400000, 0x0000000704600000|  0%| F|  |TAMS 0x0000000704400000| PB 0x0000000704400000| Untracked 
|  19|0x0000000704600000, 0x0000000704600000, 0x0000000704800000|  0%| F|  |TAMS 0x0000000704600000| PB 0x0000000704600000| Untracked 
|  20|0x0000000704800000, 0x0000000704800000, 0x0000000704a00000|  0%| F|  |TAMS 0x0000000704800000| PB 0x0000000704800000| Untracked 
|  21|0x0000000704a00000, 0x0000000704a00000, 0x0000000704c00000|  0%| F|  |TAMS 0x0000000704a00000| PB 0x0000000704a00000| Untracked 
|  22|0x0000000704c00000, 0x0000000704c00000, 0x0000000704e00000|  0%| F|  |TAMS 0x0000000704c00000| PB 0x0000000704c00000| Untracked 
|  23|0x0000000704e00000, 0x0000000704e00000, 0x0000000705000000|  0%| F|  |TAMS 0x0000000704e00000| PB 0x0000000704e00000| Untracked 
|  24|0x0000000705000000, 0x0000000705000000, 0x0000000705200000|  0%| F|  |TAMS 0x0000000705000000| PB 0x0000000705000000| Untracked 
|  25|0x0000000705200000, 0x0000000705200000, 0x0000000705400000|  0%| F|  |TAMS 0x0000000705200000| PB 0x0000000705200000| Untracked 
|  26|0x0000000705400000, 0x0000000705400000, 0x0000000705600000|  0%| F|  |TAMS 0x0000000705400000| PB 0x0000000705400000| Untracked 
|  27|0x0000000705600000, 0x0000000705600000, 0x0000000705800000|  0%| F|  |TAMS 0x0000000705600000| PB 0x0000000705600000| Untracked 
|  28|0x0000000705800000, 0x0000000705800000, 0x0000000705a00000|  0%| F|  |TAMS 0x0000000705800000| PB 0x0000000705800000| Untracked 
|  29|0x0000000705a00000, 0x0000000705a00000, 0x0000000705c00000|  0%| F|  |TAMS 0x0000000705a00000| PB 0x0000000705a00000| Untracked 
|  30|0x0000000705c00000, 0x0000000705c00000, 0x0000000705e00000|  0%| F|  |TAMS 0x0000000705c00000| PB 0x0000000705c00000| Untracked 
|  31|0x0000000705e00000, 0x0000000705e00000, 0x0000000706000000|  0%| F|  |TAMS 0x0000000705e00000| PB 0x0000000705e00000| Untracked 
|  32|0x0000000706000000, 0x0000000706000000, 0x0000000706200000|  0%| F|  |TAMS 0x0000000706000000| PB 0x0000000706000000| Untracked 
|  33|0x0000000706200000, 0x0000000706200000, 0x0000000706400000|  0%| F|  |TAMS 0x0000000706200000| PB 0x0000000706200000| Untracked 
|  34|0x0000000706400000, 0x0000000706400000, 0x0000000706600000|  0%| F|  |TAMS 0x0000000706400000| PB 0x0000000706400000| Untracked 
|  35|0x0000000706600000, 0x0000000706600000, 0x0000000706800000|  0%| F|  |TAMS 0x0000000706600000| PB 0x0000000706600000| Untracked 
|  36|0x0000000706800000, 0x0000000706800000, 0x0000000706a00000|  0%| F|  |TAMS 0x0000000706800000| PB 0x0000000706800000| Untracked 
|  37|0x0000000706a00000, 0x0000000706a00000, 0x0000000706c00000|  0%| F|  |TAMS 0x0000000706a00000| PB 0x0000000706a00000| Untracked 
|  38|0x0000000706c00000, 0x0000000706c00000, 0x0000000706e00000|  0%| F|  |TAMS 0x0000000706c00000| PB 0x0000000706c00000| Untracked 
|  39|0x0000000706e00000, 0x0000000706e00000, 0x0000000707000000|  0%| F|  |TAMS 0x0000000706e00000| PB 0x0000000706e00000| Untracked 
|  40|0x0000000707000000, 0x0000000707000000, 0x0000000707200000|  0%| F|  |TAMS 0x0000000707000000| PB 0x0000000707000000| Untracked 
|  41|0x0000000707200000, 0x0000000707200000, 0x0000000707400000|  0%| F|  |TAMS 0x0000000707200000| PB 0x0000000707200000| Untracked 
|  42|0x0000000707400000, 0x0000000707400000, 0x0000000707600000|  0%| F|  |TAMS 0x0000000707400000| PB 0x0000000707400000| Untracked 
|  43|0x0000000707600000, 0x0000000707600000, 0x0000000707800000|  0%| F|  |TAMS 0x0000000707600000| PB 0x0000000707600000| Untracked 
|  44|0x0000000707800000, 0x0000000707800000, 0x0000000707a00000|  0%| F|  |TAMS 0x0000000707800000| PB 0x0000000707800000| Untracked 
|  45|0x0000000707a00000, 0x0000000707a00000, 0x0000000707c00000|  0%| F|  |TAMS 0x0000000707a00000| PB 0x0000000707a00000| Untracked 
|  46|0x0000000707c00000, 0x0000000707c00000, 0x0000000707e00000|  0%| F|  |TAMS 0x0000000707c00000| PB 0x0000000707c00000| Untracked 
|  47|0x0000000707e00000, 0x0000000707e00000, 0x0000000708000000|  0%| F|  |TAMS 0x0000000707e00000| PB 0x0000000707e00000| Untracked 
|  48|0x0000000708000000, 0x0000000708000000, 0x0000000708200000|  0%| F|  |TAMS 0x0000000708000000| PB 0x0000000708000000| Untracked 
|  49|0x0000000708200000, 0x0000000708200000, 0x0000000708400000|  0%| F|  |TAMS 0x0000000708200000| PB 0x0000000708200000| Untracked 
|  50|0x0000000708400000, 0x0000000708400000, 0x0000000708600000|  0%| F|  |TAMS 0x0000000708400000| PB 0x0000000708400000| Untracked 
|  51|0x0000000708600000, 0x0000000708600000, 0x0000000708800000|  0%| F|  |TAMS 0x0000000708600000| PB 0x0000000708600000| Untracked 
|  52|0x0000000708800000, 0x0000000708800000, 0x0000000708a00000|  0%| F|  |TAMS 0x0000000708800000| PB 0x0000000708800000| Untracked 
|  53|0x0000000708a00000, 0x0000000708a00000, 0x0000000708c00000|  0%| F|  |TAMS 0x0000000708a00000| PB 0x0000000708a00000| Untracked 
|  54|0x0000000708c00000, 0x0000000708c00000, 0x0000000708e00000|  0%| F|  |TAMS 0x0000000708c00000| PB 0x0000000708c00000| Untracked 
|  55|0x0000000708e00000, 0x0000000708e00000, 0x0000000709000000|  0%| F|  |TAMS 0x0000000708e00000| PB 0x0000000708e00000| Untracked 
|  56|0x0000000709000000, 0x0000000709000000, 0x0000000709200000|  0%| F|  |TAMS 0x0000000709000000| PB 0x0000000709000000| Untracked 
|  57|0x0000000709200000, 0x0000000709200000, 0x0000000709400000|  0%| F|  |TAMS 0x0000000709200000| PB 0x0000000709200000| Untracked 
|  58|0x0000000709400000, 0x0000000709400000, 0x0000000709600000|  0%| F|  |TAMS 0x0000000709400000| PB 0x0000000709400000| Untracked 
|  59|0x0000000709600000, 0x0000000709600000, 0x0000000709800000|  0%| F|  |TAMS 0x0000000709600000| PB 0x0000000709600000| Untracked 
|  60|0x0000000709800000, 0x0000000709800000, 0x0000000709a00000|  0%| F|  |TAMS 0x0000000709800000| PB 0x0000000709800000| Untracked 
|  61|0x0000000709a00000, 0x0000000709a00000, 0x0000000709c00000|  0%| F|  |TAMS 0x0000000709a00000| PB 0x0000000709a00000| Untracked 
|  62|0x0000000709c00000, 0x0000000709c00000, 0x0000000709e00000|  0%| F|  |TAMS 0x0000000709c00000| PB 0x0000000709c00000| Untracked 
|  63|0x0000000709e00000, 0x0000000709e00000, 0x000000070a000000|  0%| F|  |TAMS 0x0000000709e00000| PB 0x0000000709e00000| Untracked 
|  64|0x000000070a000000, 0x000000070a000000, 0x000000070a200000|  0%| F|  |TAMS 0x000000070a000000| PB 0x000000070a000000| Untracked 
|  65|0x000000070a200000, 0x000000070a200000, 0x000000070a400000|  0%| F|  |TAMS 0x000000070a200000| PB 0x000000070a200000| Untracked 
|  66|0x000000070a400000, 0x000000070a400000, 0x000000070a600000|  0%| F|  |TAMS 0x000000070a400000| PB 0x000000070a400000| Untracked 
|  67|0x000000070a600000, 0x000000070a600000, 0x000000070a800000|  0%| F|  |TAMS 0x000000070a600000| PB 0x000000070a600000| Untracked 
|  68|0x000000070a800000, 0x000000070a800000, 0x000000070aa00000|  0%| F|  |TAMS 0x000000070a800000| PB 0x000000070a800000| Untracked 
|  69|0x000000070aa00000, 0x000000070aa00000, 0x000000070ac00000|  0%| F|  |TAMS 0x000000070aa00000| PB 0x000000070aa00000| Untracked 
|  70|0x000000070ac00000, 0x000000070ac00000, 0x000000070ae00000|  0%| F|  |TAMS 0x000000070ac00000| PB 0x000000070ac00000| Untracked 
|  71|0x000000070ae00000, 0x000000070ae00000, 0x000000070b000000|  0%| F|  |TAMS 0x000000070ae00000| PB 0x000000070ae00000| Untracked 
|  72|0x000000070b000000, 0x000000070b000000, 0x000000070b200000|  0%| F|  |TAMS 0x000000070b000000| PB 0x000000070b000000| Untracked 
|  73|0x000000070b200000, 0x000000070b200000, 0x000000070b400000|  0%| F|  |TAMS 0x000000070b200000| PB 0x000000070b200000| Untracked 
|  74|0x000000070b400000, 0x000000070b400000, 0x000000070b600000|  0%| F|  |TAMS 0x000000070b400000| PB 0x000000070b400000| Untracked 
|  75|0x000000070b600000, 0x000000070b600000, 0x000000070b800000|  0%| F|  |TAMS 0x000000070b600000| PB 0x000000070b600000| Untracked 
|  76|0x000000070b800000, 0x000000070b800000, 0x000000070ba00000|  0%| F|  |TAMS 0x000000070b800000| PB 0x000000070b800000| Untracked 
|  77|0x000000070ba00000, 0x000000070ba00000, 0x000000070bc00000|  0%| F|  |TAMS 0x000000070ba00000| PB 0x000000070ba00000| Untracked 
|  78|0x000000070bc00000, 0x000000070bc00000, 0x000000070be00000|  0%| F|  |TAMS 0x000000070bc00000| PB 0x000000070bc00000| Untracked 
|  79|0x000000070be00000, 0x000000070be00000, 0x000000070c000000|  0%| F|  |TAMS 0x000000070be00000| PB 0x000000070be00000| Untracked 
|  80|0x000000070c000000, 0x000000070c000000, 0x000000070c200000|  0%| F|  |TAMS 0x000000070c000000| PB 0x000000070c000000| Untracked 
|  81|0x000000070c200000, 0x000000070c200000, 0x000000070c400000|  0%| F|  |TAMS 0x000000070c200000| PB 0x000000070c200000| Untracked 
|  82|0x000000070c400000, 0x000000070c400000, 0x000000070c600000|  0%| F|  |TAMS 0x000000070c400000| PB 0x000000070c400000| Untracked 
|  83|0x000000070c600000, 0x000000070c600000, 0x000000070c800000|  0%| F|  |TAMS 0x000000070c600000| PB 0x000000070c600000| Untracked 
|  84|0x000000070c800000, 0x000000070c800000, 0x000000070ca00000|  0%| F|  |TAMS 0x000000070c800000| PB 0x000000070c800000| Untracked 
|  85|0x000000070ca00000, 0x000000070ca00000, 0x000000070cc00000|  0%| F|  |TAMS 0x000000070ca00000| PB 0x000000070ca00000| Untracked 
|  86|0x000000070cc00000, 0x000000070cc00000, 0x000000070ce00000|  0%| F|  |TAMS 0x000000070cc00000| PB 0x000000070cc00000| Untracked 
|  87|0x000000070ce00000, 0x000000070ce00000, 0x000000070d000000|  0%| F|  |TAMS 0x000000070ce00000| PB 0x000000070ce00000| Untracked 
|  88|0x000000070d000000, 0x000000070d000000, 0x000000070d200000|  0%| F|  |TAMS 0x000000070d000000| PB 0x000000070d000000| Untracked 
|  89|0x000000070d200000, 0x000000070d200000, 0x000000070d400000|  0%| F|  |TAMS 0x000000070d200000| PB 0x000000070d200000| Untracked 
|  90|0x000000070d400000, 0x000000070d400000, 0x000000070d600000|  0%| F|  |TAMS 0x000000070d400000| PB 0x000000070d400000| Untracked 
|  91|0x000000070d600000, 0x000000070d600000, 0x000000070d800000|  0%| F|  |TAMS 0x000000070d600000| PB 0x000000070d600000| Untracked 
|  92|0x000000070d800000, 0x000000070d800000, 0x000000070da00000|  0%| F|  |TAMS 0x000000070d800000| PB 0x000000070d800000| Untracked 
|  93|0x000000070da00000, 0x000000070da00000, 0x000000070dc00000|  0%| F|  |TAMS 0x000000070da00000| PB 0x000000070da00000| Untracked 
|  94|0x000000070dc00000, 0x000000070dc00000, 0x000000070de00000|  0%| F|  |TAMS 0x000000070dc00000| PB 0x000000070dc00000| Untracked 
|  95|0x000000070de00000, 0x000000070de00000, 0x000000070e000000|  0%| F|  |TAMS 0x000000070de00000| PB 0x000000070de00000| Untracked 
|  96|0x000000070e000000, 0x000000070e000000, 0x000000070e200000|  0%| F|  |TAMS 0x000000070e000000| PB 0x000000070e000000| Untracked 
|  97|0x000000070e200000, 0x000000070e200000, 0x000000070e400000|  0%| F|  |TAMS 0x000000070e200000| PB 0x000000070e200000| Untracked 
|  98|0x000000070e400000, 0x000000070e400000, 0x000000070e600000|  0%| F|  |TAMS 0x000000070e400000| PB 0x000000070e400000| Untracked 
|  99|0x000000070e600000, 0x000000070e600000, 0x000000070e800000|  0%| F|  |TAMS 0x000000070e600000| PB 0x000000070e600000| Untracked 
| 100|0x000000070e800000, 0x000000070e800000, 0x000000070ea00000|  0%| F|  |TAMS 0x000000070e800000| PB 0x000000070e800000| Untracked 
| 101|0x000000070ea00000, 0x000000070ea00000, 0x000000070ec00000|  0%| F|  |TAMS 0x000000070ea00000| PB 0x000000070ea00000| Untracked 
| 102|0x000000070ec00000, 0x000000070ec00000, 0x000000070ee00000|  0%| F|  |TAMS 0x000000070ec00000| PB 0x000000070ec00000| Untracked 
| 103|0x000000070ee00000, 0x000000070f000000, 0x000000070f000000|100%| S|CS|TAMS 0x000000070ee00000| PB 0x000000070ee00000| Complete 
| 104|0x000000070f000000, 0x000000070f200000, 0x000000070f200000|100%| S|CS|TAMS 0x000000070f000000| PB 0x000000070f000000| Complete 
| 105|0x000000070f200000, 0x000000070f400000, 0x000000070f400000|100%| S|CS|TAMS 0x000000070f200000| PB 0x000000070f200000| Complete 
| 106|0x000000070f400000, 0x000000070f400000, 0x000000070f600000|  0%| F|  |TAMS 0x000000070f400000| PB 0x000000070f400000| Untracked 
| 107|0x000000070f600000, 0x000000070f600000, 0x000000070f800000|  0%| F|  |TAMS 0x000000070f600000| PB 0x000000070f600000| Untracked 
| 108|0x000000070f800000, 0x000000070f800000, 0x000000070fa00000|  0%| F|  |TAMS 0x000000070f800000| PB 0x000000070f800000| Untracked 
| 109|0x000000070fa00000, 0x000000070fa00000, 0x000000070fc00000|  0%| F|  |TAMS 0x000000070fa00000| PB 0x000000070fa00000| Untracked 
| 110|0x000000070fc00000, 0x000000070fc00000, 0x000000070fe00000|  0%| F|  |TAMS 0x000000070fc00000| PB 0x000000070fc00000| Untracked 
| 111|0x000000070fe00000, 0x000000070fe00000, 0x0000000710000000|  0%| F|  |TAMS 0x000000070fe00000| PB 0x000000070fe00000| Untracked 
| 112|0x0000000710000000, 0x0000000710000000, 0x0000000710200000|  0%| F|  |TAMS 0x0000000710000000| PB 0x0000000710000000| Untracked 
| 113|0x0000000710200000, 0x0000000710200000, 0x0000000710400000|  0%| F|  |TAMS 0x0000000710200000| PB 0x0000000710200000| Untracked 
| 114|0x0000000710400000, 0x0000000710400000, 0x0000000710600000|  0%| F|  |TAMS 0x0000000710400000| PB 0x0000000710400000| Untracked 
| 115|0x0000000710600000, 0x0000000710600000, 0x0000000710800000|  0%| F|  |TAMS 0x0000000710600000| PB 0x0000000710600000| Untracked 
| 116|0x0000000710800000, 0x0000000710800000, 0x0000000710a00000|  0%| F|  |TAMS 0x0000000710800000| PB 0x0000000710800000| Untracked 
| 117|0x0000000710a00000, 0x0000000710a00000, 0x0000000710c00000|  0%| F|  |TAMS 0x0000000710a00000| PB 0x0000000710a00000| Untracked 
| 118|0x0000000710c00000, 0x0000000710c00000, 0x0000000710e00000|  0%| F|  |TAMS 0x0000000710c00000| PB 0x0000000710c00000| Untracked 
| 119|0x0000000710e00000, 0x0000000710e00000, 0x0000000711000000|  0%| F|  |TAMS 0x0000000710e00000| PB 0x0000000710e00000| Untracked 
| 120|0x0000000711000000, 0x00000007111be3b0, 0x0000000711200000| 87%| E|  |TAMS 0x0000000711000000| PB 0x0000000711000000| Complete 
| 121|0x0000000711200000, 0x0000000711400000, 0x0000000711400000|100%| E|CS|TAMS 0x0000000711200000| PB 0x0000000711200000| Complete 
| 122|0x0000000711400000, 0x0000000711600000, 0x0000000711600000|100%| E|CS|TAMS 0x0000000711400000| PB 0x0000000711400000| Complete 
| 123|0x0000000711600000, 0x0000000711800000, 0x0000000711800000|100%| E|CS|TAMS 0x0000000711600000| PB 0x0000000711600000| Complete 
| 124|0x0000000711800000, 0x0000000711a00000, 0x0000000711a00000|100%| E|CS|TAMS 0x0000000711800000| PB 0x0000000711800000| Complete 
| 125|0x0000000711a00000, 0x0000000711c00000, 0x0000000711c00000|100%| E|CS|TAMS 0x0000000711a00000| PB 0x0000000711a00000| Complete 
| 126|0x0000000711c00000, 0x0000000711e00000, 0x0000000711e00000|100%| E|CS|TAMS 0x0000000711c00000| PB 0x0000000711c00000| Complete 

Card table byte_map: [0x000002d36f140000,0x000002d36f930000] _byte_map_base: 0x000002d36b930000

Marking Bits: (CMBitMap*) 0x000002d3575b9d30
 Bits: [0x000002d370120000, 0x000002d3740a0000)

Polling page: 0x000002d3554d0000

Metaspace:

Usage:
  Non-class:     14.80 MB used.
      Class:      2.46 MB used.
       Both:     17.27 MB used.

Virtual space:
  Non-class space:       64.00 MB reserved,      15.00 MB ( 23%) committed,  1 nodes.
      Class space:        1.00 GB reserved,       2.62 MB ( <1%) committed,  1 nodes.
             Both:        1.06 GB reserved,      17.62 MB (  2%) committed. 

Chunk freelists:
   Non-Class:  720.00 KB
       Class:  1.36 MB
        Both:  2.06 MB

MaxMetaspaceSize: unlimited
CompressedClassSpaceSize: 1.00 GB
Initial GC threshold: 21.00 MB
Current GC threshold: 21.00 MB
CDS: on
MetaspaceReclaimPolicy: balanced
 - commit_granule_bytes: 65536.
 - commit_granule_words: 8192.
 - virtual_space_node_default_size: 8388608.
 - enlarge_chunks_in_place: 1.
 - new_chunks_are_fully_committed: 0.
 - uncommit_free_chunks: 1.
 - use_allocation_guard: 0.


Internal statistics:

num_allocs_failed_limit: 0.
num_arena_births: 412.
num_arena_deaths: 0.
num_vsnodes_births: 2.
num_vsnodes_deaths: 0.
num_space_committed: 282.
num_space_uncommitted: 0.
num_chunks_returned_to_freelist: 0.
num_chunks_taken_from_freelist: 1004.
num_chunk_merges: 0.
num_chunk_splits: 674.
num_chunks_enlarged: 483.
num_inconsistent_stats: 0.

CodeHeap 'non-profiled nmethods': size=120000Kb used=1337Kb max_used=1337Kb free=118662Kb
 bounds [0x000002d3670e0000, 0x000002d367350000, 0x000002d36e610000]
CodeHeap 'profiled nmethods': size=120000Kb used=5823Kb max_used=5823Kb free=114176Kb
 bounds [0x000002d35f610000, 0x000002d35fbc0000, 0x000002d366b40000]
CodeHeap 'non-nmethods': size=5760Kb used=1869Kb max_used=1907Kb free=3890Kb
 bounds [0x000002d366b40000, 0x000002d366db0000, 0x000002d3670e0000]
 total_blobs=3886 nmethods=3061 adapters=735
 compilation: enabled
              stopped_count=0, restarted_count=0
 full_count=0

Compilation events (20 events):
Event: 8.065 Thread 0x000002d376b18ea0 nmethod 3046 0x000002d35fbbd110 code [0x000002d35fbbd2a0, 0x000002d35fbbd428]
Event: 8.067 Thread 0x000002d376b13840 nmethod 3045 0x000002d36722ba90 code [0x000002d36722bc40, 0x000002d36722bed8]
Event: 8.411 Thread 0x000002d376b18ea0 3052       3       jdk.internal.org.objectweb.asm.MethodVisitor::visitFieldInsn (20 bytes)
Event: 8.411 Thread 0x000002d376b18ea0 nmethod 3052 0x000002d35fbbd510 code [0x000002d35fbbd6a0, 0x000002d35fbbd8b0]
Event: 8.411 Thread 0x000002d376b13840 3054       4       java.lang.StringLatin1::newString (24 bytes)
Event: 8.412 Thread 0x000002d376b18ea0 3057       3       java.lang.invoke.LambdaForm::methodType (48 bytes)
Event: 8.412 Thread 0x000002d376b18ea0 nmethod 3057 0x000002d35fbbd990 code [0x000002d35fbbdb80, 0x000002d35fbbe190]
Event: 8.415 Thread 0x000002d376b13840 nmethod 3054 0x000002d36722da90 code [0x000002d36722dc20, 0x000002d36722e078]
Event: 8.448 Thread 0x000002d376b18ea0 3058       3       javafx.scene.Parent$1::pickChildrenNode (7 bytes)
Event: 8.449 Thread 0x000002d376b18ea0 nmethod 3058 0x000002d35fbbe410 code [0x000002d35fbbe5a0, 0x000002d35fbbe778]
Event: 8.512 Thread 0x000002d376b13840 3059       4       javafx.beans.property.DoublePropertyBase::get (29 bytes)
Event: 8.513 Thread 0x000002d376b13840 nmethod 3059 0x000002d36722e210 code [0x000002d36722e380, 0x000002d36722e440]
Event: 8.521 Thread 0x000002d376b18ea0 3060       3       com.sun.javafx.geom.RectBounds::deriveWithNewBounds (80 bytes)
Event: 8.521 Thread 0x000002d376b18ea0 nmethod 3060 0x000002d35fbbe890 code [0x000002d35fbbea40, 0x000002d35fbbeec8]
Event: 8.569 Thread 0x000002d376b18ea0 3061       3       javafx.scene.Node::isFocusTraversable (19 bytes)
Event: 8.569 Thread 0x000002d376b18ea0 nmethod 3061 0x000002d35fbbf010 code [0x000002d35fbbf1c0, 0x000002d35fbbf538]
Event: 8.592 Thread 0x000002d376b18ea0 3062       3       javafx.event.Event::consume (6 bytes)
Event: 8.593 Thread 0x000002d376b18ea0 nmethod 3062 0x000002d35fbbf690 code [0x000002d35fbbf820, 0x000002d35fbbf930]
Event: 8.626 Thread 0x000002d376b18ea0 3063       3       javafx.scene.Node::sceneToLocal (17 bytes)
Event: 8.626 Thread 0x000002d376b18ea0 nmethod 3063 0x000002d35fbbfa10 code [0x000002d35fbbfba0, 0x000002d35fbbfdb8]

GC Heap History (4 events):
Event: 0.596 GC heap before
{Heap before GC invocations=0 (full 0):
 garbage-first heap   total 260096K, used 20480K [0x0000000702000000, 0x0000000800000000)
  region size 2048K, 11 young (22528K), 0 survivors (0K)
 Metaspace       used 5238K, committed 5440K, reserved 1114112K
  class space    used 606K, committed 704K, reserved 1048576K
}
Event: 0.599 GC heap after
{Heap after GC invocations=1 (full 0):
 garbage-first heap   total 260096K, used 2645K [0x0000000702000000, 0x0000000800000000)
  region size 2048K, 2 young (4096K), 2 survivors (4096K)
 Metaspace       used 5238K, committed 5440K, reserved 1114112K
  class space    used 606K, committed 704K, reserved 1048576K
}
Event: 5.100 GC heap before
{Heap before GC invocations=1 (full 0):
 garbage-first heap   total 260096K, used 43605K [0x0000000702000000, 0x0000000800000000)
  region size 2048K, 21 young (43008K), 2 survivors (4096K)
 Metaspace       used 15829K, committed 16128K, reserved 1114112K
  class space    used 2179K, committed 2304K, reserved 1048576K
}
Event: 5.107 GC heap after
{Heap after GC invocations=2 (full 0):
 garbage-first heap   total 260096K, used 10272K [0x0000000702000000, 0x0000000800000000)
  region size 2048K, 3 young (6144K), 3 survivors (6144K)
 Metaspace       used 15829K, committed 16128K, reserved 1114112K
  class space    used 2179K, committed 2304K, reserved 1048576K
}

Dll operation events (20 events):
Event: 0.362 Loaded shared library C:\Users\shara\.openjfx\cache\17.0.2-ea\api-ms-win-crt-filesystem-l1-1-0.dll
Event: 0.364 Loaded shared library C:\Users\shara\.openjfx\cache\17.0.2-ea\api-ms-win-crt-heap-l1-1-0.dll
Event: 0.367 Loaded shared library C:\Users\shara\.openjfx\cache\17.0.2-ea\api-ms-win-crt-locale-l1-1-0.dll
Event: 0.369 Loaded shared library C:\Users\shara\.openjfx\cache\17.0.2-ea\api-ms-win-crt-math-l1-1-0.dll
Event: 0.372 Loaded shared library C:\Users\shara\.openjfx\cache\17.0.2-ea\api-ms-win-crt-multibyte-l1-1-0.dll
Event: 0.376 Loaded shared library C:\Users\shara\.openjfx\cache\17.0.2-ea\api-ms-win-crt-private-l1-1-0.dll
Event: 0.379 Loaded shared library C:\Users\shara\.openjfx\cache\17.0.2-ea\api-ms-win-crt-process-l1-1-0.dll
Event: 0.381 Loaded shared library C:\Users\shara\.openjfx\cache\17.0.2-ea\api-ms-win-crt-runtime-l1-1-0.dll
Event: 0.384 Loaded shared library C:\Users\shara\.openjfx\cache\17.0.2-ea\api-ms-win-crt-stdio-l1-1-0.dll
Event: 0.387 Loaded shared library C:\Users\shara\.openjfx\cache\17.0.2-ea\api-ms-win-crt-string-l1-1-0.dll
Event: 0.390 Loaded shared library C:\Users\shara\.openjfx\cache\17.0.2-ea\api-ms-win-crt-time-l1-1-0.dll
Event: 0.393 Loaded shared library C:\Users\shara\.openjfx\cache\17.0.2-ea\api-ms-win-crt-utility-l1-1-0.dll
Event: 0.408 Loaded shared library C:\Users\shara\.openjfx\cache\17.0.2-ea\ucrtbase.dll
Event: 0.412 Loaded shared library C:\Users\shara\.openjfx\cache\17.0.2-ea\vcruntime140.dll
Event: 0.415 Loaded shared library C:\Users\shara\.openjfx\cache\17.0.2-ea\vcruntime140_1.dll
Event: 0.425 Loaded shared library C:\Users\shara\.openjfx\cache\17.0.2-ea\msvcp140.dll
Event: 0.458 Loaded shared library C:\Users\shara\.openjfx\cache\17.0.2-ea\prism_d3d.dll
Event: 0.490 Loaded shared library C:\Users\shara\.openjfx\cache\17.0.2-ea\glass.dll
Event: 0.588 Loaded shared library C:\Users\shara\.jdks\openjdk-20.0.1\bin\jimage.dll
Event: 0.779 Loaded shared library C:\Users\shara\.openjfx\cache\17.0.2-ea\javafx_font.dll

Deoptimization events (20 events):
Event: 5.287 Thread 0x000002d376b07170 DEOPT PACKING pc=0x000002d3671d16a4 sp=0x000000f9f67fa330
Event: 5.287 Thread 0x000002d376b07170 DEOPT UNPACKING pc=0x000002d366ba9d22 sp=0x000000f9f67fa2e0 mode 2
Event: 5.287 Thread 0x000002d376b07170 Uncommon trap: trap_request=0xffffff45 fr.pc=0x000002d367128e68 relative=0x00000000000000e8
Event: 5.287 Thread 0x000002d376b07170 Uncommon trap: reason=unstable_if action=reinterpret pc=0x000002d367128e68 method=java.lang.String.getBytes([BIB)V @ 5 c2
Event: 5.287 Thread 0x000002d376b07170 DEOPT PACKING pc=0x000002d367128e68 sp=0x000000f9f67fa290
Event: 5.287 Thread 0x000002d376b07170 DEOPT UNPACKING pc=0x000002d366ba9d22 sp=0x000000f9f67fa258 mode 2
Event: 5.352 Thread 0x000002d376b066d0 DEOPT PACKING pc=0x000002d35f9514ba sp=0x000000f9f65fdfe0
Event: 5.352 Thread 0x000002d376b066d0 DEOPT UNPACKING pc=0x000002d366baa4c2 sp=0x000000f9f65fd418 mode 0
Event: 5.394 Thread 0x000002d376b066d0 Uncommon trap: trap_request=0xffffff45 fr.pc=0x000002d3671cda30 relative=0x0000000000000410
Event: 5.394 Thread 0x000002d376b066d0 Uncommon trap: reason=unstable_if action=reinterpret pc=0x000002d3671cda30 method=com.sun.marlin.MaskMarlinAlphaConsumer.setAndClearRelativeAlphas([IIII)V @ 69 c2
Event: 5.394 Thread 0x000002d376b066d0 DEOPT PACKING pc=0x000002d3671cda30 sp=0x000000f9f65fd510
Event: 5.394 Thread 0x000002d376b066d0 DEOPT UNPACKING pc=0x000002d366ba9d22 sp=0x000000f9f65fd448 mode 2
Event: 5.413 Thread 0x000002d376b066d0 DEOPT PACKING pc=0x000002d35f9519c9 sp=0x000000f9f65fdfe0
Event: 5.413 Thread 0x000002d376b066d0 DEOPT UNPACKING pc=0x000002d366baa4c2 sp=0x000000f9f65fd418 mode 0
Event: 5.428 Thread 0x000002d376b066d0 DEOPT PACKING pc=0x000002d35f9514ba sp=0x000000f9f65fdff0
Event: 5.428 Thread 0x000002d376b066d0 DEOPT UNPACKING pc=0x000002d366baa4c2 sp=0x000000f9f65fd428 mode 0
Event: 5.431 Thread 0x000002d376b066d0 DEOPT PACKING pc=0x000002d35f9519c9 sp=0x000000f9f65fdff0
Event: 5.431 Thread 0x000002d376b066d0 DEOPT UNPACKING pc=0x000002d366baa4c2 sp=0x000000f9f65fd428 mode 0
Event: 5.432 Thread 0x000002d376b066d0 DEOPT PACKING pc=0x000002d35fb5fe03 sp=0x000000f9f65fded0
Event: 5.432 Thread 0x000002d376b066d0 DEOPT UNPACKING pc=0x000002d366baa4c2 sp=0x000000f9f65fd380 mode 0

Classes loaded (20 events):
Event: 4.967 Loading class java/lang/reflect/WildcardType done
Event: 4.967 Loading class sun/reflect/generics/reflectiveObjects/WildcardTypeImpl done
Event: 5.191 Loading class java/lang/FdLibm$Hypot
Event: 5.191 Loading class java/lang/FdLibm$Hypot done
Event: 5.191 Loading class java/lang/FdLibm
Event: 5.191 Loading class java/lang/FdLibm done
Event: 5.285 Loading class java/text/BreakIterator
Event: 5.285 Loading class java/text/BreakIterator done
Event: 5.286 Loading class sun/util/locale/provider/BreakIteratorProviderImpl
Event: 5.286 Loading class sun/util/locale/provider/BreakIteratorProviderImpl done
Event: 5.286 Loading class sun/util/locale/provider/BreakIteratorProviderImpl$GraphemeBreakIterator
Event: 5.286 Loading class sun/util/locale/provider/BreakIteratorProviderImpl$GraphemeBreakIterator done
Event: 5.286 Loading class java/text/StringCharacterIterator
Event: 5.286 Loading class java/text/StringCharacterIterator done
Event: 5.286 Loading class sun/util/locale/provider/BreakIteratorProviderImpl$CharacterIteratorCharSequence
Event: 5.286 Loading class sun/util/locale/provider/BreakIteratorProviderImpl$CharacterIteratorCharSequence done
Event: 5.286 Loading class java/text/BreakIterator$BreakIteratorCache
Event: 5.286 Loading class java/text/BreakIterator$BreakIteratorCache done
Event: 10.899 Loading class jdk/internal/misc/Signal$1
Event: 10.899 Loading class jdk/internal/misc/Signal$1 done

Classes unloaded (0 events):
No events

Classes redefined (0 events):
No events

Internal exceptions (20 events):
Event: 0.919 Thread 0x000002d376b07170 Implicit null exception at 0x000002d367159020 to 0x000002d3671592b8
Event: 0.919 Thread 0x000002d376b07170 Implicit null exception at 0x000002d367155820 to 0x000002d367155aa8
Event: 0.967 Thread 0x000002d376b07170 Implicit null exception at 0x000002d367153b92 to 0x000002d367154208
Event: 1.034 Thread 0x000002d376b07170 Exception <a 'java/lang/IncompatibleClassChangeError'{0x0000000710946aa8}: Found class java.lang.Object, but interface was expected> (0x0000000710946aa8) 
thrown [s\open\src\hotspot\share\interpreter\linkResolver.cpp, line 840]
Event: 1.079 Thread 0x000002d376b07170 Exception <a 'java/lang/NoSuchMethodError'{0x0000000710323c40}: 'int java.lang.invoke.DirectMethodHandle$Holder.invokeSpecial(java.lang.Object, java.lang.Object, int)'> (0x0000000710323c40) 
thrown [s\open\src\hotspot\share\interpreter\linkResolver.cpp, line 773]
Event: 1.092 Thread 0x000002d376b07170 Exception <a 'java/lang/NoSuchMethodError'{0x00000007103a5ab0}: 'java.lang.Object java.lang.invoke.DirectMethodHandle$Holder.newInvokeSpecial(java.lang.Object, java.lang.Object, int)'> (0x00000007103a5ab0) 
thrown [s\open\src\hotspot\share\interpreter\linkResolver.cpp, line 773]
Event: 1.115 Thread 0x000002d376b066d0 Exception <a 'java/lang/NoSuchMethodError'{0x0000000710052e20}: 'int java.lang.invoke.DirectMethodHandle$Holder.invokeStaticInit(java.lang.Object, java.lang.Object)'> (0x0000000710052e20) 
thrown [s\open\src\hotspot\share\interpreter\linkResolver.cpp, line 773]
Event: 3.383 Thread 0x000002d376b07170 Exception <a 'java/lang/NoSuchMethodError'{0x000000070fc926e8}: 'long java.lang.invoke.DirectMethodHandle$Holder.invokeStatic(java.lang.Object, java.lang.Object, java.lang.Object)'> (0x000000070fc926e8) 
thrown [s\open\src\hotspot\share\interpreter\linkResolver.cpp, line 773]
Event: 3.383 Thread 0x000002d376b07170 Exception <a 'java/lang/NoSuchMethodError'{0x000000070fc95ab8}: 'long java.lang.invoke.DirectMethodHandle$Holder.invokeStaticInit(java.lang.Object, java.lang.Object, java.lang.Object)'> (0x000000070fc95ab8) 
thrown [s\open\src\hotspot\share\interpreter\linkResolver.cpp, line 773]
Event: 3.384 Thread 0x000002d376b07170 Exception <a 'java/lang/NoSuchMethodError'{0x000000070fcadd68}: 'java.lang.Object java.lang.invoke.DirectMethodHandle$Holder.newInvokeSpecial(java.lang.Object, java.lang.Object, long)'> (0x000000070fcadd68) 
thrown [s\open\src\hotspot\share\interpreter\linkResolver.cpp, line 773]
Event: 3.385 Thread 0x000002d376b07170 Exception <a 'java/lang/NoSuchMethodError'{0x000000070fcb1660}: 'java.lang.Object java.lang.invoke.Invokers$Holder.linkToTargetMethod(java.lang.Object, long, java.lang.Object)'> (0x000000070fcb1660) 
thrown [s\open\src\hotspot\share\interpreter\linkResolver.cpp, line 773]
Event: 5.034 Thread 0x000002d376b07170 Exception <a 'java/lang/ClassNotFoundException'{0x000000070f6f7ef8}: com/sun/javafx/scene/control/skin/resources/controls> (0x000000070f6f7ef8) 
thrown [s\open\src\hotspot\share\prims\jni.cpp, line 538]
Event: 5.035 Thread 0x000002d376b07170 Exception <a 'java/lang/ClassNotFoundException'{0x000000070f7064e8}: com/sun/javafx/scene/control/skin/resources/controls_en> (0x000000070f7064e8) 
thrown [s\open\src\hotspot\share\prims\jni.cpp, line 538]
Event: 5.035 Thread 0x000002d376b07170 Exception <a 'java/lang/ClassNotFoundException'{0x000000070f707ca8}: com/sun/javafx/scene/control/skin/resources/controls_en_GB> (0x000000070f707ca8) 
thrown [s\open\src\hotspot\share\prims\jni.cpp, line 538]
Event: 5.166 Thread 0x000002d376b07170 Exception <a 'java/lang/NoSuchMethodError'{0x0000000711b5af30}: 'void java.lang.invoke.DirectMethodHandle$Holder.invokeSpecial(java.lang.Object, java.lang.Object, java.lang.Object, java.lang.Object, java.lang.Object, java.lang.Object)'> (0x0000000711b5af30) 
thrown [s\open\src\hotspot\share\interpreter\linkResolver.cpp, line 773]
Event: 5.385 Thread 0x000002d376b066d0 Exception <a 'java/lang/NoSuchMethodError'{0x00000007112b82e8}: 'java.lang.Object java.lang.invoke.DirectMethodHandle$Holder.invokeStaticInit(java.lang.Object, int)'> (0x00000007112b82e8) 
thrown [s\open\src\hotspot\share\interpreter\linkResolver.cpp, line 773]
Event: 6.514 Thread 0x000002d376b07170 Exception <a 'java/lang/NoSuchMethodError'{0x00000007113e7188}: 'java.lang.Object java.lang.invoke.DirectMethodHandle$Holder.newInvokeSpecial(java.lang.Object, java.lang.Object, java.lang.Object, double, double, double, double, int, int, int, int, int, int, int, int, int)'> (0x00000007113e7188) 
thrown [s\open\src\hotspot\share\interpreter\linkResolver.cpp, line 773]
Event: 8.410 Thread 0x000002d376b07170 Exception <a 'java/lang/NoSuchMethodError'{0x000000071103d758}: 'java.lang.Object java.lang.invoke.DirectMethodHandle$Holder.newInvokeSpecial(java.lang.Object, java.lang.Object, int, int, int, int, int, java.lang.Object)'> (0x000000071103d758) 
thrown [s\open\src\hotspot\share\interpreter\linkResolver.cpp, line 773]
Event: 8.411 Thread 0x000002d376b07170 Exception <a 'java/lang/NoSuchMethodError'{0x00000007110504a8}: 'java.lang.Object java.lang.invoke.DirectMethodHandle$Holder.newInvokeSpecial(java.lang.Object, java.lang.Object, java.lang.Object, int, int, int, int, int)'> (0x00000007110504a8) 
thrown [s\open\src\hotspot\share\interpreter\linkResolver.cpp, line 773]
Event: 8.412 Thread 0x000002d376b07170 Exception <a 'java/lang/NoSuchMethodError'{0x00000007110582a8}: 'java.lang.Object java.lang.invoke.Invokers$Holder.linkToTargetMethod(java.lang.Object, java.lang.Object, int, int, int, int, int, java.lang.Object)'> (0x00000007110582a8) 
thrown [s\open\src\hotspot\share\interpreter\linkResolver.cpp, line 773]

VM Operations (20 events):
Event: 3.047 Executing VM operation: Cleanup done
Event: 4.047 Executing VM operation: Cleanup
Event: 4.047 Executing VM operation: Cleanup done
Event: 5.047 Executing VM operation: Cleanup
Event: 5.047 Executing VM operation: Cleanup done
Event: 5.048 Executing VM operation: HandshakeAllThreads
Event: 5.048 Executing VM operation: HandshakeAllThreads done
Event: 5.049 Executing VM operation: HandshakeAllThreads
Event: 5.049 Executing VM operation: HandshakeAllThreads done
Event: 5.100 Executing VM operation: G1CollectForAllocation
Event: 5.107 Executing VM operation: G1CollectForAllocation done
Event: 5.395 Executing VM operation: ICBufferFull
Event: 5.395 Executing VM operation: ICBufferFull done
Event: 7.395 Executing VM operation: Cleanup
Event: 7.395 Executing VM operation: Cleanup done
Event: 8.395 Executing VM operation: Cleanup
Event: 8.396 Executing VM operation: Cleanup done
Event: 9.396 Executing VM operation: Cleanup
Event: 9.396 Executing VM operation: Cleanup done
Event: 10.901 Executing VM operation: Exit

Events (20 events):
Event: 0.566 Thread 0x000002d376b05c30 Thread added: 0x000002d376b05c30
Event: 0.566 Thread 0x000002d376b06c20 Thread added: 0x000002d376b06c20
Event: 0.828 Thread 0x000002d376b18380 Thread added: 0x000002d376b18380
Event: 1.025 Thread 0x000002d376b03c50 Thread added: 0x000002d376b03c50
Event: 1.169 Thread 0x000002d37c031e50 Thread added: 0x000002d37c031e50
Event: 1.696 Thread 0x000002d376b18380 Thread exited: 0x000002d376b18380
Event: 1.696 Thread 0x000002d376b17df0 Thread exited: 0x000002d376b17df0
Event: 2.858 Thread 0x000002d376b16220 Thread added: 0x000002d376b16220
Event: 2.985 Thread 0x000002d376b16220 Thread exited: 0x000002d376b16220
Event: 3.601 Thread 0x000002d376b18910 Thread added: 0x000002d376b18910
Event: 3.718 Thread 0x000002d376b18910 Thread exited: 0x000002d376b18910
Event: 5.009 Thread 0x000002d376b16220 Thread added: 0x000002d376b16220
Event: 5.130 Thread 0x000002d376b19430 Thread added: 0x000002d376b19430
Event: 5.657 Thread 0x000002d376b16220 Thread exited: 0x000002d376b16220
Event: 5.657 Thread 0x000002d376b19430 Thread exited: 0x000002d376b19430
Event: 10.899 Thread 0x000002d37c030e60 Thread added: 0x000002d37c030e60
Event: 10.900 Thread 0x000002d37c031900 Thread added: 0x000002d37c031900
Event: 10.900 Thread 0x000002d37c0323a0 Thread added: 0x000002d37c0323a0
Event: 10.900 Thread 0x000002d37c031900 Thread exited: 0x000002d37c031900
Event: 10.901 Thread 0x000002d37c0323a0 Thread exited: 0x000002d37c0323a0


Dynamic libraries:
0x00007ff796ea0000 - 0x00007ff796eae000 	C:\Users\shara\.jdks\openjdk-20.0.1\bin\java.exe
0x00007ffc1a370000 - 0x00007ffc1a568000 	C:\WINDOWS\SYSTEM32\ntdll.dll
0x00007ffc19110000 - 0x00007ffc191cf000 	C:\WINDOWS\System32\KERNEL32.DLL
0x00007ffc17e60000 - 0x00007ffc1813a000 	C:\WINDOWS\System32\KERNELBASE.dll
0x00007ffc182a0000 - 0x00007ffc183a0000 	C:\WINDOWS\System32\ucrtbase.dll
0x00007ffbefde0000 - 0x00007ffbefdf7000 	C:\Users\shara\.jdks\openjdk-20.0.1\bin\jli.dll
0x00007ffc192f0000 - 0x00007ffc1948d000 	C:\WINDOWS\System32\USER32.dll
0x00007ffc183a0000 - 0x00007ffc183c2000 	C:\WINDOWS\System32\win32u.dll
0x00007ffc19070000 - 0x00007ffc1909b000 	C:\WINDOWS\System32\GDI32.dll
0x00007ffc17bd0000 - 0x00007ffc17ce0000 	C:\WINDOWS\System32\gdi32full.dll
0x00007ffc17a80000 - 0x00007ffc17b1d000 	C:\WINDOWS\System32\msvcp_win.dll
0x00007ffbefcd0000 - 0x00007ffbefceb000 	C:\Users\shara\.jdks\openjdk-20.0.1\bin\VCRUNTIME140.dll
0x00007ffbf0da0000 - 0x00007ffbf103a000 	C:\WINDOWS\WinSxS\amd64_microsoft.windows.common-controls_6595b64144ccf1df_6.0.19041.1110_none_60b5254171f9507e\COMCTL32.dll
0x00007ffc19850000 - 0x00007ffc198ee000 	C:\WINDOWS\System32\msvcrt.dll
0x00007ffc18f00000 - 0x00007ffc18f30000 	C:\WINDOWS\System32\IMM32.DLL
0x00007ffbf1b40000 - 0x00007ffbf1b4c000 	C:\Users\shara\.jdks\openjdk-20.0.1\bin\vcruntime140_1.dll
0x00007ffbdc120000 - 0x00007ffbdc1ae000 	C:\Users\shara\.jdks\openjdk-20.0.1\bin\msvcp140.dll
0x00007ffba15f0000 - 0x00007ffba2287000 	C:\Users\shara\.jdks\openjdk-20.0.1\bin\server\jvm.dll
0x00007ffc183d0000 - 0x00007ffc1847e000 	C:\WINDOWS\System32\ADVAPI32.dll
0x00007ffc1a290000 - 0x00007ffc1a32c000 	C:\WINDOWS\System32\sechost.dll
0x00007ffc19a10000 - 0x00007ffc19b36000 	C:\WINDOWS\System32\RPCRT4.dll
0x00007ffc0f4b0000 - 0x00007ffc0f4b9000 	C:\WINDOWS\SYSTEM32\WSOCK32.dll
0x00007ffc190a0000 - 0x00007ffc1910b000 	C:\WINDOWS\System32\WS2_32.dll
0x00007ffbfa700000 - 0x00007ffbfa727000 	C:\WINDOWS\SYSTEM32\WINMM.dll
0x00007ffc0fce0000 - 0x00007ffc0fcea000 	C:\WINDOWS\SYSTEM32\VERSION.dll
0x00007ffc162d0000 - 0x00007ffc162e2000 	C:\WINDOWS\SYSTEM32\kernel.appcore.dll
0x00007ffbf1a20000 - 0x00007ffbf1a2a000 	C:\Users\shara\.jdks\openjdk-20.0.1\bin\jimage.dll
0x00007ffc15840000 - 0x00007ffc15a24000 	C:\WINDOWS\SYSTEM32\DBGHELP.DLL
0x00007ffc06b00000 - 0x00007ffc06b34000 	C:\WINDOWS\SYSTEM32\dbgcore.DLL
0x00007ffc17dd0000 - 0x00007ffc17e52000 	C:\WINDOWS\System32\bcryptPrimitives.dll
0x00007ffc10b30000 - 0x00007ffc10b3e000 	C:\Users\shara\.jdks\openjdk-20.0.1\bin\instrument.dll
0x00007ffbe9070000 - 0x00007ffbe9096000 	C:\Users\shara\.jdks\openjdk-20.0.1\bin\java.dll
0x00007ffbd2470000 - 0x00007ffbd2547000 	C:\Users\shara\.jdks\openjdk-20.0.1\bin\jsvml.dll
0x00007ffc19b40000 - 0x00007ffc1a284000 	C:\WINDOWS\System32\SHELL32.dll
0x00007ffc15b20000 - 0x00007ffc162b3000 	C:\WINDOWS\SYSTEM32\windows.storage.dll
0x00007ffc19490000 - 0x00007ffc197e4000 	C:\WINDOWS\System32\combase.dll
0x00007ffc17470000 - 0x00007ffc1749e000 	C:\WINDOWS\SYSTEM32\Wldp.dll
0x00007ffc19230000 - 0x00007ffc192dd000 	C:\WINDOWS\System32\SHCORE.dll
0x00007ffc18710000 - 0x00007ffc18765000 	C:\WINDOWS\System32\shlwapi.dll
0x00007ffc179c0000 - 0x00007ffc179df000 	C:\WINDOWS\SYSTEM32\profapi.dll
0x00007ffbefcb0000 - 0x00007ffbefcc3000 	C:\Users\shara\.jdks\openjdk-20.0.1\bin\net.dll
0x00007ffc0da80000 - 0x00007ffc0db8a000 	C:\WINDOWS\SYSTEM32\WINHTTP.dll
0x00007ffc171d0000 - 0x00007ffc1723a000 	C:\WINDOWS\system32\mswsock.dll
0x00007ffbed0e0000 - 0x00007ffbed0f6000 	C:\Users\shara\.jdks\openjdk-20.0.1\bin\nio.dll
0x00007ffbebf10000 - 0x00007ffbebf28000 	C:\Users\shara\.jdks\openjdk-20.0.1\bin\zip.dll
0x00007ffbf98d0000 - 0x00007ffbf98ea000 	C:\Program Files\JetBrains\IntelliJ IDEA 2022.3.3\bin\breakgen64.dll
0x000002d355540000 - 0x000002d355543000 	C:\Users\shara\.openjfx\cache\17.0.2-ea\api-ms-win-core-console-l1-1-0.dll
0x000002d355550000 - 0x000002d355553000 	C:\Users\shara\.openjfx\cache\17.0.2-ea\api-ms-win-core-console-l1-2-0.dll
0x000002d355560000 - 0x000002d355563000 	C:\Users\shara\.openjfx\cache\17.0.2-ea\api-ms-win-core-datetime-l1-1-0.dll
0x000002d3574f0000 - 0x000002d3574f3000 	C:\Users\shara\.openjfx\cache\17.0.2-ea\api-ms-win-core-debug-l1-1-0.dll
0x000002d357500000 - 0x000002d357503000 	C:\Users\shara\.openjfx\cache\17.0.2-ea\api-ms-win-core-errorhandling-l1-1-0.dll
0x000002d357510000 - 0x000002d357514000 	C:\Users\shara\.openjfx\cache\17.0.2-ea\api-ms-win-core-file-l1-1-0.dll
0x000002d376b30000 - 0x000002d376b33000 	C:\Users\shara\.openjfx\cache\17.0.2-ea\api-ms-win-core-file-l1-2-0.dll
0x000002d376b40000 - 0x000002d376b43000 	C:\Users\shara\.openjfx\cache\17.0.2-ea\api-ms-win-core-file-l2-1-0.dll
0x000002d376b50000 - 0x000002d376b53000 	C:\Users\shara\.openjfx\cache\17.0.2-ea\api-ms-win-core-handle-l1-1-0.dll
0x000002d376b60000 - 0x000002d376b63000 	C:\Users\shara\.openjfx\cache\17.0.2-ea\api-ms-win-core-heap-l1-1-0.dll
0x000002d376b70000 - 0x000002d376b73000 	C:\Users\shara\.openjfx\cache\17.0.2-ea\api-ms-win-core-interlocked-l1-1-0.dll
0x000002d376b80000 - 0x000002d376b83000 	C:\Users\shara\.openjfx\cache\17.0.2-ea\api-ms-win-core-libraryloader-l1-1-0.dll
0x000002d376b90000 - 0x000002d376b93000 	C:\Users\shara\.openjfx\cache\17.0.2-ea\api-ms-win-core-localization-l1-2-0.dll
0x000002d376ba0000 - 0x000002d376ba3000 	C:\Users\shara\.openjfx\cache\17.0.2-ea\api-ms-win-core-memory-l1-1-0.dll
0x000002d376bb0000 - 0x000002d376bb3000 	C:\Users\shara\.openjfx\cache\17.0.2-ea\api-ms-win-core-namedpipe-l1-1-0.dll
0x000002d376bc0000 - 0x000002d376bc3000 	C:\Users\shara\.openjfx\cache\17.0.2-ea\api-ms-win-core-processenvironment-l1-1-0.dll
0x000002d376bd0000 - 0x000002d376bd3000 	C:\Users\shara\.openjfx\cache\17.0.2-ea\api-ms-win-core-processthreads-l1-1-0.dll
0x000002d376be0000 - 0x000002d376be3000 	C:\Users\shara\.openjfx\cache\17.0.2-ea\api-ms-win-core-processthreads-l1-1-1.dll
0x000002d376bf0000 - 0x000002d376bf3000 	C:\Users\shara\.openjfx\cache\17.0.2-ea\api-ms-win-core-profile-l1-1-0.dll
0x000002d37c8d0000 - 0x000002d37c8d3000 	C:\Users\shara\.openjfx\cache\17.0.2-ea\api-ms-win-core-rtlsupport-l1-1-0.dll
0x000002d37c8e0000 - 0x000002d37c8e3000 	C:\Users\shara\.openjfx\cache\17.0.2-ea\api-ms-win-core-string-l1-1-0.dll
0x000002d37c8f0000 - 0x000002d37c8f3000 	C:\Users\shara\.openjfx\cache\17.0.2-ea\api-ms-win-core-synch-l1-1-0.dll
0x000002d37c900000 - 0x000002d37c903000 	C:\Users\shara\.openjfx\cache\17.0.2-ea\api-ms-win-core-synch-l1-2-0.dll
0x000002d37c910000 - 0x000002d37c913000 	C:\Users\shara\.openjfx\cache\17.0.2-ea\api-ms-win-core-sysinfo-l1-1-0.dll
0x000002d37c920000 - 0x000002d37c923000 	C:\Users\shara\.openjfx\cache\17.0.2-ea\api-ms-win-core-timezone-l1-1-0.dll
0x000002d37c930000 - 0x000002d37c933000 	C:\Users\shara\.openjfx\cache\17.0.2-ea\api-ms-win-core-util-l1-1-0.dll
0x000002d37c940000 - 0x000002d37c943000 	C:\Users\shara\.openjfx\cache\17.0.2-ea\api-ms-win-crt-conio-l1-1-0.dll
0x000002d37c950000 - 0x000002d37c954000 	C:\Users\shara\.openjfx\cache\17.0.2-ea\api-ms-win-crt-convert-l1-1-0.dll
0x000002d37c960000 - 0x000002d37c963000 	C:\Users\shara\.openjfx\cache\17.0.2-ea\api-ms-win-crt-environment-l1-1-0.dll
0x000002d37c970000 - 0x000002d37c973000 	C:\Users\shara\.openjfx\cache\17.0.2-ea\api-ms-win-crt-filesystem-l1-1-0.dll
0x000002d37c980000 - 0x000002d37c983000 	C:\Users\shara\.openjfx\cache\17.0.2-ea\api-ms-win-crt-heap-l1-1-0.dll
0x000002d37c990000 - 0x000002d37c993000 	C:\Users\shara\.openjfx\cache\17.0.2-ea\api-ms-win-crt-locale-l1-1-0.dll
0x000002d37c9a0000 - 0x000002d37c9a5000 	C:\Users\shara\.openjfx\cache\17.0.2-ea\api-ms-win-crt-math-l1-1-0.dll
0x000002d37c9b0000 - 0x000002d37c9b5000 	C:\Users\shara\.openjfx\cache\17.0.2-ea\api-ms-win-crt-multibyte-l1-1-0.dll
0x000002d37c9c0000 - 0x000002d37c9d0000 	C:\Users\shara\.openjfx\cache\17.0.2-ea\api-ms-win-crt-private-l1-1-0.dll
0x000002d37c9d0000 - 0x000002d37c9d3000 	C:\Users\shara\.openjfx\cache\17.0.2-ea\api-ms-win-crt-process-l1-1-0.dll
0x000002d37c9e0000 - 0x000002d37c9e4000 	C:\Users\shara\.openjfx\cache\17.0.2-ea\api-ms-win-crt-runtime-l1-1-0.dll
0x000002d37c9f0000 - 0x000002d37c9f4000 	C:\Users\shara\.openjfx\cache\17.0.2-ea\api-ms-win-crt-stdio-l1-1-0.dll
0x000002d37ca00000 - 0x000002d37ca04000 	C:\Users\shara\.openjfx\cache\17.0.2-ea\api-ms-win-crt-string-l1-1-0.dll
0x000002d37ca10000 - 0x000002d37ca13000 	C:\Users\shara\.openjfx\cache\17.0.2-ea\api-ms-win-crt-time-l1-1-0.dll
0x000002d37ca20000 - 0x000002d37ca23000 	C:\Users\shara\.openjfx\cache\17.0.2-ea\api-ms-win-crt-utility-l1-1-0.dll
0x00007ffbd4570000 - 0x00007ffbd466c000 	C:\Users\shara\.openjfx\cache\17.0.2-ea\ucrtbase.dll
0x00007ffbf29f0000 - 0x00007ffbf2a0a000 	C:\Users\shara\.openjfx\cache\17.0.2-ea\vcruntime140.dll
0x00007ffc08790000 - 0x00007ffc0879c000 	C:\Users\shara\.openjfx\cache\17.0.2-ea\vcruntime140_1.dll
0x00007ffbdb640000 - 0x00007ffbdb6cd000 	C:\Users\shara\.openjfx\cache\17.0.2-ea\msvcp140.dll
0x00007ffbf1e90000 - 0x00007ffbf1eba000 	C:\Users\shara\.openjfx\cache\17.0.2-ea\prism_d3d.dll
0x00007ffbef950000 - 0x00007ffbefb1d000 	C:\WINDOWS\system32\d3d9.dll
0x00007ffc15390000 - 0x00007ffc153bf000 	C:\WINDOWS\SYSTEM32\dwmapi.dll
0x00007ffc150d0000 - 0x00007ffc1516e000 	C:\WINDOWS\system32\uxtheme.dll
0x00007ffbd22c0000 - 0x00007ffbd2468000 	C:\WINDOWS\System32\DriverStore\FileRepository\iigd_dch.inf_amd64_393549dac595e659\igdumdim64.dll
0x00007ffc18f30000 - 0x00007ffc1905a000 	C:\WINDOWS\System32\ole32.dll
0x00007ffb77930000 - 0x00007ffb7b54f000 	C:\WINDOWS\System32\DriverStore\FileRepository\iigd_dch.inf_amd64_393549dac595e659\igd9dxva64.dll
0x00007ffc18480000 - 0x00007ffc1854d000 	C:\WINDOWS\System32\OLEAUT32.dll
0x00007ffc18a90000 - 0x00007ffc18ef8000 	C:\WINDOWS\System32\SETUPAPI.dll
0x00007ffc17ce0000 - 0x00007ffc17d2e000 	C:\WINDOWS\System32\cfgmgr32.dll
0x00007ffc17d30000 - 0x00007ffc17d57000 	C:\WINDOWS\System32\bcrypt.dll
0x00007ffc02c80000 - 0x00007ffc03048000 	C:\WINDOWS\System32\DriverStore\FileRepository\iigd_dch.inf_amd64_393549dac595e659\igdgmm64.dll
0x00007ffbe5a30000 - 0x00007ffbe5a72000 	C:\Users\shara\.openjfx\cache\17.0.2-ea\glass.dll
0x00007ffc18930000 - 0x00007ffc18a0a000 	C:\WINDOWS\System32\COMDLG32.dll
0x00007ffc198f0000 - 0x00007ffc19a04000 	C:\WINDOWS\System32\MSCTF.dll
0x00007ffbaae30000 - 0x00007ffbaae57000 	C:\WINDOWS\System32\DriverStore\FileRepository\iigd_dch.inf_amd64_393549dac595e659\igdinfo64.dll
0x00007ffbff690000 - 0x00007ffc02c76000 	C:\WINDOWS\System32\DriverStore\FileRepository\iigd_dch.inf_amd64_393549dac595e659\igc64.dll
0x00007ffc040a0000 - 0x00007ffc040db000 	C:\WINDOWS\SYSTEM32\dxcore.dll
0x00007ffbf1de0000 - 0x00007ffbf1df4000 	C:\Users\shara\.openjfx\cache\17.0.2-ea\javafx_font.dll
0x00007ffbf7620000 - 0x00007ffbf789f000 	C:\WINDOWS\SYSTEM32\dwrite.dll
0x00007ffc18800000 - 0x00007ffc188a9000 	C:\WINDOWS\System32\clbcatq.dll
0x00007ffc05ab0000 - 0x00007ffc05c64000 	C:\WINDOWS\SYSTEM32\WindowsCodecs.dll
0x00007ffbe57f0000 - 0x00007ffbe582e000 	C:\WINDOWS\system32\dataexchange.dll
0x00007ffc13710000 - 0x00007ffc13973000 	C:\WINDOWS\system32\d3d11.dll
0x00007ffc14340000 - 0x00007ffc14523000 	C:\WINDOWS\system32\dcomp.dll
0x00007ffc16340000 - 0x00007ffc16433000 	C:\WINDOWS\system32\dxgi.dll
0x00007ffc0f6c0000 - 0x00007ffc0f8c0000 	C:\WINDOWS\system32\twinapi.appcore.dll
0x00007ffbe8370000 - 0x00007ffbe83a4000 	C:\Program Files\Common Files\Microsoft Shared\Ink\rtscom.dll
0x00007ffbfc6c0000 - 0x00007ffbfc7b9000 	C:\WINDOWS\SYSTEM32\textinputframework.dll
0x00007ffc14960000 - 0x00007ffc14cbe000 	C:\WINDOWS\System32\CoreUIComponents.dll
0x00007ffc14d00000 - 0x00007ffc14df2000 	C:\WINDOWS\System32\CoreMessaging.dll
0x00007ffc16c30000 - 0x00007ffc16c63000 	C:\WINDOWS\SYSTEM32\ntmarta.dll
0x00007ffc140a0000 - 0x00007ffc141f4000 	C:\WINDOWS\SYSTEM32\wintypes.dll
0x00007ffc13a80000 - 0x00007ffc14040000 	C:\WINDOWS\SYSTEM32\d2d1.dll
0x00007ffc04a00000 - 0x00007ffc050f6000 	C:\WINDOWS\SYSTEM32\D3D10Warp.dll

dbghelp: loaded successfully - version: 4.0.5 - missing functions: none
symbol engine: initialized successfully - sym options: 0x614 - pdb path: .;C:\Users\shara\.jdks\openjdk-20.0.1\bin;C:\WINDOWS\SYSTEM32;C:\WINDOWS\WinSxS\amd64_microsoft.windows.common-controls_6595b64144ccf1df_6.0.19041.1110_none_60b5254171f9507e;C:\Users\shara\.jdks\openjdk-20.0.1\bin\server;C:\Program Files\JetBrains\IntelliJ IDEA 2022.3.3\bin;C:\Users\shara\.openjfx\cache\17.0.2-ea;C:\WINDOWS\System32\DriverStore\FileRepository\iigd_dch.inf_amd64_393549dac595e659;C:\Program Files\Common Files\Microsoft Shared\Ink

VM Arguments:
jvm_args: -javaagent:C:\Program Files\JetBrains\IntelliJ IDEA 2022.3.3\lib\idea_rt.jar=59289:C:\Program Files\JetBrains\IntelliJ IDEA 2022.3.3\bin -Dfile.encoding=UTF-8 -Dsun.stdout.encoding=UTF-8 -Dsun.stderr.encoding=UTF-8 --module-path=C:\Users\shara\.m2\repository\org\openjfx\javafx-graphics\17.0.2\javafx-graphics-17.0.2-win.jar;C:\Users\shara\IdeaProjects\Demo\target\classes;C:\Users\shara\.m2\repository\org\openjfx\javafx-controls\17.0.2\javafx-controls-17.0.2-win.jar;C:\Users\shara\.m2\repository\org\openjfx\javafx-base\17.0.2\javafx-base-17.0.2-win.jar;C:\Users\shara\.m2\repository\org\openjfx\javafx-fxml\17.0.2\javafx-fxml-17.0.2-win.jar -Djdk.module.main=sample.demo 
java_command: sample.demo/sample.demo.HelloApplication
java_class_path (initial): C:\Users\shara\.m2\repository\org\openjfx\javafx-controls\17.0.2\javafx-controls-17.0.2.jar;C:\Users\shara\.m2\repository\org\openjfx\javafx-graphics\17.0.2\javafx-graphics-17.0.2.jar;C:\Users\shara\.m2\repository\org\openjfx\javafx-base\17.0.2\javafx-base-17.0.2.jar;C:\Users\shara\.m2\repository\org\openjfx\javafx-fxml\17.0.2\javafx-fxml-17.0.2.jar
Launcher Type: SUN_STANDARD

[Global flags]
     intx CICompilerCount                          = 4                                         {product} {ergonomic}
     uint ConcGCThreads                            = 2                                         {product} {ergonomic}
     uint G1ConcRefinementThreads                  = 8                                         {product} {ergonomic}
   size_t G1HeapRegionSize                         = 2097152                                   {product} {ergonomic}
    uintx GCDrainStackTargetSize                   = 64                                        {product} {ergonomic}
   size_t InitialHeapSize                          = 266338304                                 {product} {ergonomic}
   size_t MarkStackSize                            = 4194304                                   {product} {ergonomic}
   size_t MaxHeapSize                              = 4261412864                                {product} {ergonomic}
   size_t MaxNewSize                               = 2556428288                                {product} {ergonomic}
   size_t MinHeapDeltaBytes                        = 2097152                                   {product} {ergonomic}
   size_t MinHeapSize                              = 8388608                                   {product} {ergonomic}
    uintx NonNMethodCodeHeapSize                   = 5839372                                {pd product} {ergonomic}
    uintx NonProfiledCodeHeapSize                  = 122909434                              {pd product} {ergonomic}
    uintx ProfiledCodeHeapSize                     = 122909434                              {pd product} {ergonomic}
    uintx ReservedCodeCacheSize                    = 251658240                              {pd product} {ergonomic}
     bool SegmentedCodeCache                       = true                                      {product} {ergonomic}
   size_t SoftMaxHeapSize                          = 4261412864                             {manageable} {ergonomic}
     bool UseCompressedClassPointers               = true                           {product lp64_product} {ergonomic}
     bool UseCompressedOops                        = true                           {product lp64_product} {ergonomic}
     bool UseG1GC                                  = true                                      {product} {ergonomic}
     bool UseLargePagesIndividualAllocation        = false                                  {pd product} {ergonomic}

Logging:
Log output configuration:
 #0: stdout all=off uptime,level,tags foldmultilines=false
 #1: stderr all=off uptime,level,tags foldmultilines=false

Environment Variables:
PATH=C:\Users\shara\Downloads\CUserssharaDownloadsWINDOWS.X64_193000_db_home\bin;C:\Program Files\Java\jdk-11.0.2\bin;C:\WINDOWS\system32;C:\WINDOWS;C:\WINDOWS\System32\Wbem;C:\WINDOWS\System32\WindowsPowerShell\v1.0\;C:\WINDOWS\System32\OpenSSH\;C:\Program Files\Git\cmd;C:\Program Files\Git\mingw64\bin;C:\Program Files\Git\usr\bin;C:\wamp64\bin\php\php7.3.12;C:\Program Files\dotnet\;C:\Program Files\MySQL\MySQL Shell 8.0\bin\;C:\Users\shara\AppData\Local\Microsoft\WindowsApps;;C:\Program Files\JetBrains\IntelliJ IDEA Community Edition 2020.2.3\bin;;C:\Users\shara\.dotnet\tools;C:\Program Files\JetBrains\IntelliJ IDEA 2022.3.3\bin;
USERNAME=shara
OS=Windows_NT
PROCESSOR_IDENTIFIER=Intel64 Family 6 Model 142 Stepping 12, GenuineIntel
TMP=C:\Users\shara\AppData\Local\Temp
TEMP=C:\Users\shara\AppData\Local\Temp




---------------  S Y S T E M  ---------------

OS:
 Windows 10 , 64 bit Build 19041 (10.0.19041.2788)
OS uptime: 51 days 22:07 hours

CPU: total 8 (initial active 8) (4 cores per cpu, 2 threads per core) family 6 model 142 stepping 12 microcode 0xc6, cx8, cmov, fxsr, ht, mmx, 3dnowpref, sse, sse2, sse3, ssse3, sse4.1, sse4.2, popcnt, lzcnt, tsc, tscinvbit, avx, avx2, aes, erms, clmul, bmi1, bmi2, adx, fma, vzeroupper, clflush, clflushopt, rdtscp, f16c

Memory: 4k page, system-wide physical 16254M (4701M free)
TotalPageFile size 32109M (AvailPageFile size 5515M)
current process WorkingSet (physical memory assigned to process): 198M, peak: 227M
current process commit charge ("private bytes"): 437M, peak: 467M

vm_info: OpenJDK 64-Bit Server VM (20.0.1+9-29) for windows-amd64 JRE (20.0.1+9-29), built on 2023-03-07T13:56:11Z by "mach5one" with MS VC++ 17.1 (VS2022)

END.
