#
# A fatal error has been detected by the Java Runtime Environment:
#
#  EXCEPTION_ACCESS_VIOLATION (0xc0000005) at pc=0x00007ff860f46ab7, pid=11864, tid=22888
#
# JRE version: OpenJDK Runtime Environment (20.0.1+9) (build 20.0.1+9-29)
# Java VM: OpenJDK 64-Bit Server VM (20.0.1+9-29, mixed mode, sharing, tiered, compressed oops, compressed class ptrs, g1 gc, windows-amd64)
# Problematic frame:
# C  [glass.dll+0x26ab7]
#
# No core dump will be written. Minidumps are not enabled by default on client versions of Windows
#
# If you would like to submit a bug report, please visit:
#   https://bugreport.java.com/bugreport/crash.jsp
#

---------------  S U M M A R Y ------------

Command Line: -javaagent:C:\Program Files\JetBrains\IntelliJ IDEA 2022.3.3\lib\idea_rt.jar=56625:C:\Program Files\JetBrains\IntelliJ IDEA 2022.3.3\bin -Dfile.encoding=UTF-8 -Dsun.stdout.encoding=UTF-8 -Dsun.stderr.encoding=UTF-8 --module-path=C:\Users\shara\.m2\repository\org\openjfx\javafx-controls\17.0.2\javafx-controls-17.0.2-win.jar;C:\Users\shara\IdeaProjects\Demo\target\classes;C:\Users\shara\.m2\repository\org\openjfx\javafx-fxml\17.0.2\javafx-fxml-17.0.2-win.jar;C:\Users\shara\.m2\repository\org\openjfx\javafx-base\17.0.2\javafx-base-17.0.2-win.jar;C:\Users\shara\.m2\repository\org\openjfx\javafx-graphics\17.0.2\javafx-graphics-17.0.2-win.jar -Djdk.module.main=sample.demo sample.demo/sample.demo.HelloApplication

Host: Intel(R) Core(TM) i7-8565U CPU @ 1.80GHz, 8 cores, 15G,  Windows 10 , 64 bit Build 19041 (10.0.19041.3031)
Time: Sun Jun 25 21:07:02 2023 Russia TZ 2 Standard Time elapsed time: 77.492610 seconds (0d 0h 1m 17s)

---------------  T H R E A D  ---------------

Current thread (0x000001deffbb1540):  VMThread "VM Thread" [stack: 0x000000b1de500000,0x000000b1de600000] [id=22888]

Stack: [0x000000b1de500000,0x000000b1de600000],  sp=0x000000b1de5ff100,  free space=1020k
Native frames: (J=compiled Java code, j=interpreted, Vv=VM code, C=native code)
C  [glass.dll+0x26ab7]


siginfo: EXCEPTION_ACCESS_VIOLATION (0xc0000005), reading address 0x0000000000000000


Registers:
RAX=0x0000000000000000, RBX=0x000001deffbbe8b0, RCX=0x000001deffbb1540, RDX=0x000000b1de5ff100
RSP=0x000000b1de5ff100, RBP=0x000001de93c25378, RSI=0x000001de93c25350, RDI=0x000034260e75f1e0
R8 =0x0000000000010002, R9 =0x000034260e75f1e0, R10=0x0000000000008000, R11=0x000000b1de5ff090
R12=0x00007ff860f44384, R13=0x00007ff8463fea90, R14=0x000000b1de5ff1f8, R15=0x000001de93c25350
RIP=0x00007ff860f46ab7, EFLAGS=0x0000000000010202


Register to memory mapping:

RIP=0x00007ff860f46ab7 glass.dll
RAX=0x0 is NULL
RBX=0x000001deffbbe8b0 is a global jni handle
RCX=0x000001deffbb1540 points into unknown readable memory: 0x00007ff846227080 | 80 70 22 46 f8 7f 00 00
RDX=0x000000b1de5ff100 points into unknown readable memory: 0x0000000000000000 | 00 00 00 00 00 00 00 00
RSP=0x000000b1de5ff100 points into unknown readable memory: 0x0000000000000000 | 00 00 00 00 00 00 00 00
RBP=0x000001de93c25378 points into unknown readable memory: 0x000034260e75f1e0 | e0 f1 75 0e 26 34 00 00
RSI=0x000001de93c25350 points into unknown readable memory: 0x60f40aba0e758e18 | 18 8e 75 0e ba 0a f4 60
RDI=0x000034260e75f1e0 is an unknown value
R8 =0x0000000000010002 is an unknown value
R9 =0x000034260e75f1e0 is an unknown value
R10=0x0000000000008000 is an unknown value
R11=0x000000b1de5ff090 points into unknown readable memory: 0x000001de93c25350 | 50 53 c2 93 de 01 00 00
R12=0x00007ff860f44384 glass.dll
R13=0x00007ff8463fea90 jvm.dll
R14=0x000000b1de5ff1f8 points into unknown readable memory: 0x000000b1de5ff1e0 | e0 f1 5f de b1 00 00 00
R15=0x000001de93c25350 points into unknown readable memory: 0x60f40aba0e758e18 | 18 8e 75 0e ba 0a f4 60


Top of Stack: (sp=0x000000b1de5ff100)
0x000000b1de5ff100:   0000000000000000 000001de93c25350
0x000000b1de5ff110:   00007ff8463fea90 00007ff860f44384
0x000000b1de5ff120:   000001de93c25358 00007ff88ec142d6
0x000000b1de5ff130:   000034260e75f1e0 000001de00000000
0x000000b1de5ff140:   000001de93c25378 000001de93c25350
0x000000b1de5ff150:   fffffffffffffffe 0000000000000000
0x000000b1de5ff160:   0000000000000001 00007ff860f20000
0x000000b1de5ff170:   000000b1de5ff1e8 00007ff88ec141fb
0x000000b1de5ff180:   0000000000000000 000000b1de5ff1f8
0x000000b1de5ff190:   000000b1de5ff4c0 00007ff88ecf0e40
0x000000b1de5ff1a0:   0000000000000001 00007ff88ec141b4
0x000000b1de5ff1b0:   0000000000000000 0000000000000001
0x000000b1de5ff1c0:   00007ff800000001 000000b1de5ff1e8
0x000000b1de5ff1d0:   0000000000000000 00007ff860f44211
0x000000b1de5ff1e0:   00007ff860f5a138 00007ff800000002
0x000000b1de5ff1f0:   0000000000000002 000000b1de5ff1e0
0x000000b1de5ff200:   0000000000000000 00007ff890e09993
0x000000b1de5ff210:   0000000000000000 00007ff860f44336
0x000000b1de5ff220:   0000000000000001 0000000000000000
0x000000b1de5ff230:   0000000000000000 0000000000000001
0x000000b1de5ff240:   0000000000000000 0000000000000000
0x000000b1de5ff250:   0000000000000001 0000978594b984b4
0x000000b1de5ff260:   00007ff860f20000 000000007ffe0384
0x000000b1de5ff270:   0000000000000000 00007ff890e09a1d
0x000000b1de5ff280:   00007ff860f20000 0000000000000000
0x000000b1de5ff290:   0000000000000001 000000007ffe0385
0x000000b1de5ff2a0:   0000000002360fb8 000000b1de5ff4c0
0x000000b1de5ff2b0:   0000978500000000 0000000000000014
0x000000b1de5ff2c0:   0000000000000000 00007ff860f44384
0x000000b1de5ff2d0:   00000000000003d8 000001de93891a30
0x000000b1de5ff2e0:   000001deffba5e00 00007ff890e4dd3c
0x000000b1de5ff2f0:   000001de938918e0 00007ff860f20000 

Instructions: (pc=0x00007ff860f46ab7)
0x00007ff860f469b7:   8b 4d 58 e8 01 cf ff ff 48 8b 4d 60 e8 f8 ce ff
0x00007ff860f469c7:   ff 48 8b 95 80 00 00 00 48 8b 8d 18 01 00 00 e8
0x00007ff860f469d7:   c6 c3 ff ff 33 d2 33 c9 e8 3c e1 ff ff 90 48 89
0x00007ff860f469e7:   54 24 10 55 48 83 ec 20 48 8b ea 48 b8 00 00 00
0x00007ff860f469f7:   00 00 00 00 00 48 83 c4 20 5d c3 cc 40 55 48 8b
0x00007ff860f46a07:   ea 48 8b 01 33 c9 81 38 05 00 00 c0 0f 94 c1 8b
0x00007ff860f46a17:   c1 5d c3 cc 40 55 48 83 ec 20 48 8b ea 8a 4d 40
0x00007ff860f46a27:   48 83 c4 20 5d e9 f7 d2 ff ff cc 40 55 48 83 ec
0x00007ff860f46a37:   20 48 8b ea 8a 4d 20 e8 e5 d2 ff ff 90 48 83 c4
0x00007ff860f46a47:   20 5d c3 cc 40 55 48 83 ec 20 48 8b ea 48 83 c4
0x00007ff860f46a57:   20 5d e9 46 d1 ff ff cc 40 55 48 83 ec 30 48 8b
0x00007ff860f46a67:   ea 48 8b 01 8b 10 48 89 4c 24 28 89 54 24 20 4c
0x00007ff860f46a77:   8d 0d e7 d5 ff ff 4c 8b 45 70 8b 55 68 48 8b 4d
0x00007ff860f46a87:   60 e8 87 d0 ff ff 90 48 83 c4 30 5d c3 cc cc cc
0x00007ff860f46a97:   cc cc cc cc cc cc cc cc cc 40 53 48 83 ec 20 48
0x00007ff860f46aa7:   8b 1d 83 30 01 00 48 85 db 74 16 e8 09 8b ff ff
0x00007ff860f46ab7:   4c 8b 00 48 8b d3 48 8b c8 41 ff 90 b0 00 00 00
0x00007ff860f46ac7:   90 48 83 c4 20 5b c3 cc cc 40 53 48 83 ec 20 48
0x00007ff860f46ad7:   8b 1d fb 31 01 00 48 85 db 74 57 b8 ff ff ff ff
0x00007ff860f46ae7:   f0 0f c1 43 10 83 f8 01 75 3d 48 85 db 74 38 48
0x00007ff860f46af7:   8b 0b 48 85 c9 74 0d ff 15 a4 07 00 00 48 c7 03
0x00007ff860f46b07:   00 00 00 00 48 8b 4b 08 48 85 c9 74 0d e8 a7 cd
0x00007ff860f46b17:   ff ff 48 c7 43 08 00 00 00 00 ba 18 00 00 00 48
0x00007ff860f46b27:   8b cb e8 92 cd ff ff 48 c7 05 9f 31 01 00 00 00
0x00007ff860f46b37:   00 00 48 83 c4 20 5b c3 cc 40 53 48 83 ec 20 48
0x00007ff860f46b47:   8b 1d 6b 31 01 00 48 85 db 74 57 b8 ff ff ff ff
0x00007ff860f46b57:   f0 0f c1 43 10 83 f8 01 75 3d 48 85 db 74 38 48
0x00007ff860f46b67:   8b 0b 48 85 c9 74 0d ff 15 34 07 00 00 48 c7 03
0x00007ff860f46b77:   00 00 00 00 48 8b 4b 08 48 85 c9 74 0d e8 37 cd
0x00007ff860f46b87:   ff ff 48 c7 43 08 00 00 00 00 ba 18 00 00 00 48
0x00007ff860f46b97:   8b cb e8 22 cd ff ff 48 c7 05 0f 31 01 00 00 00
0x00007ff860f46ba7:   00 00 48 83 c4 20 5b c3 cc 40 53 48 83 ec 20 48 


Stack slot to memory mapping:
stack at sp + 0 slots: 0x0 is NULL
stack at sp + 1 slots: 0x000001de93c25350 points into unknown readable memory: 0x60f40aba0e758e18 | 18 8e 75 0e ba 0a f4 60
stack at sp + 2 slots: 0x00007ff8463fea90 jvm.dll
stack at sp + 3 slots: 0x00007ff860f44384 glass.dll
stack at sp + 4 slots: 0x000001de93c25358 points into unknown readable memory: 0x000034260e75f1e0 | e0 f1 75 0e 26 34 00 00
stack at sp + 5 slots: 0x00007ff88ec142d6 ucrtbase.dll
stack at sp + 6 slots: 0x000034260e75f1e0 is an unknown value
stack at sp + 7 slots: 0x000001de00000000 is an unknown value

VM_Operation (0x000000b1df9ff440): Exit, mode: safepoint, requested by thread 0x000001de93d65680


---------------  P R O C E S S  ---------------

Threads class SMR info:
_java_thread_list=0x000001de9bb61ec0, length=21, elements={
0x000001deef659aa0, 0x000001deffbd1e50, 0x000001deffbd2c50, 0x000001deffbd4cf0,
0x000001deffbd7850, 0x000001deffbdaa40, 0x000001deffbdcb30, 0x000001deffbe36f0,
0x000001deffbe4810, 0x000001deffb9ac70, 0x000001de93731490, 0x000001de937319e0,
0x000001de93b41cf0, 0x000001de93c299a0, 0x000001de93c42c60, 0x000001de93e1e8b0,
0x000001de93d88300, 0x000001de93d67110, 0x000001de93d67bb0, 0x000001de93d65bd0,
0x000001de93d65680
}

Java Threads: ( => current thread )
  0x000001deef659aa0 JavaThread "main" [_thread_blocked, id=12832, stack(0x000000b1ddf00000,0x000000b1de000000)]
  0x000001deffbd1e50 JavaThread "Reference Handler" daemon [_thread_blocked, id=22316, stack(0x000000b1de600000,0x000000b1de700000)]
  0x000001deffbd2c50 JavaThread "Finalizer" daemon [_thread_blocked, id=24700, stack(0x000000b1de700000,0x000000b1de800000)]
  0x000001deffbd4cf0 JavaThread "Signal Dispatcher" daemon [_thread_blocked, id=2128, stack(0x000000b1de800000,0x000000b1de900000)]
  0x000001deffbd7850 JavaThread "Attach Listener" daemon [_thread_blocked, id=3132, stack(0x000000b1de900000,0x000000b1dea00000)]
  0x000001deffbdaa40 JavaThread "Service Thread" daemon [_thread_blocked, id=15512, stack(0x000000b1dea00000,0x000000b1deb00000)]
  0x000001deffbdcb30 JavaThread "Monitor Deflation Thread" daemon [_thread_blocked, id=18064, stack(0x000000b1deb00000,0x000000b1dec00000)]
  0x000001deffbe36f0 JavaThread "C2 CompilerThread0" daemon [_thread_blocked, id=12932, stack(0x000000b1dec00000,0x000000b1ded00000)]
  0x000001deffbe4810 JavaThread "C1 CompilerThread0" daemon [_thread_blocked, id=12632, stack(0x000000b1ded00000,0x000000b1dee00000)]
  0x000001deffb9ac70 JavaThread "Common-Cleaner" daemon [_thread_blocked, id=9960, stack(0x000000b1dee00000,0x000000b1def00000)]
  0x000001de93731490 JavaThread "Monitor Ctrl-Break" daemon [_thread_in_native, id=20412, stack(0x000000b1df100000,0x000000b1df200000)]
  0x000001de937319e0 JavaThread "Notification Thread" daemon [_thread_blocked, id=22072, stack(0x000000b1df200000,0x000000b1df300000)]
  0x000001de93b41cf0 JavaThread "QuantumRenderer-0" daemon [_thread_blocked, id=18596, stack(0x000000b1df400000,0x000000b1df500000)]
  0x000001de93c299a0 JavaThread "InvokeLaterDispatcher" daemon [_thread_blocked, id=12872, stack(0x000000b1df500000,0x000000b1df600000)]
  0x000001de93c42c60 JavaThread "JavaFX Application Thread" [_thread_in_native, id=25504, stack(0x000000b1df600000,0x000000b1df700000)]
  0x000001de93e1e8b0 JavaThread "Thread-1" daemon [_thread_in_native, id=15352, stack(0x000000b1dfa00000,0x000000b1dfb00000)]
  0x000001de93d88300 JavaThread "JavaFX-Launcher" [_thread_blocked, id=9440, stack(0x000000b1dfb00000,0x000000b1dfc00000)]
  0x000001de93d67110 JavaThread "Prism Font Disposer" daemon [_thread_blocked, id=11036, stack(0x000000b1df000000,0x000000b1df100000)]
  0x000001de93d67bb0 JavaThread "Cleaner-0" daemon [_thread_blocked, id=1404, stack(0x000000b1e0400000,0x000000b1e0500000)]
  0x000001de93d65bd0 JavaThread "mysql-cj-abandoned-connection-cleanup" daemon [_thread_blocked, id=24052, stack(0x000000b1def00000,0x000000b1df000000)]
  0x000001de93d65680 JavaThread "SIGINT handler" daemon [_thread_blocked, id=20392, stack(0x000000b1df900000,0x000000b1dfa00000)]

Other Threads:
=>0x000001deffbb1540 VMThread "VM Thread" [stack: 0x000000b1de500000,0x000000b1de600000] [id=22888]
  0x000001deef6cac80 WorkerThread "GC Thread#0" [stack: 0x000000b1de000000,0x000000b1de100000] [id=24736]
  0x000001de93e6f8e0 WorkerThread "GC Thread#1" [stack: 0x000000b1dfc00000,0x000000b1dfd00000] [id=18452]
  0x000001de93e2f610 WorkerThread "GC Thread#2" [stack: 0x000000b1dfd00000,0x000000b1dfe00000] [id=24016]
  0x000001de93d80a70 WorkerThread "GC Thread#3" [stack: 0x000000b1dfe00000,0x000000b1dff00000] [id=4044]
  0x000001de93e86ce0 WorkerThread "GC Thread#4" [stack: 0x000000b1dff00000,0x000000b1e0000000] [id=24476]
  0x000001de93e87820 WorkerThread "GC Thread#5" [stack: 0x000000b1e0000000,0x000000b1e0100000] [id=19808]
  0x000001de93e87550 WorkerThread "GC Thread#6" [stack: 0x000000b1e0a00000,0x000000b1e0b00000] [id=17296]
  0x000001de93e88360 WorkerThread "GC Thread#7" [stack: 0x000000b1e0b00000,0x000000b1e0c00000] [id=17976]
  0x000001deef6dbb30 ConcurrentGCThread "G1 Main Marker" terminated
  0x000001deef6dcd00 WorkerThread "G1 Conc#0" [stack: 0x000000b1de200000,0x000000b1de300000] [id=16420]
  0x000001de93e87af0 WorkerThread "G1 Conc#1" [stack: 0x000000b1e0c00000,0x000000b1e0d00000] [id=24124]
  0x000001deffa740e0 ConcurrentGCThread "G1 Refine#0" terminated
  0x000001deffa74b80 ConcurrentGCThread "G1 Service" terminated

Threads with active compile tasks:

VM state: at safepoint (shutting down)

VM Mutex/Monitor currently owned by a thread:  ([mutex/lock_event])
[0x000001deef655930] Threads_lock - owner thread: 0x000001deffbb1540
[0x000001deef656f20] Heap_lock - owner thread: 0x000001de93d65680

Heap address: 0x0000000702000000, size: 4064 MB, Compressed Oops mode: Zero based, Oop shift amount: 3

CDS archive(s) mapped at: [0x0000000800000000-0x0000000800c60000-0x0000000800c60000), size 12976128, SharedBaseAddress: 0x0000000800000000, ArchiveRelocationMode: 0.
Compressed class space mapped at: 0x0000000801000000-0x0000000841000000, reserved size: 1073741824
Narrow klass base: 0x0000000800000000, Narrow klass shift: 0, Narrow klass range: 0x100000000

GC Precious Log:
 CardTable entry size: 512
 Card Set container configuration: InlinePtr #cards 4 size 8 Array Of Cards #cards 16 size 48 Howl #buckets 8 coarsen threshold 3686 Howl Bitmap #cards 512 size 80 coarsen threshold 460 Card regions per heap region 1 cards per card region 4096
 CPUs: 8 total, 8 available
 Memory: 16254M
 Large Page Support: Disabled
 NUMA Support: Disabled
 Compressed Oops: Enabled (Zero based)
 Heap Region Size: 2M
 Heap Min Capacity: 8M
 Heap Initial Capacity: 254M
 Heap Max Capacity: 4064M
 Pre-touch: Disabled
 Parallel Workers: 8
 Concurrent Workers: 2
 Concurrent Refinement Workers: 8
 Periodic GC: Disabled

Heap:
 garbage-first heap   total 55296K, used 33808K [0x0000000702000000, 0x0000000800000000)
  region size 2048K, 11 young (22528K), 2 survivors (4096K)
 Metaspace       used 26760K, committed 27136K, reserved 1114112K
  class space    used 3475K, committed 3648K, reserved 1048576K

Heap Regions: E=young(eden), S=young(survivor), O=old, HS=humongous(starts), HC=humongous(continues), CS=collection set, F=free, OA=open archive, CA=closed archive, TAMS=top-at-mark-start, PB=parsable bottom
|   0|0x0000000702000000, 0x0000000702200000, 0x0000000702200000|100%|HS|  |TAMS 0x0000000702000000| PB 0x0000000702000000| Complete 
|   1|0x0000000702200000, 0x0000000702400000, 0x0000000702400000|100%| O|  |TAMS 0x0000000702200000| PB 0x0000000702200000| Untracked 
|   2|0x0000000702400000, 0x0000000702420400, 0x0000000702600000|  6%| O|  |TAMS 0x0000000702400000| PB 0x0000000702400000| Complete 
|   3|0x0000000702600000, 0x0000000702800000, 0x0000000702800000|100%| O|  |TAMS 0x0000000702600000| PB 0x0000000702600000| Untracked 
|   4|0x0000000702800000, 0x0000000702a00000, 0x0000000702a00000|100%| O|  |TAMS 0x0000000702800000| PB 0x0000000702800000| Untracked 
|   5|0x0000000702a00000, 0x0000000702c00000, 0x0000000702c00000|100%| O|  |TAMS 0x0000000702a00000| PB 0x0000000702a00000| Untracked 
|   6|0x0000000702c00000, 0x0000000702e00000, 0x0000000702e00000|100%| O|  |TAMS 0x0000000702c00000| PB 0x0000000702c00000| Untracked 
|   7|0x0000000702e00000, 0x0000000702ee3c00, 0x0000000703000000| 44%| O|  |TAMS 0x0000000702e00000| PB 0x0000000702e00000| Untracked 
|   8|0x0000000703000000, 0x0000000703200000, 0x0000000703200000|100%|HS|  |TAMS 0x0000000703000000| PB 0x0000000703000000| Complete 
|   9|0x0000000703200000, 0x0000000703400000, 0x0000000703400000|100%| S|CS|TAMS 0x0000000703200000| PB 0x0000000703200000| Complete 
|  10|0x0000000703400000, 0x0000000703600000, 0x0000000703600000|100%| S|CS|TAMS 0x0000000703400000| PB 0x0000000703400000| Complete 
|  11|0x0000000703600000, 0x0000000703600000, 0x0000000703800000|  0%| F|  |TAMS 0x0000000703600000| PB 0x0000000703600000| Untracked 
|  12|0x0000000703800000, 0x0000000703800000, 0x0000000703a00000|  0%| F|  |TAMS 0x0000000703800000| PB 0x0000000703800000| Untracked 
|  13|0x0000000703a00000, 0x0000000703a00000, 0x0000000703c00000|  0%| F|  |TAMS 0x0000000703a00000| PB 0x0000000703a00000| Untracked 
|  14|0x0000000703c00000, 0x0000000703c00000, 0x0000000703e00000|  0%| F|  |TAMS 0x0000000703c00000| PB 0x0000000703c00000| Untracked 
|  15|0x0000000703e00000, 0x0000000703e00000, 0x0000000704000000|  0%| F|  |TAMS 0x0000000703e00000| PB 0x0000000703e00000| Untracked 
|  16|0x0000000704000000, 0x0000000704000000, 0x0000000704200000|  0%| F|  |TAMS 0x0000000704000000| PB 0x0000000704000000| Untracked 
|  17|0x0000000704200000, 0x0000000704200000, 0x0000000704400000|  0%| F|  |TAMS 0x0000000704200000| PB 0x0000000704200000| Untracked 
|  18|0x0000000704400000, 0x0000000704534558, 0x0000000704600000| 60%| E|  |TAMS 0x0000000704400000| PB 0x0000000704400000| Complete 
|  19|0x0000000704600000, 0x0000000704800000, 0x0000000704800000|100%| E|CS|TAMS 0x0000000704600000| PB 0x0000000704600000| Complete 
|  20|0x0000000704800000, 0x0000000704a00000, 0x0000000704a00000|100%| E|CS|TAMS 0x0000000704800000| PB 0x0000000704800000| Complete 
|  21|0x0000000704a00000, 0x0000000704c00000, 0x0000000704c00000|100%| E|CS|TAMS 0x0000000704a00000| PB 0x0000000704a00000| Complete 
| 118|0x0000000710c00000, 0x0000000710e00000, 0x0000000710e00000|100%| E|CS|TAMS 0x0000000710c00000| PB 0x0000000710c00000| Complete 
| 119|0x0000000710e00000, 0x0000000711000000, 0x0000000711000000|100%| E|CS|TAMS 0x0000000710e00000| PB 0x0000000710e00000| Complete 
| 120|0x0000000711000000, 0x0000000711200000, 0x0000000711200000|100%| E|  |TAMS 0x0000000711000000| PB 0x0000000711000000| Complete 
| 121|0x0000000711200000, 0x0000000711400000, 0x0000000711400000|100%| E|CS|TAMS 0x0000000711200000| PB 0x0000000711200000| Complete 
| 126|0x0000000711c00000, 0x0000000711e00000, 0x0000000711e00000|100%| E|CS|TAMS 0x0000000711c00000| PB 0x0000000711c00000| Complete 

Card table byte_map: [0x000001def8240000,0x000001def8a30000] _byte_map_base: 0x000001def4a30000

Marking Bits: (CMBitMap*) 0x000001deef6cb2b0
 Bits: [0x000001def9220000, 0x000001defd1a0000)

Polling page: 0x000001deed600000

Metaspace:

Usage:
  Non-class:     22.74 MB used.
      Class:      3.39 MB used.
       Both:     26.13 MB used.

Virtual space:
  Non-class space:       64.00 MB reserved,      22.94 MB ( 36%) committed,  1 nodes.
      Class space:        1.00 GB reserved,       3.56 MB ( <1%) committed,  1 nodes.
             Both:        1.06 GB reserved,      26.50 MB (  2%) committed. 

Chunk freelists:
   Non-Class:  128.00 KB
       Class:  416.00 KB
        Both:  544.00 KB

MaxMetaspaceSize: unlimited
CompressedClassSpaceSize: 1.00 GB
Initial GC threshold: 21.00 MB
Current GC threshold: 35.25 MB
CDS: on
MetaspaceReclaimPolicy: balanced
 - commit_granule_bytes: 65536.
 - commit_granule_words: 8192.
 - virtual_space_node_default_size: 8388608.
 - enlarge_chunks_in_place: 1.
 - new_chunks_are_fully_committed: 0.
 - uncommit_free_chunks: 1.
 - use_allocation_guard: 0.


Internal statistics:

num_allocs_failed_limit: 3.
num_arena_births: 416.
num_arena_deaths: 0.
num_vsnodes_births: 2.
num_vsnodes_deaths: 0.
num_space_committed: 424.
num_space_uncommitted: 0.
num_chunks_returned_to_freelist: 3.
num_chunks_taken_from_freelist: 1196.
num_chunk_merges: 3.
num_chunk_splits: 817.
num_chunks_enlarged: 603.
num_inconsistent_stats: 0.

CodeHeap 'non-profiled nmethods': size=120000Kb used=2417Kb max_used=2417Kb free=117583Kb
 bounds [0x000001de87ad0000, 0x000001de87d40000, 0x000001de8f000000]
CodeHeap 'profiled nmethods': size=120000Kb used=10240Kb max_used=10240Kb free=109759Kb
 bounds [0x000001de80000000, 0x000001de80a10000, 0x000001de87530000]
CodeHeap 'non-nmethods': size=5760Kb used=1969Kb max_used=2048Kb free=3790Kb
 bounds [0x000001de87530000, 0x000001de877a0000, 0x000001de87ad0000]
 total_blobs=5933 nmethods=5031 adapters=810
 compilation: enabled
              stopped_count=0, restarted_count=0
 full_count=0

Compilation events (20 events):
Event: 51.314 Thread 0x000001deffbe4810 5024       3       com.sun.javafx.event.EventHandlerManager::fixEventSource (22 bytes)
Event: 51.315 Thread 0x000001deffbe4810 nmethod 5024 0x000001de809f9290 code [0x000001de809f9440, 0x000001de809f9798]
Event: 54.170 Thread 0x000001deffbe36f0 5025       4       javafx.beans.property.BooleanPropertyBase::set (76 bytes)
Event: 54.172 Thread 0x000001deffbe36f0 nmethod 5025 0x000001de87d28410 code [0x000001de87d28580, 0x000001de87d28690]
Event: 54.227 Thread 0x000001deffbe4810 5026   !   3       javafx.scene.Node::intersectsBounds (1005 bytes)
Event: 54.231 Thread 0x000001deffbe4810 nmethod 5026 0x000001de809f9890 code [0x000001de809f9f40, 0x000001de809fdbb0]
Event: 69.042 Thread 0x000001deffbe36f0 5027   !   4       javafx.scene.Node::intersectsBounds (1005 bytes)
Event: 69.062 Thread 0x000001deffbe36f0 nmethod 5027 0x000001de87d28790 code [0x000001de87d28a60, 0x000001de87d29d98]
Event: 70.011 Thread 0x000001deffbe36f0 5028       4       com.sun.javafx.logging.PlatformLogger::isLoggable (27 bytes)
Event: 70.012 Thread 0x000001deffbe36f0 nmethod 5028 0x000001de87d2b510 code [0x000001de87d2b6a0, 0x000001de87d2b8a0]
Event: 70.012 Thread 0x000001deffbe36f0 5029       4       com.sun.javafx.logging.PlatformLogger::getSystemLoggerLevel (92 bytes)
Event: 70.013 Thread 0x000001deffbe36f0 nmethod 5029 0x000001de87d2ba90 code [0x000001de87d2bc00, 0x000001de87d2bcf8]
Event: 72.378 Thread 0x000001deffbe4810 5030       3       com.sun.javafx.scene.control.inputmap.InputMap$$Lambda$269/0x00000008011b8230::handle (9 bytes)
Event: 72.379 Thread 0x000001deffbe4810 nmethod 5030 0x000001de809fee10 code [0x000001de809fefa0, 0x000001de809ff0f8]
Event: 72.379 Thread 0x000001deffbe4810 5031       3       com.sun.javafx.scene.control.inputmap.InputMap::handle (92 bytes)
Event: 72.379 Thread 0x000001deffbe4810 nmethod 5031 0x000001de809ff210 code [0x000001de809ff440, 0x000001de80a00050]
Event: 72.394 Thread 0x000001deffbe4810 5032       1       javafx.util.Pair::getKey (5 bytes)
Event: 72.395 Thread 0x000001deffbe4810 nmethod 5032 0x000001de87d2be10 code [0x000001de87d2bf80, 0x000001de87d2c050]
Event: 72.395 Thread 0x000001deffbe4810 5033       1       javafx.util.Pair::getValue (5 bytes)
Event: 72.395 Thread 0x000001deffbe4810 nmethod 5033 0x000001de87d2c110 code [0x000001de87d2c280, 0x000001de87d2c350]

GC Heap History (8 events):
Event: 0.717 GC heap before
{Heap before GC invocations=0 (full 0):
 garbage-first heap   total 260096K, used 20480K [0x0000000702000000, 0x0000000800000000)
  region size 2048K, 11 young (22528K), 0 survivors (0K)
 Metaspace       used 5119K, committed 5376K, reserved 1114112K
  class space    used 594K, committed 704K, reserved 1048576K
}
Event: 0.721 GC heap after
{Heap after GC invocations=1 (full 0):
 garbage-first heap   total 260096K, used 2929K [0x0000000702000000, 0x0000000800000000)
  region size 2048K, 2 young (4096K), 2 survivors (4096K)
 Metaspace       used 5119K, committed 5376K, reserved 1114112K
  class space    used 594K, committed 704K, reserved 1048576K
}
Event: 4.288 GC heap before
{Heap before GC invocations=1 (full 0):
 garbage-first heap   total 260096K, used 39793K [0x0000000702000000, 0x0000000800000000)
  region size 2048K, 20 young (40960K), 2 survivors (4096K)
 Metaspace       used 15736K, committed 16128K, reserved 1114112K
  class space    used 2055K, committed 2240K, reserved 1048576K
}
Event: 4.296 GC heap after
{Heap after GC invocations=2 (full 0):
 garbage-first heap   total 260096K, used 10369K [0x0000000702000000, 0x0000000800000000)
  region size 2048K, 3 young (6144K), 3 survivors (6144K)
 Metaspace       used 15736K, committed 16128K, reserved 1114112K
  class space    used 2055K, committed 2240K, reserved 1048576K
}
Event: 4.660 GC heap before
{Heap before GC invocations=2 (full 0):
 garbage-first heap   total 260096K, used 18561K [0x0000000702000000, 0x0000000800000000)
  region size 2048K, 8 young (16384K), 3 survivors (6144K)
 Metaspace       used 21106K, committed 21504K, reserved 1114112K
  class space    used 2673K, committed 2880K, reserved 1048576K
}
Event: 4.665 GC heap after
{Heap after GC invocations=3 (full 0):
 garbage-first heap   total 260096K, used 12244K [0x0000000702000000, 0x0000000800000000)
  region size 2048K, 4 young (8192K), 4 survivors (8192K)
 Metaspace       used 21106K, committed 21504K, reserved 1114112K
  class space    used 2673K, committed 2880K, reserved 1048576K
}
Event: 5.345 GC heap before
{Heap before GC invocations=4 (full 0):
 garbage-first heap   total 55296K, used 36820K [0x0000000702000000, 0x0000000800000000)
  region size 2048K, 16 young (32768K), 4 survivors (8192K)
 Metaspace       used 25304K, committed 25664K, reserved 1114112K
  class space    used 3380K, committed 3520K, reserved 1048576K
}
Event: 5.357 GC heap after
{Heap after GC invocations=5 (full 0):
 garbage-first heap   total 55296K, used 17424K [0x0000000702000000, 0x0000000800000000)
  region size 2048K, 2 young (4096K), 2 survivors (4096K)
 Metaspace       used 25304K, committed 25664K, reserved 1114112K
  class space    used 3380K, committed 3520K, reserved 1048576K
}

Dll operation events (20 events):
Event: 0.423 Loaded shared library C:\Users\shara\.openjfx\cache\17.0.2-ea\api-ms-win-crt-heap-l1-1-0.dll
Event: 0.425 Loaded shared library C:\Users\shara\.openjfx\cache\17.0.2-ea\api-ms-win-crt-locale-l1-1-0.dll
Event: 0.427 Loaded shared library C:\Users\shara\.openjfx\cache\17.0.2-ea\api-ms-win-crt-math-l1-1-0.dll
Event: 0.430 Loaded shared library C:\Users\shara\.openjfx\cache\17.0.2-ea\api-ms-win-crt-multibyte-l1-1-0.dll
Event: 0.434 Loaded shared library C:\Users\shara\.openjfx\cache\17.0.2-ea\api-ms-win-crt-private-l1-1-0.dll
Event: 0.440 Loaded shared library C:\Users\shara\.openjfx\cache\17.0.2-ea\api-ms-win-crt-process-l1-1-0.dll
Event: 0.445 Loaded shared library C:\Users\shara\.openjfx\cache\17.0.2-ea\api-ms-win-crt-runtime-l1-1-0.dll
Event: 0.450 Loaded shared library C:\Users\shara\.openjfx\cache\17.0.2-ea\api-ms-win-crt-stdio-l1-1-0.dll
Event: 0.453 Loaded shared library C:\Users\shara\.openjfx\cache\17.0.2-ea\api-ms-win-crt-string-l1-1-0.dll
Event: 0.456 Loaded shared library C:\Users\shara\.openjfx\cache\17.0.2-ea\api-ms-win-crt-time-l1-1-0.dll
Event: 0.458 Loaded shared library C:\Users\shara\.openjfx\cache\17.0.2-ea\api-ms-win-crt-utility-l1-1-0.dll
Event: 0.473 Loaded shared library C:\Users\shara\.openjfx\cache\17.0.2-ea\ucrtbase.dll
Event: 0.477 Loaded shared library C:\Users\shara\.openjfx\cache\17.0.2-ea\vcruntime140.dll
Event: 0.480 Loaded shared library C:\Users\shara\.openjfx\cache\17.0.2-ea\vcruntime140_1.dll
Event: 0.488 Loaded shared library C:\Users\shara\.openjfx\cache\17.0.2-ea\msvcp140.dll
Event: 0.534 Loaded shared library C:\Users\shara\.openjfx\cache\17.0.2-ea\prism_d3d.dll
Event: 0.587 Loaded shared library C:\Users\shara\.openjfx\cache\17.0.2-ea\glass.dll
Event: 0.706 Loaded shared library C:\Users\shara\.jdks\openjdk-20.0.1\bin\jimage.dll
Event: 0.906 Loaded shared library C:\Users\shara\.openjfx\cache\17.0.2-ea\javafx_font.dll
Event: 4.424 Loaded shared library C:\Users\shara\.jdks\openjdk-20.0.1\bin\sunmscapi.dll

Deoptimization events (20 events):
Event: 41.803 Thread 0x000001de93c42c60 DEOPT PACKING pc=0x000001de87cd2fd4 sp=0x000000b1df6f8c30
Event: 41.803 Thread 0x000001de93c42c60 DEOPT UNPACKING pc=0x000001de87599d22 sp=0x000000b1df6f8be8 mode 2
Event: 41.803 Thread 0x000001de93c42c60 Uncommon trap: trap_request=0xffffffc6 fr.pc=0x000001de87cd55a0 relative=0x0000000000000680
Event: 41.803 Thread 0x000001de93c42c60 Uncommon trap: reason=bimorphic_or_optimized_type_check action=maybe_recompile pc=0x000001de87cd55a0 method=com.sun.javafx.event.EventHandlerManager.dispatchBubblingEvent(Ljavafx/event/Event;)Ljavafx/event/Event; @ 1 c2
Event: 41.803 Thread 0x000001de93c42c60 DEOPT PACKING pc=0x000001de87cd55a0 sp=0x000000b1df6f8c40
Event: 41.803 Thread 0x000001de93c42c60 DEOPT UNPACKING pc=0x000001de87599d22 sp=0x000000b1df6f8bf8 mode 2
Event: 41.819 Thread 0x000001de93c42c60 Uncommon trap: trap_request=0xffffffc6 fr.pc=0x000001de87cd55a0 relative=0x0000000000000680
Event: 41.819 Thread 0x000001de93c42c60 Uncommon trap: reason=bimorphic_or_optimized_type_check action=maybe_recompile pc=0x000001de87cd55a0 method=com.sun.javafx.event.EventHandlerManager.dispatchBubblingEvent(Ljavafx/event/Event;)Ljavafx/event/Event; @ 1 c2
Event: 41.819 Thread 0x000001de93c42c60 DEOPT PACKING pc=0x000001de87cd55a0 sp=0x000000b1df6f8ca0
Event: 41.819 Thread 0x000001de93c42c60 DEOPT UNPACKING pc=0x000001de87599d22 sp=0x000000b1df6f8c58 mode 2
Event: 41.819 Thread 0x000001de93c42c60 Uncommon trap: trap_request=0xffffffc6 fr.pc=0x000001de87cd55a0 relative=0x0000000000000680
Event: 41.819 Thread 0x000001de93c42c60 Uncommon trap: reason=bimorphic_or_optimized_type_check action=maybe_recompile pc=0x000001de87cd55a0 method=com.sun.javafx.event.EventHandlerManager.dispatchBubblingEvent(Ljavafx/event/Event;)Ljavafx/event/Event; @ 1 c2
Event: 41.819 Thread 0x000001de93c42c60 DEOPT PACKING pc=0x000001de87cd55a0 sp=0x000000b1df6f8d00
Event: 41.819 Thread 0x000001de93c42c60 DEOPT UNPACKING pc=0x000001de87599d22 sp=0x000000b1df6f8cb8 mode 2
Event: 43.907 Thread 0x000001de93b41cf0 DEOPT PACKING pc=0x000001de803a623a sp=0x000000b1df4fde00
Event: 43.907 Thread 0x000001de93b41cf0 DEOPT UNPACKING pc=0x000001de8759a4c2 sp=0x000000b1df4fd238 mode 0
Event: 54.219 Thread 0x000001de93c42c60 Uncommon trap: trap_request=0xffffff45 fr.pc=0x000001de87cbb78c relative=0x0000000000000ecc
Event: 54.219 Thread 0x000001de93c42c60 Uncommon trap: reason=unstable_if action=reinterpret pc=0x000001de87cbb78c method=javafx.scene.Node.intersectsBounds(Lcom/sun/javafx/geom/PickRay;)D @ 902 c2
Event: 54.219 Thread 0x000001de93c42c60 DEOPT PACKING pc=0x000001de87cbb78c sp=0x000000b1df6f8cc0
Event: 54.219 Thread 0x000001de93c42c60 DEOPT UNPACKING pc=0x000001de87599d22 sp=0x000000b1df6f8b98 mode 2

Classes loaded (20 events):
Event: 41.814 Loading class java/util/concurrent/atomic/AtomicReferenceFieldUpdater
Event: 41.814 Loading class java/util/concurrent/atomic/AtomicReferenceFieldUpdater done
Event: 41.814 Loading class java/util/concurrent/atomic/AtomicReferenceFieldUpdater$AtomicReferenceFieldUpdaterImpl
Event: 41.815 Loading class java/util/concurrent/atomic/AtomicReferenceFieldUpdater$AtomicReferenceFieldUpdaterImpl done
Event: 41.815 Loading class java/util/concurrent/atomic/AtomicReferenceFieldUpdater$AtomicReferenceFieldUpdaterImpl$1
Event: 41.815 Loading class java/util/concurrent/atomic/AtomicReferenceFieldUpdater$AtomicReferenceFieldUpdaterImpl$1 done
Event: 41.815 Loading class sun/reflect/misc/ReflectUtil
Event: 41.815 Loading class sun/reflect/misc/ReflectUtil done
Event: 41.816 Loading class java/io/PrintWriter
Event: 41.816 Loading class java/io/PrintWriter done
Event: 41.816 Loading class java/io/PrintWriter$1
Event: 41.816 Loading class jdk/internal/access/JavaIOPrintWriterAccess
Event: 41.816 Loading class jdk/internal/access/JavaIOPrintWriterAccess done
Event: 41.816 Loading class java/io/PrintWriter$1 done
Event: 41.816 Loading class java/lang/Throwable$WrappedPrintWriter
Event: 41.816 Loading class java/lang/Throwable$PrintStreamOrWriter
Event: 41.816 Loading class java/lang/Throwable$PrintStreamOrWriter done
Event: 41.816 Loading class java/lang/Throwable$WrappedPrintWriter done
Event: 77.150 Loading class jdk/internal/misc/Signal$1
Event: 77.150 Loading class jdk/internal/misc/Signal$1 done

Classes unloaded (0 events):
No events

Classes redefined (0 events):
No events

Internal exceptions (20 events):
Event: 4.245 Thread 0x000001de93c42c60 Exception <a 'java/lang/NoSuchMethodError'{0x000000070f69cde8}: 'java.lang.Object java.lang.invoke.DirectMethodHandle$Holder.invokeInterface(java.lang.Object, java.lang.Object)'> (0x000000070f69cde8) 
thrown [s\open\src\hotspot\share\interpreter\linkResolver.cpp, line 773]
Event: 4.247 Thread 0x000001de93c42c60 Exception <a 'sun/nio/fs/WindowsException'{0x000000070f6a70a0}> (0x000000070f6a70a0) 
thrown [s\open\src\hotspot\share\prims\jni.cpp, line 519]
Event: 4.248 Thread 0x000001de93c42c60 Exception <a 'sun/nio/fs/WindowsException'{0x000000070f6a94b8}> (0x000000070f6a94b8) 
thrown [s\open\src\hotspot\share\prims\jni.cpp, line 519]
Event: 4.256 Thread 0x000001de93c42c60 Exception <a 'sun/nio/fs/WindowsException'{0x000000070f7043e0}> (0x000000070f7043e0) 
thrown [s\open\src\hotspot\share\prims\jni.cpp, line 519]
Event: 4.256 Thread 0x000001de93c42c60 Exception <a 'sun/nio/fs/WindowsException'{0x000000070f706a40}> (0x000000070f706a40) 
thrown [s\open\src\hotspot\share\prims\jni.cpp, line 519]
Event: 4.260 Thread 0x000001de93c42c60 Exception <a 'java/lang/NoSuchMethodError'{0x000000070f715a08}: 'java.lang.Object java.lang.invoke.DirectMethodHandle$Holder.invokeVirtual(java.lang.Object, java.lang.Object, java.lang.Object)'> (0x000000070f715a08) 
thrown [s\open\src\hotspot\share\interpreter\linkResolver.cpp, line 773]
Event: 4.337 Thread 0x000001de93c42c60 Exception <a 'sun/nio/fs/WindowsException'{0x0000000711ab1ea0}> (0x0000000711ab1ea0) 
thrown [s\open\src\hotspot\share\prims\jni.cpp, line 519]
Event: 4.407 Thread 0x000001de93c42c60 Exception <a 'sun/nio/fs/WindowsException'{0x00000007118f4fd8}> (0x00000007118f4fd8) 
thrown [s\open\src\hotspot\share\prims\jni.cpp, line 519]
Event: 4.453 Thread 0x000001de93c42c60 Exception <a 'sun/nio/fs/WindowsException'{0x0000000711606138}> (0x0000000711606138) 
thrown [s\open\src\hotspot\share\prims\jni.cpp, line 519]
Event: 4.458 Thread 0x000001de93c42c60 Exception <a 'sun/nio/fs/WindowsException'{0x000000071161ac58}> (0x000000071161ac58) 
thrown [s\open\src\hotspot\share\prims\jni.cpp, line 519]
Event: 4.484 Thread 0x000001de93c42c60 Exception <a 'java/lang/NoSuchMethodError'{0x00000007116b6600}: 'java.lang.Object java.lang.invoke.DirectMethodHandle$Holder.invokeStaticInit(java.lang.Object, int, int, int, int)'> (0x00000007116b6600) 
thrown [s\open\src\hotspot\share\interpreter\linkResolver.cpp, line 773]
Event: 4.540 Thread 0x000001de93c42c60 Exception <a 'java/lang/NoSuchMethodError'{0x00000007117725a8}: 'java.lang.Object java.lang.invoke.DirectMethodHandle$Holder.invokeStaticInit(java.lang.Object, java.lang.Object, int, int, int, int)'> (0x00000007117725a8) 
thrown [s\open\src\hotspot\share\interpreter\linkResolver.cpp, line 773]
Event: 4.864 Thread 0x000001de93c42c60 Exception <a 'java/lang/ClassNotFoundException'{0x00000007049c4050}: com/sun/javafx/scene/control/skin/resources/controls> (0x00000007049c4050) 
thrown [s\open\src\hotspot\share\prims\jni.cpp, line 538]
Event: 4.864 Thread 0x000001de93c42c60 Exception <a 'java/lang/ClassNotFoundException'{0x00000007049d2640}: com/sun/javafx/scene/control/skin/resources/controls_en> (0x00000007049d2640) 
thrown [s\open\src\hotspot\share\prims\jni.cpp, line 538]
Event: 4.865 Thread 0x000001de93c42c60 Exception <a 'java/lang/ClassNotFoundException'{0x00000007049d3e00}: com/sun/javafx/scene/control/skin/resources/controls_en_GB> (0x00000007049d3e00) 
thrown [s\open\src\hotspot\share\prims\jni.cpp, line 538]
Event: 5.050 Thread 0x000001de93c42c60 Exception <a 'java/lang/NoSuchMethodError'{0x00000007040c05b8}: 'void java.lang.invoke.DirectMethodHandle$Holder.invokeSpecial(java.lang.Object, java.lang.Object, java.lang.Object, java.lang.Object, java.lang.Object, java.lang.Object)'> (0x00000007040c05b8) 
thrown [s\open\src\hotspot\share\interpreter\linkResolver.cpp, line 773]
Event: 8.067 Thread 0x000001de93b41cf0 Exception <a 'java/lang/NoSuchMethodError'{0x0000000710e9f858}: 'java.lang.Object java.lang.invoke.DirectMethodHandle$Holder.invokeStaticInit(java.lang.Object, int)'> (0x0000000710e9f858) 
thrown [s\open\src\hotspot\share\interpreter\linkResolver.cpp, line 773]
Event: 11.396 Thread 0x000001de93c42c60 Exception <a 'java/lang/NoSuchMethodError'{0x000000071119bff8}: 'java.lang.Object java.lang.invoke.DirectMethodHandle$Holder.newInvokeSpecial(java.lang.Object, java.lang.Object, int, int, int, int, int, java.lang.Object)'> (0x000000071119bff8) 
thrown [s\open\src\hotspot\share\interpreter\linkResolver.cpp, line 773]
Event: 11.397 Thread 0x000001de93c42c60 Exception <a 'java/lang/NoSuchMethodError'{0x00000007111aed48}: 'java.lang.Object java.lang.invoke.DirectMethodHandle$Holder.newInvokeSpecial(java.lang.Object, java.lang.Object, java.lang.Object, int, int, int, int, int)'> (0x00000007111aed48) 
thrown [s\open\src\hotspot\share\interpreter\linkResolver.cpp, line 773]
Event: 11.397 Thread 0x000001de93c42c60 Exception <a 'java/lang/NoSuchMethodError'{0x0000000710c89d60}: 'java.lang.Object java.lang.invoke.Invokers$Holder.linkToTargetMethod(java.lang.Object, java.lang.Object, int, int, int, int, int, java.lang.Object)'> (0x0000000710c89d60) 
thrown [s\open\src\hotspot\share\interpreter\linkResolver.cpp, line 773]

VM Operations (20 events):
Event: 41.193 Executing VM operation: Cleanup done
Event: 42.194 Executing VM operation: Cleanup
Event: 42.194 Executing VM operation: Cleanup done
Event: 44.195 Executing VM operation: Cleanup
Event: 44.195 Executing VM operation: Cleanup done
Event: 46.195 Executing VM operation: Cleanup
Event: 46.196 Executing VM operation: Cleanup done
Event: 47.196 Executing VM operation: Cleanup
Event: 47.196 Executing VM operation: Cleanup done
Event: 49.196 Executing VM operation: Cleanup
Event: 49.197 Executing VM operation: Cleanup done
Event: 51.197 Executing VM operation: Cleanup
Event: 51.197 Executing VM operation: Cleanup done
Event: 55.200 Executing VM operation: Cleanup
Event: 55.200 Executing VM operation: Cleanup done
Event: 57.201 Executing VM operation: Cleanup
Event: 57.201 Executing VM operation: Cleanup done
Event: 73.207 Executing VM operation: Cleanup
Event: 73.207 Executing VM operation: Cleanup done
Event: 77.152 Executing VM operation: Exit

Events (20 events):
Event: 4.255 Thread 0x000001de9486b210 Thread added: 0x000001de9486b210
Event: 6.818 Thread 0x000001de9486b210 Thread exited: 0x000001de9486b210
Event: 6.818 Thread 0x000001de9bcc9150 Thread exited: 0x000001de9bcc9150
Event: 7.982 Thread 0x000001de9c38c800 Thread added: 0x000001de9c38c800
Event: 8.196 Thread 0x000001de9404daa0 Thread added: 0x000001de9404daa0
Event: 8.683 Thread 0x000001de9404daa0 Thread exited: 0x000001de9404daa0
Event: 8.683 Thread 0x000001de9c38c800 Thread exited: 0x000001de9c38c800
Event: 40.360 Thread 0x000001de9c5b2580 Thread added: 0x000001de9c5b2580
Event: 40.366 Thread 0x000001de9c39cd70 Thread added: 0x000001de9c39cd70
Event: 41.804 Thread 0x000001de9c39cd70 Thread exited: 0x000001de9c39cd70
Event: 41.804 Thread 0x000001de9c5b2580 Thread exited: 0x000001de9c5b2580
Event: 43.915 Thread 0x000001de9c5b2580 Thread added: 0x000001de9c5b2580
Event: 45.834 Thread 0x000001de9c5b2580 Thread exited: 0x000001de9c5b2580
Event: 48.791 Thread 0x000001de9c5b2580 Thread added: 0x000001de9c5b2580
Event: 51.140 Thread 0x000001de9c5b2580 Thread exited: 0x000001de9c5b2580
Event: 77.151 Thread 0x000001de93d65680 Thread added: 0x000001de93d65680
Event: 77.151 Thread 0x000001de93755120 Thread added: 0x000001de93755120
Event: 77.151 Thread 0x000001de93754bd0 Thread added: 0x000001de93754bd0
Event: 77.151 Thread 0x000001de93754bd0 Thread exited: 0x000001de93754bd0
Event: 77.152 Thread 0x000001de93755120 Thread exited: 0x000001de93755120


Dynamic libraries:
0x00007ff6dca50000 - 0x00007ff6dca5e000 	C:\Users\shara\.jdks\openjdk-20.0.1\bin\java.exe
0x00007ff890df0000 - 0x00007ff890fe8000 	C:\WINDOWS\SYSTEM32\ntdll.dll
0x00007ff88fb30000 - 0x00007ff88fbef000 	C:\WINDOWS\System32\KERNEL32.DLL
0x00007ff88e4d0000 - 0x00007ff88e7c6000 	C:\WINDOWS\System32\KERNELBASE.dll
0x00007ff88ec00000 - 0x00007ff88ed00000 	C:\WINDOWS\System32\ucrtbase.dll
0x00007ff888fa0000 - 0x00007ff888fb7000 	C:\Users\shara\.jdks\openjdk-20.0.1\bin\jli.dll
0x00007ff890b70000 - 0x00007ff890d0d000 	C:\WINDOWS\System32\USER32.dll
0x00007ff88ed00000 - 0x00007ff88ed22000 	C:\WINDOWS\System32\win32u.dll
0x00007ff8909c0000 - 0x00007ff8909ec000 	C:\WINDOWS\System32\GDI32.dll
0x00007ff88eae0000 - 0x00007ff88ebf5000 	C:\WINDOWS\System32\gdi32full.dll
0x00007ff88e7d0000 - 0x00007ff88e86d000 	C:\WINDOWS\System32\msvcp_win.dll
0x00007ff873270000 - 0x00007ff87328b000 	C:\Users\shara\.jdks\openjdk-20.0.1\bin\VCRUNTIME140.dll
0x00007ff88db80000 - 0x00007ff88de1a000 	C:\WINDOWS\WinSxS\amd64_microsoft.windows.common-controls_6595b64144ccf1df_6.0.19041.1110_none_60b5254171f9507e\COMCTL32.dll
0x00007ff890030000 - 0x00007ff8900ce000 	C:\WINDOWS\System32\msvcrt.dll
0x00007ff88ff70000 - 0x00007ff88ffa0000 	C:\WINDOWS\System32\IMM32.DLL
0x00007ff888f90000 - 0x00007ff888f9c000 	C:\Users\shara\.jdks\openjdk-20.0.1\bin\vcruntime140_1.dll
0x00007ff853b00000 - 0x00007ff853b8e000 	C:\Users\shara\.jdks\openjdk-20.0.1\bin\msvcp140.dll
0x00007ff845810000 - 0x00007ff8464a7000 	C:\Users\shara\.jdks\openjdk-20.0.1\bin\server\jvm.dll
0x00007ff88fbf0000 - 0x00007ff88fc9f000 	C:\WINDOWS\System32\ADVAPI32.dll
0x00007ff890d10000 - 0x00007ff890dac000 	C:\WINDOWS\System32\sechost.dll
0x00007ff88f920000 - 0x00007ff88fa46000 	C:\WINDOWS\System32\RPCRT4.dll
0x00007ff887660000 - 0x00007ff887669000 	C:\WINDOWS\SYSTEM32\WSOCK32.dll
0x00007ff88ffc0000 - 0x00007ff89002b000 	C:\WINDOWS\System32\WS2_32.dll
0x00007ff8704e0000 - 0x00007ff870507000 	C:\WINDOWS\SYSTEM32\WINMM.dll
0x00007ff884e70000 - 0x00007ff884e7a000 	C:\WINDOWS\SYSTEM32\VERSION.dll
0x00007ff88c6a0000 - 0x00007ff88c6b2000 	C:\WINDOWS\SYSTEM32\kernel.appcore.dll
0x00007ff888f20000 - 0x00007ff888f2a000 	C:\Users\shara\.jdks\openjdk-20.0.1\bin\jimage.dll
0x00007ff88df50000 - 0x00007ff88e134000 	C:\WINDOWS\SYSTEM32\DBGHELP.DLL
0x00007ff88de40000 - 0x00007ff88de74000 	C:\WINDOWS\SYSTEM32\dbgcore.DLL
0x00007ff88e870000 - 0x00007ff88e8f2000 	C:\WINDOWS\System32\bcryptPrimitives.dll
0x00007ff873210000 - 0x00007ff87321e000 	C:\Users\shara\.jdks\openjdk-20.0.1\bin\instrument.dll
0x00007ff873240000 - 0x00007ff873266000 	C:\Users\shara\.jdks\openjdk-20.0.1\bin\java.dll
0x00007ff84dc80000 - 0x00007ff84dd57000 	C:\Users\shara\.jdks\openjdk-20.0.1\bin\jsvml.dll
0x00007ff88efb0000 - 0x00007ff88f6f4000 	C:\WINDOWS\System32\SHELL32.dll
0x00007ff88b860000 - 0x00007ff88bff3000 	C:\WINDOWS\SYSTEM32\windows.storage.dll
0x00007ff8900d0000 - 0x00007ff890424000 	C:\WINDOWS\System32\combase.dll
0x00007ff88d7f0000 - 0x00007ff88d81e000 	C:\WINDOWS\SYSTEM32\Wldp.dll
0x00007ff8909f0000 - 0x00007ff890a9d000 	C:\WINDOWS\System32\SHCORE.dll
0x00007ff88ef50000 - 0x00007ff88efa5000 	C:\WINDOWS\System32\shlwapi.dll
0x00007ff88e410000 - 0x00007ff88e42f000 	C:\WINDOWS\SYSTEM32\profapi.dll
0x00007ff873220000 - 0x00007ff873233000 	C:\Users\shara\.jdks\openjdk-20.0.1\bin\net.dll
0x00007ff883090000 - 0x00007ff88319a000 	C:\WINDOWS\SYSTEM32\WINHTTP.dll
0x00007ff88d510000 - 0x00007ff88d57a000 	C:\WINDOWS\system32\mswsock.dll
0x00007ff872070000 - 0x00007ff872086000 	C:\Users\shara\.jdks\openjdk-20.0.1\bin\nio.dll
0x00007ff871d90000 - 0x00007ff871da8000 	C:\Users\shara\.jdks\openjdk-20.0.1\bin\zip.dll
0x00007ff870030000 - 0x00007ff87004a000 	C:\Program Files\JetBrains\IntelliJ IDEA 2022.3.3\bin\breakgen64.dll
0x000001deed670000 - 0x000001deed673000 	C:\Users\shara\.openjfx\cache\17.0.2-ea\api-ms-win-core-console-l1-1-0.dll
0x000001deef600000 - 0x000001deef603000 	C:\Users\shara\.openjfx\cache\17.0.2-ea\api-ms-win-core-console-l1-2-0.dll
0x000001deef610000 - 0x000001deef613000 	C:\Users\shara\.openjfx\cache\17.0.2-ea\api-ms-win-core-datetime-l1-1-0.dll
0x000001deef620000 - 0x000001deef623000 	C:\Users\shara\.openjfx\cache\17.0.2-ea\api-ms-win-core-debug-l1-1-0.dll
0x000001deffd30000 - 0x000001deffd33000 	C:\Users\shara\.openjfx\cache\17.0.2-ea\api-ms-win-core-errorhandling-l1-1-0.dll
0x000001deffd40000 - 0x000001deffd44000 	C:\Users\shara\.openjfx\cache\17.0.2-ea\api-ms-win-core-file-l1-1-0.dll
0x000001deffd50000 - 0x000001deffd53000 	C:\Users\shara\.openjfx\cache\17.0.2-ea\api-ms-win-core-file-l1-2-0.dll
0x000001deffd60000 - 0x000001deffd63000 	C:\Users\shara\.openjfx\cache\17.0.2-ea\api-ms-win-core-file-l2-1-0.dll
0x000001deffd70000 - 0x000001deffd73000 	C:\Users\shara\.openjfx\cache\17.0.2-ea\api-ms-win-core-handle-l1-1-0.dll
0x000001deffd80000 - 0x000001deffd83000 	C:\Users\shara\.openjfx\cache\17.0.2-ea\api-ms-win-core-heap-l1-1-0.dll
0x000001deffd90000 - 0x000001deffd93000 	C:\Users\shara\.openjfx\cache\17.0.2-ea\api-ms-win-core-interlocked-l1-1-0.dll
0x000001deffda0000 - 0x000001deffda3000 	C:\Users\shara\.openjfx\cache\17.0.2-ea\api-ms-win-core-libraryloader-l1-1-0.dll
0x000001deffdb0000 - 0x000001deffdb3000 	C:\Users\shara\.openjfx\cache\17.0.2-ea\api-ms-win-core-localization-l1-2-0.dll
0x000001deffdc0000 - 0x000001deffdc3000 	C:\Users\shara\.openjfx\cache\17.0.2-ea\api-ms-win-core-memory-l1-1-0.dll
0x000001deffdd0000 - 0x000001deffdd3000 	C:\Users\shara\.openjfx\cache\17.0.2-ea\api-ms-win-core-namedpipe-l1-1-0.dll
0x000001deffde0000 - 0x000001deffde3000 	C:\Users\shara\.openjfx\cache\17.0.2-ea\api-ms-win-core-processenvironment-l1-1-0.dll
0x000001deffdf0000 - 0x000001deffdf3000 	C:\Users\shara\.openjfx\cache\17.0.2-ea\api-ms-win-core-processthreads-l1-1-0.dll
0x000001deffe00000 - 0x000001deffe03000 	C:\Users\shara\.openjfx\cache\17.0.2-ea\api-ms-win-core-processthreads-l1-1-1.dll
0x000001deffe10000 - 0x000001deffe13000 	C:\Users\shara\.openjfx\cache\17.0.2-ea\api-ms-win-core-profile-l1-1-0.dll
0x000001deffe20000 - 0x000001deffe23000 	C:\Users\shara\.openjfx\cache\17.0.2-ea\api-ms-win-core-rtlsupport-l1-1-0.dll
0x000001deffe30000 - 0x000001deffe33000 	C:\Users\shara\.openjfx\cache\17.0.2-ea\api-ms-win-core-string-l1-1-0.dll
0x000001deffe40000 - 0x000001deffe43000 	C:\Users\shara\.openjfx\cache\17.0.2-ea\api-ms-win-core-synch-l1-1-0.dll
0x000001deffe50000 - 0x000001deffe53000 	C:\Users\shara\.openjfx\cache\17.0.2-ea\api-ms-win-core-synch-l1-2-0.dll
0x000001deffe60000 - 0x000001deffe63000 	C:\Users\shara\.openjfx\cache\17.0.2-ea\api-ms-win-core-sysinfo-l1-1-0.dll
0x000001deffe70000 - 0x000001deffe73000 	C:\Users\shara\.openjfx\cache\17.0.2-ea\api-ms-win-core-timezone-l1-1-0.dll
0x000001deffe80000 - 0x000001deffe83000 	C:\Users\shara\.openjfx\cache\17.0.2-ea\api-ms-win-core-util-l1-1-0.dll
0x000001deffe90000 - 0x000001deffe93000 	C:\Users\shara\.openjfx\cache\17.0.2-ea\api-ms-win-crt-conio-l1-1-0.dll
0x000001deffea0000 - 0x000001deffea4000 	C:\Users\shara\.openjfx\cache\17.0.2-ea\api-ms-win-crt-convert-l1-1-0.dll
0x000001deffeb0000 - 0x000001deffeb3000 	C:\Users\shara\.openjfx\cache\17.0.2-ea\api-ms-win-crt-environment-l1-1-0.dll
0x000001deffec0000 - 0x000001deffec3000 	C:\Users\shara\.openjfx\cache\17.0.2-ea\api-ms-win-crt-filesystem-l1-1-0.dll
0x000001deffed0000 - 0x000001deffed3000 	C:\Users\shara\.openjfx\cache\17.0.2-ea\api-ms-win-crt-heap-l1-1-0.dll
0x000001deffee0000 - 0x000001deffee3000 	C:\Users\shara\.openjfx\cache\17.0.2-ea\api-ms-win-crt-locale-l1-1-0.dll
0x000001deffef0000 - 0x000001deffef5000 	C:\Users\shara\.openjfx\cache\17.0.2-ea\api-ms-win-crt-math-l1-1-0.dll
0x000001defff00000 - 0x000001defff05000 	C:\Users\shara\.openjfx\cache\17.0.2-ea\api-ms-win-crt-multibyte-l1-1-0.dll
0x000001defff10000 - 0x000001defff20000 	C:\Users\shara\.openjfx\cache\17.0.2-ea\api-ms-win-crt-private-l1-1-0.dll
0x000001defff20000 - 0x000001defff23000 	C:\Users\shara\.openjfx\cache\17.0.2-ea\api-ms-win-crt-process-l1-1-0.dll
0x000001defff30000 - 0x000001defff34000 	C:\Users\shara\.openjfx\cache\17.0.2-ea\api-ms-win-crt-runtime-l1-1-0.dll
0x000001defff40000 - 0x000001defff44000 	C:\Users\shara\.openjfx\cache\17.0.2-ea\api-ms-win-crt-stdio-l1-1-0.dll
0x000001defff50000 - 0x000001defff54000 	C:\Users\shara\.openjfx\cache\17.0.2-ea\api-ms-win-crt-string-l1-1-0.dll
0x000001defff60000 - 0x000001defff63000 	C:\Users\shara\.openjfx\cache\17.0.2-ea\api-ms-win-crt-time-l1-1-0.dll
0x000001defff70000 - 0x000001defff73000 	C:\Users\shara\.openjfx\cache\17.0.2-ea\api-ms-win-crt-utility-l1-1-0.dll
0x00007ff84a680000 - 0x00007ff84a77c000 	C:\Users\shara\.openjfx\cache\17.0.2-ea\ucrtbase.dll
0x00007ff86e910000 - 0x00007ff86e92a000 	C:\Users\shara\.openjfx\cache\17.0.2-ea\vcruntime140.dll
0x00007ff8722d0000 - 0x00007ff8722dc000 	C:\Users\shara\.openjfx\cache\17.0.2-ea\vcruntime140_1.dll
0x00007ff84df20000 - 0x00007ff84dfad000 	C:\Users\shara\.openjfx\cache\17.0.2-ea\msvcp140.dll
0x00007ff86bc40000 - 0x00007ff86bc6a000 	C:\Users\shara\.openjfx\cache\17.0.2-ea\prism_d3d.dll
0x00007ff8739f0000 - 0x00007ff873bbd000 	C:\WINDOWS\system32\d3d9.dll
0x00007ff88b2c0000 - 0x00007ff88b2ef000 	C:\WINDOWS\SYSTEM32\dwmapi.dll
0x00007ff88b0e0000 - 0x00007ff88b17e000 	C:\WINDOWS\system32\uxtheme.dll
0x00007fffd8050000 - 0x00007fffd81f8000 	C:\WINDOWS\System32\DriverStore\FileRepository\iigd_dch.inf_amd64_393549dac595e659\igdumdim64.dll
0x00007ff88fdb0000 - 0x00007ff88feda000 	C:\WINDOWS\System32\ole32.dll
0x00007fffc7c10000 - 0x00007fffcb82f000 	C:\WINDOWS\System32\DriverStore\FileRepository\iigd_dch.inf_amd64_393549dac595e659\igd9dxva64.dll
0x00007ff890aa0000 - 0x00007ff890b6d000 	C:\WINDOWS\System32\OLEAUT32.dll
0x00007ff890550000 - 0x00007ff8909b8000 	C:\WINDOWS\System32\SETUPAPI.dll
0x00007ff88e900000 - 0x00007ff88e94e000 	C:\WINDOWS\System32\cfgmgr32.dll
0x00007ff88e950000 - 0x00007ff88e977000 	C:\WINDOWS\System32\bcrypt.dll
0x00007ff87f390000 - 0x00007ff87f758000 	C:\WINDOWS\System32\DriverStore\FileRepository\iigd_dch.inf_amd64_393549dac595e659\igdgmm64.dll
0x00007ff860f20000 - 0x00007ff860f62000 	C:\Users\shara\.openjfx\cache\17.0.2-ea\glass.dll
0x00007ff88ee50000 - 0x00007ff88ef2a000 	C:\WINDOWS\System32\COMDLG32.dll
0x00007ff890430000 - 0x00007ff890544000 	C:\WINDOWS\System32\MSCTF.dll
0x00007ff82de50000 - 0x00007ff82de77000 	C:\WINDOWS\System32\DriverStore\FileRepository\iigd_dch.inf_amd64_393549dac595e659\igdinfo64.dll
0x00007ff87bda0000 - 0x00007ff87f386000 	C:\WINDOWS\System32\DriverStore\FileRepository\iigd_dch.inf_amd64_393549dac595e659\igc64.dll
0x00007ff8805b0000 - 0x00007ff8805eb000 	C:\WINDOWS\SYSTEM32\dxcore.dll
0x00007ff86dda0000 - 0x00007ff86ddb4000 	C:\Users\shara\.openjfx\cache\17.0.2-ea\javafx_font.dll
0x00007ff874bb0000 - 0x00007ff874e2f000 	C:\WINDOWS\SYSTEM32\dwrite.dll
0x00007ff88fca0000 - 0x00007ff88fd49000 	C:\WINDOWS\System32\clbcatq.dll
0x00007ff885b00000 - 0x00007ff885cb4000 	C:\WINDOWS\SYSTEM32\WindowsCodecs.dll
0x00007ff85a950000 - 0x00007ff85a98e000 	C:\WINDOWS\system32\dataexchange.dll
0x00007ff8896b0000 - 0x00007ff889913000 	C:\WINDOWS\system32\d3d11.dll
0x00007ff88a1c0000 - 0x00007ff88a3a3000 	C:\WINDOWS\system32\dcomp.dll
0x00007ff88c710000 - 0x00007ff88c803000 	C:\WINDOWS\system32\dxgi.dll
0x00007ff887a80000 - 0x00007ff887c87000 	C:\WINDOWS\system32\twinapi.appcore.dll
0x00007ff8643a0000 - 0x00007ff8643d4000 	C:\Program Files\Common Files\Microsoft Shared\Ink\rtscom.dll
0x00007ff878690000 - 0x00007ff878789000 	C:\WINDOWS\SYSTEM32\textinputframework.dll
0x00007ff88a880000 - 0x00007ff88abde000 	C:\WINDOWS\System32\CoreUIComponents.dll
0x00007ff88abe0000 - 0x00007ff88acd2000 	C:\WINDOWS\System32\CoreMessaging.dll
0x00007ff88e220000 - 0x00007ff88e253000 	C:\WINDOWS\SYSTEM32\ntmarta.dll
0x00007ff88a040000 - 0x00007ff88a194000 	C:\WINDOWS\SYSTEM32\wintypes.dll
0x00007ff889a20000 - 0x00007ff889fe0000 	C:\WINDOWS\SYSTEM32\d2d1.dll
0x00007ff881c50000 - 0x00007ff882346000 	C:\WINDOWS\SYSTEM32\D3D10Warp.dll
0x00007ff88d250000 - 0x00007ff88d31a000 	C:\WINDOWS\SYSTEM32\DNSAPI.dll
0x00007ff88d200000 - 0x00007ff88d23c000 	C:\WINDOWS\SYSTEM32\IPHLPAPI.DLL

dbghelp: loaded successfully - version: 4.0.5 - missing functions: none
symbol engine: initialized successfully - sym options: 0x614 - pdb path: .;C:\Users\shara\.jdks\openjdk-20.0.1\bin;C:\WINDOWS\SYSTEM32;C:\WINDOWS\WinSxS\amd64_microsoft.windows.common-controls_6595b64144ccf1df_6.0.19041.1110_none_60b5254171f9507e;C:\Users\shara\.jdks\openjdk-20.0.1\bin\server;C:\Program Files\JetBrains\IntelliJ IDEA 2022.3.3\bin;C:\Users\shara\.openjfx\cache\17.0.2-ea;C:\WINDOWS\System32\DriverStore\FileRepository\iigd_dch.inf_amd64_393549dac595e659;C:\Program Files\Common Files\Microsoft Shared\Ink

VM Arguments:
jvm_args: -javaagent:C:\Program Files\JetBrains\IntelliJ IDEA 2022.3.3\lib\idea_rt.jar=56625:C:\Program Files\JetBrains\IntelliJ IDEA 2022.3.3\bin -Dfile.encoding=UTF-8 -Dsun.stdout.encoding=UTF-8 -Dsun.stderr.encoding=UTF-8 --module-path=C:\Users\shara\.m2\repository\org\openjfx\javafx-controls\17.0.2\javafx-controls-17.0.2-win.jar;C:\Users\shara\IdeaProjects\Demo\target\classes;C:\Users\shara\.m2\repository\org\openjfx\javafx-fxml\17.0.2\javafx-fxml-17.0.2-win.jar;C:\Users\shara\.m2\repository\org\openjfx\javafx-base\17.0.2\javafx-base-17.0.2-win.jar;C:\Users\shara\.m2\repository\org\openjfx\javafx-graphics\17.0.2\javafx-graphics-17.0.2-win.jar -Djdk.module.main=sample.demo 
java_command: sample.demo/sample.demo.HelloApplication
java_class_path (initial): C:\Users\shara\.m2\repository\org\openjfx\javafx-controls\17.0.2\javafx-controls-17.0.2.jar;C:\Users\shara\.m2\repository\org\openjfx\javafx-graphics\17.0.2\javafx-graphics-17.0.2.jar;C:\Users\shara\.m2\repository\org\openjfx\javafx-base\17.0.2\javafx-base-17.0.2.jar;C:\Users\shara\.m2\repository\org\openjfx\javafx-fxml\17.0.2\javafx-fxml-17.0.2.jar;C:\Users\shara\.m2\repository\com\mysql\mysql-connector-j\8.0.33\mysql-connector-j-8.0.33.jar;C:\Users\shara\.m2\repository\com\google\protobuf\protobuf-java\3.21.9\protobuf-java-3.21.9.jar
Launcher Type: SUN_STANDARD

[Global flags]
     intx CICompilerCount                          = 4                                         {product} {ergonomic}
     uint ConcGCThreads                            = 2                                         {product} {ergonomic}
     uint G1ConcRefinementThreads                  = 8                                         {product} {ergonomic}
   size_t G1HeapRegionSize                         = 2097152                                   {product} {ergonomic}
    uintx GCDrainStackTargetSize                   = 64                                        {product} {ergonomic}
   size_t InitialHeapSize                          = 266338304                                 {product} {ergonomic}
   size_t MarkStackSize                            = 4194304                                   {product} {ergonomic}
   size_t MaxHeapSize                              = 4261412864                                {product} {ergonomic}
   size_t MaxNewSize                               = 2556428288                                {product} {ergonomic}
   size_t MinHeapDeltaBytes                        = 2097152                                   {product} {ergonomic}
   size_t MinHeapSize                              = 8388608                                   {product} {ergonomic}
    uintx NonNMethodCodeHeapSize                   = 5839372                                {pd product} {ergonomic}
    uintx NonProfiledCodeHeapSize                  = 122909434                              {pd product} {ergonomic}
    uintx ProfiledCodeHeapSize                     = 122909434                              {pd product} {ergonomic}
    uintx ReservedCodeCacheSize                    = 251658240                              {pd product} {ergonomic}
     bool SegmentedCodeCache                       = true                                      {product} {ergonomic}
   size_t SoftMaxHeapSize                          = 4261412864                             {manageable} {ergonomic}
     bool UseCompressedClassPointers               = true                           {product lp64_product} {ergonomic}
     bool UseCompressedOops                        = true                           {product lp64_product} {ergonomic}
     bool UseG1GC                                  = true                                      {product} {ergonomic}
     bool UseLargePagesIndividualAllocation        = false                                  {pd product} {ergonomic}

Logging:
Log output configuration:
 #0: stdout all=off uptime,level,tags foldmultilines=false
 #1: stderr all=off uptime,level,tags foldmultilines=false

Environment Variables:
PATH=C:\Users\shara\Downloads\CUserssharaDownloadsWINDOWS.X64_193000_db_home\bin;C:\Program Files\Java\jdk-11.0.2\bin;C:\WINDOWS\system32;C:\WINDOWS;C:\WINDOWS\System32\Wbem;C:\WINDOWS\System32\WindowsPowerShell\v1.0\;C:\WINDOWS\System32\OpenSSH\;C:\Program Files\Git\cmd;C:\Program Files\Git\mingw64\bin;C:\Program Files\Git\usr\bin;C:\wamp64\bin\php\php7.3.12;C:\Program Files\dotnet\;C:\Program Files\MySQL\MySQL Shell 8.0\bin\;C:\Users\shara\AppData\Local\Microsoft\WindowsApps;;C:\Program Files\JetBrains\IntelliJ IDEA Community Edition 2020.2.3\bin;;C:\Users\shara\.dotnet\tools;C:\Program Files\JetBrains\IntelliJ IDEA 2022.3.3\bin;
USERNAME=shara
OS=Windows_NT
PROCESSOR_IDENTIFIER=Intel64 Family 6 Model 142 Stepping 12, GenuineIntel
TMP=C:\Users\shara\AppData\Local\Temp
TEMP=C:\Users\shara\AppData\Local\Temp




---------------  S Y S T E M  ---------------

OS:
 Windows 10 , 64 bit Build 19041 (10.0.19041.3031)
OS uptime: 3 days 12:47 hours

CPU: total 8 (initial active 8) (4 cores per cpu, 2 threads per core) family 6 model 142 stepping 12 microcode 0xc6, cx8, cmov, fxsr, ht, mmx, 3dnowpref, sse, sse2, sse3, ssse3, sse4.1, sse4.2, popcnt, lzcnt, tsc, tscinvbit, avx, avx2, aes, erms, clmul, bmi1, bmi2, adx, fma, vzeroupper, clflush, clflushopt, rdtscp, f16c

Memory: 4k page, system-wide physical 16254M (5980M free)
TotalPageFile size 32638M (AvailPageFile size 14164M)
current process WorkingSet (physical memory assigned to process): 221M, peak: 266M
current process commit charge ("private bytes"): 253M, peak: 432M

vm_info: OpenJDK 64-Bit Server VM (20.0.1+9-29) for windows-amd64 JRE (20.0.1+9-29), built on 2023-03-07T13:56:11Z by "mach5one" with MS VC++ 17.1 (VS2022)

END.
