#
# A fatal error has been detected by the Java Runtime Environment:
#
#  EXCEPTION_ACCESS_VIOLATION (0xc0000005) at pc=0x00007ffbe5bd6ab7, pid=32212, tid=28256
#
# JRE version: OpenJDK Runtime Environment (20.0.1+9) (build 20.0.1+9-29)
# Java VM: OpenJDK 64-Bit Server VM (20.0.1+9-29, mixed mode, sharing, tiered, compressed oops, compressed class ptrs, g1 gc, windows-amd64)
# Problematic frame:
# C  [glass.dll+0x26ab7]
#
# No core dump will be written. Minidumps are not enabled by default on client versions of Windows
#
# If you would like to submit a bug report, please visit:
#   https://bugreport.java.com/bugreport/crash.jsp
#

---------------  S U M M A R Y ------------

Command Line: -javaagent:C:\Program Files\JetBrains\IntelliJ IDEA 2022.3.3\lib\idea_rt.jar=52760:C:\Program Files\JetBrains\IntelliJ IDEA 2022.3.3\bin -Dfile.encoding=UTF-8 -Dsun.stdout.encoding=UTF-8 -Dsun.stderr.encoding=UTF-8 --module-path=C:\Users\shara\.m2\repository\org\openjfx\javafx-graphics\17.0.2\javafx-graphics-17.0.2-win.jar;C:\Users\shara\.m2\repository\org\openjfx\javafx-base\17.0.2\javafx-base-17.0.2-win.jar;C:\Users\shara\IdeaProjects\Demo\target\classes;C:\Users\shara\.m2\repository\org\openjfx\javafx-controls\17.0.2\javafx-controls-17.0.2-win.jar;C:\Users\shara\.m2\repository\org\openjfx\javafx-fxml\17.0.2\javafx-fxml-17.0.2-win.jar -Djdk.module.main=sample.demo sample.demo/sample.demo.HelloApplication

Host: Intel(R) Core(TM) i7-8565U CPU @ 1.80GHz, 8 cores, 15G,  Windows 10 , 64 bit Build 19041 (10.0.19041.2788)
Time: Mon Jun  5 19:27:37 2023 Russia TZ 2 Standard Time elapsed time: 31.299255 seconds (0d 0h 0m 31s)

---------------  T H R E A D  ---------------

Current thread (0x00000155411d5e10):  VMThread "VM Thread" [stack: 0x00000025ef700000,0x00000025ef800000] [id=28256]

Stack: [0x00000025ef700000,0x00000025ef800000],  sp=0x00000025ef7ff170,  free space=1020k
Native frames: (J=compiled Java code, j=interpreted, Vv=VM code, C=native code)
C  [glass.dll+0x26ab7]


siginfo: EXCEPTION_ACCESS_VIOLATION (0xc0000005), reading address 0x0000000000000000


Registers:
RAX=0x0000000000000000, RBX=0x00000155411df9a8, RCX=0x00000155411d5e10, RDX=0x00000025ef7ff170
RSP=0x00000025ef7ff170, RBP=0x00000155460bbc58, RSI=0x00000155460bbc30, RDI=0x0000fc497830f170
R8 =0x0000000000010002, R9 =0x0000fc497830f170, R10=0x0000000000008000, R11=0x00000025ef7ff100
R12=0x00007ffbe5bd4384, R13=0x00007ffba21dea90, R14=0x00000025ef7ff268, R15=0x00000155460bbc30
RIP=0x00007ffbe5bd6ab7, EFLAGS=0x0000000000010202


Register to memory mapping:

RIP=0x00007ffbe5bd6ab7 glass.dll
RAX=0x0 is NULL
RBX=0x00000155411df9a8 is a global jni handle
RCX=0x00000155411d5e10 points into unknown readable memory: 0x00007ffba2007080 | 80 70 00 a2 fb 7f 00 00
RDX=0x00000025ef7ff170 points into unknown readable memory: 0x0000000000000000 | 00 00 00 00 00 00 00 00
RSP=0x00000025ef7ff170 points into unknown readable memory: 0x0000000000000000 | 00 00 00 00 00 00 00 00
RBP=0x00000155460bbc58 points into unknown readable memory: 0x0000fc497830f170 | 70 f1 30 78 49 fc 00 00
RSI=0x00000155460bbc30 points into unknown readable memory: 0x3e9cfc4907cb14cd | cd 14 cb 07 49 fc 9c 3e
RDI=0x0000fc497830f170 is an unknown value
R8 =0x0000000000010002 is an unknown value
R9 =0x0000fc497830f170 is an unknown value
R10=0x0000000000008000 is an unknown value
R11=0x00000025ef7ff100 points into unknown readable memory: 0x00000155460bbc30 | 30 bc 0b 46 55 01 00 00
R12=0x00007ffbe5bd4384 glass.dll
R13=0x00007ffba21dea90 jvm.dll
R14=0x00000025ef7ff268 points into unknown readable memory: 0x00000025ef7ff250 | 50 f2 7f ef 25 00 00 00
R15=0x00000155460bbc30 points into unknown readable memory: 0x3e9cfc4907cb14cd | cd 14 cb 07 49 fc 9c 3e


Top of Stack: (sp=0x00000025ef7ff170)
0x00000025ef7ff170:   0000000000000000 00000155460bbc30
0x00000025ef7ff180:   00007ffba21dea90 00007ffbe5bd4384
0x00000025ef7ff190:   00000155460bbc38 00007ffc182b42d6
0x00000025ef7ff1a0:   0000fc497830f170 0000015500000000
0x00000025ef7ff1b0:   00000155460bbc58 00000155460bbc30
0x00000025ef7ff1c0:   fffffffffffffffe 0000000000000000
0x00000025ef7ff1d0:   0000000000000001 00007ffbe5bb0000
0x00000025ef7ff1e0:   00000025ef7ff258 00007ffc182b41fb
0x00000025ef7ff1f0:   0000000000000000 00000025ef7ff268
0x00000025ef7ff200:   00000025ef7ff530 00007ffc18390e40
0x00000025ef7ff210:   0000000000000001 00007ffc182b41b4
0x00000025ef7ff220:   0000000000000000 0000000000000001
0x00000025ef7ff230:   00007ffb00000001 00000025ef7ff258
0x00000025ef7ff240:   0000000000000000 00007ffbe5bd4211
0x00000025ef7ff250:   00007ffbe5bea138 00007ffc00000002
0x00000025ef7ff260:   0000000000000002 00000025ef7ff250
0x00000025ef7ff270:   0000000000000000 00007ffc1a389993
0x00000025ef7ff280:   0000000000000000 00007ffbe5bd4336
0x00000025ef7ff290:   0000000000000001 0000000000000000
0x00000025ef7ff2a0:   0000000000000000 0000000000000001
0x00000025ef7ff2b0:   0000000000000000 0000000000000000
0x00000025ef7ff2c0:   0000000000000001 000046167a73df32
0x00000025ef7ff2d0:   00007ffbe5bb0000 000000007ffe0384
0x00000025ef7ff2e0:   0000000000000000 00007ffc1a389a1d
0x00000025ef7ff2f0:   00007ffbe5bb0000 0000000000000000
0x00000025ef7ff300:   0000000000000001 000000007ffe0385
0x00000025ef7ff310:   0000000002360fb8 00000025ef7ff530
0x00000025ef7ff320:   0000461600000000 0000000000000014
0x00000025ef7ff330:   0000000000000000 00007ffbe5bd4384
0x00000025ef7ff340:   00000000000003d8 0000015545e65e40
0x00000025ef7ff350:   00000155411c8600 00007ffc1a3cdcec
0x00000025ef7ff360:   0000015545e65cf0 00007ffbe5bb0000 

Instructions: (pc=0x00007ffbe5bd6ab7)
0x00007ffbe5bd69b7:   8b 4d 58 e8 01 cf ff ff 48 8b 4d 60 e8 f8 ce ff
0x00007ffbe5bd69c7:   ff 48 8b 95 80 00 00 00 48 8b 8d 18 01 00 00 e8
0x00007ffbe5bd69d7:   c6 c3 ff ff 33 d2 33 c9 e8 3c e1 ff ff 90 48 89
0x00007ffbe5bd69e7:   54 24 10 55 48 83 ec 20 48 8b ea 48 b8 00 00 00
0x00007ffbe5bd69f7:   00 00 00 00 00 48 83 c4 20 5d c3 cc 40 55 48 8b
0x00007ffbe5bd6a07:   ea 48 8b 01 33 c9 81 38 05 00 00 c0 0f 94 c1 8b
0x00007ffbe5bd6a17:   c1 5d c3 cc 40 55 48 83 ec 20 48 8b ea 8a 4d 40
0x00007ffbe5bd6a27:   48 83 c4 20 5d e9 f7 d2 ff ff cc 40 55 48 83 ec
0x00007ffbe5bd6a37:   20 48 8b ea 8a 4d 20 e8 e5 d2 ff ff 90 48 83 c4
0x00007ffbe5bd6a47:   20 5d c3 cc 40 55 48 83 ec 20 48 8b ea 48 83 c4
0x00007ffbe5bd6a57:   20 5d e9 46 d1 ff ff cc 40 55 48 83 ec 30 48 8b
0x00007ffbe5bd6a67:   ea 48 8b 01 8b 10 48 89 4c 24 28 89 54 24 20 4c
0x00007ffbe5bd6a77:   8d 0d e7 d5 ff ff 4c 8b 45 70 8b 55 68 48 8b 4d
0x00007ffbe5bd6a87:   60 e8 87 d0 ff ff 90 48 83 c4 30 5d c3 cc cc cc
0x00007ffbe5bd6a97:   cc cc cc cc cc cc cc cc cc 40 53 48 83 ec 20 48
0x00007ffbe5bd6aa7:   8b 1d 83 30 01 00 48 85 db 74 16 e8 09 8b ff ff
0x00007ffbe5bd6ab7:   4c 8b 00 48 8b d3 48 8b c8 41 ff 90 b0 00 00 00
0x00007ffbe5bd6ac7:   90 48 83 c4 20 5b c3 cc cc 40 53 48 83 ec 20 48
0x00007ffbe5bd6ad7:   8b 1d fb 31 01 00 48 85 db 74 57 b8 ff ff ff ff
0x00007ffbe5bd6ae7:   f0 0f c1 43 10 83 f8 01 75 3d 48 85 db 74 38 48
0x00007ffbe5bd6af7:   8b 0b 48 85 c9 74 0d ff 15 a4 07 00 00 48 c7 03
0x00007ffbe5bd6b07:   00 00 00 00 48 8b 4b 08 48 85 c9 74 0d e8 a7 cd
0x00007ffbe5bd6b17:   ff ff 48 c7 43 08 00 00 00 00 ba 18 00 00 00 48
0x00007ffbe5bd6b27:   8b cb e8 92 cd ff ff 48 c7 05 9f 31 01 00 00 00
0x00007ffbe5bd6b37:   00 00 48 83 c4 20 5b c3 cc 40 53 48 83 ec 20 48
0x00007ffbe5bd6b47:   8b 1d 6b 31 01 00 48 85 db 74 57 b8 ff ff ff ff
0x00007ffbe5bd6b57:   f0 0f c1 43 10 83 f8 01 75 3d 48 85 db 74 38 48
0x00007ffbe5bd6b67:   8b 0b 48 85 c9 74 0d ff 15 34 07 00 00 48 c7 03
0x00007ffbe5bd6b77:   00 00 00 00 48 8b 4b 08 48 85 c9 74 0d e8 37 cd
0x00007ffbe5bd6b87:   ff ff 48 c7 43 08 00 00 00 00 ba 18 00 00 00 48
0x00007ffbe5bd6b97:   8b cb e8 22 cd ff ff 48 c7 05 0f 31 01 00 00 00
0x00007ffbe5bd6ba7:   00 00 48 83 c4 20 5b c3 cc 40 53 48 83 ec 20 48 


Stack slot to memory mapping:
stack at sp + 0 slots: 0x0 is NULL
stack at sp + 1 slots: 0x00000155460bbc30 points into unknown readable memory: 0x3e9cfc4907cb14cd | cd 14 cb 07 49 fc 9c 3e
stack at sp + 2 slots: 0x00007ffba21dea90 jvm.dll
stack at sp + 3 slots: 0x00007ffbe5bd4384 glass.dll
stack at sp + 4 slots: 0x00000155460bbc38 points into unknown readable memory: 0x0000fc497830f170 | 70 f1 30 78 49 fc 00 00
stack at sp + 5 slots: 0x00007ffc182b42d6 ucrtbase.dll
stack at sp + 6 slots: 0x0000fc497830f170 is an unknown value
stack at sp + 7 slots: 0x0000015500000000 is an unknown value

VM_Operation (0x00000025f01fef50): Exit, mode: safepoint, requested by thread 0x00000155466c15a0


---------------  P R O C E S S  ---------------

Threads class SMR info:
_java_thread_list=0x000001554e038850, length=19, elements={
0x0000015521c7b350, 0x00000155411f2f70, 0x00000155411f3d70, 0x00000155411f6a20,
0x00000155411fa480, 0x00000155411fe8a0, 0x0000015541203a00, 0x0000015541204380,
0x00000155411fe350, 0x00000155411fedf0, 0x00000155411ff340, 0x00000155411fc8c0,
0x00000155411fbe20, 0x00000155411fc370, 0x00000155411fd360, 0x00000155411fd8b0,
0x00000155466c0060, 0x00000155466bfb10, 0x00000155466c15a0
}

Java Threads: ( => current thread )
  0x0000015521c7b350 JavaThread "main" [_thread_blocked, id=1048, stack(0x00000025ef100000,0x00000025ef200000)]
  0x00000155411f2f70 JavaThread "Reference Handler" daemon [_thread_blocked, id=23596, stack(0x00000025ef800000,0x00000025ef900000)]
  0x00000155411f3d70 JavaThread "Finalizer" daemon [_thread_blocked, id=26404, stack(0x00000025ef900000,0x00000025efa00000)]
  0x00000155411f6a20 JavaThread "Attach Listener" daemon [_thread_blocked, id=17220, stack(0x00000025efb00000,0x00000025efc00000)]
  0x00000155411fa480 JavaThread "Service Thread" daemon [_thread_blocked, id=26992, stack(0x00000025efc00000,0x00000025efd00000)]
  0x00000155411fe8a0 JavaThread "Monitor Deflation Thread" daemon [_thread_blocked, id=7628, stack(0x00000025efd00000,0x00000025efe00000)]
  0x0000015541203a00 JavaThread "C2 CompilerThread0" daemon [_thread_blocked, id=16888, stack(0x00000025efe00000,0x00000025eff00000)]
  0x0000015541204380 JavaThread "C1 CompilerThread0" daemon [_thread_blocked, id=30640, stack(0x00000025eff00000,0x00000025f0000000)]
  0x00000155411fe350 JavaThread "Common-Cleaner" daemon [_thread_blocked, id=19664, stack(0x00000025f0000000,0x00000025f0100000)]
  0x00000155411fedf0 JavaThread "Monitor Ctrl-Break" daemon [_thread_in_native, id=21312, stack(0x00000025f0300000,0x00000025f0400000)]
  0x00000155411ff340 JavaThread "Notification Thread" daemon [_thread_blocked, id=27912, stack(0x00000025f0400000,0x00000025f0500000)]
  0x00000155411fc8c0 JavaThread "QuantumRenderer-0" daemon [_thread_blocked, id=9260, stack(0x00000025f0600000,0x00000025f0700000)]
  0x00000155411fbe20 JavaThread "InvokeLaterDispatcher" daemon [_thread_blocked, id=28140, stack(0x00000025f0700000,0x00000025f0800000)]
  0x00000155411fc370 JavaThread "JavaFX Application Thread" [_thread_in_native, id=32752, stack(0x00000025f0800000,0x00000025f0900000)]
  0x00000155411fd360 JavaThread "Thread-1" daemon [_thread_in_native, id=30524, stack(0x00000025f0200000,0x00000025f0300000)]
  0x00000155411fd8b0 JavaThread "JavaFX-Launcher" [_thread_blocked, id=25144, stack(0x00000025f0c00000,0x00000025f0d00000)]
  0x00000155466c0060 JavaThread "Prism Font Disposer" daemon [_thread_blocked, id=32312, stack(0x00000025f1500000,0x00000025f1600000)]
  0x00000155466bfb10 JavaThread "Cleaner-0" daemon [_thread_blocked, id=23016, stack(0x00000025f1600000,0x00000025f1700000)]
  0x00000155466c15a0 JavaThread "SIGINT handler" daemon [_thread_blocked, id=27364, stack(0x00000025f0100000,0x00000025f0200000)]

Other Threads:
=>0x00000155411d5e10 VMThread "VM Thread" [stack: 0x00000025ef700000,0x00000025ef800000] [id=28256]
  0x0000015521ce9700 WorkerThread "GC Thread#0" [stack: 0x00000025ef200000,0x00000025ef300000] [id=18520]
  0x00000155461a2a80 WorkerThread "GC Thread#1" [stack: 0x00000025f0d00000,0x00000025f0e00000] [id=24648]
  0x000001554615cad0 WorkerThread "GC Thread#2" [stack: 0x00000025f0e00000,0x00000025f0f00000] [id=7832]
  0x000001554617e550 WorkerThread "GC Thread#3" [stack: 0x00000025f0f00000,0x00000025f1000000] [id=32408]
  0x0000015546183d00 WorkerThread "GC Thread#4" [stack: 0x00000025f1000000,0x00000025f1100000] [id=32388]
  0x00000155461820e0 WorkerThread "GC Thread#5" [stack: 0x00000025f1100000,0x00000025f1200000] [id=16784]
  0x0000015546182ef0 WorkerThread "GC Thread#6" [stack: 0x00000025f1a00000,0x00000025f1b00000] [id=24252]
  0x0000015546182c20 WorkerThread "GC Thread#7" [stack: 0x00000025f1b00000,0x00000025f1c00000] [id=17216]
  0x0000015521cfa5b0 ConcurrentGCThread "G1 Main Marker" terminated
  0x0000015521cfc790 WorkerThread "G1 Conc#0" [stack: 0x00000025ef400000,0x00000025ef500000] [id=16792]
  0x0000015541091540 ConcurrentGCThread "G1 Refine#0" terminated
  0x0000015521d4e1c0 ConcurrentGCThread "G1 Service" terminated

Threads with active compile tasks:

VM state: at safepoint (shutting down)

VM Mutex/Monitor currently owned by a thread:  ([mutex/lock_event])
[0x0000015521c77150] Threads_lock - owner thread: 0x00000155411d5e10
[0x0000015521c78c50] Heap_lock - owner thread: 0x00000155466c15a0

Heap address: 0x0000000702000000, size: 4064 MB, Compressed Oops mode: Zero based, Oop shift amount: 3

CDS archive(s) mapped at: [0x0000000800000000-0x0000000800c60000-0x0000000800c60000), size 12976128, SharedBaseAddress: 0x0000000800000000, ArchiveRelocationMode: 0.
Compressed class space mapped at: 0x0000000801000000-0x0000000841000000, reserved size: 1073741824
Narrow klass base: 0x0000000800000000, Narrow klass shift: 0, Narrow klass range: 0x100000000

GC Precious Log:
 CardTable entry size: 512
 Card Set container configuration: InlinePtr #cards 4 size 8 Array Of Cards #cards 16 size 48 Howl #buckets 8 coarsen threshold 3686 Howl Bitmap #cards 512 size 80 coarsen threshold 460 Card regions per heap region 1 cards per card region 4096
 CPUs: 8 total, 8 available
 Memory: 16254M
 Large Page Support: Disabled
 NUMA Support: Disabled
 Compressed Oops: Enabled (Zero based)
 Heap Region Size: 2M
 Heap Min Capacity: 8M
 Heap Initial Capacity: 254M
 Heap Max Capacity: 4064M
 Pre-touch: Disabled
 Parallel Workers: 8
 Concurrent Workers: 2
 Concurrent Refinement Workers: 8
 Periodic GC: Disabled

Heap:
 garbage-first heap   total 260096K, used 20184K [0x0000000702000000, 0x0000000800000000)
  region size 2048K, 9 young (18432K), 3 survivors (6144K)
 Metaspace       used 17299K, committed 17664K, reserved 1114112K
  class space    used 2475K, committed 2624K, reserved 1048576K

Heap Regions: E=young(eden), S=young(survivor), O=old, HS=humongous(starts), HC=humongous(continues), CS=collection set, F=free, OA=open archive, CA=closed archive, TAMS=top-at-mark-start, PB=parsable bottom
|   0|0x0000000702000000, 0x0000000702200000, 0x0000000702200000|100%|HS|  |TAMS 0x0000000702000000| PB 0x0000000702000000| Complete 
|   1|0x0000000702200000, 0x00000007023b6208, 0x0000000702400000| 85%| O|  |TAMS 0x0000000702200000| PB 0x0000000702200000| Untracked 
|   2|0x0000000702400000, 0x0000000702400000, 0x0000000702600000|  0%| F|  |TAMS 0x0000000702400000| PB 0x0000000702400000| Untracked 
|   3|0x0000000702600000, 0x0000000702600000, 0x0000000702800000|  0%| F|  |TAMS 0x0000000702600000| PB 0x0000000702600000| Untracked 
|   4|0x0000000702800000, 0x0000000702800000, 0x0000000702a00000|  0%| F|  |TAMS 0x0000000702800000| PB 0x0000000702800000| Untracked 
|   5|0x0000000702a00000, 0x0000000702a00000, 0x0000000702c00000|  0%| F|  |TAMS 0x0000000702a00000| PB 0x0000000702a00000| Untracked 
|   6|0x0000000702c00000, 0x0000000702c00000, 0x0000000702e00000|  0%| F|  |TAMS 0x0000000702c00000| PB 0x0000000702c00000| Untracked 
|   7|0x0000000702e00000, 0x0000000702e00000, 0x0000000703000000|  0%| F|  |TAMS 0x0000000702e00000| PB 0x0000000702e00000| Untracked 
|   8|0x0000000703000000, 0x0000000703000000, 0x0000000703200000|  0%| F|  |TAMS 0x0000000703000000| PB 0x0000000703000000| Untracked 
|   9|0x0000000703200000, 0x0000000703200000, 0x0000000703400000|  0%| F|  |TAMS 0x0000000703200000| PB 0x0000000703200000| Untracked 
|  10|0x0000000703400000, 0x0000000703400000, 0x0000000703600000|  0%| F|  |TAMS 0x0000000703400000| PB 0x0000000703400000| Untracked 
|  11|0x0000000703600000, 0x0000000703600000, 0x0000000703800000|  0%| F|  |TAMS 0x0000000703600000| PB 0x0000000703600000| Untracked 
|  12|0x0000000703800000, 0x0000000703800000, 0x0000000703a00000|  0%| F|  |TAMS 0x0000000703800000| PB 0x0000000703800000| Untracked 
|  13|0x0000000703a00000, 0x0000000703a00000, 0x0000000703c00000|  0%| F|  |TAMS 0x0000000703a00000| PB 0x0000000703a00000| Untracked 
|  14|0x0000000703c00000, 0x0000000703c00000, 0x0000000703e00000|  0%| F|  |TAMS 0x0000000703c00000| PB 0x0000000703c00000| Untracked 
|  15|0x0000000703e00000, 0x0000000703e00000, 0x0000000704000000|  0%| F|  |TAMS 0x0000000703e00000| PB 0x0000000703e00000| Untracked 
|  16|0x0000000704000000, 0x0000000704000000, 0x0000000704200000|  0%| F|  |TAMS 0x0000000704000000| PB 0x0000000704000000| Untracked 
|  17|0x0000000704200000, 0x0000000704200000, 0x0000000704400000|  0%| F|  |TAMS 0x0000000704200000| PB 0x0000000704200000| Untracked 
|  18|0x0000000704400000, 0x0000000704400000, 0x0000000704600000|  0%| F|  |TAMS 0x0000000704400000| PB 0x0000000704400000| Untracked 
|  19|0x0000000704600000, 0x0000000704600000, 0x0000000704800000|  0%| F|  |TAMS 0x0000000704600000| PB 0x0000000704600000| Untracked 
|  20|0x0000000704800000, 0x0000000704800000, 0x0000000704a00000|  0%| F|  |TAMS 0x0000000704800000| PB 0x0000000704800000| Untracked 
|  21|0x0000000704a00000, 0x0000000704a00000, 0x0000000704c00000|  0%| F|  |TAMS 0x0000000704a00000| PB 0x0000000704a00000| Untracked 
|  22|0x0000000704c00000, 0x0000000704c00000, 0x0000000704e00000|  0%| F|  |TAMS 0x0000000704c00000| PB 0x0000000704c00000| Untracked 
|  23|0x0000000704e00000, 0x0000000704e00000, 0x0000000705000000|  0%| F|  |TAMS 0x0000000704e00000| PB 0x0000000704e00000| Untracked 
|  24|0x0000000705000000, 0x0000000705000000, 0x0000000705200000|  0%| F|  |TAMS 0x0000000705000000| PB 0x0000000705000000| Untracked 
|  25|0x0000000705200000, 0x0000000705200000, 0x0000000705400000|  0%| F|  |TAMS 0x0000000705200000| PB 0x0000000705200000| Untracked 
|  26|0x0000000705400000, 0x0000000705400000, 0x0000000705600000|  0%| F|  |TAMS 0x0000000705400000| PB 0x0000000705400000| Untracked 
|  27|0x0000000705600000, 0x0000000705600000, 0x0000000705800000|  0%| F|  |TAMS 0x0000000705600000| PB 0x0000000705600000| Untracked 
|  28|0x0000000705800000, 0x0000000705800000, 0x0000000705a00000|  0%| F|  |TAMS 0x0000000705800000| PB 0x0000000705800000| Untracked 
|  29|0x0000000705a00000, 0x0000000705a00000, 0x0000000705c00000|  0%| F|  |TAMS 0x0000000705a00000| PB 0x0000000705a00000| Untracked 
|  30|0x0000000705c00000, 0x0000000705c00000, 0x0000000705e00000|  0%| F|  |TAMS 0x0000000705c00000| PB 0x0000000705c00000| Untracked 
|  31|0x0000000705e00000, 0x0000000705e00000, 0x0000000706000000|  0%| F|  |TAMS 0x0000000705e00000| PB 0x0000000705e00000| Untracked 
|  32|0x0000000706000000, 0x0000000706000000, 0x0000000706200000|  0%| F|  |TAMS 0x0000000706000000| PB 0x0000000706000000| Untracked 
|  33|0x0000000706200000, 0x0000000706200000, 0x0000000706400000|  0%| F|  |TAMS 0x0000000706200000| PB 0x0000000706200000| Untracked 
|  34|0x0000000706400000, 0x0000000706400000, 0x0000000706600000|  0%| F|  |TAMS 0x0000000706400000| PB 0x0000000706400000| Untracked 
|  35|0x0000000706600000, 0x0000000706600000, 0x0000000706800000|  0%| F|  |TAMS 0x0000000706600000| PB 0x0000000706600000| Untracked 
|  36|0x0000000706800000, 0x0000000706800000, 0x0000000706a00000|  0%| F|  |TAMS 0x0000000706800000| PB 0x0000000706800000| Untracked 
|  37|0x0000000706a00000, 0x0000000706a00000, 0x0000000706c00000|  0%| F|  |TAMS 0x0000000706a00000| PB 0x0000000706a00000| Untracked 
|  38|0x0000000706c00000, 0x0000000706c00000, 0x0000000706e00000|  0%| F|  |TAMS 0x0000000706c00000| PB 0x0000000706c00000| Untracked 
|  39|0x0000000706e00000, 0x0000000706e00000, 0x0000000707000000|  0%| F|  |TAMS 0x0000000706e00000| PB 0x0000000706e00000| Untracked 
|  40|0x0000000707000000, 0x0000000707000000, 0x0000000707200000|  0%| F|  |TAMS 0x0000000707000000| PB 0x0000000707000000| Untracked 
|  41|0x0000000707200000, 0x0000000707200000, 0x0000000707400000|  0%| F|  |TAMS 0x0000000707200000| PB 0x0000000707200000| Untracked 
|  42|0x0000000707400000, 0x0000000707400000, 0x0000000707600000|  0%| F|  |TAMS 0x0000000707400000| PB 0x0000000707400000| Untracked 
|  43|0x0000000707600000, 0x0000000707600000, 0x0000000707800000|  0%| F|  |TAMS 0x0000000707600000| PB 0x0000000707600000| Untracked 
|  44|0x0000000707800000, 0x0000000707800000, 0x0000000707a00000|  0%| F|  |TAMS 0x0000000707800000| PB 0x0000000707800000| Untracked 
|  45|0x0000000707a00000, 0x0000000707a00000, 0x0000000707c00000|  0%| F|  |TAMS 0x0000000707a00000| PB 0x0000000707a00000| Untracked 
|  46|0x0000000707c00000, 0x0000000707c00000, 0x0000000707e00000|  0%| F|  |TAMS 0x0000000707c00000| PB 0x0000000707c00000| Untracked 
|  47|0x0000000707e00000, 0x0000000707e00000, 0x0000000708000000|  0%| F|  |TAMS 0x0000000707e00000| PB 0x0000000707e00000| Untracked 
|  48|0x0000000708000000, 0x0000000708000000, 0x0000000708200000|  0%| F|  |TAMS 0x0000000708000000| PB 0x0000000708000000| Untracked 
|  49|0x0000000708200000, 0x0000000708200000, 0x0000000708400000|  0%| F|  |TAMS 0x0000000708200000| PB 0x0000000708200000| Untracked 
|  50|0x0000000708400000, 0x0000000708400000, 0x0000000708600000|  0%| F|  |TAMS 0x0000000708400000| PB 0x0000000708400000| Untracked 
|  51|0x0000000708600000, 0x0000000708600000, 0x0000000708800000|  0%| F|  |TAMS 0x0000000708600000| PB 0x0000000708600000| Untracked 
|  52|0x0000000708800000, 0x0000000708800000, 0x0000000708a00000|  0%| F|  |TAMS 0x0000000708800000| PB 0x0000000708800000| Untracked 
|  53|0x0000000708a00000, 0x0000000708a00000, 0x0000000708c00000|  0%| F|  |TAMS 0x0000000708a00000| PB 0x0000000708a00000| Untracked 
|  54|0x0000000708c00000, 0x0000000708c00000, 0x0000000708e00000|  0%| F|  |TAMS 0x0000000708c00000| PB 0x0000000708c00000| Untracked 
|  55|0x0000000708e00000, 0x0000000708e00000, 0x0000000709000000|  0%| F|  |TAMS 0x0000000708e00000| PB 0x0000000708e00000| Untracked 
|  56|0x0000000709000000, 0x0000000709000000, 0x0000000709200000|  0%| F|  |TAMS 0x0000000709000000| PB 0x0000000709000000| Untracked 
|  57|0x0000000709200000, 0x0000000709200000, 0x0000000709400000|  0%| F|  |TAMS 0x0000000709200000| PB 0x0000000709200000| Untracked 
|  58|0x0000000709400000, 0x0000000709400000, 0x0000000709600000|  0%| F|  |TAMS 0x0000000709400000| PB 0x0000000709400000| Untracked 
|  59|0x0000000709600000, 0x0000000709600000, 0x0000000709800000|  0%| F|  |TAMS 0x0000000709600000| PB 0x0000000709600000| Untracked 
|  60|0x0000000709800000, 0x0000000709800000, 0x0000000709a00000|  0%| F|  |TAMS 0x0000000709800000| PB 0x0000000709800000| Untracked 
|  61|0x0000000709a00000, 0x0000000709a00000, 0x0000000709c00000|  0%| F|  |TAMS 0x0000000709a00000| PB 0x0000000709a00000| Untracked 
|  62|0x0000000709c00000, 0x0000000709c00000, 0x0000000709e00000|  0%| F|  |TAMS 0x0000000709c00000| PB 0x0000000709c00000| Untracked 
|  63|0x0000000709e00000, 0x0000000709e00000, 0x000000070a000000|  0%| F|  |TAMS 0x0000000709e00000| PB 0x0000000709e00000| Untracked 
|  64|0x000000070a000000, 0x000000070a000000, 0x000000070a200000|  0%| F|  |TAMS 0x000000070a000000| PB 0x000000070a000000| Untracked 
|  65|0x000000070a200000, 0x000000070a200000, 0x000000070a400000|  0%| F|  |TAMS 0x000000070a200000| PB 0x000000070a200000| Untracked 
|  66|0x000000070a400000, 0x000000070a400000, 0x000000070a600000|  0%| F|  |TAMS 0x000000070a400000| PB 0x000000070a400000| Untracked 
|  67|0x000000070a600000, 0x000000070a600000, 0x000000070a800000|  0%| F|  |TAMS 0x000000070a600000| PB 0x000000070a600000| Untracked 
|  68|0x000000070a800000, 0x000000070a800000, 0x000000070aa00000|  0%| F|  |TAMS 0x000000070a800000| PB 0x000000070a800000| Untracked 
|  69|0x000000070aa00000, 0x000000070aa00000, 0x000000070ac00000|  0%| F|  |TAMS 0x000000070aa00000| PB 0x000000070aa00000| Untracked 
|  70|0x000000070ac00000, 0x000000070ac00000, 0x000000070ae00000|  0%| F|  |TAMS 0x000000070ac00000| PB 0x000000070ac00000| Untracked 
|  71|0x000000070ae00000, 0x000000070ae00000, 0x000000070b000000|  0%| F|  |TAMS 0x000000070ae00000| PB 0x000000070ae00000| Untracked 
|  72|0x000000070b000000, 0x000000070b000000, 0x000000070b200000|  0%| F|  |TAMS 0x000000070b000000| PB 0x000000070b000000| Untracked 
|  73|0x000000070b200000, 0x000000070b200000, 0x000000070b400000|  0%| F|  |TAMS 0x000000070b200000| PB 0x000000070b200000| Untracked 
|  74|0x000000070b400000, 0x000000070b400000, 0x000000070b600000|  0%| F|  |TAMS 0x000000070b400000| PB 0x000000070b400000| Untracked 
|  75|0x000000070b600000, 0x000000070b600000, 0x000000070b800000|  0%| F|  |TAMS 0x000000070b600000| PB 0x000000070b600000| Untracked 
|  76|0x000000070b800000, 0x000000070b800000, 0x000000070ba00000|  0%| F|  |TAMS 0x000000070b800000| PB 0x000000070b800000| Untracked 
|  77|0x000000070ba00000, 0x000000070ba00000, 0x000000070bc00000|  0%| F|  |TAMS 0x000000070ba00000| PB 0x000000070ba00000| Untracked 
|  78|0x000000070bc00000, 0x000000070bc00000, 0x000000070be00000|  0%| F|  |TAMS 0x000000070bc00000| PB 0x000000070bc00000| Untracked 
|  79|0x000000070be00000, 0x000000070be00000, 0x000000070c000000|  0%| F|  |TAMS 0x000000070be00000| PB 0x000000070be00000| Untracked 
|  80|0x000000070c000000, 0x000000070c000000, 0x000000070c200000|  0%| F|  |TAMS 0x000000070c000000| PB 0x000000070c000000| Untracked 
|  81|0x000000070c200000, 0x000000070c200000, 0x000000070c400000|  0%| F|  |TAMS 0x000000070c200000| PB 0x000000070c200000| Untracked 
|  82|0x000000070c400000, 0x000000070c400000, 0x000000070c600000|  0%| F|  |TAMS 0x000000070c400000| PB 0x000000070c400000| Untracked 
|  83|0x000000070c600000, 0x000000070c600000, 0x000000070c800000|  0%| F|  |TAMS 0x000000070c600000| PB 0x000000070c600000| Untracked 
|  84|0x000000070c800000, 0x000000070c800000, 0x000000070ca00000|  0%| F|  |TAMS 0x000000070c800000| PB 0x000000070c800000| Untracked 
|  85|0x000000070ca00000, 0x000000070ca00000, 0x000000070cc00000|  0%| F|  |TAMS 0x000000070ca00000| PB 0x000000070ca00000| Untracked 
|  86|0x000000070cc00000, 0x000000070cc00000, 0x000000070ce00000|  0%| F|  |TAMS 0x000000070cc00000| PB 0x000000070cc00000| Untracked 
|  87|0x000000070ce00000, 0x000000070ce00000, 0x000000070d000000|  0%| F|  |TAMS 0x000000070ce00000| PB 0x000000070ce00000| Untracked 
|  88|0x000000070d000000, 0x000000070d000000, 0x000000070d200000|  0%| F|  |TAMS 0x000000070d000000| PB 0x000000070d000000| Untracked 
|  89|0x000000070d200000, 0x000000070d200000, 0x000000070d400000|  0%| F|  |TAMS 0x000000070d200000| PB 0x000000070d200000| Untracked 
|  90|0x000000070d400000, 0x000000070d400000, 0x000000070d600000|  0%| F|  |TAMS 0x000000070d400000| PB 0x000000070d400000| Untracked 
|  91|0x000000070d600000, 0x000000070d600000, 0x000000070d800000|  0%| F|  |TAMS 0x000000070d600000| PB 0x000000070d600000| Untracked 
|  92|0x000000070d800000, 0x000000070d800000, 0x000000070da00000|  0%| F|  |TAMS 0x000000070d800000| PB 0x000000070d800000| Untracked 
|  93|0x000000070da00000, 0x000000070da00000, 0x000000070dc00000|  0%| F|  |TAMS 0x000000070da00000| PB 0x000000070da00000| Untracked 
|  94|0x000000070dc00000, 0x000000070dc00000, 0x000000070de00000|  0%| F|  |TAMS 0x000000070dc00000| PB 0x000000070dc00000| Untracked 
|  95|0x000000070de00000, 0x000000070de00000, 0x000000070e000000|  0%| F|  |TAMS 0x000000070de00000| PB 0x000000070de00000| Untracked 
|  96|0x000000070e000000, 0x000000070e000000, 0x000000070e200000|  0%| F|  |TAMS 0x000000070e000000| PB 0x000000070e000000| Untracked 
|  97|0x000000070e200000, 0x000000070e200000, 0x000000070e400000|  0%| F|  |TAMS 0x000000070e200000| PB 0x000000070e200000| Untracked 
|  98|0x000000070e400000, 0x000000070e400000, 0x000000070e600000|  0%| F|  |TAMS 0x000000070e400000| PB 0x000000070e400000| Untracked 
|  99|0x000000070e600000, 0x000000070e600000, 0x000000070e800000|  0%| F|  |TAMS 0x000000070e600000| PB 0x000000070e600000| Untracked 
| 100|0x000000070e800000, 0x000000070e800000, 0x000000070ea00000|  0%| F|  |TAMS 0x000000070e800000| PB 0x000000070e800000| Untracked 
| 101|0x000000070ea00000, 0x000000070ea00000, 0x000000070ec00000|  0%| F|  |TAMS 0x000000070ea00000| PB 0x000000070ea00000| Untracked 
| 102|0x000000070ec00000, 0x000000070ec00000, 0x000000070ee00000|  0%| F|  |TAMS 0x000000070ec00000| PB 0x000000070ec00000| Untracked 
| 103|0x000000070ee00000, 0x000000070f000000, 0x000000070f000000|100%| S|CS|TAMS 0x000000070ee00000| PB 0x000000070ee00000| Complete 
| 104|0x000000070f000000, 0x000000070f200000, 0x000000070f200000|100%| S|CS|TAMS 0x000000070f000000| PB 0x000000070f000000| Complete 
| 105|0x000000070f200000, 0x000000070f400000, 0x000000070f400000|100%| S|CS|TAMS 0x000000070f200000| PB 0x000000070f200000| Complete 
| 106|0x000000070f400000, 0x000000070f400000, 0x000000070f600000|  0%| F|  |TAMS 0x000000070f400000| PB 0x000000070f400000| Untracked 
| 107|0x000000070f600000, 0x000000070f600000, 0x000000070f800000|  0%| F|  |TAMS 0x000000070f600000| PB 0x000000070f600000| Untracked 
| 108|0x000000070f800000, 0x000000070f800000, 0x000000070fa00000|  0%| F|  |TAMS 0x000000070f800000| PB 0x000000070f800000| Untracked 
| 109|0x000000070fa00000, 0x000000070fa00000, 0x000000070fc00000|  0%| F|  |TAMS 0x000000070fa00000| PB 0x000000070fa00000| Untracked 
| 110|0x000000070fc00000, 0x000000070fc00000, 0x000000070fe00000|  0%| F|  |TAMS 0x000000070fc00000| PB 0x000000070fc00000| Untracked 
| 111|0x000000070fe00000, 0x000000070fe00000, 0x0000000710000000|  0%| F|  |TAMS 0x000000070fe00000| PB 0x000000070fe00000| Untracked 
| 112|0x0000000710000000, 0x0000000710000000, 0x0000000710200000|  0%| F|  |TAMS 0x0000000710000000| PB 0x0000000710000000| Untracked 
| 113|0x0000000710200000, 0x0000000710200000, 0x0000000710400000|  0%| F|  |TAMS 0x0000000710200000| PB 0x0000000710200000| Untracked 
| 114|0x0000000710400000, 0x0000000710400000, 0x0000000710600000|  0%| F|  |TAMS 0x0000000710400000| PB 0x0000000710400000| Untracked 
| 115|0x0000000710600000, 0x0000000710600000, 0x0000000710800000|  0%| F|  |TAMS 0x0000000710600000| PB 0x0000000710600000| Untracked 
| 116|0x0000000710800000, 0x0000000710800000, 0x0000000710a00000|  0%| F|  |TAMS 0x0000000710800000| PB 0x0000000710800000| Untracked 
| 117|0x0000000710a00000, 0x0000000710a00000, 0x0000000710c00000|  0%| F|  |TAMS 0x0000000710a00000| PB 0x0000000710a00000| Untracked 
| 118|0x0000000710c00000, 0x0000000710c00000, 0x0000000710e00000|  0%| F|  |TAMS 0x0000000710c00000| PB 0x0000000710c00000| Untracked 
| 119|0x0000000710e00000, 0x0000000710e00000, 0x0000000711000000|  0%| F|  |TAMS 0x0000000710e00000| PB 0x0000000710e00000| Untracked 
| 120|0x0000000711000000, 0x0000000711000000, 0x0000000711200000|  0%| F|  |TAMS 0x0000000711000000| PB 0x0000000711000000| Untracked 
| 121|0x0000000711200000, 0x00000007112d3448, 0x0000000711400000| 41%| E|  |TAMS 0x0000000711200000| PB 0x0000000711200000| Complete 
| 122|0x0000000711400000, 0x0000000711600000, 0x0000000711600000|100%| E|CS|TAMS 0x0000000711400000| PB 0x0000000711400000| Complete 
| 123|0x0000000711600000, 0x0000000711800000, 0x0000000711800000|100%| E|CS|TAMS 0x0000000711600000| PB 0x0000000711600000| Complete 
| 124|0x0000000711800000, 0x0000000711a00000, 0x0000000711a00000|100%| E|CS|TAMS 0x0000000711800000| PB 0x0000000711800000| Complete 
| 125|0x0000000711a00000, 0x0000000711c00000, 0x0000000711c00000|100%| E|CS|TAMS 0x0000000711a00000| PB 0x0000000711a00000| Complete 
| 126|0x0000000711c00000, 0x0000000711e00000, 0x0000000711e00000|100%| E|CS|TAMS 0x0000000711c00000| PB 0x0000000711c00000| Complete 

Card table byte_map: [0x0000015539860000,0x000001553a050000] _byte_map_base: 0x0000015536050000

Marking Bits: (CMBitMap*) 0x0000015521ce9d30
 Bits: [0x000001553a840000, 0x000001553e7c0000)

Polling page: 0x0000015521450000

Metaspace:

Usage:
  Non-class:     14.48 MB used.
      Class:      2.42 MB used.
       Both:     16.89 MB used.

Virtual space:
  Non-class space:       64.00 MB reserved,      14.69 MB ( 23%) committed,  1 nodes.
      Class space:        1.00 GB reserved,       2.56 MB ( <1%) committed,  1 nodes.
             Both:        1.06 GB reserved,      17.25 MB (  2%) committed. 

Chunk freelists:
   Non-Class:  1.02 MB
       Class:  1.41 MB
        Both:  2.42 MB

MaxMetaspaceSize: unlimited
CompressedClassSpaceSize: 1.00 GB
Initial GC threshold: 21.00 MB
Current GC threshold: 21.00 MB
CDS: on
MetaspaceReclaimPolicy: balanced
 - commit_granule_bytes: 65536.
 - commit_granule_words: 8192.
 - virtual_space_node_default_size: 8388608.
 - enlarge_chunks_in_place: 1.
 - new_chunks_are_fully_committed: 0.
 - uncommit_free_chunks: 1.
 - use_allocation_guard: 0.


Internal statistics:

num_allocs_failed_limit: 0.
num_arena_births: 404.
num_arena_deaths: 0.
num_vsnodes_births: 2.
num_vsnodes_deaths: 0.
num_space_committed: 276.
num_space_uncommitted: 0.
num_chunks_returned_to_freelist: 0.
num_chunks_taken_from_freelist: 967.
num_chunk_merges: 0.
num_chunk_splits: 654.
num_chunks_enlarged: 470.
num_inconsistent_stats: 0.

CodeHeap 'non-profiled nmethods': size=120000Kb used=1359Kb max_used=1359Kb free=118640Kb
 bounds [0x0000015531810000, 0x0000015531a80000, 0x0000015538d40000]
CodeHeap 'profiled nmethods': size=120000Kb used=5609Kb max_used=5609Kb free=114390Kb
 bounds [0x0000015529d40000, 0x000001552a2c0000, 0x0000015531270000]
CodeHeap 'non-nmethods': size=5760Kb used=1860Kb max_used=1911Kb free=3899Kb
 bounds [0x0000015531270000, 0x00000155314e0000, 0x0000015531810000]
 total_blobs=3854 nmethods=3037 adapters=727
 compilation: enabled
              stopped_count=0, restarted_count=0
 full_count=0

Compilation events (20 events):
Event: 29.250 Thread 0x0000015541204380 3030       3       com.sun.javafx.tk.quantum.GlassViewEventHandler::mouseEventButton (60 bytes)
Event: 29.251 Thread 0x0000015541204380 nmethod 3030 0x000001552a2b7210 code [0x000001552a2b73c0, 0x000001552a2b7690]
Event: 29.251 Thread 0x0000015541204380 3031       3       javafx.scene.Scene$ScenePeerListener::mouseEvent (54 bytes)
Event: 29.251 Thread 0x0000015541204380 nmethod 3031 0x000001552a2b7710 code [0x000001552a2b78c0, 0x000001552a2b7c68]
Event: 29.251 Thread 0x0000015541204380 3032       3       javafx.scene.Scene::processMouseEvent (10 bytes)
Event: 29.251 Thread 0x0000015541204380 nmethod 3032 0x000001552a2b7e90 code [0x000001552a2b8020, 0x000001552a2b8168]
Event: 29.251 Thread 0x0000015541204380 3033       3       java.util.EnumMap$Values::iterator (12 bytes)
Event: 29.251 Thread 0x0000015541204380 nmethod 3033 0x000001552a2b8210 code [0x000001552a2b83c0, 0x000001552a2b8720]
Event: 29.251 Thread 0x0000015541204380 3034       3       java.util.EnumMap$ValueIterator::<init> (11 bytes)
Event: 29.251 Thread 0x0000015541204380 nmethod 3034 0x000001552a2b8890 code [0x000001552a2b8a20, 0x000001552a2b8cc0]
Event: 29.251 Thread 0x0000015541204380 3035       3       java.util.EnumMap$EnumMapIterator::<init> (20 bytes)
Event: 29.251 Thread 0x0000015541204380 nmethod 3035 0x000001552a2b8d90 code [0x000001552a2b8f20, 0x000001552a2b9100]
Event: 29.256 Thread 0x0000015541204380 3036   !   3       javafx.scene.Node::sceneToLocal (13 bytes)
Event: 29.257 Thread 0x0000015541204380 nmethod 3036 0x000001552a2b9210 code [0x000001552a2b93a0, 0x000001552a2b9528]
Event: 29.265 Thread 0x0000015541204380 3039       3       javafx.scene.Node$1::intersects (7 bytes)
Event: 29.265 Thread 0x0000015541204380 nmethod 3039 0x000001552a2b9610 code [0x000001552a2b97a0, 0x000001552a2b98f0]
Event: 29.265 Thread 0x0000015541204380 3037       3       com.sun.javafx.collections.VetoableListDecorator::iterator (27 bytes)
Event: 29.265 Thread 0x0000015541204380 nmethod 3037 0x000001552a2b9a10 code [0x000001552a2b9bc0, 0x000001552a2b9fd8]
Event: 29.265 Thread 0x0000015541204380 3038       3       com.sun.javafx.collections.VetoableListDecorator$ModCountAccessorImpl::<init> (10 bytes)
Event: 29.265 Thread 0x0000015541204380 nmethod 3038 0x000001552a2ba190 code [0x000001552a2ba320, 0x000001552a2ba4f0]

GC Heap History (4 events):
Event: 0.624 GC heap before
{Heap before GC invocations=0 (full 0):
 garbage-first heap   total 260096K, used 20480K [0x0000000702000000, 0x0000000800000000)
  region size 2048K, 11 young (22528K), 0 survivors (0K)
 Metaspace       used 5243K, committed 5440K, reserved 1114112K
  class space    used 610K, committed 704K, reserved 1048576K
}
Event: 0.627 GC heap after
{Heap after GC invocations=1 (full 0):
 garbage-first heap   total 260096K, used 2645K [0x0000000702000000, 0x0000000800000000)
  region size 2048K, 2 young (4096K), 2 survivors (4096K)
 Metaspace       used 5243K, committed 5440K, reserved 1114112K
  class space    used 610K, committed 704K, reserved 1048576K
}
Event: 17.695 GC heap before
{Heap before GC invocations=1 (full 0):
 garbage-first heap   total 260096K, used 43605K [0x0000000702000000, 0x0000000800000000)
  region size 2048K, 21 young (43008K), 2 survivors (4096K)
 Metaspace       used 15805K, committed 16128K, reserved 1114112K
  class space    used 2141K, committed 2304K, reserved 1048576K
}
Event: 17.702 GC heap after
{Heap after GC invocations=2 (full 0):
 garbage-first heap   total 260096K, used 9944K [0x0000000702000000, 0x0000000800000000)
  region size 2048K, 3 young (6144K), 3 survivors (6144K)
 Metaspace       used 15805K, committed 16128K, reserved 1114112K
  class space    used 2141K, committed 2304K, reserved 1048576K
}

Dll operation events (20 events):
Event: 0.384 Loaded shared library C:\Users\shara\.openjfx\cache\17.0.2-ea\api-ms-win-crt-filesystem-l1-1-0.dll
Event: 0.387 Loaded shared library C:\Users\shara\.openjfx\cache\17.0.2-ea\api-ms-win-crt-heap-l1-1-0.dll
Event: 0.389 Loaded shared library C:\Users\shara\.openjfx\cache\17.0.2-ea\api-ms-win-crt-locale-l1-1-0.dll
Event: 0.392 Loaded shared library C:\Users\shara\.openjfx\cache\17.0.2-ea\api-ms-win-crt-math-l1-1-0.dll
Event: 0.394 Loaded shared library C:\Users\shara\.openjfx\cache\17.0.2-ea\api-ms-win-crt-multibyte-l1-1-0.dll
Event: 0.397 Loaded shared library C:\Users\shara\.openjfx\cache\17.0.2-ea\api-ms-win-crt-private-l1-1-0.dll
Event: 0.400 Loaded shared library C:\Users\shara\.openjfx\cache\17.0.2-ea\api-ms-win-crt-process-l1-1-0.dll
Event: 0.403 Loaded shared library C:\Users\shara\.openjfx\cache\17.0.2-ea\api-ms-win-crt-runtime-l1-1-0.dll
Event: 0.406 Loaded shared library C:\Users\shara\.openjfx\cache\17.0.2-ea\api-ms-win-crt-stdio-l1-1-0.dll
Event: 0.409 Loaded shared library C:\Users\shara\.openjfx\cache\17.0.2-ea\api-ms-win-crt-string-l1-1-0.dll
Event: 0.413 Loaded shared library C:\Users\shara\.openjfx\cache\17.0.2-ea\api-ms-win-crt-time-l1-1-0.dll
Event: 0.416 Loaded shared library C:\Users\shara\.openjfx\cache\17.0.2-ea\api-ms-win-crt-utility-l1-1-0.dll
Event: 0.429 Loaded shared library C:\Users\shara\.openjfx\cache\17.0.2-ea\ucrtbase.dll
Event: 0.433 Loaded shared library C:\Users\shara\.openjfx\cache\17.0.2-ea\vcruntime140.dll
Event: 0.437 Loaded shared library C:\Users\shara\.openjfx\cache\17.0.2-ea\vcruntime140_1.dll
Event: 0.445 Loaded shared library C:\Users\shara\.openjfx\cache\17.0.2-ea\msvcp140.dll
Event: 0.484 Loaded shared library C:\Users\shara\.openjfx\cache\17.0.2-ea\prism_d3d.dll
Event: 0.515 Loaded shared library C:\Users\shara\.openjfx\cache\17.0.2-ea\glass.dll
Event: 0.613 Loaded shared library C:\Users\shara\.jdks\openjdk-20.0.1\bin\jimage.dll
Event: 0.812 Loaded shared library C:\Users\shara\.openjfx\cache\17.0.2-ea\javafx_font.dll

Deoptimization events (20 events):
Event: 21.128 Thread 0x00000155411fc370 Uncommon trap: trap_request=0xffffff45 fr.pc=0x000001553195bdc8 relative=0x00000000000005a8
Event: 21.128 Thread 0x00000155411fc370 Uncommon trap: reason=unstable_if action=reinterpret pc=0x000001553195bdc8 method=javafx.scene.Node.intersectsBounds(Lcom/sun/javafx/geom/PickRay;)D @ 814 c2
Event: 21.128 Thread 0x00000155411fc370 DEOPT PACKING pc=0x000001553195bdc8 sp=0x00000025f08f9100
Event: 21.128 Thread 0x00000155411fc370 DEOPT UNPACKING pc=0x00000155312d9d22 sp=0x00000025f08f8fc8 mode 2
Event: 21.129 Thread 0x00000155411fc370 Uncommon trap: trap_request=0xffffffde fr.pc=0x000001553195a628 relative=0x0000000000000648
Event: 21.129 Thread 0x00000155411fc370 Uncommon trap: reason=class_check action=maybe_recompile pc=0x000001553195a628 method=javafx.scene.Node.getLocalBounds(Lcom/sun/javafx/geom/BaseBounds;Lcom/sun/javafx/geom/transform/BaseTransform;)Lcom/sun/javafx/geom/BaseBounds; @ 22 c2
Event: 21.129 Thread 0x00000155411fc370 DEOPT PACKING pc=0x000001553195a628 sp=0x00000025f08f8e70
Event: 21.129 Thread 0x00000155411fc370 DEOPT UNPACKING pc=0x00000155312d9d22 sp=0x00000025f08f8e30 mode 2
Event: 21.136 Thread 0x00000155411fc370 Uncommon trap: trap_request=0xffffffde fr.pc=0x000001553195a628 relative=0x0000000000000648
Event: 21.136 Thread 0x00000155411fc370 Uncommon trap: reason=class_check action=maybe_recompile pc=0x000001553195a628 method=javafx.scene.Node.getLocalBounds(Lcom/sun/javafx/geom/BaseBounds;Lcom/sun/javafx/geom/transform/BaseTransform;)Lcom/sun/javafx/geom/BaseBounds; @ 22 c2
Event: 21.136 Thread 0x00000155411fc370 DEOPT PACKING pc=0x000001553195a628 sp=0x00000025f08f8f60
Event: 21.136 Thread 0x00000155411fc370 DEOPT UNPACKING pc=0x00000155312d9d22 sp=0x00000025f08f8f20 mode 2
Event: 21.136 Thread 0x00000155411fc370 Uncommon trap: trap_request=0xffffffde fr.pc=0x000001553195a628 relative=0x0000000000000648
Event: 21.136 Thread 0x00000155411fc370 Uncommon trap: reason=class_check action=maybe_recompile pc=0x000001553195a628 method=javafx.scene.Node.getLocalBounds(Lcom/sun/javafx/geom/BaseBounds;Lcom/sun/javafx/geom/transform/BaseTransform;)Lcom/sun/javafx/geom/BaseBounds; @ 22 c2
Event: 21.136 Thread 0x00000155411fc370 DEOPT PACKING pc=0x000001553195a628 sp=0x00000025f08f8e70
Event: 21.136 Thread 0x00000155411fc370 DEOPT UNPACKING pc=0x00000155312d9d22 sp=0x00000025f08f8e30 mode 2
Event: 21.144 Thread 0x00000155411fc370 Uncommon trap: trap_request=0xffffffde fr.pc=0x000001553195a628 relative=0x0000000000000648
Event: 21.144 Thread 0x00000155411fc370 Uncommon trap: reason=class_check action=maybe_recompile pc=0x000001553195a628 method=javafx.scene.Node.getLocalBounds(Lcom/sun/javafx/geom/BaseBounds;Lcom/sun/javafx/geom/transform/BaseTransform;)Lcom/sun/javafx/geom/BaseBounds; @ 22 c2
Event: 21.144 Thread 0x00000155411fc370 DEOPT PACKING pc=0x000001553195a628 sp=0x00000025f08f8f60
Event: 21.144 Thread 0x00000155411fc370 DEOPT UNPACKING pc=0x00000155312d9d22 sp=0x00000025f08f8f20 mode 2

Classes loaded (20 events):
Event: 17.584 Loading class java/lang/reflect/WildcardType done
Event: 17.584 Loading class sun/reflect/generics/reflectiveObjects/WildcardTypeImpl done
Event: 17.796 Loading class java/lang/FdLibm$Hypot
Event: 17.796 Loading class java/lang/FdLibm$Hypot done
Event: 17.796 Loading class java/lang/FdLibm
Event: 17.796 Loading class java/lang/FdLibm done
Event: 17.878 Loading class java/text/BreakIterator
Event: 17.878 Loading class java/text/BreakIterator done
Event: 17.879 Loading class sun/util/locale/provider/BreakIteratorProviderImpl
Event: 17.879 Loading class sun/util/locale/provider/BreakIteratorProviderImpl done
Event: 17.879 Loading class sun/util/locale/provider/BreakIteratorProviderImpl$GraphemeBreakIterator
Event: 17.880 Loading class sun/util/locale/provider/BreakIteratorProviderImpl$GraphemeBreakIterator done
Event: 17.880 Loading class java/text/StringCharacterIterator
Event: 17.880 Loading class java/text/StringCharacterIterator done
Event: 17.880 Loading class sun/util/locale/provider/BreakIteratorProviderImpl$CharacterIteratorCharSequence
Event: 17.880 Loading class sun/util/locale/provider/BreakIteratorProviderImpl$CharacterIteratorCharSequence done
Event: 17.880 Loading class java/text/BreakIterator$BreakIteratorCache
Event: 17.880 Loading class java/text/BreakIterator$BreakIteratorCache done
Event: 30.946 Loading class jdk/internal/misc/Signal$1
Event: 30.946 Loading class jdk/internal/misc/Signal$1 done

Classes unloaded (0 events):
No events

Classes redefined (0 events):
No events

Internal exceptions (20 events):
Event: 0.952 Thread 0x00000155411fc370 Implicit null exception at 0x0000015531888e20 to 0x00000155318890b8
Event: 0.953 Thread 0x00000155411fc370 Implicit null exception at 0x00000155318851a0 to 0x0000015531885424
Event: 0.953 Thread 0x00000155411fc370 Implicit null exception at 0x000001553182cfa0 to 0x000001553182d180
Event: 1.001 Thread 0x00000155411fc370 Implicit null exception at 0x0000015531886712 to 0x0000015531886d88
Event: 1.074 Thread 0x00000155411fc370 Exception <a 'java/lang/IncompatibleClassChangeError'{0x0000000710202d90}: Found class java.lang.Object, but interface was expected> (0x0000000710202d90) 
thrown [s\open\src\hotspot\share\interpreter\linkResolver.cpp, line 840]
Event: 1.108 Thread 0x00000155411fc370 Exception <a 'java/lang/NoSuchMethodError'{0x0000000710313560}: 'int java.lang.invoke.DirectMethodHandle$Holder.invokeSpecial(java.lang.Object, java.lang.Object, int)'> (0x0000000710313560) 
thrown [s\open\src\hotspot\share\interpreter\linkResolver.cpp, line 773]
Event: 1.120 Thread 0x00000155411fc370 Exception <a 'java/lang/NoSuchMethodError'{0x00000007103a8f00}: 'java.lang.Object java.lang.invoke.DirectMethodHandle$Holder.newInvokeSpecial(java.lang.Object, java.lang.Object, int)'> (0x00000007103a8f00) 
thrown [s\open\src\hotspot\share\interpreter\linkResolver.cpp, line 773]
Event: 1.140 Thread 0x00000155411fc8c0 Exception <a 'java/lang/NoSuchMethodError'{0x000000071004f100}: 'int java.lang.invoke.DirectMethodHandle$Holder.invokeStaticInit(java.lang.Object, java.lang.Object)'> (0x000000071004f100) 
thrown [s\open\src\hotspot\share\interpreter\linkResolver.cpp, line 773]
Event: 3.918 Thread 0x00000155411fc370 Exception <a 'java/lang/NoSuchMethodError'{0x000000070fc739d8}: 'long java.lang.invoke.DirectMethodHandle$Holder.invokeStatic(java.lang.Object, java.lang.Object, java.lang.Object)'> (0x000000070fc739d8) 
thrown [s\open\src\hotspot\share\interpreter\linkResolver.cpp, line 773]
Event: 3.918 Thread 0x00000155411fc370 Exception <a 'java/lang/NoSuchMethodError'{0x000000070fc76da8}: 'long java.lang.invoke.DirectMethodHandle$Holder.invokeStaticInit(java.lang.Object, java.lang.Object, java.lang.Object)'> (0x000000070fc76da8) 
thrown [s\open\src\hotspot\share\interpreter\linkResolver.cpp, line 773]
Event: 3.919 Thread 0x00000155411fc370 Exception <a 'java/lang/NoSuchMethodError'{0x000000070fc8ee00}: 'java.lang.Object java.lang.invoke.DirectMethodHandle$Holder.newInvokeSpecial(java.lang.Object, java.lang.Object, long)'> (0x000000070fc8ee00) 
thrown [s\open\src\hotspot\share\interpreter\linkResolver.cpp, line 773]
Event: 3.920 Thread 0x00000155411fc370 Exception <a 'java/lang/NoSuchMethodError'{0x000000070fc926f8}: 'java.lang.Object java.lang.invoke.Invokers$Holder.linkToTargetMethod(java.lang.Object, long, java.lang.Object)'> (0x000000070fc926f8) 
thrown [s\open\src\hotspot\share\interpreter\linkResolver.cpp, line 773]
Event: 17.442 Thread 0x00000155411fc370 Exception <a 'java/lang/NoSuchMethodError'{0x000000070fadfb20}: 'java.lang.Object java.lang.invoke.DirectMethodHandle$Holder.newInvokeSpecial(java.lang.Object, java.lang.Object, int, int, int, int, int, java.lang.Object)'> (0x000000070fadfb20) 
thrown [s\open\src\hotspot\share\interpreter\linkResolver.cpp, line 773]
Event: 17.443 Thread 0x00000155411fc370 Exception <a 'java/lang/NoSuchMethodError'{0x000000070faf25c0}: 'java.lang.Object java.lang.invoke.DirectMethodHandle$Holder.newInvokeSpecial(java.lang.Object, java.lang.Object, java.lang.Object, int, int, int, int, int)'> (0x000000070faf25c0) 
thrown [s\open\src\hotspot\share\interpreter\linkResolver.cpp, line 773]
Event: 17.443 Thread 0x00000155411fc370 Exception <a 'java/lang/NoSuchMethodError'{0x000000070faf9e60}: 'java.lang.Object java.lang.invoke.Invokers$Holder.linkToTargetMethod(java.lang.Object, java.lang.Object, int, int, int, int, int, java.lang.Object)'> (0x000000070faf9e60) 
thrown [s\open\src\hotspot\share\interpreter\linkResolver.cpp, line 773]
Event: 17.650 Thread 0x00000155411fc370 Exception <a 'java/lang/ClassNotFoundException'{0x000000070f7e0880}: com/sun/javafx/scene/control/skin/resources/controls> (0x000000070f7e0880) 
thrown [s\open\src\hotspot\share\prims\jni.cpp, line 538]
Event: 17.651 Thread 0x00000155411fc370 Exception <a 'java/lang/ClassNotFoundException'{0x000000070f7eee70}: com/sun/javafx/scene/control/skin/resources/controls_en> (0x000000070f7eee70) 
thrown [s\open\src\hotspot\share\prims\jni.cpp, line 538]
Event: 17.651 Thread 0x00000155411fc370 Exception <a 'java/lang/ClassNotFoundException'{0x000000070f7f0630}: com/sun/javafx/scene/control/skin/resources/controls_en_GB> (0x000000070f7f0630) 
thrown [s\open\src\hotspot\share\prims\jni.cpp, line 538]
Event: 17.775 Thread 0x00000155411fc370 Exception <a 'java/lang/NoSuchMethodError'{0x0000000711846920}: 'void java.lang.invoke.DirectMethodHandle$Holder.invokeSpecial(java.lang.Object, java.lang.Object, java.lang.Object, java.lang.Object, java.lang.Object, java.lang.Object)'> (0x0000000711846920) 
thrown [s\open\src\hotspot\share\interpreter\linkResolver.cpp, line 773]
Event: 19.834 Thread 0x00000155411fc370 Exception <a 'java/lang/NoSuchMethodError'{0x000000071156fe10}: 'java.lang.Object java.lang.invoke.DirectMethodHandle$Holder.newInvokeSpecial(java.lang.Object, java.lang.Object, java.lang.Object, double, double, double, double, int, int, int, int, int, int, int, int, int)'> (0x000000071156fe10) 
thrown [s\open\src\hotspot\share\interpreter\linkResolver.cpp, line 773]

VM Operations (20 events):
Event: 17.663 Executing VM operation: HandshakeAllThreads done
Event: 17.695 Executing VM operation: G1CollectForAllocation
Event: 17.702 Executing VM operation: G1CollectForAllocation done
Event: 17.879 Executing VM operation: ICBufferFull
Event: 17.879 Executing VM operation: ICBufferFull done
Event: 18.879 Executing VM operation: Cleanup
Event: 18.879 Executing VM operation: Cleanup done
Event: 19.880 Executing VM operation: Cleanup
Event: 19.880 Executing VM operation: Cleanup done
Event: 20.880 Executing VM operation: Cleanup
Event: 20.880 Executing VM operation: Cleanup done
Event: 21.880 Executing VM operation: Cleanup
Event: 21.881 Executing VM operation: Cleanup done
Event: 23.881 Executing VM operation: Cleanup
Event: 23.881 Executing VM operation: Cleanup done
Event: 27.883 Executing VM operation: Cleanup
Event: 27.883 Executing VM operation: Cleanup done
Event: 29.883 Executing VM operation: Cleanup
Event: 29.883 Executing VM operation: Cleanup done
Event: 30.947 Executing VM operation: Exit

Events (20 events):
Event: 0.196 Thread 0x00000155411ff340 Thread added: 0x00000155411ff340
Event: 0.475 Thread 0x00000155411fc8c0 Thread added: 0x00000155411fc8c0
Event: 0.517 Thread 0x00000155411fbe20 Thread added: 0x00000155411fbe20
Event: 0.520 Thread 0x00000155411fc370 Thread added: 0x00000155411fc370
Event: 0.553 Thread 0x0000015545580330 Thread exited: 0x0000015545580330
Event: 0.590 Thread 0x00000155411fd360 Thread added: 0x00000155411fd360
Event: 0.591 Thread 0x00000155411fd8b0 Thread added: 0x00000155411fd8b0
Event: 1.066 Thread 0x00000155466c0060 Thread added: 0x00000155466c0060
Event: 1.200 Thread 0x00000155466bfb10 Thread added: 0x00000155466bfb10
Event: 1.585 Thread 0x000001554557d500 Thread exited: 0x000001554557d500
Event: 17.625 Thread 0x00000155465672b0 Thread added: 0x00000155465672b0
Event: 17.800 Thread 0x0000015546567840 Thread added: 0x0000015546567840
Event: 19.456 Thread 0x0000015546567840 Thread exited: 0x0000015546567840
Event: 19.480 Thread 0x00000155465672b0 Thread exited: 0x00000155465672b0
Event: 30.946 Thread 0x00000155466c15a0 Thread added: 0x00000155466c15a0
Event: 30.946 Thread 0x00000155466bf5c0 Thread added: 0x00000155466bf5c0
Event: 30.946 Thread 0x00000155466c1af0 Thread added: 0x00000155466c1af0
Event: 30.947 Thread 0x00000155466bf5c0 Thread exited: 0x00000155466bf5c0
Event: 30.947 Thread 0x00000155466c1af0 Thread exited: 0x00000155466c1af0
Event: 30.947 Thread 0x00000155411f5c60 Thread exited: 0x00000155411f5c60


Dynamic libraries:
0x00007ff697b30000 - 0x00007ff697b3e000 	C:\Users\shara\.jdks\openjdk-20.0.1\bin\java.exe
0x00007ffc1a370000 - 0x00007ffc1a568000 	C:\WINDOWS\SYSTEM32\ntdll.dll
0x00007ffc19110000 - 0x00007ffc191cf000 	C:\WINDOWS\System32\KERNEL32.DLL
0x00007ffc17e60000 - 0x00007ffc1813a000 	C:\WINDOWS\System32\KERNELBASE.dll
0x00007ffc182a0000 - 0x00007ffc183a0000 	C:\WINDOWS\System32\ucrtbase.dll
0x00007ffc08830000 - 0x00007ffc08847000 	C:\Users\shara\.jdks\openjdk-20.0.1\bin\jli.dll
0x00007ffc192f0000 - 0x00007ffc1948d000 	C:\WINDOWS\System32\USER32.dll
0x00007ffc183a0000 - 0x00007ffc183c2000 	C:\WINDOWS\System32\win32u.dll
0x00007ffc19070000 - 0x00007ffc1909b000 	C:\WINDOWS\System32\GDI32.dll
0x00007ffc17bd0000 - 0x00007ffc17ce0000 	C:\WINDOWS\System32\gdi32full.dll
0x00007ffc17a80000 - 0x00007ffc17b1d000 	C:\WINDOWS\System32\msvcp_win.dll
0x00007ffc06200000 - 0x00007ffc0621b000 	C:\Users\shara\.jdks\openjdk-20.0.1\bin\VCRUNTIME140.dll
0x00007ffbf0da0000 - 0x00007ffbf103a000 	C:\WINDOWS\WinSxS\amd64_microsoft.windows.common-controls_6595b64144ccf1df_6.0.19041.1110_none_60b5254171f9507e\COMCTL32.dll
0x00007ffc19850000 - 0x00007ffc198ee000 	C:\WINDOWS\System32\msvcrt.dll
0x00007ffc18f00000 - 0x00007ffc18f30000 	C:\WINDOWS\System32\IMM32.DLL
0x00007ffc10b30000 - 0x00007ffc10b3c000 	C:\Users\shara\.jdks\openjdk-20.0.1\bin\vcruntime140_1.dll
0x00007ffbe56d0000 - 0x00007ffbe575e000 	C:\Users\shara\.jdks\openjdk-20.0.1\bin\msvcp140.dll
0x00007ffba15f0000 - 0x00007ffba2287000 	C:\Users\shara\.jdks\openjdk-20.0.1\bin\server\jvm.dll
0x00007ffc183d0000 - 0x00007ffc1847e000 	C:\WINDOWS\System32\ADVAPI32.dll
0x00007ffc1a290000 - 0x00007ffc1a32c000 	C:\WINDOWS\System32\sechost.dll
0x00007ffc19a10000 - 0x00007ffc19b36000 	C:\WINDOWS\System32\RPCRT4.dll
0x00007ffc0f4b0000 - 0x00007ffc0f4b9000 	C:\WINDOWS\SYSTEM32\WSOCK32.dll
0x00007ffc190a0000 - 0x00007ffc1910b000 	C:\WINDOWS\System32\WS2_32.dll
0x00007ffbfa700000 - 0x00007ffbfa727000 	C:\WINDOWS\SYSTEM32\WINMM.dll
0x00007ffc0fce0000 - 0x00007ffc0fcea000 	C:\WINDOWS\SYSTEM32\VERSION.dll
0x00007ffc162d0000 - 0x00007ffc162e2000 	C:\WINDOWS\SYSTEM32\kernel.appcore.dll
0x00007ffc08820000 - 0x00007ffc0882a000 	C:\Users\shara\.jdks\openjdk-20.0.1\bin\jimage.dll
0x00007ffc15840000 - 0x00007ffc15a24000 	C:\WINDOWS\SYSTEM32\DBGHELP.DLL
0x00007ffc06b00000 - 0x00007ffc06b34000 	C:\WINDOWS\SYSTEM32\dbgcore.DLL
0x00007ffc17dd0000 - 0x00007ffc17e52000 	C:\WINDOWS\System32\bcryptPrimitives.dll
0x00007ffc06250000 - 0x00007ffc0625e000 	C:\Users\shara\.jdks\openjdk-20.0.1\bin\instrument.dll
0x00007ffbf31b0000 - 0x00007ffbf31d6000 	C:\Users\shara\.jdks\openjdk-20.0.1\bin\java.dll
0x00007ffbe5560000 - 0x00007ffbe5637000 	C:\Users\shara\.jdks\openjdk-20.0.1\bin\jsvml.dll
0x00007ffc19b40000 - 0x00007ffc1a284000 	C:\WINDOWS\System32\SHELL32.dll
0x00007ffc15b20000 - 0x00007ffc162b3000 	C:\WINDOWS\SYSTEM32\windows.storage.dll
0x00007ffc19490000 - 0x00007ffc197e4000 	C:\WINDOWS\System32\combase.dll
0x00007ffc17470000 - 0x00007ffc1749e000 	C:\WINDOWS\SYSTEM32\Wldp.dll
0x00007ffc19230000 - 0x00007ffc192dd000 	C:\WINDOWS\System32\SHCORE.dll
0x00007ffc18710000 - 0x00007ffc18765000 	C:\WINDOWS\System32\shlwapi.dll
0x00007ffc179c0000 - 0x00007ffc179df000 	C:\WINDOWS\SYSTEM32\profapi.dll
0x00007ffbf95b0000 - 0x00007ffbf95c3000 	C:\Users\shara\.jdks\openjdk-20.0.1\bin\net.dll
0x00007ffc0da80000 - 0x00007ffc0db8a000 	C:\WINDOWS\SYSTEM32\WINHTTP.dll
0x00007ffc171d0000 - 0x00007ffc1723a000 	C:\WINDOWS\system32\mswsock.dll
0x00007ffbf2b50000 - 0x00007ffbf2b66000 	C:\Users\shara\.jdks\openjdk-20.0.1\bin\nio.dll
0x00007ffbf2b30000 - 0x00007ffbf2b48000 	C:\Users\shara\.jdks\openjdk-20.0.1\bin\zip.dll
0x00007ffbf2440000 - 0x00007ffbf245a000 	C:\Program Files\JetBrains\IntelliJ IDEA 2022.3.3\bin\breakgen64.dll
0x0000015541380000 - 0x0000015541383000 	C:\Users\shara\.openjfx\cache\17.0.2-ea\api-ms-win-core-console-l1-1-0.dll
0x0000015541390000 - 0x0000015541393000 	C:\Users\shara\.openjfx\cache\17.0.2-ea\api-ms-win-core-console-l1-2-0.dll
0x00000155413a0000 - 0x00000155413a3000 	C:\Users\shara\.openjfx\cache\17.0.2-ea\api-ms-win-core-datetime-l1-1-0.dll
0x00000155413b0000 - 0x00000155413b3000 	C:\Users\shara\.openjfx\cache\17.0.2-ea\api-ms-win-core-debug-l1-1-0.dll
0x00000155413c0000 - 0x00000155413c3000 	C:\Users\shara\.openjfx\cache\17.0.2-ea\api-ms-win-core-errorhandling-l1-1-0.dll
0x00000155413d0000 - 0x00000155413d4000 	C:\Users\shara\.openjfx\cache\17.0.2-ea\api-ms-win-core-file-l1-1-0.dll
0x00000155413e0000 - 0x00000155413e3000 	C:\Users\shara\.openjfx\cache\17.0.2-ea\api-ms-win-core-file-l1-2-0.dll
0x00000155413f0000 - 0x00000155413f3000 	C:\Users\shara\.openjfx\cache\17.0.2-ea\api-ms-win-core-file-l2-1-0.dll
0x0000015546fd0000 - 0x0000015546fd3000 	C:\Users\shara\.openjfx\cache\17.0.2-ea\api-ms-win-core-handle-l1-1-0.dll
0x0000015546fe0000 - 0x0000015546fe3000 	C:\Users\shara\.openjfx\cache\17.0.2-ea\api-ms-win-core-heap-l1-1-0.dll
0x0000015546ff0000 - 0x0000015546ff3000 	C:\Users\shara\.openjfx\cache\17.0.2-ea\api-ms-win-core-interlocked-l1-1-0.dll
0x0000015547000000 - 0x0000015547003000 	C:\Users\shara\.openjfx\cache\17.0.2-ea\api-ms-win-core-libraryloader-l1-1-0.dll
0x0000015547010000 - 0x0000015547013000 	C:\Users\shara\.openjfx\cache\17.0.2-ea\api-ms-win-core-localization-l1-2-0.dll
0x0000015547020000 - 0x0000015547023000 	C:\Users\shara\.openjfx\cache\17.0.2-ea\api-ms-win-core-memory-l1-1-0.dll
0x0000015547030000 - 0x0000015547033000 	C:\Users\shara\.openjfx\cache\17.0.2-ea\api-ms-win-core-namedpipe-l1-1-0.dll
0x0000015547040000 - 0x0000015547043000 	C:\Users\shara\.openjfx\cache\17.0.2-ea\api-ms-win-core-processenvironment-l1-1-0.dll
0x0000015547050000 - 0x0000015547053000 	C:\Users\shara\.openjfx\cache\17.0.2-ea\api-ms-win-core-processthreads-l1-1-0.dll
0x0000015547060000 - 0x0000015547063000 	C:\Users\shara\.openjfx\cache\17.0.2-ea\api-ms-win-core-processthreads-l1-1-1.dll
0x0000015547070000 - 0x0000015547073000 	C:\Users\shara\.openjfx\cache\17.0.2-ea\api-ms-win-core-profile-l1-1-0.dll
0x0000015547080000 - 0x0000015547083000 	C:\Users\shara\.openjfx\cache\17.0.2-ea\api-ms-win-core-rtlsupport-l1-1-0.dll
0x0000015547090000 - 0x0000015547093000 	C:\Users\shara\.openjfx\cache\17.0.2-ea\api-ms-win-core-string-l1-1-0.dll
0x00000155470a0000 - 0x00000155470a3000 	C:\Users\shara\.openjfx\cache\17.0.2-ea\api-ms-win-core-synch-l1-1-0.dll
0x00000155470b0000 - 0x00000155470b3000 	C:\Users\shara\.openjfx\cache\17.0.2-ea\api-ms-win-core-synch-l1-2-0.dll
0x00000155470c0000 - 0x00000155470c3000 	C:\Users\shara\.openjfx\cache\17.0.2-ea\api-ms-win-core-sysinfo-l1-1-0.dll
0x00000155470d0000 - 0x00000155470d3000 	C:\Users\shara\.openjfx\cache\17.0.2-ea\api-ms-win-core-timezone-l1-1-0.dll
0x00000155470e0000 - 0x00000155470e3000 	C:\Users\shara\.openjfx\cache\17.0.2-ea\api-ms-win-core-util-l1-1-0.dll
0x00000155470f0000 - 0x00000155470f3000 	C:\Users\shara\.openjfx\cache\17.0.2-ea\api-ms-win-crt-conio-l1-1-0.dll
0x0000015547100000 - 0x0000015547104000 	C:\Users\shara\.openjfx\cache\17.0.2-ea\api-ms-win-crt-convert-l1-1-0.dll
0x0000015547110000 - 0x0000015547113000 	C:\Users\shara\.openjfx\cache\17.0.2-ea\api-ms-win-crt-environment-l1-1-0.dll
0x0000015547120000 - 0x0000015547123000 	C:\Users\shara\.openjfx\cache\17.0.2-ea\api-ms-win-crt-filesystem-l1-1-0.dll
0x0000015547130000 - 0x0000015547133000 	C:\Users\shara\.openjfx\cache\17.0.2-ea\api-ms-win-crt-heap-l1-1-0.dll
0x0000015547140000 - 0x0000015547143000 	C:\Users\shara\.openjfx\cache\17.0.2-ea\api-ms-win-crt-locale-l1-1-0.dll
0x0000015547150000 - 0x0000015547155000 	C:\Users\shara\.openjfx\cache\17.0.2-ea\api-ms-win-crt-math-l1-1-0.dll
0x0000015547160000 - 0x0000015547165000 	C:\Users\shara\.openjfx\cache\17.0.2-ea\api-ms-win-crt-multibyte-l1-1-0.dll
0x0000015547170000 - 0x0000015547180000 	C:\Users\shara\.openjfx\cache\17.0.2-ea\api-ms-win-crt-private-l1-1-0.dll
0x0000015547180000 - 0x0000015547183000 	C:\Users\shara\.openjfx\cache\17.0.2-ea\api-ms-win-crt-process-l1-1-0.dll
0x0000015547190000 - 0x0000015547194000 	C:\Users\shara\.openjfx\cache\17.0.2-ea\api-ms-win-crt-runtime-l1-1-0.dll
0x00000155471a0000 - 0x00000155471a4000 	C:\Users\shara\.openjfx\cache\17.0.2-ea\api-ms-win-crt-stdio-l1-1-0.dll
0x00000155471b0000 - 0x00000155471b4000 	C:\Users\shara\.openjfx\cache\17.0.2-ea\api-ms-win-crt-string-l1-1-0.dll
0x00000155471c0000 - 0x00000155471c3000 	C:\Users\shara\.openjfx\cache\17.0.2-ea\api-ms-win-crt-time-l1-1-0.dll
0x00000155471d0000 - 0x00000155471d3000 	C:\Users\shara\.openjfx\cache\17.0.2-ea\api-ms-win-crt-utility-l1-1-0.dll
0x00007ffbd2450000 - 0x00007ffbd254c000 	C:\Users\shara\.openjfx\cache\17.0.2-ea\ucrtbase.dll
0x00007ffbf2420000 - 0x00007ffbf243a000 	C:\Users\shara\.openjfx\cache\17.0.2-ea\vcruntime140.dll
0x00007ffbf31a0000 - 0x00007ffbf31ac000 	C:\Users\shara\.openjfx\cache\17.0.2-ea\vcruntime140_1.dll
0x00007ffbd85c0000 - 0x00007ffbd864d000 	C:\Users\shara\.openjfx\cache\17.0.2-ea\msvcp140.dll
0x00007ffbe9070000 - 0x00007ffbe909a000 	C:\Users\shara\.openjfx\cache\17.0.2-ea\prism_d3d.dll
0x00007ffbef950000 - 0x00007ffbefb1d000 	C:\WINDOWS\system32\d3d9.dll
0x00007ffc15390000 - 0x00007ffc153bf000 	C:\WINDOWS\SYSTEM32\dwmapi.dll
0x00007ffc150d0000 - 0x00007ffc1516e000 	C:\WINDOWS\system32\uxtheme.dll
0x00007ffbcd210000 - 0x00007ffbcd3b8000 	C:\WINDOWS\System32\DriverStore\FileRepository\iigd_dch.inf_amd64_393549dac595e659\igdumdim64.dll
0x00007ffc18f30000 - 0x00007ffc1905a000 	C:\WINDOWS\System32\ole32.dll
0x00007ffb6d310000 - 0x00007ffb70f2f000 	C:\WINDOWS\System32\DriverStore\FileRepository\iigd_dch.inf_amd64_393549dac595e659\igd9dxva64.dll
0x00007ffc18480000 - 0x00007ffc1854d000 	C:\WINDOWS\System32\OLEAUT32.dll
0x00007ffc18a90000 - 0x00007ffc18ef8000 	C:\WINDOWS\System32\SETUPAPI.dll
0x00007ffc17ce0000 - 0x00007ffc17d2e000 	C:\WINDOWS\System32\cfgmgr32.dll
0x00007ffc17d30000 - 0x00007ffc17d57000 	C:\WINDOWS\System32\bcrypt.dll
0x00007ffc02c80000 - 0x00007ffc03048000 	C:\WINDOWS\System32\DriverStore\FileRepository\iigd_dch.inf_amd64_393549dac595e659\igdgmm64.dll
0x00007ffbe5bb0000 - 0x00007ffbe5bf2000 	C:\Users\shara\.openjfx\cache\17.0.2-ea\glass.dll
0x00007ffc18930000 - 0x00007ffc18a0a000 	C:\WINDOWS\System32\COMDLG32.dll
0x00007ffc198f0000 - 0x00007ffc19a04000 	C:\WINDOWS\System32\MSCTF.dll
0x00007ffbaae30000 - 0x00007ffbaae57000 	C:\WINDOWS\System32\DriverStore\FileRepository\iigd_dch.inf_amd64_393549dac595e659\igdinfo64.dll
0x00007ffbff690000 - 0x00007ffc02c76000 	C:\WINDOWS\System32\DriverStore\FileRepository\iigd_dch.inf_amd64_393549dac595e659\igc64.dll
0x00007ffc040a0000 - 0x00007ffc040db000 	C:\WINDOWS\SYSTEM32\dxcore.dll
0x00007ffbf1f70000 - 0x00007ffbf1f84000 	C:\Users\shara\.openjfx\cache\17.0.2-ea\javafx_font.dll
0x00007ffbf7620000 - 0x00007ffbf789f000 	C:\WINDOWS\SYSTEM32\dwrite.dll
0x00007ffc18800000 - 0x00007ffc188a9000 	C:\WINDOWS\System32\clbcatq.dll
0x00007ffc05ab0000 - 0x00007ffc05c64000 	C:\WINDOWS\SYSTEM32\WindowsCodecs.dll
0x00007ffbe57f0000 - 0x00007ffbe582e000 	C:\WINDOWS\system32\dataexchange.dll
0x00007ffc13710000 - 0x00007ffc13973000 	C:\WINDOWS\system32\d3d11.dll
0x00007ffc14340000 - 0x00007ffc14523000 	C:\WINDOWS\system32\dcomp.dll
0x00007ffc16340000 - 0x00007ffc16433000 	C:\WINDOWS\system32\dxgi.dll
0x00007ffc0f6c0000 - 0x00007ffc0f8c0000 	C:\WINDOWS\system32\twinapi.appcore.dll
0x00007ffbe8370000 - 0x00007ffbe83a4000 	C:\Program Files\Common Files\Microsoft Shared\Ink\rtscom.dll
0x00007ffbfc6c0000 - 0x00007ffbfc7b9000 	C:\WINDOWS\SYSTEM32\textinputframework.dll
0x00007ffc14960000 - 0x00007ffc14cbe000 	C:\WINDOWS\System32\CoreUIComponents.dll
0x00007ffc14d00000 - 0x00007ffc14df2000 	C:\WINDOWS\System32\CoreMessaging.dll
0x00007ffc16c30000 - 0x00007ffc16c63000 	C:\WINDOWS\SYSTEM32\ntmarta.dll
0x00007ffc140a0000 - 0x00007ffc141f4000 	C:\WINDOWS\SYSTEM32\wintypes.dll
0x00007ffc13a80000 - 0x00007ffc14040000 	C:\WINDOWS\SYSTEM32\d2d1.dll
0x00007ffc04a00000 - 0x00007ffc050f6000 	C:\WINDOWS\SYSTEM32\D3D10Warp.dll

dbghelp: loaded successfully - version: 4.0.5 - missing functions: none
symbol engine: initialized successfully - sym options: 0x614 - pdb path: .;C:\Users\shara\.jdks\openjdk-20.0.1\bin;C:\WINDOWS\SYSTEM32;C:\WINDOWS\WinSxS\amd64_microsoft.windows.common-controls_6595b64144ccf1df_6.0.19041.1110_none_60b5254171f9507e;C:\Users\shara\.jdks\openjdk-20.0.1\bin\server;C:\Program Files\JetBrains\IntelliJ IDEA 2022.3.3\bin;C:\Users\shara\.openjfx\cache\17.0.2-ea;C:\WINDOWS\System32\DriverStore\FileRepository\iigd_dch.inf_amd64_393549dac595e659;C:\Program Files\Common Files\Microsoft Shared\Ink

VM Arguments:
jvm_args: -javaagent:C:\Program Files\JetBrains\IntelliJ IDEA 2022.3.3\lib\idea_rt.jar=52760:C:\Program Files\JetBrains\IntelliJ IDEA 2022.3.3\bin -Dfile.encoding=UTF-8 -Dsun.stdout.encoding=UTF-8 -Dsun.stderr.encoding=UTF-8 --module-path=C:\Users\shara\.m2\repository\org\openjfx\javafx-graphics\17.0.2\javafx-graphics-17.0.2-win.jar;C:\Users\shara\.m2\repository\org\openjfx\javafx-base\17.0.2\javafx-base-17.0.2-win.jar;C:\Users\shara\IdeaProjects\Demo\target\classes;C:\Users\shara\.m2\repository\org\openjfx\javafx-controls\17.0.2\javafx-controls-17.0.2-win.jar;C:\Users\shara\.m2\repository\org\openjfx\javafx-fxml\17.0.2\javafx-fxml-17.0.2-win.jar -Djdk.module.main=sample.demo 
java_command: sample.demo/sample.demo.HelloApplication
java_class_path (initial): C:\Users\shara\.m2\repository\org\openjfx\javafx-controls\17.0.2\javafx-controls-17.0.2.jar;C:\Users\shara\.m2\repository\org\openjfx\javafx-graphics\17.0.2\javafx-graphics-17.0.2.jar;C:\Users\shara\.m2\repository\org\openjfx\javafx-base\17.0.2\javafx-base-17.0.2.jar;C:\Users\shara\.m2\repository\org\openjfx\javafx-fxml\17.0.2\javafx-fxml-17.0.2.jar
Launcher Type: SUN_STANDARD

[Global flags]
     intx CICompilerCount                          = 4                                         {product} {ergonomic}
     uint ConcGCThreads                            = 2                                         {product} {ergonomic}
     uint G1ConcRefinementThreads                  = 8                                         {product} {ergonomic}
   size_t G1HeapRegionSize                         = 2097152                                   {product} {ergonomic}
    uintx GCDrainStackTargetSize                   = 64                                        {product} {ergonomic}
   size_t InitialHeapSize                          = 266338304                                 {product} {ergonomic}
   size_t MarkStackSize                            = 4194304                                   {product} {ergonomic}
   size_t MaxHeapSize                              = 4261412864                                {product} {ergonomic}
   size_t MaxNewSize                               = 2556428288                                {product} {ergonomic}
   size_t MinHeapDeltaBytes                        = 2097152                                   {product} {ergonomic}
   size_t MinHeapSize                              = 8388608                                   {product} {ergonomic}
    uintx NonNMethodCodeHeapSize                   = 5839372                                {pd product} {ergonomic}
    uintx NonProfiledCodeHeapSize                  = 122909434                              {pd product} {ergonomic}
    uintx ProfiledCodeHeapSize                     = 122909434                              {pd product} {ergonomic}
    uintx ReservedCodeCacheSize                    = 251658240                              {pd product} {ergonomic}
     bool SegmentedCodeCache                       = true                                      {product} {ergonomic}
   size_t SoftMaxHeapSize                          = 4261412864                             {manageable} {ergonomic}
     bool UseCompressedClassPointers               = true                           {product lp64_product} {ergonomic}
     bool UseCompressedOops                        = true                           {product lp64_product} {ergonomic}
     bool UseG1GC                                  = true                                      {product} {ergonomic}
     bool UseLargePagesIndividualAllocation        = false                                  {pd product} {ergonomic}

Logging:
Log output configuration:
 #0: stdout all=off uptime,level,tags foldmultilines=false
 #1: stderr all=off uptime,level,tags foldmultilines=false

Environment Variables:
PATH=C:\Users\shara\Downloads\CUserssharaDownloadsWINDOWS.X64_193000_db_home\bin;C:\Program Files\Java\jdk-11.0.2\bin;C:\WINDOWS\system32;C:\WINDOWS;C:\WINDOWS\System32\Wbem;C:\WINDOWS\System32\WindowsPowerShell\v1.0\;C:\WINDOWS\System32\OpenSSH\;C:\Program Files\Git\cmd;C:\Program Files\Git\mingw64\bin;C:\Program Files\Git\usr\bin;C:\wamp64\bin\php\php7.3.12;C:\Program Files\dotnet\;C:\Program Files\MySQL\MySQL Shell 8.0\bin\;C:\Users\shara\AppData\Local\Microsoft\WindowsApps;;C:\Program Files\JetBrains\IntelliJ IDEA Community Edition 2020.2.3\bin;;C:\Users\shara\.dotnet\tools;C:\Program Files\JetBrains\IntelliJ IDEA 2022.3.3\bin;
USERNAME=shara
OS=Windows_NT
PROCESSOR_IDENTIFIER=Intel64 Family 6 Model 142 Stepping 12, GenuineIntel
TMP=C:\Users\shara\AppData\Local\Temp
TEMP=C:\Users\shara\AppData\Local\Temp




---------------  S Y S T E M  ---------------

OS:
 Windows 10 , 64 bit Build 19041 (10.0.19041.2788)
OS uptime: 50 days 0:16 hours

CPU: total 8 (initial active 8) (4 cores per cpu, 2 threads per core) family 6 model 142 stepping 12 microcode 0xc6, cx8, cmov, fxsr, ht, mmx, 3dnowpref, sse, sse2, sse3, ssse3, sse4.1, sse4.2, popcnt, lzcnt, tsc, tscinvbit, avx, avx2, aes, erms, clmul, bmi1, bmi2, adx, fma, vzeroupper, clflush, clflushopt, rdtscp, f16c

Memory: 4k page, system-wide physical 16254M (4013M free)
TotalPageFile size 32239M (AvailPageFile size 3621M)
current process WorkingSet (physical memory assigned to process): 168M, peak: 185M
current process commit charge ("private bytes"): 409M, peak: 427M

vm_info: OpenJDK 64-Bit Server VM (20.0.1+9-29) for windows-amd64 JRE (20.0.1+9-29), built on 2023-03-07T13:56:11Z by "mach5one" with MS VC++ 17.1 (VS2022)

END.
