#
# A fatal error has been detected by the Java Runtime Environment:
#
#  EXCEPTION_ACCESS_VIOLATION (0xc0000005) at pc=0x00007ffbf2b46ab7, pid=23104, tid=29600
#
# JRE version: OpenJDK Runtime Environment (20.0.1+9) (build 20.0.1+9-29)
# Java VM: OpenJDK 64-Bit Server VM (20.0.1+9-29, mixed mode, sharing, tiered, compressed oops, compressed class ptrs, g1 gc, windows-amd64)
# Problematic frame:
# C  [glass.dll+0x26ab7]
#
# No core dump will be written. Minidumps are not enabled by default on client versions of Windows
#
# If you would like to submit a bug report, please visit:
#   https://bugreport.java.com/bugreport/crash.jsp
#

---------------  S U M M A R Y ------------

Command Line: -javaagent:C:\Program Files\JetBrains\IntelliJ IDEA 2022.3.3\lib\idea_rt.jar=61439:C:\Program Files\JetBrains\IntelliJ IDEA 2022.3.3\bin -Dfile.encoding=UTF-8 -Dsun.stdout.encoding=UTF-8 -Dsun.stderr.encoding=UTF-8 --module-path=C:\Users\shara\.m2\repository\org\openjfx\javafx-graphics\17.0.2\javafx-graphics-17.0.2-win.jar;C:\Users\shara\IdeaProjects\Demo\target\classes;C:\Users\shara\.m2\repository\org\openjfx\javafx-base\17.0.2\javafx-base-17.0.2-win.jar;C:\Users\shara\.m2\repository\org\openjfx\javafx-controls\17.0.2\javafx-controls-17.0.2-win.jar;C:\Users\shara\.m2\repository\org\openjfx\javafx-fxml\17.0.2\javafx-fxml-17.0.2-win.jar -Djdk.module.main=sample.demo sample.demo/sample.demo.HelloApplication

Host: Intel(R) Core(TM) i7-8565U CPU @ 1.80GHz, 8 cores, 15G,  Windows 10 , 64 bit Build 19041 (10.0.19041.2788)
Time: Wed Jun  7 20:04:37 2023 Russia TZ 2 Standard Time elapsed time: 35.535726 seconds (0d 0h 0m 35s)

---------------  T H R E A D  ---------------

Current thread (0x000001be70014b00):  VMThread "VM Thread" [stack: 0x00000072c8a00000,0x00000072c8b00000] [id=29600]

Stack: [0x00000072c8a00000,0x00000072c8b00000],  sp=0x00000072c8aff290,  free space=1020k
Native frames: (J=compiled Java code, j=interpreted, Vv=VM code, C=native code)
C  [glass.dll+0x26ab7]


siginfo: EXCEPTION_ACCESS_VIOLATION (0xc0000005), reading address 0x0000000000000000


Registers:
RAX=0x0000000000000000, RBX=0x000001be700177a8, RCX=0x000001be70014b00, RDX=0x00000072c8aff290
RSP=0x00000072c8aff290, RBP=0x000001be74ecfb68, RSI=0x000001be74ecfb40, RDI=0x0000cb74a9ca1594
R8 =0x0000000000010002, R9 =0x0000cb74a9ca1594, R10=0x0000000000008000, R11=0x00000072c8aff220
R12=0x00007ffbf2b44384, R13=0x00007ffbb904ea90, R14=0x00000072c8aff388, R15=0x000001be74ecfb40
RIP=0x00007ffbf2b46ab7, EFLAGS=0x0000000000010206


Register to memory mapping:

RIP=0x00007ffbf2b46ab7 glass.dll
RAX=0x0 is NULL
RBX=0x000001be700177a8 is a global jni handle
RCX=0x000001be70014b00 points into unknown readable memory: 0x00007ffbb8e77080 | 80 70 e7 b8 fb 7f 00 00
RDX=0x00000072c8aff290 points into unknown readable memory: 0x0000000000000000 | 00 00 00 00 00 00 00 00
RSP=0x00000072c8aff290 points into unknown readable memory: 0x0000000000000000 | 00 00 00 00 00 00 00 00
RBP=0x000001be74ecfb68 points into unknown readable memory: 0x0000cb74a9ca1594 | 94 15 ca a9 74 cb 00 00
RSI=0x000001be74ecfb40 points into unknown readable memory: 0xffbfe037400a1593 | 93 15 0a 40 37 e0 bf ff
RDI=0x0000cb74a9ca1594 is an unknown value
R8 =0x0000000000010002 is an unknown value
R9 =0x0000cb74a9ca1594 is an unknown value
R10=0x0000000000008000 is an unknown value
R11=0x00000072c8aff220 points into unknown readable memory: 0x000001be74ecfb40 | 40 fb ec 74 be 01 00 00
R12=0x00007ffbf2b44384 glass.dll
R13=0x00007ffbb904ea90 jvm.dll
R14=0x00000072c8aff388 points into unknown readable memory: 0x00000072c8aff370 | 70 f3 af c8 72 00 00 00
R15=0x000001be74ecfb40 points into unknown readable memory: 0xffbfe037400a1593 | 93 15 0a 40 37 e0 bf ff


Top of Stack: (sp=0x00000072c8aff290)
0x00000072c8aff290:   0000000000000000 000001be74ecfb40
0x00000072c8aff2a0:   00007ffbb904ea90 00007ffbf2b44384
0x00000072c8aff2b0:   000001be74ecfb48 00007ffc182b42d6
0x00000072c8aff2c0:   0000cb74a9ca1594 000001be00000000
0x00000072c8aff2d0:   000001be74ecfb68 000001be74ecfb40
0x00000072c8aff2e0:   fffffffffffffffe 0000000000000000
0x00000072c8aff2f0:   0000000000000001 00007ffbf2b20000
0x00000072c8aff300:   00000072c8aff378 00007ffc182b41fb
0x00000072c8aff310:   0000000000000000 00000072c8aff388
0x00000072c8aff320:   00000072c8aff650 00007ffc18390e40
0x00000072c8aff330:   0000000000000001 00007ffc182b41b4
0x00000072c8aff340:   0000000000000000 0000000000000001
0x00000072c8aff350:   00007ffb00000001 00000072c8aff378
0x00000072c8aff360:   0000000000000000 00007ffbf2b44211
0x00000072c8aff370:   00007ffbf2b5a138 00007ffc00000002
0x00000072c8aff380:   0000000000000002 00000072c8aff370
0x00000072c8aff390:   0000000000000000 00007ffc1a389993
0x00000072c8aff3a0:   0000000000000000 00007ffbf2b44336
0x00000072c8aff3b0:   0000000000000001 0000000000000000
0x00000072c8aff3c0:   0000000000000000 0000000000000001
0x00000072c8aff3d0:   0000000000000000 0000000000000000
0x00000072c8aff3e0:   0000000000000001 0000fd7fb1c020f6
0x00000072c8aff3f0:   00007ffbf2b20000 000000007ffe0384
0x00000072c8aff400:   0000000000000000 00007ffc1a389a1d
0x00000072c8aff410:   00007ffbf2b20000 0000000000000000
0x00000072c8aff420:   0000000000000001 000000007ffe0385
0x00000072c8aff430:   0000000002360fb8 00000072c8aff650
0x00000072c8aff440:   0000fd7f00000000 0000000000000014
0x00000072c8aff450:   0000000000000000 00007ffbf2b44384
0x00000072c8aff460:   00000000000003d8 000001be74ec8d80
0x00000072c8aff470:   000001be70007300 00007ffc1a3cdcec
0x00000072c8aff480:   000001be74ec9350 00007ffbf2b20000 

Instructions: (pc=0x00007ffbf2b46ab7)
0x00007ffbf2b469b7:   8b 4d 58 e8 01 cf ff ff 48 8b 4d 60 e8 f8 ce ff
0x00007ffbf2b469c7:   ff 48 8b 95 80 00 00 00 48 8b 8d 18 01 00 00 e8
0x00007ffbf2b469d7:   c6 c3 ff ff 33 d2 33 c9 e8 3c e1 ff ff 90 48 89
0x00007ffbf2b469e7:   54 24 10 55 48 83 ec 20 48 8b ea 48 b8 00 00 00
0x00007ffbf2b469f7:   00 00 00 00 00 48 83 c4 20 5d c3 cc 40 55 48 8b
0x00007ffbf2b46a07:   ea 48 8b 01 33 c9 81 38 05 00 00 c0 0f 94 c1 8b
0x00007ffbf2b46a17:   c1 5d c3 cc 40 55 48 83 ec 20 48 8b ea 8a 4d 40
0x00007ffbf2b46a27:   48 83 c4 20 5d e9 f7 d2 ff ff cc 40 55 48 83 ec
0x00007ffbf2b46a37:   20 48 8b ea 8a 4d 20 e8 e5 d2 ff ff 90 48 83 c4
0x00007ffbf2b46a47:   20 5d c3 cc 40 55 48 83 ec 20 48 8b ea 48 83 c4
0x00007ffbf2b46a57:   20 5d e9 46 d1 ff ff cc 40 55 48 83 ec 30 48 8b
0x00007ffbf2b46a67:   ea 48 8b 01 8b 10 48 89 4c 24 28 89 54 24 20 4c
0x00007ffbf2b46a77:   8d 0d e7 d5 ff ff 4c 8b 45 70 8b 55 68 48 8b 4d
0x00007ffbf2b46a87:   60 e8 87 d0 ff ff 90 48 83 c4 30 5d c3 cc cc cc
0x00007ffbf2b46a97:   cc cc cc cc cc cc cc cc cc 40 53 48 83 ec 20 48
0x00007ffbf2b46aa7:   8b 1d 83 30 01 00 48 85 db 74 16 e8 09 8b ff ff
0x00007ffbf2b46ab7:   4c 8b 00 48 8b d3 48 8b c8 41 ff 90 b0 00 00 00
0x00007ffbf2b46ac7:   90 48 83 c4 20 5b c3 cc cc 40 53 48 83 ec 20 48
0x00007ffbf2b46ad7:   8b 1d fb 31 01 00 48 85 db 74 57 b8 ff ff ff ff
0x00007ffbf2b46ae7:   f0 0f c1 43 10 83 f8 01 75 3d 48 85 db 74 38 48
0x00007ffbf2b46af7:   8b 0b 48 85 c9 74 0d ff 15 a4 07 00 00 48 c7 03
0x00007ffbf2b46b07:   00 00 00 00 48 8b 4b 08 48 85 c9 74 0d e8 a7 cd
0x00007ffbf2b46b17:   ff ff 48 c7 43 08 00 00 00 00 ba 18 00 00 00 48
0x00007ffbf2b46b27:   8b cb e8 92 cd ff ff 48 c7 05 9f 31 01 00 00 00
0x00007ffbf2b46b37:   00 00 48 83 c4 20 5b c3 cc 40 53 48 83 ec 20 48
0x00007ffbf2b46b47:   8b 1d 6b 31 01 00 48 85 db 74 57 b8 ff ff ff ff
0x00007ffbf2b46b57:   f0 0f c1 43 10 83 f8 01 75 3d 48 85 db 74 38 48
0x00007ffbf2b46b67:   8b 0b 48 85 c9 74 0d ff 15 34 07 00 00 48 c7 03
0x00007ffbf2b46b77:   00 00 00 00 48 8b 4b 08 48 85 c9 74 0d e8 37 cd
0x00007ffbf2b46b87:   ff ff 48 c7 43 08 00 00 00 00 ba 18 00 00 00 48
0x00007ffbf2b46b97:   8b cb e8 22 cd ff ff 48 c7 05 0f 31 01 00 00 00
0x00007ffbf2b46ba7:   00 00 48 83 c4 20 5b c3 cc 40 53 48 83 ec 20 48 


Stack slot to memory mapping:
stack at sp + 0 slots: 0x0 is NULL
stack at sp + 1 slots: 0x000001be74ecfb40 points into unknown readable memory: 0xffbfe037400a1593 | 93 15 0a 40 37 e0 bf ff
stack at sp + 2 slots: 0x00007ffbb904ea90 jvm.dll
stack at sp + 3 slots: 0x00007ffbf2b44384 glass.dll
stack at sp + 4 slots: 0x000001be74ecfb48 points into unknown readable memory: 0x0000cb74a9ca1594 | 94 15 ca a9 74 cb 00 00
stack at sp + 5 slots: 0x00007ffc182b42d6 ucrtbase.dll
stack at sp + 6 slots: 0x0000cb74a9ca1594 is an unknown value
stack at sp + 7 slots: 0x000001be00000000 points into unknown readable memory: 0x0000000000000000 | 00 00 00 00 00 00 00 00

VM_Operation (0x00000072c94ff220): Exit, mode: safepoint, requested by thread 0x000001be755c89d0


---------------  P R O C E S S  ---------------

Threads class SMR info:
_java_thread_list=0x000001be75950090, length=20, elements={
0x000001be4eaeb350, 0x000001be70030cf0, 0x000001be70031af0, 0x000001be70033b80,
0x000001be700346c0, 0x000001be70038120, 0x000001be70042ac0, 0x000001be70049950,
0x000001be7004c2e0, 0x000001be70044550, 0x000001be70044aa0, 0x000001be70044ff0,
0x000001be70043010, 0x000001be70042570, 0x000001be70041ad0, 0x000001be70042020,
0x000001be70043ab0, 0x000001be70044000, 0x000001be755c34d0, 0x000001be755c89d0
}

Java Threads: ( => current thread )
  0x000001be4eaeb350 JavaThread "main" [_thread_blocked, id=32932, stack(0x00000072c8400000,0x00000072c8500000)]
  0x000001be70030cf0 JavaThread "Reference Handler" daemon [_thread_blocked, id=18920, stack(0x00000072c8b00000,0x00000072c8c00000)]
  0x000001be70031af0 JavaThread "Finalizer" daemon [_thread_blocked, id=33260, stack(0x00000072c8c00000,0x00000072c8d00000)]
  0x000001be70033b80 JavaThread "Signal Dispatcher" daemon [_thread_blocked, id=24668, stack(0x00000072c8d00000,0x00000072c8e00000)]
  0x000001be700346c0 JavaThread "Attach Listener" daemon [_thread_blocked, id=22004, stack(0x00000072c8e00000,0x00000072c8f00000)]
  0x000001be70038120 JavaThread "Service Thread" daemon [_thread_blocked, id=2692, stack(0x00000072c8f00000,0x00000072c9000000)]
  0x000001be70042ac0 JavaThread "Monitor Deflation Thread" daemon [_thread_blocked, id=33172, stack(0x00000072c9000000,0x00000072c9100000)]
  0x000001be70049950 JavaThread "C2 CompilerThread0" daemon [_thread_blocked, id=17424, stack(0x00000072c9100000,0x00000072c9200000)]
  0x000001be7004c2e0 JavaThread "C1 CompilerThread0" daemon [_thread_blocked, id=7712, stack(0x00000072c9200000,0x00000072c9300000)]
  0x000001be70044550 JavaThread "Common-Cleaner" daemon [_thread_blocked, id=29868, stack(0x00000072c9300000,0x00000072c9400000)]
  0x000001be70044aa0 JavaThread "Monitor Ctrl-Break" daemon [_thread_in_native, id=27588, stack(0x00000072c9600000,0x00000072c9700000)]
  0x000001be70044ff0 JavaThread "Notification Thread" daemon [_thread_blocked, id=27660, stack(0x00000072c9700000,0x00000072c9800000)]
  0x000001be70043010 JavaThread "QuantumRenderer-0" daemon [_thread_blocked, id=22320, stack(0x00000072c9900000,0x00000072c9a00000)]
  0x000001be70042570 JavaThread "InvokeLaterDispatcher" daemon [_thread_blocked, id=31032, stack(0x00000072c9500000,0x00000072c9600000)]
  0x000001be70041ad0 JavaThread "JavaFX Application Thread" [_thread_in_native, id=33092, stack(0x00000072c9a00000,0x00000072c9b00000)]
  0x000001be70042020 JavaThread "Thread-1" daemon [_thread_in_native, id=19528, stack(0x00000072c9e00000,0x00000072c9f00000)]
  0x000001be70043ab0 JavaThread "JavaFX-Launcher" [_thread_blocked, id=30344, stack(0x00000072c9f00000,0x00000072ca000000)]
  0x000001be70044000 JavaThread "Prism Font Disposer" daemon [_thread_blocked, id=31036, stack(0x00000072ca800000,0x00000072ca900000)]
  0x000001be755c34d0 JavaThread "Cleaner-0" daemon [_thread_blocked, id=30500, stack(0x00000072ca900000,0x00000072caa00000)]
  0x000001be755c89d0 JavaThread "SIGINT handler" daemon [_thread_blocked, id=19236, stack(0x00000072c9400000,0x00000072c9500000)]

Other Threads:
=>0x000001be70014b00 VMThread "VM Thread" [stack: 0x00000072c8a00000,0x00000072c8b00000] [id=29600]
  0x000001be4eb59700 WorkerThread "GC Thread#0" [stack: 0x00000072c8500000,0x00000072c8600000] [id=30516]
  0x000001be75288b10 WorkerThread "GC Thread#1" [stack: 0x00000072ca000000,0x00000072ca100000] [id=29200]
  0x000001be751dee10 WorkerThread "GC Thread#2" [stack: 0x00000072ca100000,0x00000072ca200000] [id=25196]
  0x000001be752adbf0 WorkerThread "GC Thread#3" [stack: 0x00000072ca200000,0x00000072ca300000] [id=28952]
  0x000001be752ad920 WorkerThread "GC Thread#4" [stack: 0x00000072ca300000,0x00000072ca400000] [id=5012]
  0x000001be752ad0b0 WorkerThread "GC Thread#5" [stack: 0x00000072ca400000,0x00000072ca500000] [id=27416]
  0x000001be752ad380 WorkerThread "GC Thread#6" [stack: 0x00000072cae00000,0x00000072caf00000] [id=31864]
  0x000001be752ae730 WorkerThread "GC Thread#7" [stack: 0x00000072caf00000,0x00000072cb000000] [id=19044]
  0x000001be4eb6a5b0 ConcurrentGCThread "G1 Main Marker" terminated
  0x000001be4eb6c790 WorkerThread "G1 Conc#0" [stack: 0x00000072c8700000,0x00000072c8800000] [id=27572]
  0x000001be6fed44e0 ConcurrentGCThread "G1 Refine#0" terminated
  0x000001be4ebbd880 ConcurrentGCThread "G1 Service" terminated

Threads with active compile tasks:

VM state: at safepoint (shutting down)

VM Mutex/Monitor currently owned by a thread:  ([mutex/lock_event])
[0x000001be4eae6220] Threads_lock - owner thread: 0x000001be70014b00
[0x000001be4eae83e0] Heap_lock - owner thread: 0x000001be755c89d0

Heap address: 0x0000000702000000, size: 4064 MB, Compressed Oops mode: Zero based, Oop shift amount: 3

CDS archive(s) mapped at: [0x0000000800000000-0x0000000800c60000-0x0000000800c60000), size 12976128, SharedBaseAddress: 0x0000000800000000, ArchiveRelocationMode: 0.
Compressed class space mapped at: 0x0000000801000000-0x0000000841000000, reserved size: 1073741824
Narrow klass base: 0x0000000800000000, Narrow klass shift: 0, Narrow klass range: 0x100000000

GC Precious Log:
 CardTable entry size: 512
 Card Set container configuration: InlinePtr #cards 4 size 8 Array Of Cards #cards 16 size 48 Howl #buckets 8 coarsen threshold 3686 Howl Bitmap #cards 512 size 80 coarsen threshold 460 Card regions per heap region 1 cards per card region 4096
 CPUs: 8 total, 8 available
 Memory: 16254M
 Large Page Support: Disabled
 NUMA Support: Disabled
 Compressed Oops: Enabled (Zero based)
 Heap Region Size: 2M
 Heap Min Capacity: 8M
 Heap Initial Capacity: 254M
 Heap Max Capacity: 4064M
 Pre-touch: Disabled
 Parallel Workers: 8
 Concurrent Workers: 2
 Concurrent Refinement Workers: 8
 Periodic GC: Disabled

Heap:
 garbage-first heap   total 260096K, used 30643K [0x0000000702000000, 0x0000000800000000)
  region size 2048K, 14 young (28672K), 3 survivors (6144K)
 Metaspace       used 17984K, committed 18304K, reserved 1114112K
  class space    used 2522K, committed 2688K, reserved 1048576K

Heap Regions: E=young(eden), S=young(survivor), O=old, HS=humongous(starts), HC=humongous(continues), CS=collection set, F=free, OA=open archive, CA=closed archive, TAMS=top-at-mark-start, PB=parsable bottom
|   0|0x0000000702000000, 0x0000000702200000, 0x0000000702200000|100%|HS|  |TAMS 0x0000000702000000| PB 0x0000000702000000| Complete 
|   1|0x0000000702200000, 0x00000007023ecc00, 0x0000000702400000| 96%| O|  |TAMS 0x0000000702200000| PB 0x0000000702200000| Untracked 
|   2|0x0000000702400000, 0x0000000702600000, 0x0000000702600000|100%|HS|  |TAMS 0x0000000702400000| PB 0x0000000702400000| Complete 
|   3|0x0000000702600000, 0x0000000702600000, 0x0000000702800000|  0%| F|  |TAMS 0x0000000702600000| PB 0x0000000702600000| Untracked 
|   4|0x0000000702800000, 0x0000000702800000, 0x0000000702a00000|  0%| F|  |TAMS 0x0000000702800000| PB 0x0000000702800000| Untracked 
|   5|0x0000000702a00000, 0x0000000702a00000, 0x0000000702c00000|  0%| F|  |TAMS 0x0000000702a00000| PB 0x0000000702a00000| Untracked 
|   6|0x0000000702c00000, 0x0000000702c00000, 0x0000000702e00000|  0%| F|  |TAMS 0x0000000702c00000| PB 0x0000000702c00000| Untracked 
|   7|0x0000000702e00000, 0x0000000702e00000, 0x0000000703000000|  0%| F|  |TAMS 0x0000000702e00000| PB 0x0000000702e00000| Untracked 
|   8|0x0000000703000000, 0x0000000703000000, 0x0000000703200000|  0%| F|  |TAMS 0x0000000703000000| PB 0x0000000703000000| Untracked 
|   9|0x0000000703200000, 0x0000000703200000, 0x0000000703400000|  0%| F|  |TAMS 0x0000000703200000| PB 0x0000000703200000| Untracked 
|  10|0x0000000703400000, 0x0000000703400000, 0x0000000703600000|  0%| F|  |TAMS 0x0000000703400000| PB 0x0000000703400000| Untracked 
|  11|0x0000000703600000, 0x0000000703600000, 0x0000000703800000|  0%| F|  |TAMS 0x0000000703600000| PB 0x0000000703600000| Untracked 
|  12|0x0000000703800000, 0x0000000703800000, 0x0000000703a00000|  0%| F|  |TAMS 0x0000000703800000| PB 0x0000000703800000| Untracked 
|  13|0x0000000703a00000, 0x0000000703a00000, 0x0000000703c00000|  0%| F|  |TAMS 0x0000000703a00000| PB 0x0000000703a00000| Untracked 
|  14|0x0000000703c00000, 0x0000000703c00000, 0x0000000703e00000|  0%| F|  |TAMS 0x0000000703c00000| PB 0x0000000703c00000| Untracked 
|  15|0x0000000703e00000, 0x0000000703e00000, 0x0000000704000000|  0%| F|  |TAMS 0x0000000703e00000| PB 0x0000000703e00000| Untracked 
|  16|0x0000000704000000, 0x0000000704000000, 0x0000000704200000|  0%| F|  |TAMS 0x0000000704000000| PB 0x0000000704000000| Untracked 
|  17|0x0000000704200000, 0x0000000704200000, 0x0000000704400000|  0%| F|  |TAMS 0x0000000704200000| PB 0x0000000704200000| Untracked 
|  18|0x0000000704400000, 0x0000000704400000, 0x0000000704600000|  0%| F|  |TAMS 0x0000000704400000| PB 0x0000000704400000| Untracked 
|  19|0x0000000704600000, 0x0000000704600000, 0x0000000704800000|  0%| F|  |TAMS 0x0000000704600000| PB 0x0000000704600000| Untracked 
|  20|0x0000000704800000, 0x0000000704800000, 0x0000000704a00000|  0%| F|  |TAMS 0x0000000704800000| PB 0x0000000704800000| Untracked 
|  21|0x0000000704a00000, 0x0000000704a00000, 0x0000000704c00000|  0%| F|  |TAMS 0x0000000704a00000| PB 0x0000000704a00000| Untracked 
|  22|0x0000000704c00000, 0x0000000704c00000, 0x0000000704e00000|  0%| F|  |TAMS 0x0000000704c00000| PB 0x0000000704c00000| Untracked 
|  23|0x0000000704e00000, 0x0000000704e00000, 0x0000000705000000|  0%| F|  |TAMS 0x0000000704e00000| PB 0x0000000704e00000| Untracked 
|  24|0x0000000705000000, 0x0000000705000000, 0x0000000705200000|  0%| F|  |TAMS 0x0000000705000000| PB 0x0000000705000000| Untracked 
|  25|0x0000000705200000, 0x0000000705200000, 0x0000000705400000|  0%| F|  |TAMS 0x0000000705200000| PB 0x0000000705200000| Untracked 
|  26|0x0000000705400000, 0x0000000705400000, 0x0000000705600000|  0%| F|  |TAMS 0x0000000705400000| PB 0x0000000705400000| Untracked 
|  27|0x0000000705600000, 0x0000000705600000, 0x0000000705800000|  0%| F|  |TAMS 0x0000000705600000| PB 0x0000000705600000| Untracked 
|  28|0x0000000705800000, 0x0000000705800000, 0x0000000705a00000|  0%| F|  |TAMS 0x0000000705800000| PB 0x0000000705800000| Untracked 
|  29|0x0000000705a00000, 0x0000000705a00000, 0x0000000705c00000|  0%| F|  |TAMS 0x0000000705a00000| PB 0x0000000705a00000| Untracked 
|  30|0x0000000705c00000, 0x0000000705c00000, 0x0000000705e00000|  0%| F|  |TAMS 0x0000000705c00000| PB 0x0000000705c00000| Untracked 
|  31|0x0000000705e00000, 0x0000000705e00000, 0x0000000706000000|  0%| F|  |TAMS 0x0000000705e00000| PB 0x0000000705e00000| Untracked 
|  32|0x0000000706000000, 0x0000000706000000, 0x0000000706200000|  0%| F|  |TAMS 0x0000000706000000| PB 0x0000000706000000| Untracked 
|  33|0x0000000706200000, 0x0000000706200000, 0x0000000706400000|  0%| F|  |TAMS 0x0000000706200000| PB 0x0000000706200000| Untracked 
|  34|0x0000000706400000, 0x0000000706400000, 0x0000000706600000|  0%| F|  |TAMS 0x0000000706400000| PB 0x0000000706400000| Untracked 
|  35|0x0000000706600000, 0x0000000706600000, 0x0000000706800000|  0%| F|  |TAMS 0x0000000706600000| PB 0x0000000706600000| Untracked 
|  36|0x0000000706800000, 0x0000000706800000, 0x0000000706a00000|  0%| F|  |TAMS 0x0000000706800000| PB 0x0000000706800000| Untracked 
|  37|0x0000000706a00000, 0x0000000706a00000, 0x0000000706c00000|  0%| F|  |TAMS 0x0000000706a00000| PB 0x0000000706a00000| Untracked 
|  38|0x0000000706c00000, 0x0000000706c00000, 0x0000000706e00000|  0%| F|  |TAMS 0x0000000706c00000| PB 0x0000000706c00000| Untracked 
|  39|0x0000000706e00000, 0x0000000706e00000, 0x0000000707000000|  0%| F|  |TAMS 0x0000000706e00000| PB 0x0000000706e00000| Untracked 
|  40|0x0000000707000000, 0x0000000707000000, 0x0000000707200000|  0%| F|  |TAMS 0x0000000707000000| PB 0x0000000707000000| Untracked 
|  41|0x0000000707200000, 0x0000000707200000, 0x0000000707400000|  0%| F|  |TAMS 0x0000000707200000| PB 0x0000000707200000| Untracked 
|  42|0x0000000707400000, 0x0000000707400000, 0x0000000707600000|  0%| F|  |TAMS 0x0000000707400000| PB 0x0000000707400000| Untracked 
|  43|0x0000000707600000, 0x0000000707600000, 0x0000000707800000|  0%| F|  |TAMS 0x0000000707600000| PB 0x0000000707600000| Untracked 
|  44|0x0000000707800000, 0x0000000707800000, 0x0000000707a00000|  0%| F|  |TAMS 0x0000000707800000| PB 0x0000000707800000| Untracked 
|  45|0x0000000707a00000, 0x0000000707a00000, 0x0000000707c00000|  0%| F|  |TAMS 0x0000000707a00000| PB 0x0000000707a00000| Untracked 
|  46|0x0000000707c00000, 0x0000000707c00000, 0x0000000707e00000|  0%| F|  |TAMS 0x0000000707c00000| PB 0x0000000707c00000| Untracked 
|  47|0x0000000707e00000, 0x0000000707e00000, 0x0000000708000000|  0%| F|  |TAMS 0x0000000707e00000| PB 0x0000000707e00000| Untracked 
|  48|0x0000000708000000, 0x0000000708000000, 0x0000000708200000|  0%| F|  |TAMS 0x0000000708000000| PB 0x0000000708000000| Untracked 
|  49|0x0000000708200000, 0x0000000708200000, 0x0000000708400000|  0%| F|  |TAMS 0x0000000708200000| PB 0x0000000708200000| Untracked 
|  50|0x0000000708400000, 0x0000000708400000, 0x0000000708600000|  0%| F|  |TAMS 0x0000000708400000| PB 0x0000000708400000| Untracked 
|  51|0x0000000708600000, 0x0000000708600000, 0x0000000708800000|  0%| F|  |TAMS 0x0000000708600000| PB 0x0000000708600000| Untracked 
|  52|0x0000000708800000, 0x0000000708800000, 0x0000000708a00000|  0%| F|  |TAMS 0x0000000708800000| PB 0x0000000708800000| Untracked 
|  53|0x0000000708a00000, 0x0000000708a00000, 0x0000000708c00000|  0%| F|  |TAMS 0x0000000708a00000| PB 0x0000000708a00000| Untracked 
|  54|0x0000000708c00000, 0x0000000708c00000, 0x0000000708e00000|  0%| F|  |TAMS 0x0000000708c00000| PB 0x0000000708c00000| Untracked 
|  55|0x0000000708e00000, 0x0000000708e00000, 0x0000000709000000|  0%| F|  |TAMS 0x0000000708e00000| PB 0x0000000708e00000| Untracked 
|  56|0x0000000709000000, 0x0000000709000000, 0x0000000709200000|  0%| F|  |TAMS 0x0000000709000000| PB 0x0000000709000000| Untracked 
|  57|0x0000000709200000, 0x0000000709200000, 0x0000000709400000|  0%| F|  |TAMS 0x0000000709200000| PB 0x0000000709200000| Untracked 
|  58|0x0000000709400000, 0x0000000709400000, 0x0000000709600000|  0%| F|  |TAMS 0x0000000709400000| PB 0x0000000709400000| Untracked 
|  59|0x0000000709600000, 0x0000000709600000, 0x0000000709800000|  0%| F|  |TAMS 0x0000000709600000| PB 0x0000000709600000| Untracked 
|  60|0x0000000709800000, 0x0000000709800000, 0x0000000709a00000|  0%| F|  |TAMS 0x0000000709800000| PB 0x0000000709800000| Untracked 
|  61|0x0000000709a00000, 0x0000000709a00000, 0x0000000709c00000|  0%| F|  |TAMS 0x0000000709a00000| PB 0x0000000709a00000| Untracked 
|  62|0x0000000709c00000, 0x0000000709c00000, 0x0000000709e00000|  0%| F|  |TAMS 0x0000000709c00000| PB 0x0000000709c00000| Untracked 
|  63|0x0000000709e00000, 0x0000000709e00000, 0x000000070a000000|  0%| F|  |TAMS 0x0000000709e00000| PB 0x0000000709e00000| Untracked 
|  64|0x000000070a000000, 0x000000070a000000, 0x000000070a200000|  0%| F|  |TAMS 0x000000070a000000| PB 0x000000070a000000| Untracked 
|  65|0x000000070a200000, 0x000000070a200000, 0x000000070a400000|  0%| F|  |TAMS 0x000000070a200000| PB 0x000000070a200000| Untracked 
|  66|0x000000070a400000, 0x000000070a400000, 0x000000070a600000|  0%| F|  |TAMS 0x000000070a400000| PB 0x000000070a400000| Untracked 
|  67|0x000000070a600000, 0x000000070a600000, 0x000000070a800000|  0%| F|  |TAMS 0x000000070a600000| PB 0x000000070a600000| Untracked 
|  68|0x000000070a800000, 0x000000070a800000, 0x000000070aa00000|  0%| F|  |TAMS 0x000000070a800000| PB 0x000000070a800000| Untracked 
|  69|0x000000070aa00000, 0x000000070aa00000, 0x000000070ac00000|  0%| F|  |TAMS 0x000000070aa00000| PB 0x000000070aa00000| Untracked 
|  70|0x000000070ac00000, 0x000000070ac00000, 0x000000070ae00000|  0%| F|  |TAMS 0x000000070ac00000| PB 0x000000070ac00000| Untracked 
|  71|0x000000070ae00000, 0x000000070ae00000, 0x000000070b000000|  0%| F|  |TAMS 0x000000070ae00000| PB 0x000000070ae00000| Untracked 
|  72|0x000000070b000000, 0x000000070b000000, 0x000000070b200000|  0%| F|  |TAMS 0x000000070b000000| PB 0x000000070b000000| Untracked 
|  73|0x000000070b200000, 0x000000070b200000, 0x000000070b400000|  0%| F|  |TAMS 0x000000070b200000| PB 0x000000070b200000| Untracked 
|  74|0x000000070b400000, 0x000000070b400000, 0x000000070b600000|  0%| F|  |TAMS 0x000000070b400000| PB 0x000000070b400000| Untracked 
|  75|0x000000070b600000, 0x000000070b600000, 0x000000070b800000|  0%| F|  |TAMS 0x000000070b600000| PB 0x000000070b600000| Untracked 
|  76|0x000000070b800000, 0x000000070b800000, 0x000000070ba00000|  0%| F|  |TAMS 0x000000070b800000| PB 0x000000070b800000| Untracked 
|  77|0x000000070ba00000, 0x000000070ba00000, 0x000000070bc00000|  0%| F|  |TAMS 0x000000070ba00000| PB 0x000000070ba00000| Untracked 
|  78|0x000000070bc00000, 0x000000070bc00000, 0x000000070be00000|  0%| F|  |TAMS 0x000000070bc00000| PB 0x000000070bc00000| Untracked 
|  79|0x000000070be00000, 0x000000070be00000, 0x000000070c000000|  0%| F|  |TAMS 0x000000070be00000| PB 0x000000070be00000| Untracked 
|  80|0x000000070c000000, 0x000000070c000000, 0x000000070c200000|  0%| F|  |TAMS 0x000000070c000000| PB 0x000000070c000000| Untracked 
|  81|0x000000070c200000, 0x000000070c200000, 0x000000070c400000|  0%| F|  |TAMS 0x000000070c200000| PB 0x000000070c200000| Untracked 
|  82|0x000000070c400000, 0x000000070c400000, 0x000000070c600000|  0%| F|  |TAMS 0x000000070c400000| PB 0x000000070c400000| Untracked 
|  83|0x000000070c600000, 0x000000070c600000, 0x000000070c800000|  0%| F|  |TAMS 0x000000070c600000| PB 0x000000070c600000| Untracked 
|  84|0x000000070c800000, 0x000000070c800000, 0x000000070ca00000|  0%| F|  |TAMS 0x000000070c800000| PB 0x000000070c800000| Untracked 
|  85|0x000000070ca00000, 0x000000070ca00000, 0x000000070cc00000|  0%| F|  |TAMS 0x000000070ca00000| PB 0x000000070ca00000| Untracked 
|  86|0x000000070cc00000, 0x000000070cc00000, 0x000000070ce00000|  0%| F|  |TAMS 0x000000070cc00000| PB 0x000000070cc00000| Untracked 
|  87|0x000000070ce00000, 0x000000070ce00000, 0x000000070d000000|  0%| F|  |TAMS 0x000000070ce00000| PB 0x000000070ce00000| Untracked 
|  88|0x000000070d000000, 0x000000070d000000, 0x000000070d200000|  0%| F|  |TAMS 0x000000070d000000| PB 0x000000070d000000| Untracked 
|  89|0x000000070d200000, 0x000000070d200000, 0x000000070d400000|  0%| F|  |TAMS 0x000000070d200000| PB 0x000000070d200000| Untracked 
|  90|0x000000070d400000, 0x000000070d400000, 0x000000070d600000|  0%| F|  |TAMS 0x000000070d400000| PB 0x000000070d400000| Untracked 
|  91|0x000000070d600000, 0x000000070d600000, 0x000000070d800000|  0%| F|  |TAMS 0x000000070d600000| PB 0x000000070d600000| Untracked 
|  92|0x000000070d800000, 0x000000070d800000, 0x000000070da00000|  0%| F|  |TAMS 0x000000070d800000| PB 0x000000070d800000| Untracked 
|  93|0x000000070da00000, 0x000000070da00000, 0x000000070dc00000|  0%| F|  |TAMS 0x000000070da00000| PB 0x000000070da00000| Untracked 
|  94|0x000000070dc00000, 0x000000070dc00000, 0x000000070de00000|  0%| F|  |TAMS 0x000000070dc00000| PB 0x000000070dc00000| Untracked 
|  95|0x000000070de00000, 0x000000070de00000, 0x000000070e000000|  0%| F|  |TAMS 0x000000070de00000| PB 0x000000070de00000| Untracked 
|  96|0x000000070e000000, 0x000000070e000000, 0x000000070e200000|  0%| F|  |TAMS 0x000000070e000000| PB 0x000000070e000000| Untracked 
|  97|0x000000070e200000, 0x000000070e200000, 0x000000070e400000|  0%| F|  |TAMS 0x000000070e200000| PB 0x000000070e200000| Untracked 
|  98|0x000000070e400000, 0x000000070e400000, 0x000000070e600000|  0%| F|  |TAMS 0x000000070e400000| PB 0x000000070e400000| Untracked 
|  99|0x000000070e600000, 0x000000070e600000, 0x000000070e800000|  0%| F|  |TAMS 0x000000070e600000| PB 0x000000070e600000| Untracked 
| 100|0x000000070e800000, 0x000000070e800000, 0x000000070ea00000|  0%| F|  |TAMS 0x000000070e800000| PB 0x000000070e800000| Untracked 
| 101|0x000000070ea00000, 0x000000070ea00000, 0x000000070ec00000|  0%| F|  |TAMS 0x000000070ea00000| PB 0x000000070ea00000| Untracked 
| 102|0x000000070ec00000, 0x000000070ec00000, 0x000000070ee00000|  0%| F|  |TAMS 0x000000070ec00000| PB 0x000000070ec00000| Untracked 
| 103|0x000000070ee00000, 0x000000070ee00000, 0x000000070f000000|  0%| F|  |TAMS 0x000000070ee00000| PB 0x000000070ee00000| Untracked 
| 104|0x000000070f000000, 0x000000070f200000, 0x000000070f200000|100%| S|CS|TAMS 0x000000070f000000| PB 0x000000070f000000| Complete 
| 105|0x000000070f200000, 0x000000070f400000, 0x000000070f400000|100%| S|CS|TAMS 0x000000070f200000| PB 0x000000070f200000| Complete 
| 106|0x000000070f400000, 0x000000070f600000, 0x000000070f600000|100%| S|CS|TAMS 0x000000070f400000| PB 0x000000070f400000| Complete 
| 107|0x000000070f600000, 0x000000070f600000, 0x000000070f800000|  0%| F|  |TAMS 0x000000070f600000| PB 0x000000070f600000| Untracked 
| 108|0x000000070f800000, 0x000000070f800000, 0x000000070fa00000|  0%| F|  |TAMS 0x000000070f800000| PB 0x000000070f800000| Untracked 
| 109|0x000000070fa00000, 0x000000070fa00000, 0x000000070fc00000|  0%| F|  |TAMS 0x000000070fa00000| PB 0x000000070fa00000| Untracked 
| 110|0x000000070fc00000, 0x000000070fc00000, 0x000000070fe00000|  0%| F|  |TAMS 0x000000070fc00000| PB 0x000000070fc00000| Untracked 
| 111|0x000000070fe00000, 0x000000070fe00000, 0x0000000710000000|  0%| F|  |TAMS 0x000000070fe00000| PB 0x000000070fe00000| Untracked 
| 112|0x0000000710000000, 0x0000000710000000, 0x0000000710200000|  0%| F|  |TAMS 0x0000000710000000| PB 0x0000000710000000| Untracked 
| 113|0x0000000710200000, 0x0000000710200000, 0x0000000710400000|  0%| F|  |TAMS 0x0000000710200000| PB 0x0000000710200000| Untracked 
| 114|0x0000000710400000, 0x0000000710400000, 0x0000000710600000|  0%| F|  |TAMS 0x0000000710400000| PB 0x0000000710400000| Untracked 
| 115|0x0000000710600000, 0x0000000710600000, 0x0000000710800000|  0%| F|  |TAMS 0x0000000710600000| PB 0x0000000710600000| Untracked 
| 116|0x0000000710800000, 0x0000000710848330, 0x0000000710a00000| 14%| E|  |TAMS 0x0000000710800000| PB 0x0000000710800000| Complete 
| 117|0x0000000710a00000, 0x0000000710c00000, 0x0000000710c00000|100%| E|CS|TAMS 0x0000000710a00000| PB 0x0000000710a00000| Complete 
| 118|0x0000000710c00000, 0x0000000710e00000, 0x0000000710e00000|100%| E|CS|TAMS 0x0000000710c00000| PB 0x0000000710c00000| Complete 
| 119|0x0000000710e00000, 0x0000000711000000, 0x0000000711000000|100%| E|CS|TAMS 0x0000000710e00000| PB 0x0000000710e00000| Complete 
| 120|0x0000000711000000, 0x0000000711200000, 0x0000000711200000|100%| E|CS|TAMS 0x0000000711000000| PB 0x0000000711000000| Complete 
| 121|0x0000000711200000, 0x0000000711400000, 0x0000000711400000|100%| E|  |TAMS 0x0000000711200000| PB 0x0000000711200000| Complete 
| 122|0x0000000711400000, 0x0000000711600000, 0x0000000711600000|100%| E|CS|TAMS 0x0000000711400000| PB 0x0000000711400000| Complete 
| 123|0x0000000711600000, 0x0000000711800000, 0x0000000711800000|100%| E|CS|TAMS 0x0000000711600000| PB 0x0000000711600000| Complete 
| 124|0x0000000711800000, 0x0000000711a00000, 0x0000000711a00000|100%| E|CS|TAMS 0x0000000711800000| PB 0x0000000711800000| Complete 
| 125|0x0000000711a00000, 0x0000000711c00000, 0x0000000711c00000|100%| E|CS|TAMS 0x0000000711a00000| PB 0x0000000711a00000| Complete 
| 126|0x0000000711c00000, 0x0000000711e00000, 0x0000000711e00000|100%| E|CS|TAMS 0x0000000711c00000| PB 0x0000000711c00000| Complete 

Card table byte_map: [0x000001be68620000,0x000001be68e10000] _byte_map_base: 0x000001be64e10000

Marking Bits: (CMBitMap*) 0x000001be4eb59d30
 Bits: [0x000001be69600000, 0x000001be6d580000)

Polling page: 0x000001be4ebc0000

Metaspace:

Usage:
  Non-class:     15.10 MB used.
      Class:      2.46 MB used.
       Both:     17.56 MB used.

Virtual space:
  Non-class space:       64.00 MB reserved,      15.25 MB ( 24%) committed,  1 nodes.
      Class space:        1.00 GB reserved,       2.62 MB ( <1%) committed,  1 nodes.
             Both:        1.06 GB reserved,      17.88 MB (  2%) committed. 

Chunk freelists:
   Non-Class:  583.00 KB
       Class:  1.37 MB
        Both:  1.94 MB

MaxMetaspaceSize: unlimited
CompressedClassSpaceSize: 1.00 GB
Initial GC threshold: 21.00 MB
Current GC threshold: 21.00 MB
CDS: on
MetaspaceReclaimPolicy: balanced
 - commit_granule_bytes: 65536.
 - commit_granule_words: 8192.
 - virtual_space_node_default_size: 8388608.
 - enlarge_chunks_in_place: 1.
 - new_chunks_are_fully_committed: 0.
 - uncommit_free_chunks: 1.
 - use_allocation_guard: 0.


Internal statistics:

num_allocs_failed_limit: 0.
num_arena_births: 396.
num_arena_deaths: 0.
num_vsnodes_births: 2.
num_vsnodes_deaths: 0.
num_space_committed: 286.
num_space_uncommitted: 0.
num_chunks_returned_to_freelist: 0.
num_chunks_taken_from_freelist: 1000.
num_chunk_merges: 0.
num_chunk_splits: 664.
num_chunks_enlarged: 479.
num_inconsistent_stats: 0.

CodeHeap 'non-profiled nmethods': size=120000Kb used=1490Kb max_used=1490Kb free=118509Kb
 bounds [0x000001be5fe90000, 0x000001be60100000, 0x000001be673c0000]
CodeHeap 'profiled nmethods': size=120000Kb used=6901Kb max_used=6901Kb free=113098Kb
 bounds [0x000001be583c0000, 0x000001be58a80000, 0x000001be5f8f0000]
CodeHeap 'non-nmethods': size=5760Kb used=1869Kb max_used=1926Kb free=3890Kb
 bounds [0x000001be5f8f0000, 0x000001be5fb60000, 0x000001be5fe90000]
 total_blobs=4286 nmethods=3464 adapters=732
 compilation: enabled
              stopped_count=0, restarted_count=0
 full_count=0

Compilation events (20 events):
Event: 29.385 Thread 0x000001be7004c2e0 3456       3       javafx.scene.text.Text::getWrappingWidth (19 bytes)
Event: 29.385 Thread 0x000001be7004c2e0 nmethod 3456 0x000001be58a73a90 code [0x000001be58a73c40, 0x000001be58a73ff8]
Event: 29.385 Thread 0x000001be7004c2e0 3458       3       javafx.scene.text.Text::getTextOrigin (29 bytes)
Event: 29.386 Thread 0x000001be7004c2e0 nmethod 3458 0x000001be58a74110 code [0x000001be58a742e0, 0x000001be58a74860]
Event: 29.387 Thread 0x000001be7004c2e0 3459       3       javafx.scene.text.Text::getY (19 bytes)
Event: 29.387 Thread 0x000001be7004c2e0 nmethod 3459 0x000001be58a74a10 code [0x000001be58a74bc0, 0x000001be58a74f78]
Event: 30.215 Thread 0x000001be7004c2e0 3460       3       javafx.scene.Node::getLocalBounds (162 bytes)
Event: 30.216 Thread 0x000001be7004c2e0 nmethod 3460 0x000001be58a75090 code [0x000001be58a753e0, 0x000001be58a76c58]
Event: 30.239 Thread 0x000001be7004c2e0 3461   !   3       javafx.scene.Node::intersectsBounds (1005 bytes)
Event: 30.239 Thread 0x000001be70049950 3462       4       com.sun.javafx.util.TempState::getInstance (10 bytes)
Event: 30.241 Thread 0x000001be70049950 nmethod 3462 0x000001be60003690 code [0x000001be60003820, 0x000001be600039b0]
Event: 30.242 Thread 0x000001be7004c2e0 nmethod 3461 0x000001be58a77210 code [0x000001be58a778c0, 0x000001be58a7b530]
Event: 30.311 Thread 0x000001be7004c2e0 3463       3       com.sun.javafx.collections.VetoableListDecorator$VetoableIteratorDecorator::<init> (36 bytes)
Event: 30.311 Thread 0x000001be7004c2e0 nmethod 3463 0x000001be58a7c790 code [0x000001be58a7c940, 0x000001be58a7cc90]
Event: 30.511 Thread 0x000001be70049950 3464       4       javafx.scene.Node::localToScene (21 bytes)
Event: 30.519 Thread 0x000001be70049950 nmethod 3464 0x000001be60003c10 code [0x000001be60003de0, 0x000001be600042b0]
Event: 31.199 Thread 0x000001be70049950 3465       4       com.sun.javafx.geom.PickRay::setDirection (12 bytes)
Event: 31.199 Thread 0x000001be70049950 nmethod 3465 0x000001be60004790 code [0x000001be60004900, 0x000001be600049c0]
Event: 31.590 Thread 0x000001be7004c2e0 3466       3       javafx.beans.property.ReadOnlyBooleanWrapper::fireValueChangedEvent (19 bytes)
Event: 31.590 Thread 0x000001be7004c2e0 nmethod 3466 0x000001be58a7ce10 code [0x000001be58a7cfe0, 0x000001be58a7d530]

GC Heap History (4 events):
Event: 0.974 GC heap before
{Heap before GC invocations=0 (full 0):
 garbage-first heap   total 260096K, used 20480K [0x0000000702000000, 0x0000000800000000)
  region size 2048K, 11 young (22528K), 0 survivors (0K)
 Metaspace       used 5227K, committed 5440K, reserved 1114112K
  class space    used 606K, committed 704K, reserved 1048576K
}
Event: 0.979 GC heap after
{Heap after GC invocations=1 (full 0):
 garbage-first heap   total 260096K, used 2687K [0x0000000702000000, 0x0000000800000000)
  region size 2048K, 2 young (4096K), 2 survivors (4096K)
 Metaspace       used 5227K, committed 5440K, reserved 1114112K
  class space    used 606K, committed 704K, reserved 1048576K
}
Event: 4.496 GC heap before
{Heap before GC invocations=1 (full 0):
 garbage-first heap   total 260096K, used 41599K [0x0000000702000000, 0x0000000800000000)
  region size 2048K, 20 young (40960K), 2 survivors (4096K)
 Metaspace       used 15397K, committed 15744K, reserved 1114112K
  class space    used 2096K, committed 2240K, reserved 1048576K
}
Event: 4.506 GC heap after
{Heap after GC invocations=2 (full 0):
 garbage-first heap   total 260096K, used 10163K [0x0000000702000000, 0x0000000800000000)
  region size 2048K, 3 young (6144K), 3 survivors (6144K)
 Metaspace       used 15397K, committed 15744K, reserved 1114112K
  class space    used 2096K, committed 2240K, reserved 1048576K
}

Dll operation events (20 events):
Event: 0.561 Loaded shared library C:\Users\shara\.openjfx\cache\17.0.2-ea\api-ms-win-crt-filesystem-l1-1-0.dll
Event: 0.566 Loaded shared library C:\Users\shara\.openjfx\cache\17.0.2-ea\api-ms-win-crt-heap-l1-1-0.dll
Event: 0.571 Loaded shared library C:\Users\shara\.openjfx\cache\17.0.2-ea\api-ms-win-crt-locale-l1-1-0.dll
Event: 0.575 Loaded shared library C:\Users\shara\.openjfx\cache\17.0.2-ea\api-ms-win-crt-math-l1-1-0.dll
Event: 0.579 Loaded shared library C:\Users\shara\.openjfx\cache\17.0.2-ea\api-ms-win-crt-multibyte-l1-1-0.dll
Event: 0.584 Loaded shared library C:\Users\shara\.openjfx\cache\17.0.2-ea\api-ms-win-crt-private-l1-1-0.dll
Event: 0.588 Loaded shared library C:\Users\shara\.openjfx\cache\17.0.2-ea\api-ms-win-crt-process-l1-1-0.dll
Event: 0.592 Loaded shared library C:\Users\shara\.openjfx\cache\17.0.2-ea\api-ms-win-crt-runtime-l1-1-0.dll
Event: 0.596 Loaded shared library C:\Users\shara\.openjfx\cache\17.0.2-ea\api-ms-win-crt-stdio-l1-1-0.dll
Event: 0.601 Loaded shared library C:\Users\shara\.openjfx\cache\17.0.2-ea\api-ms-win-crt-string-l1-1-0.dll
Event: 0.605 Loaded shared library C:\Users\shara\.openjfx\cache\17.0.2-ea\api-ms-win-crt-time-l1-1-0.dll
Event: 0.610 Loaded shared library C:\Users\shara\.openjfx\cache\17.0.2-ea\api-ms-win-crt-utility-l1-1-0.dll
Event: 0.634 Loaded shared library C:\Users\shara\.openjfx\cache\17.0.2-ea\ucrtbase.dll
Event: 0.640 Loaded shared library C:\Users\shara\.openjfx\cache\17.0.2-ea\vcruntime140.dll
Event: 0.645 Loaded shared library C:\Users\shara\.openjfx\cache\17.0.2-ea\vcruntime140_1.dll
Event: 0.658 Loaded shared library C:\Users\shara\.openjfx\cache\17.0.2-ea\msvcp140.dll
Event: 0.714 Loaded shared library C:\Users\shara\.openjfx\cache\17.0.2-ea\prism_d3d.dll
Event: 0.775 Loaded shared library C:\Users\shara\.openjfx\cache\17.0.2-ea\glass.dll
Event: 0.957 Loaded shared library C:\Users\shara\.jdks\openjdk-20.0.1\bin\jimage.dll
Event: 1.249 Loaded shared library C:\Users\shara\.openjfx\cache\17.0.2-ea\javafx_font.dll

Deoptimization events (20 events):
Event: 11.131 Thread 0x000001be70041ad0 DEOPT PACKING pc=0x000001be5ffc08d8 sp=0x00000072c9af3760
Event: 11.131 Thread 0x000001be70041ad0 DEOPT UNPACKING pc=0x000001be5f959d22 sp=0x00000072c9af36f8 mode 2
Event: 11.131 Thread 0x000001be70041ad0 Uncommon trap: trap_request=0xffffffde fr.pc=0x000001be5ffc08d8 relative=0x0000000000000478
Event: 11.131 Thread 0x000001be70041ad0 Uncommon trap: reason=class_check action=maybe_recompile pc=0x000001be5ffc08d8 method=javafx.scene.Node.updateLocalToParentTransform()V @ 11 c2
Event: 11.131 Thread 0x000001be70041ad0 DEOPT PACKING pc=0x000001be5ffc08d8 sp=0x00000072c9af3760
Event: 11.131 Thread 0x000001be70041ad0 DEOPT UNPACKING pc=0x000001be5f959d22 sp=0x00000072c9af36f8 mode 2
Event: 11.136 Thread 0x000001be70043010 DEOPT PACKING pc=0x000001be588d09dc sp=0x00000072c99fe020
Event: 11.136 Thread 0x000001be70043010 DEOPT UNPACKING pc=0x000001be5f95a4c2 sp=0x00000072c99fd458 mode 0
Event: 23.804 Thread 0x000001be70041ad0 Uncommon trap: trap_request=0xffffffde fr.pc=0x000001be5ffc08d8 relative=0x0000000000000478
Event: 23.804 Thread 0x000001be70041ad0 Uncommon trap: reason=class_check action=maybe_recompile pc=0x000001be5ffc08d8 method=javafx.scene.Node.updateLocalToParentTransform()V @ 11 c2
Event: 23.804 Thread 0x000001be70041ad0 DEOPT PACKING pc=0x000001be5ffc08d8 sp=0x00000072c9af1430
Event: 23.804 Thread 0x000001be70041ad0 DEOPT UNPACKING pc=0x000001be5f959d22 sp=0x00000072c9af13c8 mode 2
Event: 29.383 Thread 0x000001be70041ad0 Uncommon trap: trap_request=0xffffff45 fr.pc=0x000001be5ffdad30 relative=0x00000000000005d0
Event: 29.383 Thread 0x000001be70041ad0 Uncommon trap: reason=unstable_if action=reinterpret pc=0x000001be5ffdad30 method=javafx.scene.Node$MiscProperties.getEffect()Ljavafx/scene/effect/Effect; @ 4 c2
Event: 29.383 Thread 0x000001be70041ad0 DEOPT PACKING pc=0x000001be5ffdad30 sp=0x00000072c9aeee40
Event: 29.383 Thread 0x000001be70041ad0 DEOPT UNPACKING pc=0x000001be5f959d22 sp=0x00000072c9aeed28 mode 2
Event: 30.023 Thread 0x000001be70041ad0 Uncommon trap: trap_request=0xffffff45 fr.pc=0x000001be5ffdce38 relative=0x0000000000000c58
Event: 30.023 Thread 0x000001be70041ad0 Uncommon trap: reason=unstable_if action=reinterpret pc=0x000001be5ffdce38 method=javafx.scene.Node$MiscProperties.getEffect()Ljavafx/scene/effect/Effect; @ 4 c2
Event: 30.023 Thread 0x000001be70041ad0 DEOPT PACKING pc=0x000001be5ffdce38 sp=0x00000072c9af0640
Event: 30.023 Thread 0x000001be70041ad0 DEOPT UNPACKING pc=0x000001be5f959d22 sp=0x00000072c9af03b8 mode 2

Classes loaded (20 events):
Event: 4.348 Loading class java/lang/reflect/WildcardType done
Event: 4.348 Loading class sun/reflect/generics/reflectiveObjects/WildcardTypeImpl done
Event: 4.702 Loading class java/lang/FdLibm$Hypot
Event: 4.702 Loading class java/lang/FdLibm$Hypot done
Event: 4.702 Loading class java/lang/FdLibm
Event: 4.702 Loading class java/lang/FdLibm done
Event: 4.829 Loading class java/text/BreakIterator
Event: 4.829 Loading class java/text/BreakIterator done
Event: 4.830 Loading class sun/util/locale/provider/BreakIteratorProviderImpl
Event: 4.830 Loading class sun/util/locale/provider/BreakIteratorProviderImpl done
Event: 4.831 Loading class sun/util/locale/provider/BreakIteratorProviderImpl$GraphemeBreakIterator
Event: 4.831 Loading class sun/util/locale/provider/BreakIteratorProviderImpl$GraphemeBreakIterator done
Event: 4.831 Loading class java/text/StringCharacterIterator
Event: 4.831 Loading class java/text/StringCharacterIterator done
Event: 4.831 Loading class sun/util/locale/provider/BreakIteratorProviderImpl$CharacterIteratorCharSequence
Event: 4.831 Loading class sun/util/locale/provider/BreakIteratorProviderImpl$CharacterIteratorCharSequence done
Event: 4.831 Loading class java/text/BreakIterator$BreakIteratorCache
Event: 4.832 Loading class java/text/BreakIterator$BreakIteratorCache done
Event: 35.161 Loading class jdk/internal/misc/Signal$1
Event: 35.162 Loading class jdk/internal/misc/Signal$1 done

Classes unloaded (0 events):
No events

Classes redefined (0 events):
No events

Internal exceptions (20 events):
Event: 1.422 Thread 0x000001be70041ad0 Exception <a 'java/lang/NoSuchMethodError'{0x0000000710f82a68}: 'void java.lang.invoke.DelegatingMethodHandle$Holder.reinvoke_L(java.lang.Object, java.lang.Object, int)'> (0x0000000710f82a68) 
thrown [s\open\src\hotspot\share\interpreter\linkResolver.cpp, line 773]
Event: 1.447 Thread 0x000001be70041ad0 Implicit null exception at 0x000001be5fecf266 to 0x000001be5fecf488
Event: 1.465 Thread 0x000001be70041ad0 Implicit null exception at 0x000001be5ff0fc20 to 0x000001be5ff0febc
Event: 1.465 Thread 0x000001be70041ad0 Implicit null exception at 0x000001be5ff09e20 to 0x000001be5ff0a0a4
Event: 1.466 Thread 0x000001be70041ad0 Implicit null exception at 0x000001be5fead420 to 0x000001be5fead600
Event: 1.541 Thread 0x000001be70041ad0 Implicit null exception at 0x000001be5ff11212 to 0x000001be5ff11888
Event: 1.632 Thread 0x000001be70041ad0 Exception <a 'java/lang/IncompatibleClassChangeError'{0x00000007109d7060}: Found class java.lang.Object, but interface was expected> (0x00000007109d7060) 
thrown [s\open\src\hotspot\share\interpreter\linkResolver.cpp, line 840]
Event: 1.692 Thread 0x000001be70041ad0 Exception <a 'java/lang/NoSuchMethodError'{0x00000007102fc228}: 'int java.lang.invoke.DirectMethodHandle$Holder.invokeSpecial(java.lang.Object, java.lang.Object, int)'> (0x00000007102fc228) 
thrown [s\open\src\hotspot\share\interpreter\linkResolver.cpp, line 773]
Event: 1.714 Thread 0x000001be70041ad0 Exception <a 'java/lang/NoSuchMethodError'{0x000000071037d800}: 'java.lang.Object java.lang.invoke.DirectMethodHandle$Holder.newInvokeSpecial(java.lang.Object, java.lang.Object, int)'> (0x000000071037d800) 
thrown [s\open\src\hotspot\share\interpreter\linkResolver.cpp, line 773]
Event: 1.746 Thread 0x000001be70043010 Exception <a 'java/lang/NoSuchMethodError'{0x0000000710052290}: 'int java.lang.invoke.DirectMethodHandle$Holder.invokeStaticInit(java.lang.Object, java.lang.Object)'> (0x0000000710052290) 
thrown [s\open\src\hotspot\share\interpreter\linkResolver.cpp, line 773]
Event: 3.056 Thread 0x000001be70041ad0 Exception <a 'java/lang/NoSuchMethodError'{0x000000070fc61fb0}: 'long java.lang.invoke.DirectMethodHandle$Holder.invokeStatic(java.lang.Object, java.lang.Object, java.lang.Object)'> (0x000000070fc61fb0) 
thrown [s\open\src\hotspot\share\interpreter\linkResolver.cpp, line 773]
Event: 3.056 Thread 0x000001be70041ad0 Exception <a 'java/lang/NoSuchMethodError'{0x000000070fc65380}: 'long java.lang.invoke.DirectMethodHandle$Holder.invokeStaticInit(java.lang.Object, java.lang.Object, java.lang.Object)'> (0x000000070fc65380) 
thrown [s\open\src\hotspot\share\interpreter\linkResolver.cpp, line 773]
Event: 3.059 Thread 0x000001be70041ad0 Exception <a 'java/lang/NoSuchMethodError'{0x000000070fc7d620}: 'java.lang.Object java.lang.invoke.DirectMethodHandle$Holder.newInvokeSpecial(java.lang.Object, java.lang.Object, long)'> (0x000000070fc7d620) 
thrown [s\open\src\hotspot\share\interpreter\linkResolver.cpp, line 773]
Event: 3.059 Thread 0x000001be70041ad0 Exception <a 'java/lang/NoSuchMethodError'{0x000000070fc80f18}: 'java.lang.Object java.lang.invoke.Invokers$Holder.linkToTargetMethod(java.lang.Object, long, java.lang.Object)'> (0x000000070fc80f18) 
thrown [s\open\src\hotspot\share\interpreter\linkResolver.cpp, line 773]
Event: 4.460 Thread 0x000001be70041ad0 Exception <a 'java/lang/ClassNotFoundException'{0x000000070f6e89a8}: com/sun/javafx/scene/control/skin/resources/controls> (0x000000070f6e89a8) 
thrown [s\open\src\hotspot\share\prims\jni.cpp, line 538]
Event: 4.462 Thread 0x000001be70041ad0 Exception <a 'java/lang/ClassNotFoundException'{0x000000070f6f6f98}: com/sun/javafx/scene/control/skin/resources/controls_en> (0x000000070f6f6f98) 
thrown [s\open\src\hotspot\share\prims\jni.cpp, line 538]
Event: 4.462 Thread 0x000001be70041ad0 Exception <a 'java/lang/ClassNotFoundException'{0x000000070f6f8758}: com/sun/javafx/scene/control/skin/resources/controls_en_GB> (0x000000070f6f8758) 
thrown [s\open\src\hotspot\share\prims\jni.cpp, line 538]
Event: 4.661 Thread 0x000001be70041ad0 Exception <a 'java/lang/NoSuchMethodError'{0x000000071193fab0}: 'void java.lang.invoke.DirectMethodHandle$Holder.invokeSpecial(java.lang.Object, java.lang.Object, java.lang.Object, java.lang.Object, java.lang.Object, java.lang.Object)'> (0x000000071193fab0) 
thrown [s\open\src\hotspot\share\interpreter\linkResolver.cpp, line 773]
Event: 4.960 Thread 0x000001be70043010 Exception <a 'java/lang/NoSuchMethodError'{0x00000007113c77a0}: 'java.lang.Object java.lang.invoke.DirectMethodHandle$Holder.invokeStaticInit(java.lang.Object, int)'> (0x00000007113c77a0) 
thrown [s\open\src\hotspot\share\interpreter\linkResolver.cpp, line 773]
Event: 5.904 Thread 0x000001be70041ad0 Exception <a 'java/lang/NoSuchMethodError'{0x00000007111c9610}: 'java.lang.Object java.lang.invoke.DirectMethodHandle$Holder.newInvokeSpecial(java.lang.Object, java.lang.Object, java.lang.Object, double, double, double, double, int, int, int, int, int, int, int, int, int)'> (0x00000007111c9610) 
thrown [s\open\src\hotspot\share\interpreter\linkResolver.cpp, line 773]

VM Operations (20 events):
Event: 11.842 Executing VM operation: Cleanup done
Event: 14.843 Executing VM operation: Cleanup
Event: 14.843 Executing VM operation: Cleanup done
Event: 19.845 Executing VM operation: Cleanup
Event: 19.845 Executing VM operation: Cleanup done
Event: 22.846 Executing VM operation: Cleanup
Event: 22.846 Executing VM operation: Cleanup done
Event: 23.847 Executing VM operation: Cleanup
Event: 23.847 Executing VM operation: Cleanup done
Event: 24.847 Executing VM operation: Cleanup
Event: 24.847 Executing VM operation: Cleanup done
Event: 27.848 Executing VM operation: Cleanup
Event: 27.849 Executing VM operation: Cleanup done
Event: 28.849 Executing VM operation: Cleanup
Event: 28.849 Executing VM operation: Cleanup done
Event: 29.849 Executing VM operation: Cleanup
Event: 29.849 Executing VM operation: Cleanup done
Event: 31.850 Executing VM operation: Cleanup
Event: 31.850 Executing VM operation: Cleanup done
Event: 35.165 Executing VM operation: Exit

Events (20 events):
Event: 0.779 Thread 0x000001be70042570 Thread added: 0x000001be70042570
Event: 0.784 Thread 0x000001be70041ad0 Thread added: 0x000001be70041ad0
Event: 0.895 Thread 0x000001be70042020 Thread added: 0x000001be70042020
Event: 0.907 Thread 0x000001be70043ab0 Thread added: 0x000001be70043ab0
Event: 1.623 Thread 0x000001be70044000 Thread added: 0x000001be70044000
Event: 1.817 Thread 0x000001be755c34d0 Thread added: 0x000001be755c34d0
Event: 2.375 Thread 0x000001be745a5590 Thread exited: 0x000001be745a5590
Event: 4.425 Thread 0x000001be75a87590 Thread added: 0x000001be75a87590
Event: 4.600 Thread 0x000001be75a76dd0 Thread added: 0x000001be75a76dd0
Event: 5.319 Thread 0x000001be75a76dd0 Thread exited: 0x000001be75a76dd0
Event: 5.343 Thread 0x000001be75a87590 Thread exited: 0x000001be75a87590
Event: 7.351 Thread 0x000001be7d949010 Thread added: 0x000001be7d949010
Event: 7.351 Thread 0x000001be7d7f9790 Thread added: 0x000001be7d7f9790
Event: 8.287 Thread 0x000001be7d7f9790 Thread exited: 0x000001be7d7f9790
Event: 8.287 Thread 0x000001be7d949010 Thread exited: 0x000001be7d949010
Event: 35.162 Thread 0x000001be755c89d0 Thread added: 0x000001be755c89d0
Event: 35.163 Thread 0x000001be755c5f50 Thread added: 0x000001be755c5f50
Event: 35.163 Thread 0x000001be755caf00 Thread added: 0x000001be755caf00
Event: 35.163 Thread 0x000001be755c5f50 Thread exited: 0x000001be755c5f50
Event: 35.164 Thread 0x000001be755caf00 Thread exited: 0x000001be755caf00


Dynamic libraries:
0x00007ff796ea0000 - 0x00007ff796eae000 	C:\Users\shara\.jdks\openjdk-20.0.1\bin\java.exe
0x00007ffc1a370000 - 0x00007ffc1a568000 	C:\WINDOWS\SYSTEM32\ntdll.dll
0x00007ffc19110000 - 0x00007ffc191cf000 	C:\WINDOWS\System32\KERNEL32.DLL
0x00007ffc17e60000 - 0x00007ffc1813a000 	C:\WINDOWS\System32\KERNELBASE.dll
0x00007ffc182a0000 - 0x00007ffc183a0000 	C:\WINDOWS\System32\ucrtbase.dll
0x00007ffbf1ea0000 - 0x00007ffbf1eb7000 	C:\Users\shara\.jdks\openjdk-20.0.1\bin\jli.dll
0x00007ffc192f0000 - 0x00007ffc1948d000 	C:\WINDOWS\System32\USER32.dll
0x00007ffc183a0000 - 0x00007ffc183c2000 	C:\WINDOWS\System32\win32u.dll
0x00007ffc19070000 - 0x00007ffc1909b000 	C:\WINDOWS\System32\GDI32.dll
0x00007ffc17bd0000 - 0x00007ffc17ce0000 	C:\WINDOWS\System32\gdi32full.dll
0x00007ffc17a80000 - 0x00007ffc17b1d000 	C:\WINDOWS\System32\msvcp_win.dll
0x00007ffbf1de0000 - 0x00007ffbf1dfb000 	C:\Users\shara\.jdks\openjdk-20.0.1\bin\VCRUNTIME140.dll
0x00007ffbf0da0000 - 0x00007ffbf103a000 	C:\WINDOWS\WinSxS\amd64_microsoft.windows.common-controls_6595b64144ccf1df_6.0.19041.1110_none_60b5254171f9507e\COMCTL32.dll
0x00007ffc19850000 - 0x00007ffc198ee000 	C:\WINDOWS\System32\msvcrt.dll
0x00007ffc18f00000 - 0x00007ffc18f30000 	C:\WINDOWS\System32\IMM32.DLL
0x00007ffbf64c0000 - 0x00007ffbf64cc000 	C:\Users\shara\.jdks\openjdk-20.0.1\bin\vcruntime140_1.dll
0x00007ffbdc120000 - 0x00007ffbdc1ae000 	C:\Users\shara\.jdks\openjdk-20.0.1\bin\msvcp140.dll
0x00007ffbb8460000 - 0x00007ffbb90f7000 	C:\Users\shara\.jdks\openjdk-20.0.1\bin\server\jvm.dll
0x00007ffc183d0000 - 0x00007ffc1847e000 	C:\WINDOWS\System32\ADVAPI32.dll
0x00007ffc1a290000 - 0x00007ffc1a32c000 	C:\WINDOWS\System32\sechost.dll
0x00007ffc19a10000 - 0x00007ffc19b36000 	C:\WINDOWS\System32\RPCRT4.dll
0x00007ffc0f4b0000 - 0x00007ffc0f4b9000 	C:\WINDOWS\SYSTEM32\WSOCK32.dll
0x00007ffc190a0000 - 0x00007ffc1910b000 	C:\WINDOWS\System32\WS2_32.dll
0x00007ffbfa700000 - 0x00007ffbfa727000 	C:\WINDOWS\SYSTEM32\WINMM.dll
0x00007ffc0fce0000 - 0x00007ffc0fcea000 	C:\WINDOWS\SYSTEM32\VERSION.dll
0x00007ffc162d0000 - 0x00007ffc162e2000 	C:\WINDOWS\SYSTEM32\kernel.appcore.dll
0x00007ffbf4880000 - 0x00007ffbf488a000 	C:\Users\shara\.jdks\openjdk-20.0.1\bin\jimage.dll
0x00007ffc15840000 - 0x00007ffc15a24000 	C:\WINDOWS\SYSTEM32\DBGHELP.DLL
0x00007ffc06b00000 - 0x00007ffc06b34000 	C:\WINDOWS\SYSTEM32\dbgcore.DLL
0x00007ffc17dd0000 - 0x00007ffc17e52000 	C:\WINDOWS\System32\bcryptPrimitives.dll
0x00007ffc0a1f0000 - 0x00007ffc0a1fe000 	C:\Users\shara\.jdks\openjdk-20.0.1\bin\instrument.dll
0x00007ffbf0580000 - 0x00007ffbf05a6000 	C:\Users\shara\.jdks\openjdk-20.0.1\bin\java.dll
0x00007ffbd6640000 - 0x00007ffbd6717000 	C:\Users\shara\.jdks\openjdk-20.0.1\bin\jsvml.dll
0x00007ffc19b40000 - 0x00007ffc1a284000 	C:\WINDOWS\System32\SHELL32.dll
0x00007ffc15b20000 - 0x00007ffc162b3000 	C:\WINDOWS\SYSTEM32\windows.storage.dll
0x00007ffc19490000 - 0x00007ffc197e4000 	C:\WINDOWS\System32\combase.dll
0x00007ffc17470000 - 0x00007ffc1749e000 	C:\WINDOWS\SYSTEM32\Wldp.dll
0x00007ffc19230000 - 0x00007ffc192dd000 	C:\WINDOWS\System32\SHCORE.dll
0x00007ffc18710000 - 0x00007ffc18765000 	C:\WINDOWS\System32\shlwapi.dll
0x00007ffc179c0000 - 0x00007ffc179df000 	C:\WINDOWS\SYSTEM32\profapi.dll
0x00007ffbf1d40000 - 0x00007ffbf1d53000 	C:\Users\shara\.jdks\openjdk-20.0.1\bin\net.dll
0x00007ffc0da80000 - 0x00007ffc0db8a000 	C:\WINDOWS\SYSTEM32\WINHTTP.dll
0x00007ffc171d0000 - 0x00007ffc1723a000 	C:\WINDOWS\system32\mswsock.dll
0x00007ffbf1cc0000 - 0x00007ffbf1cd6000 	C:\Users\shara\.jdks\openjdk-20.0.1\bin\nio.dll
0x00007ffbf1970000 - 0x00007ffbf1988000 	C:\Users\shara\.jdks\openjdk-20.0.1\bin\zip.dll
0x00007ffc08830000 - 0x00007ffc0884a000 	C:\Program Files\JetBrains\IntelliJ IDEA 2022.3.3\bin\breakgen64.dll
0x000001be701a0000 - 0x000001be701a3000 	C:\Users\shara\.openjfx\cache\17.0.2-ea\api-ms-win-core-console-l1-1-0.dll
0x000001be701b0000 - 0x000001be701b3000 	C:\Users\shara\.openjfx\cache\17.0.2-ea\api-ms-win-core-console-l1-2-0.dll
0x000001be701c0000 - 0x000001be701c3000 	C:\Users\shara\.openjfx\cache\17.0.2-ea\api-ms-win-core-datetime-l1-1-0.dll
0x000001be701d0000 - 0x000001be701d3000 	C:\Users\shara\.openjfx\cache\17.0.2-ea\api-ms-win-core-debug-l1-1-0.dll
0x000001be701e0000 - 0x000001be701e3000 	C:\Users\shara\.openjfx\cache\17.0.2-ea\api-ms-win-core-errorhandling-l1-1-0.dll
0x000001be701f0000 - 0x000001be701f4000 	C:\Users\shara\.openjfx\cache\17.0.2-ea\api-ms-win-core-file-l1-1-0.dll
0x000001be70200000 - 0x000001be70203000 	C:\Users\shara\.openjfx\cache\17.0.2-ea\api-ms-win-core-file-l1-2-0.dll
0x000001be70210000 - 0x000001be70213000 	C:\Users\shara\.openjfx\cache\17.0.2-ea\api-ms-win-core-file-l2-1-0.dll
0x000001be70220000 - 0x000001be70223000 	C:\Users\shara\.openjfx\cache\17.0.2-ea\api-ms-win-core-handle-l1-1-0.dll
0x000001be70230000 - 0x000001be70233000 	C:\Users\shara\.openjfx\cache\17.0.2-ea\api-ms-win-core-heap-l1-1-0.dll
0x000001be70240000 - 0x000001be70243000 	C:\Users\shara\.openjfx\cache\17.0.2-ea\api-ms-win-core-interlocked-l1-1-0.dll
0x000001be70250000 - 0x000001be70253000 	C:\Users\shara\.openjfx\cache\17.0.2-ea\api-ms-win-core-libraryloader-l1-1-0.dll
0x000001be70260000 - 0x000001be70263000 	C:\Users\shara\.openjfx\cache\17.0.2-ea\api-ms-win-core-localization-l1-2-0.dll
0x000001be70270000 - 0x000001be70273000 	C:\Users\shara\.openjfx\cache\17.0.2-ea\api-ms-win-core-memory-l1-1-0.dll
0x000001be70280000 - 0x000001be70283000 	C:\Users\shara\.openjfx\cache\17.0.2-ea\api-ms-win-core-namedpipe-l1-1-0.dll
0x000001be70290000 - 0x000001be70293000 	C:\Users\shara\.openjfx\cache\17.0.2-ea\api-ms-win-core-processenvironment-l1-1-0.dll
0x000001be702a0000 - 0x000001be702a3000 	C:\Users\shara\.openjfx\cache\17.0.2-ea\api-ms-win-core-processthreads-l1-1-0.dll
0x000001be702b0000 - 0x000001be702b3000 	C:\Users\shara\.openjfx\cache\17.0.2-ea\api-ms-win-core-processthreads-l1-1-1.dll
0x000001be702c0000 - 0x000001be702c3000 	C:\Users\shara\.openjfx\cache\17.0.2-ea\api-ms-win-core-profile-l1-1-0.dll
0x000001be702d0000 - 0x000001be702d3000 	C:\Users\shara\.openjfx\cache\17.0.2-ea\api-ms-win-core-rtlsupport-l1-1-0.dll
0x000001be702e0000 - 0x000001be702e3000 	C:\Users\shara\.openjfx\cache\17.0.2-ea\api-ms-win-core-string-l1-1-0.dll
0x000001be702f0000 - 0x000001be702f3000 	C:\Users\shara\.openjfx\cache\17.0.2-ea\api-ms-win-core-synch-l1-1-0.dll
0x000001be70300000 - 0x000001be70303000 	C:\Users\shara\.openjfx\cache\17.0.2-ea\api-ms-win-core-synch-l1-2-0.dll
0x000001be70310000 - 0x000001be70313000 	C:\Users\shara\.openjfx\cache\17.0.2-ea\api-ms-win-core-sysinfo-l1-1-0.dll
0x000001be70320000 - 0x000001be70323000 	C:\Users\shara\.openjfx\cache\17.0.2-ea\api-ms-win-core-timezone-l1-1-0.dll
0x000001be70330000 - 0x000001be70333000 	C:\Users\shara\.openjfx\cache\17.0.2-ea\api-ms-win-core-util-l1-1-0.dll
0x000001be70340000 - 0x000001be70343000 	C:\Users\shara\.openjfx\cache\17.0.2-ea\api-ms-win-crt-conio-l1-1-0.dll
0x000001be70350000 - 0x000001be70354000 	C:\Users\shara\.openjfx\cache\17.0.2-ea\api-ms-win-crt-convert-l1-1-0.dll
0x000001be70360000 - 0x000001be70363000 	C:\Users\shara\.openjfx\cache\17.0.2-ea\api-ms-win-crt-environment-l1-1-0.dll
0x000001be70370000 - 0x000001be70373000 	C:\Users\shara\.openjfx\cache\17.0.2-ea\api-ms-win-crt-filesystem-l1-1-0.dll
0x000001be70380000 - 0x000001be70383000 	C:\Users\shara\.openjfx\cache\17.0.2-ea\api-ms-win-crt-heap-l1-1-0.dll
0x000001be70390000 - 0x000001be70393000 	C:\Users\shara\.openjfx\cache\17.0.2-ea\api-ms-win-crt-locale-l1-1-0.dll
0x000001be703a0000 - 0x000001be703a5000 	C:\Users\shara\.openjfx\cache\17.0.2-ea\api-ms-win-crt-math-l1-1-0.dll
0x000001be703b0000 - 0x000001be703b5000 	C:\Users\shara\.openjfx\cache\17.0.2-ea\api-ms-win-crt-multibyte-l1-1-0.dll
0x000001be703c0000 - 0x000001be703d0000 	C:\Users\shara\.openjfx\cache\17.0.2-ea\api-ms-win-crt-private-l1-1-0.dll
0x000001be703d0000 - 0x000001be703d3000 	C:\Users\shara\.openjfx\cache\17.0.2-ea\api-ms-win-crt-process-l1-1-0.dll
0x000001be703e0000 - 0x000001be703e4000 	C:\Users\shara\.openjfx\cache\17.0.2-ea\api-ms-win-crt-runtime-l1-1-0.dll
0x000001be703f0000 - 0x000001be703f4000 	C:\Users\shara\.openjfx\cache\17.0.2-ea\api-ms-win-crt-stdio-l1-1-0.dll
0x000001be75fd0000 - 0x000001be75fd4000 	C:\Users\shara\.openjfx\cache\17.0.2-ea\api-ms-win-crt-string-l1-1-0.dll
0x000001be75fe0000 - 0x000001be75fe3000 	C:\Users\shara\.openjfx\cache\17.0.2-ea\api-ms-win-crt-time-l1-1-0.dll
0x000001be75ff0000 - 0x000001be75ff3000 	C:\Users\shara\.openjfx\cache\17.0.2-ea\api-ms-win-crt-utility-l1-1-0.dll
0x00007ffbe5660000 - 0x00007ffbe575c000 	C:\Users\shara\.openjfx\cache\17.0.2-ea\ucrtbase.dll
0x00007ffc061c0000 - 0x00007ffc061da000 	C:\Users\shara\.openjfx\cache\17.0.2-ea\vcruntime140.dll
0x00007ffbf3390000 - 0x00007ffbf339c000 	C:\Users\shara\.openjfx\cache\17.0.2-ea\vcruntime140_1.dll
0x00007ffbe8370000 - 0x00007ffbe83fd000 	C:\Users\shara\.openjfx\cache\17.0.2-ea\msvcp140.dll
0x00007ffbf31a0000 - 0x00007ffbf31ca000 	C:\Users\shara\.openjfx\cache\17.0.2-ea\prism_d3d.dll
0x00007ffbef950000 - 0x00007ffbefb1d000 	C:\WINDOWS\system32\d3d9.dll
0x00007ffc15390000 - 0x00007ffc153bf000 	C:\WINDOWS\SYSTEM32\dwmapi.dll
0x00007ffc150d0000 - 0x00007ffc1516e000 	C:\WINDOWS\system32\uxtheme.dll
0x00007ffbe5340000 - 0x00007ffbe54e8000 	C:\WINDOWS\System32\DriverStore\FileRepository\iigd_dch.inf_amd64_393549dac595e659\igdumdim64.dll
0x00007ffc18f30000 - 0x00007ffc1905a000 	C:\WINDOWS\System32\ole32.dll
0x00007ffb77930000 - 0x00007ffb7b54f000 	C:\WINDOWS\System32\DriverStore\FileRepository\iigd_dch.inf_amd64_393549dac595e659\igd9dxva64.dll
0x00007ffc18480000 - 0x00007ffc1854d000 	C:\WINDOWS\System32\OLEAUT32.dll
0x00007ffc18a90000 - 0x00007ffc18ef8000 	C:\WINDOWS\System32\SETUPAPI.dll
0x00007ffc17ce0000 - 0x00007ffc17d2e000 	C:\WINDOWS\System32\cfgmgr32.dll
0x00007ffc17d30000 - 0x00007ffc17d57000 	C:\WINDOWS\System32\bcrypt.dll
0x00007ffc02c80000 - 0x00007ffc03048000 	C:\WINDOWS\System32\DriverStore\FileRepository\iigd_dch.inf_amd64_393549dac595e659\igdgmm64.dll
0x00007ffbf2b20000 - 0x00007ffbf2b62000 	C:\Users\shara\.openjfx\cache\17.0.2-ea\glass.dll
0x00007ffc18930000 - 0x00007ffc18a0a000 	C:\WINDOWS\System32\COMDLG32.dll
0x00007ffc198f0000 - 0x00007ffc19a04000 	C:\WINDOWS\System32\MSCTF.dll
0x00007ffbaae30000 - 0x00007ffbaae57000 	C:\WINDOWS\System32\DriverStore\FileRepository\iigd_dch.inf_amd64_393549dac595e659\igdinfo64.dll
0x00007ffbff690000 - 0x00007ffc02c76000 	C:\WINDOWS\System32\DriverStore\FileRepository\iigd_dch.inf_amd64_393549dac595e659\igc64.dll
0x00007ffc040a0000 - 0x00007ffc040db000 	C:\WINDOWS\SYSTEM32\dxcore.dll
0x00007ffbf2450000 - 0x00007ffbf2464000 	C:\Users\shara\.openjfx\cache\17.0.2-ea\javafx_font.dll
0x00007ffbf7620000 - 0x00007ffbf789f000 	C:\WINDOWS\SYSTEM32\dwrite.dll
0x00007ffc18800000 - 0x00007ffc188a9000 	C:\WINDOWS\System32\clbcatq.dll
0x00007ffc05ab0000 - 0x00007ffc05c64000 	C:\WINDOWS\SYSTEM32\WindowsCodecs.dll
0x00007ffbe57f0000 - 0x00007ffbe582e000 	C:\WINDOWS\system32\dataexchange.dll
0x00007ffc13710000 - 0x00007ffc13973000 	C:\WINDOWS\system32\d3d11.dll
0x00007ffc14340000 - 0x00007ffc14523000 	C:\WINDOWS\system32\dcomp.dll
0x00007ffc16340000 - 0x00007ffc16433000 	C:\WINDOWS\system32\dxgi.dll
0x00007ffc0f6c0000 - 0x00007ffc0f8c0000 	C:\WINDOWS\system32\twinapi.appcore.dll
0x00007ffbefcb0000 - 0x00007ffbefce4000 	C:\Program Files\Common Files\Microsoft Shared\Ink\rtscom.dll
0x00007ffbfc6c0000 - 0x00007ffbfc7b9000 	C:\WINDOWS\SYSTEM32\textinputframework.dll
0x00007ffc14960000 - 0x00007ffc14cbe000 	C:\WINDOWS\System32\CoreUIComponents.dll
0x00007ffc14d00000 - 0x00007ffc14df2000 	C:\WINDOWS\System32\CoreMessaging.dll
0x00007ffc16c30000 - 0x00007ffc16c63000 	C:\WINDOWS\SYSTEM32\ntmarta.dll
0x00007ffc140a0000 - 0x00007ffc141f4000 	C:\WINDOWS\SYSTEM32\wintypes.dll
0x00007ffc13a80000 - 0x00007ffc14040000 	C:\WINDOWS\SYSTEM32\d2d1.dll
0x00007ffc04a00000 - 0x00007ffc050f6000 	C:\WINDOWS\SYSTEM32\D3D10Warp.dll

dbghelp: loaded successfully - version: 4.0.5 - missing functions: none
symbol engine: initialized successfully - sym options: 0x614 - pdb path: .;C:\Users\shara\.jdks\openjdk-20.0.1\bin;C:\WINDOWS\SYSTEM32;C:\WINDOWS\WinSxS\amd64_microsoft.windows.common-controls_6595b64144ccf1df_6.0.19041.1110_none_60b5254171f9507e;C:\Users\shara\.jdks\openjdk-20.0.1\bin\server;C:\Program Files\JetBrains\IntelliJ IDEA 2022.3.3\bin;C:\Users\shara\.openjfx\cache\17.0.2-ea;C:\WINDOWS\System32\DriverStore\FileRepository\iigd_dch.inf_amd64_393549dac595e659;C:\Program Files\Common Files\Microsoft Shared\Ink

VM Arguments:
jvm_args: -javaagent:C:\Program Files\JetBrains\IntelliJ IDEA 2022.3.3\lib\idea_rt.jar=61439:C:\Program Files\JetBrains\IntelliJ IDEA 2022.3.3\bin -Dfile.encoding=UTF-8 -Dsun.stdout.encoding=UTF-8 -Dsun.stderr.encoding=UTF-8 --module-path=C:\Users\shara\.m2\repository\org\openjfx\javafx-graphics\17.0.2\javafx-graphics-17.0.2-win.jar;C:\Users\shara\IdeaProjects\Demo\target\classes;C:\Users\shara\.m2\repository\org\openjfx\javafx-base\17.0.2\javafx-base-17.0.2-win.jar;C:\Users\shara\.m2\repository\org\openjfx\javafx-controls\17.0.2\javafx-controls-17.0.2-win.jar;C:\Users\shara\.m2\repository\org\openjfx\javafx-fxml\17.0.2\javafx-fxml-17.0.2-win.jar -Djdk.module.main=sample.demo 
java_command: sample.demo/sample.demo.HelloApplication
java_class_path (initial): C:\Users\shara\.m2\repository\org\openjfx\javafx-controls\17.0.2\javafx-controls-17.0.2.jar;C:\Users\shara\.m2\repository\org\openjfx\javafx-graphics\17.0.2\javafx-graphics-17.0.2.jar;C:\Users\shara\.m2\repository\org\openjfx\javafx-base\17.0.2\javafx-base-17.0.2.jar;C:\Users\shara\.m2\repository\org\openjfx\javafx-fxml\17.0.2\javafx-fxml-17.0.2.jar
Launcher Type: SUN_STANDARD

[Global flags]
     intx CICompilerCount                          = 4                                         {product} {ergonomic}
     uint ConcGCThreads                            = 2                                         {product} {ergonomic}
     uint G1ConcRefinementThreads                  = 8                                         {product} {ergonomic}
   size_t G1HeapRegionSize                         = 2097152                                   {product} {ergonomic}
    uintx GCDrainStackTargetSize                   = 64                                        {product} {ergonomic}
   size_t InitialHeapSize                          = 266338304                                 {product} {ergonomic}
   size_t MarkStackSize                            = 4194304                                   {product} {ergonomic}
   size_t MaxHeapSize                              = 4261412864                                {product} {ergonomic}
   size_t MaxNewSize                               = 2556428288                                {product} {ergonomic}
   size_t MinHeapDeltaBytes                        = 2097152                                   {product} {ergonomic}
   size_t MinHeapSize                              = 8388608                                   {product} {ergonomic}
    uintx NonNMethodCodeHeapSize                   = 5839372                                {pd product} {ergonomic}
    uintx NonProfiledCodeHeapSize                  = 122909434                              {pd product} {ergonomic}
    uintx ProfiledCodeHeapSize                     = 122909434                              {pd product} {ergonomic}
    uintx ReservedCodeCacheSize                    = 251658240                              {pd product} {ergonomic}
     bool SegmentedCodeCache                       = true                                      {product} {ergonomic}
   size_t SoftMaxHeapSize                          = 4261412864                             {manageable} {ergonomic}
     bool UseCompressedClassPointers               = true                           {product lp64_product} {ergonomic}
     bool UseCompressedOops                        = true                           {product lp64_product} {ergonomic}
     bool UseG1GC                                  = true                                      {product} {ergonomic}
     bool UseLargePagesIndividualAllocation        = false                                  {pd product} {ergonomic}

Logging:
Log output configuration:
 #0: stdout all=off uptime,level,tags foldmultilines=false
 #1: stderr all=off uptime,level,tags foldmultilines=false

Environment Variables:
PATH=C:\Users\shara\Downloads\CUserssharaDownloadsWINDOWS.X64_193000_db_home\bin;C:\Program Files\Java\jdk-11.0.2\bin;C:\WINDOWS\system32;C:\WINDOWS;C:\WINDOWS\System32\Wbem;C:\WINDOWS\System32\WindowsPowerShell\v1.0\;C:\WINDOWS\System32\OpenSSH\;C:\Program Files\Git\cmd;C:\Program Files\Git\mingw64\bin;C:\Program Files\Git\usr\bin;C:\wamp64\bin\php\php7.3.12;C:\Program Files\dotnet\;C:\Program Files\MySQL\MySQL Shell 8.0\bin\;C:\Users\shara\AppData\Local\Microsoft\WindowsApps;;C:\Program Files\JetBrains\IntelliJ IDEA Community Edition 2020.2.3\bin;;C:\Users\shara\.dotnet\tools;C:\Program Files\JetBrains\IntelliJ IDEA 2022.3.3\bin;
USERNAME=shara
OS=Windows_NT
PROCESSOR_IDENTIFIER=Intel64 Family 6 Model 142 Stepping 12, GenuineIntel
TMP=C:\Users\shara\AppData\Local\Temp
TEMP=C:\Users\shara\AppData\Local\Temp




---------------  S Y S T E M  ---------------

OS:
 Windows 10 , 64 bit Build 19041 (10.0.19041.2788)
OS uptime: 52 days 0:53 hours

CPU: total 8 (initial active 8) (4 cores per cpu, 2 threads per core) family 6 model 142 stepping 12 microcode 0xc6, cx8, cmov, fxsr, ht, mmx, 3dnowpref, sse, sse2, sse3, ssse3, sse4.1, sse4.2, popcnt, lzcnt, tsc, tscinvbit, avx, avx2, aes, erms, clmul, bmi1, bmi2, adx, fma, vzeroupper, clflush, clflushopt, rdtscp, f16c

Memory: 4k page, system-wide physical 16254M (4232M free)
TotalPageFile size 31224M (AvailPageFile size 4094M)
current process WorkingSet (physical memory assigned to process): 188M, peak: 226M
current process commit charge ("private bytes"): 429M, peak: 468M

vm_info: OpenJDK 64-Bit Server VM (20.0.1+9-29) for windows-amd64 JRE (20.0.1+9-29), built on 2023-03-07T13:56:11Z by "mach5one" with MS VC++ 17.1 (VS2022)

END.
