#
# A fatal error has been detected by the Java Runtime Environment:
#
#  EXCEPTION_ACCESS_VIOLATION (0xc0000005) at pc=0x00007ffbf0586ab7, pid=14216, tid=26852
#
# JRE version: OpenJDK Runtime Environment (20.0.1+9) (build 20.0.1+9-29)
# Java VM: OpenJDK 64-Bit Server VM (20.0.1+9-29, mixed mode, sharing, tiered, compressed oops, compressed class ptrs, g1 gc, windows-amd64)
# Problematic frame:
# C  [glass.dll+0x26ab7]
#
# No core dump will be written. Minidumps are not enabled by default on client versions of Windows
#
# If you would like to submit a bug report, please visit:
#   https://bugreport.java.com/bugreport/crash.jsp
#

---------------  S U M M A R Y ------------

Command Line: -javaagent:C:\Program Files\JetBrains\IntelliJ IDEA 2022.3.3\lib\idea_rt.jar=58730:C:\Program Files\JetBrains\IntelliJ IDEA 2022.3.3\bin -Dfile.encoding=UTF-8 -Dsun.stdout.encoding=UTF-8 -Dsun.stderr.encoding=UTF-8 --module-path=C:\Users\shara\.m2\repository\org\openjfx\javafx-controls\17.0.2\javafx-controls-17.0.2-win.jar;C:\Users\shara\.m2\repository\org\openjfx\javafx-base\17.0.2\javafx-base-17.0.2-win.jar;C:\Users\shara\.m2\repository\org\openjfx\javafx-graphics\17.0.2\javafx-graphics-17.0.2-win.jar;C:\Users\shara\.m2\repository\org\openjfx\javafx-fxml\17.0.2\javafx-fxml-17.0.2-win.jar;C:\Users\shara\IdeaProjects\Demo\target\classes -Djdk.module.main=sample.demo sample.demo/sample.demo.HelloApplication

Host: Intel(R) Core(TM) i7-8565U CPU @ 1.80GHz, 8 cores, 15G,  Windows 10 , 64 bit Build 19041 (10.0.19041.2788)
Time: Sat Jun 10 23:00:02 2023 Russia TZ 2 Standard Time elapsed time: 609.689853 seconds (0d 0h 10m 9s)

---------------  T H R E A D  ---------------

Current thread (0x00000157fc263a40):  VMThread "VM Thread" [stack: 0x0000004516c00000,0x0000004516d00000] [id=26852]

Stack: [0x0000004516c00000,0x0000004516d00000],  sp=0x0000004516cff2b0,  free space=1020k
Native frames: (J=compiled Java code, j=interpreted, Vv=VM code, C=native code)
C  [glass.dll+0x26ab7]


siginfo: EXCEPTION_ACCESS_VIOLATION (0xc0000005), reading address 0x0000000000000000


Registers:
RAX=0x0000000000000000, RBX=0x00000157fc26cd78, RCX=0x00000157fc263a40, RDX=0x0000004516cff2b0
RSP=0x0000004516cff2b0, RBP=0x00000157fd024d48, RSI=0x00000157fd024d20, RDI=0x00003540718f1168
R8 =0x0000000000010002, R9 =0x00003540718f1168, R10=0x0000000000008000, R11=0x0000004516cff240
R12=0x00007ffbf0584384, R13=0x00007ffbbd1bea90, R14=0x0000004516cff3a8, R15=0x00000157fd024d20
RIP=0x00007ffbf0586ab7, EFLAGS=0x0000000000010202


Register to memory mapping:

RIP=0x00007ffbf0586ab7 glass.dll
RAX=0x0 is NULL
RBX=0x00000157fc26cd78 is a global jni handle
RCX=0x00000157fc263a40 points into unknown readable memory: 0x00007ffbbcfe7080 | 80 70 fe bc fb 7f 00 00
RDX=0x0000004516cff2b0 points into unknown readable memory: 0x0000000000000000 | 00 00 00 00 00 00 00 00
RSP=0x0000004516cff2b0 points into unknown readable memory: 0x0000000000000000 | 00 00 00 00 00 00 00 00
RBP=0x00000157fd024d48 points into unknown readable memory: 0x00003540718f1168 | 68 11 8f 71 40 35 00 00
RSI=0x00000157fd024d20 points into unknown readable memory: 0x583ea94071f0ea98 | 98 ea f0 71 40 a9 3e 58
RDI=0x00003540718f1168 is an unknown value
R8 =0x0000000000010002 is an unknown value
R9 =0x00003540718f1168 is an unknown value
R10=0x0000000000008000 is an unknown value
R11=0x0000004516cff240 points into unknown readable memory: 0x00000157fd024d20 | 20 4d 02 fd 57 01 00 00
R12=0x00007ffbf0584384 glass.dll
R13=0x00007ffbbd1bea90 jvm.dll
R14=0x0000004516cff3a8 points into unknown readable memory: 0x0000004516cff390 | 90 f3 cf 16 45 00 00 00
R15=0x00000157fd024d20 points into unknown readable memory: 0x583ea94071f0ea98 | 98 ea f0 71 40 a9 3e 58


Top of Stack: (sp=0x0000004516cff2b0)
0x0000004516cff2b0:   0000000000000000 00000157fd024d20
0x0000004516cff2c0:   00007ffbbd1bea90 00007ffbf0584384
0x0000004516cff2d0:   00000157fd024d28 00007ffc182b42d6
0x0000004516cff2e0:   00003540718f1168 0000015700000000
0x0000004516cff2f0:   00000157fd024d48 00000157fd024d20
0x0000004516cff300:   fffffffffffffffe 0000000000000000
0x0000004516cff310:   0000000000000001 00007ffbf0560000
0x0000004516cff320:   0000004516cff398 00007ffc182b41fb
0x0000004516cff330:   0000000000000000 0000004516cff3a8
0x0000004516cff340:   0000004516cff670 00007ffc18390e40
0x0000004516cff350:   0000000000000001 00007ffc182b41b4
0x0000004516cff360:   0000000000000000 0000000000000001
0x0000004516cff370:   00007ffb00000001 0000004516cff398
0x0000004516cff380:   0000000000000000 00007ffbf0584211
0x0000004516cff390:   00007ffbf059a138 00007ffc00000002
0x0000004516cff3a0:   0000000000000002 0000004516cff390
0x0000004516cff3b0:   0000000000000000 00007ffc1a389993
0x0000004516cff3c0:   0000000000000000 00007ffbf0584336
0x0000004516cff3d0:   0000000000000001 0000000000000000
0x0000004516cff3e0:   0000000000000000 0000000000000001
0x0000004516cff3f0:   0000000000000000 0000000000000000
0x0000004516cff400:   0000000000000001 0000dbf8cce7fa9f
0x0000004516cff410:   00007ffbf0560000 000000007ffe0384
0x0000004516cff420:   0000000000000000 00007ffc1a389a1d
0x0000004516cff430:   00007ffbf0560000 0000000000000000
0x0000004516cff440:   0000000000000001 000000007ffe0385
0x0000004516cff450:   0000000002360fb8 0000004516cff670
0x0000004516cff460:   0000dbf800000000 0000000000000014
0x0000004516cff470:   0000000000000000 00007ffbf0584384
0x0000004516cff480:   00000000000003d8 00000157fd2b13b0
0x0000004516cff490:   00000157fc256300 00007ffc1a3cdcec
0x0000004516cff4a0:   00000157fd2b1260 00007ffbf0560000 

Instructions: (pc=0x00007ffbf0586ab7)
0x00007ffbf05869b7:   8b 4d 58 e8 01 cf ff ff 48 8b 4d 60 e8 f8 ce ff
0x00007ffbf05869c7:   ff 48 8b 95 80 00 00 00 48 8b 8d 18 01 00 00 e8
0x00007ffbf05869d7:   c6 c3 ff ff 33 d2 33 c9 e8 3c e1 ff ff 90 48 89
0x00007ffbf05869e7:   54 24 10 55 48 83 ec 20 48 8b ea 48 b8 00 00 00
0x00007ffbf05869f7:   00 00 00 00 00 48 83 c4 20 5d c3 cc 40 55 48 8b
0x00007ffbf0586a07:   ea 48 8b 01 33 c9 81 38 05 00 00 c0 0f 94 c1 8b
0x00007ffbf0586a17:   c1 5d c3 cc 40 55 48 83 ec 20 48 8b ea 8a 4d 40
0x00007ffbf0586a27:   48 83 c4 20 5d e9 f7 d2 ff ff cc 40 55 48 83 ec
0x00007ffbf0586a37:   20 48 8b ea 8a 4d 20 e8 e5 d2 ff ff 90 48 83 c4
0x00007ffbf0586a47:   20 5d c3 cc 40 55 48 83 ec 20 48 8b ea 48 83 c4
0x00007ffbf0586a57:   20 5d e9 46 d1 ff ff cc 40 55 48 83 ec 30 48 8b
0x00007ffbf0586a67:   ea 48 8b 01 8b 10 48 89 4c 24 28 89 54 24 20 4c
0x00007ffbf0586a77:   8d 0d e7 d5 ff ff 4c 8b 45 70 8b 55 68 48 8b 4d
0x00007ffbf0586a87:   60 e8 87 d0 ff ff 90 48 83 c4 30 5d c3 cc cc cc
0x00007ffbf0586a97:   cc cc cc cc cc cc cc cc cc 40 53 48 83 ec 20 48
0x00007ffbf0586aa7:   8b 1d 83 30 01 00 48 85 db 74 16 e8 09 8b ff ff
0x00007ffbf0586ab7:   4c 8b 00 48 8b d3 48 8b c8 41 ff 90 b0 00 00 00
0x00007ffbf0586ac7:   90 48 83 c4 20 5b c3 cc cc 40 53 48 83 ec 20 48
0x00007ffbf0586ad7:   8b 1d fb 31 01 00 48 85 db 74 57 b8 ff ff ff ff
0x00007ffbf0586ae7:   f0 0f c1 43 10 83 f8 01 75 3d 48 85 db 74 38 48
0x00007ffbf0586af7:   8b 0b 48 85 c9 74 0d ff 15 a4 07 00 00 48 c7 03
0x00007ffbf0586b07:   00 00 00 00 48 8b 4b 08 48 85 c9 74 0d e8 a7 cd
0x00007ffbf0586b17:   ff ff 48 c7 43 08 00 00 00 00 ba 18 00 00 00 48
0x00007ffbf0586b27:   8b cb e8 92 cd ff ff 48 c7 05 9f 31 01 00 00 00
0x00007ffbf0586b37:   00 00 48 83 c4 20 5b c3 cc 40 53 48 83 ec 20 48
0x00007ffbf0586b47:   8b 1d 6b 31 01 00 48 85 db 74 57 b8 ff ff ff ff
0x00007ffbf0586b57:   f0 0f c1 43 10 83 f8 01 75 3d 48 85 db 74 38 48
0x00007ffbf0586b67:   8b 0b 48 85 c9 74 0d ff 15 34 07 00 00 48 c7 03
0x00007ffbf0586b77:   00 00 00 00 48 8b 4b 08 48 85 c9 74 0d e8 37 cd
0x00007ffbf0586b87:   ff ff 48 c7 43 08 00 00 00 00 ba 18 00 00 00 48
0x00007ffbf0586b97:   8b cb e8 22 cd ff ff 48 c7 05 0f 31 01 00 00 00
0x00007ffbf0586ba7:   00 00 48 83 c4 20 5b c3 cc 40 53 48 83 ec 20 48 


Stack slot to memory mapping:
stack at sp + 0 slots: 0x0 is NULL
stack at sp + 1 slots: 0x00000157fd024d20 points into unknown readable memory: 0x583ea94071f0ea98 | 98 ea f0 71 40 a9 3e 58
stack at sp + 2 slots: 0x00007ffbbd1bea90 jvm.dll
stack at sp + 3 slots: 0x00007ffbf0584384 glass.dll
stack at sp + 4 slots: 0x00000157fd024d28 points into unknown readable memory: 0x00003540718f1168 | 68 11 8f 71 40 35 00 00
stack at sp + 5 slots: 0x00007ffc182b42d6 ucrtbase.dll
stack at sp + 6 slots: 0x00003540718f1168 is an unknown value
stack at sp + 7 slots: 0x0000015700000000 is an unknown value

VM_Operation (0x00000045188ff040): Exit, mode: safepoint, requested by thread 0x00000157fd645670


---------------  P R O C E S S  ---------------

Threads class SMR info:
_java_thread_list=0x00000157fed24000, length=21, elements={
0x00000157dcd1bd60, 0x00000157fc280330, 0x00000157fc281130, 0x00000157fc284c00,
0x00000157fc286550, 0x00000157fc289650, 0x00000157fc28a730, 0x00000157fc28f040,
0x00000157fc2b2180, 0x00000157fc24b6b0, 0x00000157fc898f10, 0x00000157fd4b4f50,
0x00000157fd6f9690, 0x00000157fd227e90, 0x00000157fd5174f0, 0x00000157fd661cb0,
0x00000157fdae4280, 0x00000157fd645120, 0x00000157fd645bc0, 0x00000157fd646660,
0x00000157fd645670
}

Java Threads: ( => current thread )
  0x00000157dcd1bd60 JavaThread "main" [_thread_blocked, id=32132, stack(0x0000004516600000,0x0000004516700000)]
  0x00000157fc280330 JavaThread "Reference Handler" daemon [_thread_blocked, id=32224, stack(0x0000004516d00000,0x0000004516e00000)]
  0x00000157fc281130 JavaThread "Finalizer" daemon [_thread_blocked, id=28112, stack(0x0000004516e00000,0x0000004516f00000)]
  0x00000157fc284c00 JavaThread "Signal Dispatcher" daemon [_thread_blocked, id=30972, stack(0x0000004516f00000,0x0000004517000000)]
  0x00000157fc286550 JavaThread "Attach Listener" daemon [_thread_blocked, id=21156, stack(0x0000004517000000,0x0000004517100000)]
  0x00000157fc289650 JavaThread "Service Thread" daemon [_thread_blocked, id=12104, stack(0x0000004517100000,0x0000004517200000)]
  0x00000157fc28a730 JavaThread "Monitor Deflation Thread" daemon [_thread_blocked, id=31272, stack(0x0000004517200000,0x0000004517300000)]
  0x00000157fc28f040 JavaThread "C2 CompilerThread0" daemon [_thread_blocked, id=26680, stack(0x0000004517300000,0x0000004517400000)]
  0x00000157fc2b2180 JavaThread "C1 CompilerThread0" daemon [_thread_blocked, id=33172, stack(0x0000004517400000,0x0000004517500000)]
  0x00000157fc24b6b0 JavaThread "Common-Cleaner" daemon [_thread_blocked, id=10384, stack(0x0000004517500000,0x0000004517600000)]
  0x00000157fc898f10 JavaThread "Monitor Ctrl-Break" daemon [_thread_in_native, id=27416, stack(0x0000004517800000,0x0000004517900000)]
  0x00000157fd4b4f50 JavaThread "Notification Thread" daemon [_thread_blocked, id=34696, stack(0x0000004517900000,0x0000004517a00000)]
  0x00000157fd6f9690 JavaThread "QuantumRenderer-0" daemon [_thread_blocked, id=8768, stack(0x0000004517b00000,0x0000004517c00000)]
  0x00000157fd227e90 JavaThread "InvokeLaterDispatcher" daemon [_thread_blocked, id=34144, stack(0x0000004517700000,0x0000004517800000)]
  0x00000157fd5174f0 JavaThread "JavaFX Application Thread" [_thread_in_native, id=28796, stack(0x0000004517c00000,0x0000004517d00000)]
  0x00000157fd661cb0 JavaThread "Thread-1" daemon [_thread_in_native, id=33436, stack(0x0000004518000000,0x0000004518100000)]
  0x00000157fdae4280 JavaThread "JavaFX-Launcher" [_thread_blocked, id=31864, stack(0x0000004518100000,0x0000004518200000)]
  0x00000157fd645120 JavaThread "Prism Font Disposer" daemon [_thread_blocked, id=10780, stack(0x0000004518700000,0x0000004518800000)]
  0x00000157fd645bc0 JavaThread "Cleaner-0" daemon [_thread_blocked, id=26504, stack(0x0000004518b00000,0x0000004518c00000)]
  0x00000157fd646660 JavaThread "mysql-cj-abandoned-connection-cleanup" daemon [_thread_blocked, id=34292, stack(0x0000004517600000,0x0000004517700000)]
  0x00000157fd645670 JavaThread "SIGINT handler" daemon [_thread_blocked, id=18220, stack(0x0000004518800000,0x0000004518900000)]

Other Threads:
=>0x00000157fc263a40 VMThread "VM Thread" [stack: 0x0000004516c00000,0x0000004516d00000] [id=26852]
  0x00000157dcd89f20 WorkerThread "GC Thread#0" [stack: 0x0000004516700000,0x0000004516800000] [id=27328]
  0x00000157fd9e6380 WorkerThread "GC Thread#1" [stack: 0x0000004518200000,0x0000004518300000] [id=31404]
  0x00000157fdae47d0 WorkerThread "GC Thread#2" [stack: 0x0000004518300000,0x0000004518400000] [id=21180]
  0x00000157fd410fc0 WorkerThread "GC Thread#3" [stack: 0x0000004518400000,0x0000004518500000] [id=12000]
  0x00000157fd4627a0 WorkerThread "GC Thread#4" [stack: 0x0000004518500000,0x0000004518600000] [id=34708]
  0x00000157fdac7310 WorkerThread "GC Thread#5" [stack: 0x0000004518600000,0x0000004518700000] [id=8304]
  0x00000157fdac8f30 WorkerThread "GC Thread#6" [stack: 0x0000004519100000,0x0000004519200000] [id=20788]
  0x00000157fdac83f0 WorkerThread "GC Thread#7" [stack: 0x0000004519200000,0x0000004519300000] [id=30192]
  0x00000157dcd9add0 ConcurrentGCThread "G1 Main Marker" terminated
  0x00000157dcd9cfb0 WorkerThread "G1 Conc#0" [stack: 0x0000004516900000,0x0000004516a00000] [id=32868]
  0x00000157fdac7b80 WorkerThread "G1 Conc#1" [stack: 0x0000004519300000,0x0000004519400000] [id=27500]
  0x00000157fc121140 ConcurrentGCThread "G1 Refine#0" terminated
  0x00000157fc121890 ConcurrentGCThread "G1 Service" terminated

Threads with active compile tasks:

VM state: at safepoint (shutting down)

VM Mutex/Monitor currently owned by a thread:  ([mutex/lock_event])
[0x00000157dcd182b0] Threads_lock - owner thread: 0x00000157fc263a40
[0x00000157dcd18580] Heap_lock - owner thread: 0x00000157fd645670

Heap address: 0x0000000702000000, size: 4064 MB, Compressed Oops mode: Zero based, Oop shift amount: 3

CDS archive(s) mapped at: [0x0000000800000000-0x0000000800c60000-0x0000000800c60000), size 12976128, SharedBaseAddress: 0x0000000800000000, ArchiveRelocationMode: 0.
Compressed class space mapped at: 0x0000000801000000-0x0000000841000000, reserved size: 1073741824
Narrow klass base: 0x0000000800000000, Narrow klass shift: 0, Narrow klass range: 0x100000000

GC Precious Log:
 CardTable entry size: 512
 Card Set container configuration: InlinePtr #cards 4 size 8 Array Of Cards #cards 16 size 48 Howl #buckets 8 coarsen threshold 3686 Howl Bitmap #cards 512 size 80 coarsen threshold 460 Card regions per heap region 1 cards per card region 4096
 CPUs: 8 total, 8 available
 Memory: 16254M
 Large Page Support: Disabled
 NUMA Support: Disabled
 Compressed Oops: Enabled (Zero based)
 Heap Region Size: 2M
 Heap Min Capacity: 8M
 Heap Initial Capacity: 254M
 Heap Max Capacity: 4064M
 Pre-touch: Disabled
 Parallel Workers: 8
 Concurrent Workers: 2
 Concurrent Refinement Workers: 8
 Periodic GC: Disabled

Heap:
 garbage-first heap   total 55296K, used 15582K [0x0000000702000000, 0x0000000800000000)
  region size 2048K, 3 young (6144K), 2 survivors (4096K)
 Metaspace       used 25916K, committed 26304K, reserved 1114112K
  class space    used 3406K, committed 3584K, reserved 1048576K

Heap Regions: E=young(eden), S=young(survivor), O=old, HS=humongous(starts), HC=humongous(continues), CS=collection set, F=free, OA=open archive, CA=closed archive, TAMS=top-at-mark-start, PB=parsable bottom
|   0|0x0000000702000000, 0x0000000702000000, 0x0000000702200000|  0%| F|  |TAMS 0x0000000702000000| PB 0x0000000702000000| Untracked 
|   1|0x0000000702200000, 0x0000000702400000, 0x0000000702400000|100%| O|  |TAMS 0x0000000702200000| PB 0x0000000702200000| Untracked 
|   2|0x0000000702400000, 0x0000000702600000, 0x0000000702600000|100%| O|  |TAMS 0x0000000702400000| PB 0x0000000702400000| Untracked 
|   3|0x0000000702600000, 0x000000070263e400, 0x0000000702800000| 12%| O|  |TAMS 0x0000000702600000| PB 0x0000000702600000| Complete 
|   4|0x0000000702800000, 0x0000000702a00000, 0x0000000702a00000|100%|HS|  |TAMS 0x0000000702800000| PB 0x0000000702800000| Complete 
|   5|0x0000000702a00000, 0x0000000702c00000, 0x0000000702c00000|100%| O|  |TAMS 0x0000000702a00000| PB 0x0000000702a00000| Untracked 
|   6|0x0000000702c00000, 0x0000000702e00000, 0x0000000702e00000|100%| O|  |TAMS 0x0000000702c00000| PB 0x0000000702c00000| Untracked 
|   7|0x0000000702e00000, 0x0000000702ef9600, 0x0000000703000000| 48%| O|  |TAMS 0x0000000702e00000| PB 0x0000000702e00000| Untracked 
|   8|0x0000000703000000, 0x0000000703000000, 0x0000000703200000|  0%| F|  |TAMS 0x0000000703000000| PB 0x0000000703000000| Untracked 
|   9|0x0000000703200000, 0x0000000703400000, 0x0000000703400000|100%| S|CS|TAMS 0x0000000703200000| PB 0x0000000703200000| Complete 
|  10|0x0000000703400000, 0x0000000703600000, 0x0000000703600000|100%| S|CS|TAMS 0x0000000703400000| PB 0x0000000703400000| Complete 
|  11|0x0000000703600000, 0x0000000703600000, 0x0000000703800000|  0%| F|  |TAMS 0x0000000703600000| PB 0x0000000703600000| Untracked 
|  12|0x0000000703800000, 0x0000000703800000, 0x0000000703a00000|  0%| F|  |TAMS 0x0000000703800000| PB 0x0000000703800000| Untracked 
|  13|0x0000000703a00000, 0x0000000703a00000, 0x0000000703c00000|  0%| F|  |TAMS 0x0000000703a00000| PB 0x0000000703a00000| Untracked 
|  14|0x0000000703c00000, 0x0000000703c00000, 0x0000000703e00000|  0%| F|  |TAMS 0x0000000703c00000| PB 0x0000000703c00000| Untracked 
|  15|0x0000000703e00000, 0x0000000703e00000, 0x0000000704000000|  0%| F|  |TAMS 0x0000000703e00000| PB 0x0000000703e00000| Untracked 
|  16|0x0000000704000000, 0x0000000704000000, 0x0000000704200000|  0%| F|  |TAMS 0x0000000704000000| PB 0x0000000704000000| Untracked 
|  17|0x0000000704200000, 0x0000000704200000, 0x0000000704400000|  0%| F|  |TAMS 0x0000000704200000| PB 0x0000000704200000| Untracked 
|  18|0x0000000704400000, 0x0000000704400000, 0x0000000704600000|  0%| F|  |TAMS 0x0000000704400000| PB 0x0000000704400000| Untracked 
|  19|0x0000000704600000, 0x0000000704600000, 0x0000000704800000|  0%| F|  |TAMS 0x0000000704600000| PB 0x0000000704600000| Untracked 
|  20|0x0000000704800000, 0x0000000704800000, 0x0000000704a00000|  0%| F|  |TAMS 0x0000000704800000| PB 0x0000000704800000| Untracked 
|  21|0x0000000704a00000, 0x0000000704a00000, 0x0000000704c00000|  0%| F|  |TAMS 0x0000000704a00000| PB 0x0000000704a00000| Untracked 
|  22|0x0000000704c00000, 0x0000000704c00000, 0x0000000704e00000|  0%| F|  |TAMS 0x0000000704c00000| PB 0x0000000704c00000| Untracked 
| 119|0x0000000710e00000, 0x0000000710e00000, 0x0000000711000000|  0%| F|  |TAMS 0x0000000710e00000| PB 0x0000000710e00000| Untracked 
| 120|0x0000000711000000, 0x0000000711000000, 0x0000000711200000|  0%| F|  |TAMS 0x0000000711000000| PB 0x0000000711000000| Untracked 
| 121|0x0000000711200000, 0x0000000711200000, 0x0000000711400000|  0%| F|  |TAMS 0x0000000711200000| PB 0x0000000711200000| Untracked 
| 126|0x0000000711c00000, 0x0000000711cb5978, 0x0000000711e00000| 35%| E|  |TAMS 0x0000000711c00000| PB 0x0000000711c00000| Complete 

Card table byte_map: [0x00000157f4900000,0x00000157f50f0000] _byte_map_base: 0x00000157f10f0000

Marking Bits: (CMBitMap*) 0x00000157dcd8a550
 Bits: [0x00000157f58e0000, 0x00000157f9860000)

Polling page: 0x00000157dace0000

Metaspace:

Usage:
  Non-class:     21.98 MB used.
      Class:      3.33 MB used.
       Both:     25.31 MB used.

Virtual space:
  Non-class space:       64.00 MB reserved,      22.19 MB ( 35%) committed,  1 nodes.
      Class space:        1.00 GB reserved,       3.50 MB ( <1%) committed,  1 nodes.
             Both:        1.06 GB reserved,      25.69 MB (  2%) committed. 

Chunk freelists:
   Non-Class:  931.00 KB
       Class:  496.00 KB
        Both:  1.39 MB

MaxMetaspaceSize: unlimited
CompressedClassSpaceSize: 1.00 GB
Initial GC threshold: 21.00 MB
Current GC threshold: 35.25 MB
CDS: on
MetaspaceReclaimPolicy: balanced
 - commit_granule_bytes: 65536.
 - commit_granule_words: 8192.
 - virtual_space_node_default_size: 8388608.
 - enlarge_chunks_in_place: 1.
 - new_chunks_are_fully_committed: 0.
 - uncommit_free_chunks: 1.
 - use_allocation_guard: 0.


Internal statistics:

num_allocs_failed_limit: 5.
num_arena_births: 394.
num_arena_deaths: 0.
num_vsnodes_births: 2.
num_vsnodes_deaths: 0.
num_space_committed: 411.
num_space_uncommitted: 0.
num_chunks_returned_to_freelist: 5.
num_chunks_taken_from_freelist: 1138.
num_chunk_merges: 0.
num_chunk_splits: 774.
num_chunks_enlarged: 565.
num_inconsistent_stats: 0.

CodeHeap 'non-profiled nmethods': size=120000Kb used=1832Kb max_used=1832Kb free=118167Kb
 bounds [0x00000157ec8b0000, 0x00000157ecb20000, 0x00000157f3de0000]
CodeHeap 'profiled nmethods': size=120000Kb used=8170Kb max_used=8170Kb free=111830Kb
 bounds [0x00000157e4de0000, 0x00000157e55e0000, 0x00000157ec310000]
CodeHeap 'non-nmethods': size=5760Kb used=1955Kb max_used=2008Kb free=3804Kb
 bounds [0x00000157ec310000, 0x00000157ec580000, 0x00000157ec8b0000]
 total_blobs=5173 nmethods=4279 adapters=803
 compilation: enabled
              stopped_count=0, restarted_count=0
 full_count=0

Compilation events (20 events):
Event: 354.001 Thread 0x00000157fc2b2180 4272   !   3       jdk.internal.loader.BuiltinClassLoader::findMiscResource (122 bytes)
Event: 354.002 Thread 0x00000157fc2b2180 nmethod 4272 0x00000157e55d1f90 code [0x00000157e55d2240, 0x00000157e55d3458]
Event: 354.002 Thread 0x00000157fc2b2180 4273       3       jdk.internal.loader.BuiltinClassLoader::checkURL (5 bytes)
Event: 354.002 Thread 0x00000157fc2b2180 nmethod 4273 0x00000157e55d3910 code [0x00000157e55d3aa0, 0x00000157e55d3c90]
Event: 374.006 Thread 0x00000157fc2b2180 4274   !   3       jdk.internal.loader.BuiltinClassLoader::findResource (154 bytes)
Event: 374.007 Thread 0x00000157fc2b2180 nmethod 4274 0x00000157e55d3d90 code [0x00000157e55d4100, 0x00000157e55d5580]
Event: 374.007 Thread 0x00000157fc2b2180 4275       3       jdk.internal.loader.BuiltinClassLoader::findResourceOnClassPath (41 bytes)
Event: 374.007 Thread 0x00000157fc2b2180 nmethod 4275 0x00000157e55d5d90 code [0x00000157e55d5f60, 0x00000157e55d6360]
Event: 409.017 Thread 0x00000157fc2b2180 4276   !   3       java.util.concurrent.locks.AbstractQueuedSynchronizer::acquire (424 bytes)
Event: 409.019 Thread 0x00000157fc2b2180 nmethod 4276 0x00000157e55d6490 code [0x00000157e55d6820, 0x00000157e55d8288]
Event: 589.088 Thread 0x00000157fc2b2180 4277       3       java.lang.ClassLoader::getResource (41 bytes)
Event: 589.089 Thread 0x00000157fc2b2180 nmethod 4277 0x00000157e55d8a90 code [0x00000157e55d8c80, 0x00000157e55d9278]
Event: 609.340 Thread 0x00000157fc2b2180 4278       3       java.util.concurrent.locks.AbstractQueuedSynchronizer::acquire (20 bytes)
Event: 609.340 Thread 0x00000157fc2b2180 nmethod 4278 0x00000157e55d9490 code [0x00000157e55d9640, 0x00000157e55d98b0]
Event: 609.340 Thread 0x00000157fc2b2180 4279   !   3       jdk.internal.ref.PhantomCleanable::isListEmpty (34 bytes)
Event: 609.341 Thread 0x00000157fc2b2180 nmethod 4279 0x00000157e55d9990 code [0x00000157e55d9b20, 0x00000157e55d9d90]
Event: 609.341 Thread 0x00000157fc2b2180 4280       3       jdk.internal.misc.InnocuousThread::eraseThreadLocals (23 bytes)
Event: 609.341 Thread 0x00000157fc2b2180 nmethod 4280 0x00000157e55d9e90 code [0x00000157e55da020, 0x00000157e55da220]
Event: 609.342 Thread 0x00000157fc2b2180 4281       3       com.sun.crypto.provider.GHASH::update (50 bytes)
Event: 609.342 Thread 0x00000157fc2b2180 nmethod 4281 0x00000157e55da290 code [0x00000157e55da440, 0x00000157e55da6b0]

GC Heap History (8 events):
Event: 0.876 GC heap before
{Heap before GC invocations=0 (full 0):
 garbage-first heap   total 260096K, used 20480K [0x0000000702000000, 0x0000000800000000)
  region size 2048K, 11 young (22528K), 0 survivors (0K)
 Metaspace       used 5240K, committed 5440K, reserved 1114112K
  class space    used 607K, committed 704K, reserved 1048576K
}
Event: 0.879 GC heap after
{Heap after GC invocations=1 (full 0):
 garbage-first heap   total 260096K, used 2909K [0x0000000702000000, 0x0000000800000000)
  region size 2048K, 2 young (4096K), 2 survivors (4096K)
 Metaspace       used 5240K, committed 5440K, reserved 1114112K
  class space    used 607K, committed 704K, reserved 1048576K
}
Event: 3.950 GC heap before
{Heap before GC invocations=1 (full 0):
 garbage-first heap   total 260096K, used 39773K [0x0000000702000000, 0x0000000800000000)
  region size 2048K, 20 young (40960K), 2 survivors (4096K)
 Metaspace       used 15686K, committed 16064K, reserved 1114112K
  class space    used 2059K, committed 2240K, reserved 1048576K
}
Event: 3.958 GC heap after
{Heap after GC invocations=2 (full 0):
 garbage-first heap   total 260096K, used 10337K [0x0000000702000000, 0x0000000800000000)
  region size 2048K, 3 young (6144K), 3 survivors (6144K)
 Metaspace       used 15686K, committed 16064K, reserved 1114112K
  class space    used 2059K, committed 2240K, reserved 1048576K
}
Event: 4.381 GC heap before
{Heap before GC invocations=2 (full 0):
 garbage-first heap   total 260096K, used 18529K [0x0000000702000000, 0x0000000800000000)
  region size 2048K, 8 young (16384K), 3 survivors (6144K)
 Metaspace       used 21116K, committed 21504K, reserved 1114112K
  class space    used 2683K, committed 2880K, reserved 1048576K
}
Event: 4.389 GC heap after
{Heap after GC invocations=3 (full 0):
 garbage-first heap   total 260096K, used 12495K [0x0000000702000000, 0x0000000800000000)
  region size 2048K, 3 young (6144K), 3 survivors (6144K)
 Metaspace       used 21116K, committed 21504K, reserved 1114112K
  class space    used 2683K, committed 2880K, reserved 1048576K
}
Event: 609.331 GC heap before
{Heap before GC invocations=4 (full 0):
 garbage-first heap   total 55296K, used 39119K [0x0000000702000000, 0x0000000800000000)
  region size 2048K, 16 young (32768K), 3 survivors (6144K)
 Metaspace       used 25887K, committed 26304K, reserved 1114112K
  class space    used 3402K, committed 3584K, reserved 1048576K
}
Event: 609.340 GC heap after
{Heap after GC invocations=5 (full 0):
 garbage-first heap   total 55296K, used 15582K [0x0000000702000000, 0x0000000800000000)
  region size 2048K, 2 young (4096K), 2 survivors (4096K)
 Metaspace       used 25887K, committed 26304K, reserved 1114112K
  class space    used 3402K, committed 3584K, reserved 1048576K
}

Dll operation events (20 events):
Event: 0.522 Loaded shared library C:\Users\shara\.openjfx\cache\17.0.2-ea\api-ms-win-crt-heap-l1-1-0.dll
Event: 0.526 Loaded shared library C:\Users\shara\.openjfx\cache\17.0.2-ea\api-ms-win-crt-locale-l1-1-0.dll
Event: 0.530 Loaded shared library C:\Users\shara\.openjfx\cache\17.0.2-ea\api-ms-win-crt-math-l1-1-0.dll
Event: 0.534 Loaded shared library C:\Users\shara\.openjfx\cache\17.0.2-ea\api-ms-win-crt-multibyte-l1-1-0.dll
Event: 0.539 Loaded shared library C:\Users\shara\.openjfx\cache\17.0.2-ea\api-ms-win-crt-private-l1-1-0.dll
Event: 0.543 Loaded shared library C:\Users\shara\.openjfx\cache\17.0.2-ea\api-ms-win-crt-process-l1-1-0.dll
Event: 0.546 Loaded shared library C:\Users\shara\.openjfx\cache\17.0.2-ea\api-ms-win-crt-runtime-l1-1-0.dll
Event: 0.550 Loaded shared library C:\Users\shara\.openjfx\cache\17.0.2-ea\api-ms-win-crt-stdio-l1-1-0.dll
Event: 0.556 Loaded shared library C:\Users\shara\.openjfx\cache\17.0.2-ea\api-ms-win-crt-string-l1-1-0.dll
Event: 0.560 Loaded shared library C:\Users\shara\.openjfx\cache\17.0.2-ea\api-ms-win-crt-time-l1-1-0.dll
Event: 0.564 Loaded shared library C:\Users\shara\.openjfx\cache\17.0.2-ea\api-ms-win-crt-utility-l1-1-0.dll
Event: 0.584 Loaded shared library C:\Users\shara\.openjfx\cache\17.0.2-ea\ucrtbase.dll
Event: 0.592 Loaded shared library C:\Users\shara\.openjfx\cache\17.0.2-ea\vcruntime140.dll
Event: 0.597 Loaded shared library C:\Users\shara\.openjfx\cache\17.0.2-ea\vcruntime140_1.dll
Event: 0.609 Loaded shared library C:\Users\shara\.openjfx\cache\17.0.2-ea\msvcp140.dll
Event: 0.665 Loaded shared library C:\Users\shara\.openjfx\cache\17.0.2-ea\prism_d3d.dll
Event: 0.717 Loaded shared library C:\Users\shara\.openjfx\cache\17.0.2-ea\glass.dll
Event: 0.864 Loaded shared library C:\Users\shara\.jdks\openjdk-20.0.1\bin\jimage.dll
Event: 1.066 Loaded shared library C:\Users\shara\.openjfx\cache\17.0.2-ea\javafx_font.dll
Event: 4.095 Loaded shared library C:\Users\shara\.jdks\openjdk-20.0.1\bin\sunmscapi.dll

Deoptimization events (20 events):
Event: 33.650 Thread 0x00000157fd5174f0 DEOPT PACKING pc=0x00000157e52b9030 sp=0x0000004517cf71a0
Event: 33.650 Thread 0x00000157fd5174f0 DEOPT UNPACKING pc=0x00000157ec37a4c2 sp=0x0000004517cf65d0 mode 0
Event: 57.625 Thread 0x00000157fd5174f0 Uncommon trap: trap_request=0xffffffe4 fr.pc=0x00000157ec9d3830 relative=0x00000000000000b0
Event: 57.625 Thread 0x00000157fd5174f0 Uncommon trap: reason=range_check action=make_not_entrant pc=0x00000157ec9d3830 method=java.util.Objects.checkIndex(II)I @ 3 c2
Event: 57.625 Thread 0x00000157fd5174f0 DEOPT PACKING pc=0x00000157ec9d3830 sp=0x0000004517cf8340
Event: 57.625 Thread 0x00000157fd5174f0 DEOPT UNPACKING pc=0x00000157ec379d22 sp=0x0000004517cf8200 mode 2
Event: 58.225 Thread 0x00000157fd5174f0 Uncommon trap: trap_request=0xffffffe4 fr.pc=0x00000157ec923398 relative=0x0000000000000098
Event: 58.225 Thread 0x00000157fd5174f0 Uncommon trap: reason=range_check action=make_not_entrant pc=0x00000157ec923398 method=java.util.Objects.checkIndex(II)I @ 3 c2
Event: 58.225 Thread 0x00000157fd5174f0 DEOPT PACKING pc=0x00000157ec923398 sp=0x0000004517cf82e0
Event: 58.225 Thread 0x00000157fd5174f0 DEOPT UNPACKING pc=0x00000157ec379d22 sp=0x0000004517cf8208 mode 2
Event: 65.825 Thread 0x00000157fd5174f0 DEOPT PACKING pc=0x00000157e556f5f3 sp=0x0000004517cf97f0
Event: 65.825 Thread 0x00000157fd5174f0 DEOPT UNPACKING pc=0x00000157ec37a4c2 sp=0x0000004517cf8c88 mode 0
Event: 65.826 Thread 0x00000157fd5174f0 DEOPT PACKING pc=0x00000157e556f5f3 sp=0x0000004517cf97f0
Event: 65.826 Thread 0x00000157fd5174f0 DEOPT UNPACKING pc=0x00000157ec37a4c2 sp=0x0000004517cf8c88 mode 0
Event: 118.816 Thread 0x00000157fd6f9690 DEOPT PACKING pc=0x00000157e541f53a sp=0x0000004517bfdda0
Event: 118.816 Thread 0x00000157fd6f9690 DEOPT UNPACKING pc=0x00000157ec37a4c2 sp=0x0000004517bfd1d8 mode 0
Event: 609.342 Thread 0x00000157fd646660 Uncommon trap: trap_request=0xffffff45 fr.pc=0x00000157eca3b4e4 relative=0x0000000000000144
Event: 609.342 Thread 0x00000157fd646660 Uncommon trap: reason=unstable_if action=reinterpret pc=0x00000157eca3b4e4 method=java.lang.ThreadLocal$ThreadLocalMap.getEntry(Ljava/lang/ThreadLocal;)Ljava/lang/ThreadLocal$ThreadLocalMap$Entry; @ 21 c2
Event: 609.342 Thread 0x00000157fd646660 DEOPT PACKING pc=0x00000157eca3b4e4 sp=0x00000045176fec70
Event: 609.342 Thread 0x00000157fd646660 DEOPT UNPACKING pc=0x00000157ec379d22 sp=0x00000045176feb80 mode 2

Classes loaded (20 events):
Event: 4.926 Loading class java/text/StringCharacterIterator
Event: 4.926 Loading class java/text/StringCharacterIterator done
Event: 4.926 Loading class sun/util/locale/provider/BreakIteratorProviderImpl$CharacterIteratorCharSequence
Event: 4.926 Loading class sun/util/locale/provider/BreakIteratorProviderImpl$CharacterIteratorCharSequence done
Event: 4.926 Loading class java/text/BreakIterator$BreakIteratorCache
Event: 4.926 Loading class java/text/BreakIterator$BreakIteratorCache done
Event: 28.777 Loading class java/util/RegularEnumSet$EnumSetIterator
Event: 28.777 Loading class java/util/RegularEnumSet$EnumSetIterator done
Event: 57.625 Loading class java/lang/invoke/WrongMethodTypeException
Event: 57.627 Loading class java/lang/invoke/WrongMethodTypeException done
Event: 57.627 Loading class java/lang/Throwable$WrappedPrintStream
Event: 57.627 Loading class java/lang/Throwable$WrappedPrintStream done
Event: 609.330 Loading class jdk/internal/misc/Signal$1
Event: 609.340 Loading class jdk/internal/misc/Signal$1 done
Event: 609.341 Loading class sun/security/ssl/Alert
Event: 609.341 Loading class sun/security/ssl/Alert done
Event: 609.341 Loading class sun/security/ssl/Alert$AlertConsumer
Event: 609.341 Loading class sun/security/ssl/Alert$AlertConsumer done
Event: 609.341 Loading class sun/security/ssl/Alert$Level
Event: 609.342 Loading class sun/security/ssl/Alert$Level done

Classes unloaded (0 events):
No events

Classes redefined (0 events):
No events

Internal exceptions (20 events):
Event: 3.820 Thread 0x00000157fd5174f0 Exception <a 'java/lang/ClassNotFoundException'{0x000000070fa36660}: sun/util/logging/resources/spi/loggingProvider> (0x000000070fa36660) 
thrown [s\open\src\hotspot\share\classfile\systemDictionary.cpp, line 305]
Event: 3.894 Thread 0x00000157fd5174f0 Exception <a 'sun/nio/fs/WindowsException'{0x000000070f9ef318}> (0x000000070f9ef318) 
thrown [s\open\src\hotspot\share\prims\jni.cpp, line 519]
Event: 3.909 Thread 0x00000157fd5174f0 Exception <a 'java/lang/NoSuchMethodError'{0x000000070f690d48}: 'java.lang.Object java.lang.invoke.DirectMethodHandle$Holder.invokeInterface(java.lang.Object, java.lang.Object)'> (0x000000070f690d48) 
thrown [s\open\src\hotspot\share\interpreter\linkResolver.cpp, line 773]
Event: 3.911 Thread 0x00000157fd5174f0 Exception <a 'sun/nio/fs/WindowsException'{0x000000070f69adb0}> (0x000000070f69adb0) 
thrown [s\open\src\hotspot\share\prims\jni.cpp, line 519]
Event: 3.912 Thread 0x00000157fd5174f0 Exception <a 'sun/nio/fs/WindowsException'{0x000000070f69d1c8}> (0x000000070f69d1c8) 
thrown [s\open\src\hotspot\share\prims\jni.cpp, line 519]
Event: 3.920 Thread 0x00000157fd5174f0 Exception <a 'sun/nio/fs/WindowsException'{0x000000070f6f81e8}> (0x000000070f6f81e8) 
thrown [s\open\src\hotspot\share\prims\jni.cpp, line 519]
Event: 3.922 Thread 0x00000157fd5174f0 Exception <a 'sun/nio/fs/WindowsException'{0x000000070f6faa98}> (0x000000070f6faa98) 
thrown [s\open\src\hotspot\share\prims\jni.cpp, line 519]
Event: 3.927 Thread 0x00000157fd5174f0 Exception <a 'java/lang/NoSuchMethodError'{0x000000070f710280}: 'java.lang.Object java.lang.invoke.DirectMethodHandle$Holder.invokeVirtual(java.lang.Object, java.lang.Object, java.lang.Object)'> (0x000000070f710280) 
thrown [s\open\src\hotspot\share\interpreter\linkResolver.cpp, line 773]
Event: 4.000 Thread 0x00000157fd5174f0 Exception <a 'sun/nio/fs/WindowsException'{0x0000000711aacfe0}> (0x0000000711aacfe0) 
thrown [s\open\src\hotspot\share\prims\jni.cpp, line 519]
Event: 4.073 Thread 0x00000157fd5174f0 Exception <a 'sun/nio/fs/WindowsException'{0x00000007118f27b0}> (0x00000007118f27b0) 
thrown [s\open\src\hotspot\share\prims\jni.cpp, line 519]
Event: 4.130 Thread 0x00000157fd5174f0 Exception <a 'sun/nio/fs/WindowsException'{0x0000000711608408}> (0x0000000711608408) 
thrown [s\open\src\hotspot\share\prims\jni.cpp, line 519]
Event: 4.135 Thread 0x00000157fd5174f0 Exception <a 'sun/nio/fs/WindowsException'{0x000000071161cf28}> (0x000000071161cf28) 
thrown [s\open\src\hotspot\share\prims\jni.cpp, line 519]
Event: 4.163 Thread 0x00000157fd5174f0 Exception <a 'java/lang/NoSuchMethodError'{0x00000007116b88c8}: 'java.lang.Object java.lang.invoke.DirectMethodHandle$Holder.invokeStaticInit(java.lang.Object, int, int, int, int)'> (0x00000007116b88c8) 
thrown [s\open\src\hotspot\share\interpreter\linkResolver.cpp, line 773]
Event: 4.236 Thread 0x00000157fd5174f0 Exception <a 'java/lang/NoSuchMethodError'{0x0000000711758cf0}: 'java.lang.Object java.lang.invoke.DirectMethodHandle$Holder.invokeStaticInit(java.lang.Object, java.lang.Object, int, int, int, int)'> (0x0000000711758cf0) 
thrown [s\open\src\hotspot\share\interpreter\linkResolver.cpp, line 773]
Event: 4.574 Thread 0x00000157fd5174f0 Exception <a 'java/lang/ClassNotFoundException'{0x0000000704ab89e8}: com/sun/javafx/scene/control/skin/resources/controls> (0x0000000704ab89e8) 
thrown [s\open\src\hotspot\share\prims\jni.cpp, line 538]
Event: 4.575 Thread 0x00000157fd5174f0 Exception <a 'java/lang/ClassNotFoundException'{0x0000000704ac6fd8}: com/sun/javafx/scene/control/skin/resources/controls_en> (0x0000000704ac6fd8) 
thrown [s\open\src\hotspot\share\prims\jni.cpp, line 538]
Event: 4.575 Thread 0x00000157fd5174f0 Exception <a 'java/lang/ClassNotFoundException'{0x0000000704ac8798}: com/sun/javafx/scene/control/skin/resources/controls_en_GB> (0x0000000704ac8798) 
thrown [s\open\src\hotspot\share\prims\jni.cpp, line 538]
Event: 4.716 Thread 0x00000157fd5174f0 Exception <a 'java/lang/NoSuchMethodError'{0x000000070446e930}: 'void java.lang.invoke.DirectMethodHandle$Holder.invokeSpecial(java.lang.Object, java.lang.Object, java.lang.Object, java.lang.Object, java.lang.Object, java.lang.Object)'> (0x000000070446e930) 
thrown [s\open\src\hotspot\share\interpreter\linkResolver.cpp, line 773]
Event: 9.071 Thread 0x00000157fd6f9690 Exception <a 'java/lang/NoSuchMethodError'{0x0000000703f20c50}: 'java.lang.Object java.lang.invoke.DirectMethodHandle$Holder.invokeStaticInit(java.lang.Object, int)'> (0x0000000703f20c50) 
thrown [s\open\src\hotspot\share\interpreter\linkResolver.cpp, line 773]
Event: 609.342 Thread 0x00000157fd646660 Implicit null exception at 0x00000157eca3b420 to 0x00000157eca3b4c4

VM Operations (20 events):
Event: 65.861 Executing VM operation: Cleanup done
Event: 73.864 Executing VM operation: Cleanup
Event: 73.864 Executing VM operation: Cleanup done
Event: 74.864 Executing VM operation: Cleanup
Event: 74.864 Executing VM operation: Cleanup done
Event: 76.866 Executing VM operation: Cleanup
Event: 76.866 Executing VM operation: Cleanup done
Event: 118.880 Executing VM operation: Cleanup
Event: 118.880 Executing VM operation: Cleanup done
Event: 119.880 Executing VM operation: Cleanup
Event: 119.880 Executing VM operation: Cleanup done
Event: 128.883 Executing VM operation: Cleanup
Event: 128.883 Executing VM operation: Cleanup done
Event: 129.883 Executing VM operation: Cleanup
Event: 129.884 Executing VM operation: Cleanup done
Event: 595.068 Executing VM operation: Cleanup
Event: 595.068 Executing VM operation: Cleanup done
Event: 609.331 Executing VM operation: G1CollectForAllocation
Event: 609.340 Executing VM operation: G1CollectForAllocation done
Event: 609.343 Executing VM operation: Exit

Events (20 events):
Event: 0.824 Thread 0x00000157fdae4280 Thread added: 0x00000157fdae4280
Event: 1.095 Thread 0x00000157fd8a2310 Thread added: 0x00000157fd8a2310
Event: 1.404 Thread 0x00000157fd8a2310 Thread exited: 0x00000157fd8a2310
Event: 1.444 Thread 0x00000157fd645120 Thread added: 0x00000157fd645120
Event: 1.463 Thread 0x00000157fc50aa70 Thread exited: 0x00000157fc50aa70
Event: 1.487 Thread 0x00000157fc50aa70 Thread added: 0x00000157fc50aa70
Event: 1.628 Thread 0x00000157fd645bc0 Thread added: 0x00000157fd645bc0
Event: 1.803 Thread 0x00000157fc50aa70 Thread exited: 0x00000157fc50aa70
Event: 3.892 Thread 0x00000157fd646660 Thread added: 0x00000157fd646660
Event: 3.919 Thread 0x00000157fdedc740 Thread added: 0x00000157fdedc740
Event: 3.919 Thread 0x00000157fdedccd0 Thread added: 0x00000157fdedccd0
Event: 5.072 Thread 0x00000157fdedccd0 Thread exited: 0x00000157fdedccd0
Event: 5.144 Thread 0x00000157fdedc740 Thread exited: 0x00000157fdedc740
Event: 9.038 Thread 0x00000157fdef4c60 Thread added: 0x00000157fdef4c60
Event: 10.768 Thread 0x00000157fdef4c60 Thread exited: 0x00000157fdef4c60
Event: 609.340 Thread 0x00000157fd645670 Thread added: 0x00000157fd645670
Event: 609.341 Thread 0x00000157fd647ba0 Thread added: 0x00000157fd647ba0
Event: 609.341 Thread 0x00000157fd644680 Thread added: 0x00000157fd644680
Event: 609.341 Thread 0x00000157fd644680 Thread exited: 0x00000157fd644680
Event: 609.342 Thread 0x00000157fd647ba0 Thread exited: 0x00000157fd647ba0


Dynamic libraries:
0x00007ff66f380000 - 0x00007ff66f38e000 	C:\Users\shara\.jdks\openjdk-20.0.1\bin\java.exe
0x00007ffc1a370000 - 0x00007ffc1a568000 	C:\WINDOWS\SYSTEM32\ntdll.dll
0x00007ffc19110000 - 0x00007ffc191cf000 	C:\WINDOWS\System32\KERNEL32.DLL
0x00007ffc17e60000 - 0x00007ffc1813a000 	C:\WINDOWS\System32\KERNELBASE.dll
0x00007ffc182a0000 - 0x00007ffc183a0000 	C:\WINDOWS\System32\ucrtbase.dll
0x00007ffc08820000 - 0x00007ffc08837000 	C:\Users\shara\.jdks\openjdk-20.0.1\bin\jli.dll
0x00007ffc192f0000 - 0x00007ffc1948d000 	C:\WINDOWS\System32\USER32.dll
0x00007ffc183a0000 - 0x00007ffc183c2000 	C:\WINDOWS\System32\win32u.dll
0x00007ffc19070000 - 0x00007ffc1909b000 	C:\WINDOWS\System32\GDI32.dll
0x00007ffc17bd0000 - 0x00007ffc17ce0000 	C:\WINDOWS\System32\gdi32full.dll
0x00007ffc17a80000 - 0x00007ffc17b1d000 	C:\WINDOWS\System32\msvcp_win.dll
0x00007ffc061c0000 - 0x00007ffc061db000 	C:\Users\shara\.jdks\openjdk-20.0.1\bin\VCRUNTIME140.dll
0x00007ffbf0da0000 - 0x00007ffbf103a000 	C:\WINDOWS\WinSxS\amd64_microsoft.windows.common-controls_6595b64144ccf1df_6.0.19041.1110_none_60b5254171f9507e\COMCTL32.dll
0x00007ffc19850000 - 0x00007ffc198ee000 	C:\WINDOWS\System32\msvcrt.dll
0x00007ffc18f00000 - 0x00007ffc18f30000 	C:\WINDOWS\System32\IMM32.DLL
0x00007ffc10d80000 - 0x00007ffc10d8c000 	C:\Users\shara\.jdks\openjdk-20.0.1\bin\vcruntime140_1.dll
0x00007ffbe8400000 - 0x00007ffbe848e000 	C:\Users\shara\.jdks\openjdk-20.0.1\bin\msvcp140.dll
0x00007ffbbc5d0000 - 0x00007ffbbd267000 	C:\Users\shara\.jdks\openjdk-20.0.1\bin\server\jvm.dll
0x00007ffc183d0000 - 0x00007ffc1847e000 	C:\WINDOWS\System32\ADVAPI32.dll
0x00007ffc1a290000 - 0x00007ffc1a32c000 	C:\WINDOWS\System32\sechost.dll
0x00007ffc19a10000 - 0x00007ffc19b36000 	C:\WINDOWS\System32\RPCRT4.dll
0x00007ffc0f4b0000 - 0x00007ffc0f4b9000 	C:\WINDOWS\SYSTEM32\WSOCK32.dll
0x00007ffc190a0000 - 0x00007ffc1910b000 	C:\WINDOWS\System32\WS2_32.dll
0x00007ffbfa700000 - 0x00007ffbfa727000 	C:\WINDOWS\SYSTEM32\WINMM.dll
0x00007ffc0fce0000 - 0x00007ffc0fcea000 	C:\WINDOWS\SYSTEM32\VERSION.dll
0x00007ffc162d0000 - 0x00007ffc162e2000 	C:\WINDOWS\SYSTEM32\kernel.appcore.dll
0x00007ffc10b30000 - 0x00007ffc10b3a000 	C:\Users\shara\.jdks\openjdk-20.0.1\bin\jimage.dll
0x00007ffc15840000 - 0x00007ffc15a24000 	C:\WINDOWS\SYSTEM32\DBGHELP.DLL
0x00007ffc06b00000 - 0x00007ffc06b34000 	C:\WINDOWS\SYSTEM32\dbgcore.DLL
0x00007ffc17dd0000 - 0x00007ffc17e52000 	C:\WINDOWS\System32\bcryptPrimitives.dll
0x00007ffc08790000 - 0x00007ffc0879e000 	C:\Users\shara\.jdks\openjdk-20.0.1\bin\instrument.dll
0x00007ffbf6970000 - 0x00007ffbf6996000 	C:\Users\shara\.jdks\openjdk-20.0.1\bin\java.dll
0x00007ffbe5570000 - 0x00007ffbe5647000 	C:\Users\shara\.jdks\openjdk-20.0.1\bin\jsvml.dll
0x00007ffc19b40000 - 0x00007ffc1a284000 	C:\WINDOWS\System32\SHELL32.dll
0x00007ffc15b20000 - 0x00007ffc162b3000 	C:\WINDOWS\SYSTEM32\windows.storage.dll
0x00007ffc19490000 - 0x00007ffc197e4000 	C:\WINDOWS\System32\combase.dll
0x00007ffc17470000 - 0x00007ffc1749e000 	C:\WINDOWS\SYSTEM32\Wldp.dll
0x00007ffc19230000 - 0x00007ffc192dd000 	C:\WINDOWS\System32\SHCORE.dll
0x00007ffc18710000 - 0x00007ffc18765000 	C:\WINDOWS\System32\shlwapi.dll
0x00007ffc179c0000 - 0x00007ffc179df000 	C:\WINDOWS\SYSTEM32\profapi.dll
0x00007ffbf95b0000 - 0x00007ffbf95c3000 	C:\Users\shara\.jdks\openjdk-20.0.1\bin\net.dll
0x00007ffc0da80000 - 0x00007ffc0db8a000 	C:\WINDOWS\SYSTEM32\WINHTTP.dll
0x00007ffc171d0000 - 0x00007ffc1723a000 	C:\WINDOWS\system32\mswsock.dll
0x00007ffbf31c0000 - 0x00007ffbf31d6000 	C:\Users\shara\.jdks\openjdk-20.0.1\bin\nio.dll
0x00007ffbf2b40000 - 0x00007ffbf2b58000 	C:\Users\shara\.jdks\openjdk-20.0.1\bin\zip.dll
0x00007ffbf29f0000 - 0x00007ffbf2a0a000 	C:\Program Files\JetBrains\IntelliJ IDEA 2022.3.3\bin\breakgen64.dll
0x00000157dccc0000 - 0x00000157dccc3000 	C:\Users\shara\.openjfx\cache\17.0.2-ea\api-ms-win-core-console-l1-1-0.dll
0x00000157dccd0000 - 0x00000157dccd3000 	C:\Users\shara\.openjfx\cache\17.0.2-ea\api-ms-win-core-console-l1-2-0.dll
0x00000157dcce0000 - 0x00000157dcce3000 	C:\Users\shara\.openjfx\cache\17.0.2-ea\api-ms-win-core-datetime-l1-1-0.dll
0x00000157fdfb0000 - 0x00000157fdfb3000 	C:\Users\shara\.openjfx\cache\17.0.2-ea\api-ms-win-core-debug-l1-1-0.dll
0x00000157fdfc0000 - 0x00000157fdfc3000 	C:\Users\shara\.openjfx\cache\17.0.2-ea\api-ms-win-core-errorhandling-l1-1-0.dll
0x00000157fdfd0000 - 0x00000157fdfd4000 	C:\Users\shara\.openjfx\cache\17.0.2-ea\api-ms-win-core-file-l1-1-0.dll
0x00000157fdfe0000 - 0x00000157fdfe3000 	C:\Users\shara\.openjfx\cache\17.0.2-ea\api-ms-win-core-file-l1-2-0.dll
0x00000157fdff0000 - 0x00000157fdff3000 	C:\Users\shara\.openjfx\cache\17.0.2-ea\api-ms-win-core-file-l2-1-0.dll
0x00000157fe000000 - 0x00000157fe003000 	C:\Users\shara\.openjfx\cache\17.0.2-ea\api-ms-win-core-handle-l1-1-0.dll
0x00000157fe010000 - 0x00000157fe013000 	C:\Users\shara\.openjfx\cache\17.0.2-ea\api-ms-win-core-heap-l1-1-0.dll
0x00000157fe020000 - 0x00000157fe023000 	C:\Users\shara\.openjfx\cache\17.0.2-ea\api-ms-win-core-interlocked-l1-1-0.dll
0x00000157fe030000 - 0x00000157fe033000 	C:\Users\shara\.openjfx\cache\17.0.2-ea\api-ms-win-core-libraryloader-l1-1-0.dll
0x00000157fe380000 - 0x00000157fe383000 	C:\Users\shara\.openjfx\cache\17.0.2-ea\api-ms-win-core-localization-l1-2-0.dll
0x00000157fe390000 - 0x00000157fe393000 	C:\Users\shara\.openjfx\cache\17.0.2-ea\api-ms-win-core-memory-l1-1-0.dll
0x00000157fe040000 - 0x00000157fe043000 	C:\Users\shara\.openjfx\cache\17.0.2-ea\api-ms-win-core-namedpipe-l1-1-0.dll
0x00000157fe050000 - 0x00000157fe053000 	C:\Users\shara\.openjfx\cache\17.0.2-ea\api-ms-win-core-processenvironment-l1-1-0.dll
0x00000157fe060000 - 0x00000157fe063000 	C:\Users\shara\.openjfx\cache\17.0.2-ea\api-ms-win-core-processthreads-l1-1-0.dll
0x00000157fe070000 - 0x00000157fe073000 	C:\Users\shara\.openjfx\cache\17.0.2-ea\api-ms-win-core-processthreads-l1-1-1.dll
0x00000157fe080000 - 0x00000157fe083000 	C:\Users\shara\.openjfx\cache\17.0.2-ea\api-ms-win-core-profile-l1-1-0.dll
0x00000157fe090000 - 0x00000157fe093000 	C:\Users\shara\.openjfx\cache\17.0.2-ea\api-ms-win-core-rtlsupport-l1-1-0.dll
0x00000157fe0a0000 - 0x00000157fe0a3000 	C:\Users\shara\.openjfx\cache\17.0.2-ea\api-ms-win-core-string-l1-1-0.dll
0x00000157fe0b0000 - 0x00000157fe0b3000 	C:\Users\shara\.openjfx\cache\17.0.2-ea\api-ms-win-core-synch-l1-1-0.dll
0x00000157fe0c0000 - 0x00000157fe0c3000 	C:\Users\shara\.openjfx\cache\17.0.2-ea\api-ms-win-core-synch-l1-2-0.dll
0x00000157fe0d0000 - 0x00000157fe0d3000 	C:\Users\shara\.openjfx\cache\17.0.2-ea\api-ms-win-core-sysinfo-l1-1-0.dll
0x00000157fe0e0000 - 0x00000157fe0e3000 	C:\Users\shara\.openjfx\cache\17.0.2-ea\api-ms-win-core-timezone-l1-1-0.dll
0x00000157fe0f0000 - 0x00000157fe0f3000 	C:\Users\shara\.openjfx\cache\17.0.2-ea\api-ms-win-core-util-l1-1-0.dll
0x00000157fe100000 - 0x00000157fe103000 	C:\Users\shara\.openjfx\cache\17.0.2-ea\api-ms-win-crt-conio-l1-1-0.dll
0x00000157fe110000 - 0x00000157fe114000 	C:\Users\shara\.openjfx\cache\17.0.2-ea\api-ms-win-crt-convert-l1-1-0.dll
0x00000157fe120000 - 0x00000157fe123000 	C:\Users\shara\.openjfx\cache\17.0.2-ea\api-ms-win-crt-environment-l1-1-0.dll
0x00000157fe130000 - 0x00000157fe133000 	C:\Users\shara\.openjfx\cache\17.0.2-ea\api-ms-win-crt-filesystem-l1-1-0.dll
0x00000157fe140000 - 0x00000157fe143000 	C:\Users\shara\.openjfx\cache\17.0.2-ea\api-ms-win-crt-heap-l1-1-0.dll
0x00000157fe270000 - 0x00000157fe273000 	C:\Users\shara\.openjfx\cache\17.0.2-ea\api-ms-win-crt-locale-l1-1-0.dll
0x00000157fe280000 - 0x00000157fe285000 	C:\Users\shara\.openjfx\cache\17.0.2-ea\api-ms-win-crt-math-l1-1-0.dll
0x00000157fe290000 - 0x00000157fe295000 	C:\Users\shara\.openjfx\cache\17.0.2-ea\api-ms-win-crt-multibyte-l1-1-0.dll
0x00000157fe2a0000 - 0x00000157fe2b0000 	C:\Users\shara\.openjfx\cache\17.0.2-ea\api-ms-win-crt-private-l1-1-0.dll
0x00000157fe2b0000 - 0x00000157fe2b3000 	C:\Users\shara\.openjfx\cache\17.0.2-ea\api-ms-win-crt-process-l1-1-0.dll
0x00000157fe2c0000 - 0x00000157fe2c4000 	C:\Users\shara\.openjfx\cache\17.0.2-ea\api-ms-win-crt-runtime-l1-1-0.dll
0x00000157fe2d0000 - 0x00000157fe2d4000 	C:\Users\shara\.openjfx\cache\17.0.2-ea\api-ms-win-crt-stdio-l1-1-0.dll
0x00000157fe2e0000 - 0x00000157fe2e4000 	C:\Users\shara\.openjfx\cache\17.0.2-ea\api-ms-win-crt-string-l1-1-0.dll
0x00000157fe2f0000 - 0x00000157fe2f3000 	C:\Users\shara\.openjfx\cache\17.0.2-ea\api-ms-win-crt-time-l1-1-0.dll
0x00000157fe300000 - 0x00000157fe303000 	C:\Users\shara\.openjfx\cache\17.0.2-ea\api-ms-win-crt-utility-l1-1-0.dll
0x00007ffbe5410000 - 0x00007ffbe550c000 	C:\Users\shara\.openjfx\cache\17.0.2-ea\ucrtbase.dll
0x00007ffbf29b0000 - 0x00007ffbf29ca000 	C:\Users\shara\.openjfx\cache\17.0.2-ea\vcruntime140.dll
0x00007ffbfcc40000 - 0x00007ffbfcc4c000 	C:\Users\shara\.openjfx\cache\17.0.2-ea\vcruntime140_1.dll
0x00007ffbe5380000 - 0x00007ffbe540d000 	C:\Users\shara\.openjfx\cache\17.0.2-ea\msvcp140.dll
0x00007ffbf2470000 - 0x00007ffbf249a000 	C:\Users\shara\.openjfx\cache\17.0.2-ea\prism_d3d.dll
0x00007ffbef950000 - 0x00007ffbefb1d000 	C:\WINDOWS\system32\d3d9.dll
0x00007ffc15390000 - 0x00007ffc153bf000 	C:\WINDOWS\SYSTEM32\dwmapi.dll
0x00007ffc150d0000 - 0x00007ffc1516e000 	C:\WINDOWS\system32\uxtheme.dll
0x00007ffbd6c80000 - 0x00007ffbd6e28000 	C:\WINDOWS\System32\DriverStore\FileRepository\iigd_dch.inf_amd64_393549dac595e659\igdumdim64.dll
0x00007ffc18f30000 - 0x00007ffc1905a000 	C:\WINDOWS\System32\ole32.dll
0x00007ffb77930000 - 0x00007ffb7b54f000 	C:\WINDOWS\System32\DriverStore\FileRepository\iigd_dch.inf_amd64_393549dac595e659\igd9dxva64.dll
0x00007ffc18480000 - 0x00007ffc1854d000 	C:\WINDOWS\System32\OLEAUT32.dll
0x00007ffc18a90000 - 0x00007ffc18ef8000 	C:\WINDOWS\System32\SETUPAPI.dll
0x00007ffc17ce0000 - 0x00007ffc17d2e000 	C:\WINDOWS\System32\cfgmgr32.dll
0x00007ffc17d30000 - 0x00007ffc17d57000 	C:\WINDOWS\System32\bcrypt.dll
0x00007ffc02c80000 - 0x00007ffc03048000 	C:\WINDOWS\System32\DriverStore\FileRepository\iigd_dch.inf_amd64_393549dac595e659\igdgmm64.dll
0x00007ffbf0560000 - 0x00007ffbf05a2000 	C:\Users\shara\.openjfx\cache\17.0.2-ea\glass.dll
0x00007ffc18930000 - 0x00007ffc18a0a000 	C:\WINDOWS\System32\COMDLG32.dll
0x00007ffc198f0000 - 0x00007ffc19a04000 	C:\WINDOWS\System32\MSCTF.dll
0x00007ffbaae30000 - 0x00007ffbaae57000 	C:\WINDOWS\System32\DriverStore\FileRepository\iigd_dch.inf_amd64_393549dac595e659\igdinfo64.dll
0x00007ffbff690000 - 0x00007ffc02c76000 	C:\WINDOWS\System32\DriverStore\FileRepository\iigd_dch.inf_amd64_393549dac595e659\igc64.dll
0x00007ffc040a0000 - 0x00007ffc040db000 	C:\WINDOWS\SYSTEM32\dxcore.dll
0x00007ffbf2420000 - 0x00007ffbf2434000 	C:\Users\shara\.openjfx\cache\17.0.2-ea\javafx_font.dll
0x00007ffbf7620000 - 0x00007ffbf789f000 	C:\WINDOWS\SYSTEM32\dwrite.dll
0x00007ffc18800000 - 0x00007ffc188a9000 	C:\WINDOWS\System32\clbcatq.dll
0x00007ffc05ab0000 - 0x00007ffc05c64000 	C:\WINDOWS\SYSTEM32\WindowsCodecs.dll
0x00007ffbe57f0000 - 0x00007ffbe582e000 	C:\WINDOWS\system32\dataexchange.dll
0x00007ffc13710000 - 0x00007ffc13973000 	C:\WINDOWS\system32\d3d11.dll
0x00007ffc14340000 - 0x00007ffc14523000 	C:\WINDOWS\system32\dcomp.dll
0x00007ffc16340000 - 0x00007ffc16433000 	C:\WINDOWS\system32\dxgi.dll
0x00007ffc0f6c0000 - 0x00007ffc0f8c0000 	C:\WINDOWS\system32\twinapi.appcore.dll
0x00007ffbefde0000 - 0x00007ffbefe14000 	C:\Program Files\Common Files\Microsoft Shared\Ink\rtscom.dll
0x00007ffbfc6c0000 - 0x00007ffbfc7b9000 	C:\WINDOWS\SYSTEM32\textinputframework.dll
0x00007ffc14960000 - 0x00007ffc14cbe000 	C:\WINDOWS\System32\CoreUIComponents.dll
0x00007ffc14d00000 - 0x00007ffc14df2000 	C:\WINDOWS\System32\CoreMessaging.dll
0x00007ffc16c30000 - 0x00007ffc16c63000 	C:\WINDOWS\SYSTEM32\ntmarta.dll
0x00007ffc140a0000 - 0x00007ffc141f4000 	C:\WINDOWS\SYSTEM32\wintypes.dll
0x00007ffc13a80000 - 0x00007ffc14040000 	C:\WINDOWS\SYSTEM32\d2d1.dll
0x00007ffc04a00000 - 0x00007ffc050f6000 	C:\WINDOWS\SYSTEM32\D3D10Warp.dll
0x00007ffc16f10000 - 0x00007ffc16fdb000 	C:\WINDOWS\SYSTEM32\DNSAPI.dll
0x00007ffc16ec0000 - 0x00007ffc16efc000 	C:\WINDOWS\SYSTEM32\IPHLPAPI.DLL

dbghelp: loaded successfully - version: 4.0.5 - missing functions: none
symbol engine: initialized successfully - sym options: 0x614 - pdb path: .;C:\Users\shara\.jdks\openjdk-20.0.1\bin;C:\WINDOWS\SYSTEM32;C:\WINDOWS\WinSxS\amd64_microsoft.windows.common-controls_6595b64144ccf1df_6.0.19041.1110_none_60b5254171f9507e;C:\Users\shara\.jdks\openjdk-20.0.1\bin\server;C:\Program Files\JetBrains\IntelliJ IDEA 2022.3.3\bin;C:\Users\shara\.openjfx\cache\17.0.2-ea;C:\WINDOWS\System32\DriverStore\FileRepository\iigd_dch.inf_amd64_393549dac595e659;C:\Program Files\Common Files\Microsoft Shared\Ink

VM Arguments:
jvm_args: -javaagent:C:\Program Files\JetBrains\IntelliJ IDEA 2022.3.3\lib\idea_rt.jar=58730:C:\Program Files\JetBrains\IntelliJ IDEA 2022.3.3\bin -Dfile.encoding=UTF-8 -Dsun.stdout.encoding=UTF-8 -Dsun.stderr.encoding=UTF-8 --module-path=C:\Users\shara\.m2\repository\org\openjfx\javafx-controls\17.0.2\javafx-controls-17.0.2-win.jar;C:\Users\shara\.m2\repository\org\openjfx\javafx-base\17.0.2\javafx-base-17.0.2-win.jar;C:\Users\shara\.m2\repository\org\openjfx\javafx-graphics\17.0.2\javafx-graphics-17.0.2-win.jar;C:\Users\shara\.m2\repository\org\openjfx\javafx-fxml\17.0.2\javafx-fxml-17.0.2-win.jar;C:\Users\shara\IdeaProjects\Demo\target\classes -Djdk.module.main=sample.demo 
java_command: sample.demo/sample.demo.HelloApplication
java_class_path (initial): C:\Users\shara\.m2\repository\org\openjfx\javafx-controls\17.0.2\javafx-controls-17.0.2.jar;C:\Users\shara\.m2\repository\org\openjfx\javafx-graphics\17.0.2\javafx-graphics-17.0.2.jar;C:\Users\shara\.m2\repository\org\openjfx\javafx-base\17.0.2\javafx-base-17.0.2.jar;C:\Users\shara\.m2\repository\org\openjfx\javafx-fxml\17.0.2\javafx-fxml-17.0.2.jar;C:\Users\shara\.m2\repository\com\mysql\mysql-connector-j\8.0.33\mysql-connector-j-8.0.33.jar;C:\Users\shara\.m2\repository\com\google\protobuf\protobuf-java\3.21.9\protobuf-java-3.21.9.jar
Launcher Type: SUN_STANDARD

[Global flags]
     intx CICompilerCount                          = 4                                         {product} {ergonomic}
     uint ConcGCThreads                            = 2                                         {product} {ergonomic}
     uint G1ConcRefinementThreads                  = 8                                         {product} {ergonomic}
   size_t G1HeapRegionSize                         = 2097152                                   {product} {ergonomic}
    uintx GCDrainStackTargetSize                   = 64                                        {product} {ergonomic}
   size_t InitialHeapSize                          = 266338304                                 {product} {ergonomic}
   size_t MarkStackSize                            = 4194304                                   {product} {ergonomic}
   size_t MaxHeapSize                              = 4261412864                                {product} {ergonomic}
   size_t MaxNewSize                               = 2556428288                                {product} {ergonomic}
   size_t MinHeapDeltaBytes                        = 2097152                                   {product} {ergonomic}
   size_t MinHeapSize                              = 8388608                                   {product} {ergonomic}
    uintx NonNMethodCodeHeapSize                   = 5839372                                {pd product} {ergonomic}
    uintx NonProfiledCodeHeapSize                  = 122909434                              {pd product} {ergonomic}
    uintx ProfiledCodeHeapSize                     = 122909434                              {pd product} {ergonomic}
    uintx ReservedCodeCacheSize                    = 251658240                              {pd product} {ergonomic}
     bool SegmentedCodeCache                       = true                                      {product} {ergonomic}
   size_t SoftMaxHeapSize                          = 4261412864                             {manageable} {ergonomic}
     bool UseCompressedClassPointers               = true                           {product lp64_product} {ergonomic}
     bool UseCompressedOops                        = true                           {product lp64_product} {ergonomic}
     bool UseG1GC                                  = true                                      {product} {ergonomic}
     bool UseLargePagesIndividualAllocation        = false                                  {pd product} {ergonomic}

Logging:
Log output configuration:
 #0: stdout all=off uptime,level,tags foldmultilines=false
 #1: stderr all=off uptime,level,tags foldmultilines=false

Environment Variables:
PATH=C:\Users\shara\Downloads\CUserssharaDownloadsWINDOWS.X64_193000_db_home\bin;C:\Program Files\Java\jdk-11.0.2\bin;C:\WINDOWS\system32;C:\WINDOWS;C:\WINDOWS\System32\Wbem;C:\WINDOWS\System32\WindowsPowerShell\v1.0\;C:\WINDOWS\System32\OpenSSH\;C:\Program Files\Git\cmd;C:\Program Files\Git\mingw64\bin;C:\Program Files\Git\usr\bin;C:\wamp64\bin\php\php7.3.12;C:\Program Files\dotnet\;C:\Program Files\MySQL\MySQL Shell 8.0\bin\;C:\Users\shara\AppData\Local\Microsoft\WindowsApps;;C:\Program Files\JetBrains\IntelliJ IDEA Community Edition 2020.2.3\bin;;C:\Users\shara\.dotnet\tools;C:\Program Files\JetBrains\IntelliJ IDEA 2022.3.3\bin;
USERNAME=shara
OS=Windows_NT
PROCESSOR_IDENTIFIER=Intel64 Family 6 Model 142 Stepping 12, GenuineIntel
TMP=C:\Users\shara\AppData\Local\Temp
TEMP=C:\Users\shara\AppData\Local\Temp




---------------  S Y S T E M  ---------------

OS:
 Windows 10 , 64 bit Build 19041 (10.0.19041.2788)
OS uptime: 55 days 3:49 hours

CPU: total 8 (initial active 8) (4 cores per cpu, 2 threads per core) family 6 model 142 stepping 12 microcode 0xc6, cx8, cmov, fxsr, ht, mmx, 3dnowpref, sse, sse2, sse3, ssse3, sse4.1, sse4.2, popcnt, lzcnt, tsc, tscinvbit, avx, avx2, aes, erms, clmul, bmi1, bmi2, adx, fma, vzeroupper, clflush, clflushopt, rdtscp, f16c

Memory: 4k page, system-wide physical 16254M (2504M free)
TotalPageFile size 35486M (AvailPageFile size 4607M)
current process WorkingSet (physical memory assigned to process): 214M, peak: 227M
current process commit charge ("private bytes"): 249M, peak: 433M

vm_info: OpenJDK 64-Bit Server VM (20.0.1+9-29) for windows-amd64 JRE (20.0.1+9-29), built on 2023-03-07T13:56:11Z by "mach5one" with MS VC++ 17.1 (VS2022)

END.
