#
# A fatal error has been detected by the Java Runtime Environment:
#
#  EXCEPTION_ACCESS_VIOLATION (0xc0000005) at pc=0x00007ffbf0586ab7, pid=25276, tid=23076
#
# JRE version: OpenJDK Runtime Environment (20.0.1+9) (build 20.0.1+9-29)
# Java VM: OpenJDK 64-Bit Server VM (20.0.1+9-29, mixed mode, sharing, tiered, compressed oops, compressed class ptrs, g1 gc, windows-amd64)
# Problematic frame:
# C  [glass.dll+0x26ab7]
#
# No core dump will be written. Minidumps are not enabled by default on client versions of Windows
#
# If you would like to submit a bug report, please visit:
#   https://bugreport.java.com/bugreport/crash.jsp
#

---------------  S U M M A R Y ------------

Command Line: -javaagent:C:\Program Files\JetBrains\IntelliJ IDEA 2022.3.3\lib\idea_rt.jar=62657:C:\Program Files\JetBrains\IntelliJ IDEA 2022.3.3\bin -Dfile.encoding=UTF-8 -Dsun.stdout.encoding=UTF-8 -Dsun.stderr.encoding=UTF-8 --module-path=C:\Users\shara\.m2\repository\org\openjfx\javafx-graphics\17.0.2\javafx-graphics-17.0.2-win.jar;C:\Users\shara\.m2\repository\org\openjfx\javafx-fxml\17.0.2\javafx-fxml-17.0.2-win.jar;C:\Users\shara\IdeaProjects\Demo\target\classes;C:\Users\shara\.m2\repository\org\openjfx\javafx-base\17.0.2\javafx-base-17.0.2-win.jar;C:\Users\shara\.m2\repository\org\openjfx\javafx-controls\17.0.2\javafx-controls-17.0.2-win.jar -Djdk.module.main=sample.demo sample.demo/sample.demo.HelloApplication

Host: Intel(R) Core(TM) i7-8565U CPU @ 1.80GHz, 8 cores, 15G,  Windows 10 , 64 bit Build 19041 (10.0.19041.2788)
Time: Thu Jun  8 14:59:10 2023 Russia TZ 2 Standard Time elapsed time: 108.721392 seconds (0d 0h 1m 48s)

---------------  T H R E A D  ---------------

Current thread (0x000002b138e53f90):  VMThread "VM Thread" [stack: 0x000000d088d00000,0x000000d088e00000] [id=23076]

Stack: [0x000000d088d00000,0x000000d088e00000],  sp=0x000000d088dff180,  free space=1020k
Native frames: (J=compiled Java code, j=interpreted, Vv=VM code, C=native code)
C  [glass.dll+0x26ab7]


siginfo: EXCEPTION_ACCESS_VIOLATION (0xc0000005), reading address 0x0000000000000000


Registers:
RAX=0x0000000000000000, RBX=0x000002b138e5e2e8, RCX=0x000002b138e53f90, RDX=0x000000d088dff180
RSP=0x000000d088dff180, RBP=0x000002b13dab6628, RSI=0x000002b13dab6600, RDI=0x0000b1e9d1961cd7
R8 =0x0000000000010002, R9 =0x0000b1e9d1961cd7, R10=0x0000000000008000, R11=0x000000d088dff110
R12=0x00007ffbf0584384, R13=0x00007ffb6aa6ea90, R14=0x000000d088dff278, R15=0x000002b13dab6600
RIP=0x00007ffbf0586ab7, EFLAGS=0x0000000000010206


Register to memory mapping:

RIP=0x00007ffbf0586ab7 glass.dll
RAX=0x0 is NULL
RBX=0x000002b138e5e2e8 is a global jni handle
RCX=0x000002b138e53f90 points into unknown readable memory: 0x00007ffb6a897080 | 80 70 89 6a fb 7f 00 00
RDX=0x000000d088dff180 points into unknown readable memory: 0x0000000000000000 | 00 00 00 00 00 00 00 00
RSP=0x000000d088dff180 points into unknown readable memory: 0x0000000000000000 | 00 00 00 00 00 00 00 00
RBP=0x000002b13dab6628 points into unknown readable memory: 0x0000b1e9d1961cd7 | d7 1c 96 d1 e9 b1 00 00
RSI=0x000002b13dab6600 points into unknown readable memory: 0xfdf89df69f961ce8 | e8 1c 96 9f f6 9d f8 fd
RDI=0x0000b1e9d1961cd7 is an unknown value
R8 =0x0000000000010002 is an unknown value
R9 =0x0000b1e9d1961cd7 is an unknown value
R10=0x0000000000008000 is an unknown value
R11=0x000000d088dff110 points into unknown readable memory: 0x000002b13dab6600 | 00 66 ab 3d b1 02 00 00
R12=0x00007ffbf0584384 glass.dll
R13=0x00007ffb6aa6ea90 jvm.dll
R14=0x000000d088dff278 points into unknown readable memory: 0x000000d088dff260 | 60 f2 df 88 d0 00 00 00
R15=0x000002b13dab6600 points into unknown readable memory: 0xfdf89df69f961ce8 | e8 1c 96 9f f6 9d f8 fd


Top of Stack: (sp=0x000000d088dff180)
0x000000d088dff180:   0000000000000000 000002b13dab6600
0x000000d088dff190:   00007ffb6aa6ea90 00007ffbf0584384
0x000000d088dff1a0:   000002b13dab6608 00007ffc182b42d6
0x000000d088dff1b0:   0000b1e9d1961cd7 000002b100000000
0x000000d088dff1c0:   000002b13dab6628 000002b13dab6600
0x000000d088dff1d0:   fffffffffffffffe 0000000000000000
0x000000d088dff1e0:   0000000000000001 00007ffbf0560000
0x000000d088dff1f0:   000000d088dff268 00007ffc182b41fb
0x000000d088dff200:   0000000000000000 000000d088dff278
0x000000d088dff210:   000000d088dff540 00007ffc18390e40
0x000000d088dff220:   0000000000000001 00007ffc182b41b4
0x000000d088dff230:   0000000000000000 0000000000000001
0x000000d088dff240:   00007ffb00000001 000000d088dff268
0x000000d088dff250:   0000000000000000 00007ffbf0584211
0x000000d088dff260:   00007ffbf059a138 00007ffc00000002
0x000000d088dff270:   0000000000000002 000000d088dff260
0x000000d088dff280:   0000000000000000 00007ffc1a389993
0x000000d088dff290:   0000000000000000 00007ffbf0584336
0x000000d088dff2a0:   0000000000000001 0000000000000000
0x000000d088dff2b0:   0000000000000000 0000000000000001
0x000000d088dff2c0:   0000000000000000 0000000000000000
0x000000d088dff2d0:   0000000000000001 0000f02dd6a50cdf
0x000000d088dff2e0:   00007ffbf0560000 000000007ffe0384
0x000000d088dff2f0:   0000000000000000 00007ffc1a389a1d
0x000000d088dff300:   00007ffbf0560000 0000000000000000
0x000000d088dff310:   0000000000000001 000000007ffe0385
0x000000d088dff320:   0000000002360fb8 000000d088dff540
0x000000d088dff330:   0000f02d00000000 0000000000000014
0x000000d088dff340:   0000000000000000 00007ffbf0584384
0x000000d088dff350:   00000000000003d8 000002b13dab3d30
0x000000d088dff360:   000002b138e44e00 00007ffc1a3cdcec
0x000000d088dff370:   000002b13dab4430 00007ffbf0560000 

Instructions: (pc=0x00007ffbf0586ab7)
0x00007ffbf05869b7:   8b 4d 58 e8 01 cf ff ff 48 8b 4d 60 e8 f8 ce ff
0x00007ffbf05869c7:   ff 48 8b 95 80 00 00 00 48 8b 8d 18 01 00 00 e8
0x00007ffbf05869d7:   c6 c3 ff ff 33 d2 33 c9 e8 3c e1 ff ff 90 48 89
0x00007ffbf05869e7:   54 24 10 55 48 83 ec 20 48 8b ea 48 b8 00 00 00
0x00007ffbf05869f7:   00 00 00 00 00 48 83 c4 20 5d c3 cc 40 55 48 8b
0x00007ffbf0586a07:   ea 48 8b 01 33 c9 81 38 05 00 00 c0 0f 94 c1 8b
0x00007ffbf0586a17:   c1 5d c3 cc 40 55 48 83 ec 20 48 8b ea 8a 4d 40
0x00007ffbf0586a27:   48 83 c4 20 5d e9 f7 d2 ff ff cc 40 55 48 83 ec
0x00007ffbf0586a37:   20 48 8b ea 8a 4d 20 e8 e5 d2 ff ff 90 48 83 c4
0x00007ffbf0586a47:   20 5d c3 cc 40 55 48 83 ec 20 48 8b ea 48 83 c4
0x00007ffbf0586a57:   20 5d e9 46 d1 ff ff cc 40 55 48 83 ec 30 48 8b
0x00007ffbf0586a67:   ea 48 8b 01 8b 10 48 89 4c 24 28 89 54 24 20 4c
0x00007ffbf0586a77:   8d 0d e7 d5 ff ff 4c 8b 45 70 8b 55 68 48 8b 4d
0x00007ffbf0586a87:   60 e8 87 d0 ff ff 90 48 83 c4 30 5d c3 cc cc cc
0x00007ffbf0586a97:   cc cc cc cc cc cc cc cc cc 40 53 48 83 ec 20 48
0x00007ffbf0586aa7:   8b 1d 83 30 01 00 48 85 db 74 16 e8 09 8b ff ff
0x00007ffbf0586ab7:   4c 8b 00 48 8b d3 48 8b c8 41 ff 90 b0 00 00 00
0x00007ffbf0586ac7:   90 48 83 c4 20 5b c3 cc cc 40 53 48 83 ec 20 48
0x00007ffbf0586ad7:   8b 1d fb 31 01 00 48 85 db 74 57 b8 ff ff ff ff
0x00007ffbf0586ae7:   f0 0f c1 43 10 83 f8 01 75 3d 48 85 db 74 38 48
0x00007ffbf0586af7:   8b 0b 48 85 c9 74 0d ff 15 a4 07 00 00 48 c7 03
0x00007ffbf0586b07:   00 00 00 00 48 8b 4b 08 48 85 c9 74 0d e8 a7 cd
0x00007ffbf0586b17:   ff ff 48 c7 43 08 00 00 00 00 ba 18 00 00 00 48
0x00007ffbf0586b27:   8b cb e8 92 cd ff ff 48 c7 05 9f 31 01 00 00 00
0x00007ffbf0586b37:   00 00 48 83 c4 20 5b c3 cc 40 53 48 83 ec 20 48
0x00007ffbf0586b47:   8b 1d 6b 31 01 00 48 85 db 74 57 b8 ff ff ff ff
0x00007ffbf0586b57:   f0 0f c1 43 10 83 f8 01 75 3d 48 85 db 74 38 48
0x00007ffbf0586b67:   8b 0b 48 85 c9 74 0d ff 15 34 07 00 00 48 c7 03
0x00007ffbf0586b77:   00 00 00 00 48 8b 4b 08 48 85 c9 74 0d e8 37 cd
0x00007ffbf0586b87:   ff ff 48 c7 43 08 00 00 00 00 ba 18 00 00 00 48
0x00007ffbf0586b97:   8b cb e8 22 cd ff ff 48 c7 05 0f 31 01 00 00 00
0x00007ffbf0586ba7:   00 00 48 83 c4 20 5b c3 cc 40 53 48 83 ec 20 48 


Stack slot to memory mapping:
stack at sp + 0 slots: 0x0 is NULL
stack at sp + 1 slots: 0x000002b13dab6600 points into unknown readable memory: 0xfdf89df69f961ce8 | e8 1c 96 9f f6 9d f8 fd
stack at sp + 2 slots: 0x00007ffb6aa6ea90 jvm.dll
stack at sp + 3 slots: 0x00007ffbf0584384 glass.dll
stack at sp + 4 slots: 0x000002b13dab6608 points into unknown readable memory: 0x0000b1e9d1961cd7 | d7 1c 96 d1 e9 b1 00 00
stack at sp + 5 slots: 0x00007ffc182b42d6 ucrtbase.dll
stack at sp + 6 slots: 0x0000b1e9d1961cd7 is an unknown value
stack at sp + 7 slots: 0x000002b100000000 is an unknown value

VM_Operation (0x000000d08a1ff010): Exit, mode: safepoint, requested by thread 0x000002b13e11d670


---------------  P R O C E S S  ---------------

Threads class SMR info:
_java_thread_list=0x000002b13ddc6820, length=20, elements={
0x000002b11990b350, 0x000002b138e71890, 0x000002b138e72690, 0x000002b138e75740,
0x000002b138e76280, 0x000002b138e7a480, 0x000002b138e7c570, 0x000002b138e7f9a0,
0x000002b138e81fa0, 0x000002b138e39f50, 0x000002b13d6bd000, 0x000002b13d54d660,
0x000002b13d8aff40, 0x000002b13db1ec60, 0x000002b13db25410, 0x000002b13de4a500,
0x000002b13de4ba80, 0x000002b13e11f650, 0x000002b13e11e110, 0x000002b13e11d670
}

Java Threads: ( => current thread )
  0x000002b11990b350 JavaThread "main" [_thread_blocked, id=23444, stack(0x000000d088700000,0x000000d088800000)]
  0x000002b138e71890 JavaThread "Reference Handler" daemon [_thread_blocked, id=11660, stack(0x000000d088e00000,0x000000d088f00000)]
  0x000002b138e72690 JavaThread "Finalizer" daemon [_thread_blocked, id=14848, stack(0x000000d088f00000,0x000000d089000000)]
  0x000002b138e75740 JavaThread "Signal Dispatcher" daemon [_thread_blocked, id=31864, stack(0x000000d089000000,0x000000d089100000)]
  0x000002b138e76280 JavaThread "Attach Listener" daemon [_thread_blocked, id=14124, stack(0x000000d089100000,0x000000d089200000)]
  0x000002b138e7a480 JavaThread "Service Thread" daemon [_thread_blocked, id=25556, stack(0x000000d089200000,0x000000d089300000)]
  0x000002b138e7c570 JavaThread "Monitor Deflation Thread" daemon [_thread_blocked, id=10460, stack(0x000000d089300000,0x000000d089400000)]
  0x000002b138e7f9a0 JavaThread "C2 CompilerThread0" daemon [_thread_blocked, id=24380, stack(0x000000d089400000,0x000000d089500000)]
  0x000002b138e81fa0 JavaThread "C1 CompilerThread0" daemon [_thread_blocked, id=24792, stack(0x000000d089500000,0x000000d089600000)]
  0x000002b138e39f50 JavaThread "Common-Cleaner" daemon [_thread_blocked, id=26016, stack(0x000000d089600000,0x000000d089700000)]
  0x000002b13d6bd000 JavaThread "Monitor Ctrl-Break" daemon [_thread_in_native, id=33708, stack(0x000000d089900000,0x000000d089a00000)]
  0x000002b13d54d660 JavaThread "Notification Thread" daemon [_thread_blocked, id=13008, stack(0x000000d089a00000,0x000000d089b00000)]
  0x000002b13d8aff40 JavaThread "QuantumRenderer-0" daemon [_thread_blocked, id=32620, stack(0x000000d089c00000,0x000000d089d00000)]
  0x000002b13db1ec60 JavaThread "InvokeLaterDispatcher" daemon [_thread_blocked, id=11400, stack(0x000000d089d00000,0x000000d089e00000)]
  0x000002b13db25410 JavaThread "JavaFX Application Thread" [_thread_in_native, id=33280, stack(0x000000d089e00000,0x000000d089f00000)]
  0x000002b13de4a500 JavaThread "Thread-1" daemon [_thread_in_native, id=15704, stack(0x000000d089700000,0x000000d089800000)]
  0x000002b13de4ba80 JavaThread "JavaFX-Launcher" [_thread_blocked, id=20956, stack(0x000000d089800000,0x000000d089900000)]
  0x000002b13e11f650 JavaThread "Prism Font Disposer" daemon [_thread_blocked, id=19240, stack(0x000000d08ac00000,0x000000d08ad00000)]
  0x000002b13e11e110 JavaThread "Cleaner-0" daemon [_thread_blocked, id=14092, stack(0x000000d08ad00000,0x000000d08ae00000)]
  0x000002b13e11d670 JavaThread "SIGINT handler" daemon [_thread_blocked, id=25364, stack(0x000000d08a100000,0x000000d08a200000)]

Other Threads:
=>0x000002b138e53f90 VMThread "VM Thread" [stack: 0x000000d088d00000,0x000000d088e00000] [id=23076]
  0x000002b119979700 WorkerThread "GC Thread#0" [stack: 0x000000d088800000,0x000000d088900000] [id=33504]
  0x000002b13de88c40 WorkerThread "GC Thread#1" [stack: 0x000000d08a200000,0x000000d08a300000] [id=30516]
  0x000002b13de33ff0 WorkerThread "GC Thread#2" [stack: 0x000000d08a300000,0x000000d08a400000] [id=30892]
  0x000002b13de342c0 WorkerThread "GC Thread#3" [stack: 0x000000d08a400000,0x000000d08a500000] [id=33456]
  0x000002b13de79eb0 WorkerThread "GC Thread#4" [stack: 0x000000d08a500000,0x000000d08a600000] [id=2484]
  0x000002b13de78b00 WorkerThread "GC Thread#5" [stack: 0x000000d08a600000,0x000000d08a700000] [id=16728]
  0x000002b13de790a0 WorkerThread "GC Thread#6" [stack: 0x000000d08b000000,0x000000d08b100000] [id=29840]
  0x000002b13de79be0 WorkerThread "GC Thread#7" [stack: 0x000000d08b100000,0x000000d08b200000] [id=560]
  0x000002b11998a5b0 ConcurrentGCThread "G1 Main Marker" terminated
  0x000002b11998c790 WorkerThread "G1 Conc#0" [stack: 0x000000d088a00000,0x000000d088b00000] [id=13016]
  0x000002b138d11540 ConcurrentGCThread "G1 Refine#0" terminated
  0x000002b1199de1c0 ConcurrentGCThread "G1 Service" terminated

Threads with active compile tasks:

VM state: at safepoint (shutting down)

VM Mutex/Monitor currently owned by a thread:  ([mutex/lock_event])
[0x000002b119907030] Threads_lock - owner thread: 0x000002b138e53f90
[0x000002b119908500] Heap_lock - owner thread: 0x000002b13e11d670

Heap address: 0x0000000702000000, size: 4064 MB, Compressed Oops mode: Zero based, Oop shift amount: 3

CDS archive(s) mapped at: [0x0000000800000000-0x0000000800c60000-0x0000000800c60000), size 12976128, SharedBaseAddress: 0x0000000800000000, ArchiveRelocationMode: 0.
Compressed class space mapped at: 0x0000000801000000-0x0000000841000000, reserved size: 1073741824
Narrow klass base: 0x0000000800000000, Narrow klass shift: 0, Narrow klass range: 0x100000000

GC Precious Log:
 CardTable entry size: 512
 Card Set container configuration: InlinePtr #cards 4 size 8 Array Of Cards #cards 16 size 48 Howl #buckets 8 coarsen threshold 3686 Howl Bitmap #cards 512 size 80 coarsen threshold 460 Card regions per heap region 1 cards per card region 4096
 CPUs: 8 total, 8 available
 Memory: 16254M
 Large Page Support: Disabled
 NUMA Support: Disabled
 Compressed Oops: Enabled (Zero based)
 Heap Region Size: 2M
 Heap Min Capacity: 8M
 Heap Initial Capacity: 254M
 Heap Max Capacity: 4064M
 Pre-touch: Disabled
 Parallel Workers: 8
 Concurrent Workers: 2
 Concurrent Refinement Workers: 8
 Periodic GC: Disabled

Heap:
 garbage-first heap   total 260096K, used 28467K [0x0000000702000000, 0x0000000800000000)
  region size 2048K, 12 young (24576K), 3 survivors (6144K)
 Metaspace       used 18125K, committed 18560K, reserved 1114112K
  class space    used 2534K, committed 2752K, reserved 1048576K

Heap Regions: E=young(eden), S=young(survivor), O=old, HS=humongous(starts), HC=humongous(continues), CS=collection set, F=free, OA=open archive, CA=closed archive, TAMS=top-at-mark-start, PB=parsable bottom
|   0|0x0000000702000000, 0x0000000702200000, 0x0000000702200000|100%|HS|  |TAMS 0x0000000702000000| PB 0x0000000702000000| Complete 
|   1|0x0000000702200000, 0x00000007023ccc00, 0x0000000702400000| 89%| O|  |TAMS 0x0000000702200000| PB 0x0000000702200000| Untracked 
|   2|0x0000000702400000, 0x0000000702600000, 0x0000000702600000|100%|HS|  |TAMS 0x0000000702400000| PB 0x0000000702400000| Complete 
|   3|0x0000000702600000, 0x0000000702600000, 0x0000000702800000|  0%| F|  |TAMS 0x0000000702600000| PB 0x0000000702600000| Untracked 
|   4|0x0000000702800000, 0x0000000702800000, 0x0000000702a00000|  0%| F|  |TAMS 0x0000000702800000| PB 0x0000000702800000| Untracked 
|   5|0x0000000702a00000, 0x0000000702a00000, 0x0000000702c00000|  0%| F|  |TAMS 0x0000000702a00000| PB 0x0000000702a00000| Untracked 
|   6|0x0000000702c00000, 0x0000000702c00000, 0x0000000702e00000|  0%| F|  |TAMS 0x0000000702c00000| PB 0x0000000702c00000| Untracked 
|   7|0x0000000702e00000, 0x0000000702e00000, 0x0000000703000000|  0%| F|  |TAMS 0x0000000702e00000| PB 0x0000000702e00000| Untracked 
|   8|0x0000000703000000, 0x0000000703000000, 0x0000000703200000|  0%| F|  |TAMS 0x0000000703000000| PB 0x0000000703000000| Untracked 
|   9|0x0000000703200000, 0x0000000703200000, 0x0000000703400000|  0%| F|  |TAMS 0x0000000703200000| PB 0x0000000703200000| Untracked 
|  10|0x0000000703400000, 0x0000000703400000, 0x0000000703600000|  0%| F|  |TAMS 0x0000000703400000| PB 0x0000000703400000| Untracked 
|  11|0x0000000703600000, 0x0000000703600000, 0x0000000703800000|  0%| F|  |TAMS 0x0000000703600000| PB 0x0000000703600000| Untracked 
|  12|0x0000000703800000, 0x0000000703800000, 0x0000000703a00000|  0%| F|  |TAMS 0x0000000703800000| PB 0x0000000703800000| Untracked 
|  13|0x0000000703a00000, 0x0000000703a00000, 0x0000000703c00000|  0%| F|  |TAMS 0x0000000703a00000| PB 0x0000000703a00000| Untracked 
|  14|0x0000000703c00000, 0x0000000703c00000, 0x0000000703e00000|  0%| F|  |TAMS 0x0000000703c00000| PB 0x0000000703c00000| Untracked 
|  15|0x0000000703e00000, 0x0000000703e00000, 0x0000000704000000|  0%| F|  |TAMS 0x0000000703e00000| PB 0x0000000703e00000| Untracked 
|  16|0x0000000704000000, 0x0000000704000000, 0x0000000704200000|  0%| F|  |TAMS 0x0000000704000000| PB 0x0000000704000000| Untracked 
|  17|0x0000000704200000, 0x0000000704200000, 0x0000000704400000|  0%| F|  |TAMS 0x0000000704200000| PB 0x0000000704200000| Untracked 
|  18|0x0000000704400000, 0x0000000704400000, 0x0000000704600000|  0%| F|  |TAMS 0x0000000704400000| PB 0x0000000704400000| Untracked 
|  19|0x0000000704600000, 0x0000000704600000, 0x0000000704800000|  0%| F|  |TAMS 0x0000000704600000| PB 0x0000000704600000| Untracked 
|  20|0x0000000704800000, 0x0000000704800000, 0x0000000704a00000|  0%| F|  |TAMS 0x0000000704800000| PB 0x0000000704800000| Untracked 
|  21|0x0000000704a00000, 0x0000000704a00000, 0x0000000704c00000|  0%| F|  |TAMS 0x0000000704a00000| PB 0x0000000704a00000| Untracked 
|  22|0x0000000704c00000, 0x0000000704c00000, 0x0000000704e00000|  0%| F|  |TAMS 0x0000000704c00000| PB 0x0000000704c00000| Untracked 
|  23|0x0000000704e00000, 0x0000000704e00000, 0x0000000705000000|  0%| F|  |TAMS 0x0000000704e00000| PB 0x0000000704e00000| Untracked 
|  24|0x0000000705000000, 0x0000000705000000, 0x0000000705200000|  0%| F|  |TAMS 0x0000000705000000| PB 0x0000000705000000| Untracked 
|  25|0x0000000705200000, 0x0000000705200000, 0x0000000705400000|  0%| F|  |TAMS 0x0000000705200000| PB 0x0000000705200000| Untracked 
|  26|0x0000000705400000, 0x0000000705400000, 0x0000000705600000|  0%| F|  |TAMS 0x0000000705400000| PB 0x0000000705400000| Untracked 
|  27|0x0000000705600000, 0x0000000705600000, 0x0000000705800000|  0%| F|  |TAMS 0x0000000705600000| PB 0x0000000705600000| Untracked 
|  28|0x0000000705800000, 0x0000000705800000, 0x0000000705a00000|  0%| F|  |TAMS 0x0000000705800000| PB 0x0000000705800000| Untracked 
|  29|0x0000000705a00000, 0x0000000705a00000, 0x0000000705c00000|  0%| F|  |TAMS 0x0000000705a00000| PB 0x0000000705a00000| Untracked 
|  30|0x0000000705c00000, 0x0000000705c00000, 0x0000000705e00000|  0%| F|  |TAMS 0x0000000705c00000| PB 0x0000000705c00000| Untracked 
|  31|0x0000000705e00000, 0x0000000705e00000, 0x0000000706000000|  0%| F|  |TAMS 0x0000000705e00000| PB 0x0000000705e00000| Untracked 
|  32|0x0000000706000000, 0x0000000706000000, 0x0000000706200000|  0%| F|  |TAMS 0x0000000706000000| PB 0x0000000706000000| Untracked 
|  33|0x0000000706200000, 0x0000000706200000, 0x0000000706400000|  0%| F|  |TAMS 0x0000000706200000| PB 0x0000000706200000| Untracked 
|  34|0x0000000706400000, 0x0000000706400000, 0x0000000706600000|  0%| F|  |TAMS 0x0000000706400000| PB 0x0000000706400000| Untracked 
|  35|0x0000000706600000, 0x0000000706600000, 0x0000000706800000|  0%| F|  |TAMS 0x0000000706600000| PB 0x0000000706600000| Untracked 
|  36|0x0000000706800000, 0x0000000706800000, 0x0000000706a00000|  0%| F|  |TAMS 0x0000000706800000| PB 0x0000000706800000| Untracked 
|  37|0x0000000706a00000, 0x0000000706a00000, 0x0000000706c00000|  0%| F|  |TAMS 0x0000000706a00000| PB 0x0000000706a00000| Untracked 
|  38|0x0000000706c00000, 0x0000000706c00000, 0x0000000706e00000|  0%| F|  |TAMS 0x0000000706c00000| PB 0x0000000706c00000| Untracked 
|  39|0x0000000706e00000, 0x0000000706e00000, 0x0000000707000000|  0%| F|  |TAMS 0x0000000706e00000| PB 0x0000000706e00000| Untracked 
|  40|0x0000000707000000, 0x0000000707000000, 0x0000000707200000|  0%| F|  |TAMS 0x0000000707000000| PB 0x0000000707000000| Untracked 
|  41|0x0000000707200000, 0x0000000707200000, 0x0000000707400000|  0%| F|  |TAMS 0x0000000707200000| PB 0x0000000707200000| Untracked 
|  42|0x0000000707400000, 0x0000000707400000, 0x0000000707600000|  0%| F|  |TAMS 0x0000000707400000| PB 0x0000000707400000| Untracked 
|  43|0x0000000707600000, 0x0000000707600000, 0x0000000707800000|  0%| F|  |TAMS 0x0000000707600000| PB 0x0000000707600000| Untracked 
|  44|0x0000000707800000, 0x0000000707800000, 0x0000000707a00000|  0%| F|  |TAMS 0x0000000707800000| PB 0x0000000707800000| Untracked 
|  45|0x0000000707a00000, 0x0000000707a00000, 0x0000000707c00000|  0%| F|  |TAMS 0x0000000707a00000| PB 0x0000000707a00000| Untracked 
|  46|0x0000000707c00000, 0x0000000707c00000, 0x0000000707e00000|  0%| F|  |TAMS 0x0000000707c00000| PB 0x0000000707c00000| Untracked 
|  47|0x0000000707e00000, 0x0000000707e00000, 0x0000000708000000|  0%| F|  |TAMS 0x0000000707e00000| PB 0x0000000707e00000| Untracked 
|  48|0x0000000708000000, 0x0000000708000000, 0x0000000708200000|  0%| F|  |TAMS 0x0000000708000000| PB 0x0000000708000000| Untracked 
|  49|0x0000000708200000, 0x0000000708200000, 0x0000000708400000|  0%| F|  |TAMS 0x0000000708200000| PB 0x0000000708200000| Untracked 
|  50|0x0000000708400000, 0x0000000708400000, 0x0000000708600000|  0%| F|  |TAMS 0x0000000708400000| PB 0x0000000708400000| Untracked 
|  51|0x0000000708600000, 0x0000000708600000, 0x0000000708800000|  0%| F|  |TAMS 0x0000000708600000| PB 0x0000000708600000| Untracked 
|  52|0x0000000708800000, 0x0000000708800000, 0x0000000708a00000|  0%| F|  |TAMS 0x0000000708800000| PB 0x0000000708800000| Untracked 
|  53|0x0000000708a00000, 0x0000000708a00000, 0x0000000708c00000|  0%| F|  |TAMS 0x0000000708a00000| PB 0x0000000708a00000| Untracked 
|  54|0x0000000708c00000, 0x0000000708c00000, 0x0000000708e00000|  0%| F|  |TAMS 0x0000000708c00000| PB 0x0000000708c00000| Untracked 
|  55|0x0000000708e00000, 0x0000000708e00000, 0x0000000709000000|  0%| F|  |TAMS 0x0000000708e00000| PB 0x0000000708e00000| Untracked 
|  56|0x0000000709000000, 0x0000000709000000, 0x0000000709200000|  0%| F|  |TAMS 0x0000000709000000| PB 0x0000000709000000| Untracked 
|  57|0x0000000709200000, 0x0000000709200000, 0x0000000709400000|  0%| F|  |TAMS 0x0000000709200000| PB 0x0000000709200000| Untracked 
|  58|0x0000000709400000, 0x0000000709400000, 0x0000000709600000|  0%| F|  |TAMS 0x0000000709400000| PB 0x0000000709400000| Untracked 
|  59|0x0000000709600000, 0x0000000709600000, 0x0000000709800000|  0%| F|  |TAMS 0x0000000709600000| PB 0x0000000709600000| Untracked 
|  60|0x0000000709800000, 0x0000000709800000, 0x0000000709a00000|  0%| F|  |TAMS 0x0000000709800000| PB 0x0000000709800000| Untracked 
|  61|0x0000000709a00000, 0x0000000709a00000, 0x0000000709c00000|  0%| F|  |TAMS 0x0000000709a00000| PB 0x0000000709a00000| Untracked 
|  62|0x0000000709c00000, 0x0000000709c00000, 0x0000000709e00000|  0%| F|  |TAMS 0x0000000709c00000| PB 0x0000000709c00000| Untracked 
|  63|0x0000000709e00000, 0x0000000709e00000, 0x000000070a000000|  0%| F|  |TAMS 0x0000000709e00000| PB 0x0000000709e00000| Untracked 
|  64|0x000000070a000000, 0x000000070a000000, 0x000000070a200000|  0%| F|  |TAMS 0x000000070a000000| PB 0x000000070a000000| Untracked 
|  65|0x000000070a200000, 0x000000070a200000, 0x000000070a400000|  0%| F|  |TAMS 0x000000070a200000| PB 0x000000070a200000| Untracked 
|  66|0x000000070a400000, 0x000000070a400000, 0x000000070a600000|  0%| F|  |TAMS 0x000000070a400000| PB 0x000000070a400000| Untracked 
|  67|0x000000070a600000, 0x000000070a600000, 0x000000070a800000|  0%| F|  |TAMS 0x000000070a600000| PB 0x000000070a600000| Untracked 
|  68|0x000000070a800000, 0x000000070a800000, 0x000000070aa00000|  0%| F|  |TAMS 0x000000070a800000| PB 0x000000070a800000| Untracked 
|  69|0x000000070aa00000, 0x000000070aa00000, 0x000000070ac00000|  0%| F|  |TAMS 0x000000070aa00000| PB 0x000000070aa00000| Untracked 
|  70|0x000000070ac00000, 0x000000070ac00000, 0x000000070ae00000|  0%| F|  |TAMS 0x000000070ac00000| PB 0x000000070ac00000| Untracked 
|  71|0x000000070ae00000, 0x000000070ae00000, 0x000000070b000000|  0%| F|  |TAMS 0x000000070ae00000| PB 0x000000070ae00000| Untracked 
|  72|0x000000070b000000, 0x000000070b000000, 0x000000070b200000|  0%| F|  |TAMS 0x000000070b000000| PB 0x000000070b000000| Untracked 
|  73|0x000000070b200000, 0x000000070b200000, 0x000000070b400000|  0%| F|  |TAMS 0x000000070b200000| PB 0x000000070b200000| Untracked 
|  74|0x000000070b400000, 0x000000070b400000, 0x000000070b600000|  0%| F|  |TAMS 0x000000070b400000| PB 0x000000070b400000| Untracked 
|  75|0x000000070b600000, 0x000000070b600000, 0x000000070b800000|  0%| F|  |TAMS 0x000000070b600000| PB 0x000000070b600000| Untracked 
|  76|0x000000070b800000, 0x000000070b800000, 0x000000070ba00000|  0%| F|  |TAMS 0x000000070b800000| PB 0x000000070b800000| Untracked 
|  77|0x000000070ba00000, 0x000000070ba00000, 0x000000070bc00000|  0%| F|  |TAMS 0x000000070ba00000| PB 0x000000070ba00000| Untracked 
|  78|0x000000070bc00000, 0x000000070bc00000, 0x000000070be00000|  0%| F|  |TAMS 0x000000070bc00000| PB 0x000000070bc00000| Untracked 
|  79|0x000000070be00000, 0x000000070be00000, 0x000000070c000000|  0%| F|  |TAMS 0x000000070be00000| PB 0x000000070be00000| Untracked 
|  80|0x000000070c000000, 0x000000070c000000, 0x000000070c200000|  0%| F|  |TAMS 0x000000070c000000| PB 0x000000070c000000| Untracked 
|  81|0x000000070c200000, 0x000000070c200000, 0x000000070c400000|  0%| F|  |TAMS 0x000000070c200000| PB 0x000000070c200000| Untracked 
|  82|0x000000070c400000, 0x000000070c400000, 0x000000070c600000|  0%| F|  |TAMS 0x000000070c400000| PB 0x000000070c400000| Untracked 
|  83|0x000000070c600000, 0x000000070c600000, 0x000000070c800000|  0%| F|  |TAMS 0x000000070c600000| PB 0x000000070c600000| Untracked 
|  84|0x000000070c800000, 0x000000070c800000, 0x000000070ca00000|  0%| F|  |TAMS 0x000000070c800000| PB 0x000000070c800000| Untracked 
|  85|0x000000070ca00000, 0x000000070ca00000, 0x000000070cc00000|  0%| F|  |TAMS 0x000000070ca00000| PB 0x000000070ca00000| Untracked 
|  86|0x000000070cc00000, 0x000000070cc00000, 0x000000070ce00000|  0%| F|  |TAMS 0x000000070cc00000| PB 0x000000070cc00000| Untracked 
|  87|0x000000070ce00000, 0x000000070ce00000, 0x000000070d000000|  0%| F|  |TAMS 0x000000070ce00000| PB 0x000000070ce00000| Untracked 
|  88|0x000000070d000000, 0x000000070d000000, 0x000000070d200000|  0%| F|  |TAMS 0x000000070d000000| PB 0x000000070d000000| Untracked 
|  89|0x000000070d200000, 0x000000070d200000, 0x000000070d400000|  0%| F|  |TAMS 0x000000070d200000| PB 0x000000070d200000| Untracked 
|  90|0x000000070d400000, 0x000000070d400000, 0x000000070d600000|  0%| F|  |TAMS 0x000000070d400000| PB 0x000000070d400000| Untracked 
|  91|0x000000070d600000, 0x000000070d600000, 0x000000070d800000|  0%| F|  |TAMS 0x000000070d600000| PB 0x000000070d600000| Untracked 
|  92|0x000000070d800000, 0x000000070d800000, 0x000000070da00000|  0%| F|  |TAMS 0x000000070d800000| PB 0x000000070d800000| Untracked 
|  93|0x000000070da00000, 0x000000070da00000, 0x000000070dc00000|  0%| F|  |TAMS 0x000000070da00000| PB 0x000000070da00000| Untracked 
|  94|0x000000070dc00000, 0x000000070dc00000, 0x000000070de00000|  0%| F|  |TAMS 0x000000070dc00000| PB 0x000000070dc00000| Untracked 
|  95|0x000000070de00000, 0x000000070de00000, 0x000000070e000000|  0%| F|  |TAMS 0x000000070de00000| PB 0x000000070de00000| Untracked 
|  96|0x000000070e000000, 0x000000070e000000, 0x000000070e200000|  0%| F|  |TAMS 0x000000070e000000| PB 0x000000070e000000| Untracked 
|  97|0x000000070e200000, 0x000000070e200000, 0x000000070e400000|  0%| F|  |TAMS 0x000000070e200000| PB 0x000000070e200000| Untracked 
|  98|0x000000070e400000, 0x000000070e400000, 0x000000070e600000|  0%| F|  |TAMS 0x000000070e400000| PB 0x000000070e400000| Untracked 
|  99|0x000000070e600000, 0x000000070e600000, 0x000000070e800000|  0%| F|  |TAMS 0x000000070e600000| PB 0x000000070e600000| Untracked 
| 100|0x000000070e800000, 0x000000070e800000, 0x000000070ea00000|  0%| F|  |TAMS 0x000000070e800000| PB 0x000000070e800000| Untracked 
| 101|0x000000070ea00000, 0x000000070ea00000, 0x000000070ec00000|  0%| F|  |TAMS 0x000000070ea00000| PB 0x000000070ea00000| Untracked 
| 102|0x000000070ec00000, 0x000000070ec00000, 0x000000070ee00000|  0%| F|  |TAMS 0x000000070ec00000| PB 0x000000070ec00000| Untracked 
| 103|0x000000070ee00000, 0x000000070f000000, 0x000000070f000000|100%| S|CS|TAMS 0x000000070ee00000| PB 0x000000070ee00000| Complete 
| 104|0x000000070f000000, 0x000000070f200000, 0x000000070f200000|100%| S|CS|TAMS 0x000000070f000000| PB 0x000000070f000000| Complete 
| 105|0x000000070f200000, 0x000000070f400000, 0x000000070f400000|100%| S|CS|TAMS 0x000000070f200000| PB 0x000000070f200000| Complete 
| 106|0x000000070f400000, 0x000000070f400000, 0x000000070f600000|  0%| F|  |TAMS 0x000000070f400000| PB 0x000000070f400000| Untracked 
| 107|0x000000070f600000, 0x000000070f600000, 0x000000070f800000|  0%| F|  |TAMS 0x000000070f600000| PB 0x000000070f600000| Untracked 
| 108|0x000000070f800000, 0x000000070f800000, 0x000000070fa00000|  0%| F|  |TAMS 0x000000070f800000| PB 0x000000070f800000| Untracked 
| 109|0x000000070fa00000, 0x000000070fa00000, 0x000000070fc00000|  0%| F|  |TAMS 0x000000070fa00000| PB 0x000000070fa00000| Untracked 
| 110|0x000000070fc00000, 0x000000070fc00000, 0x000000070fe00000|  0%| F|  |TAMS 0x000000070fc00000| PB 0x000000070fc00000| Untracked 
| 111|0x000000070fe00000, 0x000000070fe00000, 0x0000000710000000|  0%| F|  |TAMS 0x000000070fe00000| PB 0x000000070fe00000| Untracked 
| 112|0x0000000710000000, 0x0000000710000000, 0x0000000710200000|  0%| F|  |TAMS 0x0000000710000000| PB 0x0000000710000000| Untracked 
| 113|0x0000000710200000, 0x0000000710200000, 0x0000000710400000|  0%| F|  |TAMS 0x0000000710200000| PB 0x0000000710200000| Untracked 
| 114|0x0000000710400000, 0x0000000710400000, 0x0000000710600000|  0%| F|  |TAMS 0x0000000710400000| PB 0x0000000710400000| Untracked 
| 115|0x0000000710600000, 0x0000000710600000, 0x0000000710800000|  0%| F|  |TAMS 0x0000000710600000| PB 0x0000000710600000| Untracked 
| 116|0x0000000710800000, 0x0000000710800000, 0x0000000710a00000|  0%| F|  |TAMS 0x0000000710800000| PB 0x0000000710800000| Untracked 
| 117|0x0000000710a00000, 0x0000000710a00000, 0x0000000710c00000|  0%| F|  |TAMS 0x0000000710a00000| PB 0x0000000710a00000| Untracked 
| 118|0x0000000710c00000, 0x0000000710dbe290, 0x0000000710e00000| 87%| E|  |TAMS 0x0000000710c00000| PB 0x0000000710c00000| Complete 
| 119|0x0000000710e00000, 0x0000000711000000, 0x0000000711000000|100%| E|CS|TAMS 0x0000000710e00000| PB 0x0000000710e00000| Complete 
| 120|0x0000000711000000, 0x0000000711200000, 0x0000000711200000|100%| E|CS|TAMS 0x0000000711000000| PB 0x0000000711000000| Complete 
| 121|0x0000000711200000, 0x0000000711400000, 0x0000000711400000|100%| E|CS|TAMS 0x0000000711200000| PB 0x0000000711200000| Complete 
| 122|0x0000000711400000, 0x0000000711600000, 0x0000000711600000|100%| E|CS|TAMS 0x0000000711400000| PB 0x0000000711400000| Complete 
| 123|0x0000000711600000, 0x0000000711800000, 0x0000000711800000|100%| E|CS|TAMS 0x0000000711600000| PB 0x0000000711600000| Complete 
| 124|0x0000000711800000, 0x0000000711a00000, 0x0000000711a00000|100%| E|CS|TAMS 0x0000000711800000| PB 0x0000000711800000| Complete 
| 125|0x0000000711a00000, 0x0000000711c00000, 0x0000000711c00000|100%| E|CS|TAMS 0x0000000711a00000| PB 0x0000000711a00000| Complete 
| 126|0x0000000711c00000, 0x0000000711e00000, 0x0000000711e00000|100%| E|CS|TAMS 0x0000000711c00000| PB 0x0000000711c00000| Complete 

Card table byte_map: [0x000002b1314f0000,0x000002b131ce0000] _byte_map_base: 0x000002b12dce0000

Marking Bits: (CMBitMap*) 0x000002b119979d30
 Bits: [0x000002b1324d0000, 0x000002b136450000)

Polling page: 0x000002b117860000

Metaspace:

Usage:
  Non-class:     15.23 MB used.
      Class:      2.47 MB used.
       Both:     17.70 MB used.

Virtual space:
  Non-class space:       64.00 MB reserved,      15.44 MB ( 24%) committed,  1 nodes.
      Class space:        1.00 GB reserved,       2.69 MB ( <1%) committed,  1 nodes.
             Both:        1.06 GB reserved,      18.12 MB (  2%) committed. 

Chunk freelists:
   Non-Class:  419.00 KB
       Class:  1.36 MB
        Both:  1.77 MB

MaxMetaspaceSize: unlimited
CompressedClassSpaceSize: 1.00 GB
Initial GC threshold: 21.00 MB
Current GC threshold: 21.00 MB
CDS: on
MetaspaceReclaimPolicy: balanced
 - commit_granule_bytes: 65536.
 - commit_granule_words: 8192.
 - virtual_space_node_default_size: 8388608.
 - enlarge_chunks_in_place: 1.
 - new_chunks_are_fully_committed: 0.
 - uncommit_free_chunks: 1.
 - use_allocation_guard: 0.


Internal statistics:

num_allocs_failed_limit: 0.
num_arena_births: 388.
num_arena_deaths: 0.
num_vsnodes_births: 2.
num_vsnodes_deaths: 0.
num_space_committed: 290.
num_space_uncommitted: 0.
num_chunks_returned_to_freelist: 0.
num_chunks_taken_from_freelist: 997.
num_chunk_merges: 0.
num_chunk_splits: 672.
num_chunks_enlarged: 479.
num_inconsistent_stats: 0.

CodeHeap 'non-profiled nmethods': size=120000Kb used=1515Kb max_used=1515Kb free=118484Kb
 bounds [0x000002b1294a0000, 0x000002b129710000, 0x000002b1309d0000]
CodeHeap 'profiled nmethods': size=120000Kb used=6730Kb max_used=6730Kb free=113269Kb
 bounds [0x000002b1219d0000, 0x000002b122070000, 0x000002b128f00000]
CodeHeap 'non-nmethods': size=5760Kb used=1863Kb max_used=1906Kb free=3896Kb
 bounds [0x000002b128f00000, 0x000002b129170000, 0x000002b1294a0000]
 total_blobs=4309 nmethods=3490 adapters=728
 compilation: enabled
              stopped_count=0, restarted_count=0
 full_count=0

Compilation events (20 events):
Event: 103.533 Thread 0x000002b138e81fa0 nmethod 3490 0x000002b12205a690 code [0x000002b12205a840, 0x000002b12205aa30]
Event: 103.533 Thread 0x000002b138e81fa0 3491       3       javafx.scene.Node$1::doTransformsChanged (5 bytes)
Event: 103.534 Thread 0x000002b138e81fa0 nmethod 3491 0x000002b12205ab90 code [0x000002b12205ade0, 0x000002b12205b958]
Event: 103.534 Thread 0x000002b138e81fa0 3486   !   3       com.sun.javafx.css.StyleManager$CacheContainer::getCacheMap (278 bytes)
Event: 103.535 Thread 0x000002b138e81fa0 nmethod 3486 0x000002b12205bd10 code [0x000002b12205c040, 0x000002b12205da78]
Event: 103.535 Thread 0x000002b138e81fa0 3487       3       java.util.Collections::emptyIterator (4 bytes)
Event: 103.535 Thread 0x000002b138e81fa0 nmethod 3487 0x000002b12205e510 code [0x000002b12205e6a0, 0x000002b12205e798]
Event: 103.535 Thread 0x000002b138e81fa0 3481       3       javafx.scene.Node::isDisabled (19 bytes)
Event: 103.536 Thread 0x000002b138e81fa0 nmethod 3481 0x000002b12205e810 code [0x000002b12205e9c0, 0x000002b12205ed38]
Event: 103.536 Thread 0x000002b138e81fa0 3482       3       javafx.beans.property.StringPropertyBase::set (93 bytes)
Event: 103.536 Thread 0x000002b138e81fa0 nmethod 3482 0x000002b12205ee90 code [0x000002b12205f100, 0x000002b12205fcb0]
Event: 103.536 Thread 0x000002b138e81fa0 3473       3       javafx.fxml.FXMLLoader$Element::processAttribute (269 bytes)
Event: 103.538 Thread 0x000002b138e81fa0 nmethod 3473 0x000002b12205ff90 code [0x000002b122060380, 0x000002b122061c98]
Event: 103.538 Thread 0x000002b138e81fa0 3474       3       javafx.fxml.FXMLLoader$Attribute::<init> (20 bytes)
Event: 103.538 Thread 0x000002b138e81fa0 nmethod 3474 0x000002b122062610 code [0x000002b1220627a0, 0x000002b122062a38]
Event: 103.543 Thread 0x000002b138e7f9a0 nmethod 3479 0x000002b129617f90 code [0x000002b129618200, 0x000002b129619670]
Event: 103.543 Thread 0x000002b138e7f9a0 3483       4       java.lang.CharacterData::of (136 bytes)
Event: 103.545 Thread 0x000002b138e7f9a0 nmethod 3483 0x000002b12961a610 code [0x000002b12961a780, 0x000002b12961a820]
Event: 103.545 Thread 0x000002b138e7f9a0 3480       4       java.lang.Class::cast (27 bytes)
Event: 103.546 Thread 0x000002b138e7f9a0 nmethod 3480 0x000002b12961a910 code [0x000002b12961aa80, 0x000002b12961ab90]

GC Heap History (4 events):
Event: 0.650 GC heap before
{Heap before GC invocations=0 (full 0):
 garbage-first heap   total 260096K, used 20480K [0x0000000702000000, 0x0000000800000000)
  region size 2048K, 11 young (22528K), 0 survivors (0K)
 Metaspace       used 5239K, committed 5440K, reserved 1114112K
  class space    used 608K, committed 704K, reserved 1048576K
}
Event: 0.653 GC heap after
{Heap after GC invocations=1 (full 0):
 garbage-first heap   total 260096K, used 2687K [0x0000000702000000, 0x0000000800000000)
  region size 2048K, 2 young (4096K), 2 survivors (4096K)
 Metaspace       used 5239K, committed 5440K, reserved 1114112K
  class space    used 608K, committed 704K, reserved 1048576K
}
Event: 3.578 GC heap before
{Heap before GC invocations=1 (full 0):
 garbage-first heap   total 260096K, used 43647K [0x0000000702000000, 0x0000000800000000)
  region size 2048K, 21 young (43008K), 2 survivors (4096K)
 Metaspace       used 15759K, committed 16064K, reserved 1114112K
  class space    used 2177K, committed 2304K, reserved 1048576K
}
Event: 3.586 GC heap after
{Heap after GC invocations=2 (full 0):
 garbage-first heap   total 260096K, used 10035K [0x0000000702000000, 0x0000000800000000)
  region size 2048K, 3 young (6144K), 3 survivors (6144K)
 Metaspace       used 15759K, committed 16064K, reserved 1114112K
  class space    used 2177K, committed 2304K, reserved 1048576K
}

Dll operation events (20 events):
Event: 0.403 Loaded shared library C:\Users\shara\.openjfx\cache\17.0.2-ea\api-ms-win-crt-filesystem-l1-1-0.dll
Event: 0.406 Loaded shared library C:\Users\shara\.openjfx\cache\17.0.2-ea\api-ms-win-crt-heap-l1-1-0.dll
Event: 0.409 Loaded shared library C:\Users\shara\.openjfx\cache\17.0.2-ea\api-ms-win-crt-locale-l1-1-0.dll
Event: 0.412 Loaded shared library C:\Users\shara\.openjfx\cache\17.0.2-ea\api-ms-win-crt-math-l1-1-0.dll
Event: 0.415 Loaded shared library C:\Users\shara\.openjfx\cache\17.0.2-ea\api-ms-win-crt-multibyte-l1-1-0.dll
Event: 0.419 Loaded shared library C:\Users\shara\.openjfx\cache\17.0.2-ea\api-ms-win-crt-private-l1-1-0.dll
Event: 0.422 Loaded shared library C:\Users\shara\.openjfx\cache\17.0.2-ea\api-ms-win-crt-process-l1-1-0.dll
Event: 0.425 Loaded shared library C:\Users\shara\.openjfx\cache\17.0.2-ea\api-ms-win-crt-runtime-l1-1-0.dll
Event: 0.428 Loaded shared library C:\Users\shara\.openjfx\cache\17.0.2-ea\api-ms-win-crt-stdio-l1-1-0.dll
Event: 0.431 Loaded shared library C:\Users\shara\.openjfx\cache\17.0.2-ea\api-ms-win-crt-string-l1-1-0.dll
Event: 0.434 Loaded shared library C:\Users\shara\.openjfx\cache\17.0.2-ea\api-ms-win-crt-time-l1-1-0.dll
Event: 0.438 Loaded shared library C:\Users\shara\.openjfx\cache\17.0.2-ea\api-ms-win-crt-utility-l1-1-0.dll
Event: 0.452 Loaded shared library C:\Users\shara\.openjfx\cache\17.0.2-ea\ucrtbase.dll
Event: 0.456 Loaded shared library C:\Users\shara\.openjfx\cache\17.0.2-ea\vcruntime140.dll
Event: 0.458 Loaded shared library C:\Users\shara\.openjfx\cache\17.0.2-ea\vcruntime140_1.dll
Event: 0.466 Loaded shared library C:\Users\shara\.openjfx\cache\17.0.2-ea\msvcp140.dll
Event: 0.501 Loaded shared library C:\Users\shara\.openjfx\cache\17.0.2-ea\prism_d3d.dll
Event: 0.539 Loaded shared library C:\Users\shara\.openjfx\cache\17.0.2-ea\glass.dll
Event: 0.640 Loaded shared library C:\Users\shara\.jdks\openjdk-20.0.1\bin\jimage.dll
Event: 0.831 Loaded shared library C:\Users\shara\.openjfx\cache\17.0.2-ea\javafx_font.dll

Deoptimization events (20 events):
Event: 103.491 Thread 0x000002b13db25410 Uncommon trap: trap_request=0xffffffd6 fr.pc=0x000002b1295c98c0 relative=0x0000000000003220
Event: 103.491 Thread 0x000002b13db25410 Uncommon trap: reason=array_check action=maybe_recompile pc=0x000002b1295c98c0 method=javafx.css.SimpleSelector.applies(Ljavafx/css/Styleable;[Ljava/util/Set;I)Z @ 37 c2
Event: 103.491 Thread 0x000002b13db25410 DEOPT PACKING pc=0x000002b1295c98c0 sp=0x000000d089ef7b30
Event: 103.491 Thread 0x000002b13db25410 DEOPT UNPACKING pc=0x000002b128f69d22 sp=0x000000d089ef7ad0 mode 2
Event: 103.491 Thread 0x000002b13db25410 Uncommon trap: trap_request=0xffffffd6 fr.pc=0x000002b1295c98c0 relative=0x0000000000003220
Event: 103.491 Thread 0x000002b13db25410 Uncommon trap: reason=array_check action=maybe_recompile pc=0x000002b1295c98c0 method=javafx.css.SimpleSelector.applies(Ljavafx/css/Styleable;[Ljava/util/Set;I)Z @ 37 c2
Event: 103.491 Thread 0x000002b13db25410 DEOPT PACKING pc=0x000002b1295c98c0 sp=0x000000d089ef7b30
Event: 103.491 Thread 0x000002b13db25410 DEOPT UNPACKING pc=0x000002b128f69d22 sp=0x000000d089ef7ad0 mode 2
Event: 103.491 Thread 0x000002b13db25410 Uncommon trap: trap_request=0xffffffd6 fr.pc=0x000002b1295c98c0 relative=0x0000000000003220
Event: 103.491 Thread 0x000002b13db25410 Uncommon trap: reason=array_check action=maybe_recompile pc=0x000002b1295c98c0 method=javafx.css.SimpleSelector.applies(Ljavafx/css/Styleable;[Ljava/util/Set;I)Z @ 37 c2
Event: 103.491 Thread 0x000002b13db25410 DEOPT PACKING pc=0x000002b1295c98c0 sp=0x000000d089ef7b30
Event: 103.491 Thread 0x000002b13db25410 DEOPT UNPACKING pc=0x000002b128f69d22 sp=0x000000d089ef7ad0 mode 2
Event: 103.491 Thread 0x000002b13db25410 Uncommon trap: trap_request=0xffffffd6 fr.pc=0x000002b1295b8f30 relative=0x00000000000002f0
Event: 103.491 Thread 0x000002b13db25410 Uncommon trap: reason=array_check action=maybe_recompile pc=0x000002b1295b8f30 method=javafx.css.SimpleSelector.applies(Ljavafx/css/Styleable;[Ljava/util/Set;I)Z @ 37 c2
Event: 103.491 Thread 0x000002b13db25410 DEOPT PACKING pc=0x000002b1295b8f30 sp=0x000000d089ef7c40
Event: 103.491 Thread 0x000002b13db25410 DEOPT UNPACKING pc=0x000002b128f69d22 sp=0x000000d089ef7be8 mode 2
Event: 103.491 Thread 0x000002b13db25410 Uncommon trap: trap_request=0xffffffd6 fr.pc=0x000002b1295c98c0 relative=0x0000000000003220
Event: 103.491 Thread 0x000002b13db25410 Uncommon trap: reason=array_check action=maybe_recompile pc=0x000002b1295c98c0 method=javafx.css.SimpleSelector.applies(Ljavafx/css/Styleable;[Ljava/util/Set;I)Z @ 37 c2
Event: 103.491 Thread 0x000002b13db25410 DEOPT PACKING pc=0x000002b1295c98c0 sp=0x000000d089ef7b30
Event: 103.491 Thread 0x000002b13db25410 DEOPT UNPACKING pc=0x000002b128f69d22 sp=0x000000d089ef7ad0 mode 2

Classes loaded (20 events):
Event: 8.435 Loading class sun/text/resources/BreakIteratorInfo
Event: 8.435 Loading class sun/text/resources/BreakIteratorInfo done
Event: 8.435 Loading class sun/text/resources/BreakIteratorResources
Event: 8.435 Loading class sun/util/resources/BreakIteratorResourceBundle
Event: 8.435 Loading class sun/util/resources/BreakIteratorResourceBundle done
Event: 8.435 Loading class sun/text/resources/BreakIteratorResources done
Event: 8.435 Loading class sun/text/resources/BreakIteratorResources_en
Event: 8.435 Loading class sun/text/resources/BreakIteratorResources_en done
Event: 8.436 Loading class sun/text/RuleBasedBreakIterator
Event: 8.436 Loading class sun/text/RuleBasedBreakIterator done
Event: 8.436 Loading class sun/text/CompactByteArray
Event: 8.437 Loading class sun/text/CompactByteArray done
Event: 8.437 Loading class sun/text/SupplementaryCharacterData
Event: 8.437 Loading class sun/text/SupplementaryCharacterData done
Event: 23.729 Loading class java/lang/Throwable$WrappedPrintStream
Event: 23.729 Loading class java/lang/Throwable$PrintStreamOrWriter
Event: 23.729 Loading class java/lang/Throwable$PrintStreamOrWriter done
Event: 23.729 Loading class java/lang/Throwable$WrappedPrintStream done
Event: 108.370 Loading class jdk/internal/misc/Signal$1
Event: 108.370 Loading class jdk/internal/misc/Signal$1 done

Classes unloaded (0 events):
No events

Classes redefined (0 events):
No events

Internal exceptions (20 events):
Event: 0.953 Thread 0x000002b13db25410 Exception <a 'java/lang/NoSuchMethodError'{0x0000000710eda9c0}: 'int java.lang.invoke.DirectMethodHandle$Holder.invokeSpecial(java.lang.Object, java.lang.Object, java.lang.Object, int)'> (0x0000000710eda9c0) 
thrown [s\open\src\hotspot\share\interpreter\linkResolver.cpp, line 773]
Event: 0.954 Thread 0x000002b13db25410 Exception <a 'java/lang/NoSuchMethodError'{0x0000000710ee4af0}: 'void java.lang.invoke.DelegatingMethodHandle$Holder.reinvoke_L(java.lang.Object, java.lang.Object, int)'> (0x0000000710ee4af0) 
thrown [s\open\src\hotspot\share\interpreter\linkResolver.cpp, line 773]
Event: 0.974 Thread 0x000002b13db25410 Implicit null exception at 0x000002b1294da567 to 0x000002b1294da788
Event: 0.988 Thread 0x000002b13db25410 Implicit null exception at 0x000002b129510fa0 to 0x000002b129511238
Event: 0.988 Thread 0x000002b13db25410 Implicit null exception at 0x000002b12950e020 to 0x000002b12950e2a8
Event: 1.046 Thread 0x000002b13db25410 Implicit null exception at 0x000002b12950ee12 to 0x000002b12950f488
Event: 1.120 Thread 0x000002b13db25410 Exception <a 'java/lang/IncompatibleClassChangeError'{0x0000000710201680}: Found class java.lang.Object, but interface was expected> (0x0000000710201680) 
thrown [s\open\src\hotspot\share\interpreter\linkResolver.cpp, line 840]
Event: 1.165 Thread 0x000002b13db25410 Exception <a 'java/lang/NoSuchMethodError'{0x0000000710312320}: 'int java.lang.invoke.DirectMethodHandle$Holder.invokeSpecial(java.lang.Object, java.lang.Object, int)'> (0x0000000710312320) 
thrown [s\open\src\hotspot\share\interpreter\linkResolver.cpp, line 773]
Event: 1.182 Thread 0x000002b13db25410 Exception <a 'java/lang/NoSuchMethodError'{0x00000007103a82b8}: 'java.lang.Object java.lang.invoke.DirectMethodHandle$Holder.newInvokeSpecial(java.lang.Object, java.lang.Object, int)'> (0x00000007103a82b8) 
thrown [s\open\src\hotspot\share\interpreter\linkResolver.cpp, line 773]
Event: 1.208 Thread 0x000002b13d8aff40 Exception <a 'java/lang/NoSuchMethodError'{0x0000000710050398}: 'int java.lang.invoke.DirectMethodHandle$Holder.invokeStaticInit(java.lang.Object, java.lang.Object)'> (0x0000000710050398) 
thrown [s\open\src\hotspot\share\interpreter\linkResolver.cpp, line 773]
Event: 2.307 Thread 0x000002b13db25410 Exception <a 'java/lang/NoSuchMethodError'{0x000000070fc75248}: 'long java.lang.invoke.DirectMethodHandle$Holder.invokeStatic(java.lang.Object, java.lang.Object, java.lang.Object)'> (0x000000070fc75248) 
thrown [s\open\src\hotspot\share\interpreter\linkResolver.cpp, line 773]
Event: 2.307 Thread 0x000002b13db25410 Exception <a 'java/lang/NoSuchMethodError'{0x000000070fc78618}: 'long java.lang.invoke.DirectMethodHandle$Holder.invokeStaticInit(java.lang.Object, java.lang.Object, java.lang.Object)'> (0x000000070fc78618) 
thrown [s\open\src\hotspot\share\interpreter\linkResolver.cpp, line 773]
Event: 2.309 Thread 0x000002b13db25410 Exception <a 'java/lang/NoSuchMethodError'{0x000000070fc90670}: 'java.lang.Object java.lang.invoke.DirectMethodHandle$Holder.newInvokeSpecial(java.lang.Object, java.lang.Object, long)'> (0x000000070fc90670) 
thrown [s\open\src\hotspot\share\interpreter\linkResolver.cpp, line 773]
Event: 2.309 Thread 0x000002b13db25410 Exception <a 'java/lang/NoSuchMethodError'{0x000000070fc93f68}: 'java.lang.Object java.lang.invoke.Invokers$Holder.linkToTargetMethod(java.lang.Object, long, java.lang.Object)'> (0x000000070fc93f68) 
thrown [s\open\src\hotspot\share\interpreter\linkResolver.cpp, line 773]
Event: 3.510 Thread 0x000002b13db25410 Exception <a 'java/lang/ClassNotFoundException'{0x000000070f71ae08}: com/sun/javafx/scene/control/skin/resources/controls> (0x000000070f71ae08) 
thrown [s\open\src\hotspot\share\prims\jni.cpp, line 538]
Event: 3.510 Thread 0x000002b13db25410 Exception <a 'java/lang/ClassNotFoundException'{0x000000070f729638}: com/sun/javafx/scene/control/skin/resources/controls_en> (0x000000070f729638) 
thrown [s\open\src\hotspot\share\prims\jni.cpp, line 538]
Event: 3.510 Thread 0x000002b13db25410 Exception <a 'java/lang/ClassNotFoundException'{0x000000070f72adf8}: com/sun/javafx/scene/control/skin/resources/controls_en_GB> (0x000000070f72adf8) 
thrown [s\open\src\hotspot\share\prims\jni.cpp, line 538]
Event: 3.652 Thread 0x000002b13db25410 Exception <a 'java/lang/NoSuchMethodError'{0x0000000711b90f60}: 'void java.lang.invoke.DirectMethodHandle$Holder.invokeSpecial(java.lang.Object, java.lang.Object, java.lang.Object, java.lang.Object, java.lang.Object, java.lang.Object)'> (0x0000000711b90f60) 
thrown [s\open\src\hotspot\share\interpreter\linkResolver.cpp, line 773]
Event: 3.904 Thread 0x000002b13d8aff40 Exception <a 'java/lang/NoSuchMethodError'{0x00000007112ee880}: 'java.lang.Object java.lang.invoke.DirectMethodHandle$Holder.invokeStaticInit(java.lang.Object, int)'> (0x00000007112ee880) 
thrown [s\open\src\hotspot\share\interpreter\linkResolver.cpp, line 773]
Event: 21.816 Thread 0x000002b13db25410 Implicit null exception at 0x000002b129606b20 to 0x000002b129606bb8

VM Operations (20 events):
Event: 21.816 Executing VM operation: Cleanup done
Event: 22.816 Executing VM operation: Cleanup
Event: 22.816 Executing VM operation: Cleanup done
Event: 23.816 Executing VM operation: Cleanup
Event: 23.816 Executing VM operation: Cleanup done
Event: 24.817 Executing VM operation: Cleanup
Event: 24.817 Executing VM operation: Cleanup done
Event: 25.817 Executing VM operation: Cleanup
Event: 25.817 Executing VM operation: Cleanup done
Event: 26.817 Executing VM operation: Cleanup
Event: 26.817 Executing VM operation: Cleanup done
Event: 61.830 Executing VM operation: Cleanup
Event: 61.830 Executing VM operation: Cleanup done
Event: 101.843 Executing VM operation: Cleanup
Event: 101.843 Executing VM operation: Cleanup done
Event: 102.843 Executing VM operation: Cleanup
Event: 102.843 Executing VM operation: Cleanup done
Event: 103.843 Executing VM operation: Cleanup
Event: 103.843 Executing VM operation: Cleanup done
Event: 108.372 Executing VM operation: Exit

Events (20 events):
Event: 0.593 Thread 0x000002b13d1aa760 Thread exited: 0x000002b13d1aa760
Event: 0.611 Thread 0x000002b13de4a500 Thread added: 0x000002b13de4a500
Event: 0.614 Thread 0x000002b13de4ba80 Thread added: 0x000002b13de4ba80
Event: 0.728 Thread 0x000002b13ddebad0 Thread added: 0x000002b13ddebad0
Event: 0.893 Thread 0x000002b13df67040 Thread added: 0x000002b13df67040
Event: 1.109 Thread 0x000002b13e11f650 Thread added: 0x000002b13e11f650
Event: 1.266 Thread 0x000002b13e11e110 Thread added: 0x000002b13e11e110
Event: 1.600 Thread 0x000002b13df67040 Thread exited: 0x000002b13df67040
Event: 1.608 Thread 0x000002b13ddebad0 Thread exited: 0x000002b13ddebad0
Event: 3.480 Thread 0x000002b13e40f760 Thread added: 0x000002b13e40f760
Event: 3.610 Thread 0x000002b13e784250 Thread added: 0x000002b13e784250
Event: 4.144 Thread 0x000002b13e784250 Thread exited: 0x000002b13e784250
Event: 4.160 Thread 0x000002b13e40f760 Thread exited: 0x000002b13e40f760
Event: 5.926 Thread 0x000002b13e7841a0 Thread added: 0x000002b13e7841a0
Event: 6.192 Thread 0x000002b13e7841a0 Thread exited: 0x000002b13e7841a0
Event: 108.370 Thread 0x000002b13e11d670 Thread added: 0x000002b13e11d670
Event: 108.371 Thread 0x000002b13e11e660 Thread added: 0x000002b13e11e660
Event: 108.371 Thread 0x000002b13e11f100 Thread added: 0x000002b13e11f100
Event: 108.371 Thread 0x000002b13e11e660 Thread exited: 0x000002b13e11e660
Event: 108.372 Thread 0x000002b13e11f100 Thread exited: 0x000002b13e11f100


Dynamic libraries:
0x00007ff7309f0000 - 0x00007ff7309fe000 	C:\Users\shara\.jdks\openjdk-20.0.1\bin\java.exe
0x00007ffc1a370000 - 0x00007ffc1a568000 	C:\WINDOWS\SYSTEM32\ntdll.dll
0x00007ffc19110000 - 0x00007ffc191cf000 	C:\WINDOWS\System32\KERNEL32.DLL
0x00007ffc17e60000 - 0x00007ffc1813a000 	C:\WINDOWS\System32\KERNELBASE.dll
0x00007ffc182a0000 - 0x00007ffc183a0000 	C:\WINDOWS\System32\ucrtbase.dll
0x00007ffbe5740000 - 0x00007ffbe5757000 	C:\Users\shara\.jdks\openjdk-20.0.1\bin\jli.dll
0x00007ffc192f0000 - 0x00007ffc1948d000 	C:\WINDOWS\System32\USER32.dll
0x00007ffc183a0000 - 0x00007ffc183c2000 	C:\WINDOWS\System32\win32u.dll
0x00007ffc19070000 - 0x00007ffc1909b000 	C:\WINDOWS\System32\GDI32.dll
0x00007ffc17bd0000 - 0x00007ffc17ce0000 	C:\WINDOWS\System32\gdi32full.dll
0x00007ffc17a80000 - 0x00007ffc17b1d000 	C:\WINDOWS\System32\msvcp_win.dll
0x00007ffbe5720000 - 0x00007ffbe573b000 	C:\Users\shara\.jdks\openjdk-20.0.1\bin\VCRUNTIME140.dll
0x00007ffbf0da0000 - 0x00007ffbf103a000 	C:\WINDOWS\WinSxS\amd64_microsoft.windows.common-controls_6595b64144ccf1df_6.0.19041.1110_none_60b5254171f9507e\COMCTL32.dll
0x00007ffc19850000 - 0x00007ffc198ee000 	C:\WINDOWS\System32\msvcrt.dll
0x00007ffc18f00000 - 0x00007ffc18f30000 	C:\WINDOWS\System32\IMM32.DLL
0x00007ffbf1040000 - 0x00007ffbf104c000 	C:\Users\shara\.jdks\openjdk-20.0.1\bin\vcruntime140_1.dll
0x00007ffbd85c0000 - 0x00007ffbd864e000 	C:\Users\shara\.jdks\openjdk-20.0.1\bin\msvcp140.dll
0x00007ffb69e80000 - 0x00007ffb6ab17000 	C:\Users\shara\.jdks\openjdk-20.0.1\bin\server\jvm.dll
0x00007ffc183d0000 - 0x00007ffc1847e000 	C:\WINDOWS\System32\ADVAPI32.dll
0x00007ffc1a290000 - 0x00007ffc1a32c000 	C:\WINDOWS\System32\sechost.dll
0x00007ffc19a10000 - 0x00007ffc19b36000 	C:\WINDOWS\System32\RPCRT4.dll
0x00007ffc0f4b0000 - 0x00007ffc0f4b9000 	C:\WINDOWS\SYSTEM32\WSOCK32.dll
0x00007ffc190a0000 - 0x00007ffc1910b000 	C:\WINDOWS\System32\WS2_32.dll
0x00007ffbfa700000 - 0x00007ffbfa727000 	C:\WINDOWS\SYSTEM32\WINMM.dll
0x00007ffc0fce0000 - 0x00007ffc0fcea000 	C:\WINDOWS\SYSTEM32\VERSION.dll
0x00007ffc162d0000 - 0x00007ffc162e2000 	C:\WINDOWS\SYSTEM32\kernel.appcore.dll
0x00007ffbf0cc0000 - 0x00007ffbf0cca000 	C:\Users\shara\.jdks\openjdk-20.0.1\bin\jimage.dll
0x00007ffc15840000 - 0x00007ffc15a24000 	C:\WINDOWS\SYSTEM32\DBGHELP.DLL
0x00007ffc06b00000 - 0x00007ffc06b34000 	C:\WINDOWS\SYSTEM32\dbgcore.DLL
0x00007ffc17dd0000 - 0x00007ffc17e52000 	C:\WINDOWS\System32\bcryptPrimitives.dll
0x00007ffc10b30000 - 0x00007ffc10b3e000 	C:\Users\shara\.jdks\openjdk-20.0.1\bin\instrument.dll
0x00007ffbe5620000 - 0x00007ffbe5646000 	C:\Users\shara\.jdks\openjdk-20.0.1\bin\java.dll
0x00007ffba1240000 - 0x00007ffba1317000 	C:\Users\shara\.jdks\openjdk-20.0.1\bin\jsvml.dll
0x00007ffc19b40000 - 0x00007ffc1a284000 	C:\WINDOWS\System32\SHELL32.dll
0x00007ffc15b20000 - 0x00007ffc162b3000 	C:\WINDOWS\SYSTEM32\windows.storage.dll
0x00007ffc19490000 - 0x00007ffc197e4000 	C:\WINDOWS\System32\combase.dll
0x00007ffc17470000 - 0x00007ffc1749e000 	C:\WINDOWS\SYSTEM32\Wldp.dll
0x00007ffc19230000 - 0x00007ffc192dd000 	C:\WINDOWS\System32\SHCORE.dll
0x00007ffc18710000 - 0x00007ffc18765000 	C:\WINDOWS\System32\shlwapi.dll
0x00007ffc179c0000 - 0x00007ffc179df000 	C:\WINDOWS\SYSTEM32\profapi.dll
0x00007ffbe5700000 - 0x00007ffbe5713000 	C:\Users\shara\.jdks\openjdk-20.0.1\bin\net.dll
0x00007ffc0da80000 - 0x00007ffc0db8a000 	C:\WINDOWS\SYSTEM32\WINHTTP.dll
0x00007ffc171d0000 - 0x00007ffc1723a000 	C:\WINDOWS\system32\mswsock.dll
0x00007ffbe5600000 - 0x00007ffbe5616000 	C:\Users\shara\.jdks\openjdk-20.0.1\bin\nio.dll
0x00007ffbe5260000 - 0x00007ffbe5278000 	C:\Users\shara\.jdks\openjdk-20.0.1\bin\zip.dll
0x00007ffc061c0000 - 0x00007ffc061da000 	C:\Program Files\JetBrains\IntelliJ IDEA 2022.3.3\bin\breakgen64.dll
0x000002b119850000 - 0x000002b119853000 	C:\Users\shara\.openjfx\cache\17.0.2-ea\api-ms-win-core-console-l1-1-0.dll
0x000002b119860000 - 0x000002b119863000 	C:\Users\shara\.openjfx\cache\17.0.2-ea\api-ms-win-core-console-l1-2-0.dll
0x000002b119870000 - 0x000002b119873000 	C:\Users\shara\.openjfx\cache\17.0.2-ea\api-ms-win-core-datetime-l1-1-0.dll
0x000002b119880000 - 0x000002b119883000 	C:\Users\shara\.openjfx\cache\17.0.2-ea\api-ms-win-core-debug-l1-1-0.dll
0x000002b119890000 - 0x000002b119893000 	C:\Users\shara\.openjfx\cache\17.0.2-ea\api-ms-win-core-errorhandling-l1-1-0.dll
0x000002b1198a0000 - 0x000002b1198a4000 	C:\Users\shara\.openjfx\cache\17.0.2-ea\api-ms-win-core-file-l1-1-0.dll
0x000002b1198b0000 - 0x000002b1198b3000 	C:\Users\shara\.openjfx\cache\17.0.2-ea\api-ms-win-core-file-l1-2-0.dll
0x000002b1198c0000 - 0x000002b1198c3000 	C:\Users\shara\.openjfx\cache\17.0.2-ea\api-ms-win-core-file-l2-1-0.dll
0x000002b1198d0000 - 0x000002b1198d3000 	C:\Users\shara\.openjfx\cache\17.0.2-ea\api-ms-win-core-handle-l1-1-0.dll
0x000002b138fd0000 - 0x000002b138fd3000 	C:\Users\shara\.openjfx\cache\17.0.2-ea\api-ms-win-core-heap-l1-1-0.dll
0x000002b138fe0000 - 0x000002b138fe3000 	C:\Users\shara\.openjfx\cache\17.0.2-ea\api-ms-win-core-interlocked-l1-1-0.dll
0x000002b138ff0000 - 0x000002b138ff3000 	C:\Users\shara\.openjfx\cache\17.0.2-ea\api-ms-win-core-libraryloader-l1-1-0.dll
0x000002b13ebd0000 - 0x000002b13ebd3000 	C:\Users\shara\.openjfx\cache\17.0.2-ea\api-ms-win-core-localization-l1-2-0.dll
0x000002b13ebe0000 - 0x000002b13ebe3000 	C:\Users\shara\.openjfx\cache\17.0.2-ea\api-ms-win-core-memory-l1-1-0.dll
0x000002b13ebf0000 - 0x000002b13ebf3000 	C:\Users\shara\.openjfx\cache\17.0.2-ea\api-ms-win-core-namedpipe-l1-1-0.dll
0x000002b13ec00000 - 0x000002b13ec03000 	C:\Users\shara\.openjfx\cache\17.0.2-ea\api-ms-win-core-processenvironment-l1-1-0.dll
0x000002b13ec10000 - 0x000002b13ec13000 	C:\Users\shara\.openjfx\cache\17.0.2-ea\api-ms-win-core-processthreads-l1-1-0.dll
0x000002b13ec20000 - 0x000002b13ec23000 	C:\Users\shara\.openjfx\cache\17.0.2-ea\api-ms-win-core-processthreads-l1-1-1.dll
0x000002b13ec30000 - 0x000002b13ec33000 	C:\Users\shara\.openjfx\cache\17.0.2-ea\api-ms-win-core-profile-l1-1-0.dll
0x000002b13ec40000 - 0x000002b13ec43000 	C:\Users\shara\.openjfx\cache\17.0.2-ea\api-ms-win-core-rtlsupport-l1-1-0.dll
0x000002b13ec50000 - 0x000002b13ec53000 	C:\Users\shara\.openjfx\cache\17.0.2-ea\api-ms-win-core-string-l1-1-0.dll
0x000002b13ec60000 - 0x000002b13ec63000 	C:\Users\shara\.openjfx\cache\17.0.2-ea\api-ms-win-core-synch-l1-1-0.dll
0x000002b13ec70000 - 0x000002b13ec73000 	C:\Users\shara\.openjfx\cache\17.0.2-ea\api-ms-win-core-synch-l1-2-0.dll
0x000002b13ec80000 - 0x000002b13ec83000 	C:\Users\shara\.openjfx\cache\17.0.2-ea\api-ms-win-core-sysinfo-l1-1-0.dll
0x000002b13ec90000 - 0x000002b13ec93000 	C:\Users\shara\.openjfx\cache\17.0.2-ea\api-ms-win-core-timezone-l1-1-0.dll
0x000002b13eca0000 - 0x000002b13eca3000 	C:\Users\shara\.openjfx\cache\17.0.2-ea\api-ms-win-core-util-l1-1-0.dll
0x000002b13ecb0000 - 0x000002b13ecb3000 	C:\Users\shara\.openjfx\cache\17.0.2-ea\api-ms-win-crt-conio-l1-1-0.dll
0x000002b13ecc0000 - 0x000002b13ecc4000 	C:\Users\shara\.openjfx\cache\17.0.2-ea\api-ms-win-crt-convert-l1-1-0.dll
0x000002b13ecd0000 - 0x000002b13ecd3000 	C:\Users\shara\.openjfx\cache\17.0.2-ea\api-ms-win-crt-environment-l1-1-0.dll
0x000002b13ece0000 - 0x000002b13ece3000 	C:\Users\shara\.openjfx\cache\17.0.2-ea\api-ms-win-crt-filesystem-l1-1-0.dll
0x000002b13ecf0000 - 0x000002b13ecf3000 	C:\Users\shara\.openjfx\cache\17.0.2-ea\api-ms-win-crt-heap-l1-1-0.dll
0x000002b13ed00000 - 0x000002b13ed03000 	C:\Users\shara\.openjfx\cache\17.0.2-ea\api-ms-win-crt-locale-l1-1-0.dll
0x000002b13ed10000 - 0x000002b13ed15000 	C:\Users\shara\.openjfx\cache\17.0.2-ea\api-ms-win-crt-math-l1-1-0.dll
0x000002b13ed20000 - 0x000002b13ed25000 	C:\Users\shara\.openjfx\cache\17.0.2-ea\api-ms-win-crt-multibyte-l1-1-0.dll
0x000002b13ed30000 - 0x000002b13ed40000 	C:\Users\shara\.openjfx\cache\17.0.2-ea\api-ms-win-crt-private-l1-1-0.dll
0x000002b13ed40000 - 0x000002b13ed43000 	C:\Users\shara\.openjfx\cache\17.0.2-ea\api-ms-win-crt-process-l1-1-0.dll
0x000002b13ed50000 - 0x000002b13ed54000 	C:\Users\shara\.openjfx\cache\17.0.2-ea\api-ms-win-crt-runtime-l1-1-0.dll
0x000002b13ed60000 - 0x000002b13ed64000 	C:\Users\shara\.openjfx\cache\17.0.2-ea\api-ms-win-crt-stdio-l1-1-0.dll
0x000002b13ed70000 - 0x000002b13ed74000 	C:\Users\shara\.openjfx\cache\17.0.2-ea\api-ms-win-crt-string-l1-1-0.dll
0x000002b13ed80000 - 0x000002b13ed83000 	C:\Users\shara\.openjfx\cache\17.0.2-ea\api-ms-win-crt-time-l1-1-0.dll
0x000002b13ed90000 - 0x000002b13ed93000 	C:\Users\shara\.openjfx\cache\17.0.2-ea\api-ms-win-crt-utility-l1-1-0.dll
0x00007ffbe52c0000 - 0x00007ffbe53bc000 	C:\Users\shara\.openjfx\cache\17.0.2-ea\ucrtbase.dll
0x00007ffbf98d0000 - 0x00007ffbf98ea000 	C:\Users\shara\.openjfx\cache\17.0.2-ea\vcruntime140.dll
0x00007ffbfa140000 - 0x00007ffbfa14c000 	C:\Users\shara\.openjfx\cache\17.0.2-ea\vcruntime140_1.dll
0x00007ffbdb640000 - 0x00007ffbdb6cd000 	C:\Users\shara\.openjfx\cache\17.0.2-ea\msvcp140.dll
0x00007ffbf31b0000 - 0x00007ffbf31da000 	C:\Users\shara\.openjfx\cache\17.0.2-ea\prism_d3d.dll
0x00007ffbef950000 - 0x00007ffbefb1d000 	C:\WINDOWS\system32\d3d9.dll
0x00007ffc15390000 - 0x00007ffc153bf000 	C:\WINDOWS\SYSTEM32\dwmapi.dll
0x00007ffc150d0000 - 0x00007ffc1516e000 	C:\WINDOWS\system32\uxtheme.dll
0x00007ffbd6c80000 - 0x00007ffbd6e28000 	C:\WINDOWS\System32\DriverStore\FileRepository\iigd_dch.inf_amd64_393549dac595e659\igdumdim64.dll
0x00007ffc18f30000 - 0x00007ffc1905a000 	C:\WINDOWS\System32\ole32.dll
0x00007ffb77930000 - 0x00007ffb7b54f000 	C:\WINDOWS\System32\DriverStore\FileRepository\iigd_dch.inf_amd64_393549dac595e659\igd9dxva64.dll
0x00007ffc18480000 - 0x00007ffc1854d000 	C:\WINDOWS\System32\OLEAUT32.dll
0x00007ffc18a90000 - 0x00007ffc18ef8000 	C:\WINDOWS\System32\SETUPAPI.dll
0x00007ffc17ce0000 - 0x00007ffc17d2e000 	C:\WINDOWS\System32\cfgmgr32.dll
0x00007ffc17d30000 - 0x00007ffc17d57000 	C:\WINDOWS\System32\bcrypt.dll
0x00007ffc02c80000 - 0x00007ffc03048000 	C:\WINDOWS\System32\DriverStore\FileRepository\iigd_dch.inf_amd64_393549dac595e659\igdgmm64.dll
0x00007ffbf0560000 - 0x00007ffbf05a2000 	C:\Users\shara\.openjfx\cache\17.0.2-ea\glass.dll
0x00007ffc18930000 - 0x00007ffc18a0a000 	C:\WINDOWS\System32\COMDLG32.dll
0x00007ffc198f0000 - 0x00007ffc19a04000 	C:\WINDOWS\System32\MSCTF.dll
0x00007ffbaae30000 - 0x00007ffbaae57000 	C:\WINDOWS\System32\DriverStore\FileRepository\iigd_dch.inf_amd64_393549dac595e659\igdinfo64.dll
0x00007ffbff690000 - 0x00007ffc02c76000 	C:\WINDOWS\System32\DriverStore\FileRepository\iigd_dch.inf_amd64_393549dac595e659\igc64.dll
0x00007ffc040a0000 - 0x00007ffc040db000 	C:\WINDOWS\SYSTEM32\dxcore.dll
0x00007ffbf95b0000 - 0x00007ffbf95c4000 	C:\Users\shara\.openjfx\cache\17.0.2-ea\javafx_font.dll
0x00007ffbf7620000 - 0x00007ffbf789f000 	C:\WINDOWS\SYSTEM32\dwrite.dll
0x00007ffc18800000 - 0x00007ffc188a9000 	C:\WINDOWS\System32\clbcatq.dll
0x00007ffc05ab0000 - 0x00007ffc05c64000 	C:\WINDOWS\SYSTEM32\WindowsCodecs.dll
0x00007ffbe57f0000 - 0x00007ffbe582e000 	C:\WINDOWS\system32\dataexchange.dll
0x00007ffc13710000 - 0x00007ffc13973000 	C:\WINDOWS\system32\d3d11.dll
0x00007ffc14340000 - 0x00007ffc14523000 	C:\WINDOWS\system32\dcomp.dll
0x00007ffc16340000 - 0x00007ffc16433000 	C:\WINDOWS\system32\dxgi.dll
0x00007ffc0f6c0000 - 0x00007ffc0f8c0000 	C:\WINDOWS\system32\twinapi.appcore.dll
0x00007ffbefde0000 - 0x00007ffbefe14000 	C:\Program Files\Common Files\Microsoft Shared\Ink\rtscom.dll
0x00007ffbfc6c0000 - 0x00007ffbfc7b9000 	C:\WINDOWS\SYSTEM32\textinputframework.dll
0x00007ffc14960000 - 0x00007ffc14cbe000 	C:\WINDOWS\System32\CoreUIComponents.dll
0x00007ffc14d00000 - 0x00007ffc14df2000 	C:\WINDOWS\System32\CoreMessaging.dll
0x00007ffc16c30000 - 0x00007ffc16c63000 	C:\WINDOWS\SYSTEM32\ntmarta.dll
0x00007ffc140a0000 - 0x00007ffc141f4000 	C:\WINDOWS\SYSTEM32\wintypes.dll
0x00007ffc13a80000 - 0x00007ffc14040000 	C:\WINDOWS\SYSTEM32\d2d1.dll
0x00007ffc04a00000 - 0x00007ffc050f6000 	C:\WINDOWS\SYSTEM32\D3D10Warp.dll

dbghelp: loaded successfully - version: 4.0.5 - missing functions: none
symbol engine: initialized successfully - sym options: 0x614 - pdb path: .;C:\Users\shara\.jdks\openjdk-20.0.1\bin;C:\WINDOWS\SYSTEM32;C:\WINDOWS\WinSxS\amd64_microsoft.windows.common-controls_6595b64144ccf1df_6.0.19041.1110_none_60b5254171f9507e;C:\Users\shara\.jdks\openjdk-20.0.1\bin\server;C:\Program Files\JetBrains\IntelliJ IDEA 2022.3.3\bin;C:\Users\shara\.openjfx\cache\17.0.2-ea;C:\WINDOWS\System32\DriverStore\FileRepository\iigd_dch.inf_amd64_393549dac595e659;C:\Program Files\Common Files\Microsoft Shared\Ink

VM Arguments:
jvm_args: -javaagent:C:\Program Files\JetBrains\IntelliJ IDEA 2022.3.3\lib\idea_rt.jar=62657:C:\Program Files\JetBrains\IntelliJ IDEA 2022.3.3\bin -Dfile.encoding=UTF-8 -Dsun.stdout.encoding=UTF-8 -Dsun.stderr.encoding=UTF-8 --module-path=C:\Users\shara\.m2\repository\org\openjfx\javafx-graphics\17.0.2\javafx-graphics-17.0.2-win.jar;C:\Users\shara\.m2\repository\org\openjfx\javafx-fxml\17.0.2\javafx-fxml-17.0.2-win.jar;C:\Users\shara\IdeaProjects\Demo\target\classes;C:\Users\shara\.m2\repository\org\openjfx\javafx-base\17.0.2\javafx-base-17.0.2-win.jar;C:\Users\shara\.m2\repository\org\openjfx\javafx-controls\17.0.2\javafx-controls-17.0.2-win.jar -Djdk.module.main=sample.demo 
java_command: sample.demo/sample.demo.HelloApplication
java_class_path (initial): C:\Users\shara\.m2\repository\org\openjfx\javafx-controls\17.0.2\javafx-controls-17.0.2.jar;C:\Users\shara\.m2\repository\org\openjfx\javafx-graphics\17.0.2\javafx-graphics-17.0.2.jar;C:\Users\shara\.m2\repository\org\openjfx\javafx-base\17.0.2\javafx-base-17.0.2.jar;C:\Users\shara\.m2\repository\org\openjfx\javafx-fxml\17.0.2\javafx-fxml-17.0.2.jar
Launcher Type: SUN_STANDARD

[Global flags]
     intx CICompilerCount                          = 4                                         {product} {ergonomic}
     uint ConcGCThreads                            = 2                                         {product} {ergonomic}
     uint G1ConcRefinementThreads                  = 8                                         {product} {ergonomic}
   size_t G1HeapRegionSize                         = 2097152                                   {product} {ergonomic}
    uintx GCDrainStackTargetSize                   = 64                                        {product} {ergonomic}
   size_t InitialHeapSize                          = 266338304                                 {product} {ergonomic}
   size_t MarkStackSize                            = 4194304                                   {product} {ergonomic}
   size_t MaxHeapSize                              = 4261412864                                {product} {ergonomic}
   size_t MaxNewSize                               = 2556428288                                {product} {ergonomic}
   size_t MinHeapDeltaBytes                        = 2097152                                   {product} {ergonomic}
   size_t MinHeapSize                              = 8388608                                   {product} {ergonomic}
    uintx NonNMethodCodeHeapSize                   = 5839372                                {pd product} {ergonomic}
    uintx NonProfiledCodeHeapSize                  = 122909434                              {pd product} {ergonomic}
    uintx ProfiledCodeHeapSize                     = 122909434                              {pd product} {ergonomic}
    uintx ReservedCodeCacheSize                    = 251658240                              {pd product} {ergonomic}
     bool SegmentedCodeCache                       = true                                      {product} {ergonomic}
   size_t SoftMaxHeapSize                          = 4261412864                             {manageable} {ergonomic}
     bool UseCompressedClassPointers               = true                           {product lp64_product} {ergonomic}
     bool UseCompressedOops                        = true                           {product lp64_product} {ergonomic}
     bool UseG1GC                                  = true                                      {product} {ergonomic}
     bool UseLargePagesIndividualAllocation        = false                                  {pd product} {ergonomic}

Logging:
Log output configuration:
 #0: stdout all=off uptime,level,tags foldmultilines=false
 #1: stderr all=off uptime,level,tags foldmultilines=false

Environment Variables:
PATH=C:\Users\shara\Downloads\CUserssharaDownloadsWINDOWS.X64_193000_db_home\bin;C:\Program Files\Java\jdk-11.0.2\bin;C:\WINDOWS\system32;C:\WINDOWS;C:\WINDOWS\System32\Wbem;C:\WINDOWS\System32\WindowsPowerShell\v1.0\;C:\WINDOWS\System32\OpenSSH\;C:\Program Files\Git\cmd;C:\Program Files\Git\mingw64\bin;C:\Program Files\Git\usr\bin;C:\wamp64\bin\php\php7.3.12;C:\Program Files\dotnet\;C:\Program Files\MySQL\MySQL Shell 8.0\bin\;C:\Users\shara\AppData\Local\Microsoft\WindowsApps;;C:\Program Files\JetBrains\IntelliJ IDEA Community Edition 2020.2.3\bin;;C:\Users\shara\.dotnet\tools;C:\Program Files\JetBrains\IntelliJ IDEA 2022.3.3\bin;
USERNAME=shara
OS=Windows_NT
PROCESSOR_IDENTIFIER=Intel64 Family 6 Model 142 Stepping 12, GenuineIntel
TMP=C:\Users\shara\AppData\Local\Temp
TEMP=C:\Users\shara\AppData\Local\Temp




---------------  S Y S T E M  ---------------

OS:
 Windows 10 , 64 bit Build 19041 (10.0.19041.2788)
OS uptime: 52 days 19:48 hours

CPU: total 8 (initial active 8) (4 cores per cpu, 2 threads per core) family 6 model 142 stepping 12 microcode 0xc6, cx8, cmov, fxsr, ht, mmx, 3dnowpref, sse, sse2, sse3, ssse3, sse4.1, sse4.2, popcnt, lzcnt, tsc, tscinvbit, avx, avx2, aes, erms, clmul, bmi1, bmi2, adx, fma, vzeroupper, clflush, clflushopt, rdtscp, f16c

Memory: 4k page, system-wide physical 16254M (4585M free)
TotalPageFile size 31337M (AvailPageFile size 4182M)
current process WorkingSet (physical memory assigned to process): 188M, peak: 233M
current process commit charge ("private bytes"): 429M, peak: 474M

vm_info: OpenJDK 64-Bit Server VM (20.0.1+9-29) for windows-amd64 JRE (20.0.1+9-29), built on 2023-03-07T13:56:11Z by "mach5one" with MS VC++ 17.1 (VS2022)

END.
