#
# A fatal error has been detected by the Java Runtime Environment:
#
#  EXCEPTION_ACCESS_VIOLATION (0xc0000005) at pc=0x00007ffbe2d06ab7, pid=9276, tid=3884
#
# JRE version: OpenJDK Runtime Environment (20.0.1+9) (build 20.0.1+9-29)
# Java VM: OpenJDK 64-Bit Server VM (20.0.1+9-29, mixed mode, sharing, tiered, compressed oops, compressed class ptrs, g1 gc, windows-amd64)
# Problematic frame:
# C  [glass.dll+0x26ab7]
#
# No core dump will be written. Minidumps are not enabled by default on client versions of Windows
#
# If you would like to submit a bug report, please visit:
#   https://bugreport.java.com/bugreport/crash.jsp
#

---------------  S U M M A R Y ------------

Command Line: -javaagent:C:\Program Files\JetBrains\IntelliJ IDEA 2022.3.3\lib\idea_rt.jar=59320:C:\Program Files\JetBrains\IntelliJ IDEA 2022.3.3\bin -Dfile.encoding=UTF-8 -Dsun.stdout.encoding=UTF-8 -Dsun.stderr.encoding=UTF-8 --module-path=C:\Users\shara\.m2\repository\org\openjfx\javafx-graphics\17.0.2\javafx-graphics-17.0.2-win.jar;C:\Users\shara\IdeaProjects\Demo\target\classes;C:\Users\shara\.m2\repository\org\openjfx\javafx-controls\17.0.2\javafx-controls-17.0.2-win.jar;C:\Users\shara\.m2\repository\org\openjfx\javafx-base\17.0.2\javafx-base-17.0.2-win.jar;C:\Users\shara\.m2\repository\org\openjfx\javafx-fxml\17.0.2\javafx-fxml-17.0.2-win.jar -Djdk.module.main=sample.demo sample.demo/sample.demo.HelloApplication

Host: Intel(R) Core(TM) i7-8565U CPU @ 1.80GHz, 8 cores, 15G,  Windows 10 , 64 bit Build 19041 (10.0.19041.2788)
Time: Wed Jun  7 17:23:25 2023 Russia TZ 2 Standard Time elapsed time: 293.168731 seconds (0d 0h 4m 53s)

---------------  T H R E A D  ---------------

Current thread (0x00000236de8625a0):  VMThread "VM Thread" [stack: 0x0000003c2fd00000,0x0000003c2fe00000] [id=3884]

Stack: [0x0000003c2fd00000,0x0000003c2fe00000],  sp=0x0000003c2fdfefb0,  free space=1019k
Native frames: (J=compiled Java code, j=interpreted, Vv=VM code, C=native code)
C  [glass.dll+0x26ab7]


siginfo: EXCEPTION_ACCESS_VIOLATION (0xc0000005), reading address 0x0000000000000000


Registers:
RAX=0x0000000000000000, RBX=0x00000236de86c8e8, RCX=0x00000236de8625a0, RDX=0x0000003c2fdfefb0
RSP=0x0000003c2fdfefb0, RBP=0x00000236e36a7648, RSI=0x00000236e36a7620, RDI=0x000025564a4ec665
R8 =0x0000000000010002, R9 =0x000025564a4ec665, R10=0x0000000000008000, R11=0x0000003c2fdfef40
R12=0x00007ffbe2d04384, R13=0x00007ffba21dea90, R14=0x0000003c2fdff0a8, R15=0x00000236e36a7620
RIP=0x00007ffbe2d06ab7, EFLAGS=0x0000000000010202


Register to memory mapping:

RIP=0x00007ffbe2d06ab7 glass.dll
RAX=0x0 is NULL
RBX=0x00000236de86c8e8 is a global jni handle
RCX=0x00000236de8625a0 points into unknown readable memory: 0x00007ffba2007080 | 80 70 00 a2 fb 7f 00 00
RDX=0x0000003c2fdfefb0 points into unknown readable memory: 0x0000000000000000 | 00 00 00 00 00 00 00 00
RSP=0x0000003c2fdfefb0 points into unknown readable memory: 0x0000000000000000 | 00 00 00 00 00 00 00 00
RBP=0x00000236e36a7648 points into unknown readable memory: 0x000025564a4ec665 | 65 c6 4e 4a 56 25 00 00
RSI=0x00000236e36a7620 points into unknown readable memory: 0x5a07f6d64a413919 | 19 39 41 4a d6 f6 07 5a
RDI=0x000025564a4ec665 is an unknown value
R8 =0x0000000000010002 is an unknown value
R9 =0x000025564a4ec665 is an unknown value
R10=0x0000000000008000 is an unknown value
R11=0x0000003c2fdfef40 points into unknown readable memory: 0x00000236e36a7620 | 20 76 6a e3 36 02 00 00
R12=0x00007ffbe2d04384 glass.dll
R13=0x00007ffba21dea90 jvm.dll
R14=0x0000003c2fdff0a8 points into unknown readable memory: 0x0000003c2fdff090 | 90 f0 df 2f 3c 00 00 00
R15=0x00000236e36a7620 points into unknown readable memory: 0x5a07f6d64a413919 | 19 39 41 4a d6 f6 07 5a


Top of Stack: (sp=0x0000003c2fdfefb0)
0x0000003c2fdfefb0:   0000000000000000 00000236e36a7620
0x0000003c2fdfefc0:   00007ffba21dea90 00007ffbe2d04384
0x0000003c2fdfefd0:   00000236e36a7628 00007ffc182b42d6
0x0000003c2fdfefe0:   000025564a4ec665 0000023600000000
0x0000003c2fdfeff0:   00000236e36a7648 00000236e36a7620
0x0000003c2fdff000:   fffffffffffffffe 0000000000000000
0x0000003c2fdff010:   0000000000000001 00007ffbe2ce0000
0x0000003c2fdff020:   0000003c2fdff098 00007ffc182b41fb
0x0000003c2fdff030:   0000000000000000 0000003c2fdff0a8
0x0000003c2fdff040:   0000003c2fdff370 00007ffc18390e40
0x0000003c2fdff050:   0000000000000001 00007ffc182b41b4
0x0000003c2fdff060:   0000000000000000 0000000000000001
0x0000003c2fdff070:   00007ffb00000001 0000003c2fdff098
0x0000003c2fdff080:   0000000000000000 00007ffbe2d04211
0x0000003c2fdff090:   00007ffbe2d1a138 00007ffc00000002
0x0000003c2fdff0a0:   0000000000000002 0000003c2fdff090
0x0000003c2fdff0b0:   0000000000000000 00007ffc1a389993
0x0000003c2fdff0c0:   0000000000000000 00007ffbe2d04336
0x0000003c2fdff0d0:   0000000000000001 0000000000000000
0x0000003c2fdff0e0:   0000000000000000 0000000000000001
0x0000003c2fdff0f0:   0000000000000000 0000000000000000
0x0000003c2fdff100:   0000000000000001 0000891c9b3faa7c
0x0000003c2fdff110:   00007ffbe2ce0000 000000007ffe0384
0x0000003c2fdff120:   0000000000000000 00007ffc1a389a1d
0x0000003c2fdff130:   00007ffbe2ce0000 0000000000000000
0x0000003c2fdff140:   0000000000000001 000000007ffe0385
0x0000003c2fdff150:   0000000002360fb8 0000003c2fdff370
0x0000003c2fdff160:   0000891c00000000 0000000000000014
0x0000003c2fdff170:   0000000000000000 00007ffbe2d04384
0x0000003c2fdff180:   00000000000003d8 00000236e35c4480
0x0000003c2fdff190:   00000236de854e00 00007ffc1a3cdcec
0x0000003c2fdff1a0:   00000236e35c4a50 00007ffbe2ce0000 

Instructions: (pc=0x00007ffbe2d06ab7)
0x00007ffbe2d069b7:   8b 4d 58 e8 01 cf ff ff 48 8b 4d 60 e8 f8 ce ff
0x00007ffbe2d069c7:   ff 48 8b 95 80 00 00 00 48 8b 8d 18 01 00 00 e8
0x00007ffbe2d069d7:   c6 c3 ff ff 33 d2 33 c9 e8 3c e1 ff ff 90 48 89
0x00007ffbe2d069e7:   54 24 10 55 48 83 ec 20 48 8b ea 48 b8 00 00 00
0x00007ffbe2d069f7:   00 00 00 00 00 48 83 c4 20 5d c3 cc 40 55 48 8b
0x00007ffbe2d06a07:   ea 48 8b 01 33 c9 81 38 05 00 00 c0 0f 94 c1 8b
0x00007ffbe2d06a17:   c1 5d c3 cc 40 55 48 83 ec 20 48 8b ea 8a 4d 40
0x00007ffbe2d06a27:   48 83 c4 20 5d e9 f7 d2 ff ff cc 40 55 48 83 ec
0x00007ffbe2d06a37:   20 48 8b ea 8a 4d 20 e8 e5 d2 ff ff 90 48 83 c4
0x00007ffbe2d06a47:   20 5d c3 cc 40 55 48 83 ec 20 48 8b ea 48 83 c4
0x00007ffbe2d06a57:   20 5d e9 46 d1 ff ff cc 40 55 48 83 ec 30 48 8b
0x00007ffbe2d06a67:   ea 48 8b 01 8b 10 48 89 4c 24 28 89 54 24 20 4c
0x00007ffbe2d06a77:   8d 0d e7 d5 ff ff 4c 8b 45 70 8b 55 68 48 8b 4d
0x00007ffbe2d06a87:   60 e8 87 d0 ff ff 90 48 83 c4 30 5d c3 cc cc cc
0x00007ffbe2d06a97:   cc cc cc cc cc cc cc cc cc 40 53 48 83 ec 20 48
0x00007ffbe2d06aa7:   8b 1d 83 30 01 00 48 85 db 74 16 e8 09 8b ff ff
0x00007ffbe2d06ab7:   4c 8b 00 48 8b d3 48 8b c8 41 ff 90 b0 00 00 00
0x00007ffbe2d06ac7:   90 48 83 c4 20 5b c3 cc cc 40 53 48 83 ec 20 48
0x00007ffbe2d06ad7:   8b 1d fb 31 01 00 48 85 db 74 57 b8 ff ff ff ff
0x00007ffbe2d06ae7:   f0 0f c1 43 10 83 f8 01 75 3d 48 85 db 74 38 48
0x00007ffbe2d06af7:   8b 0b 48 85 c9 74 0d ff 15 a4 07 00 00 48 c7 03
0x00007ffbe2d06b07:   00 00 00 00 48 8b 4b 08 48 85 c9 74 0d e8 a7 cd
0x00007ffbe2d06b17:   ff ff 48 c7 43 08 00 00 00 00 ba 18 00 00 00 48
0x00007ffbe2d06b27:   8b cb e8 92 cd ff ff 48 c7 05 9f 31 01 00 00 00
0x00007ffbe2d06b37:   00 00 48 83 c4 20 5b c3 cc 40 53 48 83 ec 20 48
0x00007ffbe2d06b47:   8b 1d 6b 31 01 00 48 85 db 74 57 b8 ff ff ff ff
0x00007ffbe2d06b57:   f0 0f c1 43 10 83 f8 01 75 3d 48 85 db 74 38 48
0x00007ffbe2d06b67:   8b 0b 48 85 c9 74 0d ff 15 34 07 00 00 48 c7 03
0x00007ffbe2d06b77:   00 00 00 00 48 8b 4b 08 48 85 c9 74 0d e8 37 cd
0x00007ffbe2d06b87:   ff ff 48 c7 43 08 00 00 00 00 ba 18 00 00 00 48
0x00007ffbe2d06b97:   8b cb e8 22 cd ff ff 48 c7 05 0f 31 01 00 00 00
0x00007ffbe2d06ba7:   00 00 48 83 c4 20 5b c3 cc 40 53 48 83 ec 20 48 


Stack slot to memory mapping:
stack at sp + 0 slots: 0x0 is NULL
stack at sp + 1 slots: 0x00000236e36a7620 points into unknown readable memory: 0x5a07f6d64a413919 | 19 39 41 4a d6 f6 07 5a
stack at sp + 2 slots: 0x00007ffba21dea90 jvm.dll
stack at sp + 3 slots: 0x00007ffbe2d04384 glass.dll
stack at sp + 4 slots: 0x00000236e36a7628 points into unknown readable memory: 0x000025564a4ec665 | 65 c6 4e 4a 56 25 00 00
stack at sp + 5 slots: 0x00007ffc182b42d6 ucrtbase.dll
stack at sp + 6 slots: 0x000025564a4ec665 is an unknown value
stack at sp + 7 slots: 0x0000023600000000 is an unknown value

VM_Operation (0x0000003c307ff1f0): Exit, mode: safepoint, requested by thread 0x00000236eb5b7030


---------------  P R O C E S S  ---------------

Threads class SMR info:
_java_thread_list=0x00000236eb542420, length=20, elements={
0x00000236bf31b350, 0x00000236de87fea0, 0x00000236de880ca0, 0x00000236de883d50,
0x00000236de884890, 0x00000236de888a90, 0x00000236de88d650, 0x00000236de89b530,
0x00000236de8bc660, 0x00000236de88cbb0, 0x00000236de88b120, 0x00000236de88d100,
0x00000236de88e0f0, 0x00000236de88dba0, 0x00000236de88abd0, 0x00000236de88bbc0,
0x00000236de88c110, 0x00000236de88c660, 0x00000236eb5bda70, 0x00000236eb5b7030
}

Java Threads: ( => current thread )
  0x00000236bf31b350 JavaThread "main" [_thread_blocked, id=13536, stack(0x0000003c2f700000,0x0000003c2f800000)]
  0x00000236de87fea0 JavaThread "Reference Handler" daemon [_thread_blocked, id=12376, stack(0x0000003c2fe00000,0x0000003c2ff00000)]
  0x00000236de880ca0 JavaThread "Finalizer" daemon [_thread_blocked, id=15736, stack(0x0000003c2ff00000,0x0000003c30000000)]
  0x00000236de883d50 JavaThread "Signal Dispatcher" daemon [_thread_blocked, id=25308, stack(0x0000003c30000000,0x0000003c30100000)]
  0x00000236de884890 JavaThread "Attach Listener" daemon [_thread_blocked, id=15468, stack(0x0000003c30100000,0x0000003c30200000)]
  0x00000236de888a90 JavaThread "Service Thread" daemon [_thread_blocked, id=32344, stack(0x0000003c30200000,0x0000003c30300000)]
  0x00000236de88d650 JavaThread "Monitor Deflation Thread" daemon [_thread_blocked, id=12344, stack(0x0000003c30300000,0x0000003c30400000)]
  0x00000236de89b530 JavaThread "C2 CompilerThread0" daemon [_thread_blocked, id=28448, stack(0x0000003c30400000,0x0000003c30500000)]
  0x00000236de8bc660 JavaThread "C1 CompilerThread0" daemon [_thread_blocked, id=30292, stack(0x0000003c30500000,0x0000003c30600000)]
  0x00000236de88cbb0 JavaThread "Common-Cleaner" daemon [_thread_blocked, id=6036, stack(0x0000003c30600000,0x0000003c30700000)]
  0x00000236de88b120 JavaThread "Monitor Ctrl-Break" daemon [_thread_in_native, id=8008, stack(0x0000003c30900000,0x0000003c30a00000)]
  0x00000236de88d100 JavaThread "Notification Thread" daemon [_thread_blocked, id=33512, stack(0x0000003c30a00000,0x0000003c30b00000)]
  0x00000236de88e0f0 JavaThread "QuantumRenderer-0" daemon [_thread_blocked, id=32532, stack(0x0000003c30c00000,0x0000003c30d00000)]
  0x00000236de88dba0 JavaThread "InvokeLaterDispatcher" daemon [_thread_blocked, id=33336, stack(0x0000003c30800000,0x0000003c30900000)]
  0x00000236de88abd0 JavaThread "JavaFX Application Thread" [_thread_in_native, id=2296, stack(0x0000003c30d00000,0x0000003c30e00000)]
  0x00000236de88bbc0 JavaThread "JavaFX-Launcher" [_thread_blocked, id=20468, stack(0x0000003c31200000,0x0000003c31300000)]
  0x00000236de88c110 JavaThread "Thread-2" daemon [_thread_in_native, id=19184, stack(0x0000003c31100000,0x0000003c31200000)]
  0x00000236de88c660 JavaThread "Prism Font Disposer" daemon [_thread_blocked, id=26804, stack(0x0000003c31b00000,0x0000003c31c00000)]
  0x00000236eb5bda70 JavaThread "Cleaner-0" daemon [_thread_blocked, id=33696, stack(0x0000003c31d00000,0x0000003c31e00000)]
  0x00000236eb5b7030 JavaThread "SIGINT handler" daemon [_thread_blocked, id=18980, stack(0x0000003c30700000,0x0000003c30800000)]

Other Threads:
=>0x00000236de8625a0 VMThread "VM Thread" [stack: 0x0000003c2fd00000,0x0000003c2fe00000] [id=3884]
  0x00000236bf389700 WorkerThread "GC Thread#0" [stack: 0x0000003c2f800000,0x0000003c2f900000] [id=19208]
  0x00000236e3a31540 WorkerThread "GC Thread#1" [stack: 0x0000003c31300000,0x0000003c31400000] [id=5760]
  0x00000236e3a129f0 WorkerThread "GC Thread#2" [stack: 0x0000003c31400000,0x0000003c31500000] [id=26632]
  0x00000236e3957040 WorkerThread "GC Thread#3" [stack: 0x0000003c31500000,0x0000003c31600000] [id=33288]
  0x00000236e39bd6a0 WorkerThread "GC Thread#4" [stack: 0x0000003c31600000,0x0000003c31700000] [id=19352]
  0x00000236e39bc5c0 WorkerThread "GC Thread#5" [stack: 0x0000003c31700000,0x0000003c31800000] [id=30456]
  0x00000236e39bd3d0 WorkerThread "GC Thread#6" [stack: 0x0000003c32100000,0x0000003c32200000] [id=24864]
  0x00000236e39bd970 WorkerThread "GC Thread#7" [stack: 0x0000003c32200000,0x0000003c32300000] [id=28500]
  0x00000236bf39a5b0 ConcurrentGCThread "G1 Main Marker" terminated
  0x00000236bf39c790 WorkerThread "G1 Conc#0" [stack: 0x0000003c2fa00000,0x0000003c2fb00000] [id=28364]
  0x00000236de721540 ConcurrentGCThread "G1 Refine#0" terminated
  0x00000236bf3ee1c0 ConcurrentGCThread "G1 Service" terminated

Threads with active compile tasks:

VM state: at safepoint (shutting down)

VM Mutex/Monitor currently owned by a thread:  ([mutex/lock_event])
[0x00000236bf316610] Threads_lock - owner thread: 0x00000236de8625a0
[0x00000236bf318d70] Heap_lock - owner thread: 0x00000236eb5b7030

Heap address: 0x0000000702000000, size: 4064 MB, Compressed Oops mode: Zero based, Oop shift amount: 3

CDS archive(s) mapped at: [0x0000000800000000-0x0000000800c60000-0x0000000800c60000), size 12976128, SharedBaseAddress: 0x0000000800000000, ArchiveRelocationMode: 0.
Compressed class space mapped at: 0x0000000801000000-0x0000000841000000, reserved size: 1073741824
Narrow klass base: 0x0000000800000000, Narrow klass shift: 0, Narrow klass range: 0x100000000

GC Precious Log:
 CardTable entry size: 512
 Card Set container configuration: InlinePtr #cards 4 size 8 Array Of Cards #cards 16 size 48 Howl #buckets 8 coarsen threshold 3686 Howl Bitmap #cards 512 size 80 coarsen threshold 460 Card regions per heap region 1 cards per card region 4096
 CPUs: 8 total, 8 available
 Memory: 16254M
 Large Page Support: Disabled
 NUMA Support: Disabled
 Compressed Oops: Enabled (Zero based)
 Heap Region Size: 2M
 Heap Min Capacity: 8M
 Heap Initial Capacity: 254M
 Heap Max Capacity: 4064M
 Pre-touch: Disabled
 Parallel Workers: 8
 Concurrent Workers: 2
 Concurrent Refinement Workers: 8
 Periodic GC: Disabled

Heap:
 garbage-first heap   total 260096K, used 26448K [0x0000000702000000, 0x0000000800000000)
  region size 2048K, 11 young (22528K), 3 survivors (6144K)
 Metaspace       used 17690K, committed 18048K, reserved 1114112K
  class space    used 2524K, committed 2688K, reserved 1048576K

Heap Regions: E=young(eden), S=young(survivor), O=old, HS=humongous(starts), HC=humongous(continues), CS=collection set, F=free, OA=open archive, CA=closed archive, TAMS=top-at-mark-start, PB=parsable bottom
|   0|0x0000000702000000, 0x0000000702200000, 0x0000000702200000|100%|HS|  |TAMS 0x0000000702000000| PB 0x0000000702000000| Complete 
|   1|0x0000000702200000, 0x00000007023d4000, 0x0000000702400000| 91%| O|  |TAMS 0x0000000702200000| PB 0x0000000702200000| Untracked 
|   2|0x0000000702400000, 0x0000000702600000, 0x0000000702600000|100%|HS|  |TAMS 0x0000000702400000| PB 0x0000000702400000| Complete 
|   3|0x0000000702600000, 0x0000000702600000, 0x0000000702800000|  0%| F|  |TAMS 0x0000000702600000| PB 0x0000000702600000| Untracked 
|   4|0x0000000702800000, 0x0000000702800000, 0x0000000702a00000|  0%| F|  |TAMS 0x0000000702800000| PB 0x0000000702800000| Untracked 
|   5|0x0000000702a00000, 0x0000000702a00000, 0x0000000702c00000|  0%| F|  |TAMS 0x0000000702a00000| PB 0x0000000702a00000| Untracked 
|   6|0x0000000702c00000, 0x0000000702c00000, 0x0000000702e00000|  0%| F|  |TAMS 0x0000000702c00000| PB 0x0000000702c00000| Untracked 
|   7|0x0000000702e00000, 0x0000000702e00000, 0x0000000703000000|  0%| F|  |TAMS 0x0000000702e00000| PB 0x0000000702e00000| Untracked 
|   8|0x0000000703000000, 0x0000000703000000, 0x0000000703200000|  0%| F|  |TAMS 0x0000000703000000| PB 0x0000000703000000| Untracked 
|   9|0x0000000703200000, 0x0000000703200000, 0x0000000703400000|  0%| F|  |TAMS 0x0000000703200000| PB 0x0000000703200000| Untracked 
|  10|0x0000000703400000, 0x0000000703400000, 0x0000000703600000|  0%| F|  |TAMS 0x0000000703400000| PB 0x0000000703400000| Untracked 
|  11|0x0000000703600000, 0x0000000703600000, 0x0000000703800000|  0%| F|  |TAMS 0x0000000703600000| PB 0x0000000703600000| Untracked 
|  12|0x0000000703800000, 0x0000000703800000, 0x0000000703a00000|  0%| F|  |TAMS 0x0000000703800000| PB 0x0000000703800000| Untracked 
|  13|0x0000000703a00000, 0x0000000703a00000, 0x0000000703c00000|  0%| F|  |TAMS 0x0000000703a00000| PB 0x0000000703a00000| Untracked 
|  14|0x0000000703c00000, 0x0000000703c00000, 0x0000000703e00000|  0%| F|  |TAMS 0x0000000703c00000| PB 0x0000000703c00000| Untracked 
|  15|0x0000000703e00000, 0x0000000703e00000, 0x0000000704000000|  0%| F|  |TAMS 0x0000000703e00000| PB 0x0000000703e00000| Untracked 
|  16|0x0000000704000000, 0x0000000704000000, 0x0000000704200000|  0%| F|  |TAMS 0x0000000704000000| PB 0x0000000704000000| Untracked 
|  17|0x0000000704200000, 0x0000000704200000, 0x0000000704400000|  0%| F|  |TAMS 0x0000000704200000| PB 0x0000000704200000| Untracked 
|  18|0x0000000704400000, 0x0000000704400000, 0x0000000704600000|  0%| F|  |TAMS 0x0000000704400000| PB 0x0000000704400000| Untracked 
|  19|0x0000000704600000, 0x0000000704600000, 0x0000000704800000|  0%| F|  |TAMS 0x0000000704600000| PB 0x0000000704600000| Untracked 
|  20|0x0000000704800000, 0x0000000704800000, 0x0000000704a00000|  0%| F|  |TAMS 0x0000000704800000| PB 0x0000000704800000| Untracked 
|  21|0x0000000704a00000, 0x0000000704a00000, 0x0000000704c00000|  0%| F|  |TAMS 0x0000000704a00000| PB 0x0000000704a00000| Untracked 
|  22|0x0000000704c00000, 0x0000000704c00000, 0x0000000704e00000|  0%| F|  |TAMS 0x0000000704c00000| PB 0x0000000704c00000| Untracked 
|  23|0x0000000704e00000, 0x0000000704e00000, 0x0000000705000000|  0%| F|  |TAMS 0x0000000704e00000| PB 0x0000000704e00000| Untracked 
|  24|0x0000000705000000, 0x0000000705000000, 0x0000000705200000|  0%| F|  |TAMS 0x0000000705000000| PB 0x0000000705000000| Untracked 
|  25|0x0000000705200000, 0x0000000705200000, 0x0000000705400000|  0%| F|  |TAMS 0x0000000705200000| PB 0x0000000705200000| Untracked 
|  26|0x0000000705400000, 0x0000000705400000, 0x0000000705600000|  0%| F|  |TAMS 0x0000000705400000| PB 0x0000000705400000| Untracked 
|  27|0x0000000705600000, 0x0000000705600000, 0x0000000705800000|  0%| F|  |TAMS 0x0000000705600000| PB 0x0000000705600000| Untracked 
|  28|0x0000000705800000, 0x0000000705800000, 0x0000000705a00000|  0%| F|  |TAMS 0x0000000705800000| PB 0x0000000705800000| Untracked 
|  29|0x0000000705a00000, 0x0000000705a00000, 0x0000000705c00000|  0%| F|  |TAMS 0x0000000705a00000| PB 0x0000000705a00000| Untracked 
|  30|0x0000000705c00000, 0x0000000705c00000, 0x0000000705e00000|  0%| F|  |TAMS 0x0000000705c00000| PB 0x0000000705c00000| Untracked 
|  31|0x0000000705e00000, 0x0000000705e00000, 0x0000000706000000|  0%| F|  |TAMS 0x0000000705e00000| PB 0x0000000705e00000| Untracked 
|  32|0x0000000706000000, 0x0000000706000000, 0x0000000706200000|  0%| F|  |TAMS 0x0000000706000000| PB 0x0000000706000000| Untracked 
|  33|0x0000000706200000, 0x0000000706200000, 0x0000000706400000|  0%| F|  |TAMS 0x0000000706200000| PB 0x0000000706200000| Untracked 
|  34|0x0000000706400000, 0x0000000706400000, 0x0000000706600000|  0%| F|  |TAMS 0x0000000706400000| PB 0x0000000706400000| Untracked 
|  35|0x0000000706600000, 0x0000000706600000, 0x0000000706800000|  0%| F|  |TAMS 0x0000000706600000| PB 0x0000000706600000| Untracked 
|  36|0x0000000706800000, 0x0000000706800000, 0x0000000706a00000|  0%| F|  |TAMS 0x0000000706800000| PB 0x0000000706800000| Untracked 
|  37|0x0000000706a00000, 0x0000000706a00000, 0x0000000706c00000|  0%| F|  |TAMS 0x0000000706a00000| PB 0x0000000706a00000| Untracked 
|  38|0x0000000706c00000, 0x0000000706c00000, 0x0000000706e00000|  0%| F|  |TAMS 0x0000000706c00000| PB 0x0000000706c00000| Untracked 
|  39|0x0000000706e00000, 0x0000000706e00000, 0x0000000707000000|  0%| F|  |TAMS 0x0000000706e00000| PB 0x0000000706e00000| Untracked 
|  40|0x0000000707000000, 0x0000000707000000, 0x0000000707200000|  0%| F|  |TAMS 0x0000000707000000| PB 0x0000000707000000| Untracked 
|  41|0x0000000707200000, 0x0000000707200000, 0x0000000707400000|  0%| F|  |TAMS 0x0000000707200000| PB 0x0000000707200000| Untracked 
|  42|0x0000000707400000, 0x0000000707400000, 0x0000000707600000|  0%| F|  |TAMS 0x0000000707400000| PB 0x0000000707400000| Untracked 
|  43|0x0000000707600000, 0x0000000707600000, 0x0000000707800000|  0%| F|  |TAMS 0x0000000707600000| PB 0x0000000707600000| Untracked 
|  44|0x0000000707800000, 0x0000000707800000, 0x0000000707a00000|  0%| F|  |TAMS 0x0000000707800000| PB 0x0000000707800000| Untracked 
|  45|0x0000000707a00000, 0x0000000707a00000, 0x0000000707c00000|  0%| F|  |TAMS 0x0000000707a00000| PB 0x0000000707a00000| Untracked 
|  46|0x0000000707c00000, 0x0000000707c00000, 0x0000000707e00000|  0%| F|  |TAMS 0x0000000707c00000| PB 0x0000000707c00000| Untracked 
|  47|0x0000000707e00000, 0x0000000707e00000, 0x0000000708000000|  0%| F|  |TAMS 0x0000000707e00000| PB 0x0000000707e00000| Untracked 
|  48|0x0000000708000000, 0x0000000708000000, 0x0000000708200000|  0%| F|  |TAMS 0x0000000708000000| PB 0x0000000708000000| Untracked 
|  49|0x0000000708200000, 0x0000000708200000, 0x0000000708400000|  0%| F|  |TAMS 0x0000000708200000| PB 0x0000000708200000| Untracked 
|  50|0x0000000708400000, 0x0000000708400000, 0x0000000708600000|  0%| F|  |TAMS 0x0000000708400000| PB 0x0000000708400000| Untracked 
|  51|0x0000000708600000, 0x0000000708600000, 0x0000000708800000|  0%| F|  |TAMS 0x0000000708600000| PB 0x0000000708600000| Untracked 
|  52|0x0000000708800000, 0x0000000708800000, 0x0000000708a00000|  0%| F|  |TAMS 0x0000000708800000| PB 0x0000000708800000| Untracked 
|  53|0x0000000708a00000, 0x0000000708a00000, 0x0000000708c00000|  0%| F|  |TAMS 0x0000000708a00000| PB 0x0000000708a00000| Untracked 
|  54|0x0000000708c00000, 0x0000000708c00000, 0x0000000708e00000|  0%| F|  |TAMS 0x0000000708c00000| PB 0x0000000708c00000| Untracked 
|  55|0x0000000708e00000, 0x0000000708e00000, 0x0000000709000000|  0%| F|  |TAMS 0x0000000708e00000| PB 0x0000000708e00000| Untracked 
|  56|0x0000000709000000, 0x0000000709000000, 0x0000000709200000|  0%| F|  |TAMS 0x0000000709000000| PB 0x0000000709000000| Untracked 
|  57|0x0000000709200000, 0x0000000709200000, 0x0000000709400000|  0%| F|  |TAMS 0x0000000709200000| PB 0x0000000709200000| Untracked 
|  58|0x0000000709400000, 0x0000000709400000, 0x0000000709600000|  0%| F|  |TAMS 0x0000000709400000| PB 0x0000000709400000| Untracked 
|  59|0x0000000709600000, 0x0000000709600000, 0x0000000709800000|  0%| F|  |TAMS 0x0000000709600000| PB 0x0000000709600000| Untracked 
|  60|0x0000000709800000, 0x0000000709800000, 0x0000000709a00000|  0%| F|  |TAMS 0x0000000709800000| PB 0x0000000709800000| Untracked 
|  61|0x0000000709a00000, 0x0000000709a00000, 0x0000000709c00000|  0%| F|  |TAMS 0x0000000709a00000| PB 0x0000000709a00000| Untracked 
|  62|0x0000000709c00000, 0x0000000709c00000, 0x0000000709e00000|  0%| F|  |TAMS 0x0000000709c00000| PB 0x0000000709c00000| Untracked 
|  63|0x0000000709e00000, 0x0000000709e00000, 0x000000070a000000|  0%| F|  |TAMS 0x0000000709e00000| PB 0x0000000709e00000| Untracked 
|  64|0x000000070a000000, 0x000000070a000000, 0x000000070a200000|  0%| F|  |TAMS 0x000000070a000000| PB 0x000000070a000000| Untracked 
|  65|0x000000070a200000, 0x000000070a200000, 0x000000070a400000|  0%| F|  |TAMS 0x000000070a200000| PB 0x000000070a200000| Untracked 
|  66|0x000000070a400000, 0x000000070a400000, 0x000000070a600000|  0%| F|  |TAMS 0x000000070a400000| PB 0x000000070a400000| Untracked 
|  67|0x000000070a600000, 0x000000070a600000, 0x000000070a800000|  0%| F|  |TAMS 0x000000070a600000| PB 0x000000070a600000| Untracked 
|  68|0x000000070a800000, 0x000000070a800000, 0x000000070aa00000|  0%| F|  |TAMS 0x000000070a800000| PB 0x000000070a800000| Untracked 
|  69|0x000000070aa00000, 0x000000070aa00000, 0x000000070ac00000|  0%| F|  |TAMS 0x000000070aa00000| PB 0x000000070aa00000| Untracked 
|  70|0x000000070ac00000, 0x000000070ac00000, 0x000000070ae00000|  0%| F|  |TAMS 0x000000070ac00000| PB 0x000000070ac00000| Untracked 
|  71|0x000000070ae00000, 0x000000070ae00000, 0x000000070b000000|  0%| F|  |TAMS 0x000000070ae00000| PB 0x000000070ae00000| Untracked 
|  72|0x000000070b000000, 0x000000070b000000, 0x000000070b200000|  0%| F|  |TAMS 0x000000070b000000| PB 0x000000070b000000| Untracked 
|  73|0x000000070b200000, 0x000000070b200000, 0x000000070b400000|  0%| F|  |TAMS 0x000000070b200000| PB 0x000000070b200000| Untracked 
|  74|0x000000070b400000, 0x000000070b400000, 0x000000070b600000|  0%| F|  |TAMS 0x000000070b400000| PB 0x000000070b400000| Untracked 
|  75|0x000000070b600000, 0x000000070b600000, 0x000000070b800000|  0%| F|  |TAMS 0x000000070b600000| PB 0x000000070b600000| Untracked 
|  76|0x000000070b800000, 0x000000070b800000, 0x000000070ba00000|  0%| F|  |TAMS 0x000000070b800000| PB 0x000000070b800000| Untracked 
|  77|0x000000070ba00000, 0x000000070ba00000, 0x000000070bc00000|  0%| F|  |TAMS 0x000000070ba00000| PB 0x000000070ba00000| Untracked 
|  78|0x000000070bc00000, 0x000000070bc00000, 0x000000070be00000|  0%| F|  |TAMS 0x000000070bc00000| PB 0x000000070bc00000| Untracked 
|  79|0x000000070be00000, 0x000000070be00000, 0x000000070c000000|  0%| F|  |TAMS 0x000000070be00000| PB 0x000000070be00000| Untracked 
|  80|0x000000070c000000, 0x000000070c000000, 0x000000070c200000|  0%| F|  |TAMS 0x000000070c000000| PB 0x000000070c000000| Untracked 
|  81|0x000000070c200000, 0x000000070c200000, 0x000000070c400000|  0%| F|  |TAMS 0x000000070c200000| PB 0x000000070c200000| Untracked 
|  82|0x000000070c400000, 0x000000070c400000, 0x000000070c600000|  0%| F|  |TAMS 0x000000070c400000| PB 0x000000070c400000| Untracked 
|  83|0x000000070c600000, 0x000000070c600000, 0x000000070c800000|  0%| F|  |TAMS 0x000000070c600000| PB 0x000000070c600000| Untracked 
|  84|0x000000070c800000, 0x000000070c800000, 0x000000070ca00000|  0%| F|  |TAMS 0x000000070c800000| PB 0x000000070c800000| Untracked 
|  85|0x000000070ca00000, 0x000000070ca00000, 0x000000070cc00000|  0%| F|  |TAMS 0x000000070ca00000| PB 0x000000070ca00000| Untracked 
|  86|0x000000070cc00000, 0x000000070cc00000, 0x000000070ce00000|  0%| F|  |TAMS 0x000000070cc00000| PB 0x000000070cc00000| Untracked 
|  87|0x000000070ce00000, 0x000000070ce00000, 0x000000070d000000|  0%| F|  |TAMS 0x000000070ce00000| PB 0x000000070ce00000| Untracked 
|  88|0x000000070d000000, 0x000000070d000000, 0x000000070d200000|  0%| F|  |TAMS 0x000000070d000000| PB 0x000000070d000000| Untracked 
|  89|0x000000070d200000, 0x000000070d200000, 0x000000070d400000|  0%| F|  |TAMS 0x000000070d200000| PB 0x000000070d200000| Untracked 
|  90|0x000000070d400000, 0x000000070d400000, 0x000000070d600000|  0%| F|  |TAMS 0x000000070d400000| PB 0x000000070d400000| Untracked 
|  91|0x000000070d600000, 0x000000070d600000, 0x000000070d800000|  0%| F|  |TAMS 0x000000070d600000| PB 0x000000070d600000| Untracked 
|  92|0x000000070d800000, 0x000000070d800000, 0x000000070da00000|  0%| F|  |TAMS 0x000000070d800000| PB 0x000000070d800000| Untracked 
|  93|0x000000070da00000, 0x000000070da00000, 0x000000070dc00000|  0%| F|  |TAMS 0x000000070da00000| PB 0x000000070da00000| Untracked 
|  94|0x000000070dc00000, 0x000000070dc00000, 0x000000070de00000|  0%| F|  |TAMS 0x000000070dc00000| PB 0x000000070dc00000| Untracked 
|  95|0x000000070de00000, 0x000000070de00000, 0x000000070e000000|  0%| F|  |TAMS 0x000000070de00000| PB 0x000000070de00000| Untracked 
|  96|0x000000070e000000, 0x000000070e000000, 0x000000070e200000|  0%| F|  |TAMS 0x000000070e000000| PB 0x000000070e000000| Untracked 
|  97|0x000000070e200000, 0x000000070e200000, 0x000000070e400000|  0%| F|  |TAMS 0x000000070e200000| PB 0x000000070e200000| Untracked 
|  98|0x000000070e400000, 0x000000070e400000, 0x000000070e600000|  0%| F|  |TAMS 0x000000070e400000| PB 0x000000070e400000| Untracked 
|  99|0x000000070e600000, 0x000000070e600000, 0x000000070e800000|  0%| F|  |TAMS 0x000000070e600000| PB 0x000000070e600000| Untracked 
| 100|0x000000070e800000, 0x000000070e800000, 0x000000070ea00000|  0%| F|  |TAMS 0x000000070e800000| PB 0x000000070e800000| Untracked 
| 101|0x000000070ea00000, 0x000000070ea00000, 0x000000070ec00000|  0%| F|  |TAMS 0x000000070ea00000| PB 0x000000070ea00000| Untracked 
| 102|0x000000070ec00000, 0x000000070ec00000, 0x000000070ee00000|  0%| F|  |TAMS 0x000000070ec00000| PB 0x000000070ec00000| Untracked 
| 103|0x000000070ee00000, 0x000000070f000000, 0x000000070f000000|100%| S|CS|TAMS 0x000000070ee00000| PB 0x000000070ee00000| Complete 
| 104|0x000000070f000000, 0x000000070f200000, 0x000000070f200000|100%| S|CS|TAMS 0x000000070f000000| PB 0x000000070f000000| Complete 
| 105|0x000000070f200000, 0x000000070f400000, 0x000000070f400000|100%| S|CS|TAMS 0x000000070f200000| PB 0x000000070f200000| Complete 
| 106|0x000000070f400000, 0x000000070f400000, 0x000000070f600000|  0%| F|  |TAMS 0x000000070f400000| PB 0x000000070f400000| Untracked 
| 107|0x000000070f600000, 0x000000070f600000, 0x000000070f800000|  0%| F|  |TAMS 0x000000070f600000| PB 0x000000070f600000| Untracked 
| 108|0x000000070f800000, 0x000000070f800000, 0x000000070fa00000|  0%| F|  |TAMS 0x000000070f800000| PB 0x000000070f800000| Untracked 
| 109|0x000000070fa00000, 0x000000070fa00000, 0x000000070fc00000|  0%| F|  |TAMS 0x000000070fa00000| PB 0x000000070fa00000| Untracked 
| 110|0x000000070fc00000, 0x000000070fc00000, 0x000000070fe00000|  0%| F|  |TAMS 0x000000070fc00000| PB 0x000000070fc00000| Untracked 
| 111|0x000000070fe00000, 0x000000070fe00000, 0x0000000710000000|  0%| F|  |TAMS 0x000000070fe00000| PB 0x000000070fe00000| Untracked 
| 112|0x0000000710000000, 0x0000000710000000, 0x0000000710200000|  0%| F|  |TAMS 0x0000000710000000| PB 0x0000000710000000| Untracked 
| 113|0x0000000710200000, 0x0000000710200000, 0x0000000710400000|  0%| F|  |TAMS 0x0000000710200000| PB 0x0000000710200000| Untracked 
| 114|0x0000000710400000, 0x0000000710400000, 0x0000000710600000|  0%| F|  |TAMS 0x0000000710400000| PB 0x0000000710400000| Untracked 
| 115|0x0000000710600000, 0x0000000710600000, 0x0000000710800000|  0%| F|  |TAMS 0x0000000710600000| PB 0x0000000710600000| Untracked 
| 116|0x0000000710800000, 0x0000000710800000, 0x0000000710a00000|  0%| F|  |TAMS 0x0000000710800000| PB 0x0000000710800000| Untracked 
| 117|0x0000000710a00000, 0x0000000710a00000, 0x0000000710c00000|  0%| F|  |TAMS 0x0000000710a00000| PB 0x0000000710a00000| Untracked 
| 118|0x0000000710c00000, 0x0000000710c00000, 0x0000000710e00000|  0%| F|  |TAMS 0x0000000710c00000| PB 0x0000000710c00000| Untracked 
| 119|0x0000000710e00000, 0x0000000710e5a1e0, 0x0000000711000000| 17%| E|  |TAMS 0x0000000710e00000| PB 0x0000000710e00000| Complete 
| 120|0x0000000711000000, 0x0000000711200000, 0x0000000711200000|100%| E|CS|TAMS 0x0000000711000000| PB 0x0000000711000000| Complete 
| 121|0x0000000711200000, 0x0000000711400000, 0x0000000711400000|100%| E|CS|TAMS 0x0000000711200000| PB 0x0000000711200000| Complete 
| 122|0x0000000711400000, 0x0000000711600000, 0x0000000711600000|100%| E|CS|TAMS 0x0000000711400000| PB 0x0000000711400000| Complete 
| 123|0x0000000711600000, 0x0000000711800000, 0x0000000711800000|100%| E|CS|TAMS 0x0000000711600000| PB 0x0000000711600000| Complete 
| 124|0x0000000711800000, 0x0000000711a00000, 0x0000000711a00000|100%| E|CS|TAMS 0x0000000711800000| PB 0x0000000711800000| Complete 
| 125|0x0000000711a00000, 0x0000000711c00000, 0x0000000711c00000|100%| E|CS|TAMS 0x0000000711a00000| PB 0x0000000711a00000| Complete 
| 126|0x0000000711c00000, 0x0000000711e00000, 0x0000000711e00000|100%| E|CS|TAMS 0x0000000711c00000| PB 0x0000000711c00000| Complete 

Card table byte_map: [0x00000236d6f00000,0x00000236d76f0000] _byte_map_base: 0x00000236d36f0000

Marking Bits: (CMBitMap*) 0x00000236bf389d30
 Bits: [0x00000236d7ee0000, 0x00000236dbe60000)

Polling page: 0x00000236bd2d0000

Metaspace:

Usage:
  Non-class:     14.81 MB used.
      Class:      2.47 MB used.
       Both:     17.28 MB used.

Virtual space:
  Non-class space:       64.00 MB reserved,      15.00 MB ( 23%) committed,  1 nodes.
      Class space:        1.00 GB reserved,       2.62 MB ( <1%) committed,  1 nodes.
             Both:        1.06 GB reserved,      17.62 MB (  2%) committed. 

Chunk freelists:
   Non-Class:  712.00 KB
       Class:  1.37 MB
        Both:  2.06 MB

MaxMetaspaceSize: unlimited
CompressedClassSpaceSize: 1.00 GB
Initial GC threshold: 21.00 MB
Current GC threshold: 21.00 MB
CDS: on
MetaspaceReclaimPolicy: balanced
 - commit_granule_bytes: 65536.
 - commit_granule_words: 8192.
 - virtual_space_node_default_size: 8388608.
 - enlarge_chunks_in_place: 1.
 - new_chunks_are_fully_committed: 0.
 - uncommit_free_chunks: 1.
 - use_allocation_guard: 0.


Internal statistics:

num_allocs_failed_limit: 0.
num_arena_births: 412.
num_arena_deaths: 0.
num_vsnodes_births: 2.
num_vsnodes_deaths: 0.
num_space_committed: 282.
num_space_uncommitted: 0.
num_chunks_returned_to_freelist: 0.
num_chunks_taken_from_freelist: 1012.
num_chunk_merges: 0.
num_chunk_splits: 673.
num_chunks_enlarged: 480.
num_inconsistent_stats: 0.

CodeHeap 'non-profiled nmethods': size=120000Kb used=1344Kb max_used=1344Kb free=118656Kb
 bounds [0x00000236ceeb0000, 0x00000236cf120000, 0x00000236d63e0000]
CodeHeap 'profiled nmethods': size=120000Kb used=5768Kb max_used=5768Kb free=114231Kb
 bounds [0x00000236c73e0000, 0x00000236c7990000, 0x00000236ce910000]
CodeHeap 'non-nmethods': size=5760Kb used=1870Kb max_used=1925Kb free=3889Kb
 bounds [0x00000236ce910000, 0x00000236ceb80000, 0x00000236ceeb0000]
 total_blobs=3882 nmethods=3057 adapters=735
 compilation: enabled
              stopped_count=0, restarted_count=0
 full_count=0

Compilation events (20 events):
Event: 19.311 Thread 0x00000236de89b530 3049       4       com.sun.javafx.scene.NodeHelper::pickNodeLocalImpl (12 bytes)
Event: 19.313 Thread 0x00000236de89b530 nmethod 3049 0x00000236ceffe710 code [0x00000236ceffe8c0, 0x00000236ceffeb18]
Event: 19.558 Thread 0x00000236de8bc660 3050       3       javafx.scene.input.ScrollEvent::getEventType (5 bytes)
Event: 19.558 Thread 0x00000236de8bc660 nmethod 3050 0x00000236c7980410 code [0x00000236c79805a0, 0x00000236c7980788]
Event: 19.558 Thread 0x00000236de8bc660 3051       3       javafx.scene.input.GestureEvent::getEventType (5 bytes)
Event: 19.558 Thread 0x00000236de8bc660 nmethod 3051 0x00000236c7980890 code [0x00000236c7980a20, 0x00000236c7980ba8]
Event: 20.071 Thread 0x00000236de89b530 3052       4       com.sun.glass.ui.Application::checkEventThread (35 bytes)
Event: 20.071 Thread 0x00000236de89b530 nmethod 3052 0x00000236ceffee10 code [0x00000236ceffef80, 0x00000236cefff020]
Event: 20.856 Thread 0x00000236de8bc660 3053       3       javafx.beans.property.ReadOnlyObjectPropertyBase::fireValueChangedEvent (8 bytes)
Event: 20.857 Thread 0x00000236de8bc660 nmethod 3053 0x00000236c7980c90 code [0x00000236c7980e20, 0x00000236c7981088]
Event: 20.857 Thread 0x00000236de8bc660 3054       3       javafx.scene.Node::pseudoClassStateChanged (59 bytes)
Event: 20.857 Thread 0x00000236de8bc660 nmethod 3054 0x00000236c7981190 code [0x00000236c7981380, 0x00000236c7981898]
Event: 86.399 Thread 0x00000236de89b530 3055       4       com.sun.javafx.tk.quantum.QuantumToolkit::postPulse (133 bytes)
Event: 86.402 Thread 0x00000236de89b530 nmethod 3055 0x00000236cefff110 code [0x00000236cefff2c0, 0x00000236cefff550]
Event: 86.559 Thread 0x00000236de89b530 3056       4       com.sun.javafx.tk.quantum.QuantumToolkit$$Lambda$81/0x000000080103c448::run (8 bytes)
Event: 86.562 Thread 0x00000236de89b530 nmethod 3056 0x00000236cefff810 code [0x00000236cefff9e0, 0x00000236cefffce8]
Event: 244.842 Thread 0x00000236de8bc660 3057       3       java.lang.Thread::interrupted (7 bytes)
Event: 244.843 Thread 0x00000236de8bc660 nmethod 3057 0x00000236c7981a90 code [0x00000236c7981c20, 0x00000236c7981e88]
Event: 244.843 Thread 0x00000236de8bc660 3058       3       java.lang.Thread::getAndClearInterrupt (19 bytes)
Event: 244.843 Thread 0x00000236de8bc660 nmethod 3058 0x00000236c7981f90 code [0x00000236c7982120, 0x00000236c79822a8]

GC Heap History (4 events):
Event: 0.595 GC heap before
{Heap before GC invocations=0 (full 0):
 garbage-first heap   total 260096K, used 20480K [0x0000000702000000, 0x0000000800000000)
  region size 2048K, 11 young (22528K), 0 survivors (0K)
 Metaspace       used 5243K, committed 5440K, reserved 1114112K
  class space    used 607K, committed 704K, reserved 1048576K
}
Event: 0.598 GC heap after
{Heap after GC invocations=1 (full 0):
 garbage-first heap   total 260096K, used 2687K [0x0000000702000000, 0x0000000800000000)
  region size 2048K, 2 young (4096K), 2 survivors (4096K)
 Metaspace       used 5243K, committed 5440K, reserved 1114112K
  class space    used 607K, committed 704K, reserved 1048576K
}
Event: 4.828 GC heap before
{Heap before GC invocations=1 (full 0):
 garbage-first heap   total 260096K, used 43647K [0x0000000702000000, 0x0000000800000000)
  region size 2048K, 21 young (43008K), 2 survivors (4096K)
 Metaspace       used 15808K, committed 16128K, reserved 1114112K
  class space    used 2180K, committed 2304K, reserved 1048576K
}
Event: 4.838 GC heap after
{Heap after GC invocations=2 (full 0):
 garbage-first heap   total 260096K, used 10064K [0x0000000702000000, 0x0000000800000000)
  region size 2048K, 3 young (6144K), 3 survivors (6144K)
 Metaspace       used 15808K, committed 16128K, reserved 1114112K
  class space    used 2180K, committed 2304K, reserved 1048576K
}

Dll operation events (20 events):
Event: 0.364 Loaded shared library C:\Users\shara\.openjfx\cache\17.0.2-ea\api-ms-win-crt-filesystem-l1-1-0.dll
Event: 0.367 Loaded shared library C:\Users\shara\.openjfx\cache\17.0.2-ea\api-ms-win-crt-heap-l1-1-0.dll
Event: 0.369 Loaded shared library C:\Users\shara\.openjfx\cache\17.0.2-ea\api-ms-win-crt-locale-l1-1-0.dll
Event: 0.372 Loaded shared library C:\Users\shara\.openjfx\cache\17.0.2-ea\api-ms-win-crt-math-l1-1-0.dll
Event: 0.374 Loaded shared library C:\Users\shara\.openjfx\cache\17.0.2-ea\api-ms-win-crt-multibyte-l1-1-0.dll
Event: 0.378 Loaded shared library C:\Users\shara\.openjfx\cache\17.0.2-ea\api-ms-win-crt-private-l1-1-0.dll
Event: 0.381 Loaded shared library C:\Users\shara\.openjfx\cache\17.0.2-ea\api-ms-win-crt-process-l1-1-0.dll
Event: 0.384 Loaded shared library C:\Users\shara\.openjfx\cache\17.0.2-ea\api-ms-win-crt-runtime-l1-1-0.dll
Event: 0.387 Loaded shared library C:\Users\shara\.openjfx\cache\17.0.2-ea\api-ms-win-crt-stdio-l1-1-0.dll
Event: 0.389 Loaded shared library C:\Users\shara\.openjfx\cache\17.0.2-ea\api-ms-win-crt-string-l1-1-0.dll
Event: 0.393 Loaded shared library C:\Users\shara\.openjfx\cache\17.0.2-ea\api-ms-win-crt-time-l1-1-0.dll
Event: 0.396 Loaded shared library C:\Users\shara\.openjfx\cache\17.0.2-ea\api-ms-win-crt-utility-l1-1-0.dll
Event: 0.410 Loaded shared library C:\Users\shara\.openjfx\cache\17.0.2-ea\ucrtbase.dll
Event: 0.414 Loaded shared library C:\Users\shara\.openjfx\cache\17.0.2-ea\vcruntime140.dll
Event: 0.417 Loaded shared library C:\Users\shara\.openjfx\cache\17.0.2-ea\vcruntime140_1.dll
Event: 0.425 Loaded shared library C:\Users\shara\.openjfx\cache\17.0.2-ea\msvcp140.dll
Event: 0.459 Loaded shared library C:\Users\shara\.openjfx\cache\17.0.2-ea\prism_d3d.dll
Event: 0.490 Loaded shared library C:\Users\shara\.openjfx\cache\17.0.2-ea\glass.dll
Event: 0.583 Loaded shared library C:\Users\shara\.jdks\openjdk-20.0.1\bin\jimage.dll
Event: 0.782 Loaded shared library C:\Users\shara\.openjfx\cache\17.0.2-ea\javafx_font.dll

Deoptimization events (20 events):
Event: 5.021 Thread 0x00000236de88abd0 Uncommon trap: trap_request=0xffffff45 fr.pc=0x00000236cef4167c relative=0x0000000000000e5c
Event: 5.021 Thread 0x00000236de88abd0 Uncommon trap: reason=unstable_if action=reinterpret pc=0x00000236cef4167c method=java.util.concurrent.ConcurrentHashMap.putVal(Ljava/lang/Object;Ljava/lang/Object;Z)Ljava/lang/Object; @ 231 c2
Event: 5.021 Thread 0x00000236de88abd0 DEOPT PACKING pc=0x00000236cef4167c sp=0x0000003c30df8f20
Event: 5.021 Thread 0x00000236de88abd0 DEOPT UNPACKING pc=0x00000236ce979d22 sp=0x0000003c30df8e90 mode 2
Event: 5.022 Thread 0x00000236de88abd0 Uncommon trap: trap_request=0xffffff45 fr.pc=0x00000236cef3524c relative=0x00000000000004ac
Event: 5.022 Thread 0x00000236de88abd0 Uncommon trap: reason=unstable_if action=reinterpret pc=0x00000236cef3524c method=java.lang.String.substring(II)Ljava/lang/String; @ 31 c2
Event: 5.022 Thread 0x00000236de88abd0 DEOPT PACKING pc=0x00000236cef3524c sp=0x0000003c30dfa3b0
Event: 5.022 Thread 0x00000236de88abd0 DEOPT UNPACKING pc=0x00000236ce979d22 sp=0x0000003c30dfa380 mode 2
Event: 5.022 Thread 0x00000236de88abd0 Uncommon trap: trap_request=0xffffff45 fr.pc=0x00000236cefa6a24 relative=0x0000000000000124
Event: 5.022 Thread 0x00000236de88abd0 Uncommon trap: reason=unstable_if action=reinterpret pc=0x00000236cefa6a24 method=java.lang.StringConcatHelper.prepend(J[BLjava/lang/String;)J @ 13 c2
Event: 5.022 Thread 0x00000236de88abd0 DEOPT PACKING pc=0x00000236cefa6a24 sp=0x0000003c30dfa190
Event: 5.022 Thread 0x00000236de88abd0 DEOPT UNPACKING pc=0x00000236ce979d22 sp=0x0000003c30dfa140 mode 2
Event: 5.022 Thread 0x00000236de88abd0 Uncommon trap: trap_request=0xffffff45 fr.pc=0x00000236ceefa768 relative=0x00000000000000e8
Event: 5.022 Thread 0x00000236de88abd0 Uncommon trap: reason=unstable_if action=reinterpret pc=0x00000236ceefa768 method=java.lang.String.getBytes([BIB)V @ 5 c2
Event: 5.022 Thread 0x00000236de88abd0 DEOPT PACKING pc=0x00000236ceefa768 sp=0x0000003c30dfa0f0
Event: 5.022 Thread 0x00000236de88abd0 DEOPT UNPACKING pc=0x00000236ce979d22 sp=0x0000003c30dfa0b8 mode 2
Event: 5.082 Thread 0x00000236de88e0f0 DEOPT PACKING pc=0x00000236c76f2932 sp=0x0000003c30cfdfd0
Event: 5.082 Thread 0x00000236de88e0f0 DEOPT UNPACKING pc=0x00000236ce97a4c2 sp=0x0000003c30cfd460 mode 0
Event: 5.140 Thread 0x00000236de88e0f0 DEOPT PACKING pc=0x00000236c778b203 sp=0x0000003c30cfdd90
Event: 5.140 Thread 0x00000236de88e0f0 DEOPT UNPACKING pc=0x00000236ce97a4c2 sp=0x0000003c30cfd240 mode 0

Classes loaded (20 events):
Event: 4.718 Loading class java/lang/reflect/WildcardType done
Event: 4.718 Loading class sun/reflect/generics/reflectiveObjects/WildcardTypeImpl done
Event: 4.918 Loading class java/lang/FdLibm$Hypot
Event: 4.918 Loading class java/lang/FdLibm$Hypot done
Event: 4.918 Loading class java/lang/FdLibm
Event: 4.918 Loading class java/lang/FdLibm done
Event: 5.020 Loading class java/text/BreakIterator
Event: 5.020 Loading class java/text/BreakIterator done
Event: 5.021 Loading class sun/util/locale/provider/BreakIteratorProviderImpl
Event: 5.021 Loading class sun/util/locale/provider/BreakIteratorProviderImpl done
Event: 5.021 Loading class sun/util/locale/provider/BreakIteratorProviderImpl$GraphemeBreakIterator
Event: 5.021 Loading class sun/util/locale/provider/BreakIteratorProviderImpl$GraphemeBreakIterator done
Event: 5.022 Loading class java/text/StringCharacterIterator
Event: 5.022 Loading class java/text/StringCharacterIterator done
Event: 5.022 Loading class sun/util/locale/provider/BreakIteratorProviderImpl$CharacterIteratorCharSequence
Event: 5.022 Loading class sun/util/locale/provider/BreakIteratorProviderImpl$CharacterIteratorCharSequence done
Event: 5.022 Loading class java/text/BreakIterator$BreakIteratorCache
Event: 5.022 Loading class java/text/BreakIterator$BreakIteratorCache done
Event: 292.817 Loading class jdk/internal/misc/Signal$1
Event: 292.817 Loading class jdk/internal/misc/Signal$1 done

Classes unloaded (0 events):
No events

Classes redefined (0 events):
No events

Internal exceptions (20 events):
Event: 0.937 Thread 0x00000236de88abd0 Implicit null exception at 0x00000236cef27020 to 0x00000236cef272a4
Event: 0.938 Thread 0x00000236de88abd0 Implicit null exception at 0x00000236ceecd320 to 0x00000236ceecd39d
Event: 0.989 Thread 0x00000236de88abd0 Implicit null exception at 0x00000236cef26112 to 0x00000236cef267e0
Event: 1.068 Thread 0x00000236de88abd0 Exception <a 'java/lang/IncompatibleClassChangeError'{0x00000007109a6f28}: Found class java.lang.Object, but interface was expected> (0x00000007109a6f28) 
thrown [s\open\src\hotspot\share\interpreter\linkResolver.cpp, line 840]
Event: 1.117 Thread 0x00000236de88abd0 Exception <a 'java/lang/NoSuchMethodError'{0x0000000710307a90}: 'int java.lang.invoke.DirectMethodHandle$Holder.invokeSpecial(java.lang.Object, java.lang.Object, int)'> (0x0000000710307a90) 
thrown [s\open\src\hotspot\share\interpreter\linkResolver.cpp, line 773]
Event: 1.136 Thread 0x00000236de88abd0 Exception <a 'java/lang/NoSuchMethodError'{0x00000007103895f0}: 'java.lang.Object java.lang.invoke.DirectMethodHandle$Holder.newInvokeSpecial(java.lang.Object, java.lang.Object, int)'> (0x00000007103895f0) 
thrown [s\open\src\hotspot\share\interpreter\linkResolver.cpp, line 773]
Event: 1.159 Thread 0x00000236de88e0f0 Exception <a 'java/lang/NoSuchMethodError'{0x00000007100506a0}: 'int java.lang.invoke.DirectMethodHandle$Holder.invokeStaticInit(java.lang.Object, java.lang.Object)'> (0x00000007100506a0) 
thrown [s\open\src\hotspot\share\interpreter\linkResolver.cpp, line 773]
Event: 3.312 Thread 0x00000236de88abd0 Exception <a 'java/lang/NoSuchMethodError'{0x000000070fc9ad80}: 'long java.lang.invoke.DirectMethodHandle$Holder.invokeStatic(java.lang.Object, java.lang.Object, java.lang.Object)'> (0x000000070fc9ad80) 
thrown [s\open\src\hotspot\share\interpreter\linkResolver.cpp, line 773]
Event: 3.313 Thread 0x00000236de88abd0 Exception <a 'java/lang/NoSuchMethodError'{0x000000070fc9e150}: 'long java.lang.invoke.DirectMethodHandle$Holder.invokeStaticInit(java.lang.Object, java.lang.Object, java.lang.Object)'> (0x000000070fc9e150) 
thrown [s\open\src\hotspot\share\interpreter\linkResolver.cpp, line 773]
Event: 3.315 Thread 0x00000236de88abd0 Exception <a 'java/lang/NoSuchMethodError'{0x000000070fcb63e8}: 'java.lang.Object java.lang.invoke.DirectMethodHandle$Holder.newInvokeSpecial(java.lang.Object, java.lang.Object, long)'> (0x000000070fcb63e8) 
thrown [s\open\src\hotspot\share\interpreter\linkResolver.cpp, line 773]
Event: 3.315 Thread 0x00000236de88abd0 Exception <a 'java/lang/NoSuchMethodError'{0x000000070fcb9ce0}: 'java.lang.Object java.lang.invoke.Invokers$Holder.linkToTargetMethod(java.lang.Object, long, java.lang.Object)'> (0x000000070fcb9ce0) 
thrown [s\open\src\hotspot\share\interpreter\linkResolver.cpp, line 773]
Event: 4.778 Thread 0x00000236de88abd0 Exception <a 'java/lang/ClassNotFoundException'{0x000000070f6a90e8}: com/sun/javafx/scene/control/skin/resources/controls> (0x000000070f6a90e8) 
thrown [s\open\src\hotspot\share\prims\jni.cpp, line 538]
Event: 4.779 Thread 0x00000236de88abd0 Exception <a 'java/lang/ClassNotFoundException'{0x000000070f6b76d8}: com/sun/javafx/scene/control/skin/resources/controls_en> (0x000000070f6b76d8) 
thrown [s\open\src\hotspot\share\prims\jni.cpp, line 538]
Event: 4.779 Thread 0x00000236de88abd0 Exception <a 'java/lang/ClassNotFoundException'{0x000000070f6b8e98}: com/sun/javafx/scene/control/skin/resources/controls_en_GB> (0x000000070f6b8e98) 
thrown [s\open\src\hotspot\share\prims\jni.cpp, line 538]
Event: 4.891 Thread 0x00000236de88abd0 Exception <a 'java/lang/NoSuchMethodError'{0x0000000711b6aea8}: 'void java.lang.invoke.DirectMethodHandle$Holder.invokeSpecial(java.lang.Object, java.lang.Object, java.lang.Object, java.lang.Object, java.lang.Object, java.lang.Object)'> (0x0000000711b6aea8) 
thrown [s\open\src\hotspot\share\interpreter\linkResolver.cpp, line 773]
Event: 5.113 Thread 0x00000236de88e0f0 Exception <a 'java/lang/NoSuchMethodError'{0x0000000711235748}: 'java.lang.Object java.lang.invoke.DirectMethodHandle$Holder.invokeStaticInit(java.lang.Object, int)'> (0x0000000711235748) 
thrown [s\open\src\hotspot\share\interpreter\linkResolver.cpp, line 773]
Event: 12.303 Thread 0x00000236de88abd0 Exception <a 'java/lang/NoSuchMethodError'{0x0000000711056898}: 'java.lang.Object java.lang.invoke.DirectMethodHandle$Holder.newInvokeSpecial(java.lang.Object, java.lang.Object, int, int, int, int, int, java.lang.Object)'> (0x0000000711056898) 
thrown [s\open\src\hotspot\share\interpreter\linkResolver.cpp, line 773]
Event: 12.304 Thread 0x00000236de88abd0 Exception <a 'java/lang/NoSuchMethodError'{0x00000007110695e8}: 'java.lang.Object java.lang.invoke.DirectMethodHandle$Holder.newInvokeSpecial(java.lang.Object, java.lang.Object, java.lang.Object, int, int, int, int, int)'> (0x00000007110695e8) 
thrown [s\open\src\hotspot\share\interpreter\linkResolver.cpp, line 773]
Event: 12.305 Thread 0x00000236de88abd0 Exception <a 'java/lang/NoSuchMethodError'{0x00000007110713e8}: 'java.lang.Object java.lang.invoke.Invokers$Holder.linkToTargetMethod(java.lang.Object, java.lang.Object, int, int, int, int, int, java.lang.Object)'> (0x00000007110713e8) 
thrown [s\open\src\hotspot\share\interpreter\linkResolver.cpp, line 773]
Event: 13.207 Thread 0x00000236de88abd0 Exception <a 'java/lang/NoSuchMethodError'{0x0000000711095bb0}: 'java.lang.Object java.lang.invoke.DirectMethodHandle$Holder.newInvokeSpecial(java.lang.Object, java.lang.Object, java.lang.Object, double, double, double, double, int, int, int, int, int, int, int, int, int)'> (0x0000000711095bb0) 
thrown [s\open\src\hotspot\share\interpreter\linkResolver.cpp, line 773]

VM Operations (20 events):
Event: 6.145 Executing VM operation: Cleanup done
Event: 7.145 Executing VM operation: Cleanup
Event: 7.145 Executing VM operation: Cleanup done
Event: 10.146 Executing VM operation: Cleanup
Event: 10.146 Executing VM operation: Cleanup done
Event: 11.146 Executing VM operation: Cleanup
Event: 11.146 Executing VM operation: Cleanup done
Event: 12.147 Executing VM operation: Cleanup
Event: 12.147 Executing VM operation: Cleanup done
Event: 13.147 Executing VM operation: Cleanup
Event: 13.147 Executing VM operation: Cleanup done
Event: 14.148 Executing VM operation: Cleanup
Event: 14.148 Executing VM operation: Cleanup done
Event: 17.149 Executing VM operation: Cleanup
Event: 17.149 Executing VM operation: Cleanup done
Event: 19.149 Executing VM operation: Cleanup
Event: 19.150 Executing VM operation: Cleanup done
Event: 21.150 Executing VM operation: Cleanup
Event: 21.150 Executing VM operation: Cleanup done
Event: 292.819 Executing VM operation: Exit

Events (20 events):
Event: 0.451 Thread 0x00000236de88e0f0 Thread added: 0x00000236de88e0f0
Event: 0.479 Thread 0x00000236e2dc6d60 Thread exited: 0x00000236e2dc6d60
Event: 0.492 Thread 0x00000236de88dba0 Thread added: 0x00000236de88dba0
Event: 0.494 Thread 0x00000236de88abd0 Thread added: 0x00000236de88abd0
Event: 0.559 Thread 0x00000236de88bbc0 Thread added: 0x00000236de88bbc0
Event: 0.559 Thread 0x00000236de88c110 Thread added: 0x00000236de88c110
Event: 1.058 Thread 0x00000236de88c660 Thread added: 0x00000236de88c660
Event: 1.102 Thread 0x00000236e42d9df0 Thread added: 0x00000236e42d9df0
Event: 1.219 Thread 0x00000236eb5bda70 Thread added: 0x00000236eb5bda70
Event: 1.590 Thread 0x00000236e42d9df0 Thread exited: 0x00000236e42d9df0
Event: 1.607 Thread 0x00000236e2dbd3e0 Thread exited: 0x00000236e2dbd3e0
Event: 4.824 Thread 0x00000236e42642e0 Thread added: 0x00000236e42642e0
Event: 4.872 Thread 0x00000236e40d9c50 Thread added: 0x00000236e40d9c50
Event: 5.598 Thread 0x00000236e40d9c50 Thread exited: 0x00000236e40d9c50
Event: 5.598 Thread 0x00000236e42642e0 Thread exited: 0x00000236e42642e0
Event: 292.817 Thread 0x00000236eb5b7030 Thread added: 0x00000236eb5b7030
Event: 292.818 Thread 0x00000236eb5b9010 Thread added: 0x00000236eb5b9010
Event: 292.818 Thread 0x00000236eb5b6ae0 Thread added: 0x00000236eb5b6ae0
Event: 292.818 Thread 0x00000236eb5b9010 Thread exited: 0x00000236eb5b9010
Event: 292.819 Thread 0x00000236eb5b6ae0 Thread exited: 0x00000236eb5b6ae0


Dynamic libraries:
0x00007ff796ea0000 - 0x00007ff796eae000 	C:\Users\shara\.jdks\openjdk-20.0.1\bin\java.exe
0x00007ffc1a370000 - 0x00007ffc1a568000 	C:\WINDOWS\SYSTEM32\ntdll.dll
0x00007ffc19110000 - 0x00007ffc191cf000 	C:\WINDOWS\System32\KERNEL32.DLL
0x00007ffc17e60000 - 0x00007ffc1813a000 	C:\WINDOWS\System32\KERNELBASE.dll
0x00007ffc182a0000 - 0x00007ffc183a0000 	C:\WINDOWS\System32\ucrtbase.dll
0x00007ffbefde0000 - 0x00007ffbefdf7000 	C:\Users\shara\.jdks\openjdk-20.0.1\bin\jli.dll
0x00007ffc192f0000 - 0x00007ffc1948d000 	C:\WINDOWS\System32\USER32.dll
0x00007ffc183a0000 - 0x00007ffc183c2000 	C:\WINDOWS\System32\win32u.dll
0x00007ffc19070000 - 0x00007ffc1909b000 	C:\WINDOWS\System32\GDI32.dll
0x00007ffc17bd0000 - 0x00007ffc17ce0000 	C:\WINDOWS\System32\gdi32full.dll
0x00007ffc17a80000 - 0x00007ffc17b1d000 	C:\WINDOWS\System32\msvcp_win.dll
0x00007ffbefcd0000 - 0x00007ffbefceb000 	C:\Users\shara\.jdks\openjdk-20.0.1\bin\VCRUNTIME140.dll
0x00007ffbf0da0000 - 0x00007ffbf103a000 	C:\WINDOWS\WinSxS\amd64_microsoft.windows.common-controls_6595b64144ccf1df_6.0.19041.1110_none_60b5254171f9507e\COMCTL32.dll
0x00007ffc19850000 - 0x00007ffc198ee000 	C:\WINDOWS\System32\msvcrt.dll
0x00007ffc18f00000 - 0x00007ffc18f30000 	C:\WINDOWS\System32\IMM32.DLL
0x00007ffbf1b40000 - 0x00007ffbf1b4c000 	C:\Users\shara\.jdks\openjdk-20.0.1\bin\vcruntime140_1.dll
0x00007ffbdc120000 - 0x00007ffbdc1ae000 	C:\Users\shara\.jdks\openjdk-20.0.1\bin\msvcp140.dll
0x00007ffba15f0000 - 0x00007ffba2287000 	C:\Users\shara\.jdks\openjdk-20.0.1\bin\server\jvm.dll
0x00007ffc183d0000 - 0x00007ffc1847e000 	C:\WINDOWS\System32\ADVAPI32.dll
0x00007ffc1a290000 - 0x00007ffc1a32c000 	C:\WINDOWS\System32\sechost.dll
0x00007ffc19a10000 - 0x00007ffc19b36000 	C:\WINDOWS\System32\RPCRT4.dll
0x00007ffc0f4b0000 - 0x00007ffc0f4b9000 	C:\WINDOWS\SYSTEM32\WSOCK32.dll
0x00007ffc190a0000 - 0x00007ffc1910b000 	C:\WINDOWS\System32\WS2_32.dll
0x00007ffbfa700000 - 0x00007ffbfa727000 	C:\WINDOWS\SYSTEM32\WINMM.dll
0x00007ffc0fce0000 - 0x00007ffc0fcea000 	C:\WINDOWS\SYSTEM32\VERSION.dll
0x00007ffc162d0000 - 0x00007ffc162e2000 	C:\WINDOWS\SYSTEM32\kernel.appcore.dll
0x00007ffbf1a20000 - 0x00007ffbf1a2a000 	C:\Users\shara\.jdks\openjdk-20.0.1\bin\jimage.dll
0x00007ffc15840000 - 0x00007ffc15a24000 	C:\WINDOWS\SYSTEM32\DBGHELP.DLL
0x00007ffc06b00000 - 0x00007ffc06b34000 	C:\WINDOWS\SYSTEM32\dbgcore.DLL
0x00007ffc17dd0000 - 0x00007ffc17e52000 	C:\WINDOWS\System32\bcryptPrimitives.dll
0x00007ffc10b30000 - 0x00007ffc10b3e000 	C:\Users\shara\.jdks\openjdk-20.0.1\bin\instrument.dll
0x00007ffbe9070000 - 0x00007ffbe9096000 	C:\Users\shara\.jdks\openjdk-20.0.1\bin\java.dll
0x00007ffbd2470000 - 0x00007ffbd2547000 	C:\Users\shara\.jdks\openjdk-20.0.1\bin\jsvml.dll
0x00007ffc19b40000 - 0x00007ffc1a284000 	C:\WINDOWS\System32\SHELL32.dll
0x00007ffc15b20000 - 0x00007ffc162b3000 	C:\WINDOWS\SYSTEM32\windows.storage.dll
0x00007ffc19490000 - 0x00007ffc197e4000 	C:\WINDOWS\System32\combase.dll
0x00007ffc17470000 - 0x00007ffc1749e000 	C:\WINDOWS\SYSTEM32\Wldp.dll
0x00007ffc19230000 - 0x00007ffc192dd000 	C:\WINDOWS\System32\SHCORE.dll
0x00007ffc18710000 - 0x00007ffc18765000 	C:\WINDOWS\System32\shlwapi.dll
0x00007ffc179c0000 - 0x00007ffc179df000 	C:\WINDOWS\SYSTEM32\profapi.dll
0x00007ffbefcb0000 - 0x00007ffbefcc3000 	C:\Users\shara\.jdks\openjdk-20.0.1\bin\net.dll
0x00007ffc0da80000 - 0x00007ffc0db8a000 	C:\WINDOWS\SYSTEM32\WINHTTP.dll
0x00007ffc171d0000 - 0x00007ffc1723a000 	C:\WINDOWS\system32\mswsock.dll
0x00007ffbed0e0000 - 0x00007ffbed0f6000 	C:\Users\shara\.jdks\openjdk-20.0.1\bin\nio.dll
0x00007ffbebf10000 - 0x00007ffbebf28000 	C:\Users\shara\.jdks\openjdk-20.0.1\bin\zip.dll
0x00007ffbf98d0000 - 0x00007ffbf98ea000 	C:\Program Files\JetBrains\IntelliJ IDEA 2022.3.3\bin\breakgen64.dll
0x00000236de9f0000 - 0x00000236de9f3000 	C:\Users\shara\.openjfx\cache\17.0.2-ea\api-ms-win-core-console-l1-1-0.dll
0x00000236dea00000 - 0x00000236dea03000 	C:\Users\shara\.openjfx\cache\17.0.2-ea\api-ms-win-core-console-l1-2-0.dll
0x00000236dea10000 - 0x00000236dea13000 	C:\Users\shara\.openjfx\cache\17.0.2-ea\api-ms-win-core-datetime-l1-1-0.dll
0x00000236dea20000 - 0x00000236dea23000 	C:\Users\shara\.openjfx\cache\17.0.2-ea\api-ms-win-core-debug-l1-1-0.dll
0x00000236dea30000 - 0x00000236dea33000 	C:\Users\shara\.openjfx\cache\17.0.2-ea\api-ms-win-core-errorhandling-l1-1-0.dll
0x00000236dea40000 - 0x00000236dea44000 	C:\Users\shara\.openjfx\cache\17.0.2-ea\api-ms-win-core-file-l1-1-0.dll
0x00000236dea50000 - 0x00000236dea53000 	C:\Users\shara\.openjfx\cache\17.0.2-ea\api-ms-win-core-file-l1-2-0.dll
0x00000236dea60000 - 0x00000236dea63000 	C:\Users\shara\.openjfx\cache\17.0.2-ea\api-ms-win-core-file-l2-1-0.dll
0x00000236dea70000 - 0x00000236dea73000 	C:\Users\shara\.openjfx\cache\17.0.2-ea\api-ms-win-core-handle-l1-1-0.dll
0x00000236dea80000 - 0x00000236dea83000 	C:\Users\shara\.openjfx\cache\17.0.2-ea\api-ms-win-core-heap-l1-1-0.dll
0x00000236dea90000 - 0x00000236dea93000 	C:\Users\shara\.openjfx\cache\17.0.2-ea\api-ms-win-core-interlocked-l1-1-0.dll
0x00000236deaa0000 - 0x00000236deaa3000 	C:\Users\shara\.openjfx\cache\17.0.2-ea\api-ms-win-core-libraryloader-l1-1-0.dll
0x00000236deab0000 - 0x00000236deab3000 	C:\Users\shara\.openjfx\cache\17.0.2-ea\api-ms-win-core-localization-l1-2-0.dll
0x00000236deac0000 - 0x00000236deac3000 	C:\Users\shara\.openjfx\cache\17.0.2-ea\api-ms-win-core-memory-l1-1-0.dll
0x00000236dead0000 - 0x00000236dead3000 	C:\Users\shara\.openjfx\cache\17.0.2-ea\api-ms-win-core-namedpipe-l1-1-0.dll
0x00000236deae0000 - 0x00000236deae3000 	C:\Users\shara\.openjfx\cache\17.0.2-ea\api-ms-win-core-processenvironment-l1-1-0.dll
0x00000236deaf0000 - 0x00000236deaf3000 	C:\Users\shara\.openjfx\cache\17.0.2-ea\api-ms-win-core-processthreads-l1-1-0.dll
0x00000236deb00000 - 0x00000236deb03000 	C:\Users\shara\.openjfx\cache\17.0.2-ea\api-ms-win-core-processthreads-l1-1-1.dll
0x00000236deb10000 - 0x00000236deb13000 	C:\Users\shara\.openjfx\cache\17.0.2-ea\api-ms-win-core-profile-l1-1-0.dll
0x00000236deb20000 - 0x00000236deb23000 	C:\Users\shara\.openjfx\cache\17.0.2-ea\api-ms-win-core-rtlsupport-l1-1-0.dll
0x00000236deb30000 - 0x00000236deb33000 	C:\Users\shara\.openjfx\cache\17.0.2-ea\api-ms-win-core-string-l1-1-0.dll
0x00000236deb40000 - 0x00000236deb43000 	C:\Users\shara\.openjfx\cache\17.0.2-ea\api-ms-win-core-synch-l1-1-0.dll
0x00000236deb50000 - 0x00000236deb53000 	C:\Users\shara\.openjfx\cache\17.0.2-ea\api-ms-win-core-synch-l1-2-0.dll
0x00000236deb60000 - 0x00000236deb63000 	C:\Users\shara\.openjfx\cache\17.0.2-ea\api-ms-win-core-sysinfo-l1-1-0.dll
0x00000236deb70000 - 0x00000236deb73000 	C:\Users\shara\.openjfx\cache\17.0.2-ea\api-ms-win-core-timezone-l1-1-0.dll
0x00000236deb80000 - 0x00000236deb83000 	C:\Users\shara\.openjfx\cache\17.0.2-ea\api-ms-win-core-util-l1-1-0.dll
0x00000236deb90000 - 0x00000236deb93000 	C:\Users\shara\.openjfx\cache\17.0.2-ea\api-ms-win-crt-conio-l1-1-0.dll
0x00000236deba0000 - 0x00000236deba4000 	C:\Users\shara\.openjfx\cache\17.0.2-ea\api-ms-win-crt-convert-l1-1-0.dll
0x00000236debb0000 - 0x00000236debb3000 	C:\Users\shara\.openjfx\cache\17.0.2-ea\api-ms-win-crt-environment-l1-1-0.dll
0x00000236debc0000 - 0x00000236debc3000 	C:\Users\shara\.openjfx\cache\17.0.2-ea\api-ms-win-crt-filesystem-l1-1-0.dll
0x00000236debd0000 - 0x00000236debd3000 	C:\Users\shara\.openjfx\cache\17.0.2-ea\api-ms-win-crt-heap-l1-1-0.dll
0x00000236debe0000 - 0x00000236debe3000 	C:\Users\shara\.openjfx\cache\17.0.2-ea\api-ms-win-crt-locale-l1-1-0.dll
0x00000236debf0000 - 0x00000236debf5000 	C:\Users\shara\.openjfx\cache\17.0.2-ea\api-ms-win-crt-math-l1-1-0.dll
0x00000236e47d0000 - 0x00000236e47d5000 	C:\Users\shara\.openjfx\cache\17.0.2-ea\api-ms-win-crt-multibyte-l1-1-0.dll
0x00000236e47e0000 - 0x00000236e47f0000 	C:\Users\shara\.openjfx\cache\17.0.2-ea\api-ms-win-crt-private-l1-1-0.dll
0x00000236e47f0000 - 0x00000236e47f3000 	C:\Users\shara\.openjfx\cache\17.0.2-ea\api-ms-win-crt-process-l1-1-0.dll
0x00000236e4800000 - 0x00000236e4804000 	C:\Users\shara\.openjfx\cache\17.0.2-ea\api-ms-win-crt-runtime-l1-1-0.dll
0x00000236e4810000 - 0x00000236e4814000 	C:\Users\shara\.openjfx\cache\17.0.2-ea\api-ms-win-crt-stdio-l1-1-0.dll
0x00000236e4820000 - 0x00000236e4824000 	C:\Users\shara\.openjfx\cache\17.0.2-ea\api-ms-win-crt-string-l1-1-0.dll
0x00000236e4830000 - 0x00000236e4833000 	C:\Users\shara\.openjfx\cache\17.0.2-ea\api-ms-win-crt-time-l1-1-0.dll
0x00000236e4840000 - 0x00000236e4843000 	C:\Users\shara\.openjfx\cache\17.0.2-ea\api-ms-win-crt-utility-l1-1-0.dll
0x00007ffbd4570000 - 0x00007ffbd466c000 	C:\Users\shara\.openjfx\cache\17.0.2-ea\ucrtbase.dll
0x00007ffbf29f0000 - 0x00007ffbf2a0a000 	C:\Users\shara\.openjfx\cache\17.0.2-ea\vcruntime140.dll
0x00007ffc08790000 - 0x00007ffc0879c000 	C:\Users\shara\.openjfx\cache\17.0.2-ea\vcruntime140_1.dll
0x00007ffbdb640000 - 0x00007ffbdb6cd000 	C:\Users\shara\.openjfx\cache\17.0.2-ea\msvcp140.dll
0x00007ffbf1e90000 - 0x00007ffbf1eba000 	C:\Users\shara\.openjfx\cache\17.0.2-ea\prism_d3d.dll
0x00007ffbef950000 - 0x00007ffbefb1d000 	C:\WINDOWS\system32\d3d9.dll
0x00007ffc15390000 - 0x00007ffc153bf000 	C:\WINDOWS\SYSTEM32\dwmapi.dll
0x00007ffc150d0000 - 0x00007ffc1516e000 	C:\WINDOWS\system32\uxtheme.dll
0x00007ffbd22c0000 - 0x00007ffbd2468000 	C:\WINDOWS\System32\DriverStore\FileRepository\iigd_dch.inf_amd64_393549dac595e659\igdumdim64.dll
0x00007ffc18f30000 - 0x00007ffc1905a000 	C:\WINDOWS\System32\ole32.dll
0x00007ffb77930000 - 0x00007ffb7b54f000 	C:\WINDOWS\System32\DriverStore\FileRepository\iigd_dch.inf_amd64_393549dac595e659\igd9dxva64.dll
0x00007ffc18480000 - 0x00007ffc1854d000 	C:\WINDOWS\System32\OLEAUT32.dll
0x00007ffc18a90000 - 0x00007ffc18ef8000 	C:\WINDOWS\System32\SETUPAPI.dll
0x00007ffc17ce0000 - 0x00007ffc17d2e000 	C:\WINDOWS\System32\cfgmgr32.dll
0x00007ffc17d30000 - 0x00007ffc17d57000 	C:\WINDOWS\System32\bcrypt.dll
0x00007ffc02c80000 - 0x00007ffc03048000 	C:\WINDOWS\System32\DriverStore\FileRepository\iigd_dch.inf_amd64_393549dac595e659\igdgmm64.dll
0x00007ffbe2ce0000 - 0x00007ffbe2d22000 	C:\Users\shara\.openjfx\cache\17.0.2-ea\glass.dll
0x00007ffc18930000 - 0x00007ffc18a0a000 	C:\WINDOWS\System32\COMDLG32.dll
0x00007ffc198f0000 - 0x00007ffc19a04000 	C:\WINDOWS\System32\MSCTF.dll
0x00007ffbaae30000 - 0x00007ffbaae57000 	C:\WINDOWS\System32\DriverStore\FileRepository\iigd_dch.inf_amd64_393549dac595e659\igdinfo64.dll
0x00007ffbff690000 - 0x00007ffc02c76000 	C:\WINDOWS\System32\DriverStore\FileRepository\iigd_dch.inf_amd64_393549dac595e659\igc64.dll
0x00007ffc040a0000 - 0x00007ffc040db000 	C:\WINDOWS\SYSTEM32\dxcore.dll
0x00007ffbf1de0000 - 0x00007ffbf1df4000 	C:\Users\shara\.openjfx\cache\17.0.2-ea\javafx_font.dll
0x00007ffbf7620000 - 0x00007ffbf789f000 	C:\WINDOWS\SYSTEM32\dwrite.dll
0x00007ffc18800000 - 0x00007ffc188a9000 	C:\WINDOWS\System32\clbcatq.dll
0x00007ffc05ab0000 - 0x00007ffc05c64000 	C:\WINDOWS\SYSTEM32\WindowsCodecs.dll
0x00007ffbe57f0000 - 0x00007ffbe582e000 	C:\WINDOWS\system32\dataexchange.dll
0x00007ffc13710000 - 0x00007ffc13973000 	C:\WINDOWS\system32\d3d11.dll
0x00007ffc14340000 - 0x00007ffc14523000 	C:\WINDOWS\system32\dcomp.dll
0x00007ffc16340000 - 0x00007ffc16433000 	C:\WINDOWS\system32\dxgi.dll
0x00007ffc0f6c0000 - 0x00007ffc0f8c0000 	C:\WINDOWS\system32\twinapi.appcore.dll
0x00007ffbe8370000 - 0x00007ffbe83a4000 	C:\Program Files\Common Files\Microsoft Shared\Ink\rtscom.dll
0x00007ffbfc6c0000 - 0x00007ffbfc7b9000 	C:\WINDOWS\SYSTEM32\textinputframework.dll
0x00007ffc14960000 - 0x00007ffc14cbe000 	C:\WINDOWS\System32\CoreUIComponents.dll
0x00007ffc14d00000 - 0x00007ffc14df2000 	C:\WINDOWS\System32\CoreMessaging.dll
0x00007ffc16c30000 - 0x00007ffc16c63000 	C:\WINDOWS\SYSTEM32\ntmarta.dll
0x00007ffc140a0000 - 0x00007ffc141f4000 	C:\WINDOWS\SYSTEM32\wintypes.dll
0x00007ffc13a80000 - 0x00007ffc14040000 	C:\WINDOWS\SYSTEM32\d2d1.dll
0x00007ffc04a00000 - 0x00007ffc050f6000 	C:\WINDOWS\SYSTEM32\D3D10Warp.dll

dbghelp: loaded successfully - version: 4.0.5 - missing functions: none
symbol engine: initialized successfully - sym options: 0x614 - pdb path: .;C:\Users\shara\.jdks\openjdk-20.0.1\bin;C:\WINDOWS\SYSTEM32;C:\WINDOWS\WinSxS\amd64_microsoft.windows.common-controls_6595b64144ccf1df_6.0.19041.1110_none_60b5254171f9507e;C:\Users\shara\.jdks\openjdk-20.0.1\bin\server;C:\Program Files\JetBrains\IntelliJ IDEA 2022.3.3\bin;C:\Users\shara\.openjfx\cache\17.0.2-ea;C:\WINDOWS\System32\DriverStore\FileRepository\iigd_dch.inf_amd64_393549dac595e659;C:\Program Files\Common Files\Microsoft Shared\Ink

VM Arguments:
jvm_args: -javaagent:C:\Program Files\JetBrains\IntelliJ IDEA 2022.3.3\lib\idea_rt.jar=59320:C:\Program Files\JetBrains\IntelliJ IDEA 2022.3.3\bin -Dfile.encoding=UTF-8 -Dsun.stdout.encoding=UTF-8 -Dsun.stderr.encoding=UTF-8 --module-path=C:\Users\shara\.m2\repository\org\openjfx\javafx-graphics\17.0.2\javafx-graphics-17.0.2-win.jar;C:\Users\shara\IdeaProjects\Demo\target\classes;C:\Users\shara\.m2\repository\org\openjfx\javafx-controls\17.0.2\javafx-controls-17.0.2-win.jar;C:\Users\shara\.m2\repository\org\openjfx\javafx-base\17.0.2\javafx-base-17.0.2-win.jar;C:\Users\shara\.m2\repository\org\openjfx\javafx-fxml\17.0.2\javafx-fxml-17.0.2-win.jar -Djdk.module.main=sample.demo 
java_command: sample.demo/sample.demo.HelloApplication
java_class_path (initial): C:\Users\shara\.m2\repository\org\openjfx\javafx-controls\17.0.2\javafx-controls-17.0.2.jar;C:\Users\shara\.m2\repository\org\openjfx\javafx-graphics\17.0.2\javafx-graphics-17.0.2.jar;C:\Users\shara\.m2\repository\org\openjfx\javafx-base\17.0.2\javafx-base-17.0.2.jar;C:\Users\shara\.m2\repository\org\openjfx\javafx-fxml\17.0.2\javafx-fxml-17.0.2.jar
Launcher Type: SUN_STANDARD

[Global flags]
     intx CICompilerCount                          = 4                                         {product} {ergonomic}
     uint ConcGCThreads                            = 2                                         {product} {ergonomic}
     uint G1ConcRefinementThreads                  = 8                                         {product} {ergonomic}
   size_t G1HeapRegionSize                         = 2097152                                   {product} {ergonomic}
    uintx GCDrainStackTargetSize                   = 64                                        {product} {ergonomic}
   size_t InitialHeapSize                          = 266338304                                 {product} {ergonomic}
   size_t MarkStackSize                            = 4194304                                   {product} {ergonomic}
   size_t MaxHeapSize                              = 4261412864                                {product} {ergonomic}
   size_t MaxNewSize                               = 2556428288                                {product} {ergonomic}
   size_t MinHeapDeltaBytes                        = 2097152                                   {product} {ergonomic}
   size_t MinHeapSize                              = 8388608                                   {product} {ergonomic}
    uintx NonNMethodCodeHeapSize                   = 5839372                                {pd product} {ergonomic}
    uintx NonProfiledCodeHeapSize                  = 122909434                              {pd product} {ergonomic}
    uintx ProfiledCodeHeapSize                     = 122909434                              {pd product} {ergonomic}
    uintx ReservedCodeCacheSize                    = 251658240                              {pd product} {ergonomic}
     bool SegmentedCodeCache                       = true                                      {product} {ergonomic}
   size_t SoftMaxHeapSize                          = 4261412864                             {manageable} {ergonomic}
     bool UseCompressedClassPointers               = true                           {product lp64_product} {ergonomic}
     bool UseCompressedOops                        = true                           {product lp64_product} {ergonomic}
     bool UseG1GC                                  = true                                      {product} {ergonomic}
     bool UseLargePagesIndividualAllocation        = false                                  {pd product} {ergonomic}

Logging:
Log output configuration:
 #0: stdout all=off uptime,level,tags foldmultilines=false
 #1: stderr all=off uptime,level,tags foldmultilines=false

Environment Variables:
PATH=C:\Users\shara\Downloads\CUserssharaDownloadsWINDOWS.X64_193000_db_home\bin;C:\Program Files\Java\jdk-11.0.2\bin;C:\WINDOWS\system32;C:\WINDOWS;C:\WINDOWS\System32\Wbem;C:\WINDOWS\System32\WindowsPowerShell\v1.0\;C:\WINDOWS\System32\OpenSSH\;C:\Program Files\Git\cmd;C:\Program Files\Git\mingw64\bin;C:\Program Files\Git\usr\bin;C:\wamp64\bin\php\php7.3.12;C:\Program Files\dotnet\;C:\Program Files\MySQL\MySQL Shell 8.0\bin\;C:\Users\shara\AppData\Local\Microsoft\WindowsApps;;C:\Program Files\JetBrains\IntelliJ IDEA Community Edition 2020.2.3\bin;;C:\Users\shara\.dotnet\tools;C:\Program Files\JetBrains\IntelliJ IDEA 2022.3.3\bin;
USERNAME=shara
OS=Windows_NT
PROCESSOR_IDENTIFIER=Intel64 Family 6 Model 142 Stepping 12, GenuineIntel
TMP=C:\Users\shara\AppData\Local\Temp
TEMP=C:\Users\shara\AppData\Local\Temp




---------------  S Y S T E M  ---------------

OS:
 Windows 10 , 64 bit Build 19041 (10.0.19041.2788)
OS uptime: 51 days 22:12 hours

CPU: total 8 (initial active 8) (4 cores per cpu, 2 threads per core) family 6 model 142 stepping 12 microcode 0xc6, cx8, cmov, fxsr, ht, mmx, 3dnowpref, sse, sse2, sse3, ssse3, sse4.1, sse4.2, popcnt, lzcnt, tsc, tscinvbit, avx, avx2, aes, erms, clmul, bmi1, bmi2, adx, fma, vzeroupper, clflush, clflushopt, rdtscp, f16c

Memory: 4k page, system-wide physical 16254M (4871M free)
TotalPageFile size 32109M (AvailPageFile size 5518M)
current process WorkingSet (physical memory assigned to process): 187M, peak: 220M
current process commit charge ("private bytes"): 427M, peak: 460M

vm_info: OpenJDK 64-Bit Server VM (20.0.1+9-29) for windows-amd64 JRE (20.0.1+9-29), built on 2023-03-07T13:56:11Z by "mach5one" with MS VC++ 17.1 (VS2022)

END.
