#
# A fatal error has been detected by the Java Runtime Environment:
#
#  EXCEPTION_ACCESS_VIOLATION (0xc0000005) at pc=0x00007ffbe56e6ab7, pid=32968, tid=19288
#
# JRE version: OpenJDK Runtime Environment (20.0.1+9) (build 20.0.1+9-29)
# Java VM: OpenJDK 64-Bit Server VM (20.0.1+9-29, mixed mode, sharing, tiered, compressed oops, compressed class ptrs, g1 gc, windows-amd64)
# Problematic frame:
# C  [glass.dll+0x26ab7]
#
# No core dump will be written. Minidumps are not enabled by default on client versions of Windows
#
# If you would like to submit a bug report, please visit:
#   https://bugreport.java.com/bugreport/crash.jsp
#

---------------  S U M M A R Y ------------

Command Line: -javaagent:C:\Program Files\JetBrains\IntelliJ IDEA 2022.3.3\lib\idea_rt.jar=58905:C:\Program Files\JetBrains\IntelliJ IDEA 2022.3.3\bin -Dfile.encoding=UTF-8 -Dsun.stdout.encoding=UTF-8 -Dsun.stderr.encoding=UTF-8 --module-path=C:\Users\shara\.m2\repository\org\openjfx\javafx-controls\17.0.2\javafx-controls-17.0.2-win.jar;C:\Users\shara\.m2\repository\org\openjfx\javafx-fxml\17.0.2\javafx-fxml-17.0.2-win.jar;C:\Users\shara\IdeaProjects\Demo\target\classes;C:\Users\shara\.m2\repository\org\openjfx\javafx-graphics\17.0.2\javafx-graphics-17.0.2-win.jar;C:\Users\shara\.m2\repository\org\openjfx\javafx-base\17.0.2\javafx-base-17.0.2-win.jar -Djdk.module.main=sample.demo sample.demo/sample.demo.HelloApplication

Host: Intel(R) Core(TM) i7-8565U CPU @ 1.80GHz, 8 cores, 15G,  Windows 10 , 64 bit Build 19041 (10.0.19041.2788)
Time: Mon Jun 12 11:16:03 2023 Russia TZ 2 Standard Time elapsed time: 790.927030 seconds (0d 0h 13m 10s)

---------------  T H R E A D  ---------------

Current thread (0x00000139e6858340):  VMThread "VM Thread" [stack: 0x0000001d51400000,0x0000001d51500000] [id=19288]

Stack: [0x0000001d51400000,0x0000001d51500000],  sp=0x0000001d514fee90,  free space=1019k
Native frames: (J=compiled Java code, j=interpreted, Vv=VM code, C=native code)
C  [glass.dll+0x26ab7]


siginfo: EXCEPTION_ACCESS_VIOLATION (0xc0000005), reading address 0x0000000000000000


Registers:
RAX=0x0000000000000000, RBX=0x00000139e6860ef8, RCX=0x00000139e6858340, RDX=0x0000001d514fee90
RSP=0x0000001d514fee90, RBP=0x00000139eb720668, RSI=0x00000139eb720640, RDI=0x0000509461b93de9
R8 =0x0000000000010002, R9 =0x0000509461b93de9, R10=0x0000000000008000, R11=0x0000001d514fee20
R12=0x00007ffbe56e4384, R13=0x00007ffbbd1bea90, R14=0x0000001d514fef88, R15=0x00000139eb720640
RIP=0x00007ffbe56e6ab7, EFLAGS=0x0000000000010206


Register to memory mapping:

RIP=0x00007ffbe56e6ab7 glass.dll
RAX=0x0 is NULL
RBX=0x00000139e6860ef8 is a global jni handle
RCX=0x00000139e6858340 points into unknown readable memory: 0x00007ffbbcfe7080 | 80 70 fe bc fb 7f 00 00
RDX=0x0000001d514fee90 points into unknown readable memory: 0x0000000000000000 | 00 00 00 00 00 00 00 00
RSP=0x0000001d514fee90 points into unknown readable memory: 0x0000000000000000 | 00 00 00 00 00 00 00 00
RBP=0x00000139eb720668 points into unknown readable memory: 0x0000509461b93de9 | e9 3d b9 61 94 50 00 00
RSI=0x00000139eb720640 points into unknown readable memory: 0xdc7d68946146ca23 | 23 ca 46 61 94 68 7d dc
RDI=0x0000509461b93de9 is an unknown value
R8 =0x0000000000010002 is an unknown value
R9 =0x0000509461b93de9 is an unknown value
R10=0x0000000000008000 is an unknown value
R11=0x0000001d514fee20 points into unknown readable memory: 0x00000139eb720640 | 40 06 72 eb 39 01 00 00
R12=0x00007ffbe56e4384 glass.dll
R13=0x00007ffbbd1bea90 jvm.dll
R14=0x0000001d514fef88 points into unknown readable memory: 0x0000001d514fef70 | 70 ef 4f 51 1d 00 00 00
R15=0x00000139eb720640 points into unknown readable memory: 0xdc7d68946146ca23 | 23 ca 46 61 94 68 7d dc


Top of Stack: (sp=0x0000001d514fee90)
0x0000001d514fee90:   0000000000000000 00000139eb720640
0x0000001d514feea0:   00007ffbbd1bea90 00007ffbe56e4384
0x0000001d514feeb0:   00000139eb720648 00007ffc182b42d6
0x0000001d514feec0:   0000509461b93de9 0000013900000000
0x0000001d514feed0:   00000139eb720668 00000139eb720640
0x0000001d514feee0:   fffffffffffffffe 0000000000000000
0x0000001d514feef0:   0000000000000001 00007ffbe56c0000
0x0000001d514fef00:   0000001d514fef78 00007ffc182b41fb
0x0000001d514fef10:   0000000000000000 0000001d514fef88
0x0000001d514fef20:   0000001d514ff250 00007ffc18390e40
0x0000001d514fef30:   0000000000000001 00007ffc182b41b4
0x0000001d514fef40:   0000000000000000 0000000000000001
0x0000001d514fef50:   00007ffb00000001 0000001d514fef78
0x0000001d514fef60:   0000000000000000 00007ffbe56e4211
0x0000001d514fef70:   00007ffbe56fa138 00007ffc00000002
0x0000001d514fef80:   0000000000000002 0000001d514fef70
0x0000001d514fef90:   0000000000000000 00007ffc1a389993
0x0000001d514fefa0:   0000000000000000 00007ffbe56e4336
0x0000001d514fefb0:   0000000000000001 0000000000000000
0x0000001d514fefc0:   0000000000000000 0000000000000001
0x0000001d514fefd0:   0000000000000000 0000000000000000
0x0000001d514fefe0:   0000000000000001 0000763d8d853c69
0x0000001d514feff0:   00007ffbe56c0000 000000007ffe0384
0x0000001d514ff000:   0000000000000000 00007ffc1a389a1d
0x0000001d514ff010:   00007ffbe56c0000 0000000000000000
0x0000001d514ff020:   0000000000000001 000000007ffe0385
0x0000001d514ff030:   0000000002360fb8 0000001d514ff250
0x0000001d514ff040:   0000763d00000000 0000000000000014
0x0000001d514ff050:   0000000000000000 00007ffbe56e4384
0x0000001d514ff060:   00000000000003d8 00000139eb504d50
0x0000001d514ff070:   00000139e684a400 00007ffc1a3cdcec
0x0000001d514ff080:   00000139eb5036a0 00007ffbe56c0000 

Instructions: (pc=0x00007ffbe56e6ab7)
0x00007ffbe56e69b7:   8b 4d 58 e8 01 cf ff ff 48 8b 4d 60 e8 f8 ce ff
0x00007ffbe56e69c7:   ff 48 8b 95 80 00 00 00 48 8b 8d 18 01 00 00 e8
0x00007ffbe56e69d7:   c6 c3 ff ff 33 d2 33 c9 e8 3c e1 ff ff 90 48 89
0x00007ffbe56e69e7:   54 24 10 55 48 83 ec 20 48 8b ea 48 b8 00 00 00
0x00007ffbe56e69f7:   00 00 00 00 00 48 83 c4 20 5d c3 cc 40 55 48 8b
0x00007ffbe56e6a07:   ea 48 8b 01 33 c9 81 38 05 00 00 c0 0f 94 c1 8b
0x00007ffbe56e6a17:   c1 5d c3 cc 40 55 48 83 ec 20 48 8b ea 8a 4d 40
0x00007ffbe56e6a27:   48 83 c4 20 5d e9 f7 d2 ff ff cc 40 55 48 83 ec
0x00007ffbe56e6a37:   20 48 8b ea 8a 4d 20 e8 e5 d2 ff ff 90 48 83 c4
0x00007ffbe56e6a47:   20 5d c3 cc 40 55 48 83 ec 20 48 8b ea 48 83 c4
0x00007ffbe56e6a57:   20 5d e9 46 d1 ff ff cc 40 55 48 83 ec 30 48 8b
0x00007ffbe56e6a67:   ea 48 8b 01 8b 10 48 89 4c 24 28 89 54 24 20 4c
0x00007ffbe56e6a77:   8d 0d e7 d5 ff ff 4c 8b 45 70 8b 55 68 48 8b 4d
0x00007ffbe56e6a87:   60 e8 87 d0 ff ff 90 48 83 c4 30 5d c3 cc cc cc
0x00007ffbe56e6a97:   cc cc cc cc cc cc cc cc cc 40 53 48 83 ec 20 48
0x00007ffbe56e6aa7:   8b 1d 83 30 01 00 48 85 db 74 16 e8 09 8b ff ff
0x00007ffbe56e6ab7:   4c 8b 00 48 8b d3 48 8b c8 41 ff 90 b0 00 00 00
0x00007ffbe56e6ac7:   90 48 83 c4 20 5b c3 cc cc 40 53 48 83 ec 20 48
0x00007ffbe56e6ad7:   8b 1d fb 31 01 00 48 85 db 74 57 b8 ff ff ff ff
0x00007ffbe56e6ae7:   f0 0f c1 43 10 83 f8 01 75 3d 48 85 db 74 38 48
0x00007ffbe56e6af7:   8b 0b 48 85 c9 74 0d ff 15 a4 07 00 00 48 c7 03
0x00007ffbe56e6b07:   00 00 00 00 48 8b 4b 08 48 85 c9 74 0d e8 a7 cd
0x00007ffbe56e6b17:   ff ff 48 c7 43 08 00 00 00 00 ba 18 00 00 00 48
0x00007ffbe56e6b27:   8b cb e8 92 cd ff ff 48 c7 05 9f 31 01 00 00 00
0x00007ffbe56e6b37:   00 00 48 83 c4 20 5b c3 cc 40 53 48 83 ec 20 48
0x00007ffbe56e6b47:   8b 1d 6b 31 01 00 48 85 db 74 57 b8 ff ff ff ff
0x00007ffbe56e6b57:   f0 0f c1 43 10 83 f8 01 75 3d 48 85 db 74 38 48
0x00007ffbe56e6b67:   8b 0b 48 85 c9 74 0d ff 15 34 07 00 00 48 c7 03
0x00007ffbe56e6b77:   00 00 00 00 48 8b 4b 08 48 85 c9 74 0d e8 37 cd
0x00007ffbe56e6b87:   ff ff 48 c7 43 08 00 00 00 00 ba 18 00 00 00 48
0x00007ffbe56e6b97:   8b cb e8 22 cd ff ff 48 c7 05 0f 31 01 00 00 00
0x00007ffbe56e6ba7:   00 00 48 83 c4 20 5b c3 cc 40 53 48 83 ec 20 48 


Stack slot to memory mapping:
stack at sp + 0 slots: 0x0 is NULL
stack at sp + 1 slots: 0x00000139eb720640 points into unknown readable memory: 0xdc7d68946146ca23 | 23 ca 46 61 94 68 7d dc
stack at sp + 2 slots: 0x00007ffbbd1bea90 jvm.dll
stack at sp + 3 slots: 0x00007ffbe56e4384 glass.dll
stack at sp + 4 slots: 0x00000139eb720648 points into unknown readable memory: 0x0000509461b93de9 | e9 3d b9 61 94 50 00 00
stack at sp + 5 slots: 0x00007ffc182b42d6 ucrtbase.dll
stack at sp + 6 slots: 0x0000509461b93de9 is an unknown value
stack at sp + 7 slots: 0x0000013900000000 is an unknown value

VM_Operation (0x0000001d527ff3f0): Exit, mode: safepoint, requested by thread 0x00000139ec485cb0


---------------  P R O C E S S  ---------------

Threads class SMR info:
_java_thread_list=0x00000139ebd77900, length=20, elements={
0x00000139c72fbd60, 0x00000139e6874490, 0x00000139e6875290, 0x00000139e6877f50,
0x00000139e687ef20, 0x00000139e687e9d0, 0x00000139e6887a30, 0x00000139e6884d60,
0x00000139e687df30, 0x00000139e687cf40, 0x00000139e687e480, 0x00000139e687bf50,
0x00000139e687c4a0, 0x00000139e687d9e0, 0x00000139e687c9f0, 0x00000139e687ba00,
0x00000139ec482790, 0x00000139ec483230, 0x00000139ec488730, 0x00000139ec485cb0
}

Java Threads: ( => current thread )
  0x00000139c72fbd60 JavaThread "main" [_thread_blocked, id=35508, stack(0x0000001d50e00000,0x0000001d50f00000)]
  0x00000139e6874490 JavaThread "Reference Handler" daemon [_thread_blocked, id=17176, stack(0x0000001d51500000,0x0000001d51600000)]
  0x00000139e6875290 JavaThread "Finalizer" daemon [_thread_blocked, id=33052, stack(0x0000001d51600000,0x0000001d51700000)]
  0x00000139e6877f50 JavaThread "Attach Listener" daemon [_thread_blocked, id=35328, stack(0x0000001d51800000,0x0000001d51900000)]
  0x00000139e687ef20 JavaThread "Service Thread" daemon [_thread_blocked, id=35580, stack(0x0000001d51900000,0x0000001d51a00000)]
  0x00000139e687e9d0 JavaThread "Monitor Deflation Thread" daemon [_thread_blocked, id=14340, stack(0x0000001d51a00000,0x0000001d51b00000)]
  0x00000139e6887a30 JavaThread "C2 CompilerThread0" daemon [_thread_blocked, id=32232, stack(0x0000001d51b00000,0x0000001d51c00000)]
  0x00000139e6884d60 JavaThread "C1 CompilerThread0" daemon [_thread_blocked, id=33500, stack(0x0000001d51c00000,0x0000001d51d00000)]
  0x00000139e687df30 JavaThread "Common-Cleaner" daemon [_thread_blocked, id=32112, stack(0x0000001d51d00000,0x0000001d51e00000)]
  0x00000139e687cf40 JavaThread "Monitor Ctrl-Break" daemon [_thread_in_native, id=22932, stack(0x0000001d52000000,0x0000001d52100000)]
  0x00000139e687e480 JavaThread "Notification Thread" daemon [_thread_blocked, id=33100, stack(0x0000001d52100000,0x0000001d52200000)]
  0x00000139e687bf50 JavaThread "QuantumRenderer-0" daemon [_thread_blocked, id=9032, stack(0x0000001d52300000,0x0000001d52400000)]
  0x00000139e687c4a0 JavaThread "InvokeLaterDispatcher" daemon [_thread_blocked, id=29804, stack(0x0000001d52400000,0x0000001d52500000)]
  0x00000139e687d9e0 JavaThread "JavaFX Application Thread" [_thread_in_native, id=7892, stack(0x0000001d52500000,0x0000001d52600000)]
  0x00000139e687c9f0 JavaThread "Thread-1" daemon [_thread_in_native, id=25780, stack(0x0000001d52900000,0x0000001d52a00000)]
  0x00000139e687ba00 JavaThread "JavaFX-Launcher" [_thread_blocked, id=24224, stack(0x0000001d52a00000,0x0000001d52b00000)]
  0x00000139ec482790 JavaThread "Prism Font Disposer" daemon [_thread_blocked, id=3372, stack(0x0000001d53300000,0x0000001d53400000)]
  0x00000139ec483230 JavaThread "Cleaner-0" daemon [_thread_blocked, id=25916, stack(0x0000001d53400000,0x0000001d53500000)]
  0x00000139ec488730 JavaThread "mysql-cj-abandoned-connection-cleanup" daemon [_thread_blocked, id=33060, stack(0x0000001d51e00000,0x0000001d51f00000)]
  0x00000139ec485cb0 JavaThread "SIGINT handler" daemon [_thread_blocked, id=34628, stack(0x0000001d52700000,0x0000001d52800000)]

Other Threads:
=>0x00000139e6858340 VMThread "VM Thread" [stack: 0x0000001d51400000,0x0000001d51500000] [id=19288]
  0x00000139c7369f20 WorkerThread "GC Thread#0" [stack: 0x0000001d50f00000,0x0000001d51000000] [id=33128]
  0x00000139eba4be60 WorkerThread "GC Thread#1" [stack: 0x0000001d52b00000,0x0000001d52c00000] [id=6368]
  0x00000139e68afcd0 WorkerThread "GC Thread#2" [stack: 0x0000001d52c00000,0x0000001d52d00000] [id=35320]
  0x00000139eba23670 WorkerThread "GC Thread#3" [stack: 0x0000001d52d00000,0x0000001d52e00000] [id=35296]
  0x00000139eb9fdd20 WorkerThread "GC Thread#4" [stack: 0x0000001d52e00000,0x0000001d52f00000] [id=35520]
  0x00000139eb9fda50 WorkerThread "GC Thread#5" [stack: 0x0000001d52f00000,0x0000001d53000000] [id=35024]
  0x00000139eb9fee00 WorkerThread "GC Thread#6" [stack: 0x0000001d53800000,0x0000001d53900000] [id=35828]
  0x00000139eb9fe860 WorkerThread "GC Thread#7" [stack: 0x0000001d53900000,0x0000001d53a00000] [id=30500]
  0x00000139c737add0 ConcurrentGCThread "G1 Main Marker" terminated
  0x00000139c737cfb0 WorkerThread "G1 Conc#0" [stack: 0x0000001d51100000,0x0000001d51200000] [id=18980]
  0x00000139eb9fe2c0 WorkerThread "G1 Conc#1" [stack: 0x0000001d53b00000,0x0000001d53c00000] [id=14804]
  0x00000139e6711140 ConcurrentGCThread "G1 Refine#0" terminated
  0x00000139e6711890 ConcurrentGCThread "G1 Service" terminated

Threads with active compile tasks:

VM state: at safepoint (shutting down)

VM Mutex/Monitor currently owned by a thread:  ([mutex/lock_event])
[0x00000139c72f6840] Threads_lock - owner thread: 0x00000139e6858340
[0x00000139c72fa110] Heap_lock - owner thread: 0x00000139ec485cb0

Heap address: 0x0000000702000000, size: 4064 MB, Compressed Oops mode: Zero based, Oop shift amount: 3

CDS archive(s) mapped at: [0x0000000800000000-0x0000000800c60000-0x0000000800c60000), size 12976128, SharedBaseAddress: 0x0000000800000000, ArchiveRelocationMode: 0.
Compressed class space mapped at: 0x0000000801000000-0x0000000841000000, reserved size: 1073741824
Narrow klass base: 0x0000000800000000, Narrow klass shift: 0, Narrow klass range: 0x100000000

GC Precious Log:
 CardTable entry size: 512
 Card Set container configuration: InlinePtr #cards 4 size 8 Array Of Cards #cards 16 size 48 Howl #buckets 8 coarsen threshold 3686 Howl Bitmap #cards 512 size 80 coarsen threshold 460 Card regions per heap region 1 cards per card region 4096
 CPUs: 8 total, 8 available
 Memory: 16254M
 Large Page Support: Disabled
 NUMA Support: Disabled
 Compressed Oops: Enabled (Zero based)
 Heap Region Size: 2M
 Heap Min Capacity: 8M
 Heap Initial Capacity: 254M
 Heap Max Capacity: 4064M
 Pre-touch: Disabled
 Parallel Workers: 8
 Concurrent Workers: 2
 Concurrent Refinement Workers: 8
 Periodic GC: Disabled

Heap:
 garbage-first heap   total 55296K, used 29188K [0x0000000702000000, 0x0000000800000000)
  region size 2048K, 14 young (28672K), 5 survivors (10240K)
 Metaspace       used 25058K, committed 25408K, reserved 1114112K
  class space    used 3299K, committed 3456K, reserved 1048576K

Heap Regions: E=young(eden), S=young(survivor), O=old, HS=humongous(starts), HC=humongous(continues), CS=collection set, F=free, OA=open archive, CA=closed archive, TAMS=top-at-mark-start, PB=parsable bottom
|   0|0x0000000702000000, 0x0000000702200000, 0x0000000702200000|100%|HS|  |TAMS 0x0000000702000000| PB 0x0000000702000000| Complete 
|   1|0x0000000702200000, 0x00000007023c1200, 0x0000000702400000| 87%| O|  |TAMS 0x0000000702200000| PB 0x0000000702200000| Complete 
|   2|0x0000000702400000, 0x0000000702400000, 0x0000000702600000|  0%| F|  |TAMS 0x0000000702400000| PB 0x0000000702400000| Untracked 
|   3|0x0000000702600000, 0x0000000702600000, 0x0000000702800000|  0%| F|  |TAMS 0x0000000702600000| PB 0x0000000702600000| Untracked 
|   4|0x0000000702800000, 0x0000000702800000, 0x0000000702a00000|  0%| F|  |TAMS 0x0000000702800000| PB 0x0000000702800000| Untracked 
|   5|0x0000000702a00000, 0x0000000702a00000, 0x0000000702c00000|  0%| F|  |TAMS 0x0000000702a00000| PB 0x0000000702a00000| Untracked 
|   6|0x0000000702c00000, 0x0000000702c00000, 0x0000000702e00000|  0%| F|  |TAMS 0x0000000702c00000| PB 0x0000000702c00000| Untracked 
|   7|0x0000000702e00000, 0x0000000702e00000, 0x0000000703000000|  0%| F|  |TAMS 0x0000000702e00000| PB 0x0000000702e00000| Untracked 
|   8|0x0000000703000000, 0x0000000703000000, 0x0000000703200000|  0%| F|  |TAMS 0x0000000703000000| PB 0x0000000703000000| Untracked 
|   9|0x0000000703200000, 0x0000000703200000, 0x0000000703400000|  0%| F|  |TAMS 0x0000000703200000| PB 0x0000000703200000| Untracked 
|  10|0x0000000703400000, 0x0000000703400000, 0x0000000703600000|  0%| F|  |TAMS 0x0000000703400000| PB 0x0000000703400000| Untracked 
|  11|0x0000000703600000, 0x0000000703600000, 0x0000000703800000|  0%| F|  |TAMS 0x0000000703600000| PB 0x0000000703600000| Untracked 
|  12|0x0000000703800000, 0x0000000703800000, 0x0000000703a00000|  0%| F|  |TAMS 0x0000000703800000| PB 0x0000000703800000| Untracked 
|  13|0x0000000703a00000, 0x0000000703b30cb0, 0x0000000703c00000| 59%| E|  |TAMS 0x0000000703a00000| PB 0x0000000703a00000| Complete 
|  14|0x0000000703c00000, 0x0000000703e00000, 0x0000000703e00000|100%| E|CS|TAMS 0x0000000703c00000| PB 0x0000000703c00000| Complete 
|  15|0x0000000703e00000, 0x0000000704000000, 0x0000000704000000|100%| E|CS|TAMS 0x0000000703e00000| PB 0x0000000703e00000| Complete 
|  16|0x0000000704000000, 0x0000000704200000, 0x0000000704200000|100%| E|CS|TAMS 0x0000000704000000| PB 0x0000000704000000| Complete 
|  17|0x0000000704200000, 0x0000000704400000, 0x0000000704400000|100%| E|CS|TAMS 0x0000000704200000| PB 0x0000000704200000| Complete 
|  18|0x0000000704400000, 0x0000000704600000, 0x0000000704600000|100%| E|CS|TAMS 0x0000000704400000| PB 0x0000000704400000| Complete 
|  19|0x0000000704600000, 0x0000000704800000, 0x0000000704800000|100%| E|CS|TAMS 0x0000000704600000| PB 0x0000000704600000| Complete 
|  20|0x0000000704800000, 0x0000000704a00000, 0x0000000704a00000|100%| E|CS|TAMS 0x0000000704800000| PB 0x0000000704800000| Complete 
| 117|0x0000000710a00000, 0x0000000710ac00f0, 0x0000000710c00000| 37%| S|CS|TAMS 0x0000000710a00000| PB 0x0000000710a00000| Complete 
| 118|0x0000000710c00000, 0x0000000710e00000, 0x0000000710e00000|100%| S|CS|TAMS 0x0000000710c00000| PB 0x0000000710c00000| Complete 
| 119|0x0000000710e00000, 0x0000000711000000, 0x0000000711000000|100%| S|CS|TAMS 0x0000000710e00000| PB 0x0000000710e00000| Complete 
| 120|0x0000000711000000, 0x0000000711200000, 0x0000000711200000|100%| S|CS|TAMS 0x0000000711000000| PB 0x0000000711000000| Complete 
| 121|0x0000000711200000, 0x0000000711400000, 0x0000000711400000|100%| S|CS|TAMS 0x0000000711200000| PB 0x0000000711200000| Complete 
| 126|0x0000000711c00000, 0x0000000711e00000, 0x0000000711e00000|100%| E|CS|TAMS 0x0000000711c00000| PB 0x0000000711c00000| Complete 

Card table byte_map: [0x00000139deee0000,0x00000139df6d0000] _byte_map_base: 0x00000139db6d0000

Marking Bits: (CMBitMap*) 0x00000139c736a550
 Bits: [0x00000139dfec0000, 0x00000139e3e40000)

Polling page: 0x00000139c5490000

Metaspace:

Usage:
  Non-class:     21.25 MB used.
      Class:      3.22 MB used.
       Both:     24.47 MB used.

Virtual space:
  Non-class space:       64.00 MB reserved,      21.44 MB ( 33%) committed,  1 nodes.
      Class space:        1.00 GB reserved,       3.38 MB ( <1%) committed,  1 nodes.
             Both:        1.06 GB reserved,      24.81 MB (  2%) committed. 

Chunk freelists:
   Non-Class:  2.31 MB
       Class:  645.00 KB
        Both:  2.94 MB

MaxMetaspaceSize: unlimited
CompressedClassSpaceSize: 1.00 GB
Initial GC threshold: 21.00 MB
Current GC threshold: 35.31 MB
CDS: on
MetaspaceReclaimPolicy: balanced
 - commit_granule_bytes: 65536.
 - commit_granule_words: 8192.
 - virtual_space_node_default_size: 8388608.
 - enlarge_chunks_in_place: 1.
 - new_chunks_are_fully_committed: 0.
 - uncommit_free_chunks: 1.
 - use_allocation_guard: 0.


Internal statistics:

num_allocs_failed_limit: 3.
num_arena_births: 432.
num_arena_deaths: 0.
num_vsnodes_births: 2.
num_vsnodes_deaths: 0.
num_space_committed: 397.
num_space_uncommitted: 0.
num_chunks_returned_to_freelist: 3.
num_chunks_taken_from_freelist: 1153.
num_chunk_merges: 0.
num_chunk_splits: 771.
num_chunks_enlarged: 559.
num_inconsistent_stats: 0.

CodeHeap 'non-profiled nmethods': size=120000Kb used=1781Kb max_used=1781Kb free=118218Kb
 bounds [0x00000139d6e90000, 0x00000139d7100000, 0x00000139de3c0000]
CodeHeap 'profiled nmethods': size=120000Kb used=7063Kb max_used=7063Kb free=112936Kb
 bounds [0x00000139cf3c0000, 0x00000139cfab0000, 0x00000139d68f0000]
CodeHeap 'non-nmethods': size=5760Kb used=1973Kb max_used=2008Kb free=3786Kb
 bounds [0x00000139d68f0000, 0x00000139d6b60000, 0x00000139d6e90000]
 total_blobs=4688 nmethods=3781 adapters=817
 compilation: enabled
              stopped_count=0, restarted_count=0
 full_count=0

Compilation events (20 events):
Event: 374.080 Thread 0x00000139e6884d60 3773   !   3       jdk.internal.loader.BuiltinClassLoader::findResource (154 bytes)
Event: 374.081 Thread 0x00000139e6884d60 nmethod 3773 0x00000139cfa9de90 code [0x00000139cfa9e200, 0x00000139cfa9f680]
Event: 374.081 Thread 0x00000139e6884d60 3774       3       jdk.internal.loader.BuiltinClassLoader::findResourceOnClassPath (41 bytes)
Event: 374.082 Thread 0x00000139e6884d60 nmethod 3774 0x00000139cfa9fe90 code [0x00000139cfaa0060, 0x00000139cfaa0460]
Event: 414.090 Thread 0x00000139e6884d60 3775   !   3       java.util.concurrent.locks.AbstractQueuedSynchronizer::acquire (424 bytes)
Event: 414.092 Thread 0x00000139e6884d60 nmethod 3775 0x00000139cfaa0590 code [0x00000139cfaa0920, 0x00000139cfaa2388]
Event: 589.140 Thread 0x00000139e6884d60 3776       3       java.lang.ClassLoader::getResource (41 bytes)
Event: 589.141 Thread 0x00000139e6884d60 nmethod 3776 0x00000139cfaa2b90 code [0x00000139cfaa2d80, 0x00000139cfaa3378]
Event: 649.156 Thread 0x00000139e6884d60 3777       3       jdk.internal.misc.Unsafe::putIntOpaque (9 bytes)
Event: 649.156 Thread 0x00000139e6884d60 nmethod 3777 0x00000139cfaa3590 code [0x00000139cfaa3720, 0x00000139cfaa3838]
Event: 684.167 Thread 0x00000139e6884d60 3779   !   3       java.util.concurrent.locks.LockSupport::parkNanos (56 bytes)
Event: 684.167 Thread 0x00000139e6884d60 nmethod 3779 0x00000139cfaa3910 code [0x00000139cfaa3ae0, 0x00000139cfaa3f10]
Event: 764.186 Thread 0x00000139e6884d60 3780   !   3       java.util.concurrent.locks.AbstractQueuedSynchronizer$ConditionObject::newConditionNode (78 bytes)
Event: 764.187 Thread 0x00000139e6884d60 nmethod 3780 0x00000139cfaa4110 code [0x00000139cfaa4340, 0x00000139cfaa4b38]
Event: 764.187 Thread 0x00000139e6884d60 3781       3       java.util.concurrent.locks.AbstractQueuedSynchronizer$ConditionNode::<init> (5 bytes)
Event: 764.187 Thread 0x00000139e6884d60 nmethod 3781 0x00000139cfaa4e10 code [0x00000139cfaa4fa0, 0x00000139cfaa5168]
Event: 764.187 Thread 0x00000139e6884d60 3782       3       java.util.concurrent.locks.AbstractQueuedSynchronizer$ConditionObject::enableWait (84 bytes)
Event: 764.188 Thread 0x00000139e6884d60 nmethod 3782 0x00000139cfaa5210 code [0x00000139cfaa5420, 0x00000139cfaa5b98]
Event: 790.572 Thread 0x00000139e6884d60 3783       1       java.util.logging.LogManager$LoggerContext::getOwner (5 bytes)
Event: 790.572 Thread 0x00000139e6884d60 nmethod 3783 0x00000139d704d290 code [0x00000139d704d400, 0x00000139d704d4d0]

GC Heap History (6 events):
Event: 0.640 GC heap before
{Heap before GC invocations=0 (full 0):
 garbage-first heap   total 260096K, used 20480K [0x0000000702000000, 0x0000000800000000)
  region size 2048K, 11 young (22528K), 0 survivors (0K)
 Metaspace       used 5118K, committed 5376K, reserved 1114112K
  class space    used 594K, committed 704K, reserved 1048576K
}
Event: 0.643 GC heap after
{Heap after GC invocations=1 (full 0):
 garbage-first heap   total 260096K, used 2943K [0x0000000702000000, 0x0000000800000000)
  region size 2048K, 2 young (4096K), 2 survivors (4096K)
 Metaspace       used 5118K, committed 5376K, reserved 1114112K
  class space    used 594K, committed 704K, reserved 1048576K
}
Event: 3.987 GC heap before
{Heap before GC invocations=1 (full 0):
 garbage-first heap   total 260096K, used 39807K [0x0000000702000000, 0x0000000800000000)
  region size 2048K, 20 young (40960K), 2 survivors (4096K)
 Metaspace       used 15416K, committed 15744K, reserved 1114112K
  class space    used 2123K, committed 2240K, reserved 1048576K
}
Event: 3.994 GC heap after
{Heap after GC invocations=2 (full 0):
 garbage-first heap   total 260096K, used 9988K [0x0000000702000000, 0x0000000800000000)
  region size 2048K, 3 young (6144K), 3 survivors (6144K)
 Metaspace       used 15416K, committed 15744K, reserved 1114112K
  class space    used 2123K, committed 2240K, reserved 1048576K
}
Event: 4.298 GC heap before
{Heap before GC invocations=2 (full 0):
 garbage-first heap   total 260096K, used 16132K [0x0000000702000000, 0x0000000800000000)
  region size 2048K, 8 young (16384K), 3 survivors (6144K)
 Metaspace       used 21147K, committed 21504K, reserved 1114112K
  class space    used 2774K, committed 2944K, reserved 1048576K
}
Event: 4.304 GC heap after
{Heap after GC invocations=3 (full 0):
 garbage-first heap   total 260096K, used 12804K [0x0000000702000000, 0x0000000800000000)
  region size 2048K, 5 young (10240K), 5 survivors (10240K)
 Metaspace       used 21147K, committed 21504K, reserved 1114112K
  class space    used 2774K, committed 2944K, reserved 1048576K
}

Dll operation events (20 events):
Event: 0.398 Loaded shared library C:\Users\shara\.openjfx\cache\17.0.2-ea\api-ms-win-crt-heap-l1-1-0.dll
Event: 0.401 Loaded shared library C:\Users\shara\.openjfx\cache\17.0.2-ea\api-ms-win-crt-locale-l1-1-0.dll
Event: 0.403 Loaded shared library C:\Users\shara\.openjfx\cache\17.0.2-ea\api-ms-win-crt-math-l1-1-0.dll
Event: 0.406 Loaded shared library C:\Users\shara\.openjfx\cache\17.0.2-ea\api-ms-win-crt-multibyte-l1-1-0.dll
Event: 0.410 Loaded shared library C:\Users\shara\.openjfx\cache\17.0.2-ea\api-ms-win-crt-private-l1-1-0.dll
Event: 0.412 Loaded shared library C:\Users\shara\.openjfx\cache\17.0.2-ea\api-ms-win-crt-process-l1-1-0.dll
Event: 0.415 Loaded shared library C:\Users\shara\.openjfx\cache\17.0.2-ea\api-ms-win-crt-runtime-l1-1-0.dll
Event: 0.419 Loaded shared library C:\Users\shara\.openjfx\cache\17.0.2-ea\api-ms-win-crt-stdio-l1-1-0.dll
Event: 0.422 Loaded shared library C:\Users\shara\.openjfx\cache\17.0.2-ea\api-ms-win-crt-string-l1-1-0.dll
Event: 0.425 Loaded shared library C:\Users\shara\.openjfx\cache\17.0.2-ea\api-ms-win-crt-time-l1-1-0.dll
Event: 0.428 Loaded shared library C:\Users\shara\.openjfx\cache\17.0.2-ea\api-ms-win-crt-utility-l1-1-0.dll
Event: 0.442 Loaded shared library C:\Users\shara\.openjfx\cache\17.0.2-ea\ucrtbase.dll
Event: 0.446 Loaded shared library C:\Users\shara\.openjfx\cache\17.0.2-ea\vcruntime140.dll
Event: 0.450 Loaded shared library C:\Users\shara\.openjfx\cache\17.0.2-ea\vcruntime140_1.dll
Event: 0.459 Loaded shared library C:\Users\shara\.openjfx\cache\17.0.2-ea\msvcp140.dll
Event: 0.493 Loaded shared library C:\Users\shara\.openjfx\cache\17.0.2-ea\prism_d3d.dll
Event: 0.527 Loaded shared library C:\Users\shara\.openjfx\cache\17.0.2-ea\glass.dll
Event: 0.634 Loaded shared library C:\Users\shara\.jdks\openjdk-20.0.1\bin\jimage.dll
Event: 0.770 Loaded shared library C:\Users\shara\.openjfx\cache\17.0.2-ea\javafx_font.dll
Event: 4.161 Loaded shared library C:\Users\shara\.jdks\openjdk-20.0.1\bin\sunmscapi.dll

Deoptimization events (20 events):
Event: 16.218 Thread 0x00000139e687d9e0 Uncommon trap: trap_request=0xffffffde fr.pc=0x00000139d70153d8 relative=0x0000000000000478
Event: 16.218 Thread 0x00000139e687d9e0 Uncommon trap: reason=class_check action=maybe_recompile pc=0x00000139d70153d8 method=javafx.scene.Node.updateLocalToParentTransform()V @ 11 c2
Event: 16.218 Thread 0x00000139e687d9e0 DEOPT PACKING pc=0x00000139d70153d8 sp=0x0000001d525f7ff0
Event: 16.218 Thread 0x00000139e687d9e0 DEOPT UNPACKING pc=0x00000139d6959d22 sp=0x0000001d525f7f88 mode 2
Event: 18.535 Thread 0x00000139e687bf50 DEOPT PACKING pc=0x00000139cf752549 sp=0x0000001d523fdd90
Event: 18.535 Thread 0x00000139e687bf50 DEOPT UNPACKING pc=0x00000139d695a4c2 sp=0x0000001d523fd1c8 mode 0
Event: 18.541 Thread 0x00000139e687bf50 DEOPT PACKING pc=0x00000139cf752549 sp=0x0000001d523fd300
Event: 18.541 Thread 0x00000139e687bf50 DEOPT UNPACKING pc=0x00000139d695a4c2 sp=0x0000001d523fc738 mode 0
Event: 22.674 Thread 0x00000139e687d9e0 Uncommon trap: trap_request=0xffffff45 fr.pc=0x00000139d703d80c relative=0x000000000000056c
Event: 22.674 Thread 0x00000139e687d9e0 Uncommon trap: reason=unstable_if action=reinterpret pc=0x00000139d703d80c method=javafx.scene.Node.intersectsBounds(Lcom/sun/javafx/geom/PickRay;)D @ 814 c2
Event: 22.674 Thread 0x00000139e687d9e0 DEOPT PACKING pc=0x00000139d703d80c sp=0x0000001d525f9290
Event: 22.674 Thread 0x00000139e687d9e0 DEOPT UNPACKING pc=0x00000139d6959d22 sp=0x0000001d525f9158 mode 2
Event: 22.674 Thread 0x00000139e687d9e0 Uncommon trap: trap_request=0xffffff45 fr.pc=0x00000139d704a268 relative=0x0000000000000128
Event: 22.674 Thread 0x00000139e687d9e0 Uncommon trap: reason=unstable_if action=reinterpret pc=0x00000139d704a268 method=javafx.scene.Node.intersects(Lcom/sun/javafx/geom/PickRay;Lcom/sun/javafx/scene/input/PickResultChooser;)Z @ 17 c2
Event: 22.674 Thread 0x00000139e687d9e0 DEOPT PACKING pc=0x00000139d704a268 sp=0x0000001d525f9120
Event: 22.674 Thread 0x00000139e687d9e0 DEOPT UNPACKING pc=0x00000139d6959d22 sp=0x0000001d525f90d0 mode 2
Event: 22.674 Thread 0x00000139e687d9e0 Uncommon trap: trap_request=0xffffff45 fr.pc=0x00000139d702867c relative=0x000000000000035c
Event: 22.674 Thread 0x00000139e687d9e0 Uncommon trap: reason=unstable_if action=reinterpret pc=0x00000139d702867c method=javafx.scene.Node.pickNode(Lcom/sun/javafx/geom/PickRay;Lcom/sun/javafx/scene/input/PickResultChooser;)V @ 4 c2
Event: 22.674 Thread 0x00000139e687d9e0 DEOPT PACKING pc=0x00000139d702867c sp=0x0000001d525f91f0
Event: 22.674 Thread 0x00000139e687d9e0 DEOPT UNPACKING pc=0x00000139d6959d22 sp=0x0000001d525f9160 mode 2

Classes loaded (20 events):
Event: 4.425 Loading class sun/invoke/util/VerifyAccess$1
Event: 4.425 Loading class sun/invoke/util/VerifyAccess$1 done
Event: 4.428 Loading class sun/security/ssl/PostHandshakeContext
Event: 4.428 Loading class sun/security/ssl/PostHandshakeContext done
Event: 4.428 Loading class sun/security/ssl/NewSessionTicket$T13NewSessionTicketMessage
Event: 4.428 Loading class sun/security/ssl/NewSessionTicket$NewSessionTicketMessage
Event: 4.428 Loading class sun/security/ssl/NewSessionTicket$NewSessionTicketMessage done
Event: 4.428 Loading class sun/security/ssl/NewSessionTicket$T13NewSessionTicketMessage done
Event: 4.478 Loading class java/util/TimerTask
Event: 4.478 Loading class java/util/TimerTask done
Event: 4.508 Loading class java/time/format/DateTimeParseException
Event: 4.508 Loading class java/time/DateTimeException
Event: 4.508 Loading class java/time/DateTimeException done
Event: 4.508 Loading class java/time/format/DateTimeParseException done
Event: 4.619 Loading class java/lang/FdLibm$Hypot
Event: 4.619 Loading class java/lang/FdLibm$Hypot done
Event: 4.619 Loading class java/lang/FdLibm
Event: 4.619 Loading class java/lang/FdLibm done
Event: 790.571 Loading class jdk/internal/misc/Signal$1
Event: 790.571 Loading class jdk/internal/misc/Signal$1 done

Classes unloaded (0 events):
No events

Classes redefined (0 events):
No events

Internal exceptions (20 events):
Event: 4.018 Thread 0x00000139e687d9e0 Exception <a 'sun/nio/fs/WindowsException'{0x0000000711d481f0}> (0x0000000711d481f0) 
thrown [s\open\src\hotspot\share\prims\jni.cpp, line 519]
Event: 4.019 Thread 0x00000139e687d9e0 Exception <a 'sun/nio/fs/WindowsException'{0x0000000711d4a850}> (0x0000000711d4a850) 
thrown [s\open\src\hotspot\share\prims\jni.cpp, line 519]
Event: 4.023 Thread 0x00000139e687d9e0 Exception <a 'java/lang/NoSuchMethodError'{0x0000000711d59a68}: 'java.lang.Object java.lang.invoke.DirectMethodHandle$Holder.invokeVirtual(java.lang.Object, java.lang.Object, java.lang.Object)'> (0x0000000711d59a68) 
thrown [s\open\src\hotspot\share\interpreter\linkResolver.cpp, line 773]
Event: 4.079 Thread 0x00000139e687d9e0 Exception <a 'sun/nio/fs/WindowsException'{0x000000071188bfc8}> (0x000000071188bfc8) 
thrown [s\open\src\hotspot\share\prims\jni.cpp, line 519]
Event: 4.146 Thread 0x00000139e687d9e0 Exception <a 'sun/nio/fs/WindowsException'{0x00000007116cd9d8}> (0x00000007116cd9d8) 
thrown [s\open\src\hotspot\share\prims\jni.cpp, line 519]
Event: 4.189 Thread 0x00000139e687d9e0 Exception <a 'sun/nio/fs/WindowsException'{0x00000007117e3658}> (0x00000007117e3658) 
thrown [s\open\src\hotspot\share\prims\jni.cpp, line 519]
Event: 4.193 Thread 0x00000139e687d9e0 Exception <a 'sun/nio/fs/WindowsException'{0x00000007117f8178}> (0x00000007117f8178) 
thrown [s\open\src\hotspot\share\prims\jni.cpp, line 519]
Event: 4.212 Thread 0x00000139e687d9e0 Exception <a 'java/lang/NoSuchMethodError'{0x0000000711493fd0}: 'java.lang.Object java.lang.invoke.DirectMethodHandle$Holder.invokeStaticInit(java.lang.Object, int, int, int, int)'> (0x0000000711493fd0) 
thrown [s\open\src\hotspot\share\interpreter\linkResolver.cpp, line 773]
Event: 4.260 Thread 0x00000139e687d9e0 Exception <a 'java/lang/NoSuchMethodError'{0x0000000711533c58}: 'java.lang.Object java.lang.invoke.DirectMethodHandle$Holder.invokeStaticInit(java.lang.Object, java.lang.Object, int, int, int, int)'> (0x0000000711533c58) 
thrown [s\open\src\hotspot\share\interpreter\linkResolver.cpp, line 773]
Event: 4.580 Thread 0x00000139e687d9e0 Exception <a 'java/lang/ClassNotFoundException'{0x00000007045c0878}: com/sun/javafx/scene/control/skin/resources/controls> (0x00000007045c0878) 
thrown [s\open\src\hotspot\share\prims\jni.cpp, line 538]
Event: 4.581 Thread 0x00000139e687d9e0 Exception <a 'java/lang/ClassNotFoundException'{0x00000007045cee68}: com/sun/javafx/scene/control/skin/resources/controls_en> (0x00000007045cee68) 
thrown [s\open\src\hotspot\share\prims\jni.cpp, line 538]
Event: 4.581 Thread 0x00000139e687d9e0 Exception <a 'java/lang/ClassNotFoundException'{0x00000007045d0628}: com/sun/javafx/scene/control/skin/resources/controls_en_GB> (0x00000007045d0628) 
thrown [s\open\src\hotspot\share\prims\jni.cpp, line 538]
Event: 4.607 Thread 0x00000139e687d9e0 Exception <a 'java/lang/NoSuchMethodError'{0x000000070433c038}: 'void java.lang.invoke.DirectMethodHandle$Holder.invokeSpecial(java.lang.Object, java.lang.Object, java.lang.Object, java.lang.Object, java.lang.Object, java.lang.Object)'> (0x000000070433c038) 
thrown [s\open\src\hotspot\share\interpreter\linkResolver.cpp, line 773]
Event: 4.727 Thread 0x00000139e687bf50 Exception <a 'java/lang/NoSuchMethodError'{0x0000000703fa35b0}: 'java.lang.Object java.lang.invoke.DirectMethodHandle$Holder.invokeStaticInit(java.lang.Object, int)'> (0x0000000703fa35b0) 
thrown [s\open\src\hotspot\share\interpreter\linkResolver.cpp, line 773]
Event: 9.730 Thread 0x00000139e687d9e0 Exception <a 'java/lang/NoSuchMethodError'{0x0000000703e69e18}: 'java.lang.Object java.lang.invoke.DirectMethodHandle$Holder.newInvokeSpecial(java.lang.Object, java.lang.Object, java.lang.Object, double, double, double, double, int, int, int, int, int, int, int, int, int)'> (0x0000000703e69e18) 
thrown [s\open\src\hotspot\share\interpreter\linkResolver.cpp, line 773]
Event: 16.186 Thread 0x00000139e687d9e0 Exception <a 'java/lang/NoSuchMethodError'{0x0000000703eafd18}: 'java.lang.Object java.lang.invoke.DirectMethodHandle$Holder.newInvokeSpecial(java.lang.Object, java.lang.Object, int, int, int, int, int, java.lang.Object)'> (0x0000000703eafd18) 
thrown [s\open\src\hotspot\share\interpreter\linkResolver.cpp, line 773]
Event: 16.187 Thread 0x00000139e687d9e0 Exception <a 'java/lang/NoSuchMethodError'{0x0000000703ec8df8}: 'java.lang.Object java.lang.invoke.DirectMethodHandle$Holder.newInvokeSpecial(java.lang.Object, java.lang.Object, java.lang.Object, int, int, int, int, int)'> (0x0000000703ec8df8) 
thrown [s\open\src\hotspot\share\interpreter\linkResolver.cpp, line 773]
Event: 16.188 Thread 0x00000139e687d9e0 Exception <a 'java/lang/NoSuchMethodError'{0x0000000703ed0bf8}: 'java.lang.Object java.lang.invoke.Invokers$Holder.linkToTargetMethod(java.lang.Object, java.lang.Object, int, int, int, int, int, java.lang.Object)'> (0x0000000703ed0bf8) 
thrown [s\open\src\hotspot\share\interpreter\linkResolver.cpp, line 773]
Event: 17.268 Thread 0x00000139e687d9e0 Exception <a 'java/lang/NoSuchMethodError'{0x0000000703ef5838}: 'java.lang.Object java.lang.invoke.DirectMethodHandle$Holder.newInvokeSpecial(java.lang.Object, java.lang.Object, double, java.lang.Object, int)'> (0x0000000703ef5838) 
thrown [s\open\src\hotspot\share\interpreter\linkResolver.cpp, line 773]
Event: 22.674 Thread 0x00000139e687d9e0 Implicit null exception at 0x00000139d704a1a5 to 0x00000139d704a258

VM Operations (20 events):
Event: 9.665 Executing VM operation: Cleanup done
Event: 10.665 Executing VM operation: Cleanup
Event: 10.665 Executing VM operation: Cleanup done
Event: 11.665 Executing VM operation: Cleanup
Event: 11.665 Executing VM operation: Cleanup done
Event: 15.666 Executing VM operation: Cleanup
Event: 15.667 Executing VM operation: Cleanup done
Event: 16.667 Executing VM operation: Cleanup
Event: 16.667 Executing VM operation: Cleanup done
Event: 17.667 Executing VM operation: Cleanup
Event: 17.667 Executing VM operation: Cleanup done
Event: 18.667 Executing VM operation: Cleanup
Event: 18.668 Executing VM operation: Cleanup done
Event: 20.668 Executing VM operation: Cleanup
Event: 20.668 Executing VM operation: Cleanup done
Event: 23.669 Executing VM operation: Cleanup
Event: 23.669 Executing VM operation: Cleanup done
Event: 594.902 Executing VM operation: Cleanup
Event: 594.903 Executing VM operation: Cleanup done
Event: 790.573 Executing VM operation: Exit

Events (20 events):
Event: 0.485 Thread 0x00000139e687bf50 Thread added: 0x00000139e687bf50
Event: 0.529 Thread 0x00000139e687c4a0 Thread added: 0x00000139e687c4a0
Event: 0.532 Thread 0x00000139e687d9e0 Thread added: 0x00000139e687d9e0
Event: 0.604 Thread 0x00000139e687c9f0 Thread added: 0x00000139e687c9f0
Event: 0.605 Thread 0x00000139e687ba00 Thread added: 0x00000139e687ba00
Event: 1.108 Thread 0x00000139ec482790 Thread added: 0x00000139ec482790
Event: 1.259 Thread 0x00000139ec483230 Thread added: 0x00000139ec483230
Event: 1.980 Thread 0x00000139eae16ca0 Thread exited: 0x00000139eae16ca0
Event: 1.986 Thread 0x00000139eadd7260 Thread exited: 0x00000139eadd7260
Event: 3.980 Thread 0x00000139ec488730 Thread added: 0x00000139ec488730
Event: 3.995 Thread 0x00000139ec14de40 Thread added: 0x00000139ec14de40
Event: 4.326 Thread 0x00000139ec21e5b0 Thread added: 0x00000139ec21e5b0
Event: 5.266 Thread 0x00000139ec21e5b0 Thread exited: 0x00000139ec21e5b0
Event: 5.266 Thread 0x00000139ec14de40 Thread exited: 0x00000139ec14de40
Event: 790.571 Thread 0x00000139ec485cb0 Thread added: 0x00000139ec485cb0
Event: 790.572 Thread 0x00000139ec486750 Thread added: 0x00000139ec486750
Event: 790.572 Thread 0x00000139ec482240 Thread added: 0x00000139ec482240
Event: 790.572 Thread 0x00000139ec486750 Thread exited: 0x00000139ec486750
Event: 790.573 Thread 0x00000139ec482240 Thread exited: 0x00000139ec482240
Event: 790.573 Thread 0x00000139e6876c00 Thread exited: 0x00000139e6876c00


Dynamic libraries:
0x00007ff7c3c50000 - 0x00007ff7c3c5e000 	C:\Users\shara\.jdks\openjdk-20.0.1\bin\java.exe
0x00007ffc1a370000 - 0x00007ffc1a568000 	C:\WINDOWS\SYSTEM32\ntdll.dll
0x00007ffc19110000 - 0x00007ffc191cf000 	C:\WINDOWS\System32\KERNEL32.DLL
0x00007ffc17e60000 - 0x00007ffc1813a000 	C:\WINDOWS\System32\KERNELBASE.dll
0x00007ffc182a0000 - 0x00007ffc183a0000 	C:\WINDOWS\System32\ucrtbase.dll
0x00007ffbf95b0000 - 0x00007ffbf95c7000 	C:\Users\shara\.jdks\openjdk-20.0.1\bin\jli.dll
0x00007ffc192f0000 - 0x00007ffc1948d000 	C:\WINDOWS\System32\USER32.dll
0x00007ffc183a0000 - 0x00007ffc183c2000 	C:\WINDOWS\System32\win32u.dll
0x00007ffc19070000 - 0x00007ffc1909b000 	C:\WINDOWS\System32\GDI32.dll
0x00007ffc17bd0000 - 0x00007ffc17ce0000 	C:\WINDOWS\System32\gdi32full.dll
0x00007ffc17a80000 - 0x00007ffc17b1d000 	C:\WINDOWS\System32\msvcp_win.dll
0x00007ffbf31c0000 - 0x00007ffbf31db000 	C:\Users\shara\.jdks\openjdk-20.0.1\bin\VCRUNTIME140.dll
0x00007ffbf0da0000 - 0x00007ffbf103a000 	C:\WINDOWS\WinSxS\amd64_microsoft.windows.common-controls_6595b64144ccf1df_6.0.19041.1110_none_60b5254171f9507e\COMCTL32.dll
0x00007ffc19850000 - 0x00007ffc198ee000 	C:\WINDOWS\System32\msvcrt.dll
0x00007ffc18f00000 - 0x00007ffc18f30000 	C:\WINDOWS\System32\IMM32.DLL
0x00007ffc10d80000 - 0x00007ffc10d8c000 	C:\Users\shara\.jdks\openjdk-20.0.1\bin\vcruntime140_1.dll
0x00007ffbe5480000 - 0x00007ffbe550e000 	C:\Users\shara\.jdks\openjdk-20.0.1\bin\msvcp140.dll
0x00007ffbbc5d0000 - 0x00007ffbbd267000 	C:\Users\shara\.jdks\openjdk-20.0.1\bin\server\jvm.dll
0x00007ffc183d0000 - 0x00007ffc1847e000 	C:\WINDOWS\System32\ADVAPI32.dll
0x00007ffc1a290000 - 0x00007ffc1a32c000 	C:\WINDOWS\System32\sechost.dll
0x00007ffc19a10000 - 0x00007ffc19b36000 	C:\WINDOWS\System32\RPCRT4.dll
0x00007ffc0f4b0000 - 0x00007ffc0f4b9000 	C:\WINDOWS\SYSTEM32\WSOCK32.dll
0x00007ffc190a0000 - 0x00007ffc1910b000 	C:\WINDOWS\System32\WS2_32.dll
0x00007ffbfa700000 - 0x00007ffbfa727000 	C:\WINDOWS\SYSTEM32\WINMM.dll
0x00007ffc0fce0000 - 0x00007ffc0fcea000 	C:\WINDOWS\SYSTEM32\VERSION.dll
0x00007ffc162d0000 - 0x00007ffc162e2000 	C:\WINDOWS\SYSTEM32\kernel.appcore.dll
0x00007ffc10b30000 - 0x00007ffc10b3a000 	C:\Users\shara\.jdks\openjdk-20.0.1\bin\jimage.dll
0x00007ffc15840000 - 0x00007ffc15a24000 	C:\WINDOWS\SYSTEM32\DBGHELP.DLL
0x00007ffc06b00000 - 0x00007ffc06b34000 	C:\WINDOWS\SYSTEM32\dbgcore.DLL
0x00007ffc17dd0000 - 0x00007ffc17e52000 	C:\WINDOWS\System32\bcryptPrimitives.dll
0x00007ffc0a1f0000 - 0x00007ffc0a1fe000 	C:\Users\shara\.jdks\openjdk-20.0.1\bin\instrument.dll
0x00007ffbf1e90000 - 0x00007ffbf1eb6000 	C:\Users\shara\.jdks\openjdk-20.0.1\bin\java.dll
0x00007ffbe53a0000 - 0x00007ffbe5477000 	C:\Users\shara\.jdks\openjdk-20.0.1\bin\jsvml.dll
0x00007ffc19b40000 - 0x00007ffc1a284000 	C:\WINDOWS\System32\SHELL32.dll
0x00007ffc15b20000 - 0x00007ffc162b3000 	C:\WINDOWS\SYSTEM32\windows.storage.dll
0x00007ffc19490000 - 0x00007ffc197e4000 	C:\WINDOWS\System32\combase.dll
0x00007ffc17470000 - 0x00007ffc1749e000 	C:\WINDOWS\SYSTEM32\Wldp.dll
0x00007ffc19230000 - 0x00007ffc192dd000 	C:\WINDOWS\System32\SHCORE.dll
0x00007ffc18710000 - 0x00007ffc18765000 	C:\WINDOWS\System32\shlwapi.dll
0x00007ffc179c0000 - 0x00007ffc179df000 	C:\WINDOWS\SYSTEM32\profapi.dll
0x00007ffbf31a0000 - 0x00007ffbf31b3000 	C:\Users\shara\.jdks\openjdk-20.0.1\bin\net.dll
0x00007ffc0da80000 - 0x00007ffc0db8a000 	C:\WINDOWS\SYSTEM32\WINHTTP.dll
0x00007ffc171d0000 - 0x00007ffc1723a000 	C:\WINDOWS\system32\mswsock.dll
0x00007ffbf2090000 - 0x00007ffbf20a6000 	C:\Users\shara\.jdks\openjdk-20.0.1\bin\nio.dll
0x00007ffbf2060000 - 0x00007ffbf2078000 	C:\Users\shara\.jdks\openjdk-20.0.1\bin\zip.dll
0x00007ffbf1d40000 - 0x00007ffbf1d5a000 	C:\Program Files\JetBrains\IntelliJ IDEA 2022.3.3\bin\breakgen64.dll
0x00000139e69e0000 - 0x00000139e69e3000 	C:\Users\shara\.openjfx\cache\17.0.2-ea\api-ms-win-core-console-l1-1-0.dll
0x00000139e69f0000 - 0x00000139e69f3000 	C:\Users\shara\.openjfx\cache\17.0.2-ea\api-ms-win-core-console-l1-2-0.dll
0x00000139e6a00000 - 0x00000139e6a03000 	C:\Users\shara\.openjfx\cache\17.0.2-ea\api-ms-win-core-datetime-l1-1-0.dll
0x00000139e6a10000 - 0x00000139e6a13000 	C:\Users\shara\.openjfx\cache\17.0.2-ea\api-ms-win-core-debug-l1-1-0.dll
0x00000139e6a20000 - 0x00000139e6a23000 	C:\Users\shara\.openjfx\cache\17.0.2-ea\api-ms-win-core-errorhandling-l1-1-0.dll
0x00000139e6a30000 - 0x00000139e6a34000 	C:\Users\shara\.openjfx\cache\17.0.2-ea\api-ms-win-core-file-l1-1-0.dll
0x00000139e6a40000 - 0x00000139e6a43000 	C:\Users\shara\.openjfx\cache\17.0.2-ea\api-ms-win-core-file-l1-2-0.dll
0x00000139e6a50000 - 0x00000139e6a53000 	C:\Users\shara\.openjfx\cache\17.0.2-ea\api-ms-win-core-file-l2-1-0.dll
0x00000139e6a60000 - 0x00000139e6a63000 	C:\Users\shara\.openjfx\cache\17.0.2-ea\api-ms-win-core-handle-l1-1-0.dll
0x00000139e6a70000 - 0x00000139e6a73000 	C:\Users\shara\.openjfx\cache\17.0.2-ea\api-ms-win-core-heap-l1-1-0.dll
0x00000139e6a80000 - 0x00000139e6a83000 	C:\Users\shara\.openjfx\cache\17.0.2-ea\api-ms-win-core-interlocked-l1-1-0.dll
0x00000139e6a90000 - 0x00000139e6a93000 	C:\Users\shara\.openjfx\cache\17.0.2-ea\api-ms-win-core-libraryloader-l1-1-0.dll
0x00000139e6aa0000 - 0x00000139e6aa3000 	C:\Users\shara\.openjfx\cache\17.0.2-ea\api-ms-win-core-localization-l1-2-0.dll
0x00000139e6ab0000 - 0x00000139e6ab3000 	C:\Users\shara\.openjfx\cache\17.0.2-ea\api-ms-win-core-memory-l1-1-0.dll
0x00000139e6ac0000 - 0x00000139e6ac3000 	C:\Users\shara\.openjfx\cache\17.0.2-ea\api-ms-win-core-namedpipe-l1-1-0.dll
0x00000139e6ad0000 - 0x00000139e6ad3000 	C:\Users\shara\.openjfx\cache\17.0.2-ea\api-ms-win-core-processenvironment-l1-1-0.dll
0x00000139e6ae0000 - 0x00000139e6ae3000 	C:\Users\shara\.openjfx\cache\17.0.2-ea\api-ms-win-core-processthreads-l1-1-0.dll
0x00000139e6af0000 - 0x00000139e6af3000 	C:\Users\shara\.openjfx\cache\17.0.2-ea\api-ms-win-core-processthreads-l1-1-1.dll
0x00000139e6b00000 - 0x00000139e6b03000 	C:\Users\shara\.openjfx\cache\17.0.2-ea\api-ms-win-core-profile-l1-1-0.dll
0x00000139e6b10000 - 0x00000139e6b13000 	C:\Users\shara\.openjfx\cache\17.0.2-ea\api-ms-win-core-rtlsupport-l1-1-0.dll
0x00000139e6b20000 - 0x00000139e6b23000 	C:\Users\shara\.openjfx\cache\17.0.2-ea\api-ms-win-core-string-l1-1-0.dll
0x00000139e6b30000 - 0x00000139e6b33000 	C:\Users\shara\.openjfx\cache\17.0.2-ea\api-ms-win-core-synch-l1-1-0.dll
0x00000139e6b40000 - 0x00000139e6b43000 	C:\Users\shara\.openjfx\cache\17.0.2-ea\api-ms-win-core-synch-l1-2-0.dll
0x00000139e6b50000 - 0x00000139e6b53000 	C:\Users\shara\.openjfx\cache\17.0.2-ea\api-ms-win-core-sysinfo-l1-1-0.dll
0x00000139e6b60000 - 0x00000139e6b63000 	C:\Users\shara\.openjfx\cache\17.0.2-ea\api-ms-win-core-timezone-l1-1-0.dll
0x00000139e6b70000 - 0x00000139e6b73000 	C:\Users\shara\.openjfx\cache\17.0.2-ea\api-ms-win-core-util-l1-1-0.dll
0x00000139e6b80000 - 0x00000139e6b83000 	C:\Users\shara\.openjfx\cache\17.0.2-ea\api-ms-win-crt-conio-l1-1-0.dll
0x00000139e6b90000 - 0x00000139e6b94000 	C:\Users\shara\.openjfx\cache\17.0.2-ea\api-ms-win-crt-convert-l1-1-0.dll
0x00000139e6ba0000 - 0x00000139e6ba3000 	C:\Users\shara\.openjfx\cache\17.0.2-ea\api-ms-win-crt-environment-l1-1-0.dll
0x00000139e6bb0000 - 0x00000139e6bb3000 	C:\Users\shara\.openjfx\cache\17.0.2-ea\api-ms-win-crt-filesystem-l1-1-0.dll
0x00000139e6bc0000 - 0x00000139e6bc3000 	C:\Users\shara\.openjfx\cache\17.0.2-ea\api-ms-win-crt-heap-l1-1-0.dll
0x00000139e6bd0000 - 0x00000139e6bd3000 	C:\Users\shara\.openjfx\cache\17.0.2-ea\api-ms-win-crt-locale-l1-1-0.dll
0x00000139e6be0000 - 0x00000139e6be5000 	C:\Users\shara\.openjfx\cache\17.0.2-ea\api-ms-win-crt-math-l1-1-0.dll
0x00000139e6bf0000 - 0x00000139e6bf5000 	C:\Users\shara\.openjfx\cache\17.0.2-ea\api-ms-win-crt-multibyte-l1-1-0.dll
0x00000139eb800000 - 0x00000139eb810000 	C:\Users\shara\.openjfx\cache\17.0.2-ea\api-ms-win-crt-private-l1-1-0.dll
0x00000139eb810000 - 0x00000139eb813000 	C:\Users\shara\.openjfx\cache\17.0.2-ea\api-ms-win-crt-process-l1-1-0.dll
0x00000139eb820000 - 0x00000139eb824000 	C:\Users\shara\.openjfx\cache\17.0.2-ea\api-ms-win-crt-runtime-l1-1-0.dll
0x00000139eb830000 - 0x00000139eb834000 	C:\Users\shara\.openjfx\cache\17.0.2-ea\api-ms-win-crt-stdio-l1-1-0.dll
0x00000139eb840000 - 0x00000139eb844000 	C:\Users\shara\.openjfx\cache\17.0.2-ea\api-ms-win-crt-string-l1-1-0.dll
0x00000139eb850000 - 0x00000139eb853000 	C:\Users\shara\.openjfx\cache\17.0.2-ea\api-ms-win-crt-time-l1-1-0.dll
0x00000139eb860000 - 0x00000139eb863000 	C:\Users\shara\.openjfx\cache\17.0.2-ea\api-ms-win-crt-utility-l1-1-0.dll
0x00007ffbe52a0000 - 0x00007ffbe539c000 	C:\Users\shara\.openjfx\cache\17.0.2-ea\ucrtbase.dll
0x00007ffbf1970000 - 0x00007ffbf198a000 	C:\Users\shara\.openjfx\cache\17.0.2-ea\vcruntime140.dll
0x00007ffbf1750000 - 0x00007ffbf175c000 	C:\Users\shara\.openjfx\cache\17.0.2-ea\vcruntime140_1.dll
0x00007ffbde8e0000 - 0x00007ffbde96d000 	C:\Users\shara\.openjfx\cache\17.0.2-ea\msvcp140.dll
0x00007ffbe5bb0000 - 0x00007ffbe5bda000 	C:\Users\shara\.openjfx\cache\17.0.2-ea\prism_d3d.dll
0x00007ffbef950000 - 0x00007ffbefb1d000 	C:\WINDOWS\system32\d3d9.dll
0x00007ffc15390000 - 0x00007ffc153bf000 	C:\WINDOWS\SYSTEM32\dwmapi.dll
0x00007ffc150d0000 - 0x00007ffc1516e000 	C:\WINDOWS\system32\uxtheme.dll
0x00007ffbd44c0000 - 0x00007ffbd4668000 	C:\WINDOWS\System32\DriverStore\FileRepository\iigd_dch.inf_amd64_393549dac595e659\igdumdim64.dll
0x00007ffc18f30000 - 0x00007ffc1905a000 	C:\WINDOWS\System32\ole32.dll
0x00007ffb63170000 - 0x00007ffb66d8f000 	C:\WINDOWS\System32\DriverStore\FileRepository\iigd_dch.inf_amd64_393549dac595e659\igd9dxva64.dll
0x00007ffc18480000 - 0x00007ffc1854d000 	C:\WINDOWS\System32\OLEAUT32.dll
0x00007ffc18a90000 - 0x00007ffc18ef8000 	C:\WINDOWS\System32\SETUPAPI.dll
0x00007ffc17ce0000 - 0x00007ffc17d2e000 	C:\WINDOWS\System32\cfgmgr32.dll
0x00007ffc17d30000 - 0x00007ffc17d57000 	C:\WINDOWS\System32\bcrypt.dll
0x00007ffc02c80000 - 0x00007ffc03048000 	C:\WINDOWS\System32\DriverStore\FileRepository\iigd_dch.inf_amd64_393549dac595e659\igdgmm64.dll
0x00007ffbe56c0000 - 0x00007ffbe5702000 	C:\Users\shara\.openjfx\cache\17.0.2-ea\glass.dll
0x00007ffc18930000 - 0x00007ffc18a0a000 	C:\WINDOWS\System32\COMDLG32.dll
0x00007ffc198f0000 - 0x00007ffc19a04000 	C:\WINDOWS\System32\MSCTF.dll
0x00007ffbaae30000 - 0x00007ffbaae57000 	C:\WINDOWS\System32\DriverStore\FileRepository\iigd_dch.inf_amd64_393549dac595e659\igdinfo64.dll
0x00007ffbff690000 - 0x00007ffc02c76000 	C:\WINDOWS\System32\DriverStore\FileRepository\iigd_dch.inf_amd64_393549dac595e659\igc64.dll
0x00007ffc040a0000 - 0x00007ffc040db000 	C:\WINDOWS\SYSTEM32\dxcore.dll
0x00007ffbe56a0000 - 0x00007ffbe56b4000 	C:\Users\shara\.openjfx\cache\17.0.2-ea\javafx_font.dll
0x00007ffbf7620000 - 0x00007ffbf789f000 	C:\WINDOWS\SYSTEM32\dwrite.dll
0x00007ffc18800000 - 0x00007ffc188a9000 	C:\WINDOWS\System32\clbcatq.dll
0x00007ffc05ab0000 - 0x00007ffc05c64000 	C:\WINDOWS\SYSTEM32\WindowsCodecs.dll
0x00007ffbe57f0000 - 0x00007ffbe582e000 	C:\WINDOWS\system32\dataexchange.dll
0x00007ffc13710000 - 0x00007ffc13973000 	C:\WINDOWS\system32\d3d11.dll
0x00007ffc14340000 - 0x00007ffc14523000 	C:\WINDOWS\system32\dcomp.dll
0x00007ffc16340000 - 0x00007ffc16433000 	C:\WINDOWS\system32\dxgi.dll
0x00007ffc0f6c0000 - 0x00007ffc0f8c0000 	C:\WINDOWS\system32\twinapi.appcore.dll
0x00007ffbefde0000 - 0x00007ffbefe14000 	C:\Program Files\Common Files\Microsoft Shared\Ink\rtscom.dll
0x00007ffbfc6c0000 - 0x00007ffbfc7b9000 	C:\WINDOWS\SYSTEM32\textinputframework.dll
0x00007ffc14960000 - 0x00007ffc14cbe000 	C:\WINDOWS\System32\CoreUIComponents.dll
0x00007ffc14d00000 - 0x00007ffc14df2000 	C:\WINDOWS\System32\CoreMessaging.dll
0x00007ffc16c30000 - 0x00007ffc16c63000 	C:\WINDOWS\SYSTEM32\ntmarta.dll
0x00007ffc140a0000 - 0x00007ffc141f4000 	C:\WINDOWS\SYSTEM32\wintypes.dll
0x00007ffc13a80000 - 0x00007ffc14040000 	C:\WINDOWS\SYSTEM32\d2d1.dll
0x00007ffc04a00000 - 0x00007ffc050f6000 	C:\WINDOWS\SYSTEM32\D3D10Warp.dll
0x00007ffc16f10000 - 0x00007ffc16fdb000 	C:\WINDOWS\SYSTEM32\DNSAPI.dll
0x00007ffc16ec0000 - 0x00007ffc16efc000 	C:\WINDOWS\SYSTEM32\IPHLPAPI.DLL

dbghelp: loaded successfully - version: 4.0.5 - missing functions: none
symbol engine: initialized successfully - sym options: 0x614 - pdb path: .;C:\Users\shara\.jdks\openjdk-20.0.1\bin;C:\WINDOWS\SYSTEM32;C:\WINDOWS\WinSxS\amd64_microsoft.windows.common-controls_6595b64144ccf1df_6.0.19041.1110_none_60b5254171f9507e;C:\Users\shara\.jdks\openjdk-20.0.1\bin\server;C:\Program Files\JetBrains\IntelliJ IDEA 2022.3.3\bin;C:\Users\shara\.openjfx\cache\17.0.2-ea;C:\WINDOWS\System32\DriverStore\FileRepository\iigd_dch.inf_amd64_393549dac595e659;C:\Program Files\Common Files\Microsoft Shared\Ink

VM Arguments:
jvm_args: -javaagent:C:\Program Files\JetBrains\IntelliJ IDEA 2022.3.3\lib\idea_rt.jar=58905:C:\Program Files\JetBrains\IntelliJ IDEA 2022.3.3\bin -Dfile.encoding=UTF-8 -Dsun.stdout.encoding=UTF-8 -Dsun.stderr.encoding=UTF-8 --module-path=C:\Users\shara\.m2\repository\org\openjfx\javafx-controls\17.0.2\javafx-controls-17.0.2-win.jar;C:\Users\shara\.m2\repository\org\openjfx\javafx-fxml\17.0.2\javafx-fxml-17.0.2-win.jar;C:\Users\shara\IdeaProjects\Demo\target\classes;C:\Users\shara\.m2\repository\org\openjfx\javafx-graphics\17.0.2\javafx-graphics-17.0.2-win.jar;C:\Users\shara\.m2\repository\org\openjfx\javafx-base\17.0.2\javafx-base-17.0.2-win.jar -Djdk.module.main=sample.demo 
java_command: sample.demo/sample.demo.HelloApplication
java_class_path (initial): C:\Users\shara\.m2\repository\org\openjfx\javafx-controls\17.0.2\javafx-controls-17.0.2.jar;C:\Users\shara\.m2\repository\org\openjfx\javafx-graphics\17.0.2\javafx-graphics-17.0.2.jar;C:\Users\shara\.m2\repository\org\openjfx\javafx-base\17.0.2\javafx-base-17.0.2.jar;C:\Users\shara\.m2\repository\org\openjfx\javafx-fxml\17.0.2\javafx-fxml-17.0.2.jar;C:\Users\shara\.m2\repository\com\mysql\mysql-connector-j\8.0.33\mysql-connector-j-8.0.33.jar;C:\Users\shara\.m2\repository\com\google\protobuf\protobuf-java\3.21.9\protobuf-java-3.21.9.jar
Launcher Type: SUN_STANDARD

[Global flags]
     intx CICompilerCount                          = 4                                         {product} {ergonomic}
     uint ConcGCThreads                            = 2                                         {product} {ergonomic}
     uint G1ConcRefinementThreads                  = 8                                         {product} {ergonomic}
   size_t G1HeapRegionSize                         = 2097152                                   {product} {ergonomic}
    uintx GCDrainStackTargetSize                   = 64                                        {product} {ergonomic}
   size_t InitialHeapSize                          = 266338304                                 {product} {ergonomic}
   size_t MarkStackSize                            = 4194304                                   {product} {ergonomic}
   size_t MaxHeapSize                              = 4261412864                                {product} {ergonomic}
   size_t MaxNewSize                               = 2556428288                                {product} {ergonomic}
   size_t MinHeapDeltaBytes                        = 2097152                                   {product} {ergonomic}
   size_t MinHeapSize                              = 8388608                                   {product} {ergonomic}
    uintx NonNMethodCodeHeapSize                   = 5839372                                {pd product} {ergonomic}
    uintx NonProfiledCodeHeapSize                  = 122909434                              {pd product} {ergonomic}
    uintx ProfiledCodeHeapSize                     = 122909434                              {pd product} {ergonomic}
    uintx ReservedCodeCacheSize                    = 251658240                              {pd product} {ergonomic}
     bool SegmentedCodeCache                       = true                                      {product} {ergonomic}
   size_t SoftMaxHeapSize                          = 4261412864                             {manageable} {ergonomic}
     bool UseCompressedClassPointers               = true                           {product lp64_product} {ergonomic}
     bool UseCompressedOops                        = true                           {product lp64_product} {ergonomic}
     bool UseG1GC                                  = true                                      {product} {ergonomic}
     bool UseLargePagesIndividualAllocation        = false                                  {pd product} {ergonomic}

Logging:
Log output configuration:
 #0: stdout all=off uptime,level,tags foldmultilines=false
 #1: stderr all=off uptime,level,tags foldmultilines=false

Environment Variables:
PATH=C:\Users\shara\Downloads\CUserssharaDownloadsWINDOWS.X64_193000_db_home\bin;C:\Program Files\Java\jdk-11.0.2\bin;C:\WINDOWS\system32;C:\WINDOWS;C:\WINDOWS\System32\Wbem;C:\WINDOWS\System32\WindowsPowerShell\v1.0\;C:\WINDOWS\System32\OpenSSH\;C:\Program Files\Git\cmd;C:\Program Files\Git\mingw64\bin;C:\Program Files\Git\usr\bin;C:\wamp64\bin\php\php7.3.12;C:\Program Files\dotnet\;C:\Program Files\MySQL\MySQL Shell 8.0\bin\;C:\Users\shara\AppData\Local\Microsoft\WindowsApps;;C:\Program Files\JetBrains\IntelliJ IDEA Community Edition 2020.2.3\bin;;C:\Users\shara\.dotnet\tools;C:\Program Files\JetBrains\IntelliJ IDEA 2022.3.3\bin;
USERNAME=shara
OS=Windows_NT
PROCESSOR_IDENTIFIER=Intel64 Family 6 Model 142 Stepping 12, GenuineIntel
TMP=C:\Users\shara\AppData\Local\Temp
TEMP=C:\Users\shara\AppData\Local\Temp




---------------  S Y S T E M  ---------------

OS:
 Windows 10 , 64 bit Build 19041 (10.0.19041.2788)
OS uptime: 56 days 16:05 hours

CPU: total 8 (initial active 8) (4 cores per cpu, 2 threads per core) family 6 model 142 stepping 12 microcode 0xc6, cx8, cmov, fxsr, ht, mmx, 3dnowpref, sse, sse2, sse3, ssse3, sse4.1, sse4.2, popcnt, lzcnt, tsc, tscinvbit, avx, avx2, aes, erms, clmul, bmi1, bmi2, adx, fma, vzeroupper, clflush, clflushopt, rdtscp, f16c

Memory: 4k page, system-wide physical 16254M (3142M free)
TotalPageFile size 36286M (AvailPageFile size 4753M)
current process WorkingSet (physical memory assigned to process): 178M, peak: 213M
current process commit charge ("private bytes"): 232M, peak: 435M

vm_info: OpenJDK 64-Bit Server VM (20.0.1+9-29) for windows-amd64 JRE (20.0.1+9-29), built on 2023-03-07T13:56:11Z by "mach5one" with MS VC++ 17.1 (VS2022)

END.
