#
# A fatal error has been detected by the Java Runtime Environment:
#
#  EXCEPTION_ACCESS_VIOLATION (0xc0000005) at pc=0x00007ffbe8416ab7, pid=4052, tid=30676
#
# JRE version: OpenJDK Runtime Environment (20.0.1+9) (build 20.0.1+9-29)
# Java VM: OpenJDK 64-Bit Server VM (20.0.1+9-29, mixed mode, sharing, tiered, compressed oops, compressed class ptrs, g1 gc, windows-amd64)
# Problematic frame:
# C  [glass.dll+0x26ab7]
#
# No core dump will be written. Minidumps are not enabled by default on client versions of Windows
#
# If you would like to submit a bug report, please visit:
#   https://bugreport.java.com/bugreport/crash.jsp
#

---------------  S U M M A R Y ------------

Command Line: -javaagent:C:\Program Files\JetBrains\IntelliJ IDEA 2022.3.3\lib\idea_rt.jar=52911:C:\Program Files\JetBrains\IntelliJ IDEA 2022.3.3\bin -Dfile.encoding=UTF-8 -Dsun.stdout.encoding=UTF-8 -Dsun.stderr.encoding=UTF-8 --module-path=C:\Users\shara\.m2\repository\org\openjfx\javafx-controls\17.0.2\javafx-controls-17.0.2-win.jar;C:\Users\shara\.m2\repository\org\openjfx\javafx-fxml\17.0.2\javafx-fxml-17.0.2-win.jar;C:\Users\shara\.m2\repository\org\openjfx\javafx-base\17.0.2\javafx-base-17.0.2-win.jar;C:\Users\shara\IdeaProjects\Demo\target\classes;C:\Users\shara\.m2\repository\org\openjfx\javafx-graphics\17.0.2\javafx-graphics-17.0.2-win.jar -Djdk.module.main=sample.demo sample.demo/sample.demo.HelloApplication

Host: Intel(R) Core(TM) i7-8565U CPU @ 1.80GHz, 8 cores, 15G,  Windows 10 , 64 bit Build 19041 (10.0.19041.2788)
Time: Mon Jun  5 19:43:43 2023 Russia TZ 2 Standard Time elapsed time: 638.148757 seconds (0d 0h 10m 38s)

---------------  T H R E A D  ---------------

Current thread (0x000001ede3b53f90):  VMThread "VM Thread" [stack: 0x00000002ca300000,0x00000002ca400000] [id=30676]

Stack: [0x00000002ca300000,0x00000002ca400000],  sp=0x00000002ca3ff1c0,  free space=1020k
Native frames: (J=compiled Java code, j=interpreted, Vv=VM code, C=native code)
C  [glass.dll+0x26ab7]


siginfo: EXCEPTION_ACCESS_VIOLATION (0xc0000005), reading address 0x0000000000000000


Registers:
RAX=0x0000000000000000, RBX=0x000001ede3b58130, RCX=0x000001ede3b53f90, RDX=0x00000002ca3ff1c0
RSP=0x00000002ca3ff1c0, RBP=0x000001ede8810258, RSI=0x000001ede8810230, RDI=0x0000d1bbd27cc56e
R8 =0x0000000000010002, R9 =0x0000d1bbd27cc56e, R10=0x0000000000008000, R11=0x00000002ca3ff150
R12=0x00007ffbe8414384, R13=0x00007ffba21dea90, R14=0x00000002ca3ff2b8, R15=0x000001ede8810230
RIP=0x00007ffbe8416ab7, EFLAGS=0x0000000000010206


Register to memory mapping:

RIP=0x00007ffbe8416ab7 glass.dll
RAX=0x0 is NULL
RBX=0x000001ede3b58130 is a global jni handle
RCX=0x000001ede3b53f90 points into unknown readable memory: 0x00007ffba2007080 | 80 70 00 a2 fb 7f 00 00
RDX=0x00000002ca3ff1c0 points into unknown readable memory: 0x0000000000000000 | 00 00 00 00 00 00 00 00
RSP=0x00000002ca3ff1c0 points into unknown readable memory: 0x0000000000000000 | 00 00 00 00 00 00 00 00
RBP=0x000001ede8810258 points into unknown readable memory: 0x0000d1bbd27cc56e | 6e c5 7c d2 bb d1 00 00
RSI=0x000001ede8810230 points into unknown readable memory: 0x4fa7d1bbcd823f7e | 7e 3f 82 cd bb d1 a7 4f
RDI=0x0000d1bbd27cc56e is an unknown value
R8 =0x0000000000010002 is an unknown value
R9 =0x0000d1bbd27cc56e is an unknown value
R10=0x0000000000008000 is an unknown value
R11=0x00000002ca3ff150 points into unknown readable memory: 0x000001ede8810230 | 30 02 81 e8 ed 01 00 00
R12=0x00007ffbe8414384 glass.dll
R13=0x00007ffba21dea90 jvm.dll
R14=0x00000002ca3ff2b8 points into unknown readable memory: 0x00000002ca3ff2a0 | a0 f2 3f ca 02 00 00 00
R15=0x000001ede8810230 points into unknown readable memory: 0x4fa7d1bbcd823f7e | 7e 3f 82 cd bb d1 a7 4f


Top of Stack: (sp=0x00000002ca3ff1c0)
0x00000002ca3ff1c0:   0000000000000000 000001ede8810230
0x00000002ca3ff1d0:   00007ffba21dea90 00007ffbe8414384
0x00000002ca3ff1e0:   000001ede8810238 00007ffc182b42d6
0x00000002ca3ff1f0:   0000d1bbd27cc56e 000001ed00000000
0x00000002ca3ff200:   000001ede8810258 000001ede8810230
0x00000002ca3ff210:   fffffffffffffffe 0000000000000000
0x00000002ca3ff220:   0000000000000001 00007ffbe83f0000
0x00000002ca3ff230:   00000002ca3ff2a8 00007ffc182b41fb
0x00000002ca3ff240:   0000000000000000 00000002ca3ff2b8
0x00000002ca3ff250:   00000002ca3ff580 00007ffc18390e40
0x00000002ca3ff260:   0000000000000001 00007ffc182b41b4
0x00000002ca3ff270:   0000000000000000 0000000000000001
0x00000002ca3ff280:   00007ffb00000001 00000002ca3ff2a8
0x00000002ca3ff290:   0000000000000000 00007ffbe8414211
0x00000002ca3ff2a0:   00007ffbe842a138 00007ffc00000002
0x00000002ca3ff2b0:   0000000000000002 00000002ca3ff2a0
0x00000002ca3ff2c0:   0000000000000000 00007ffc1a389993
0x00000002ca3ff2d0:   0000000000000000 00007ffbe8414336
0x00000002ca3ff2e0:   0000000000000001 0000000000000000
0x00000002ca3ff2f0:   0000000000000000 0000000000000001
0x00000002ca3ff300:   0000000000000000 0000000000000000
0x00000002ca3ff310:   0000000000000001 00004becac596210
0x00000002ca3ff320:   00007ffbe83f0000 000000007ffe0384
0x00000002ca3ff330:   0000000000000000 00007ffc1a389a1d
0x00000002ca3ff340:   00007ffbe83f0000 0000000000000000
0x00000002ca3ff350:   0000000000000001 000000007ffe0385
0x00000002ca3ff360:   0000000002360fb8 00000002ca3ff580
0x00000002ca3ff370:   00004bec00000000 0000000000000014
0x00000002ca3ff380:   0000000000000000 00007ffbe8414384
0x00000002ca3ff390:   00000000000003d8 000001ede8797070
0x00000002ca3ff3a0:   000001ede3b44e00 00007ffc1a3cdcec
0x00000002ca3ff3b0:   000001ede8796470 00007ffbe83f0000 

Instructions: (pc=0x00007ffbe8416ab7)
0x00007ffbe84169b7:   8b 4d 58 e8 01 cf ff ff 48 8b 4d 60 e8 f8 ce ff
0x00007ffbe84169c7:   ff 48 8b 95 80 00 00 00 48 8b 8d 18 01 00 00 e8
0x00007ffbe84169d7:   c6 c3 ff ff 33 d2 33 c9 e8 3c e1 ff ff 90 48 89
0x00007ffbe84169e7:   54 24 10 55 48 83 ec 20 48 8b ea 48 b8 00 00 00
0x00007ffbe84169f7:   00 00 00 00 00 48 83 c4 20 5d c3 cc 40 55 48 8b
0x00007ffbe8416a07:   ea 48 8b 01 33 c9 81 38 05 00 00 c0 0f 94 c1 8b
0x00007ffbe8416a17:   c1 5d c3 cc 40 55 48 83 ec 20 48 8b ea 8a 4d 40
0x00007ffbe8416a27:   48 83 c4 20 5d e9 f7 d2 ff ff cc 40 55 48 83 ec
0x00007ffbe8416a37:   20 48 8b ea 8a 4d 20 e8 e5 d2 ff ff 90 48 83 c4
0x00007ffbe8416a47:   20 5d c3 cc 40 55 48 83 ec 20 48 8b ea 48 83 c4
0x00007ffbe8416a57:   20 5d e9 46 d1 ff ff cc 40 55 48 83 ec 30 48 8b
0x00007ffbe8416a67:   ea 48 8b 01 8b 10 48 89 4c 24 28 89 54 24 20 4c
0x00007ffbe8416a77:   8d 0d e7 d5 ff ff 4c 8b 45 70 8b 55 68 48 8b 4d
0x00007ffbe8416a87:   60 e8 87 d0 ff ff 90 48 83 c4 30 5d c3 cc cc cc
0x00007ffbe8416a97:   cc cc cc cc cc cc cc cc cc 40 53 48 83 ec 20 48
0x00007ffbe8416aa7:   8b 1d 83 30 01 00 48 85 db 74 16 e8 09 8b ff ff
0x00007ffbe8416ab7:   4c 8b 00 48 8b d3 48 8b c8 41 ff 90 b0 00 00 00
0x00007ffbe8416ac7:   90 48 83 c4 20 5b c3 cc cc 40 53 48 83 ec 20 48
0x00007ffbe8416ad7:   8b 1d fb 31 01 00 48 85 db 74 57 b8 ff ff ff ff
0x00007ffbe8416ae7:   f0 0f c1 43 10 83 f8 01 75 3d 48 85 db 74 38 48
0x00007ffbe8416af7:   8b 0b 48 85 c9 74 0d ff 15 a4 07 00 00 48 c7 03
0x00007ffbe8416b07:   00 00 00 00 48 8b 4b 08 48 85 c9 74 0d e8 a7 cd
0x00007ffbe8416b17:   ff ff 48 c7 43 08 00 00 00 00 ba 18 00 00 00 48
0x00007ffbe8416b27:   8b cb e8 92 cd ff ff 48 c7 05 9f 31 01 00 00 00
0x00007ffbe8416b37:   00 00 48 83 c4 20 5b c3 cc 40 53 48 83 ec 20 48
0x00007ffbe8416b47:   8b 1d 6b 31 01 00 48 85 db 74 57 b8 ff ff ff ff
0x00007ffbe8416b57:   f0 0f c1 43 10 83 f8 01 75 3d 48 85 db 74 38 48
0x00007ffbe8416b67:   8b 0b 48 85 c9 74 0d ff 15 34 07 00 00 48 c7 03
0x00007ffbe8416b77:   00 00 00 00 48 8b 4b 08 48 85 c9 74 0d e8 37 cd
0x00007ffbe8416b87:   ff ff 48 c7 43 08 00 00 00 00 ba 18 00 00 00 48
0x00007ffbe8416b97:   8b cb e8 22 cd ff ff 48 c7 05 0f 31 01 00 00 00
0x00007ffbe8416ba7:   00 00 48 83 c4 20 5b c3 cc 40 53 48 83 ec 20 48 


Stack slot to memory mapping:
stack at sp + 0 slots: 0x0 is NULL
stack at sp + 1 slots: 0x000001ede8810230 points into unknown readable memory: 0x4fa7d1bbcd823f7e | 7e 3f 82 cd bb d1 a7 4f
stack at sp + 2 slots: 0x00007ffba21dea90 jvm.dll
stack at sp + 3 slots: 0x00007ffbe8414384 glass.dll
stack at sp + 4 slots: 0x000001ede8810238 points into unknown readable memory: 0x0000d1bbd27cc56e | 6e c5 7c d2 bb d1 00 00
stack at sp + 5 slots: 0x00007ffc182b42d6 ucrtbase.dll
stack at sp + 6 slots: 0x0000d1bbd27cc56e is an unknown value
stack at sp + 7 slots: 0x000001ed00000000 is an unknown value

VM_Operation (0x00000002cb6ff2a0): Exit, mode: safepoint, requested by thread 0x000001ede90d6f50


---------------  P R O C E S S  ---------------

Threads class SMR info:
_java_thread_list=0x000001ede906a090, length=19, elements={
0x000001edc45fb350, 0x000001ede3b709e0, 0x000001ede3b71980, 0x000001ede3b758b0,
0x000001ede3b79c50, 0x000001ede3b7d470, 0x000001ede3b84450, 0x000001ede3b88f80,
0x000001ede3b7df10, 0x000001ede3b7e9b0, 0x000001ede3b7e460, 0x000001ede3b7ef00,
0x000001ede3b7c480, 0x000001ede3b7f450, 0x000001ede3b7c9d0, 0x000001ede3b7cf20,
0x000001ede3b7d9c0, 0x000001ede90d9480, 0x000001ede90d6f50
}

Java Threads: ( => current thread )
  0x000001edc45fb350 JavaThread "main" [_thread_blocked, id=27616, stack(0x00000002c9d00000,0x00000002c9e00000)]
  0x000001ede3b709e0 JavaThread "Reference Handler" daemon [_thread_blocked, id=15000, stack(0x00000002ca400000,0x00000002ca500000)]
  0x000001ede3b71980 JavaThread "Finalizer" daemon [_thread_blocked, id=31756, stack(0x00000002ca500000,0x00000002ca600000)]
  0x000001ede3b758b0 JavaThread "Attach Listener" daemon [_thread_blocked, id=452, stack(0x00000002ca700000,0x00000002ca800000)]
  0x000001ede3b79c50 JavaThread "Service Thread" daemon [_thread_blocked, id=11224, stack(0x00000002ca800000,0x00000002ca900000)]
  0x000001ede3b7d470 JavaThread "Monitor Deflation Thread" daemon [_thread_blocked, id=15700, stack(0x00000002ca900000,0x00000002caa00000)]
  0x000001ede3b84450 JavaThread "C2 CompilerThread0" daemon [_thread_blocked, id=3184, stack(0x00000002caa00000,0x00000002cab00000)]
  0x000001ede3b88f80 JavaThread "C1 CompilerThread0" daemon [_thread_blocked, id=30496, stack(0x00000002cab00000,0x00000002cac00000)]
  0x000001ede3b7df10 JavaThread "Common-Cleaner" daemon [_thread_blocked, id=32204, stack(0x00000002cac00000,0x00000002cad00000)]
  0x000001ede3b7e9b0 JavaThread "Monitor Ctrl-Break" daemon [_thread_in_native, id=24232, stack(0x00000002caf00000,0x00000002cb000000)]
  0x000001ede3b7e460 JavaThread "Notification Thread" daemon [_thread_blocked, id=26380, stack(0x00000002cb000000,0x00000002cb100000)]
  0x000001ede3b7ef00 JavaThread "QuantumRenderer-0" daemon [_thread_blocked, id=13016, stack(0x00000002cae00000,0x00000002caf00000)]
  0x000001ede3b7c480 JavaThread "InvokeLaterDispatcher" daemon [_thread_blocked, id=28804, stack(0x00000002cb200000,0x00000002cb300000)]
  0x000001ede3b7f450 JavaThread "JavaFX Application Thread" [_thread_in_native, id=29960, stack(0x00000002cb300000,0x00000002cb400000)]
  0x000001ede3b7c9d0 JavaThread "Thread-1" daemon [_thread_in_native, id=2768, stack(0x00000002cb700000,0x00000002cb800000)]
  0x000001ede3b7cf20 JavaThread "JavaFX-Launcher" [_thread_blocked, id=8896, stack(0x00000002cad00000,0x00000002cae00000)]
  0x000001ede3b7d9c0 JavaThread "Prism Font Disposer" daemon [_thread_blocked, id=17760, stack(0x00000002cc200000,0x00000002cc300000)]
  0x000001ede90d9480 JavaThread "Cleaner-0" daemon [_thread_blocked, id=29824, stack(0x00000002cc300000,0x00000002cc400000)]
  0x000001ede90d6f50 JavaThread "SIGINT handler" daemon [_thread_blocked, id=23840, stack(0x00000002cb600000,0x00000002cb700000)]

Other Threads:
=>0x000001ede3b53f90 VMThread "VM Thread" [stack: 0x00000002ca300000,0x00000002ca400000] [id=30676]
  0x000001edc4669700 WorkerThread "GC Thread#0" [stack: 0x00000002c9e00000,0x00000002c9f00000] [id=7720]
  0x000001ede8b598d0 WorkerThread "GC Thread#1" [stack: 0x00000002cb900000,0x00000002cba00000] [id=32760]
  0x000001ede8b20d00 WorkerThread "GC Thread#2" [stack: 0x00000002cba00000,0x00000002cbb00000] [id=15316]
  0x000001ede8bfda30 WorkerThread "GC Thread#3" [stack: 0x00000002cbb00000,0x00000002cbc00000] [id=32164]
  0x000001ede8b38150 WorkerThread "GC Thread#4" [stack: 0x00000002cbc00000,0x00000002cbd00000] [id=18980]
  0x000001ede8b389c0 WorkerThread "GC Thread#5" [stack: 0x00000002cbd00000,0x00000002cbe00000] [id=27896]
  0x000001ede8b38c90 WorkerThread "GC Thread#6" [stack: 0x00000002cb800000,0x00000002cb900000] [id=32260]
  0x000001ede8b37070 WorkerThread "GC Thread#7" [stack: 0x00000002cc700000,0x00000002cc800000] [id=26076]
  0x000001edc467a5b0 ConcurrentGCThread "G1 Main Marker" terminated
  0x000001edc467c790 WorkerThread "G1 Conc#0" [stack: 0x00000002ca000000,0x00000002ca100000] [id=14992]
  0x000001ede3a11540 ConcurrentGCThread "G1 Refine#0" terminated
  0x000001edc46ce1c0 ConcurrentGCThread "G1 Service" terminated

Threads with active compile tasks:

VM state: at safepoint (shutting down)

VM Mutex/Monitor currently owned by a thread:  ([mutex/lock_event])
[0x000001edc45f7270] Threads_lock - owner thread: 0x000001ede3b53f90
[0x000001edc45f91f0] Heap_lock - owner thread: 0x000001ede90d6f50

Heap address: 0x0000000702000000, size: 4064 MB, Compressed Oops mode: Zero based, Oop shift amount: 3

CDS archive(s) mapped at: [0x0000000800000000-0x0000000800c60000-0x0000000800c60000), size 12976128, SharedBaseAddress: 0x0000000800000000, ArchiveRelocationMode: 0.
Compressed class space mapped at: 0x0000000801000000-0x0000000841000000, reserved size: 1073741824
Narrow klass base: 0x0000000800000000, Narrow klass shift: 0, Narrow klass range: 0x100000000

GC Precious Log:
 CardTable entry size: 512
 Card Set container configuration: InlinePtr #cards 4 size 8 Array Of Cards #cards 16 size 48 Howl #buckets 8 coarsen threshold 3686 Howl Bitmap #cards 512 size 80 coarsen threshold 460 Card regions per heap region 1 cards per card region 4096
 CPUs: 8 total, 8 available
 Memory: 16254M
 Large Page Support: Disabled
 NUMA Support: Disabled
 Compressed Oops: Enabled (Zero based)
 Heap Region Size: 2M
 Heap Min Capacity: 8M
 Heap Initial Capacity: 254M
 Heap Max Capacity: 4064M
 Pre-touch: Disabled
 Parallel Workers: 8
 Concurrent Workers: 2
 Concurrent Refinement Workers: 8
 Periodic GC: Disabled

Heap:
 garbage-first heap   total 260096K, used 22188K [0x0000000702000000, 0x0000000800000000)
  region size 2048K, 10 young (20480K), 3 survivors (6144K)
 Metaspace       used 17518K, committed 17920K, reserved 1114112K
  class space    used 2469K, committed 2624K, reserved 1048576K

Heap Regions: E=young(eden), S=young(survivor), O=old, HS=humongous(starts), HC=humongous(continues), CS=collection set, F=free, OA=open archive, CA=closed archive, TAMS=top-at-mark-start, PB=parsable bottom
|   0|0x0000000702000000, 0x0000000702200000, 0x0000000702200000|100%|HS|  |TAMS 0x0000000702000000| PB 0x0000000702000000| Complete 
|   1|0x0000000702200000, 0x00000007023ab200, 0x0000000702400000| 83%| O|  |TAMS 0x0000000702200000| PB 0x0000000702200000| Untracked 
|   2|0x0000000702400000, 0x0000000702400000, 0x0000000702600000|  0%| F|  |TAMS 0x0000000702400000| PB 0x0000000702400000| Untracked 
|   3|0x0000000702600000, 0x0000000702600000, 0x0000000702800000|  0%| F|  |TAMS 0x0000000702600000| PB 0x0000000702600000| Untracked 
|   4|0x0000000702800000, 0x0000000702800000, 0x0000000702a00000|  0%| F|  |TAMS 0x0000000702800000| PB 0x0000000702800000| Untracked 
|   5|0x0000000702a00000, 0x0000000702a00000, 0x0000000702c00000|  0%| F|  |TAMS 0x0000000702a00000| PB 0x0000000702a00000| Untracked 
|   6|0x0000000702c00000, 0x0000000702c00000, 0x0000000702e00000|  0%| F|  |TAMS 0x0000000702c00000| PB 0x0000000702c00000| Untracked 
|   7|0x0000000702e00000, 0x0000000702e00000, 0x0000000703000000|  0%| F|  |TAMS 0x0000000702e00000| PB 0x0000000702e00000| Untracked 
|   8|0x0000000703000000, 0x0000000703000000, 0x0000000703200000|  0%| F|  |TAMS 0x0000000703000000| PB 0x0000000703000000| Untracked 
|   9|0x0000000703200000, 0x0000000703200000, 0x0000000703400000|  0%| F|  |TAMS 0x0000000703200000| PB 0x0000000703200000| Untracked 
|  10|0x0000000703400000, 0x0000000703400000, 0x0000000703600000|  0%| F|  |TAMS 0x0000000703400000| PB 0x0000000703400000| Untracked 
|  11|0x0000000703600000, 0x0000000703600000, 0x0000000703800000|  0%| F|  |TAMS 0x0000000703600000| PB 0x0000000703600000| Untracked 
|  12|0x0000000703800000, 0x0000000703800000, 0x0000000703a00000|  0%| F|  |TAMS 0x0000000703800000| PB 0x0000000703800000| Untracked 
|  13|0x0000000703a00000, 0x0000000703a00000, 0x0000000703c00000|  0%| F|  |TAMS 0x0000000703a00000| PB 0x0000000703a00000| Untracked 
|  14|0x0000000703c00000, 0x0000000703c00000, 0x0000000703e00000|  0%| F|  |TAMS 0x0000000703c00000| PB 0x0000000703c00000| Untracked 
|  15|0x0000000703e00000, 0x0000000703e00000, 0x0000000704000000|  0%| F|  |TAMS 0x0000000703e00000| PB 0x0000000703e00000| Untracked 
|  16|0x0000000704000000, 0x0000000704000000, 0x0000000704200000|  0%| F|  |TAMS 0x0000000704000000| PB 0x0000000704000000| Untracked 
|  17|0x0000000704200000, 0x0000000704200000, 0x0000000704400000|  0%| F|  |TAMS 0x0000000704200000| PB 0x0000000704200000| Untracked 
|  18|0x0000000704400000, 0x0000000704400000, 0x0000000704600000|  0%| F|  |TAMS 0x0000000704400000| PB 0x0000000704400000| Untracked 
|  19|0x0000000704600000, 0x0000000704600000, 0x0000000704800000|  0%| F|  |TAMS 0x0000000704600000| PB 0x0000000704600000| Untracked 
|  20|0x0000000704800000, 0x0000000704800000, 0x0000000704a00000|  0%| F|  |TAMS 0x0000000704800000| PB 0x0000000704800000| Untracked 
|  21|0x0000000704a00000, 0x0000000704a00000, 0x0000000704c00000|  0%| F|  |TAMS 0x0000000704a00000| PB 0x0000000704a00000| Untracked 
|  22|0x0000000704c00000, 0x0000000704c00000, 0x0000000704e00000|  0%| F|  |TAMS 0x0000000704c00000| PB 0x0000000704c00000| Untracked 
|  23|0x0000000704e00000, 0x0000000704e00000, 0x0000000705000000|  0%| F|  |TAMS 0x0000000704e00000| PB 0x0000000704e00000| Untracked 
|  24|0x0000000705000000, 0x0000000705000000, 0x0000000705200000|  0%| F|  |TAMS 0x0000000705000000| PB 0x0000000705000000| Untracked 
|  25|0x0000000705200000, 0x0000000705200000, 0x0000000705400000|  0%| F|  |TAMS 0x0000000705200000| PB 0x0000000705200000| Untracked 
|  26|0x0000000705400000, 0x0000000705400000, 0x0000000705600000|  0%| F|  |TAMS 0x0000000705400000| PB 0x0000000705400000| Untracked 
|  27|0x0000000705600000, 0x0000000705600000, 0x0000000705800000|  0%| F|  |TAMS 0x0000000705600000| PB 0x0000000705600000| Untracked 
|  28|0x0000000705800000, 0x0000000705800000, 0x0000000705a00000|  0%| F|  |TAMS 0x0000000705800000| PB 0x0000000705800000| Untracked 
|  29|0x0000000705a00000, 0x0000000705a00000, 0x0000000705c00000|  0%| F|  |TAMS 0x0000000705a00000| PB 0x0000000705a00000| Untracked 
|  30|0x0000000705c00000, 0x0000000705c00000, 0x0000000705e00000|  0%| F|  |TAMS 0x0000000705c00000| PB 0x0000000705c00000| Untracked 
|  31|0x0000000705e00000, 0x0000000705e00000, 0x0000000706000000|  0%| F|  |TAMS 0x0000000705e00000| PB 0x0000000705e00000| Untracked 
|  32|0x0000000706000000, 0x0000000706000000, 0x0000000706200000|  0%| F|  |TAMS 0x0000000706000000| PB 0x0000000706000000| Untracked 
|  33|0x0000000706200000, 0x0000000706200000, 0x0000000706400000|  0%| F|  |TAMS 0x0000000706200000| PB 0x0000000706200000| Untracked 
|  34|0x0000000706400000, 0x0000000706400000, 0x0000000706600000|  0%| F|  |TAMS 0x0000000706400000| PB 0x0000000706400000| Untracked 
|  35|0x0000000706600000, 0x0000000706600000, 0x0000000706800000|  0%| F|  |TAMS 0x0000000706600000| PB 0x0000000706600000| Untracked 
|  36|0x0000000706800000, 0x0000000706800000, 0x0000000706a00000|  0%| F|  |TAMS 0x0000000706800000| PB 0x0000000706800000| Untracked 
|  37|0x0000000706a00000, 0x0000000706a00000, 0x0000000706c00000|  0%| F|  |TAMS 0x0000000706a00000| PB 0x0000000706a00000| Untracked 
|  38|0x0000000706c00000, 0x0000000706c00000, 0x0000000706e00000|  0%| F|  |TAMS 0x0000000706c00000| PB 0x0000000706c00000| Untracked 
|  39|0x0000000706e00000, 0x0000000706e00000, 0x0000000707000000|  0%| F|  |TAMS 0x0000000706e00000| PB 0x0000000706e00000| Untracked 
|  40|0x0000000707000000, 0x0000000707000000, 0x0000000707200000|  0%| F|  |TAMS 0x0000000707000000| PB 0x0000000707000000| Untracked 
|  41|0x0000000707200000, 0x0000000707200000, 0x0000000707400000|  0%| F|  |TAMS 0x0000000707200000| PB 0x0000000707200000| Untracked 
|  42|0x0000000707400000, 0x0000000707400000, 0x0000000707600000|  0%| F|  |TAMS 0x0000000707400000| PB 0x0000000707400000| Untracked 
|  43|0x0000000707600000, 0x0000000707600000, 0x0000000707800000|  0%| F|  |TAMS 0x0000000707600000| PB 0x0000000707600000| Untracked 
|  44|0x0000000707800000, 0x0000000707800000, 0x0000000707a00000|  0%| F|  |TAMS 0x0000000707800000| PB 0x0000000707800000| Untracked 
|  45|0x0000000707a00000, 0x0000000707a00000, 0x0000000707c00000|  0%| F|  |TAMS 0x0000000707a00000| PB 0x0000000707a00000| Untracked 
|  46|0x0000000707c00000, 0x0000000707c00000, 0x0000000707e00000|  0%| F|  |TAMS 0x0000000707c00000| PB 0x0000000707c00000| Untracked 
|  47|0x0000000707e00000, 0x0000000707e00000, 0x0000000708000000|  0%| F|  |TAMS 0x0000000707e00000| PB 0x0000000707e00000| Untracked 
|  48|0x0000000708000000, 0x0000000708000000, 0x0000000708200000|  0%| F|  |TAMS 0x0000000708000000| PB 0x0000000708000000| Untracked 
|  49|0x0000000708200000, 0x0000000708200000, 0x0000000708400000|  0%| F|  |TAMS 0x0000000708200000| PB 0x0000000708200000| Untracked 
|  50|0x0000000708400000, 0x0000000708400000, 0x0000000708600000|  0%| F|  |TAMS 0x0000000708400000| PB 0x0000000708400000| Untracked 
|  51|0x0000000708600000, 0x0000000708600000, 0x0000000708800000|  0%| F|  |TAMS 0x0000000708600000| PB 0x0000000708600000| Untracked 
|  52|0x0000000708800000, 0x0000000708800000, 0x0000000708a00000|  0%| F|  |TAMS 0x0000000708800000| PB 0x0000000708800000| Untracked 
|  53|0x0000000708a00000, 0x0000000708a00000, 0x0000000708c00000|  0%| F|  |TAMS 0x0000000708a00000| PB 0x0000000708a00000| Untracked 
|  54|0x0000000708c00000, 0x0000000708c00000, 0x0000000708e00000|  0%| F|  |TAMS 0x0000000708c00000| PB 0x0000000708c00000| Untracked 
|  55|0x0000000708e00000, 0x0000000708e00000, 0x0000000709000000|  0%| F|  |TAMS 0x0000000708e00000| PB 0x0000000708e00000| Untracked 
|  56|0x0000000709000000, 0x0000000709000000, 0x0000000709200000|  0%| F|  |TAMS 0x0000000709000000| PB 0x0000000709000000| Untracked 
|  57|0x0000000709200000, 0x0000000709200000, 0x0000000709400000|  0%| F|  |TAMS 0x0000000709200000| PB 0x0000000709200000| Untracked 
|  58|0x0000000709400000, 0x0000000709400000, 0x0000000709600000|  0%| F|  |TAMS 0x0000000709400000| PB 0x0000000709400000| Untracked 
|  59|0x0000000709600000, 0x0000000709600000, 0x0000000709800000|  0%| F|  |TAMS 0x0000000709600000| PB 0x0000000709600000| Untracked 
|  60|0x0000000709800000, 0x0000000709800000, 0x0000000709a00000|  0%| F|  |TAMS 0x0000000709800000| PB 0x0000000709800000| Untracked 
|  61|0x0000000709a00000, 0x0000000709a00000, 0x0000000709c00000|  0%| F|  |TAMS 0x0000000709a00000| PB 0x0000000709a00000| Untracked 
|  62|0x0000000709c00000, 0x0000000709c00000, 0x0000000709e00000|  0%| F|  |TAMS 0x0000000709c00000| PB 0x0000000709c00000| Untracked 
|  63|0x0000000709e00000, 0x0000000709e00000, 0x000000070a000000|  0%| F|  |TAMS 0x0000000709e00000| PB 0x0000000709e00000| Untracked 
|  64|0x000000070a000000, 0x000000070a000000, 0x000000070a200000|  0%| F|  |TAMS 0x000000070a000000| PB 0x000000070a000000| Untracked 
|  65|0x000000070a200000, 0x000000070a200000, 0x000000070a400000|  0%| F|  |TAMS 0x000000070a200000| PB 0x000000070a200000| Untracked 
|  66|0x000000070a400000, 0x000000070a400000, 0x000000070a600000|  0%| F|  |TAMS 0x000000070a400000| PB 0x000000070a400000| Untracked 
|  67|0x000000070a600000, 0x000000070a600000, 0x000000070a800000|  0%| F|  |TAMS 0x000000070a600000| PB 0x000000070a600000| Untracked 
|  68|0x000000070a800000, 0x000000070a800000, 0x000000070aa00000|  0%| F|  |TAMS 0x000000070a800000| PB 0x000000070a800000| Untracked 
|  69|0x000000070aa00000, 0x000000070aa00000, 0x000000070ac00000|  0%| F|  |TAMS 0x000000070aa00000| PB 0x000000070aa00000| Untracked 
|  70|0x000000070ac00000, 0x000000070ac00000, 0x000000070ae00000|  0%| F|  |TAMS 0x000000070ac00000| PB 0x000000070ac00000| Untracked 
|  71|0x000000070ae00000, 0x000000070ae00000, 0x000000070b000000|  0%| F|  |TAMS 0x000000070ae00000| PB 0x000000070ae00000| Untracked 
|  72|0x000000070b000000, 0x000000070b000000, 0x000000070b200000|  0%| F|  |TAMS 0x000000070b000000| PB 0x000000070b000000| Untracked 
|  73|0x000000070b200000, 0x000000070b200000, 0x000000070b400000|  0%| F|  |TAMS 0x000000070b200000| PB 0x000000070b200000| Untracked 
|  74|0x000000070b400000, 0x000000070b400000, 0x000000070b600000|  0%| F|  |TAMS 0x000000070b400000| PB 0x000000070b400000| Untracked 
|  75|0x000000070b600000, 0x000000070b600000, 0x000000070b800000|  0%| F|  |TAMS 0x000000070b600000| PB 0x000000070b600000| Untracked 
|  76|0x000000070b800000, 0x000000070b800000, 0x000000070ba00000|  0%| F|  |TAMS 0x000000070b800000| PB 0x000000070b800000| Untracked 
|  77|0x000000070ba00000, 0x000000070ba00000, 0x000000070bc00000|  0%| F|  |TAMS 0x000000070ba00000| PB 0x000000070ba00000| Untracked 
|  78|0x000000070bc00000, 0x000000070bc00000, 0x000000070be00000|  0%| F|  |TAMS 0x000000070bc00000| PB 0x000000070bc00000| Untracked 
|  79|0x000000070be00000, 0x000000070be00000, 0x000000070c000000|  0%| F|  |TAMS 0x000000070be00000| PB 0x000000070be00000| Untracked 
|  80|0x000000070c000000, 0x000000070c000000, 0x000000070c200000|  0%| F|  |TAMS 0x000000070c000000| PB 0x000000070c000000| Untracked 
|  81|0x000000070c200000, 0x000000070c200000, 0x000000070c400000|  0%| F|  |TAMS 0x000000070c200000| PB 0x000000070c200000| Untracked 
|  82|0x000000070c400000, 0x000000070c400000, 0x000000070c600000|  0%| F|  |TAMS 0x000000070c400000| PB 0x000000070c400000| Untracked 
|  83|0x000000070c600000, 0x000000070c600000, 0x000000070c800000|  0%| F|  |TAMS 0x000000070c600000| PB 0x000000070c600000| Untracked 
|  84|0x000000070c800000, 0x000000070c800000, 0x000000070ca00000|  0%| F|  |TAMS 0x000000070c800000| PB 0x000000070c800000| Untracked 
|  85|0x000000070ca00000, 0x000000070ca00000, 0x000000070cc00000|  0%| F|  |TAMS 0x000000070ca00000| PB 0x000000070ca00000| Untracked 
|  86|0x000000070cc00000, 0x000000070cc00000, 0x000000070ce00000|  0%| F|  |TAMS 0x000000070cc00000| PB 0x000000070cc00000| Untracked 
|  87|0x000000070ce00000, 0x000000070ce00000, 0x000000070d000000|  0%| F|  |TAMS 0x000000070ce00000| PB 0x000000070ce00000| Untracked 
|  88|0x000000070d000000, 0x000000070d000000, 0x000000070d200000|  0%| F|  |TAMS 0x000000070d000000| PB 0x000000070d000000| Untracked 
|  89|0x000000070d200000, 0x000000070d200000, 0x000000070d400000|  0%| F|  |TAMS 0x000000070d200000| PB 0x000000070d200000| Untracked 
|  90|0x000000070d400000, 0x000000070d400000, 0x000000070d600000|  0%| F|  |TAMS 0x000000070d400000| PB 0x000000070d400000| Untracked 
|  91|0x000000070d600000, 0x000000070d600000, 0x000000070d800000|  0%| F|  |TAMS 0x000000070d600000| PB 0x000000070d600000| Untracked 
|  92|0x000000070d800000, 0x000000070d800000, 0x000000070da00000|  0%| F|  |TAMS 0x000000070d800000| PB 0x000000070d800000| Untracked 
|  93|0x000000070da00000, 0x000000070da00000, 0x000000070dc00000|  0%| F|  |TAMS 0x000000070da00000| PB 0x000000070da00000| Untracked 
|  94|0x000000070dc00000, 0x000000070dc00000, 0x000000070de00000|  0%| F|  |TAMS 0x000000070dc00000| PB 0x000000070dc00000| Untracked 
|  95|0x000000070de00000, 0x000000070de00000, 0x000000070e000000|  0%| F|  |TAMS 0x000000070de00000| PB 0x000000070de00000| Untracked 
|  96|0x000000070e000000, 0x000000070e000000, 0x000000070e200000|  0%| F|  |TAMS 0x000000070e000000| PB 0x000000070e000000| Untracked 
|  97|0x000000070e200000, 0x000000070e200000, 0x000000070e400000|  0%| F|  |TAMS 0x000000070e200000| PB 0x000000070e200000| Untracked 
|  98|0x000000070e400000, 0x000000070e400000, 0x000000070e600000|  0%| F|  |TAMS 0x000000070e400000| PB 0x000000070e400000| Untracked 
|  99|0x000000070e600000, 0x000000070e600000, 0x000000070e800000|  0%| F|  |TAMS 0x000000070e600000| PB 0x000000070e600000| Untracked 
| 100|0x000000070e800000, 0x000000070e800000, 0x000000070ea00000|  0%| F|  |TAMS 0x000000070e800000| PB 0x000000070e800000| Untracked 
| 101|0x000000070ea00000, 0x000000070ea00000, 0x000000070ec00000|  0%| F|  |TAMS 0x000000070ea00000| PB 0x000000070ea00000| Untracked 
| 102|0x000000070ec00000, 0x000000070ec00000, 0x000000070ee00000|  0%| F|  |TAMS 0x000000070ec00000| PB 0x000000070ec00000| Untracked 
| 103|0x000000070ee00000, 0x000000070f000000, 0x000000070f000000|100%| S|CS|TAMS 0x000000070ee00000| PB 0x000000070ee00000| Complete 
| 104|0x000000070f000000, 0x000000070f200000, 0x000000070f200000|100%| S|CS|TAMS 0x000000070f000000| PB 0x000000070f000000| Complete 
| 105|0x000000070f200000, 0x000000070f400000, 0x000000070f400000|100%| S|CS|TAMS 0x000000070f200000| PB 0x000000070f200000| Complete 
| 106|0x000000070f400000, 0x000000070f400000, 0x000000070f600000|  0%| F|  |TAMS 0x000000070f400000| PB 0x000000070f400000| Untracked 
| 107|0x000000070f600000, 0x000000070f600000, 0x000000070f800000|  0%| F|  |TAMS 0x000000070f600000| PB 0x000000070f600000| Untracked 
| 108|0x000000070f800000, 0x000000070f800000, 0x000000070fa00000|  0%| F|  |TAMS 0x000000070f800000| PB 0x000000070f800000| Untracked 
| 109|0x000000070fa00000, 0x000000070fa00000, 0x000000070fc00000|  0%| F|  |TAMS 0x000000070fa00000| PB 0x000000070fa00000| Untracked 
| 110|0x000000070fc00000, 0x000000070fc00000, 0x000000070fe00000|  0%| F|  |TAMS 0x000000070fc00000| PB 0x000000070fc00000| Untracked 
| 111|0x000000070fe00000, 0x000000070fe00000, 0x0000000710000000|  0%| F|  |TAMS 0x000000070fe00000| PB 0x000000070fe00000| Untracked 
| 112|0x0000000710000000, 0x0000000710000000, 0x0000000710200000|  0%| F|  |TAMS 0x0000000710000000| PB 0x0000000710000000| Untracked 
| 113|0x0000000710200000, 0x0000000710200000, 0x0000000710400000|  0%| F|  |TAMS 0x0000000710200000| PB 0x0000000710200000| Untracked 
| 114|0x0000000710400000, 0x0000000710400000, 0x0000000710600000|  0%| F|  |TAMS 0x0000000710400000| PB 0x0000000710400000| Untracked 
| 115|0x0000000710600000, 0x0000000710600000, 0x0000000710800000|  0%| F|  |TAMS 0x0000000710600000| PB 0x0000000710600000| Untracked 
| 116|0x0000000710800000, 0x0000000710800000, 0x0000000710a00000|  0%| F|  |TAMS 0x0000000710800000| PB 0x0000000710800000| Untracked 
| 117|0x0000000710a00000, 0x0000000710a00000, 0x0000000710c00000|  0%| F|  |TAMS 0x0000000710a00000| PB 0x0000000710a00000| Untracked 
| 118|0x0000000710c00000, 0x0000000710c00000, 0x0000000710e00000|  0%| F|  |TAMS 0x0000000710c00000| PB 0x0000000710c00000| Untracked 
| 119|0x0000000710e00000, 0x0000000710e00000, 0x0000000711000000|  0%| F|  |TAMS 0x0000000710e00000| PB 0x0000000710e00000| Untracked 
| 120|0x0000000711000000, 0x0000000711048f08, 0x0000000711200000| 14%| E|  |TAMS 0x0000000711000000| PB 0x0000000711000000| Complete 
| 121|0x0000000711200000, 0x0000000711400000, 0x0000000711400000|100%| E|CS|TAMS 0x0000000711200000| PB 0x0000000711200000| Complete 
| 122|0x0000000711400000, 0x0000000711600000, 0x0000000711600000|100%| E|CS|TAMS 0x0000000711400000| PB 0x0000000711400000| Complete 
| 123|0x0000000711600000, 0x0000000711800000, 0x0000000711800000|100%| E|CS|TAMS 0x0000000711600000| PB 0x0000000711600000| Complete 
| 124|0x0000000711800000, 0x0000000711a00000, 0x0000000711a00000|100%| E|CS|TAMS 0x0000000711800000| PB 0x0000000711800000| Complete 
| 125|0x0000000711a00000, 0x0000000711c00000, 0x0000000711c00000|100%| E|CS|TAMS 0x0000000711a00000| PB 0x0000000711a00000| Complete 
| 126|0x0000000711c00000, 0x0000000711e00000, 0x0000000711e00000|100%| E|CS|TAMS 0x0000000711c00000| PB 0x0000000711c00000| Complete 

Card table byte_map: [0x000001eddc1e0000,0x000001eddc9d0000] _byte_map_base: 0x000001edd89d0000

Marking Bits: (CMBitMap*) 0x000001edc4669d30
 Bits: [0x000001eddd1c0000, 0x000001ede1140000)

Polling page: 0x000001edc3dd0000

Metaspace:

Usage:
  Non-class:     14.70 MB used.
      Class:      2.41 MB used.
       Both:     17.11 MB used.

Virtual space:
  Non-class space:       64.00 MB reserved,      14.94 MB ( 23%) committed,  1 nodes.
      Class space:        1.00 GB reserved,       2.56 MB ( <1%) committed,  1 nodes.
             Both:        1.06 GB reserved,      17.50 MB (  2%) committed. 

Chunk freelists:
   Non-Class:  880.00 KB
       Class:  1.42 MB
        Both:  2.28 MB

MaxMetaspaceSize: unlimited
CompressedClassSpaceSize: 1.00 GB
Initial GC threshold: 21.00 MB
Current GC threshold: 21.00 MB
CDS: on
MetaspaceReclaimPolicy: balanced
 - commit_granule_bytes: 65536.
 - commit_granule_words: 8192.
 - virtual_space_node_default_size: 8388608.
 - enlarge_chunks_in_place: 1.
 - new_chunks_are_fully_committed: 0.
 - uncommit_free_chunks: 1.
 - use_allocation_guard: 0.


Internal statistics:

num_allocs_failed_limit: 0.
num_arena_births: 378.
num_arena_deaths: 0.
num_vsnodes_births: 2.
num_vsnodes_deaths: 0.
num_space_committed: 280.
num_space_uncommitted: 0.
num_chunks_returned_to_freelist: 0.
num_chunks_taken_from_freelist: 957.
num_chunk_merges: 0.
num_chunk_splits: 646.
num_chunks_enlarged: 464.
num_inconsistent_stats: 0.

CodeHeap 'non-profiled nmethods': size=120000Kb used=1411Kb max_used=1411Kb free=118588Kb
 bounds [0x000001edd4190000, 0x000001edd4400000, 0x000001eddb6c0000]
CodeHeap 'profiled nmethods': size=120000Kb used=6242Kb max_used=6242Kb free=113757Kb
 bounds [0x000001edcc6c0000, 0x000001edccce0000, 0x000001edd3bf0000]
CodeHeap 'non-nmethods': size=5760Kb used=1861Kb max_used=1933Kb free=3898Kb
 bounds [0x000001edd3bf0000, 0x000001edd3e60000, 0x000001edd4190000]
 total_blobs=4016 nmethods=3201 adapters=724
 compilation: enabled
              stopped_count=0, restarted_count=0
 full_count=0

Compilation events (20 events):
Event: 22.256 Thread 0x000001ede3b88f80 3193       3       javafx.scene.Node$1::intersects (7 bytes)
Event: 22.256 Thread 0x000001ede3b88f80 nmethod 3193 0x000001edcccd4590 code [0x000001edcccd4720, 0x000001edcccd4870]
Event: 22.304 Thread 0x000001ede3b88f80 3194   !   3       com.sun.javafx.tk.quantum.GlassViewEventHandler$MouseEventNotification::run (703 bytes)
Event: 22.305 Thread 0x000001ede3b88f80 nmethod 3194 0x000001edcccd4990 code [0x000001edcccd4c60, 0x000001edcccd5fd0]
Event: 22.305 Thread 0x000001ede3b88f80 3195       3       com.sun.javafx.tk.quantum.GlassViewEventHandler::mouseEventType (102 bytes)
Event: 22.305 Thread 0x000001ede3b88f80 nmethod 3195 0x000001edcccd6810 code [0x000001edcccd69e0, 0x000001edcccd6e10]
Event: 22.305 Thread 0x000001ede3b88f80 3196       3       javafx.scene.Scene$ScenePeerListener::mouseEvent (54 bytes)
Event: 22.306 Thread 0x000001ede3b88f80 nmethod 3196 0x000001edcccd6f10 code [0x000001edcccd70c0, 0x000001edcccd7468]
Event: 22.306 Thread 0x000001ede3b88f80 3197       3       javafx.scene.Scene::processMouseEvent (10 bytes)
Event: 22.306 Thread 0x000001ede3b88f80 nmethod 3197 0x000001edcccd7690 code [0x000001edcccd7820, 0x000001edcccd7968]
Event: 22.306 Thread 0x000001ede3b88f80 3198       3       java.util.EnumMap$Values::iterator (12 bytes)
Event: 22.306 Thread 0x000001ede3b88f80 nmethod 3198 0x000001edcccd7a10 code [0x000001edcccd7bc0, 0x000001edcccd7f20]
Event: 22.306 Thread 0x000001ede3b88f80 3199       3       java.util.EnumMap$ValueIterator::<init> (11 bytes)
Event: 22.306 Thread 0x000001ede3b88f80 nmethod 3199 0x000001edcccd8090 code [0x000001edcccd8220, 0x000001edcccd84c0]
Event: 22.306 Thread 0x000001ede3b88f80 3200       3       java.util.EnumMap$EnumMapIterator::<init> (20 bytes)
Event: 22.306 Thread 0x000001ede3b88f80 nmethod 3200 0x000001edcccd8590 code [0x000001edcccd8720, 0x000001edcccd8900]
Event: 86.043 Thread 0x000001ede3b84450 3201       4       com.sun.javafx.tk.quantum.QuantumToolkit::postPulse (133 bytes)
Event: 86.045 Thread 0x000001ede3b84450 nmethod 3201 0x000001edd42f0010 code [0x000001edd42f01c0, 0x000001edd42f0438]
Event: 86.826 Thread 0x000001ede3b84450 3202       4       com.sun.javafx.tk.quantum.QuantumToolkit$$Lambda$81/0x000000080103c070::run (8 bytes)
Event: 86.830 Thread 0x000001ede3b84450 nmethod 3202 0x000001edd42f0710 code [0x000001edd42f08c0, 0x000001edd42f0bb0]

GC Heap History (4 events):
Event: 0.894 GC heap before
{Heap before GC invocations=0 (full 0):
 garbage-first heap   total 260096K, used 20480K [0x0000000702000000, 0x0000000800000000)
  region size 2048K, 11 young (22528K), 0 survivors (0K)
 Metaspace       used 5239K, committed 5440K, reserved 1114112K
  class space    used 608K, committed 704K, reserved 1048576K
}
Event: 0.899 GC heap after
{Heap after GC invocations=1 (full 0):
 garbage-first heap   total 260096K, used 2645K [0x0000000702000000, 0x0000000800000000)
  region size 2048K, 2 young (4096K), 2 survivors (4096K)
 Metaspace       used 5239K, committed 5440K, reserved 1114112K
  class space    used 608K, committed 704K, reserved 1048576K
}
Event: 15.353 GC heap before
{Heap before GC invocations=1 (full 0):
 garbage-first heap   total 260096K, used 43605K [0x0000000702000000, 0x0000000800000000)
  region size 2048K, 21 young (43008K), 2 survivors (4096K)
 Metaspace       used 16016K, committed 16320K, reserved 1114112K
  class space    used 2132K, committed 2240K, reserved 1048576K
}
Event: 15.362 GC heap after
{Heap after GC invocations=2 (full 0):
 garbage-first heap   total 260096K, used 9900K [0x0000000702000000, 0x0000000800000000)
  region size 2048K, 3 young (6144K), 3 survivors (6144K)
 Metaspace       used 16016K, committed 16320K, reserved 1114112K
  class space    used 2132K, committed 2240K, reserved 1048576K
}

Dll operation events (20 events):
Event: 0.532 Loaded shared library C:\Users\shara\.openjfx\cache\17.0.2-ea\api-ms-win-crt-filesystem-l1-1-0.dll
Event: 0.537 Loaded shared library C:\Users\shara\.openjfx\cache\17.0.2-ea\api-ms-win-crt-heap-l1-1-0.dll
Event: 0.541 Loaded shared library C:\Users\shara\.openjfx\cache\17.0.2-ea\api-ms-win-crt-locale-l1-1-0.dll
Event: 0.545 Loaded shared library C:\Users\shara\.openjfx\cache\17.0.2-ea\api-ms-win-crt-math-l1-1-0.dll
Event: 0.549 Loaded shared library C:\Users\shara\.openjfx\cache\17.0.2-ea\api-ms-win-crt-multibyte-l1-1-0.dll
Event: 0.555 Loaded shared library C:\Users\shara\.openjfx\cache\17.0.2-ea\api-ms-win-crt-private-l1-1-0.dll
Event: 0.559 Loaded shared library C:\Users\shara\.openjfx\cache\17.0.2-ea\api-ms-win-crt-process-l1-1-0.dll
Event: 0.563 Loaded shared library C:\Users\shara\.openjfx\cache\17.0.2-ea\api-ms-win-crt-runtime-l1-1-0.dll
Event: 0.567 Loaded shared library C:\Users\shara\.openjfx\cache\17.0.2-ea\api-ms-win-crt-stdio-l1-1-0.dll
Event: 0.572 Loaded shared library C:\Users\shara\.openjfx\cache\17.0.2-ea\api-ms-win-crt-string-l1-1-0.dll
Event: 0.575 Loaded shared library C:\Users\shara\.openjfx\cache\17.0.2-ea\api-ms-win-crt-time-l1-1-0.dll
Event: 0.579 Loaded shared library C:\Users\shara\.openjfx\cache\17.0.2-ea\api-ms-win-crt-utility-l1-1-0.dll
Event: 0.601 Loaded shared library C:\Users\shara\.openjfx\cache\17.0.2-ea\ucrtbase.dll
Event: 0.607 Loaded shared library C:\Users\shara\.openjfx\cache\17.0.2-ea\vcruntime140.dll
Event: 0.612 Loaded shared library C:\Users\shara\.openjfx\cache\17.0.2-ea\vcruntime140_1.dll
Event: 0.624 Loaded shared library C:\Users\shara\.openjfx\cache\17.0.2-ea\msvcp140.dll
Event: 0.677 Loaded shared library C:\Users\shara\.openjfx\cache\17.0.2-ea\prism_d3d.dll
Event: 0.726 Loaded shared library C:\Users\shara\.openjfx\cache\17.0.2-ea\glass.dll
Event: 0.875 Loaded shared library C:\Users\shara\.jdks\openjdk-20.0.1\bin\jimage.dll
Event: 1.176 Loaded shared library C:\Users\shara\.openjfx\cache\17.0.2-ea\javafx_font.dll

Deoptimization events (20 events):
Event: 15.529 Thread 0x000001ede3b7f450 Uncommon trap: trap_request=0xffffffbe fr.pc=0x000001edd42cef38 relative=0x0000000000000618
Event: 15.529 Thread 0x000001ede3b7f450 Uncommon trap: reason=profile_predicate action=maybe_recompile pc=0x000001edd42cef38 method=com.sun.javafx.css.BitSet.addAll(Ljava/util/Collection;)Z @ 86 c2
Event: 15.529 Thread 0x000001ede3b7f450 DEOPT PACKING pc=0x000001edd42cef38 sp=0x00000002cb3f9020
Event: 15.529 Thread 0x000001ede3b7f450 DEOPT UNPACKING pc=0x000001edd3c59d22 sp=0x00000002cb3f8f80 mode 2
Event: 15.529 Thread 0x000001ede3b7f450 Uncommon trap: trap_request=0xffffffbe fr.pc=0x000001edd42cef38 relative=0x0000000000000618
Event: 15.529 Thread 0x000001ede3b7f450 Uncommon trap: reason=profile_predicate action=maybe_recompile pc=0x000001edd42cef38 method=com.sun.javafx.css.BitSet.addAll(Ljava/util/Collection;)Z @ 86 c2
Event: 15.529 Thread 0x000001ede3b7f450 DEOPT PACKING pc=0x000001edd42cef38 sp=0x00000002cb3f9030
Event: 15.529 Thread 0x000001ede3b7f450 DEOPT UNPACKING pc=0x000001edd3c59d22 sp=0x00000002cb3f8f90 mode 2
Event: 15.535 Thread 0x000001ede3b7f450 Uncommon trap: trap_request=0xffffff45 fr.pc=0x000001edd41f10cc relative=0x00000000000004ac
Event: 15.535 Thread 0x000001ede3b7f450 Uncommon trap: reason=unstable_if action=reinterpret pc=0x000001edd41f10cc method=java.lang.String.substring(II)Ljava/lang/String; @ 31 c2
Event: 15.535 Thread 0x000001ede3b7f450 DEOPT PACKING pc=0x000001edd41f10cc sp=0x00000002cb3f9ff0
Event: 15.535 Thread 0x000001ede3b7f450 DEOPT UNPACKING pc=0x000001edd3c59d22 sp=0x00000002cb3f9fc0 mode 2
Event: 15.536 Thread 0x000001ede3b7f450 Uncommon trap: trap_request=0xffffff45 fr.pc=0x000001edd42b1224 relative=0x0000000000000124
Event: 15.536 Thread 0x000001ede3b7f450 Uncommon trap: reason=unstable_if action=reinterpret pc=0x000001edd42b1224 method=java.lang.StringConcatHelper.prepend(J[BLjava/lang/String;)J @ 13 c2
Event: 15.536 Thread 0x000001ede3b7f450 DEOPT PACKING pc=0x000001edd42b1224 sp=0x00000002cb3f9dd0
Event: 15.536 Thread 0x000001ede3b7f450 DEOPT UNPACKING pc=0x000001edd3c59d22 sp=0x00000002cb3f9d80 mode 2
Event: 15.536 Thread 0x000001ede3b7f450 Uncommon trap: trap_request=0xffffff45 fr.pc=0x000001edd41d63e8 relative=0x00000000000000e8
Event: 15.536 Thread 0x000001ede3b7f450 Uncommon trap: reason=unstable_if action=reinterpret pc=0x000001edd41d63e8 method=java.lang.String.getBytes([BIB)V @ 5 c2
Event: 15.536 Thread 0x000001ede3b7f450 DEOPT PACKING pc=0x000001edd41d63e8 sp=0x00000002cb3f9d30
Event: 15.536 Thread 0x000001ede3b7f450 DEOPT UNPACKING pc=0x000001edd3c59d22 sp=0x00000002cb3f9cf8 mode 2

Classes loaded (20 events):
Event: 15.249 Loading class java/lang/reflect/WildcardType done
Event: 15.249 Loading class sun/reflect/generics/reflectiveObjects/WildcardTypeImpl done
Event: 15.459 Loading class java/lang/FdLibm$Hypot
Event: 15.459 Loading class java/lang/FdLibm$Hypot done
Event: 15.459 Loading class java/lang/FdLibm
Event: 15.459 Loading class java/lang/FdLibm done
Event: 15.534 Loading class java/text/BreakIterator
Event: 15.534 Loading class java/text/BreakIterator done
Event: 15.535 Loading class sun/util/locale/provider/BreakIteratorProviderImpl
Event: 15.535 Loading class sun/util/locale/provider/BreakIteratorProviderImpl done
Event: 15.535 Loading class sun/util/locale/provider/BreakIteratorProviderImpl$GraphemeBreakIterator
Event: 15.535 Loading class sun/util/locale/provider/BreakIteratorProviderImpl$GraphemeBreakIterator done
Event: 15.535 Loading class java/text/StringCharacterIterator
Event: 15.535 Loading class java/text/StringCharacterIterator done
Event: 15.535 Loading class sun/util/locale/provider/BreakIteratorProviderImpl$CharacterIteratorCharSequence
Event: 15.535 Loading class sun/util/locale/provider/BreakIteratorProviderImpl$CharacterIteratorCharSequence done
Event: 15.535 Loading class java/text/BreakIterator$BreakIteratorCache
Event: 15.535 Loading class java/text/BreakIterator$BreakIteratorCache done
Event: 637.797 Loading class jdk/internal/misc/Signal$1
Event: 637.797 Loading class jdk/internal/misc/Signal$1 done

Classes unloaded (0 events):
No events

Classes redefined (0 events):
No events

Internal exceptions (20 events):
Event: 1.349 Thread 0x000001ede3b7f450 Exception <a 'java/lang/NoSuchMethodError'{0x0000000710f83fe0}: 'int java.lang.invoke.DirectMethodHandle$Holder.invokeSpecial(java.lang.Object, java.lang.Object, java.lang.Object, int)'> (0x0000000710f83fe0) 
thrown [s\open\src\hotspot\share\interpreter\linkResolver.cpp, line 773]
Event: 1.351 Thread 0x000001ede3b7f450 Exception <a 'java/lang/NoSuchMethodError'{0x0000000710f8deb8}: 'void java.lang.invoke.DelegatingMethodHandle$Holder.reinvoke_L(java.lang.Object, java.lang.Object, int)'> (0x0000000710f8deb8) 
thrown [s\open\src\hotspot\share\interpreter\linkResolver.cpp, line 773]
Event: 1.383 Thread 0x000001ede3b7f450 Implicit null exception at 0x000001edd41affe7 to 0x000001edd41b0208
Event: 1.405 Thread 0x000001ede3b7f450 Implicit null exception at 0x000001edd420f020 to 0x000001edd420f430
Event: 1.406 Thread 0x000001ede3b7f450 Implicit null exception at 0x000001edd420e520 to 0x000001edd420e934
Event: 1.407 Thread 0x000001ede3b7f450 Implicit null exception at 0x000001edd41aa020 to 0x000001edd41aa09d
Event: 1.501 Thread 0x000001ede3b7f450 Implicit null exception at 0x000001edd4201292 to 0x000001edd4201908
Event: 1.594 Thread 0x000001ede3b7f450 Exception <a 'java/lang/IncompatibleClassChangeError'{0x00000007109e2ac8}: Found class java.lang.Object, but interface was expected> (0x00000007109e2ac8) 
thrown [s\open\src\hotspot\share\interpreter\linkResolver.cpp, line 840]
Event: 1.653 Thread 0x000001ede3b7f450 Exception <a 'java/lang/NoSuchMethodError'{0x0000000710307340}: 'int java.lang.invoke.DirectMethodHandle$Holder.invokeSpecial(java.lang.Object, java.lang.Object, int)'> (0x0000000710307340) 
thrown [s\open\src\hotspot\share\interpreter\linkResolver.cpp, line 773]
Event: 1.676 Thread 0x000001ede3b7f450 Exception <a 'java/lang/NoSuchMethodError'{0x0000000710388e40}: 'java.lang.Object java.lang.invoke.DirectMethodHandle$Holder.newInvokeSpecial(java.lang.Object, java.lang.Object, int)'> (0x0000000710388e40) 
thrown [s\open\src\hotspot\share\interpreter\linkResolver.cpp, line 773]
Event: 1.709 Thread 0x000001ede3b7ef00 Exception <a 'java/lang/NoSuchMethodError'{0x00000007100507b0}: 'int java.lang.invoke.DirectMethodHandle$Holder.invokeStaticInit(java.lang.Object, java.lang.Object)'> (0x00000007100507b0) 
thrown [s\open\src\hotspot\share\interpreter\linkResolver.cpp, line 773]
Event: 3.339 Thread 0x000001ede3b7f450 Exception <a 'java/lang/NoSuchMethodError'{0x000000070fc67ce0}: 'long java.lang.invoke.DirectMethodHandle$Holder.invokeStatic(java.lang.Object, java.lang.Object, java.lang.Object)'> (0x000000070fc67ce0) 
thrown [s\open\src\hotspot\share\interpreter\linkResolver.cpp, line 773]
Event: 3.339 Thread 0x000001ede3b7f450 Exception <a 'java/lang/NoSuchMethodError'{0x000000070fc6b0b0}: 'long java.lang.invoke.DirectMethodHandle$Holder.invokeStaticInit(java.lang.Object, java.lang.Object, java.lang.Object)'> (0x000000070fc6b0b0) 
thrown [s\open\src\hotspot\share\interpreter\linkResolver.cpp, line 773]
Event: 3.341 Thread 0x000001ede3b7f450 Exception <a 'java/lang/NoSuchMethodError'{0x000000070fc83658}: 'java.lang.Object java.lang.invoke.DirectMethodHandle$Holder.newInvokeSpecial(java.lang.Object, java.lang.Object, long)'> (0x000000070fc83658) 
thrown [s\open\src\hotspot\share\interpreter\linkResolver.cpp, line 773]
Event: 3.341 Thread 0x000001ede3b7f450 Exception <a 'java/lang/NoSuchMethodError'{0x000000070fc86f50}: 'java.lang.Object java.lang.invoke.Invokers$Holder.linkToTargetMethod(java.lang.Object, long, java.lang.Object)'> (0x000000070fc86f50) 
thrown [s\open\src\hotspot\share\interpreter\linkResolver.cpp, line 773]
Event: 15.315 Thread 0x000001ede3b7f450 Exception <a 'java/lang/ClassNotFoundException'{0x000000070f7f1930}: com/sun/javafx/scene/control/skin/resources/controls> (0x000000070f7f1930) 
thrown [s\open\src\hotspot\share\prims\jni.cpp, line 538]
Event: 15.316 Thread 0x000001ede3b7f450 Exception <a 'java/lang/ClassNotFoundException'{0x000000070f400168}: com/sun/javafx/scene/control/skin/resources/controls_en> (0x000000070f400168) 
thrown [s\open\src\hotspot\share\prims\jni.cpp, line 538]
Event: 15.316 Thread 0x000001ede3b7f450 Exception <a 'java/lang/ClassNotFoundException'{0x000000070f401bd8}: com/sun/javafx/scene/control/skin/resources/controls_en_GB> (0x000000070f401bd8) 
thrown [s\open\src\hotspot\share\prims\jni.cpp, line 538]
Event: 15.436 Thread 0x000001ede3b7f450 Exception <a 'java/lang/NoSuchMethodError'{0x000000071186f6c0}: 'void java.lang.invoke.DirectMethodHandle$Holder.invokeSpecial(java.lang.Object, java.lang.Object, java.lang.Object, java.lang.Object, java.lang.Object, java.lang.Object)'> (0x000000071186f6c0) 
thrown [s\open\src\hotspot\share\interpreter\linkResolver.cpp, line 773]
Event: 17.409 Thread 0x000001ede3b7f450 Exception <a 'java/lang/NoSuchMethodError'{0x00000007115a0f58}: 'java.lang.Object java.lang.invoke.DirectMethodHandle$Holder.newInvokeSpecial(java.lang.Object, java.lang.Object, java.lang.Object, double, double, double, double, int, int, int, int, int, int, int, int, int)'> (0x00000007115a0f58) 
thrown [s\open\src\hotspot\share\interpreter\linkResolver.cpp, line 773]

VM Operations (20 events):
Event: 15.328 Executing VM operation: HandshakeAllThreads done
Event: 15.328 Executing VM operation: HandshakeAllThreads
Event: 15.328 Executing VM operation: HandshakeAllThreads done
Event: 15.329 Executing VM operation: HandshakeAllThreads
Event: 15.329 Executing VM operation: HandshakeAllThreads done
Event: 15.353 Executing VM operation: G1CollectForAllocation
Event: 15.369 Executing VM operation: G1CollectForAllocation done
Event: 17.369 Executing VM operation: Cleanup
Event: 17.369 Executing VM operation: Cleanup done
Event: 18.369 Executing VM operation: Cleanup
Event: 18.369 Executing VM operation: Cleanup done
Event: 20.370 Executing VM operation: Cleanup
Event: 20.370 Executing VM operation: Cleanup done
Event: 21.370 Executing VM operation: Cleanup
Event: 21.370 Executing VM operation: Cleanup done
Event: 22.371 Executing VM operation: Cleanup
Event: 22.371 Executing VM operation: Cleanup done
Event: 62.386 Executing VM operation: Cleanup
Event: 62.386 Executing VM operation: Cleanup done
Event: 637.799 Executing VM operation: Exit

Events (20 events):
Event: 0.733 Thread 0x000001ede3b7f450 Thread added: 0x000001ede3b7f450
Event: 0.818 Thread 0x000001ede7e98fe0 Thread exited: 0x000001ede7e98fe0
Event: 0.827 Thread 0x000001ede3b7c9d0 Thread added: 0x000001ede3b7c9d0
Event: 0.834 Thread 0x000001ede3b7cf20 Thread added: 0x000001ede3b7cf20
Event: 0.839 Thread 0x000001ede8aa5690 Thread added: 0x000001ede8aa5690
Event: 1.055 Thread 0x000001ede8b6aa20 Thread added: 0x000001ede8b6aa20
Event: 1.582 Thread 0x000001ede3b7d9c0 Thread added: 0x000001ede3b7d9c0
Event: 1.787 Thread 0x000001ede90d9480 Thread added: 0x000001ede90d9480
Event: 2.329 Thread 0x000001ede8b6aa20 Thread exited: 0x000001ede8b6aa20
Event: 2.329 Thread 0x000001ede8aa5690 Thread exited: 0x000001ede8aa5690
Event: 15.403 Thread 0x000001ede8fe0ba0 Thread added: 0x000001ede8fe0ba0
Event: 15.505 Thread 0x000001edf04c78e0 Thread added: 0x000001edf04c78e0
Event: 16.800 Thread 0x000001edf04c78e0 Thread exited: 0x000001edf04c78e0
Event: 16.808 Thread 0x000001ede8fe0ba0 Thread exited: 0x000001ede8fe0ba0
Event: 637.797 Thread 0x000001ede90d6f50 Thread added: 0x000001ede90d6f50
Event: 637.797 Thread 0x000001ede90dc450 Thread added: 0x000001ede90dc450
Event: 637.797 Thread 0x000001ede90daf10 Thread added: 0x000001ede90daf10
Event: 637.798 Thread 0x000001ede90dc450 Thread exited: 0x000001ede90dc450
Event: 637.799 Thread 0x000001ede90daf10 Thread exited: 0x000001ede90daf10
Event: 637.799 Thread 0x000001ede3b73bc0 Thread exited: 0x000001ede3b73bc0


Dynamic libraries:
0x00007ff697b30000 - 0x00007ff697b3e000 	C:\Users\shara\.jdks\openjdk-20.0.1\bin\java.exe
0x00007ffc1a370000 - 0x00007ffc1a568000 	C:\WINDOWS\SYSTEM32\ntdll.dll
0x00007ffc19110000 - 0x00007ffc191cf000 	C:\WINDOWS\System32\KERNEL32.DLL
0x00007ffc17e60000 - 0x00007ffc1813a000 	C:\WINDOWS\System32\KERNELBASE.dll
0x00007ffc182a0000 - 0x00007ffc183a0000 	C:\WINDOWS\System32\ucrtbase.dll
0x00007ffc08830000 - 0x00007ffc08847000 	C:\Users\shara\.jdks\openjdk-20.0.1\bin\jli.dll
0x00007ffc192f0000 - 0x00007ffc1948d000 	C:\WINDOWS\System32\USER32.dll
0x00007ffc183a0000 - 0x00007ffc183c2000 	C:\WINDOWS\System32\win32u.dll
0x00007ffc19070000 - 0x00007ffc1909b000 	C:\WINDOWS\System32\GDI32.dll
0x00007ffc17bd0000 - 0x00007ffc17ce0000 	C:\WINDOWS\System32\gdi32full.dll
0x00007ffc17a80000 - 0x00007ffc17b1d000 	C:\WINDOWS\System32\msvcp_win.dll
0x00007ffc06200000 - 0x00007ffc0621b000 	C:\Users\shara\.jdks\openjdk-20.0.1\bin\VCRUNTIME140.dll
0x00007ffbf0da0000 - 0x00007ffbf103a000 	C:\WINDOWS\WinSxS\amd64_microsoft.windows.common-controls_6595b64144ccf1df_6.0.19041.1110_none_60b5254171f9507e\COMCTL32.dll
0x00007ffc19850000 - 0x00007ffc198ee000 	C:\WINDOWS\System32\msvcrt.dll
0x00007ffc18f00000 - 0x00007ffc18f30000 	C:\WINDOWS\System32\IMM32.DLL
0x00007ffc10b30000 - 0x00007ffc10b3c000 	C:\Users\shara\.jdks\openjdk-20.0.1\bin\vcruntime140_1.dll
0x00007ffbe56d0000 - 0x00007ffbe575e000 	C:\Users\shara\.jdks\openjdk-20.0.1\bin\msvcp140.dll
0x00007ffba15f0000 - 0x00007ffba2287000 	C:\Users\shara\.jdks\openjdk-20.0.1\bin\server\jvm.dll
0x00007ffc183d0000 - 0x00007ffc1847e000 	C:\WINDOWS\System32\ADVAPI32.dll
0x00007ffc1a290000 - 0x00007ffc1a32c000 	C:\WINDOWS\System32\sechost.dll
0x00007ffc19a10000 - 0x00007ffc19b36000 	C:\WINDOWS\System32\RPCRT4.dll
0x00007ffc0f4b0000 - 0x00007ffc0f4b9000 	C:\WINDOWS\SYSTEM32\WSOCK32.dll
0x00007ffc190a0000 - 0x00007ffc1910b000 	C:\WINDOWS\System32\WS2_32.dll
0x00007ffbfa700000 - 0x00007ffbfa727000 	C:\WINDOWS\SYSTEM32\WINMM.dll
0x00007ffc0fce0000 - 0x00007ffc0fcea000 	C:\WINDOWS\SYSTEM32\VERSION.dll
0x00007ffc162d0000 - 0x00007ffc162e2000 	C:\WINDOWS\SYSTEM32\kernel.appcore.dll
0x00007ffc08820000 - 0x00007ffc0882a000 	C:\Users\shara\.jdks\openjdk-20.0.1\bin\jimage.dll
0x00007ffc15840000 - 0x00007ffc15a24000 	C:\WINDOWS\SYSTEM32\DBGHELP.DLL
0x00007ffc06b00000 - 0x00007ffc06b34000 	C:\WINDOWS\SYSTEM32\dbgcore.DLL
0x00007ffc17dd0000 - 0x00007ffc17e52000 	C:\WINDOWS\System32\bcryptPrimitives.dll
0x00007ffc06250000 - 0x00007ffc0625e000 	C:\Users\shara\.jdks\openjdk-20.0.1\bin\instrument.dll
0x00007ffbf31b0000 - 0x00007ffbf31d6000 	C:\Users\shara\.jdks\openjdk-20.0.1\bin\java.dll
0x00007ffbe55f0000 - 0x00007ffbe56c7000 	C:\Users\shara\.jdks\openjdk-20.0.1\bin\jsvml.dll
0x00007ffc19b40000 - 0x00007ffc1a284000 	C:\WINDOWS\System32\SHELL32.dll
0x00007ffc15b20000 - 0x00007ffc162b3000 	C:\WINDOWS\SYSTEM32\windows.storage.dll
0x00007ffc19490000 - 0x00007ffc197e4000 	C:\WINDOWS\System32\combase.dll
0x00007ffc17470000 - 0x00007ffc1749e000 	C:\WINDOWS\SYSTEM32\Wldp.dll
0x00007ffc19230000 - 0x00007ffc192dd000 	C:\WINDOWS\System32\SHCORE.dll
0x00007ffc18710000 - 0x00007ffc18765000 	C:\WINDOWS\System32\shlwapi.dll
0x00007ffc179c0000 - 0x00007ffc179df000 	C:\WINDOWS\SYSTEM32\profapi.dll
0x00007ffbf95b0000 - 0x00007ffbf95c3000 	C:\Users\shara\.jdks\openjdk-20.0.1\bin\net.dll
0x00007ffc0da80000 - 0x00007ffc0db8a000 	C:\WINDOWS\SYSTEM32\WINHTTP.dll
0x00007ffc171d0000 - 0x00007ffc1723a000 	C:\WINDOWS\system32\mswsock.dll
0x00007ffbf2b50000 - 0x00007ffbf2b66000 	C:\Users\shara\.jdks\openjdk-20.0.1\bin\nio.dll
0x00007ffbf2b30000 - 0x00007ffbf2b48000 	C:\Users\shara\.jdks\openjdk-20.0.1\bin\zip.dll
0x00007ffbf2b10000 - 0x00007ffbf2b2a000 	C:\Program Files\JetBrains\IntelliJ IDEA 2022.3.3\bin\breakgen64.dll
0x000001ede98d0000 - 0x000001ede98d3000 	C:\Users\shara\.openjfx\cache\17.0.2-ea\api-ms-win-core-console-l1-1-0.dll
0x000001ede98e0000 - 0x000001ede98e3000 	C:\Users\shara\.openjfx\cache\17.0.2-ea\api-ms-win-core-console-l1-2-0.dll
0x000001ede98f0000 - 0x000001ede98f3000 	C:\Users\shara\.openjfx\cache\17.0.2-ea\api-ms-win-core-datetime-l1-1-0.dll
0x000001ede9900000 - 0x000001ede9903000 	C:\Users\shara\.openjfx\cache\17.0.2-ea\api-ms-win-core-debug-l1-1-0.dll
0x000001ede9910000 - 0x000001ede9913000 	C:\Users\shara\.openjfx\cache\17.0.2-ea\api-ms-win-core-errorhandling-l1-1-0.dll
0x000001ede9920000 - 0x000001ede9924000 	C:\Users\shara\.openjfx\cache\17.0.2-ea\api-ms-win-core-file-l1-1-0.dll
0x000001ede9930000 - 0x000001ede9933000 	C:\Users\shara\.openjfx\cache\17.0.2-ea\api-ms-win-core-file-l1-2-0.dll
0x000001ede9940000 - 0x000001ede9943000 	C:\Users\shara\.openjfx\cache\17.0.2-ea\api-ms-win-core-file-l2-1-0.dll
0x000001ede9950000 - 0x000001ede9953000 	C:\Users\shara\.openjfx\cache\17.0.2-ea\api-ms-win-core-handle-l1-1-0.dll
0x000001ede9960000 - 0x000001ede9963000 	C:\Users\shara\.openjfx\cache\17.0.2-ea\api-ms-win-core-heap-l1-1-0.dll
0x000001ede9970000 - 0x000001ede9973000 	C:\Users\shara\.openjfx\cache\17.0.2-ea\api-ms-win-core-interlocked-l1-1-0.dll
0x000001ede9980000 - 0x000001ede9983000 	C:\Users\shara\.openjfx\cache\17.0.2-ea\api-ms-win-core-libraryloader-l1-1-0.dll
0x000001ede9990000 - 0x000001ede9993000 	C:\Users\shara\.openjfx\cache\17.0.2-ea\api-ms-win-core-localization-l1-2-0.dll
0x000001ede99a0000 - 0x000001ede99a3000 	C:\Users\shara\.openjfx\cache\17.0.2-ea\api-ms-win-core-memory-l1-1-0.dll
0x000001ede99b0000 - 0x000001ede99b3000 	C:\Users\shara\.openjfx\cache\17.0.2-ea\api-ms-win-core-namedpipe-l1-1-0.dll
0x000001ede99c0000 - 0x000001ede99c3000 	C:\Users\shara\.openjfx\cache\17.0.2-ea\api-ms-win-core-processenvironment-l1-1-0.dll
0x000001ede99d0000 - 0x000001ede99d3000 	C:\Users\shara\.openjfx\cache\17.0.2-ea\api-ms-win-core-processthreads-l1-1-0.dll
0x000001ede99e0000 - 0x000001ede99e3000 	C:\Users\shara\.openjfx\cache\17.0.2-ea\api-ms-win-core-processthreads-l1-1-1.dll
0x000001ede99f0000 - 0x000001ede99f3000 	C:\Users\shara\.openjfx\cache\17.0.2-ea\api-ms-win-core-profile-l1-1-0.dll
0x000001ede9a00000 - 0x000001ede9a03000 	C:\Users\shara\.openjfx\cache\17.0.2-ea\api-ms-win-core-rtlsupport-l1-1-0.dll
0x000001ede9a10000 - 0x000001ede9a13000 	C:\Users\shara\.openjfx\cache\17.0.2-ea\api-ms-win-core-string-l1-1-0.dll
0x000001ede9a20000 - 0x000001ede9a23000 	C:\Users\shara\.openjfx\cache\17.0.2-ea\api-ms-win-core-synch-l1-1-0.dll
0x000001ede9a30000 - 0x000001ede9a33000 	C:\Users\shara\.openjfx\cache\17.0.2-ea\api-ms-win-core-synch-l1-2-0.dll
0x000001ede9a40000 - 0x000001ede9a43000 	C:\Users\shara\.openjfx\cache\17.0.2-ea\api-ms-win-core-sysinfo-l1-1-0.dll
0x000001ede9a50000 - 0x000001ede9a53000 	C:\Users\shara\.openjfx\cache\17.0.2-ea\api-ms-win-core-timezone-l1-1-0.dll
0x000001ede9a60000 - 0x000001ede9a63000 	C:\Users\shara\.openjfx\cache\17.0.2-ea\api-ms-win-core-util-l1-1-0.dll
0x000001ede9a70000 - 0x000001ede9a73000 	C:\Users\shara\.openjfx\cache\17.0.2-ea\api-ms-win-crt-conio-l1-1-0.dll
0x000001ede9a80000 - 0x000001ede9a84000 	C:\Users\shara\.openjfx\cache\17.0.2-ea\api-ms-win-crt-convert-l1-1-0.dll
0x000001ede9a90000 - 0x000001ede9a93000 	C:\Users\shara\.openjfx\cache\17.0.2-ea\api-ms-win-crt-environment-l1-1-0.dll
0x000001ede9aa0000 - 0x000001ede9aa3000 	C:\Users\shara\.openjfx\cache\17.0.2-ea\api-ms-win-crt-filesystem-l1-1-0.dll
0x000001ede9ab0000 - 0x000001ede9ab3000 	C:\Users\shara\.openjfx\cache\17.0.2-ea\api-ms-win-crt-heap-l1-1-0.dll
0x000001ede9ac0000 - 0x000001ede9ac3000 	C:\Users\shara\.openjfx\cache\17.0.2-ea\api-ms-win-crt-locale-l1-1-0.dll
0x000001ede9ad0000 - 0x000001ede9ad5000 	C:\Users\shara\.openjfx\cache\17.0.2-ea\api-ms-win-crt-math-l1-1-0.dll
0x000001ede9ae0000 - 0x000001ede9ae5000 	C:\Users\shara\.openjfx\cache\17.0.2-ea\api-ms-win-crt-multibyte-l1-1-0.dll
0x000001ede9af0000 - 0x000001ede9b00000 	C:\Users\shara\.openjfx\cache\17.0.2-ea\api-ms-win-crt-private-l1-1-0.dll
0x000001ede9b00000 - 0x000001ede9b03000 	C:\Users\shara\.openjfx\cache\17.0.2-ea\api-ms-win-crt-process-l1-1-0.dll
0x000001ede9b10000 - 0x000001ede9b14000 	C:\Users\shara\.openjfx\cache\17.0.2-ea\api-ms-win-crt-runtime-l1-1-0.dll
0x000001ede9b20000 - 0x000001ede9b24000 	C:\Users\shara\.openjfx\cache\17.0.2-ea\api-ms-win-crt-stdio-l1-1-0.dll
0x000001ede9b30000 - 0x000001ede9b34000 	C:\Users\shara\.openjfx\cache\17.0.2-ea\api-ms-win-crt-string-l1-1-0.dll
0x000001ede9b40000 - 0x000001ede9b43000 	C:\Users\shara\.openjfx\cache\17.0.2-ea\api-ms-win-crt-time-l1-1-0.dll
0x000001ede9b50000 - 0x000001ede9b53000 	C:\Users\shara\.openjfx\cache\17.0.2-ea\api-ms-win-crt-utility-l1-1-0.dll
0x00007ffbe54f0000 - 0x00007ffbe55ec000 	C:\Users\shara\.openjfx\cache\17.0.2-ea\ucrtbase.dll
0x00007ffbf2480000 - 0x00007ffbf249a000 	C:\Users\shara\.openjfx\cache\17.0.2-ea\vcruntime140.dll
0x00007ffbf31a0000 - 0x00007ffbf31ac000 	C:\Users\shara\.openjfx\cache\17.0.2-ea\vcruntime140_1.dll
0x00007ffbe5460000 - 0x00007ffbe54ed000 	C:\Users\shara\.openjfx\cache\17.0.2-ea\msvcp140.dll
0x00007ffbf2450000 - 0x00007ffbf247a000 	C:\Users\shara\.openjfx\cache\17.0.2-ea\prism_d3d.dll
0x00007ffbef950000 - 0x00007ffbefb1d000 	C:\WINDOWS\system32\d3d9.dll
0x00007ffc15390000 - 0x00007ffc153bf000 	C:\WINDOWS\SYSTEM32\dwmapi.dll
0x00007ffc150d0000 - 0x00007ffc1516e000 	C:\WINDOWS\system32\uxtheme.dll
0x00007ffbcd210000 - 0x00007ffbcd3b8000 	C:\WINDOWS\System32\DriverStore\FileRepository\iigd_dch.inf_amd64_393549dac595e659\igdumdim64.dll
0x00007ffc18f30000 - 0x00007ffc1905a000 	C:\WINDOWS\System32\ole32.dll
0x00007ffb6d310000 - 0x00007ffb70f2f000 	C:\WINDOWS\System32\DriverStore\FileRepository\iigd_dch.inf_amd64_393549dac595e659\igd9dxva64.dll
0x00007ffc18480000 - 0x00007ffc1854d000 	C:\WINDOWS\System32\OLEAUT32.dll
0x00007ffc18a90000 - 0x00007ffc18ef8000 	C:\WINDOWS\System32\SETUPAPI.dll
0x00007ffc17ce0000 - 0x00007ffc17d2e000 	C:\WINDOWS\System32\cfgmgr32.dll
0x00007ffc17d30000 - 0x00007ffc17d57000 	C:\WINDOWS\System32\bcrypt.dll
0x00007ffc02c80000 - 0x00007ffc03048000 	C:\WINDOWS\System32\DriverStore\FileRepository\iigd_dch.inf_amd64_393549dac595e659\igdgmm64.dll
0x00007ffbe83f0000 - 0x00007ffbe8432000 	C:\Users\shara\.openjfx\cache\17.0.2-ea\glass.dll
0x00007ffc18930000 - 0x00007ffc18a0a000 	C:\WINDOWS\System32\COMDLG32.dll
0x00007ffc198f0000 - 0x00007ffc19a04000 	C:\WINDOWS\System32\MSCTF.dll
0x00007ffbaae30000 - 0x00007ffbaae57000 	C:\WINDOWS\System32\DriverStore\FileRepository\iigd_dch.inf_amd64_393549dac595e659\igdinfo64.dll
0x00007ffbff690000 - 0x00007ffc02c76000 	C:\WINDOWS\System32\DriverStore\FileRepository\iigd_dch.inf_amd64_393549dac595e659\igc64.dll
0x00007ffc040a0000 - 0x00007ffc040db000 	C:\WINDOWS\SYSTEM32\dxcore.dll
0x00007ffbf2430000 - 0x00007ffbf2444000 	C:\Users\shara\.openjfx\cache\17.0.2-ea\javafx_font.dll
0x00007ffbf7620000 - 0x00007ffbf789f000 	C:\WINDOWS\SYSTEM32\dwrite.dll
0x00007ffc18800000 - 0x00007ffc188a9000 	C:\WINDOWS\System32\clbcatq.dll
0x00007ffc05ab0000 - 0x00007ffc05c64000 	C:\WINDOWS\SYSTEM32\WindowsCodecs.dll
0x00007ffbe57f0000 - 0x00007ffbe582e000 	C:\WINDOWS\system32\dataexchange.dll
0x00007ffc13710000 - 0x00007ffc13973000 	C:\WINDOWS\system32\d3d11.dll
0x00007ffc14340000 - 0x00007ffc14523000 	C:\WINDOWS\system32\dcomp.dll
0x00007ffc16340000 - 0x00007ffc16433000 	C:\WINDOWS\system32\dxgi.dll
0x00007ffc0f6c0000 - 0x00007ffc0f8c0000 	C:\WINDOWS\system32\twinapi.appcore.dll
0x00007ffbe8370000 - 0x00007ffbe83a4000 	C:\Program Files\Common Files\Microsoft Shared\Ink\rtscom.dll
0x00007ffbfc6c0000 - 0x00007ffbfc7b9000 	C:\WINDOWS\SYSTEM32\textinputframework.dll
0x00007ffc14960000 - 0x00007ffc14cbe000 	C:\WINDOWS\System32\CoreUIComponents.dll
0x00007ffc14d00000 - 0x00007ffc14df2000 	C:\WINDOWS\System32\CoreMessaging.dll
0x00007ffc16c30000 - 0x00007ffc16c63000 	C:\WINDOWS\SYSTEM32\ntmarta.dll
0x00007ffc140a0000 - 0x00007ffc141f4000 	C:\WINDOWS\SYSTEM32\wintypes.dll
0x00007ffc13a80000 - 0x00007ffc14040000 	C:\WINDOWS\SYSTEM32\d2d1.dll
0x00007ffc04a00000 - 0x00007ffc050f6000 	C:\WINDOWS\SYSTEM32\D3D10Warp.dll

dbghelp: loaded successfully - version: 4.0.5 - missing functions: none
symbol engine: initialized successfully - sym options: 0x614 - pdb path: .;C:\Users\shara\.jdks\openjdk-20.0.1\bin;C:\WINDOWS\SYSTEM32;C:\WINDOWS\WinSxS\amd64_microsoft.windows.common-controls_6595b64144ccf1df_6.0.19041.1110_none_60b5254171f9507e;C:\Users\shara\.jdks\openjdk-20.0.1\bin\server;C:\Program Files\JetBrains\IntelliJ IDEA 2022.3.3\bin;C:\Users\shara\.openjfx\cache\17.0.2-ea;C:\WINDOWS\System32\DriverStore\FileRepository\iigd_dch.inf_amd64_393549dac595e659;C:\Program Files\Common Files\Microsoft Shared\Ink

VM Arguments:
jvm_args: -javaagent:C:\Program Files\JetBrains\IntelliJ IDEA 2022.3.3\lib\idea_rt.jar=52911:C:\Program Files\JetBrains\IntelliJ IDEA 2022.3.3\bin -Dfile.encoding=UTF-8 -Dsun.stdout.encoding=UTF-8 -Dsun.stderr.encoding=UTF-8 --module-path=C:\Users\shara\.m2\repository\org\openjfx\javafx-controls\17.0.2\javafx-controls-17.0.2-win.jar;C:\Users\shara\.m2\repository\org\openjfx\javafx-fxml\17.0.2\javafx-fxml-17.0.2-win.jar;C:\Users\shara\.m2\repository\org\openjfx\javafx-base\17.0.2\javafx-base-17.0.2-win.jar;C:\Users\shara\IdeaProjects\Demo\target\classes;C:\Users\shara\.m2\repository\org\openjfx\javafx-graphics\17.0.2\javafx-graphics-17.0.2-win.jar -Djdk.module.main=sample.demo 
java_command: sample.demo/sample.demo.HelloApplication
java_class_path (initial): C:\Users\shara\.m2\repository\org\openjfx\javafx-controls\17.0.2\javafx-controls-17.0.2.jar;C:\Users\shara\.m2\repository\org\openjfx\javafx-graphics\17.0.2\javafx-graphics-17.0.2.jar;C:\Users\shara\.m2\repository\org\openjfx\javafx-base\17.0.2\javafx-base-17.0.2.jar;C:\Users\shara\.m2\repository\org\openjfx\javafx-fxml\17.0.2\javafx-fxml-17.0.2.jar
Launcher Type: SUN_STANDARD

[Global flags]
     intx CICompilerCount                          = 4                                         {product} {ergonomic}
     uint ConcGCThreads                            = 2                                         {product} {ergonomic}
     uint G1ConcRefinementThreads                  = 8                                         {product} {ergonomic}
   size_t G1HeapRegionSize                         = 2097152                                   {product} {ergonomic}
    uintx GCDrainStackTargetSize                   = 64                                        {product} {ergonomic}
   size_t InitialHeapSize                          = 266338304                                 {product} {ergonomic}
   size_t MarkStackSize                            = 4194304                                   {product} {ergonomic}
   size_t MaxHeapSize                              = 4261412864                                {product} {ergonomic}
   size_t MaxNewSize                               = 2556428288                                {product} {ergonomic}
   size_t MinHeapDeltaBytes                        = 2097152                                   {product} {ergonomic}
   size_t MinHeapSize                              = 8388608                                   {product} {ergonomic}
    uintx NonNMethodCodeHeapSize                   = 5839372                                {pd product} {ergonomic}
    uintx NonProfiledCodeHeapSize                  = 122909434                              {pd product} {ergonomic}
    uintx ProfiledCodeHeapSize                     = 122909434                              {pd product} {ergonomic}
    uintx ReservedCodeCacheSize                    = 251658240                              {pd product} {ergonomic}
     bool SegmentedCodeCache                       = true                                      {product} {ergonomic}
   size_t SoftMaxHeapSize                          = 4261412864                             {manageable} {ergonomic}
     bool UseCompressedClassPointers               = true                           {product lp64_product} {ergonomic}
     bool UseCompressedOops                        = true                           {product lp64_product} {ergonomic}
     bool UseG1GC                                  = true                                      {product} {ergonomic}
     bool UseLargePagesIndividualAllocation        = false                                  {pd product} {ergonomic}

Logging:
Log output configuration:
 #0: stdout all=off uptime,level,tags foldmultilines=false
 #1: stderr all=off uptime,level,tags foldmultilines=false

Environment Variables:
PATH=C:\Users\shara\Downloads\CUserssharaDownloadsWINDOWS.X64_193000_db_home\bin;C:\Program Files\Java\jdk-11.0.2\bin;C:\WINDOWS\system32;C:\WINDOWS;C:\WINDOWS\System32\Wbem;C:\WINDOWS\System32\WindowsPowerShell\v1.0\;C:\WINDOWS\System32\OpenSSH\;C:\Program Files\Git\cmd;C:\Program Files\Git\mingw64\bin;C:\Program Files\Git\usr\bin;C:\wamp64\bin\php\php7.3.12;C:\Program Files\dotnet\;C:\Program Files\MySQL\MySQL Shell 8.0\bin\;C:\Users\shara\AppData\Local\Microsoft\WindowsApps;;C:\Program Files\JetBrains\IntelliJ IDEA Community Edition 2020.2.3\bin;;C:\Users\shara\.dotnet\tools;C:\Program Files\JetBrains\IntelliJ IDEA 2022.3.3\bin;
USERNAME=shara
OS=Windows_NT
PROCESSOR_IDENTIFIER=Intel64 Family 6 Model 142 Stepping 12, GenuineIntel
TMP=C:\Users\shara\AppData\Local\Temp
TEMP=C:\Users\shara\AppData\Local\Temp




---------------  S Y S T E M  ---------------

OS:
 Windows 10 , 64 bit Build 19041 (10.0.19041.2788)
OS uptime: 50 days 0:32 hours

CPU: total 8 (initial active 8) (4 cores per cpu, 2 threads per core) family 6 model 142 stepping 12 microcode 0xc6, cx8, cmov, fxsr, ht, mmx, 3dnowpref, sse, sse2, sse3, ssse3, sse4.1, sse4.2, popcnt, lzcnt, tsc, tscinvbit, avx, avx2, aes, erms, clmul, bmi1, bmi2, adx, fma, vzeroupper, clflush, clflushopt, rdtscp, f16c

Memory: 4k page, system-wide physical 16254M (3543M free)
TotalPageFile size 32239M (AvailPageFile size 3458M)
current process WorkingSet (physical memory assigned to process): 171M, peak: 188M
current process commit charge ("private bytes"): 412M, peak: 429M

vm_info: OpenJDK 64-Bit Server VM (20.0.1+9-29) for windows-amd64 JRE (20.0.1+9-29), built on 2023-03-07T13:56:11Z by "mach5one" with MS VC++ 17.1 (VS2022)

END.
