#
# A fatal error has been detected by the Java Runtime Environment:
#
#  EXCEPTION_ACCESS_VIOLATION (0xc0000005) at pc=0x00007ff860f46ab7, pid=25504, tid=3068
#
# JRE version: OpenJDK Runtime Environment (20.0.1+9) (build 20.0.1+9-29)
# Java VM: OpenJDK 64-Bit Server VM (20.0.1+9-29, mixed mode, sharing, tiered, compressed oops, compressed class ptrs, g1 gc, windows-amd64)
# Problematic frame:
# C  [glass.dll+0x26ab7]
#
# No core dump will be written. Minidumps are not enabled by default on client versions of Windows
#
# If you would like to submit a bug report, please visit:
#   https://bugreport.java.com/bugreport/crash.jsp
#

---------------  S U M M A R Y ------------

Command Line: -javaagent:C:\Program Files\JetBrains\IntelliJ IDEA 2022.3.3\lib\idea_rt.jar=65238:C:\Program Files\JetBrains\IntelliJ IDEA 2022.3.3\bin -Dfile.encoding=UTF-8 -Dsun.stdout.encoding=UTF-8 -Dsun.stderr.encoding=UTF-8 --module-path=C:\Users\shara\.m2\repository\org\openjfx\javafx-base\17.0.2\javafx-base-17.0.2-win.jar;C:\Users\shara\.m2\repository\org\openjfx\javafx-fxml\17.0.2\javafx-fxml-17.0.2-win.jar;C:\Users\shara\.m2\repository\org\openjfx\javafx-controls\17.0.2\javafx-controls-17.0.2-win.jar;C:\Users\shara\IdeaProjects\Demo\target\classes;C:\Users\shara\.m2\repository\org\openjfx\javafx-graphics\17.0.2\javafx-graphics-17.0.2-win.jar -Djdk.module.main=sample.demo sample.demo/sample.demo.HelloApplication

Host: Intel(R) Core(TM) i7-8565U CPU @ 1.80GHz, 8 cores, 15G,  Windows 10 , 64 bit Build 19041 (10.0.19041.3031)
Time: Mon Jun 26 08:46:52 2023 Russia TZ 2 Standard Time elapsed time: 35.237536 seconds (0d 0h 0m 35s)

---------------  T H R E A D  ---------------

Current thread (0x0000025efd1c0aa0):  VMThread "VM Thread" [stack: 0x000000e80d900000,0x000000e80da00000] [id=3068]

Stack: [0x000000e80d900000,0x000000e80da00000],  sp=0x000000e80d9ff2d0,  free space=1020k
Native frames: (J=compiled Java code, j=interpreted, Vv=VM code, C=native code)
C  [glass.dll+0x26ab7]


siginfo: EXCEPTION_ACCESS_VIOLATION (0xc0000005), reading address 0x0000000000000000


Registers:
RAX=0x0000000000000000, RBX=0x0000025efd1c4d68, RCX=0x0000025efd1c0aa0, RDX=0x000000e80d9ff2d0
RSP=0x000000e80d9ff2d0, RBP=0x0000025efdc76668, RSI=0x0000025efdc76640, RDI=0x000090997deddd62
R8 =0x0000000000010002, R9 =0x000090997deddd62, R10=0x0000000000008000, R11=0x000000e80d9ff260
R12=0x00007ff860f44384, R13=0x00007ff8463fea90, R14=0x000000e80d9ff3c8, R15=0x0000025efdc76640
RIP=0x00007ff860f46ab7, EFLAGS=0x0000000000010202


Register to memory mapping:

RIP=0x00007ff860f46ab7 glass.dll
RAX=0x0 is NULL
RBX=0x0000025efd1c4d68 is a global jni handle
RCX=0x0000025efd1c0aa0 points into unknown readable memory: 0x00007ff846227080 | 80 70 22 46 f8 7f 00 00
RDX=0x000000e80d9ff2d0 points into unknown readable memory: 0x0000000000000000 | 00 00 00 00 00 00 00 00
RSP=0x000000e80d9ff2d0 points into unknown readable memory: 0x0000000000000000 | 00 00 00 00 00 00 00 00
RBP=0x0000025efdc76668 points into unknown readable memory: 0x000090997deddd62 | 62 dd ed 7d 99 90 00 00
RSI=0x0000025efdc76640 points into unknown readable memory: 0x83d06ae97dec2283 | 83 22 ec 7d e9 6a d0 83
RDI=0x000090997deddd62 is an unknown value
R8 =0x0000000000010002 is an unknown value
R9 =0x000090997deddd62 is an unknown value
R10=0x0000000000008000 is an unknown value
R11=0x000000e80d9ff260 points into unknown readable memory: 0x0000025efdc76640 | 40 66 c7 fd 5e 02 00 00
R12=0x00007ff860f44384 glass.dll
R13=0x00007ff8463fea90 jvm.dll
R14=0x000000e80d9ff3c8 points into unknown readable memory: 0x000000e80d9ff3b0 | b0 f3 9f 0d e8 00 00 00
R15=0x0000025efdc76640 points into unknown readable memory: 0x83d06ae97dec2283 | 83 22 ec 7d e9 6a d0 83


Top of Stack: (sp=0x000000e80d9ff2d0)
0x000000e80d9ff2d0:   0000000000000000 0000025efdc76640
0x000000e80d9ff2e0:   00007ff8463fea90 00007ff860f44384
0x000000e80d9ff2f0:   0000025efdc76648 00007ff88ec142d6
0x000000e80d9ff300:   000090997deddd62 0000025e00000000
0x000000e80d9ff310:   0000025efdc76668 0000025efdc76640
0x000000e80d9ff320:   fffffffffffffffe 0000000000000000
0x000000e80d9ff330:   0000000000000001 00007ff860f20000
0x000000e80d9ff340:   000000e80d9ff3b8 00007ff88ec141fb
0x000000e80d9ff350:   0000000000000000 000000e80d9ff3c8
0x000000e80d9ff360:   000000e80d9ff690 00007ff88ecf0e40
0x000000e80d9ff370:   0000000000000001 00007ff88ec141b4
0x000000e80d9ff380:   0000000000000000 0000000000000001
0x000000e80d9ff390:   00007ff800000001 000000e80d9ff3b8
0x000000e80d9ff3a0:   0000000000000000 00007ff860f44211
0x000000e80d9ff3b0:   00007ff860f5a138 00007ff800000002
0x000000e80d9ff3c0:   0000000000000002 000000e80d9ff3b0
0x000000e80d9ff3d0:   0000000000000000 00007ff890e09993
0x000000e80d9ff3e0:   0000000000000000 00007ff860f44336
0x000000e80d9ff3f0:   0000000000000001 0000000000000000
0x000000e80d9ff400:   0000000000000000 0000000000000001
0x000000e80d9ff410:   0000000000000000 0000000000000000
0x000000e80d9ff420:   0000000000000001 00005975b6a3dadd
0x000000e80d9ff430:   00007ff860f20000 000000007ffe0384
0x000000e80d9ff440:   0000000000000000 00007ff890e09a1d
0x000000e80d9ff450:   00007ff860f20000 0000000000000000
0x000000e80d9ff460:   0000000000000001 000000007ffe0385
0x000000e80d9ff470:   0000000002360fb8 000000e80d9ff690
0x000000e80d9ff480:   0000597500000000 0000000000000014
0x000000e80d9ff490:   0000000000000000 00007ff860f44384
0x000000e80d9ff4a0:   00000000000003d8 0000025efdfda730
0x000000e80d9ff4b0:   0000025efd1b5400 00007ff890e4dd3c
0x000000e80d9ff4c0:   0000025efdfd92e0 00007ff860f20000 

Instructions: (pc=0x00007ff860f46ab7)
0x00007ff860f469b7:   8b 4d 58 e8 01 cf ff ff 48 8b 4d 60 e8 f8 ce ff
0x00007ff860f469c7:   ff 48 8b 95 80 00 00 00 48 8b 8d 18 01 00 00 e8
0x00007ff860f469d7:   c6 c3 ff ff 33 d2 33 c9 e8 3c e1 ff ff 90 48 89
0x00007ff860f469e7:   54 24 10 55 48 83 ec 20 48 8b ea 48 b8 00 00 00
0x00007ff860f469f7:   00 00 00 00 00 48 83 c4 20 5d c3 cc 40 55 48 8b
0x00007ff860f46a07:   ea 48 8b 01 33 c9 81 38 05 00 00 c0 0f 94 c1 8b
0x00007ff860f46a17:   c1 5d c3 cc 40 55 48 83 ec 20 48 8b ea 8a 4d 40
0x00007ff860f46a27:   48 83 c4 20 5d e9 f7 d2 ff ff cc 40 55 48 83 ec
0x00007ff860f46a37:   20 48 8b ea 8a 4d 20 e8 e5 d2 ff ff 90 48 83 c4
0x00007ff860f46a47:   20 5d c3 cc 40 55 48 83 ec 20 48 8b ea 48 83 c4
0x00007ff860f46a57:   20 5d e9 46 d1 ff ff cc 40 55 48 83 ec 30 48 8b
0x00007ff860f46a67:   ea 48 8b 01 8b 10 48 89 4c 24 28 89 54 24 20 4c
0x00007ff860f46a77:   8d 0d e7 d5 ff ff 4c 8b 45 70 8b 55 68 48 8b 4d
0x00007ff860f46a87:   60 e8 87 d0 ff ff 90 48 83 c4 30 5d c3 cc cc cc
0x00007ff860f46a97:   cc cc cc cc cc cc cc cc cc 40 53 48 83 ec 20 48
0x00007ff860f46aa7:   8b 1d 83 30 01 00 48 85 db 74 16 e8 09 8b ff ff
0x00007ff860f46ab7:   4c 8b 00 48 8b d3 48 8b c8 41 ff 90 b0 00 00 00
0x00007ff860f46ac7:   90 48 83 c4 20 5b c3 cc cc 40 53 48 83 ec 20 48
0x00007ff860f46ad7:   8b 1d fb 31 01 00 48 85 db 74 57 b8 ff ff ff ff
0x00007ff860f46ae7:   f0 0f c1 43 10 83 f8 01 75 3d 48 85 db 74 38 48
0x00007ff860f46af7:   8b 0b 48 85 c9 74 0d ff 15 a4 07 00 00 48 c7 03
0x00007ff860f46b07:   00 00 00 00 48 8b 4b 08 48 85 c9 74 0d e8 a7 cd
0x00007ff860f46b17:   ff ff 48 c7 43 08 00 00 00 00 ba 18 00 00 00 48
0x00007ff860f46b27:   8b cb e8 92 cd ff ff 48 c7 05 9f 31 01 00 00 00
0x00007ff860f46b37:   00 00 48 83 c4 20 5b c3 cc 40 53 48 83 ec 20 48
0x00007ff860f46b47:   8b 1d 6b 31 01 00 48 85 db 74 57 b8 ff ff ff ff
0x00007ff860f46b57:   f0 0f c1 43 10 83 f8 01 75 3d 48 85 db 74 38 48
0x00007ff860f46b67:   8b 0b 48 85 c9 74 0d ff 15 34 07 00 00 48 c7 03
0x00007ff860f46b77:   00 00 00 00 48 8b 4b 08 48 85 c9 74 0d e8 37 cd
0x00007ff860f46b87:   ff ff 48 c7 43 08 00 00 00 00 ba 18 00 00 00 48
0x00007ff860f46b97:   8b cb e8 22 cd ff ff 48 c7 05 0f 31 01 00 00 00
0x00007ff860f46ba7:   00 00 48 83 c4 20 5b c3 cc 40 53 48 83 ec 20 48 


Stack slot to memory mapping:
stack at sp + 0 slots: 0x0 is NULL
stack at sp + 1 slots: 0x0000025efdc76640 points into unknown readable memory: 0x83d06ae97dec2283 | 83 22 ec 7d e9 6a d0 83
stack at sp + 2 slots: 0x00007ff8463fea90 jvm.dll
stack at sp + 3 slots: 0x00007ff860f44384 glass.dll
stack at sp + 4 slots: 0x0000025efdc76648 points into unknown readable memory: 0x000090997deddd62 | 62 dd ed 7d 99 90 00 00
stack at sp + 5 slots: 0x00007ff88ec142d6 ucrtbase.dll
stack at sp + 6 slots: 0x000090997deddd62 is an unknown value
stack at sp + 7 slots: 0x0000025e00000000 is an unknown value

VM_Operation (0x000000e80fdff200): Exit, mode: safepoint, requested by thread 0x0000025efe9e0a90


---------------  P R O C E S S  ---------------

Threads class SMR info:
_java_thread_list=0x0000025efdcf7b80, length=20, elements={
0x0000025eecc69aa0, 0x0000025efd1e2300, 0x0000025efd1e2e40, 0x0000025efd1e6690,
0x0000025efd1e9880, 0x0000025efd1ef9d0, 0x0000025efd1faff0, 0x0000025efd1fb970,
0x0000025efd1aa7f0, 0x0000025efdac9040, 0x0000025efdb40a30, 0x0000025efe0fe440,
0x0000025efdec9570, 0x0000025efdecaab0, 0x0000025efe210d70, 0x0000025efdf2ee40,
0x0000025efe9e3510, 0x0000025efe9e2a70, 0x0000025efe9e3a60, 0x0000025efe9e0a90
}

Java Threads: ( => current thread )
  0x0000025eecc69aa0 JavaThread "main" [_thread_blocked, id=22180, stack(0x000000e80d300000,0x000000e80d400000)]
  0x0000025efd1e2300 JavaThread "Reference Handler" daemon [_thread_blocked, id=16496, stack(0x000000e80da00000,0x000000e80db00000)]
  0x0000025efd1e2e40 JavaThread "Finalizer" daemon [_thread_blocked, id=25240, stack(0x000000e80db00000,0x000000e80dc00000)]
  0x0000025efd1e6690 JavaThread "Attach Listener" daemon [_thread_blocked, id=3804, stack(0x000000e80dd00000,0x000000e80de00000)]
  0x0000025efd1e9880 JavaThread "Service Thread" daemon [_thread_blocked, id=24432, stack(0x000000e80de00000,0x000000e80df00000)]
  0x0000025efd1ef9d0 JavaThread "Monitor Deflation Thread" daemon [_thread_blocked, id=6572, stack(0x000000e80df00000,0x000000e80e000000)]
  0x0000025efd1faff0 JavaThread "C2 CompilerThread0" daemon [_thread_blocked, id=19332, stack(0x000000e80e000000,0x000000e80e100000)]
  0x0000025efd1fb970 JavaThread "C1 CompilerThread0" daemon [_thread_blocked, id=9992, stack(0x000000e80e100000,0x000000e80e200000)]
  0x0000025efd1aa7f0 JavaThread "Common-Cleaner" daemon [_thread_blocked, id=23332, stack(0x000000e80e200000,0x000000e80e300000)]
  0x0000025efdac9040 JavaThread "Monitor Ctrl-Break" daemon [_thread_in_native, id=23492, stack(0x000000e80e500000,0x000000e80e600000)]
  0x0000025efdb40a30 JavaThread "Notification Thread" daemon [_thread_blocked, id=12276, stack(0x000000e80e600000,0x000000e80e700000)]
  0x0000025efe0fe440 JavaThread "QuantumRenderer-0" daemon [_thread_blocked, id=25388, stack(0x000000e80e300000,0x000000e80e400000)]
  0x0000025efdec9570 JavaThread "InvokeLaterDispatcher" daemon [_thread_blocked, id=19104, stack(0x000000e80e400000,0x000000e80e500000)]
  0x0000025efdecaab0 JavaThread "JavaFX Application Thread" [_thread_in_native, id=22552, stack(0x000000e80e800000,0x000000e80e900000)]
  0x0000025efe210d70 JavaThread "Thread-1" daemon [_thread_in_native, id=14832, stack(0x000000e80ec00000,0x000000e80ed00000)]
  0x0000025efdf2ee40 JavaThread "JavaFX-Launcher" [_thread_blocked, id=18592, stack(0x000000e80ed00000,0x000000e80ee00000)]
  0x0000025efe9e3510 JavaThread "Prism Font Disposer" daemon [_thread_blocked, id=11412, stack(0x000000e80f800000,0x000000e80f900000)]
  0x0000025efe9e2a70 JavaThread "Cleaner-0" daemon [_thread_blocked, id=16712, stack(0x000000e80f900000,0x000000e80fa00000)]
  0x0000025efe9e3a60 JavaThread "mysql-cj-abandoned-connection-cleanup" daemon [_thread_blocked, id=7860, stack(0x000000e80f300000,0x000000e80f400000)]
  0x0000025efe9e0a90 JavaThread "SIGINT handler" daemon [_thread_blocked, id=11436, stack(0x000000e80fd00000,0x000000e80fe00000)]

Other Threads:
=>0x0000025efd1c0aa0 VMThread "VM Thread" [stack: 0x000000e80d900000,0x000000e80da00000] [id=3068]
  0x0000025eeccdac80 WorkerThread "GC Thread#0" [stack: 0x000000e80d400000,0x000000e80d500000] [id=23768]
  0x0000025efe2ea390 WorkerThread "GC Thread#1" [stack: 0x000000e80ee00000,0x000000e80ef00000] [id=17592]
  0x0000025efe1db4e0 WorkerThread "GC Thread#2" [stack: 0x000000e80ef00000,0x000000e80f000000] [id=20748]
  0x0000025efe17ec90 WorkerThread "GC Thread#3" [stack: 0x000000e80f000000,0x000000e80f100000] [id=24088]
  0x0000025efe33f9f0 WorkerThread "GC Thread#4" [stack: 0x000000e80f100000,0x000000e80f200000] [id=17336]
  0x0000025efe33ddd0 WorkerThread "GC Thread#5" [stack: 0x000000e80f200000,0x000000e80f300000] [id=21580]
  0x0000025efe33e0a0 WorkerThread "GC Thread#6" [stack: 0x000000e80ff00000,0x000000e810000000] [id=17960]
  0x0000025efe33eeb0 WorkerThread "GC Thread#7" [stack: 0x000000e810000000,0x000000e810100000] [id=15388]
  0x0000025eeccebb30 ConcurrentGCThread "G1 Main Marker" terminated
  0x0000025eeccecd00 WorkerThread "G1 Conc#0" [stack: 0x000000e80d600000,0x000000e80d700000] [id=24136]
  0x0000025efe33e910 WorkerThread "G1 Conc#1" [stack: 0x000000e810100000,0x000000e810200000] [id=25044]
  0x0000025eecd3ec50 ConcurrentGCThread "G1 Refine#0" terminated
  0x0000025efd081730 ConcurrentGCThread "G1 Service" terminated

Threads with active compile tasks:
C1 CompilerThread0    35318 4109   !   3       java.util.concurrent.locks.AbstractQueuedSynchronizer::acquire (424 bytes)

VM state: at safepoint (shutting down)

VM Mutex/Monitor currently owned by a thread:  ([mutex/lock_event])
[0x0000025eecc64730] Threads_lock - owner thread: 0x0000025efd1c0aa0
[0x0000025eecc67dc0] Heap_lock - owner thread: 0x0000025efe9e0a90

Heap address: 0x0000000702000000, size: 4064 MB, Compressed Oops mode: Zero based, Oop shift amount: 3

CDS archive(s) mapped at: [0x0000000800000000-0x0000000800c60000-0x0000000800c60000), size 12976128, SharedBaseAddress: 0x0000000800000000, ArchiveRelocationMode: 0.
Compressed class space mapped at: 0x0000000801000000-0x0000000841000000, reserved size: 1073741824
Narrow klass base: 0x0000000800000000, Narrow klass shift: 0, Narrow klass range: 0x100000000

GC Precious Log:
 CardTable entry size: 512
 Card Set container configuration: InlinePtr #cards 4 size 8 Array Of Cards #cards 16 size 48 Howl #buckets 8 coarsen threshold 3686 Howl Bitmap #cards 512 size 80 coarsen threshold 460 Card regions per heap region 1 cards per card region 4096
 CPUs: 8 total, 8 available
 Memory: 16254M
 Large Page Support: Disabled
 NUMA Support: Disabled
 Compressed Oops: Enabled (Zero based)
 Heap Region Size: 2M
 Heap Min Capacity: 8M
 Heap Initial Capacity: 254M
 Heap Max Capacity: 4064M
 Pre-touch: Disabled
 Parallel Workers: 8
 Concurrent Workers: 2
 Concurrent Refinement Workers: 8
 Periodic GC: Disabled

Heap:
 garbage-first heap   total 55296K, used 17072K [0x0000000702000000, 0x0000000800000000)
  region size 2048K, 3 young (6144K), 2 survivors (4096K)
 Metaspace       used 25910K, committed 26304K, reserved 1114112K
  class space    used 3432K, committed 3584K, reserved 1048576K

Heap Regions: E=young(eden), S=young(survivor), O=old, HS=humongous(starts), HC=humongous(continues), CS=collection set, F=free, OA=open archive, CA=closed archive, TAMS=top-at-mark-start, PB=parsable bottom
|   0|0x0000000702000000, 0x0000000702200000, 0x0000000702200000|100%|HS|  |TAMS 0x0000000702000000| PB 0x0000000702000000| Complete 
|   1|0x0000000702200000, 0x0000000702400000, 0x0000000702400000|100%| O|  |TAMS 0x0000000702200000| PB 0x0000000702200000| Untracked 
|   2|0x0000000702400000, 0x0000000702408200, 0x0000000702600000|  1%| O|  |TAMS 0x0000000702400000| PB 0x0000000702400000| Complete 
|   3|0x0000000702600000, 0x0000000702800000, 0x0000000702800000|100%| O|  |TAMS 0x0000000702600000| PB 0x0000000702600000| Untracked 
|   4|0x0000000702800000, 0x0000000702a00000, 0x0000000702a00000|100%| O|  |TAMS 0x0000000702800000| PB 0x0000000702800000| Untracked 
|   5|0x0000000702a00000, 0x0000000702c00000, 0x0000000702c00000|100%| O|  |TAMS 0x0000000702a00000| PB 0x0000000702a00000| Untracked 
|   6|0x0000000702c00000, 0x0000000702e00000, 0x0000000702e00000|100%| O|  |TAMS 0x0000000702c00000| PB 0x0000000702c00000| Untracked 
|   7|0x0000000702e00000, 0x0000000702ea4000, 0x0000000703000000| 32%| O|  |TAMS 0x0000000702e00000| PB 0x0000000702e00000| Untracked 
|   8|0x0000000703000000, 0x0000000703000000, 0x0000000703200000|  0%| F|  |TAMS 0x0000000703000000| PB 0x0000000703000000| Untracked 
|   9|0x0000000703200000, 0x0000000703400000, 0x0000000703400000|100%| S|CS|TAMS 0x0000000703200000| PB 0x0000000703200000| Complete 
|  10|0x0000000703400000, 0x0000000703600000, 0x0000000703600000|100%| S|CS|TAMS 0x0000000703400000| PB 0x0000000703400000| Complete 
|  11|0x0000000703600000, 0x0000000703600000, 0x0000000703800000|  0%| F|  |TAMS 0x0000000703600000| PB 0x0000000703600000| Untracked 
|  12|0x0000000703800000, 0x0000000703800000, 0x0000000703a00000|  0%| F|  |TAMS 0x0000000703800000| PB 0x0000000703800000| Untracked 
|  13|0x0000000703a00000, 0x0000000703a00000, 0x0000000703c00000|  0%| F|  |TAMS 0x0000000703a00000| PB 0x0000000703a00000| Untracked 
|  14|0x0000000703c00000, 0x0000000703c00000, 0x0000000703e00000|  0%| F|  |TAMS 0x0000000703c00000| PB 0x0000000703c00000| Untracked 
|  15|0x0000000703e00000, 0x0000000703e00000, 0x0000000704000000|  0%| F|  |TAMS 0x0000000703e00000| PB 0x0000000703e00000| Untracked 
|  16|0x0000000704000000, 0x0000000704000000, 0x0000000704200000|  0%| F|  |TAMS 0x0000000704000000| PB 0x0000000704000000| Untracked 
|  17|0x0000000704200000, 0x0000000704200000, 0x0000000704400000|  0%| F|  |TAMS 0x0000000704200000| PB 0x0000000704200000| Untracked 
|  18|0x0000000704400000, 0x0000000704400000, 0x0000000704600000|  0%| F|  |TAMS 0x0000000704400000| PB 0x0000000704400000| Untracked 
|  19|0x0000000704600000, 0x0000000704600000, 0x0000000704800000|  0%| F|  |TAMS 0x0000000704600000| PB 0x0000000704600000| Untracked 
|  20|0x0000000704800000, 0x0000000704800000, 0x0000000704a00000|  0%| F|  |TAMS 0x0000000704800000| PB 0x0000000704800000| Untracked 
|  21|0x0000000704a00000, 0x0000000704a00000, 0x0000000704c00000|  0%| F|  |TAMS 0x0000000704a00000| PB 0x0000000704a00000| Untracked 
| 118|0x0000000710c00000, 0x0000000710c00000, 0x0000000710e00000|  0%| F|  |TAMS 0x0000000710c00000| PB 0x0000000710c00000| Untracked 
| 119|0x0000000710e00000, 0x0000000710e00000, 0x0000000711000000|  0%| F|  |TAMS 0x0000000710e00000| PB 0x0000000710e00000| Untracked 
| 120|0x0000000711000000, 0x0000000711000000, 0x0000000711200000|  0%| F|  |TAMS 0x0000000711000000| PB 0x0000000711000000| Untracked 
| 121|0x0000000711200000, 0x0000000711200000, 0x0000000711400000|  0%| F|  |TAMS 0x0000000711200000| PB 0x0000000711200000| Untracked 
| 126|0x0000000711c00000, 0x0000000711c9c408, 0x0000000711e00000| 30%| E|  |TAMS 0x0000000711c00000| PB 0x0000000711c00000| Complete 

Card table byte_map: [0x0000025ef5850000,0x0000025ef6040000] _byte_map_base: 0x0000025ef2040000

Marking Bits: (CMBitMap*) 0x0000025eeccdb2b0
 Bits: [0x0000025ef6830000, 0x0000025efa7b0000)

Polling page: 0x0000025eeab60000

Metaspace:

Usage:
  Non-class:     21.95 MB used.
      Class:      3.35 MB used.
       Both:     25.30 MB used.

Virtual space:
  Non-class space:       64.00 MB reserved,      22.19 MB ( 35%) committed,  1 nodes.
      Class space:        1.00 GB reserved,       3.50 MB ( <1%) committed,  1 nodes.
             Both:        1.06 GB reserved,      25.69 MB (  2%) committed. 

Chunk freelists:
   Non-Class:  1.86 MB
       Class:  461.00 KB
        Both:  2.31 MB

MaxMetaspaceSize: unlimited
CompressedClassSpaceSize: 1.00 GB
Initial GC threshold: 21.00 MB
Current GC threshold: 35.12 MB
CDS: on
MetaspaceReclaimPolicy: balanced
 - commit_granule_bytes: 65536.
 - commit_granule_words: 8192.
 - virtual_space_node_default_size: 8388608.
 - enlarge_chunks_in_place: 1.
 - new_chunks_are_fully_committed: 0.
 - uncommit_free_chunks: 1.
 - use_allocation_guard: 0.


Internal statistics:

num_allocs_failed_limit: 3.
num_arena_births: 400.
num_arena_deaths: 0.
num_vsnodes_births: 2.
num_vsnodes_deaths: 0.
num_space_committed: 411.
num_space_uncommitted: 0.
num_chunks_returned_to_freelist: 3.
num_chunks_taken_from_freelist: 1150.
num_chunk_merges: 0.
num_chunk_splits: 779.
num_chunks_enlarged: 574.
num_inconsistent_stats: 0.

CodeHeap 'non-profiled nmethods': size=120000Kb used=1827Kb max_used=1827Kb free=118172Kb
 bounds [0x0000025e87ad0000, 0x0000025e87d40000, 0x0000025e8f000000]
CodeHeap 'profiled nmethods': size=120000Kb used=7876Kb max_used=7876Kb free=112123Kb
 bounds [0x0000025e80000000, 0x0000025e807c0000, 0x0000025e87530000]
CodeHeap 'non-nmethods': size=5760Kb used=1960Kb max_used=2006Kb free=3799Kb
 bounds [0x0000025e87530000, 0x0000025e877a0000, 0x0000025e87ad0000]
 total_blobs=5002 nmethods=4105 adapters=806
 compilation: enabled
              stopped_count=0, restarted_count=0
 full_count=0

Compilation events (20 events):
Event: 24.311 Thread 0x0000025efd1fb970 4102       3       com.sun.prism.d3d.D3DTexture::update (425 bytes)
Event: 24.312 Thread 0x0000025efd1fb970 nmethod 4102 0x0000025e807a7510 code [0x0000025e807a77e0, 0x0000025e807a90d8]
Event: 24.312 Thread 0x0000025efd1fb970 4103       3       com.sun.prism.impl.BaseTexture::checkUpdateParams (322 bytes)
Event: 24.313 Thread 0x0000025efd1fb970 nmethod 4103 0x0000025e807a9690 code [0x0000025e807a99c0, 0x0000025e807aac60]
Event: 24.313 Thread 0x0000025efd1fb970 4104       3       com.sun.prism.d3d.D3DTexture::update (216 bytes)
Event: 24.315 Thread 0x0000025efd1fb970 nmethod 4104 0x0000025e807ab490 code [0x0000025e807ab8c0, 0x0000025e807ae1e0]
Event: 24.315 Thread 0x0000025efd1fb970 4107       3       com.sun.javafx.sg.prism.NGGroup::renderForcedContent (43 bytes)
Event: 24.315 Thread 0x0000025efd1fb970 nmethod 4107 0x0000025e807aee10 code [0x0000025e807af000, 0x0000025e807af6f8]
Event: 24.315 Thread 0x0000025efd1fb970 4106       3       com.sun.prism.d3d.D3DContext::updateCompositeMode (95 bytes)
Event: 24.316 Thread 0x0000025efd1fb970 nmethod 4106 0x0000025e807af910 code [0x0000025e807afae0, 0x0000025e807aff10]
Event: 24.424 Thread 0x0000025efd1faff0 nmethod 4053 0x0000025e87c90190 code [0x0000025e87c903e0, 0x0000025e87c94540]
Event: 24.424 Thread 0x0000025efd1faff0 4098       4       com.sun.marlin.MaskMarlinAlphaConsumer::setAndClearRelativeAlphas (263 bytes)
Event: 24.433 Thread 0x0000025efd1faff0 nmethod 4098 0x0000025e87c97b90 code [0x0000025e87c97d20, 0x0000025e87c98370]
Event: 24.433 Thread 0x0000025efd1faff0 4097       4       java.util.WeakHashMap::matchesKey (33 bytes)
Event: 24.434 Thread 0x0000025efd1faff0 nmethod 4097 0x0000025e87c98810 code [0x0000025e87c989a0, 0x0000025e87c98b28]
Event: 24.434 Thread 0x0000025efd1faff0 4079       4       com.sun.javafx.geom.transform.GeneralTransform3D::get (34 bytes)
Event: 24.434 Thread 0x0000025efd1faff0 nmethod 4079 0x0000025e87c98c90 code [0x0000025e87c98e00, 0x0000025e87c98ec8]
Event: 24.628 Thread 0x0000025efd1fb970 4108       3       javafx.scene.Node::updateLocalBounds (67 bytes)
Event: 24.628 Thread 0x0000025efd1fb970 nmethod 4108 0x0000025e807b0090 code [0x0000025e807b02c0, 0x0000025e807b0e08]
Event: 34.890 Thread 0x0000025efd1fb970 4109   !   3       java.util.concurrent.locks.AbstractQueuedSynchronizer::acquire (424 bytes)

GC Heap History (8 events):
Event: 0.986 GC heap before
{Heap before GC invocations=0 (full 0):
 garbage-first heap   total 260096K, used 20480K [0x0000000702000000, 0x0000000800000000)
  region size 2048K, 11 young (22528K), 0 survivors (0K)
 Metaspace       used 5128K, committed 5376K, reserved 1114112K
  class space    used 594K, committed 704K, reserved 1048576K
}
Event: 0.989 GC heap after
{Heap after GC invocations=1 (full 0):
 garbage-first heap   total 260096K, used 2898K [0x0000000702000000, 0x0000000800000000)
  region size 2048K, 2 young (4096K), 2 survivors (4096K)
 Metaspace       used 5128K, committed 5376K, reserved 1114112K
  class space    used 594K, committed 704K, reserved 1048576K
}
Event: 7.601 GC heap before
{Heap before GC invocations=1 (full 0):
 garbage-first heap   total 260096K, used 39762K [0x0000000702000000, 0x0000000800000000)
  region size 2048K, 20 young (40960K), 2 survivors (4096K)
 Metaspace       used 15794K, committed 16192K, reserved 1114112K
  class space    used 2061K, committed 2240K, reserved 1048576K
}
Event: 7.609 GC heap after
{Heap after GC invocations=2 (full 0):
 garbage-first heap   total 260096K, used 10272K [0x0000000702000000, 0x0000000800000000)
  region size 2048K, 3 young (6144K), 3 survivors (6144K)
 Metaspace       used 15794K, committed 16192K, reserved 1114112K
  class space    used 2061K, committed 2240K, reserved 1048576K
}
Event: 8.068 GC heap before
{Heap before GC invocations=2 (full 0):
 garbage-first heap   total 260096K, used 18464K [0x0000000702000000, 0x0000000800000000)
  region size 2048K, 8 young (16384K), 3 survivors (6144K)
 Metaspace       used 21105K, committed 21504K, reserved 1114112K
  class space    used 2671K, committed 2880K, reserved 1048576K
}
Event: 8.075 GC heap after
{Heap after GC invocations=3 (full 0):
 garbage-first heap   total 260096K, used 12320K [0x0000000702000000, 0x0000000800000000)
  region size 2048K, 4 young (8192K), 4 survivors (8192K)
 Metaspace       used 21105K, committed 21504K, reserved 1114112K
  class space    used 2671K, committed 2880K, reserved 1048576K
}
Event: 34.879 GC heap before
{Heap before GC invocations=4 (full 0):
 garbage-first heap   total 55296K, used 34848K [0x0000000702000000, 0x0000000800000000)
  region size 2048K, 16 young (32768K), 4 survivors (8192K)
 Metaspace       used 25877K, committed 26240K, reserved 1114112K
  class space    used 3428K, committed 3584K, reserved 1048576K
}
Event: 34.889 GC heap after
{Heap after GC invocations=5 (full 0):
 garbage-first heap   total 55296K, used 17072K [0x0000000702000000, 0x0000000800000000)
  region size 2048K, 2 young (4096K), 2 survivors (4096K)
 Metaspace       used 25877K, committed 26240K, reserved 1114112K
  class space    used 3428K, committed 3584K, reserved 1048576K
}

Dll operation events (20 events):
Event: 0.678 Loaded shared library C:\Users\shara\.openjfx\cache\17.0.2-ea\api-ms-win-crt-heap-l1-1-0.dll
Event: 0.682 Loaded shared library C:\Users\shara\.openjfx\cache\17.0.2-ea\api-ms-win-crt-locale-l1-1-0.dll
Event: 0.685 Loaded shared library C:\Users\shara\.openjfx\cache\17.0.2-ea\api-ms-win-crt-math-l1-1-0.dll
Event: 0.689 Loaded shared library C:\Users\shara\.openjfx\cache\17.0.2-ea\api-ms-win-crt-multibyte-l1-1-0.dll
Event: 0.695 Loaded shared library C:\Users\shara\.openjfx\cache\17.0.2-ea\api-ms-win-crt-private-l1-1-0.dll
Event: 0.699 Loaded shared library C:\Users\shara\.openjfx\cache\17.0.2-ea\api-ms-win-crt-process-l1-1-0.dll
Event: 0.703 Loaded shared library C:\Users\shara\.openjfx\cache\17.0.2-ea\api-ms-win-crt-runtime-l1-1-0.dll
Event: 0.708 Loaded shared library C:\Users\shara\.openjfx\cache\17.0.2-ea\api-ms-win-crt-stdio-l1-1-0.dll
Event: 0.713 Loaded shared library C:\Users\shara\.openjfx\cache\17.0.2-ea\api-ms-win-crt-string-l1-1-0.dll
Event: 0.718 Loaded shared library C:\Users\shara\.openjfx\cache\17.0.2-ea\api-ms-win-crt-time-l1-1-0.dll
Event: 0.721 Loaded shared library C:\Users\shara\.openjfx\cache\17.0.2-ea\api-ms-win-crt-utility-l1-1-0.dll
Event: 0.743 Loaded shared library C:\Users\shara\.openjfx\cache\17.0.2-ea\ucrtbase.dll
Event: 0.747 Loaded shared library C:\Users\shara\.openjfx\cache\17.0.2-ea\vcruntime140.dll
Event: 0.751 Loaded shared library C:\Users\shara\.openjfx\cache\17.0.2-ea\vcruntime140_1.dll
Event: 0.762 Loaded shared library C:\Users\shara\.openjfx\cache\17.0.2-ea\msvcp140.dll
Event: 0.813 Loaded shared library C:\Users\shara\.openjfx\cache\17.0.2-ea\prism_d3d.dll
Event: 0.850 Loaded shared library C:\Users\shara\.openjfx\cache\17.0.2-ea\glass.dll
Event: 0.981 Loaded shared library C:\Users\shara\.jdks\openjdk-20.0.1\bin\jimage.dll
Event: 1.218 Loaded shared library C:\Users\shara\.openjfx\cache\17.0.2-ea\javafx_font.dll
Event: 7.757 Loaded shared library C:\Users\shara\.jdks\openjdk-20.0.1\bin\sunmscapi.dll

Deoptimization events (20 events):
Event: 13.931 Thread 0x0000025efdecaab0 DEOPT PACKING pc=0x0000025e87c5dc58 sp=0x000000e80e8f7f10
Event: 13.931 Thread 0x0000025efdecaab0 DEOPT UNPACKING pc=0x0000025e87599d22 sp=0x000000e80e8f7ea8 mode 2
Event: 13.979 Thread 0x0000025efe0fe440 Uncommon trap: trap_request=0xffffff45 fr.pc=0x0000025e87c5f01c relative=0x000000000000009c
Event: 13.979 Thread 0x0000025efe0fe440 Uncommon trap: reason=unstable_if action=reinterpret pc=0x0000025e87c5f01c method=com.sun.javafx.geom.RectBounds.isEmpty()Z @ 21 c2
Event: 13.979 Thread 0x0000025efe0fe440 DEOPT PACKING pc=0x0000025e87c5f01c sp=0x000000e80e3fd7a0
Event: 13.979 Thread 0x0000025efe0fe440 DEOPT UNPACKING pc=0x0000025e87599d22 sp=0x000000e80e3fd730 mode 2
Event: 13.991 Thread 0x0000025efe0fe440 Uncommon trap: trap_request=0xffffff45 fr.pc=0x0000025e87bb3330 relative=0x0000000000000410
Event: 13.991 Thread 0x0000025efe0fe440 Uncommon trap: reason=unstable_if action=reinterpret pc=0x0000025e87bb3330 method=com.sun.marlin.MaskMarlinAlphaConsumer.setAndClearRelativeAlphas([IIII)V @ 69 c2
Event: 13.991 Thread 0x0000025efe0fe440 DEOPT PACKING pc=0x0000025e87bb3330 sp=0x000000e80e3fcee0
Event: 13.991 Thread 0x0000025efe0fe440 DEOPT UNPACKING pc=0x0000025e87599d22 sp=0x000000e80e3fce18 mode 2
Event: 24.286 Thread 0x0000025efe0fe440 DEOPT PACKING pc=0x0000025e80756e03 sp=0x000000e80e3fde60
Event: 24.286 Thread 0x0000025efe0fe440 DEOPT UNPACKING pc=0x0000025e8759a4c2 sp=0x000000e80e3fd310 mode 0
Event: 24.286 Thread 0x0000025efe0fe440 DEOPT PACKING pc=0x0000025e803c0fc9 sp=0x000000e80e3fdf80
Event: 24.286 Thread 0x0000025efe0fe440 DEOPT UNPACKING pc=0x0000025e8759a4c2 sp=0x000000e80e3fd3b8 mode 0
Event: 24.305 Thread 0x0000025efe0fe440 DEOPT PACKING pc=0x0000025e803c0fc9 sp=0x000000e80e3fcee0
Event: 24.305 Thread 0x0000025efe0fe440 DEOPT UNPACKING pc=0x0000025e8759a4c2 sp=0x000000e80e3fc318 mode 0
Event: 24.310 Thread 0x0000025efe0fe440 DEOPT PACKING pc=0x0000025e80756e03 sp=0x000000e80e3fde30
Event: 24.310 Thread 0x0000025efe0fe440 DEOPT UNPACKING pc=0x0000025e8759a4c2 sp=0x000000e80e3fd2e0 mode 0
Event: 24.310 Thread 0x0000025efe0fe440 DEOPT PACKING pc=0x0000025e803c0fc9 sp=0x000000e80e3fdf50
Event: 24.310 Thread 0x0000025efe0fe440 DEOPT UNPACKING pc=0x0000025e8759a4c2 sp=0x000000e80e3fd388 mode 0

Classes loaded (20 events):
Event: 8.491 Loading class java/text/BreakIterator
Event: 8.492 Loading class java/text/BreakIterator done
Event: 8.492 Loading class sun/util/locale/provider/BreakIteratorProviderImpl
Event: 8.494 Loading class sun/util/locale/provider/BreakIteratorProviderImpl done
Event: 8.494 Loading class sun/util/locale/provider/BreakIteratorProviderImpl$GraphemeBreakIterator
Event: 8.495 Loading class sun/util/locale/provider/BreakIteratorProviderImpl$GraphemeBreakIterator done
Event: 8.495 Loading class java/text/StringCharacterIterator
Event: 8.495 Loading class java/text/StringCharacterIterator done
Event: 8.495 Loading class sun/util/locale/provider/BreakIteratorProviderImpl$CharacterIteratorCharSequence
Event: 8.495 Loading class sun/util/locale/provider/BreakIteratorProviderImpl$CharacterIteratorCharSequence done
Event: 8.495 Loading class java/text/BreakIterator$BreakIteratorCache
Event: 8.495 Loading class java/text/BreakIterator$BreakIteratorCache done
Event: 34.879 Loading class jdk/internal/misc/Signal$1
Event: 34.879 Loading class jdk/internal/misc/Signal$1 done
Event: 34.890 Loading class sun/security/ssl/Alert
Event: 34.891 Loading class sun/security/ssl/Alert done
Event: 34.891 Loading class sun/security/ssl/Alert$AlertConsumer
Event: 34.891 Loading class sun/security/ssl/Alert$AlertConsumer done
Event: 34.891 Loading class sun/security/ssl/Alert$Level
Event: 34.892 Loading class sun/security/ssl/Alert$Level done

Classes unloaded (0 events):
No events

Classes redefined (0 events):
No events

Internal exceptions (20 events):
Event: 5.563 Thread 0x0000025efdecaab0 Exception <a 'java/lang/NoSuchMethodError'{0x000000070fcaa2a8}: 'java.lang.Object java.lang.invoke.Invokers$Holder.linkToTargetMethod(java.lang.Object, long, java.lang.Object)'> (0x000000070fcaa2a8) 
thrown [s\open\src\hotspot\share\interpreter\linkResolver.cpp, line 773]
Event: 7.460 Thread 0x0000025efdecaab0 Exception <a 'java/lang/ClassNotFoundException'{0x000000070fa737e0}: sun/util/logging/resources/spi/loggingProvider> (0x000000070fa737e0) 
thrown [s\open\src\hotspot\share\classfile\systemDictionary.cpp, line 305]
Event: 7.533 Thread 0x0000025efdecaab0 Exception <a 'sun/nio/fs/WindowsException'{0x000000070f9a4d38}> (0x000000070f9a4d38) 
thrown [s\open\src\hotspot\share\prims\jni.cpp, line 519]
Event: 7.554 Thread 0x0000025efdecaab0 Exception <a 'java/lang/NoSuchMethodError'{0x000000070f68c008}: 'java.lang.Object java.lang.invoke.DirectMethodHandle$Holder.invokeInterface(java.lang.Object, java.lang.Object)'> (0x000000070f68c008) 
thrown [s\open\src\hotspot\share\interpreter\linkResolver.cpp, line 773]
Event: 7.555 Thread 0x0000025efdecaab0 Exception <a 'sun/nio/fs/WindowsException'{0x000000070f696070}> (0x000000070f696070) 
thrown [s\open\src\hotspot\share\prims\jni.cpp, line 519]
Event: 7.556 Thread 0x0000025efdecaab0 Exception <a 'sun/nio/fs/WindowsException'{0x000000070f698488}> (0x000000070f698488) 
thrown [s\open\src\hotspot\share\prims\jni.cpp, line 519]
Event: 7.564 Thread 0x0000025efdecaab0 Exception <a 'sun/nio/fs/WindowsException'{0x000000070f6f34b0}> (0x000000070f6f34b0) 
thrown [s\open\src\hotspot\share\prims\jni.cpp, line 519]
Event: 7.565 Thread 0x0000025efdecaab0 Exception <a 'sun/nio/fs/WindowsException'{0x000000070f6f5d60}> (0x000000070f6f5d60) 
thrown [s\open\src\hotspot\share\prims\jni.cpp, line 519]
Event: 7.571 Thread 0x0000025efdecaab0 Exception <a 'java/lang/NoSuchMethodError'{0x000000070f704d28}: 'java.lang.Object java.lang.invoke.DirectMethodHandle$Holder.invokeVirtual(java.lang.Object, java.lang.Object, java.lang.Object)'> (0x000000070f704d28) 
thrown [s\open\src\hotspot\share\interpreter\linkResolver.cpp, line 773]
Event: 7.652 Thread 0x0000025efdecaab0 Exception <a 'sun/nio/fs/WindowsException'{0x0000000711aa5528}> (0x0000000711aa5528) 
thrown [s\open\src\hotspot\share\prims\jni.cpp, line 519]
Event: 7.748 Thread 0x0000025efdecaab0 Exception <a 'sun/nio/fs/WindowsException'{0x00000007118e8298}> (0x00000007118e8298) 
thrown [s\open\src\hotspot\share\prims\jni.cpp, line 519]
Event: 7.797 Thread 0x0000025efdecaab0 Exception <a 'sun/nio/fs/WindowsException'{0x00000007119f5548}> (0x00000007119f5548) 
thrown [s\open\src\hotspot\share\prims\jni.cpp, line 519]
Event: 7.805 Thread 0x0000025efdecaab0 Exception <a 'sun/nio/fs/WindowsException'{0x000000071160a4f8}> (0x000000071160a4f8) 
thrown [s\open\src\hotspot\share\prims\jni.cpp, line 519]
Event: 7.858 Thread 0x0000025efdecaab0 Exception <a 'java/lang/NoSuchMethodError'{0x00000007116a5ec0}: 'java.lang.Object java.lang.invoke.DirectMethodHandle$Holder.invokeStaticInit(java.lang.Object, int, int, int, int)'> (0x00000007116a5ec0) 
thrown [s\open\src\hotspot\share\interpreter\linkResolver.cpp, line 773]
Event: 7.910 Thread 0x0000025efdecaab0 Exception <a 'java/lang/NoSuchMethodError'{0x0000000711762730}: 'java.lang.Object java.lang.invoke.DirectMethodHandle$Holder.invokeStaticInit(java.lang.Object, java.lang.Object, int, int, int, int)'> (0x0000000711762730) 
thrown [s\open\src\hotspot\share\interpreter\linkResolver.cpp, line 773]
Event: 8.275 Thread 0x0000025efdecaab0 Exception <a 'java/lang/ClassNotFoundException'{0x0000000704906268}: com/sun/javafx/scene/control/skin/resources/controls> (0x0000000704906268) 
thrown [s\open\src\hotspot\share\prims\jni.cpp, line 538]
Event: 8.276 Thread 0x0000025efdecaab0 Exception <a 'java/lang/ClassNotFoundException'{0x0000000704914858}: com/sun/javafx/scene/control/skin/resources/controls_en> (0x0000000704914858) 
thrown [s\open\src\hotspot\share\prims\jni.cpp, line 538]
Event: 8.276 Thread 0x0000025efdecaab0 Exception <a 'java/lang/ClassNotFoundException'{0x0000000704916018}: com/sun/javafx/scene/control/skin/resources/controls_en_GB> (0x0000000704916018) 
thrown [s\open\src\hotspot\share\prims\jni.cpp, line 538]
Event: 8.417 Thread 0x0000025efdecaab0 Exception <a 'java/lang/NoSuchMethodError'{0x00000007043b4af0}: 'void java.lang.invoke.DirectMethodHandle$Holder.invokeSpecial(java.lang.Object, java.lang.Object, java.lang.Object, java.lang.Object, java.lang.Object, java.lang.Object)'> (0x00000007043b4af0) 
thrown [s\open\src\hotspot\share\interpreter\linkResolver.cpp, line 773]
Event: 13.983 Thread 0x0000025efe0fe440 Exception <a 'java/lang/NoSuchMethodError'{0x000000070397e260}: 'java.lang.Object java.lang.invoke.DirectMethodHandle$Holder.invokeStaticInit(java.lang.Object, int)'> (0x000000070397e260) 
thrown [s\open\src\hotspot\share\interpreter\linkResolver.cpp, line 773]

VM Operations (20 events):
Event: 11.579 Executing VM operation: Cleanup done
Event: 12.580 Executing VM operation: Cleanup
Event: 12.580 Executing VM operation: Cleanup done
Event: 13.581 Executing VM operation: Cleanup
Event: 13.581 Executing VM operation: Cleanup done
Event: 15.581 Executing VM operation: Cleanup
Event: 15.581 Executing VM operation: Cleanup done
Event: 18.582 Executing VM operation: Cleanup
Event: 18.582 Executing VM operation: Cleanup done
Event: 19.583 Executing VM operation: Cleanup
Event: 19.583 Executing VM operation: Cleanup done
Event: 22.583 Executing VM operation: Cleanup
Event: 22.584 Executing VM operation: Cleanup done
Event: 23.584 Executing VM operation: Cleanup
Event: 23.584 Executing VM operation: Cleanup done
Event: 24.585 Executing VM operation: Cleanup
Event: 24.585 Executing VM operation: Cleanup done
Event: 34.879 Executing VM operation: G1CollectForAllocation
Event: 34.889 Executing VM operation: G1CollectForAllocation done
Event: 34.892 Executing VM operation: Exit

Events (20 events):
Event: 0.941 Thread 0x0000025efdf2ee40 Thread added: 0x0000025efdf2ee40
Event: 1.242 Thread 0x0000025efe36a5a0 Thread added: 0x0000025efe36a5a0
Event: 1.245 Thread 0x0000025efe3ba090 Thread added: 0x0000025efe3ba090
Event: 1.616 Thread 0x0000025efe9e3510 Thread added: 0x0000025efe9e3510
Event: 1.821 Thread 0x0000025efe9e2a70 Thread added: 0x0000025efe9e2a70
Event: 2.416 Thread 0x0000025efe3ba090 Thread exited: 0x0000025efe3ba090
Event: 2.436 Thread 0x0000025efe36a5a0 Thread exited: 0x0000025efe36a5a0
Event: 7.530 Thread 0x0000025efe9e3a60 Thread added: 0x0000025efe9e3a60
Event: 7.563 Thread 0x0000025e9956f8e0 Thread added: 0x0000025e9956f8e0
Event: 7.563 Thread 0x0000025efe9f8d60 Thread added: 0x0000025efe9f8d60
Event: 10.252 Thread 0x0000025efe9f8d60 Thread exited: 0x0000025efe9f8d60
Event: 10.252 Thread 0x0000025e9956f8e0 Thread exited: 0x0000025e9956f8e0
Event: 13.925 Thread 0x0000025efe9f8d60 Thread added: 0x0000025efe9f8d60
Event: 14.668 Thread 0x0000025efe9f8d60 Thread exited: 0x0000025efe9f8d60
Event: 34.879 Thread 0x0000025efe9e0a90 Thread added: 0x0000025efe9e0a90
Event: 34.890 Thread 0x0000025efe9e0fe0 Thread added: 0x0000025efe9e0fe0
Event: 34.890 Thread 0x0000025efe9e1a80 Thread added: 0x0000025efe9e1a80
Event: 34.890 Thread 0x0000025efe9e1a80 Thread exited: 0x0000025efe9e1a80
Event: 34.892 Thread 0x0000025efe9e0fe0 Thread exited: 0x0000025efe9e0fe0
Event: 34.892 Thread 0x0000025efd1e48c0 Thread exited: 0x0000025efd1e48c0


Dynamic libraries:
0x00007ff71ea20000 - 0x00007ff71ea2e000 	C:\Users\shara\.jdks\openjdk-20.0.1\bin\java.exe
0x00007ff890df0000 - 0x00007ff890fe8000 	C:\WINDOWS\SYSTEM32\ntdll.dll
0x00007ff88fb30000 - 0x00007ff88fbef000 	C:\WINDOWS\System32\KERNEL32.DLL
0x00007ff88e4d0000 - 0x00007ff88e7c6000 	C:\WINDOWS\System32\KERNELBASE.dll
0x00007ff88ec00000 - 0x00007ff88ed00000 	C:\WINDOWS\System32\ucrtbase.dll
0x00007ff870030000 - 0x00007ff870047000 	C:\Users\shara\.jdks\openjdk-20.0.1\bin\jli.dll
0x00007ff890b70000 - 0x00007ff890d0d000 	C:\WINDOWS\System32\USER32.dll
0x00007ff88ed00000 - 0x00007ff88ed22000 	C:\WINDOWS\System32\win32u.dll
0x00007ff8909c0000 - 0x00007ff8909ec000 	C:\WINDOWS\System32\GDI32.dll
0x00007ff88eae0000 - 0x00007ff88ebf5000 	C:\WINDOWS\System32\gdi32full.dll
0x00007ff88e7d0000 - 0x00007ff88e86d000 	C:\WINDOWS\System32\msvcp_win.dll
0x00007ff86e950000 - 0x00007ff86e96b000 	C:\Users\shara\.jdks\openjdk-20.0.1\bin\VCRUNTIME140.dll
0x00007ff88db80000 - 0x00007ff88de1a000 	C:\WINDOWS\WinSxS\amd64_microsoft.windows.common-controls_6595b64144ccf1df_6.0.19041.1110_none_60b5254171f9507e\COMCTL32.dll
0x00007ff890030000 - 0x00007ff8900ce000 	C:\WINDOWS\System32\msvcrt.dll
0x00007ff88ff70000 - 0x00007ff88ffa0000 	C:\WINDOWS\System32\IMM32.DLL
0x00007ff872110000 - 0x00007ff87211c000 	C:\Users\shara\.jdks\openjdk-20.0.1\bin\vcruntime140_1.dll
0x00007ff861680000 - 0x00007ff86170e000 	C:\Users\shara\.jdks\openjdk-20.0.1\bin\msvcp140.dll
0x00007ff845810000 - 0x00007ff8464a7000 	C:\Users\shara\.jdks\openjdk-20.0.1\bin\server\jvm.dll
0x00007ff88fbf0000 - 0x00007ff88fc9f000 	C:\WINDOWS\System32\ADVAPI32.dll
0x00007ff890d10000 - 0x00007ff890dac000 	C:\WINDOWS\System32\sechost.dll
0x00007ff88f920000 - 0x00007ff88fa46000 	C:\WINDOWS\System32\RPCRT4.dll
0x00007ff872e00000 - 0x00007ff872e09000 	C:\WINDOWS\SYSTEM32\WSOCK32.dll
0x00007ff88ffc0000 - 0x00007ff89002b000 	C:\WINDOWS\System32\WS2_32.dll
0x00007ff8704e0000 - 0x00007ff870507000 	C:\WINDOWS\SYSTEM32\WINMM.dll
0x00007ff884e70000 - 0x00007ff884e7a000 	C:\WINDOWS\SYSTEM32\VERSION.dll
0x00007ff88c6a0000 - 0x00007ff88c6b2000 	C:\WINDOWS\SYSTEM32\kernel.appcore.dll
0x00007ff870a00000 - 0x00007ff870a0a000 	C:\Users\shara\.jdks\openjdk-20.0.1\bin\jimage.dll
0x00007ff88df50000 - 0x00007ff88e134000 	C:\WINDOWS\SYSTEM32\DBGHELP.DLL
0x00007ff88de40000 - 0x00007ff88de74000 	C:\WINDOWS\SYSTEM32\dbgcore.DLL
0x00007ff88e870000 - 0x00007ff88e8f2000 	C:\WINDOWS\System32\bcryptPrimitives.dll
0x00007ff888f20000 - 0x00007ff888f2e000 	C:\Users\shara\.jdks\openjdk-20.0.1\bin\instrument.dll
0x00007ff86dde0000 - 0x00007ff86de06000 	C:\Users\shara\.jdks\openjdk-20.0.1\bin\java.dll
0x00007ff84dd30000 - 0x00007ff84de07000 	C:\Users\shara\.jdks\openjdk-20.0.1\bin\jsvml.dll
0x00007ff88efb0000 - 0x00007ff88f6f4000 	C:\WINDOWS\System32\SHELL32.dll
0x00007ff88b860000 - 0x00007ff88bff3000 	C:\WINDOWS\SYSTEM32\windows.storage.dll
0x00007ff8900d0000 - 0x00007ff890424000 	C:\WINDOWS\System32\combase.dll
0x00007ff88d7f0000 - 0x00007ff88d81e000 	C:\WINDOWS\SYSTEM32\Wldp.dll
0x00007ff8909f0000 - 0x00007ff890a9d000 	C:\WINDOWS\System32\SHCORE.dll
0x00007ff88ef50000 - 0x00007ff88efa5000 	C:\WINDOWS\System32\shlwapi.dll
0x00007ff88e410000 - 0x00007ff88e42f000 	C:\WINDOWS\SYSTEM32\profapi.dll
0x00007ff86e930000 - 0x00007ff86e943000 	C:\Users\shara\.jdks\openjdk-20.0.1\bin\net.dll
0x00007ff883090000 - 0x00007ff88319a000 	C:\WINDOWS\SYSTEM32\WINHTTP.dll
0x00007ff88d510000 - 0x00007ff88d57a000 	C:\WINDOWS\system32\mswsock.dll
0x00007ff86dc50000 - 0x00007ff86dc66000 	C:\Users\shara\.jdks\openjdk-20.0.1\bin\nio.dll
0x00007ff86dc30000 - 0x00007ff86dc48000 	C:\Users\shara\.jdks\openjdk-20.0.1\bin\zip.dll
0x00007ff86dda0000 - 0x00007ff86ddba000 	C:\Program Files\JetBrains\IntelliJ IDEA 2022.3.3\bin\breakgen64.dll
0x0000025efef20000 - 0x0000025efef23000 	C:\Users\shara\.openjfx\cache\17.0.2-ea\api-ms-win-core-console-l1-1-0.dll
0x0000025efef30000 - 0x0000025efef33000 	C:\Users\shara\.openjfx\cache\17.0.2-ea\api-ms-win-core-console-l1-2-0.dll
0x0000025efef40000 - 0x0000025efef43000 	C:\Users\shara\.openjfx\cache\17.0.2-ea\api-ms-win-core-datetime-l1-1-0.dll
0x0000025efef50000 - 0x0000025efef53000 	C:\Users\shara\.openjfx\cache\17.0.2-ea\api-ms-win-core-debug-l1-1-0.dll
0x0000025efef60000 - 0x0000025efef63000 	C:\Users\shara\.openjfx\cache\17.0.2-ea\api-ms-win-core-errorhandling-l1-1-0.dll
0x0000025efef70000 - 0x0000025efef74000 	C:\Users\shara\.openjfx\cache\17.0.2-ea\api-ms-win-core-file-l1-1-0.dll
0x0000025efef80000 - 0x0000025efef83000 	C:\Users\shara\.openjfx\cache\17.0.2-ea\api-ms-win-core-file-l1-2-0.dll
0x0000025efef90000 - 0x0000025efef93000 	C:\Users\shara\.openjfx\cache\17.0.2-ea\api-ms-win-core-file-l2-1-0.dll
0x0000025efefa0000 - 0x0000025efefa3000 	C:\Users\shara\.openjfx\cache\17.0.2-ea\api-ms-win-core-handle-l1-1-0.dll
0x0000025efefb0000 - 0x0000025efefb3000 	C:\Users\shara\.openjfx\cache\17.0.2-ea\api-ms-win-core-heap-l1-1-0.dll
0x0000025efefc0000 - 0x0000025efefc3000 	C:\Users\shara\.openjfx\cache\17.0.2-ea\api-ms-win-core-interlocked-l1-1-0.dll
0x0000025efefd0000 - 0x0000025efefd3000 	C:\Users\shara\.openjfx\cache\17.0.2-ea\api-ms-win-core-libraryloader-l1-1-0.dll
0x0000025efefe0000 - 0x0000025efefe3000 	C:\Users\shara\.openjfx\cache\17.0.2-ea\api-ms-win-core-localization-l1-2-0.dll
0x0000025efeff0000 - 0x0000025efeff3000 	C:\Users\shara\.openjfx\cache\17.0.2-ea\api-ms-win-core-memory-l1-1-0.dll
0x0000025eff000000 - 0x0000025eff003000 	C:\Users\shara\.openjfx\cache\17.0.2-ea\api-ms-win-core-namedpipe-l1-1-0.dll
0x0000025eff010000 - 0x0000025eff013000 	C:\Users\shara\.openjfx\cache\17.0.2-ea\api-ms-win-core-processenvironment-l1-1-0.dll
0x0000025eff020000 - 0x0000025eff023000 	C:\Users\shara\.openjfx\cache\17.0.2-ea\api-ms-win-core-processthreads-l1-1-0.dll
0x0000025eff030000 - 0x0000025eff033000 	C:\Users\shara\.openjfx\cache\17.0.2-ea\api-ms-win-core-processthreads-l1-1-1.dll
0x0000025eff040000 - 0x0000025eff043000 	C:\Users\shara\.openjfx\cache\17.0.2-ea\api-ms-win-core-profile-l1-1-0.dll
0x0000025eff050000 - 0x0000025eff053000 	C:\Users\shara\.openjfx\cache\17.0.2-ea\api-ms-win-core-rtlsupport-l1-1-0.dll
0x0000025eff060000 - 0x0000025eff063000 	C:\Users\shara\.openjfx\cache\17.0.2-ea\api-ms-win-core-string-l1-1-0.dll
0x0000025eff070000 - 0x0000025eff073000 	C:\Users\shara\.openjfx\cache\17.0.2-ea\api-ms-win-core-synch-l1-1-0.dll
0x0000025eff080000 - 0x0000025eff083000 	C:\Users\shara\.openjfx\cache\17.0.2-ea\api-ms-win-core-synch-l1-2-0.dll
0x0000025eff090000 - 0x0000025eff093000 	C:\Users\shara\.openjfx\cache\17.0.2-ea\api-ms-win-core-sysinfo-l1-1-0.dll
0x0000025eff0a0000 - 0x0000025eff0a3000 	C:\Users\shara\.openjfx\cache\17.0.2-ea\api-ms-win-core-timezone-l1-1-0.dll
0x0000025eff0b0000 - 0x0000025eff0b3000 	C:\Users\shara\.openjfx\cache\17.0.2-ea\api-ms-win-core-util-l1-1-0.dll
0x0000025eff0c0000 - 0x0000025eff0c3000 	C:\Users\shara\.openjfx\cache\17.0.2-ea\api-ms-win-crt-conio-l1-1-0.dll
0x0000025eff0d0000 - 0x0000025eff0d4000 	C:\Users\shara\.openjfx\cache\17.0.2-ea\api-ms-win-crt-convert-l1-1-0.dll
0x0000025eff0e0000 - 0x0000025eff0e3000 	C:\Users\shara\.openjfx\cache\17.0.2-ea\api-ms-win-crt-environment-l1-1-0.dll
0x0000025eff0f0000 - 0x0000025eff0f3000 	C:\Users\shara\.openjfx\cache\17.0.2-ea\api-ms-win-crt-filesystem-l1-1-0.dll
0x0000025eff100000 - 0x0000025eff103000 	C:\Users\shara\.openjfx\cache\17.0.2-ea\api-ms-win-crt-heap-l1-1-0.dll
0x0000025eff110000 - 0x0000025eff113000 	C:\Users\shara\.openjfx\cache\17.0.2-ea\api-ms-win-crt-locale-l1-1-0.dll
0x0000025eff120000 - 0x0000025eff125000 	C:\Users\shara\.openjfx\cache\17.0.2-ea\api-ms-win-crt-math-l1-1-0.dll
0x0000025eff130000 - 0x0000025eff135000 	C:\Users\shara\.openjfx\cache\17.0.2-ea\api-ms-win-crt-multibyte-l1-1-0.dll
0x0000025eff140000 - 0x0000025eff150000 	C:\Users\shara\.openjfx\cache\17.0.2-ea\api-ms-win-crt-private-l1-1-0.dll
0x0000025eff150000 - 0x0000025eff153000 	C:\Users\shara\.openjfx\cache\17.0.2-ea\api-ms-win-crt-process-l1-1-0.dll
0x0000025eff160000 - 0x0000025eff164000 	C:\Users\shara\.openjfx\cache\17.0.2-ea\api-ms-win-crt-runtime-l1-1-0.dll
0x0000025eff170000 - 0x0000025eff174000 	C:\Users\shara\.openjfx\cache\17.0.2-ea\api-ms-win-crt-stdio-l1-1-0.dll
0x0000025eff180000 - 0x0000025eff184000 	C:\Users\shara\.openjfx\cache\17.0.2-ea\api-ms-win-crt-string-l1-1-0.dll
0x0000025eff190000 - 0x0000025eff193000 	C:\Users\shara\.openjfx\cache\17.0.2-ea\api-ms-win-crt-time-l1-1-0.dll
0x0000025eff1a0000 - 0x0000025eff1a3000 	C:\Users\shara\.openjfx\cache\17.0.2-ea\api-ms-win-crt-utility-l1-1-0.dll
0x00007ff84a7c0000 - 0x00007ff84a8bc000 	C:\Users\shara\.openjfx\cache\17.0.2-ea\ucrtbase.dll
0x00007ff86b9f0000 - 0x00007ff86ba0a000 	C:\Users\shara\.openjfx\cache\17.0.2-ea\vcruntime140.dll
0x00007ff86bf40000 - 0x00007ff86bf4c000 	C:\Users\shara\.openjfx\cache\17.0.2-ea\vcruntime140_1.dll
0x00007ff860840000 - 0x00007ff8608cd000 	C:\Users\shara\.openjfx\cache\17.0.2-ea\msvcp140.dll
0x00007ff8681c0000 - 0x00007ff8681ea000 	C:\Users\shara\.openjfx\cache\17.0.2-ea\prism_d3d.dll
0x00007ff8739f0000 - 0x00007ff873bbd000 	C:\WINDOWS\system32\d3d9.dll
0x00007ff88b2c0000 - 0x00007ff88b2ef000 	C:\WINDOWS\SYSTEM32\dwmapi.dll
0x00007ff88b0e0000 - 0x00007ff88b17e000 	C:\WINDOWS\system32\uxtheme.dll
0x00007ff84a3b0000 - 0x00007ff84a558000 	C:\WINDOWS\System32\DriverStore\FileRepository\iigd_dch.inf_amd64_393549dac595e659\igdumdim64.dll
0x00007ff88fdb0000 - 0x00007ff88feda000 	C:\WINDOWS\System32\ole32.dll
0x00007fffca840000 - 0x00007fffce45f000 	C:\WINDOWS\System32\DriverStore\FileRepository\iigd_dch.inf_amd64_393549dac595e659\igd9dxva64.dll
0x00007ff890aa0000 - 0x00007ff890b6d000 	C:\WINDOWS\System32\OLEAUT32.dll
0x00007ff890550000 - 0x00007ff8909b8000 	C:\WINDOWS\System32\SETUPAPI.dll
0x00007ff88e900000 - 0x00007ff88e94e000 	C:\WINDOWS\System32\cfgmgr32.dll
0x00007ff88e950000 - 0x00007ff88e977000 	C:\WINDOWS\System32\bcrypt.dll
0x00007ff87f390000 - 0x00007ff87f758000 	C:\WINDOWS\System32\DriverStore\FileRepository\iigd_dch.inf_amd64_393549dac595e659\igdgmm64.dll
0x00007ff860f20000 - 0x00007ff860f62000 	C:\Users\shara\.openjfx\cache\17.0.2-ea\glass.dll
0x00007ff88ee50000 - 0x00007ff88ef2a000 	C:\WINDOWS\System32\COMDLG32.dll
0x00007ff890430000 - 0x00007ff890544000 	C:\WINDOWS\System32\MSCTF.dll
0x00007ff82de50000 - 0x00007ff82de77000 	C:\WINDOWS\System32\DriverStore\FileRepository\iigd_dch.inf_amd64_393549dac595e659\igdinfo64.dll
0x00007ff87bda0000 - 0x00007ff87f386000 	C:\WINDOWS\System32\DriverStore\FileRepository\iigd_dch.inf_amd64_393549dac595e659\igc64.dll
0x00007ff8805b0000 - 0x00007ff8805eb000 	C:\WINDOWS\SYSTEM32\dxcore.dll
0x00007ff8681a0000 - 0x00007ff8681b4000 	C:\Users\shara\.openjfx\cache\17.0.2-ea\javafx_font.dll
0x00007ff874bb0000 - 0x00007ff874e2f000 	C:\WINDOWS\SYSTEM32\dwrite.dll
0x00007ff88fca0000 - 0x00007ff88fd49000 	C:\WINDOWS\System32\clbcatq.dll
0x00007ff885b00000 - 0x00007ff885cb4000 	C:\WINDOWS\SYSTEM32\WindowsCodecs.dll
0x00007ff85a950000 - 0x00007ff85a98e000 	C:\WINDOWS\system32\dataexchange.dll
0x00007ff8896b0000 - 0x00007ff889913000 	C:\WINDOWS\system32\d3d11.dll
0x00007ff88a1c0000 - 0x00007ff88a3a3000 	C:\WINDOWS\system32\dcomp.dll
0x00007ff88c710000 - 0x00007ff88c803000 	C:\WINDOWS\system32\dxgi.dll
0x00007ff887a80000 - 0x00007ff887c87000 	C:\WINDOWS\system32\twinapi.appcore.dll
0x00007ff86b810000 - 0x00007ff86b844000 	C:\Program Files\Common Files\Microsoft Shared\Ink\rtscom.dll
0x00007ff878690000 - 0x00007ff878789000 	C:\WINDOWS\SYSTEM32\textinputframework.dll
0x00007ff88a880000 - 0x00007ff88abde000 	C:\WINDOWS\System32\CoreUIComponents.dll
0x00007ff88abe0000 - 0x00007ff88acd2000 	C:\WINDOWS\System32\CoreMessaging.dll
0x00007ff88e220000 - 0x00007ff88e253000 	C:\WINDOWS\SYSTEM32\ntmarta.dll
0x00007ff88a040000 - 0x00007ff88a194000 	C:\WINDOWS\SYSTEM32\wintypes.dll
0x00007ff889a20000 - 0x00007ff889fe0000 	C:\WINDOWS\SYSTEM32\d2d1.dll
0x00007ff881c50000 - 0x00007ff882346000 	C:\WINDOWS\SYSTEM32\D3D10Warp.dll
0x00007ff88d250000 - 0x00007ff88d31a000 	C:\WINDOWS\SYSTEM32\DNSAPI.dll
0x00007ff88d200000 - 0x00007ff88d23c000 	C:\WINDOWS\SYSTEM32\IPHLPAPI.DLL

dbghelp: loaded successfully - version: 4.0.5 - missing functions: none
symbol engine: initialized successfully - sym options: 0x614 - pdb path: .;C:\Users\shara\.jdks\openjdk-20.0.1\bin;C:\WINDOWS\SYSTEM32;C:\WINDOWS\WinSxS\amd64_microsoft.windows.common-controls_6595b64144ccf1df_6.0.19041.1110_none_60b5254171f9507e;C:\Users\shara\.jdks\openjdk-20.0.1\bin\server;C:\Program Files\JetBrains\IntelliJ IDEA 2022.3.3\bin;C:\Users\shara\.openjfx\cache\17.0.2-ea;C:\WINDOWS\System32\DriverStore\FileRepository\iigd_dch.inf_amd64_393549dac595e659;C:\Program Files\Common Files\Microsoft Shared\Ink

VM Arguments:
jvm_args: -javaagent:C:\Program Files\JetBrains\IntelliJ IDEA 2022.3.3\lib\idea_rt.jar=65238:C:\Program Files\JetBrains\IntelliJ IDEA 2022.3.3\bin -Dfile.encoding=UTF-8 -Dsun.stdout.encoding=UTF-8 -Dsun.stderr.encoding=UTF-8 --module-path=C:\Users\shara\.m2\repository\org\openjfx\javafx-base\17.0.2\javafx-base-17.0.2-win.jar;C:\Users\shara\.m2\repository\org\openjfx\javafx-fxml\17.0.2\javafx-fxml-17.0.2-win.jar;C:\Users\shara\.m2\repository\org\openjfx\javafx-controls\17.0.2\javafx-controls-17.0.2-win.jar;C:\Users\shara\IdeaProjects\Demo\target\classes;C:\Users\shara\.m2\repository\org\openjfx\javafx-graphics\17.0.2\javafx-graphics-17.0.2-win.jar -Djdk.module.main=sample.demo 
java_command: sample.demo/sample.demo.HelloApplication
java_class_path (initial): C:\Users\shara\.m2\repository\org\openjfx\javafx-controls\17.0.2\javafx-controls-17.0.2.jar;C:\Users\shara\.m2\repository\org\openjfx\javafx-graphics\17.0.2\javafx-graphics-17.0.2.jar;C:\Users\shara\.m2\repository\org\openjfx\javafx-base\17.0.2\javafx-base-17.0.2.jar;C:\Users\shara\.m2\repository\org\openjfx\javafx-fxml\17.0.2\javafx-fxml-17.0.2.jar;C:\Users\shara\.m2\repository\com\mysql\mysql-connector-j\8.0.33\mysql-connector-j-8.0.33.jar;C:\Users\shara\.m2\repository\com\google\protobuf\protobuf-java\3.21.9\protobuf-java-3.21.9.jar
Launcher Type: SUN_STANDARD

[Global flags]
     intx CICompilerCount                          = 4                                         {product} {ergonomic}
     uint ConcGCThreads                            = 2                                         {product} {ergonomic}
     uint G1ConcRefinementThreads                  = 8                                         {product} {ergonomic}
   size_t G1HeapRegionSize                         = 2097152                                   {product} {ergonomic}
    uintx GCDrainStackTargetSize                   = 64                                        {product} {ergonomic}
   size_t InitialHeapSize                          = 266338304                                 {product} {ergonomic}
   size_t MarkStackSize                            = 4194304                                   {product} {ergonomic}
   size_t MaxHeapSize                              = 4261412864                                {product} {ergonomic}
   size_t MaxNewSize                               = 2556428288                                {product} {ergonomic}
   size_t MinHeapDeltaBytes                        = 2097152                                   {product} {ergonomic}
   size_t MinHeapSize                              = 8388608                                   {product} {ergonomic}
    uintx NonNMethodCodeHeapSize                   = 5839372                                {pd product} {ergonomic}
    uintx NonProfiledCodeHeapSize                  = 122909434                              {pd product} {ergonomic}
    uintx ProfiledCodeHeapSize                     = 122909434                              {pd product} {ergonomic}
    uintx ReservedCodeCacheSize                    = 251658240                              {pd product} {ergonomic}
     bool SegmentedCodeCache                       = true                                      {product} {ergonomic}
   size_t SoftMaxHeapSize                          = 4261412864                             {manageable} {ergonomic}
     bool UseCompressedClassPointers               = true                           {product lp64_product} {ergonomic}
     bool UseCompressedOops                        = true                           {product lp64_product} {ergonomic}
     bool UseG1GC                                  = true                                      {product} {ergonomic}
     bool UseLargePagesIndividualAllocation        = false                                  {pd product} {ergonomic}

Logging:
Log output configuration:
 #0: stdout all=off uptime,level,tags foldmultilines=false
 #1: stderr all=off uptime,level,tags foldmultilines=false

Environment Variables:
PATH=C:\Users\shara\Downloads\CUserssharaDownloadsWINDOWS.X64_193000_db_home\bin;C:\Program Files\Java\jdk-11.0.2\bin;C:\WINDOWS\system32;C:\WINDOWS;C:\WINDOWS\System32\Wbem;C:\WINDOWS\System32\WindowsPowerShell\v1.0\;C:\WINDOWS\System32\OpenSSH\;C:\Program Files\Git\cmd;C:\Program Files\Git\mingw64\bin;C:\Program Files\Git\usr\bin;C:\wamp64\bin\php\php7.3.12;C:\Program Files\dotnet\;C:\Program Files\MySQL\MySQL Shell 8.0\bin\;C:\Users\shara\AppData\Local\Microsoft\WindowsApps;;C:\Program Files\JetBrains\IntelliJ IDEA Community Edition 2020.2.3\bin;;C:\Users\shara\.dotnet\tools;C:\Program Files\JetBrains\IntelliJ IDEA 2022.3.3\bin;
USERNAME=shara
OS=Windows_NT
PROCESSOR_IDENTIFIER=Intel64 Family 6 Model 142 Stepping 12, GenuineIntel
TMP=C:\Users\shara\AppData\Local\Temp
TEMP=C:\Users\shara\AppData\Local\Temp




---------------  S Y S T E M  ---------------

OS:
 Windows 10 , 64 bit Build 19041 (10.0.19041.3031)
OS uptime: 4 days 0:27 hours

CPU: total 8 (initial active 8) (4 cores per cpu, 2 threads per core) family 6 model 142 stepping 12 microcode 0xc6, cx8, cmov, fxsr, ht, mmx, 3dnowpref, sse, sse2, sse3, ssse3, sse4.1, sse4.2, popcnt, lzcnt, tsc, tscinvbit, avx, avx2, aes, erms, clmul, bmi1, bmi2, adx, fma, vzeroupper, clflush, clflushopt, rdtscp, f16c

Memory: 4k page, system-wide physical 16254M (6477M free)
TotalPageFile size 32638M (AvailPageFile size 14518M)
current process WorkingSet (physical memory assigned to process): 195M, peak: 212M
current process commit charge ("private bytes"): 230M, peak: 429M

vm_info: OpenJDK 64-Bit Server VM (20.0.1+9-29) for windows-amd64 JRE (20.0.1+9-29), built on 2023-03-07T13:56:11Z by "mach5one" with MS VC++ 17.1 (VS2022)

END.
